[I 2024-11-24 16:08:54,375] Trial 49 finished with value: 6.0 and parameters: {'x_0': 0, 'x_1': 2, 'x_2': -1, 'x_3': -1}. Best is trial 25 with value: 0.0.
[I 2024-11-24 16:08:54,379] Trial 49 finished with value: 5.0 and parameters: {'x_0': 0, 'x_1': 2, 'x_2': 1, 'x_3': 0}. Best is trial 29 with value: 0.0.
[I 2024-11-24 16:08:54,404] Trial 53 finished with value: 10.0 and parameters: {'x_0': 0, 'x_1': 0, 'x_2': -1, 'x_3': -3}. Best is trial 46 with value: 1.0.
[I 2024-11-24 16:08:54,414] Trial 47 finished with value: 2.0 and parameters: {'x_0': 0, 'x_1': -1, 'x_2': -1, 'x_3': 0}. Best is trial 16 with value: 0.0.
[I 2024-11-24 16:08:54,450] Trial 49 finished with value: 2.0 and parameters: {'x_0': 1, 'x_1': 0, 'x_2': -1, 'x_3': 0}. Best is trial 26 with value: 0.0.
[I 2024-11-24 16:08:54,452] Trial 47 finished with value: 5.0 and parameters: {'x_0': 1, 'x_1': 0, 'x_2': 2, 'x_3': 0}. Best is trial 21 with value: 0.0.
[I 2024-11-24 16:08:54,454] Trial 54 finished with value: 6.0 and parameters: {'x_0': 2, 'x_1': -1, 'x_2': 0, 'x_3': 1}. Best is trial 32 with value: 1.0.
[I 2024-11-24 16:08:54,473] Trial 49 finished with value: 6.0 and parameters: {'x_0': 0, 'x_1': 1, 'x_2': 1, 'x_3': 2}. Best is trial 42 with value: 1.0.
[I 2024-11-24 16:08:54,478] Trial 56 finished with value: 5.0 and parameters: {'x_0': -1, 'x_1': 0, 'x_2': 0, 'x_3': 2}. Best is trial 41 with value: 0.0.
[I 2024-11-24 16:08:54,489] Trial 51 finished with value: 2.0 and parameters: {'x_0': 0, 'x_1': 1, 'x_2': 1, 'x_3': 0}. Best is trial 12 with value: 1.0.
[I 2024-11-24 16:08:54,514] Trial 50 finished with value: 10.0 and parameters: {'x_0': 0, 'x_1': 0, 'x_2': 3, 'x_3': -1}. Best is trial 29 with value: 0.0.
[I 2024-11-24 16:08:54,516] Trial 50 finished with value: 5.0 and parameters: {'x_0': 0, 'x_1': 2, 'x_2': -1, 'x_3': 0}. Best is trial 25 with value: 0.0.
[I 2024-11-24 16:08:54,552] Trial 50 finished with value: 6.0 and parameters: {'x_0': 0, 'x_1': 1, 'x_2': -1, 'x_3': -2}. Best is trial 26 with value: 0.0.
[I 2024-11-24 16:08:54,556] Trial 55 finished with value: 5.0 and parameters: {'x_0': -2, 'x_1': 1, 'x_2': 0, 'x_3': 0}. Best is trial 32 with value: 1.0.
[I 2024-11-24 16:08:54,585] Trial 48 finished with value: 3.0 and parameters: {'x_0': 0, 'x_1': -1, 'x_2': -1, 'x_3': 1}. Best is trial 16 with value: 0.0.
[I 2024-11-24 16:08:54,587] Trial 48 finished with value: 10.0 and parameters: {'x_0': 1, 'x_1': 0, 'x_2': 0, 'x_3': -3}. Best is trial 21 with value: 0.0.
[I 2024-11-24 16:08:54,590] Trial 50 finished with value: 7.0 and parameters: {'x_0': -1, 'x_1': 2, 'x_2': 1, 'x_3': 1}. Best is trial 42 with value: 1.0.
[I 2024-11-24 16:08:54,632] Trial 52 finished with value: 5.0 and parameters: {'x_0': 0, 'x_1': 2, 'x_2': 1, 'x_3': 0}. Best is trial 12 with value: 1.0.
[I 2024-11-24 16:08:54,633] Trial 54 finished with value: 3.0 and parameters: {'x_0': 1, 'x_1': 0, 'x_2': -1, 'x_3': -1}. Best is trial 46 with value: 1.0.
[I 2024-11-24 16:08:54,637] Trial 57 finished with value: 3.0 and parameters: {'x_0': -1, 'x_1': 1, 'x_2': -1, 'x_3': 0}. Best is trial 41 with value: 0.0.
[I 2024-11-24 16:08:54,671] Trial 51 finished with value: 5.0 and parameters: {'x_0': 0, 'x_1': 0, 'x_2': -1, 'x_3': -2}. Best is trial 29 with value: 0.0.
[I 2024-11-24 16:08:54,674] Trial 51 finished with value: 10.0 and parameters: {'x_0': 0, 'x_1': 3, 'x_2': -1, 'x_3': 0}. Best is trial 25 with value: 0.0.
[I 2024-11-24 16:08:54,714] Trial 56 finished with value: 3.0 and parameters: {'x_0': 0, 'x_1': -1, 'x_2': 1, 'x_3': -1}. Best is trial 32 with value: 1.0.
[I 2024-11-24 16:08:54,722] Trial 51 finished with value: 9.0 and parameters: {'x_0': -1, 'x_1': -2, 'x_2': 2, 'x_3': 0}. Best is trial 26 with value: 0.0.
[I 2024-11-24 16:08:54,735] Trial 49 finished with value: 7.0 and parameters: {'x_0': -2, 'x_1': -1, 'x_2': 1, 'x_3': -1}. Best is trial 16 with value: 0.0.
[I 2024-11-24 16:08:54,737] Trial 51 finished with value: 5.0 and parameters: {'x_0': 0, 'x_1': -2, 'x_2': -1, 'x_3': 0}. Best is trial 42 with value: 1.0.
[I 2024-11-24 16:08:54,773] Trial 49 finished with value: 4.0 and parameters: {'x_0': 1, 'x_1': 1, 'x_2': -1, 'x_3': 1}. Best is trial 21 with value: 0.0.
[I 2024-11-24 16:08:54,777] Trial 55 finished with value: 10.0 and parameters: {'x_0': 0, 'x_1': 0, 'x_2': -1, 'x_3': 3}. Best is trial 46 with value: 1.0.
[I 2024-11-24 16:08:54,796] Trial 52 finished with value: 9.0 and parameters: {'x_0': 0, 'x_1': 0, 'x_2': 0, 'x_3': -3}. Best is trial 29 with value: 0.0.
[I 2024-11-24 16:08:54,811] Trial 58 finished with value: 3.0 and parameters: {'x_0': 1, 'x_1': 1, 'x_2': -1, 'x_3': 0}. Best is trial 41 with value: 0.0.
[I 2024-11-24 16:08:54,817] Trial 52 finished with value: 5.0 and parameters: {'x_0': -2, 'x_1': 0, 'x_2': 0, 'x_3': -1}. Best is trial 25 with value: 0.0.
[I 2024-11-24 16:08:54,855] Trial 57 finished with value: 11.0 and parameters: {'x_0': 3, 'x_1': 1, 'x_2': 0, 'x_3': 1}. Best is trial 32 with value: 1.0.
[I 2024-11-24 16:08:54,855] Trial 50 finished with value: 10.0 and parameters: {'x_0': 0, 'x_1': 3, 'x_2': 1, 'x_3': 0}. Best is trial 16 with value: 0.0.
[I 2024-11-24 16:08:54,857] Trial 52 finished with value: 9.0 and parameters: {'x_0': 0, 'x_1': 2, 'x_2': 2, 'x_3': -1}. Best is trial 42 with value: 1.0.
[I 2024-11-24 16:08:54,865] Trial 52 finished with value: 13.0 and parameters: {'x_0': 0, 'x_1': 2, 'x_2': -3, 'x_3': 0}. Best is trial 26 with value: 0.0.
[I 2024-11-24 16:08:54,876] Trial 53 finished with value: 4.0 and parameters: {'x_0': 1, 'x_1': 1, 'x_2': 1, 'x_3': 1}. Best is trial 12 with value: 1.0.
[I 2024-11-24 16:08:54,879] Trial 50 finished with value: 4.0 and parameters: {'x_0': 1, 'x_1': 1, 'x_2': -1, 'x_3': -1}. Best is trial 21 with value: 0.0.
[I 2024-11-24 16:08:54,905] Trial 56 finished with value: 0.0 and parameters: {'x_0': 0, 'x_1': 0, 'x_2': 0, 'x_3': 0}. Best is trial 56 with value: 0.0.
[I 2024-11-24 16:08:54,934] Trial 53 finished with value: 17.0 and parameters: {'x_0': 0, 'x_1': 2, 'x_2': -2, 'x_3': -3}. Best is trial 25 with value: 0.0.
[I 2024-11-24 16:08:54,940] Trial 53 finished with value: 5.0 and parameters: {'x_0': 0, 'x_1': 2, 'x_2': 0, 'x_3': 1}. Best is trial 29 with value: 0.0.
[I 2024-11-24 16:08:54,954] Trial 59 finished with value: 11.0 and parameters: {'x_0': 3, 'x_1': 1, 'x_2': -1, 'x_3': 0}. Best is trial 41 with value: 0.0.
[I 2024-11-24 16:08:54,968] Trial 53 finished with value: 6.0 and parameters: {'x_0': 0, 'x_1': 1, 'x_2': -1, 'x_3': 2}. Best is trial 42 with value: 1.0.
[I 2024-11-24 16:08:54,987] Trial 53 finished with value: 9.0 and parameters: {'x_0': 3, 'x_1': 0, 'x_2': 0, 'x_3': 0}. Best is trial 26 with value: 0.0.
[I 2024-11-24 16:08:54,990] Trial 54 finished with value: 3.0 and parameters: {'x_0': 1, 'x_1': 0, 'x_2': -1, 'x_3': 1}. Best is trial 12 with value: 1.0.
[I 2024-11-24 16:08:54,991] Trial 51 finished with value: 12.0 and parameters: {'x_0': -3, 'x_1': 1, 'x_2': -1, 'x_3': -1}. Best is trial 16 with value: 0.0.
[I 2024-11-24 16:08:55,023] Trial 51 finished with value: 2.0 and parameters: {'x_0': 1, 'x_1': 0, 'x_2': 1, 'x_3': 0}. Best is trial 21 with value: 0.0.
[I 2024-11-24 16:08:55,025] Trial 58 finished with value: 6.0 and parameters: {'x_0': -1, 'x_1': -1, 'x_2': 0, 'x_3': -2}. Best is trial 32 with value: 1.0.
[I 2024-11-24 16:08:55,059] Trial 54 finished with value: 3.0 and parameters: {'x_0': 1, 'x_1': 0, 'x_2': -1, 'x_3': -1}. Best is trial 25 with value: 0.0.
[I 2024-11-24 16:08:55,075] Trial 54 finished with value: 10.0 and parameters: {'x_0': 0, 'x_1': -1, 'x_2': 3, 'x_3': 0}. Best is trial 29 with value: 0.0.
[I 2024-11-24 16:08:55,097] Trial 54 finished with value: 12.0 and parameters: {'x_0': -1, 'x_1': 1, 'x_2': 1, 'x_3': -3}. Best is trial 42 with value: 1.0.
[I 2024-11-24 16:08:55,113] Trial 60 finished with value: 5.0 and parameters: {'x_0': -1, 'x_1': 0, 'x_2': -2, 'x_3': 0}. Best is trial 41 with value: 0.0.
[I 2024-11-24 16:08:55,140] Trial 52 finished with value: 11.0 and parameters: {'x_0': 0, 'x_1': 1, 'x_2': 1, 'x_3': -3}. Best is trial 16 with value: 0.0.
[I 2024-11-24 16:08:55,142] Trial 57 finished with value: 1.0 and parameters: {'x_0': 1, 'x_1': 0, 'x_2': 0, 'x_3': 0}. Best is trial 56 with value: 0.0.
[I 2024-11-24 16:08:55,146] Trial 55 finished with value: 10.0 and parameters: {'x_0': 0, 'x_1': 0, 'x_2': 1, 'x_3': 3}. Best is trial 12 with value: 1.0.
[I 2024-11-24 16:08:55,179] Trial 52 finished with value: 3.0 and parameters: {'x_0': 1, 'x_1': 0, 'x_2': 1, 'x_3': 1}. Best is trial 21 with value: 0.0.
[I 2024-11-24 16:08:55,181] Trial 59 finished with value: 6.0 and parameters: {'x_0': -1, 'x_1': 1, 'x_2': 0, 'x_3': 2}. Best is trial 32 with value: 1.0.
[I 2024-11-24 16:08:55,209] Trial 54 finished with value: 2.0 and parameters: {'x_0': -1, 'x_1': 0, 'x_2': -1, 'x_3': 0}. Best is trial 26 with value: 0.0.
[I 2024-11-24 16:08:55,222] Trial 55 finished with value: 5.0 and parameters: {'x_0': 0, 'x_1': 0, 'x_2': -1, 'x_3': 2}. Best is trial 29 with value: 0.0.
[I 2024-11-24 16:08:55,240] Trial 55 finished with value: 5.0 and parameters: {'x_0': 0, 'x_1': 0, 'x_2': -1, 'x_3': -2}. Best is trial 25 with value: 0.0.
[I 2024-11-24 16:08:55,249] Trial 55 finished with value: 5.0 and parameters: {'x_0': 0, 'x_1': 0, 'x_2': -1, 'x_3': 2}. Best is trial 42 with value: 1.0.
[I 2024-11-24 16:08:55,252] Trial 61 finished with value: 5.0 and parameters: {'x_0': 1, 'x_1': 0, 'x_2': -2, 'x_3': 0}. Best is trial 41 with value: 0.0.
[I 2024-11-24 16:08:55,292] Trial 58 finished with value: 1.0 and parameters: {'x_0': 0, 'x_1': 0, 'x_2': 0, 'x_3': -1}. Best is trial 56 with value: 0.0.
[I 2024-11-24 16:08:55,298] Trial 53 finished with value: 3.0 and parameters: {'x_0': 1, 'x_1': 0, 'x_2': 1, 'x_3': -1}. Best is trial 21 with value: 0.0.
[I 2024-11-24 16:08:55,320] Trial 60 finished with value: 3.0 and parameters: {'x_0': -1, 'x_1': -1, 'x_2': 1, 'x_3': 0}. Best is trial 32 with value: 1.0.
[I 2024-11-24 16:08:55,336] Trial 53 finished with value: 1.0 and parameters: {'x_0': 0, 'x_1': 0, 'x_2': 0, 'x_3': 1}. Best is trial 16 with value: 0.0.
[I 2024-11-24 16:08:55,344] Trial 56 finished with value: 4.0 and parameters: {'x_0': -1, 'x_1': 1, 'x_2': 1, 'x_3': -1}. Best is trial 12 with value: 1.0.
[I 2024-11-24 16:08:55,351] Trial 55 finished with value: 5.0 and parameters: {'x_0': -2, 'x_1': 0, 'x_2': -1, 'x_3': 0}. Best is trial 26 with value: 0.0.
[I 2024-11-24 16:08:55,364] Trial 56 finished with value: 5.0 and parameters: {'x_0': 0, 'x_1': 0, 'x_2': -1, 'x_3': -2}. Best is trial 42 with value: 1.0.
[I 2024-11-24 16:08:55,368] Trial 56 finished with value: 9.0 and parameters: {'x_0': -3, 'x_1': 0, 'x_2': 0, 'x_3': 0}. Best is trial 29 with value: 0.0.
[I 2024-11-24 16:08:55,395] Trial 56 finished with value: 6.0 and parameters: {'x_0': -1, 'x_1': 0, 'x_2': -1, 'x_3': 2}. Best is trial 25 with value: 0.0.
[I 2024-11-24 16:08:55,410] Trial 62 finished with value: 2.0 and parameters: {'x_0': 1, 'x_1': 0, 'x_2': 1, 'x_3': 0}. Best is trial 41 with value: 0.0.
[I 2024-11-24 16:08:55,424] Trial 54 finished with value: 3.0 and parameters: {'x_0': 1, 'x_1': 1, 'x_2': 1, 'x_3': 0}. Best is trial 21 with value: 0.0.
[I 2024-11-24 16:08:55,447] Trial 56 finished with value: 3.0 and parameters: {'x_0': 1, 'x_1': 1, 'x_2': -1, 'x_3': 0}. Best is trial 26 with value: 0.0.
[I 2024-11-24 16:08:55,453] Trial 54 finished with value: 10.0 and parameters: {'x_0': 0, 'x_1': 1, 'x_2': 3, 'x_3': 0}. Best is trial 16 with value: 0.0.
[I 2024-11-24 16:08:55,454] Trial 57 finished with value: 10.0 and parameters: {'x_0': 0, 'x_1': 3, 'x_2': 1, 'x_3': 0}. Best is trial 12 with value: 1.0.
[I 2024-11-24 16:08:55,464] Trial 59 finished with value: 1.0 and parameters: {'x_0': 0, 'x_1': 0, 'x_2': 0, 'x_3': 1}. Best is trial 56 with value: 0.0.
[I 2024-11-24 16:08:55,466] Trial 61 finished with value: 10.0 and parameters: {'x_0': 0, 'x_1': 1, 'x_2': 0, 'x_3': -3}. Best is trial 32 with value: 1.0.
[I 2024-11-24 16:08:55,493] Trial 57 finished with value: 4.0 and parameters: {'x_0': -1, 'x_1': -1, 'x_2': 1, 'x_3': 1}. Best is trial 42 with value: 1.0.
[I 2024-11-24 16:08:55,525] Trial 57 finished with value: 10.0 and parameters: {'x_0': 0, 'x_1': 0, 'x_2': -1, 'x_3': 3}. Best is trial 25 with value: 0.0.
[I 2024-11-24 16:08:55,550] Trial 63 finished with value: 2.0 and parameters: {'x_0': -1, 'x_1': 0, 'x_2': 1, 'x_3': 0}. Best is trial 41 with value: 0.0.
[I 2024-11-24 16:08:55,573] Trial 57 finished with value: 1.0 and parameters: {'x_0': 0, 'x_1': 0, 'x_2': -1, 'x_3': 0}. Best is trial 29 with value: 0.0.
[I 2024-11-24 16:08:55,580] Trial 55 finished with value: 2.0 and parameters: {'x_0': 1, 'x_1': 1, 'x_2': 0, 'x_3': 0}. Best is trial 21 with value: 0.0.
[I 2024-11-24 16:08:55,585] Trial 57 finished with value: 6.0 and parameters: {'x_0': 2, 'x_1': 1, 'x_2': -1, 'x_3': 0}. Best is trial 26 with value: 0.0.
[I 2024-11-24 16:08:55,586] Trial 55 finished with value: 5.0 and parameters: {'x_0': 0, 'x_1': 2, 'x_2': 0, 'x_3': 1}. Best is trial 16 with value: 0.0.
[I 2024-11-24 16:08:55,637] Trial 58 finished with value: 10.0 and parameters: {'x_0': 0, 'x_1': -3, 'x_2': -1, 'x_3': 0}. Best is trial 12 with value: 1.0.
[I 2024-11-24 16:08:55,637] Trial 62 finished with value: 11.0 and parameters: {'x_0': -1, 'x_1': -1, 'x_2': 0, 'x_3': 3}. Best is trial 32 with value: 1.0.
[I 2024-11-24 16:08:55,643] Trial 58 finished with value: 10.0 and parameters: {'x_0': 0, 'x_1': -3, 'x_2': -1, 'x_3': 0}. Best is trial 42 with value: 1.0.
[I 2024-11-24 16:08:55,683] Trial 58 finished with value: 4.0 and parameters: {'x_0': 0, 'x_1': 0, 'x_2': 0, 'x_3': -2}. Best is trial 25 with value: 0.0.
[I 2024-11-24 16:08:55,707] Trial 64 finished with value: 2.0 and parameters: {'x_0': -1, 'x_1': 1, 'x_2': 0, 'x_3': 0}. Best is trial 41 with value: 0.0.
[I 2024-11-24 16:08:55,713] Trial 60 finished with value: 4.0 and parameters: {'x_0': 0, 'x_1': 0, 'x_2': 2, 'x_3': 0}. Best is trial 56 with value: 0.0.
[I 2024-11-24 16:08:55,721] Trial 56 finished with value: 5.0 and parameters: {'x_0': 0, 'x_1': -2, 'x_2': 0, 'x_3': 1}. Best is trial 16 with value: 0.0.
[I 2024-11-24 16:08:55,722] Trial 58 finished with value: 1.0 and parameters: {'x_0': 0, 'x_1': 1, 'x_2': 0, 'x_3': 0}. Best is trial 26 with value: 0.0.
[I 2024-11-24 16:08:55,736] Trial 56 finished with value: 5.0 and parameters: {'x_0': 1, 'x_1': 2, 'x_2': 0, 'x_3': 0}. Best is trial 21 with value: 0.0.
[I 2024-11-24 16:08:55,763] Trial 58 finished with value: 3.0 and parameters: {'x_0': 0, 'x_1': 1, 'x_2': -1, 'x_3': 1}. Best is trial 29 with value: 0.0.
[I 2024-11-24 16:08:55,763] Trial 63 finished with value: 5.0 and parameters: {'x_0': 0, 'x_1': -2, 'x_2': 0, 'x_3': 1}. Best is trial 32 with value: 1.0.
[I 2024-11-24 16:08:55,778] Trial 59 finished with value: 5.0 and parameters: {'x_0': 0, 'x_1': 0, 'x_2': 2, 'x_3': 1}. Best is trial 42 with value: 1.0.
[I 2024-11-24 16:08:55,815] Trial 59 finished with value: 6.0 and parameters: {'x_0': 0, 'x_1': 1, 'x_2': 1, 'x_3': -2}. Best is trial 12 with value: 1.0.
[I 2024-11-24 16:08:55,821] Trial 59 finished with value: 6.0 and parameters: {'x_0': -1, 'x_1': 0, 'x_2': 1, 'x_3': 2}. Best is trial 25 with value: 0.0.
[I 2024-11-24 16:08:55,831] Trial 59 finished with value: 2.0 and parameters: {'x_0': 0, 'x_1': 1, 'x_2': 0, 'x_3': 1}. Best is trial 26 with value: 0.0.
[I 2024-11-24 16:08:55,851] Trial 57 finished with value: 11.0 and parameters: {'x_0': 1, 'x_1': 1, 'x_2': -3, 'x_3': 0}. Best is trial 21 with value: 0.0.
[I 2024-11-24 16:08:55,859] Trial 61 finished with value: 1.0 and parameters: {'x_0': -1, 'x_1': 0, 'x_2': 0, 'x_3': 0}. Best is trial 56 with value: 0.0.
[I 2024-11-24 16:08:55,867] Trial 65 finished with value: 10.0 and parameters: {'x_0': -1, 'x_1': 0, 'x_2': -3, 'x_3': 0}. Best is trial 41 with value: 0.0.
[I 2024-11-24 16:08:55,869] Trial 57 finished with value: 5.0 and parameters: {'x_0': 0, 'x_1': -1, 'x_2': -2, 'x_3': 0}. Best is trial 16 with value: 0.0.
[I 2024-11-24 16:08:55,896] Trial 59 finished with value: 3.0 and parameters: {'x_0': 0, 'x_1': -1, 'x_2': 1, 'x_3': 1}. Best is trial 29 with value: 0.0.
[I 2024-11-24 16:08:55,920] Trial 60 finished with value: 11.0 and parameters: {'x_0': 0, 'x_1': 1, 'x_2': -1, 'x_3': 3}. Best is trial 42 with value: 1.0.
[I 2024-11-24 16:08:55,925] Trial 64 finished with value: 3.0 and parameters: {'x_0': -1, 'x_1': 1, 'x_2': -1, 'x_3': 0}. Best is trial 32 with value: 1.0.
[I 2024-11-24 16:08:55,947] Trial 60 finished with value: 5.0 and parameters: {'x_0': 1, 'x_1': 2, 'x_2': 0, 'x_3': 0}. Best is trial 25 with value: 0.0.
[I 2024-11-24 16:08:55,952] Trial 60 finished with value: 2.0 and parameters: {'x_0': -1, 'x_1': 1, 'x_2': 0, 'x_3': 0}. Best is trial 26 with value: 0.0.
[I 2024-11-24 16:08:55,957] Trial 60 finished with value: 3.0 and parameters: {'x_0': -1, 'x_1': 1, 'x_2': 1, 'x_3': 0}. Best is trial 12 with value: 1.0.
[I 2024-11-24 16:08:55,997] Trial 58 finished with value: 10.0 and parameters: {'x_0': 0, 'x_1': 0, 'x_2': 3, 'x_3': 1}. Best is trial 16 with value: 0.0.
[I 2024-11-24 16:08:55,997] Trial 58 finished with value: 4.0 and parameters: {'x_0': 0, 'x_1': 0, 'x_2': 0, 'x_3': -2}. Best is trial 21 with value: 0.0.
[I 2024-11-24 16:08:56,004] Trial 62 finished with value: 1.0 and parameters: {'x_0': 0, 'x_1': 0, 'x_2': 1, 'x_3': 0}. Best is trial 56 with value: 0.0.
[I 2024-11-24 16:08:56,007] Trial 66 finished with value: 6.0 and parameters: {'x_0': 1, 'x_1': 0, 'x_2': 1, 'x_3': 2}. Best is trial 41 with value: 0.0.
[I 2024-11-24 16:08:56,041] Trial 60 finished with value: 3.0 and parameters: {'x_0': 0, 'x_1': 1, 'x_2': 1, 'x_3': -1}. Best is trial 29 with value: 0.0.
[I 2024-11-24 16:08:56,051] Trial 61 finished with value: 11.0 and parameters: {'x_0': -1, 'x_1': 0, 'x_2': 3, 'x_3': -1}. Best is trial 42 with value: 1.0.
[I 2024-11-24 16:08:56,063] Trial 61 finished with value: 8.0 and parameters: {'x_0': 0, 'x_1': 0, 'x_2': 2, 'x_3': -2}. Best is trial 25 with value: 0.0.
[I 2024-11-24 16:08:56,080] Trial 61 finished with value: 9.0 and parameters: {'x_0': 0, 'x_1': 0, 'x_2': -3, 'x_3': 0}. Best is trial 12 with value: 1.0.
[I 2024-11-24 16:08:56,083] Trial 65 finished with value: 10.0 and parameters: {'x_0': 0, 'x_1': 3, 'x_2': 0, 'x_3': 1}. Best is trial 32 with value: 1.0.
[I 2024-11-24 16:08:56,091] Trial 61 finished with value: 2.0 and parameters: {'x_0': 0, 'x_1': 1, 'x_2': 0, 'x_3': -1}. Best is trial 26 with value: 0.0.
[I 2024-11-24 16:08:56,108] Trial 59 finished with value: 4.0 and parameters: {'x_0': 0, 'x_1': -2, 'x_2': 0, 'x_3': 0}. Best is trial 21 with value: 0.0.
[I 2024-11-24 16:08:56,126] Trial 59 finished with value: 5.0 and parameters: {'x_0': 0, 'x_1': -1, 'x_2': 0, 'x_3': -2}. Best is trial 16 with value: 0.0.
[I 2024-11-24 16:08:56,146] Trial 67 finished with value: 5.0 and parameters: {'x_0': -1, 'x_1': 0, 'x_2': 0, 'x_3': -2}. Best is trial 41 with value: 0.0.
[I 2024-11-24 16:08:56,148] Trial 61 finished with value: 3.0 and parameters: {'x_0': 0, 'x_1': 1, 'x_2': -1, 'x_3': -1}. Best is trial 29 with value: 0.0.
[I 2024-11-24 16:08:56,175] Trial 62 finished with value: 7.0 and parameters: {'x_0': -1, 'x_1': 1, 'x_2': 2, 'x_3': 1}. Best is trial 42 with value: 1.0.
[I 2024-11-24 16:08:56,178] Trial 62 finished with value: 2.0 and parameters: {'x_0': 0, 'x_1': 0, 'x_2': 1, 'x_3': -1}. Best is trial 25 with value: 0.0.
[I 2024-11-24 16:08:56,217] Trial 63 finished with value: 4.0 and parameters: {'x_0': 0, 'x_1': 0, 'x_2': -2, 'x_3': 0}. Best is trial 56 with value: 0.0.
[I 2024-11-24 16:08:56,220] Trial 62 finished with value: 5.0 and parameters: {'x_0': -2, 'x_1': 1, 'x_2': 0, 'x_3': 0}. Best is trial 26 with value: 0.0.
[I 2024-11-24 16:08:56,222] Trial 60 finished with value: 3.0 and parameters: {'x_0': 1, 'x_1': 1, 'x_2': 0, 'x_3': 1}. Best is trial 21 with value: 0.0.
[I 2024-11-24 16:08:56,251] Trial 66 finished with value: 6.0 and parameters: {'x_0': -2, 'x_1': -1, 'x_2': 0, 'x_3': -1}. Best is trial 32 with value: 1.0.
[I 2024-11-24 16:08:56,261] Trial 60 finished with value: 4.0 and parameters: {'x_0': 0, 'x_1': 0, 'x_2': -2, 'x_3': 0}. Best is trial 16 with value: 0.0.
[I 2024-11-24 16:08:56,283] Trial 62 finished with value: 10.0 and parameters: {'x_0': 3, 'x_1': 0, 'x_2': -1, 'x_3': 0}. Best is trial 12 with value: 1.0.
[I 2024-11-24 16:08:56,296] Trial 62 finished with value: 2.0 and parameters: {'x_0': 1, 'x_1': 0, 'x_2': 0, 'x_3': -1}. Best is trial 29 with value: 0.0.
[I 2024-11-24 16:08:56,303] Trial 63 finished with value: 6.0 and parameters: {'x_0': 0, 'x_1': 2, 'x_2': -1, 'x_3': 1}. Best is trial 42 with value: 1.0.
[I 2024-11-24 16:08:56,311] Trial 68 finished with value: 1.0 and parameters: {'x_0': 0, 'x_1': 0, 'x_2': 1, 'x_3': 0}. Best is trial 41 with value: 0.0.
[I 2024-11-24 16:08:56,316] Trial 63 finished with value: 3.0 and parameters: {'x_0': 0, 'x_1': -1, 'x_2': 1, 'x_3': -1}. Best is trial 25 with value: 0.0.
[I 2024-11-24 16:08:56,342] Trial 61 finished with value: 5.0 and parameters: {'x_0': 1, 'x_1': -2, 'x_2': 0, 'x_3': 0}. Best is trial 21 with value: 0.0.
[I 2024-11-24 16:08:56,345] Trial 63 finished with value: 1.0 and parameters: {'x_0': 0, 'x_1': -1, 'x_2': 0, 'x_3': 0}. Best is trial 26 with value: 0.0.
[I 2024-11-24 16:08:56,399] Trial 61 finished with value: 1.0 and parameters: {'x_0': -1, 'x_1': 0, 'x_2': 0, 'x_3': 0}. Best is trial 16 with value: 0.0.
[I 2024-11-24 16:08:56,407] Trial 64 finished with value: 10.0 and parameters: {'x_0': 0, 'x_1': 1, 'x_2': -3, 'x_3': 0}. Best is trial 42 with value: 1.0.
[I 2024-11-24 16:08:56,439] Trial 64 finished with value: 3.0 and parameters: {'x_0': 0, 'x_1': -1, 'x_2': -1, 'x_3': -1}. Best is trial 25 with value: 0.0.
[I 2024-11-24 16:08:56,442] Trial 67 finished with value: 6.0 and parameters: {'x_0': -1, 'x_1': 1, 'x_2': 0, 'x_3': -2}. Best is trial 32 with value: 1.0.
