[I 2024-11-24 16:11:38,357] Trial 340 finished with value: 8.0 and parameters: {'x_0': 0, 'x_1': -2, 'x_2': 0, 'x_3': 2}. Best is trial 99 with value: 0.0.
[I 2024-11-24 16:11:38,430] Trial 341 finished with value: 7.0 and parameters: {'x_0': -1, 'x_1': 1, 'x_2': -2, 'x_3': -1}. Best is trial 25 with value: 0.0.
[I 2024-11-24 16:11:38,559] Trial 357 finished with value: 12.0 and parameters: {'x_0': 1, 'x_1': 3, 'x_2': 1, 'x_3': 1}. Best is trial 21 with value: 0.0.
[I 2024-11-24 16:11:38,574] Trial 346 finished with value: 9.0 and parameters: {'x_0': 1, 'x_1': 0, 'x_2': -2, 'x_3': 2}. Best is trial 56 with value: 0.0.
[I 2024-11-24 16:11:38,766] Trial 337 finished with value: 6.0 and parameters: {'x_0': 2, 'x_1': -1, 'x_2': 0, 'x_3': -1}. Best is trial 29 with value: 0.0.
[I 2024-11-24 16:11:38,921] Trial 338 finished with value: 9.0 and parameters: {'x_0': 1, 'x_1': 2, 'x_2': 2, 'x_3': 0}. Best is trial 16 with value: 0.0.
[I 2024-11-24 16:11:38,984] Trial 363 finished with value: 14.0 and parameters: {'x_0': 0, 'x_1': -3, 'x_2': 2, 'x_3': -1}. Best is trial 164 with value: 0.0.
[I 2024-11-24 16:11:39,383] Trial 342 finished with value: 6.0 and parameters: {'x_0': 0, 'x_1': 2, 'x_2': 1, 'x_3': 1}. Best is trial 25 with value: 0.0.
[I 2024-11-24 16:11:39,625] Trial 347 finished with value: 7.0 and parameters: {'x_0': 1, 'x_1': 2, 'x_2': 1, 'x_3': 1}. Best is trial 56 with value: 0.0.
[I 2024-11-24 16:11:39,700] Trial 358 finished with value: 13.0 and parameters: {'x_0': 0, 'x_1': -2, 'x_2': -3, 'x_3': 0}. Best is trial 21 with value: 0.0.
[I 2024-11-24 16:11:39,740] Trial 333 finished with value: 15.0 and parameters: {'x_0': 1, 'x_1': 2, 'x_2': 3, 'x_3': 1}. Best is trial 148 with value: 0.0.
[I 2024-11-24 16:11:39,794] Trial 348 finished with value: 5.0 and parameters: {'x_0': 0, 'x_1': 2, 'x_2': 1, 'x_3': 0}. Best is trial 26 with value: 0.0.
[I 2024-11-24 16:11:39,812] Trial 339 finished with value: 10.0 and parameters: {'x_0': 1, 'x_1': 0, 'x_2': -3, 'x_3': 0}. Best is trial 16 with value: 0.0.
[I 2024-11-24 16:11:39,983] Trial 364 finished with value: 26.0 and parameters: {'x_0': 3, 'x_1': 3, 'x_2': -2, 'x_3': -2}. Best is trial 164 with value: 0.0.
[I 2024-11-24 16:11:40,249] Trial 338 finished with value: 6.0 and parameters: {'x_0': -1, 'x_1': 0, 'x_2': 1, 'x_3': -2}. Best is trial 29 with value: 0.0.
[I 2024-11-24 16:11:40,431] Trial 341 finished with value: 9.0 and parameters: {'x_0': 0, 'x_1': 2, 'x_2': 1, 'x_3': -2}. Best is trial 99 with value: 0.0.
[I 2024-11-24 16:11:40,673] Trial 334 finished with value: 6.0 and parameters: {'x_0': 0, 'x_1': 1, 'x_2': 2, 'x_3': 1}. Best is trial 148 with value: 0.0.
[I 2024-11-24 16:11:40,737] Trial 343 finished with value: 10.0 and parameters: {'x_0': 2, 'x_1': -2, 'x_2': -1, 'x_3': 1}. Best is trial 41 with value: 0.0.
[I 2024-11-24 16:11:40,829] Trial 349 finished with value: 9.0 and parameters: {'x_0': 2, 'x_1': 2, 'x_2': 1, 'x_3': 0}. Best is trial 26 with value: 0.0.
[I 2024-11-24 16:11:40,839] Trial 343 finished with value: 5.0 and parameters: {'x_0': -1, 'x_1': 2, 'x_2': 0, 'x_3': 0}. Best is trial 25 with value: 0.0.
[I 2024-11-24 16:11:41,292] Trial 342 finished with value: 13.0 and parameters: {'x_0': 3, 'x_1': 0, 'x_2': 2, 'x_3': 0}. Best is trial 99 with value: 0.0.
[I 2024-11-24 16:11:41,373] Trial 348 finished with value: 9.0 and parameters: {'x_0': -2, 'x_1': 1, 'x_2': 0, 'x_3': -2}. Best is trial 56 with value: 0.0.
[I 2024-11-24 16:11:41,456] Trial 335 finished with value: 10.0 and parameters: {'x_0': -2, 'x_1': -2, 'x_2': -1, 'x_3': 1}. Best is trial 148 with value: 0.0.
[I 2024-11-24 16:11:41,513] Trial 359 finished with value: 12.0 and parameters: {'x_0': 3, 'x_1': -1, 'x_2': 1, 'x_3': -1}. Best is trial 21 with value: 0.0.
[I 2024-11-24 16:11:41,555] Trial 340 finished with value: 12.0 and parameters: {'x_0': -1, 'x_1': -3, 'x_2': 1, 'x_3': -1}. Best is trial 16 with value: 0.0.
[I 2024-11-24 16:11:41,696] Trial 350 finished with value: 10.0 and parameters: {'x_0': -2, 'x_1': -2, 'x_2': -1, 'x_3': 1}. Best is trial 26 with value: 0.0.
[I 2024-11-24 16:11:41,772] Trial 344 finished with value: 13.0 and parameters: {'x_0': 3, 'x_1': 0, 'x_2': -2, 'x_3': 0}. Best is trial 41 with value: 0.0.
[I 2024-11-24 16:11:41,833] Trial 344 finished with value: 14.0 and parameters: {'x_0': -1, 'x_1': 2, 'x_2': 3, 'x_3': 0}. Best is trial 25 with value: 0.0.
[I 2024-11-24 16:11:42,107] Trial 339 finished with value: 8.0 and parameters: {'x_0': 2, 'x_1': -2, 'x_2': 0, 'x_3': 0}. Best is trial 29 with value: 0.0.
[I 2024-11-24 16:11:42,193] Trial 365 finished with value: 13.0 and parameters: {'x_0': 2, 'x_1': 2, 'x_2': 1, 'x_3': -2}. Best is trial 164 with value: 0.0.
[I 2024-11-24 16:11:42,304] Trial 349 finished with value: 9.0 and parameters: {'x_0': 0, 'x_1': 2, 'x_2': 2, 'x_3': 1}. Best is trial 56 with value: 0.0.
[I 2024-11-24 16:11:42,407] Trial 341 finished with value: 10.0 and parameters: {'x_0': 0, 'x_1': 1, 'x_2': 0, 'x_3': -3}. Best is trial 16 with value: 0.0.
[I 2024-11-24 16:11:42,500] Trial 343 finished with value: 5.0 and parameters: {'x_0': 0, 'x_1': -1, 'x_2': -2, 'x_3': 0}. Best is trial 99 with value: 0.0.
[I 2024-11-24 16:11:42,518] Trial 360 finished with value: 26.0 and parameters: {'x_0': -2, 'x_1': -3, 'x_2': 3, 'x_3': 2}. Best is trial 21 with value: 0.0.
[I 2024-11-24 16:11:42,744] Trial 345 finished with value: 11.0 and parameters: {'x_0': 1, 'x_1': 0, 'x_2': 3, 'x_3': -1}. Best is trial 41 with value: 0.0.
[I 2024-11-24 16:11:42,747] Trial 345 finished with value: 10.0 and parameters: {'x_0': -2, 'x_1': -2, 'x_2': 1, 'x_3': -1}. Best is trial 25 with value: 0.0.
[I 2024-11-24 16:11:43,172] Trial 336 finished with value: 7.0 and parameters: {'x_0': -2, 'x_1': 1, 'x_2': 1, 'x_3': 1}. Best is trial 148 with value: 0.0.
[I 2024-11-24 16:11:43,174] Trial 350 finished with value: 12.0 and parameters: {'x_0': -1, 'x_1': -1, 'x_2': 1, 'x_3': -3}. Best is trial 56 with value: 0.0.
[I 2024-11-24 16:11:43,185] Trial 366 finished with value: 13.0 and parameters: {'x_0': -2, 'x_1': -2, 'x_2': 1, 'x_3': 2}. Best is trial 164 with value: 0.0.
[I 2024-11-24 16:11:43,464] Trial 342 finished with value: 10.0 and parameters: {'x_0': 2, 'x_1': 2, 'x_2': -1, 'x_3': -1}. Best is trial 16 with value: 0.0.
[I 2024-11-24 16:11:43,693] Trial 361 finished with value: 10.0 and parameters: {'x_0': 1, 'x_1': 2, 'x_2': 2, 'x_3': -1}. Best is trial 21 with value: 0.0.
[I 2024-11-24 16:11:43,734] Trial 340 finished with value: 6.0 and parameters: {'x_0': 1, 'x_1': -2, 'x_2': 0, 'x_3': 1}. Best is trial 29 with value: 0.0.
[I 2024-11-24 16:11:43,811] Trial 337 finished with value: 14.0 and parameters: {'x_0': 0, 'x_1': -2, 'x_2': -3, 'x_3': -1}. Best is trial 148 with value: 0.0.
[I 2024-11-24 16:11:43,943] Trial 351 finished with value: 6.0 and parameters: {'x_0': -1, 'x_1': 2, 'x_2': 0, 'x_3': -1}. Best is trial 26 with value: 0.0.
[I 2024-11-24 16:11:44,290] Trial 367 finished with value: 14.0 and parameters: {'x_0': 1, 'x_1': 2, 'x_2': -3, 'x_3': 0}. Best is trial 164 with value: 0.0.
[I 2024-11-24 16:11:44,363] Trial 344 finished with value: 11.0 and parameters: {'x_0': -1, 'x_1': -1, 'x_2': 3, 'x_3': 0}. Best is trial 99 with value: 0.0.
[I 2024-11-24 16:11:44,532] Trial 346 finished with value: 9.0 and parameters: {'x_0': 2, 'x_1': 1, 'x_2': -2, 'x_3': 0}. Best is trial 25 with value: 0.0.
[I 2024-11-24 16:11:44,566] Trial 338 finished with value: 13.0 and parameters: {'x_0': 3, 'x_1': 0, 'x_2': -2, 'x_3': 0}. Best is trial 148 with value: 0.0.
[I 2024-11-24 16:11:44,686] Trial 346 finished with value: 9.0 and parameters: {'x_0': -2, 'x_1': -1, 'x_2': 2, 'x_3': 0}. Best is trial 41 with value: 0.0.
[I 2024-11-24 16:11:44,915] Trial 352 finished with value: 7.0 and parameters: {'x_0': -1, 'x_1': -1, 'x_2': -2, 'x_3': 1}. Best is trial 26 with value: 0.0.
[I 2024-11-24 16:11:45,024] Trial 341 finished with value: 6.0 and parameters: {'x_0': -2, 'x_1': -1, 'x_2': 1, 'x_3': 0}. Best is trial 29 with value: 0.0.
[I 2024-11-24 16:11:45,316] Trial 351 finished with value: 9.0 and parameters: {'x_0': 2, 'x_1': -1, 'x_2': 0, 'x_3': -2}. Best is trial 56 with value: 0.0.
[I 2024-11-24 16:11:45,328] Trial 343 finished with value: 9.0 and parameters: {'x_0': -2, 'x_1': -2, 'x_2': 1, 'x_3': 0}. Best is trial 16 with value: 0.0.
[I 2024-11-24 16:11:45,355] Trial 345 finished with value: 9.0 and parameters: {'x_0': -2, 'x_1': 1, 'x_2': -2, 'x_3': 0}. Best is trial 99 with value: 0.0.
[I 2024-11-24 16:11:45,554] Trial 347 finished with value: 6.0 and parameters: {'x_0': 0, 'x_1': 1, 'x_2': 2, 'x_3': -1}. Best is trial 25 with value: 0.0.
[I 2024-11-24 16:11:45,597] Trial 362 finished with value: 10.0 and parameters: {'x_0': -2, 'x_1': -2, 'x_2': -1, 'x_3': -1}. Best is trial 21 with value: 0.0.
[I 2024-11-24 16:11:45,618] Trial 353 finished with value: 7.0 and parameters: {'x_0': 1, 'x_1': 1, 'x_2': -2, 'x_3': -1}. Best is trial 26 with value: 0.0.
[I 2024-11-24 16:11:45,685] Trial 347 finished with value: 10.0 and parameters: {'x_0': 1, 'x_1': 2, 'x_2': -2, 'x_3': -1}. Best is trial 41 with value: 0.0.
[I 2024-11-24 16:11:46,054] Trial 368 finished with value: 7.0 and parameters: {'x_0': -1, 'x_1': -2, 'x_2': -1, 'x_3': -1}. Best is trial 164 with value: 0.0.
[I 2024-11-24 16:11:46,118] Trial 352 finished with value: 6.0 and parameters: {'x_0': -2, 'x_1': -1, 'x_2': -1, 'x_3': 0}. Best is trial 56 with value: 0.0.
[I 2024-11-24 16:11:46,185] Trial 346 finished with value: 6.0 and parameters: {'x_0': 2, 'x_1': 1, 'x_2': 1, 'x_3': 0}. Best is trial 99 with value: 0.0.
[I 2024-11-24 16:11:46,339] Trial 348 finished with value: 14.0 and parameters: {'x_0': -1, 'x_1': 3, 'x_2': 2, 'x_3': 0}. Best is trial 25 with value: 0.0.
[I 2024-11-24 16:11:46,392] Trial 342 finished with value: 5.0 and parameters: {'x_0': -2, 'x_1': 1, 'x_2': 0, 'x_3': 0}. Best is trial 29 with value: 0.0.
[I 2024-11-24 16:11:46,396] Trial 344 finished with value: 8.0 and parameters: {'x_0': 0, 'x_1': 0, 'x_2': 2, 'x_3': -2}. Best is trial 16 with value: 0.0.
[I 2024-11-24 16:11:46,422] Trial 339 finished with value: 9.0 and parameters: {'x_0': 2, 'x_1': 2, 'x_2': 0, 'x_3': -1}. Best is trial 148 with value: 0.0.
[I 2024-11-24 16:11:46,460] Trial 363 finished with value: 10.0 and parameters: {'x_0': 2, 'x_1': -1, 'x_2': 2, 'x_3': 1}. Best is trial 21 with value: 0.0.
[I 2024-11-24 16:11:46,682] Trial 348 finished with value: 10.0 and parameters: {'x_0': 2, 'x_1': 2, 'x_2': 1, 'x_3': -1}. Best is trial 41 with value: 0.0.
[I 2024-11-24 16:11:46,698] Trial 369 finished with value: 9.0 and parameters: {'x_0': -2, 'x_1': 1, 'x_2': 2, 'x_3': 0}. Best is trial 164 with value: 0.0.
[I 2024-11-24 16:11:46,912] Trial 353 finished with value: 9.0 and parameters: {'x_0': -2, 'x_1': 0, 'x_2': -1, 'x_3': 2}. Best is trial 56 with value: 0.0.
[I 2024-11-24 16:11:47,219] Trial 340 finished with value: 9.0 and parameters: {'x_0': 2, 'x_1': -1, 'x_2': -2, 'x_3': 0}. Best is trial 148 with value: 0.0.
[I 2024-11-24 16:11:47,359] Trial 345 finished with value: 14.0 and parameters: {'x_0': -3, 'x_1': 2, 'x_2': 0, 'x_3': -1}. Best is trial 16 with value: 0.0.
[I 2024-11-24 16:11:47,431] Trial 354 finished with value: 9.0 and parameters: {'x_0': -2, 'x_1': -1, 'x_2': 2, 'x_3': 0}. Best is trial 26 with value: 0.0.
[I 2024-11-24 16:11:47,438] Trial 364 finished with value: 10.0 and parameters: {'x_0': 2, 'x_1': 1, 'x_2': -2, 'x_3': 1}. Best is trial 21 with value: 0.0.
[I 2024-11-24 16:11:47,622] Trial 370 finished with value: 13.0 and parameters: {'x_0': 3, 'x_1': 0, 'x_2': 2, 'x_3': 0}. Best is trial 164 with value: 0.0.
[I 2024-11-24 16:11:47,767] Trial 349 finished with value: 6.0 and parameters: {'x_0': 0, 'x_1': 2, 'x_2': -1, 'x_3': 1}. Best is trial 25 with value: 0.0.
[I 2024-11-24 16:11:48,018] Trial 343 finished with value: 6.0 and parameters: {'x_0': 1, 'x_1': 0, 'x_2': -2, 'x_3': 1}. Best is trial 29 with value: 0.0.
[I 2024-11-24 16:11:48,321] Trial 355 finished with value: 7.0 and parameters: {'x_0': 2, 'x_1': 1, 'x_2': -1, 'x_3': 1}. Best is trial 26 with value: 0.0.
[I 2024-11-24 16:11:48,515] Trial 350 finished with value: 7.0 and parameters: {'x_0': 1, 'x_1': -1, 'x_2': -2, 'x_3': 1}. Best is trial 25 with value: 0.0.
[I 2024-11-24 16:11:48,541] Trial 347 finished with value: 11.0 and parameters: {'x_0': 1, 'x_1': 0, 'x_2': -3, 'x_3': -1}. Best is trial 99 with value: 0.0.
[I 2024-11-24 16:11:48,670] Trial 354 finished with value: 7.0 and parameters: {'x_0': 1, 'x_1': 1, 'x_2': -1, 'x_3': 2}. Best is trial 56 with value: 0.0.
[I 2024-11-24 16:11:48,674] Trial 349 finished with value: 11.0 and parameters: {'x_0': 0, 'x_1': -3, 'x_2': 1, 'x_3': 1}. Best is trial 41 with value: 0.0.
[I 2024-11-24 16:11:49,209] Trial 346 finished with value: 7.0 and parameters: {'x_0': -1, 'x_1': 1, 'x_2': 2, 'x_3': 1}. Best is trial 16 with value: 0.0.
[I 2024-11-24 16:11:49,366] Trial 365 finished with value: 10.0 and parameters: {'x_0': -2, 'x_1': -1, 'x_2': -2, 'x_3': -1}. Best is trial 21 with value: 0.0.
[I 2024-11-24 16:11:49,418] Trial 356 finished with value: 8.0 and parameters: {'x_0': 0, 'x_1': 0, 'x_2': 2, 'x_3': 2}. Best is trial 26 with value: 0.0.
[I 2024-11-24 16:11:49,467] Trial 341 finished with value: 9.0 and parameters: {'x_0': 2, 'x_1': 1, 'x_2': 2, 'x_3': 0}. Best is trial 148 with value: 0.0.
[I 2024-11-24 16:11:49,599] Trial 351 finished with value: 21.0 and parameters: {'x_0': -2, 'x_1': -3, 'x_2': -2, 'x_3': -2}. Best is trial 25 with value: 0.0.
[I 2024-11-24 16:11:49,619] Trial 348 finished with value: 12.0 and parameters: {'x_0': -1, 'x_1': 3, 'x_2': 1, 'x_3': 1}. Best is trial 99 with value: 0.0.
[I 2024-11-24 16:11:49,636] Trial 355 finished with value: 9.0 and parameters: {'x_0': 0, 'x_1': 1, 'x_2': -2, 'x_3': 2}. Best is trial 56 with value: 0.0.
[I 2024-11-24 16:11:49,719] Trial 350 finished with value: 10.0 and parameters: {'x_0': -2, 'x_1': 2, 'x_2': -1, 'x_3': 1}. Best is trial 41 with value: 0.0.
[I 2024-11-24 16:11:49,757] Trial 344 finished with value: 6.0 and parameters: {'x_0': -1, 'x_1': -1, 'x_2': 0, 'x_3': 2}. Best is trial 29 with value: 0.0.
[I 2024-11-24 16:11:50,099] Trial 347 finished with value: 7.0 and parameters: {'x_0': 1, 'x_1': 2, 'x_2': 1, 'x_3': 1}. Best is trial 16 with value: 0.0.
[I 2024-11-24 16:11:50,155] Trial 366 finished with value: 14.0 and parameters: {'x_0': -1, 'x_1': 3, 'x_2': 2, 'x_3': 0}. Best is trial 21 with value: 0.0.
[I 2024-11-24 16:11:50,218] Trial 371 finished with value: 9.0 and parameters: {'x_0': -1, 'x_1': -2, 'x_2': 2, 'x_3': 0}. Best is trial 164 with value: 0.0.
[I 2024-11-24 16:11:50,417] Trial 342 finished with value: 9.0 and parameters: {'x_0': -2, 'x_1': 1, 'x_2': -2, 'x_3': 0}. Best is trial 148 with value: 0.0.
[I 2024-11-24 16:11:50,482] Trial 349 finished with value: 6.0 and parameters: {'x_0': 0, 'x_1': -1, 'x_2': 1, 'x_3': 2}. Best is trial 99 with value: 0.0.
[I 2024-11-24 16:11:50,536] Trial 356 finished with value: 7.0 and parameters: {'x_0': -2, 'x_1': -1, 'x_2': 1, 'x_3': -1}. Best is trial 56 with value: 0.0.
[I 2024-11-24 16:11:50,671] Trial 351 finished with value: 9.0 and parameters: {'x_0': 2, 'x_1': -1, 'x_2': -2, 'x_3': 0}. Best is trial 41 with value: 0.0.
[I 2024-11-24 16:11:50,924] Trial 348 finished with value: 12.0 and parameters: {'x_0': -1, 'x_1': 1, 'x_2': 3, 'x_3': 1}. Best is trial 16 with value: 0.0.
[I 2024-11-24 16:11:51,157] Trial 367 finished with value: 13.0 and parameters: {'x_0': -2, 'x_1': 2, 'x_2': -1, 'x_3': -2}. Best is trial 21 with value: 0.0.
[I 2024-11-24 16:11:51,158] Trial 372 finished with value: 9.0 and parameters: {'x_0': -2, 'x_1': 2, 'x_2': 0, 'x_3': 1}. Best is trial 164 with value: 0.0.
[I 2024-11-24 16:11:51,294] Trial 357 finished with value: 14.0 and parameters: {'x_0': -3, 'x_1': -2, 'x_2': 0, 'x_3': 1}. Best is trial 26 with value: 0.0.
[I 2024-11-24 16:11:51,450] Trial 343 finished with value: 14.0 and parameters: {'x_0': -3, 'x_1': 0, 'x_2': 2, 'x_3': 1}. Best is trial 148 with value: 0.0.
[I 2024-11-24 16:11:51,510] Trial 352 finished with value: 8.0 and parameters: {'x_0': 0, 'x_1': 2, 'x_2': 2, 'x_3': 0}. Best is trial 25 with value: 0.0.
[I 2024-11-24 16:11:51,613] Trial 345 finished with value: 6.0 and parameters: {'x_0': -1, 'x_1': -1, 'x_2': 2, 'x_3': 0}. Best is trial 29 with value: 0.0.
[I 2024-11-24 16:11:51,905] Trial 373 finished with value: 9.0 and parameters: {'x_0': -2, 'x_1': -1, 'x_2': 2, 'x_3': 0}. Best is trial 164 with value: 0.0.
[I 2024-11-24 16:11:52,234] Trial 350 finished with value: 9.0 and parameters: {'x_0': 0, 'x_1': 2, 'x_2': -1, 'x_3': 2}. Best is trial 99 with value: 0.0.
[I 2024-11-24 16:11:52,342] Trial 353 finished with value: 6.0 and parameters: {'x_0': 1, 'x_1': -1, 'x_2': 2, 'x_3': 0}. Best is trial 25 with value: 0.0.
[I 2024-11-24 16:11:52,366] Trial 352 finished with value: 12.0 and parameters: {'x_0': 1, 'x_1': 1, 'x_2': 1, 'x_3': -3}. Best is trial 41 with value: 0.0.
[I 2024-11-24 16:11:52,438] Trial 358 finished with value: 6.0 and parameters: {'x_0': 1, 'x_1': 2, 'x_2': 0, 'x_3': -1}. Best is trial 26 with value: 0.0.
[I 2024-11-24 16:11:52,456] Trial 357 finished with value: 7.0 and parameters: {'x_0': 1, 'x_1': -1, 'x_2': -2, 'x_3': -1}. Best is trial 56 with value: 0.0.
[I 2024-11-24 16:11:52,695] Trial 349 finished with value: 14.0 and parameters: {'x_0': 3, 'x_1': 0, 'x_2': -2, 'x_3': -1}. Best is trial 16 with value: 0.0.
[I 2024-11-24 16:11:53,006] Trial 368 finished with value: 14.0 and parameters: {'x_0': -1, 'x_1': -2, 'x_2': 3, 'x_3': 0}. Best is trial 21 with value: 0.0.
[I 2024-11-24 16:11:53,145] Trial 354 finished with value: 10.0 and parameters: {'x_0': 2, 'x_1': 2, 'x_2': 1, 'x_3': -1}. Best is trial 25 with value: 0.0.
[I 2024-11-24 16:11:53,159] Trial 353 finished with value: 6.0 and parameters: {'x_0': 1, 'x_1': -2, 'x_2': 0, 'x_3': -1}. Best is trial 41 with value: 0.0.
[I 2024-11-24 16:11:53,181] Trial 351 finished with value: 13.0 and parameters: {'x_0': 3, 'x_1': -2, 'x_2': 0, 'x_3': 0}. Best is trial 99 with value: 0.0.
[I 2024-11-24 16:11:53,260] Trial 358 finished with value: 9.0 and parameters: {'x_0': 2, 'x_1': 0, 'x_2': 1, 'x_3': 2}. Best is trial 56 with value: 0.0.
[I 2024-11-24 16:11:53,361] Trial 359 finished with value: 13.0 and parameters: {'x_0': 0, 'x_1': -3, 'x_2': 2, 'x_3': 0}. Best is trial 26 with value: 0.0.
[I 2024-11-24 16:11:53,505] Trial 346 finished with value: 6.0 and parameters: {'x_0': 1, 'x_1': -2, 'x_2': -1, 'x_3': 0}. Best is trial 29 with value: 0.0.
[I 2024-11-24 16:11:53,560] Trial 344 finished with value: 14.0 and parameters: {'x_0': -1, 'x_1': -3, 'x_2': 2, 'x_3': 0}. Best is trial 148 with value: 0.0.
[I 2024-11-24 16:11:53,849] Trial 350 finished with value: 10.0 and parameters: {'x_0': 1, 'x_1': 3, 'x_2': 0, 'x_3': 0}. Best is trial 16 with value: 0.0.
[I 2024-11-24 16:11:53,882] Trial 369 finished with value: 9.0 and parameters: {'x_0': -2, 'x_1': 1, 'x_2': 2, 'x_3': 0}. Best is trial 21 with value: 0.0.
[I 2024-11-24 16:11:53,914] Trial 354 finished with value: 12.0 and parameters: {'x_0': -1, 'x_1': -1, 'x_2': -1, 'x_3': -3}. Best is trial 41 with value: 0.0.
[I 2024-11-24 16:11:54,069] Trial 374 finished with value: 13.0 and parameters: {'x_0': -3, 'x_1': 0, 'x_2': -2, 'x_3': 0}. Best is trial 164 with value: 0.0.
[I 2024-11-24 16:11:54,248] Trial 352 finished with value: 11.0 and parameters: {'x_0': 1, 'x_1': -1, 'x_2': 0, 'x_3': 3}. Best is trial 99 with value: 0.0.
[I 2024-11-24 16:11:54,317] Trial 359 finished with value: 5.0 and parameters: {'x_0': 1, 'x_1': 2, 'x_2': 0, 'x_3': 0}. Best is trial 56 with value: 0.0.
[I 2024-11-24 16:11:54,810] Trial 351 finished with value: 10.0 and parameters: {'x_0': -1, 'x_1': 0, 'x_2': 0, 'x_3': 3}. Best is trial 16 with value: 0.0.
[I 2024-11-24 16:11:54,847] Trial 345 finished with value: 10.0 and parameters: {'x_0': 2, 'x_1': -2, 'x_2': 1, 'x_3': -1}. Best is trial 148 with value: 0.0.
[I 2024-11-24 16:11:54,862] Trial 370 finished with value: 13.0 and parameters: {'x_0': 2, 'x_1': 2, 'x_2': 1, 'x_3': 2}. Best is trial 21 with value: 0.0.
[I 2024-11-24 16:11:55,051] Trial 375 finished with value: 6.0 and parameters: {'x_0': 2, 'x_1': 1, 'x_2': 1, 'x_3': 0}. Best is trial 164 with value: 0.0.
[I 2024-11-24 16:11:55,157] Trial 355 finished with value: 7.0 and parameters: {'x_0': 1, 'x_1': -2, 'x_2': 1, 'x_3': 1}. Best is trial 25 with value: 0.0.
[I 2024-11-24 16:11:55,199] Trial 360 finished with value: 10.0 and parameters: {'x_0': -1, 'x_1': 2, 'x_2': 2, 'x_3': -1}. Best is trial 26 with value: 0.0.
[I 2024-11-24 16:11:55,201] Trial 347 finished with value: 11.0 and parameters: {'x_0': -3, 'x_1': 0, 'x_2': -1, 'x_3': 1}. Best is trial 29 with value: 0.0.
[I 2024-11-24 16:11:55,828] Trial 376 finished with value: 13.0 and parameters: {'x_0': -2, 'x_1': 2, 'x_2': -1, 'x_3': 2}. Best is trial 164 with value: 0.0.
[I 2024-11-24 16:11:55,859] Trial 355 finished with value: 6.0 and parameters: {'x_0': -1, 'x_1': -2, 'x_2': 0, 'x_3': -1}. Best is trial 41 with value: 0.0.
[I 2024-11-24 16:11:55,953] Trial 356 finished with value: 8.0 and parameters: {'x_0': 0, 'x_1': -2, 'x_2': 0, 'x_3': -2}. Best is trial 25 with value: 0.0.
[I 2024-11-24 16:11:55,990] Trial 353 finished with value: 9.0 and parameters: {'x_0': -2, 'x_1': -1, 'x_2': -2, 'x_3': 0}. Best is trial 99 with value: 0.0.
[I 2024-11-24 16:11:56,127] Trial 361 finished with value: 6.0 and parameters: {'x_0': 1, 'x_1': -1, 'x_2': -2, 'x_3': 0}. Best is trial 26 with value: 0.0.
[I 2024-11-24 16:11:56,141] Trial 360 finished with value: 6.0 and parameters: {'x_0': 1, 'x_1': 2, 'x_2': 0, 'x_3': -1}. Best is trial 56 with value: 0.0.
[I 2024-11-24 16:11:56,498] Trial 371 finished with value: 9.0 and parameters: {'x_0': 0, 'x_1': 2, 'x_2': -2, 'x_3': 1}. Best is trial 21 with value: 0.0.
[I 2024-11-24 16:11:56,606] Trial 352 finished with value: 9.0 and parameters: {'x_0': 1, 'x_1': -2, 'x_2': 2, 'x_3': 0}. Best is trial 16 with value: 0.0.
