[I 2024-11-24 16:14:45,415] Trial 467 finished with value: 9.0 and parameters: {'x_0': 0, 'x_1': 2, 'x_2': 1, 'x_3': -2}. Best is trial 56 with value: 0.0.
[I 2024-11-24 16:14:45,527] Trial 454 finished with value: 9.0 and parameters: {'x_0': -2, 'x_1': 0, 'x_2': -1, 'x_3': -2}. Best is trial 16 with value: 0.0.
[I 2024-11-24 16:14:45,943] Trial 472 finished with value: 7.0 and parameters: {'x_0': -1, 'x_1': 2, 'x_2': -1, 'x_3': 1}. Best is trial 21 with value: 0.0.
[I 2024-11-24 16:14:46,006] Trial 459 finished with value: 15.0 and parameters: {'x_0': -3, 'x_1': 1, 'x_2': -2, 'x_3': 1}. Best is trial 25 with value: 0.0.
[I 2024-11-24 16:14:46,110] Trial 447 finished with value: 10.0 and parameters: {'x_0': 1, 'x_1': 0, 'x_2': 0, 'x_3': -3}. Best is trial 148 with value: 0.0.
[I 2024-11-24 16:14:46,138] Trial 472 finished with value: 9.0 and parameters: {'x_0': 1, 'x_1': 0, 'x_2': 2, 'x_3': -2}. Best is trial 164 with value: 0.0.
[I 2024-11-24 16:14:46,351] Trial 452 finished with value: 7.0 and parameters: {'x_0': 1, 'x_1': 1, 'x_2': 2, 'x_3': -1}. Best is trial 41 with value: 0.0.
[I 2024-11-24 16:14:46,610] Trial 425 finished with value: 7.0 and parameters: {'x_0': -2, 'x_1': -1, 'x_2': -1, 'x_3': 1}. Best is trial 29 with value: 0.0.
[I 2024-11-24 16:14:46,678] Trial 454 finished with value: 9.0 and parameters: {'x_0': 2, 'x_1': 0, 'x_2': 2, 'x_3': -1}. Best is trial 99 with value: 0.0.
[I 2024-11-24 16:14:46,915] Trial 468 finished with value: 6.0 and parameters: {'x_0': 1, 'x_1': -2, 'x_2': 0, 'x_3': 1}. Best is trial 56 with value: 0.0.
[I 2024-11-24 16:14:47,159] Trial 455 finished with value: 11.0 and parameters: {'x_0': -1, 'x_1': 3, 'x_2': 1, 'x_3': 0}. Best is trial 16 with value: 0.0.
[I 2024-11-24 16:14:47,540] Trial 473 finished with value: 14.0 and parameters: {'x_0': 3, 'x_1': -1, 'x_2': -2, 'x_3': 0}. Best is trial 21 with value: 0.0.
[I 2024-11-24 16:14:47,794] Trial 460 finished with value: 9.0 and parameters: {'x_0': -2, 'x_1': 1, 'x_2': 0, 'x_3': -2}. Best is trial 25 with value: 0.0.
[I 2024-11-24 16:14:47,853] Trial 453 finished with value: 7.0 and parameters: {'x_0': -1, 'x_1': 2, 'x_2': 1, 'x_3': -1}. Best is trial 41 with value: 0.0.
[I 2024-11-24 16:14:48,207] Trial 455 finished with value: 9.0 and parameters: {'x_0': -2, 'x_1': -2, 'x_2': 0, 'x_3': -1}. Best is trial 99 with value: 0.0.
[I 2024-11-24 16:14:48,216] Trial 448 finished with value: 6.0 and parameters: {'x_0': -1, 'x_1': -2, 'x_2': 0, 'x_3': 1}. Best is trial 148 with value: 0.0.
[I 2024-11-24 16:14:48,605] Trial 469 finished with value: 5.0 and parameters: {'x_0': 0, 'x_1': -1, 'x_2': 2, 'x_3': 0}. Best is trial 56 with value: 0.0.
[I 2024-11-24 16:14:49,092] Trial 461 finished with value: 9.0 and parameters: {'x_0': 1, 'x_1': 0, 'x_2': -2, 'x_3': -2}. Best is trial 25 with value: 0.0.
[I 2024-11-24 16:14:49,173] Trial 462 finished with value: 15.0 and parameters: {'x_0': 2, 'x_1': 3, 'x_2': 1, 'x_3': -1}. Best is trial 26 with value: 0.0.
[I 2024-11-24 16:14:49,385] Trial 474 finished with value: 9.0 and parameters: {'x_0': -2, 'x_1': 0, 'x_2': -2, 'x_3': 1}. Best is trial 21 with value: 0.0.
[I 2024-11-24 16:14:49,574] Trial 454 finished with value: 7.0 and parameters: {'x_0': 1, 'x_1': -1, 'x_2': 1, 'x_3': -2}. Best is trial 41 with value: 0.0.
[I 2024-11-24 16:14:49,576] Trial 426 finished with value: 11.0 and parameters: {'x_0': -1, 'x_1': 3, 'x_2': 0, 'x_3': -1}. Best is trial 29 with value: 0.0.
[I 2024-11-24 16:14:49,730] Trial 473 finished with value: 10.0 and parameters: {'x_0': 0, 'x_1': -3, 'x_2': 1, 'x_3': 0}. Best is trial 164 with value: 0.0.
[I 2024-11-24 16:14:49,762] Trial 456 finished with value: 9.0 and parameters: {'x_0': -2, 'x_1': 0, 'x_2': -1, 'x_3': 2}. Best is trial 99 with value: 0.0.
[I 2024-11-24 16:14:49,777] Trial 449 finished with value: 6.0 and parameters: {'x_0': 1, 'x_1': -2, 'x_2': 0, 'x_3': -1}. Best is trial 148 with value: 0.0.
[I 2024-11-24 16:14:50,732] Trial 456 finished with value: 12.0 and parameters: {'x_0': 1, 'x_1': -1, 'x_2': 3, 'x_3': 1}. Best is trial 16 with value: 0.0.
[I 2024-11-24 16:14:51,093] Trial 463 finished with value: 9.0 and parameters: {'x_0': 2, 'x_1': -1, 'x_2': 0, 'x_3': 2}. Best is trial 26 with value: 0.0.
[I 2024-11-24 16:14:51,650] Trial 474 finished with value: 14.0 and parameters: {'x_0': 0, 'x_1': 2, 'x_2': -3, 'x_3': -1}. Best is trial 164 with value: 0.0.
[I 2024-11-24 16:14:52,270] Trial 450 finished with value: 10.0 and parameters: {'x_0': 0, 'x_1': -1, 'x_2': 0, 'x_3': 3}. Best is trial 148 with value: 0.0.
[I 2024-11-24 16:14:52,283] Trial 462 finished with value: 9.0 and parameters: {'x_0': 2, 'x_1': 0, 'x_2': -1, 'x_3': -2}. Best is trial 25 with value: 0.0.
[I 2024-11-24 16:14:52,331] Trial 470 finished with value: 6.0 and parameters: {'x_0': 0, 'x_1': -1, 'x_2': 2, 'x_3': 1}. Best is trial 56 with value: 0.0.
[I 2024-11-24 16:14:52,711] Trial 464 finished with value: 9.0 and parameters: {'x_0': -2, 'x_1': 1, 'x_2': 0, 'x_3': 2}. Best is trial 26 with value: 0.0.
[I 2024-11-24 16:14:52,852] Trial 457 finished with value: 6.0 and parameters: {'x_0': 1, 'x_1': 0, 'x_2': -2, 'x_3': -1}. Best is trial 16 with value: 0.0.
[I 2024-11-24 16:14:53,085] Trial 455 finished with value: 7.0 and parameters: {'x_0': -2, 'x_1': 1, 'x_2': -1, 'x_3': 1}. Best is trial 41 with value: 0.0.
[I 2024-11-24 16:14:53,096] Trial 427 finished with value: 8.0 and parameters: {'x_0': 2, 'x_1': 0, 'x_2': 0, 'x_3': -2}. Best is trial 29 with value: 0.0.
[I 2024-11-24 16:14:53,367] Trial 475 finished with value: 15.0 and parameters: {'x_0': 3, 'x_1': 2, 'x_2': -1, 'x_3': 1}. Best is trial 21 with value: 0.0.
[I 2024-11-24 16:14:53,385] Trial 457 finished with value: 9.0 and parameters: {'x_0': -2, 'x_1': 0, 'x_2': 1, 'x_3': -2}. Best is trial 99 with value: 0.0.
[I 2024-11-24 16:14:53,820] Trial 463 finished with value: 7.0 and parameters: {'x_0': -1, 'x_1': 1, 'x_2': 2, 'x_3': 1}. Best is trial 25 with value: 0.0.
[I 2024-11-24 16:14:53,839] Trial 475 finished with value: 9.0 and parameters: {'x_0': 3, 'x_1': 0, 'x_2': 0, 'x_3': 0}. Best is trial 164 with value: 0.0.
[I 2024-11-24 16:14:54,084] Trial 471 finished with value: 6.0 and parameters: {'x_0': 0, 'x_1': -1, 'x_2': 2, 'x_3': -1}. Best is trial 56 with value: 0.0.
[I 2024-11-24 16:14:54,117] Trial 451 finished with value: 8.0 and parameters: {'x_0': 0, 'x_1': -2, 'x_2': 0, 'x_3': 2}. Best is trial 148 with value: 0.0.
[I 2024-11-24 16:14:54,622] Trial 456 finished with value: 7.0 and parameters: {'x_0': -1, 'x_1': 2, 'x_2': -1, 'x_3': 1}. Best is trial 41 with value: 0.0.
[I 2024-11-24 16:14:54,839] Trial 458 finished with value: 9.0 and parameters: {'x_0': 2, 'x_1': 1, 'x_2': 0, 'x_3': -2}. Best is trial 16 with value: 0.0.
[I 2024-11-24 16:14:55,019] Trial 458 finished with value: 9.0 and parameters: {'x_0': 2, 'x_1': 1, 'x_2': 0, 'x_3': 2}. Best is trial 99 with value: 0.0.
[I 2024-11-24 16:14:55,557] Trial 428 finished with value: 7.0 and parameters: {'x_0': -1, 'x_1': 1, 'x_2': 1, 'x_3': 2}. Best is trial 29 with value: 0.0.
[I 2024-11-24 16:14:55,567] Trial 476 finished with value: 11.0 and parameters: {'x_0': 0, 'x_1': 1, 'x_2': 1, 'x_3': -3}. Best is trial 21 with value: 0.0.
[I 2024-11-24 16:14:55,717] Trial 464 finished with value: 10.0 and parameters: {'x_0': 1, 'x_1': 2, 'x_2': 1, 'x_3': 2}. Best is trial 25 with value: 0.0.
[I 2024-11-24 16:14:55,887] Trial 472 finished with value: 9.0 and parameters: {'x_0': 0, 'x_1': -1, 'x_2': 2, 'x_3': 2}. Best is trial 56 with value: 0.0.
[I 2024-11-24 16:14:55,893] Trial 452 finished with value: 10.0 and parameters: {'x_0': -1, 'x_1': 0, 'x_2': 0, 'x_3': 3}. Best is trial 148 with value: 0.0.
[I 2024-11-24 16:14:56,517] Trial 459 finished with value: 9.0 and parameters: {'x_0': -2, 'x_1': -1, 'x_2': 0, 'x_3': -2}. Best is trial 99 with value: 0.0.
[I 2024-11-24 16:14:56,606] Trial 465 finished with value: 9.0 and parameters: {'x_0': 0, 'x_1': -2, 'x_2': -2, 'x_3': 1}. Best is trial 26 with value: 0.0.
[I 2024-11-24 16:14:56,681] Trial 457 finished with value: 8.0 and parameters: {'x_0': -2, 'x_1': 0, 'x_2': 0, 'x_3': 2}. Best is trial 41 with value: 0.0.
[I 2024-11-24 16:14:57,708] Trial 477 finished with value: 14.0 and parameters: {'x_0': -3, 'x_1': 1, 'x_2': -2, 'x_3': 0}. Best is trial 21 with value: 0.0.
[I 2024-11-24 16:14:58,198] Trial 476 finished with value: 9.0 and parameters: {'x_0': 1, 'x_1': 0, 'x_2': -2, 'x_3': 2}. Best is trial 164 with value: 0.0.
[I 2024-11-24 16:14:58,329] Trial 466 finished with value: 9.0 and parameters: {'x_0': 1, 'x_1': 0, 'x_2': -2, 'x_3': -2}. Best is trial 26 with value: 0.0.
[I 2024-11-24 16:14:58,517] Trial 465 finished with value: 9.0 and parameters: {'x_0': -2, 'x_1': 0, 'x_2': 1, 'x_3': -2}. Best is trial 25 with value: 0.0.
[I 2024-11-24 16:14:58,649] Trial 459 finished with value: 13.0 and parameters: {'x_0': 0, 'x_1': 2, 'x_2': 0, 'x_3': -3}. Best is trial 16 with value: 0.0.
[I 2024-11-24 16:14:59,190] Trial 429 finished with value: 7.0 and parameters: {'x_0': 1, 'x_1': 1, 'x_2': 1, 'x_3': -2}. Best is trial 29 with value: 0.0.
[I 2024-11-24 16:14:59,892] Trial 473 finished with value: 5.0 and parameters: {'x_0': 1, 'x_1': -2, 'x_2': 0, 'x_3': 0}. Best is trial 56 with value: 0.0.
[I 2024-11-24 16:14:59,957] Trial 466 finished with value: 10.0 and parameters: {'x_0': 0, 'x_1': 0, 'x_2': 1, 'x_3': 3}. Best is trial 25 with value: 0.0.
[I 2024-11-24 16:15:00,029] Trial 477 finished with value: 9.0 and parameters: {'x_0': 2, 'x_1': -1, 'x_2': 0, 'x_3': 2}. Best is trial 164 with value: 0.0.
[I 2024-11-24 16:15:00,076] Trial 467 finished with value: 10.0 and parameters: {'x_0': 3, 'x_1': 0, 'x_2': 0, 'x_3': -1}. Best is trial 26 with value: 0.0.
[I 2024-11-24 16:15:00,412] Trial 460 finished with value: 9.0 and parameters: {'x_0': 2, 'x_1': 0, 'x_2': -2, 'x_3': 1}. Best is trial 99 with value: 0.0.
[I 2024-11-24 16:15:00,413] Trial 453 finished with value: 10.0 and parameters: {'x_0': 1, 'x_1': -3, 'x_2': 0, 'x_3': 0}. Best is trial 148 with value: 0.0.
[I 2024-11-24 16:15:00,425] Trial 460 finished with value: 9.0 and parameters: {'x_0': 2, 'x_1': 0, 'x_2': 1, 'x_3': -2}. Best is trial 16 with value: 0.0.
[I 2024-11-24 16:15:00,811] Trial 478 finished with value: 7.0 and parameters: {'x_0': 1, 'x_1': -2, 'x_2': 1, 'x_3': 1}. Best is trial 21 with value: 0.0.
[I 2024-11-24 16:15:01,299] Trial 458 finished with value: 7.0 and parameters: {'x_0': 1, 'x_1': -2, 'x_2': 1, 'x_3': 1}. Best is trial 41 with value: 0.0.
[I 2024-11-24 16:15:01,529] Trial 474 finished with value: 7.0 and parameters: {'x_0': -1, 'x_1': 2, 'x_2': -1, 'x_3': -1}. Best is trial 56 with value: 0.0.
[I 2024-11-24 16:15:01,609] Trial 430 finished with value: 7.0 and parameters: {'x_0': 1, 'x_1': -1, 'x_2': 1, 'x_3': 2}. Best is trial 29 with value: 0.0.
[I 2024-11-24 16:15:01,618] Trial 467 finished with value: 8.0 and parameters: {'x_0': 2, 'x_1': 0, 'x_2': 0, 'x_3': 2}. Best is trial 25 with value: 0.0.
[I 2024-11-24 16:15:01,625] Trial 461 finished with value: 9.0 and parameters: {'x_0': 0, 'x_1': -1, 'x_2': -2, 'x_3': 2}. Best is trial 16 with value: 0.0.
[I 2024-11-24 16:15:01,692] Trial 478 finished with value: 9.0 and parameters: {'x_0': 2, 'x_1': 0, 'x_2': 2, 'x_3': -1}. Best is trial 164 with value: 0.0.
[I 2024-11-24 16:15:01,892] Trial 454 finished with value: 6.0 and parameters: {'x_0': -1, 'x_1': -2, 'x_2': -1, 'x_3': 0}. Best is trial 148 with value: 0.0.
[I 2024-11-24 16:15:01,960] Trial 461 finished with value: 9.0 and parameters: {'x_0': 0, 'x_1': -2, 'x_2': -2, 'x_3': -1}. Best is trial 99 with value: 0.0.
[I 2024-11-24 16:15:01,980] Trial 479 finished with value: 14.0 and parameters: {'x_0': 0, 'x_1': -2, 'x_2': 3, 'x_3': 1}. Best is trial 21 with value: 0.0.
[I 2024-11-24 16:15:02,524] Trial 459 finished with value: 14.0 and parameters: {'x_0': -1, 'x_1': -2, 'x_2': -3, 'x_3': 0}. Best is trial 41 with value: 0.0.
[I 2024-11-24 16:15:03,422] Trial 480 finished with value: 7.0 and parameters: {'x_0': -1, 'x_1': 2, 'x_2': 1, 'x_3': 1}. Best is trial 21 with value: 0.0.
[I 2024-11-24 16:15:03,737] Trial 468 finished with value: 9.0 and parameters: {'x_0': 2, 'x_1': 0, 'x_2': 1, 'x_3': 2}. Best is trial 26 with value: 0.0.
[I 2024-11-24 16:15:03,820] Trial 462 finished with value: 15.0 and parameters: {'x_0': -1, 'x_1': -2, 'x_2': 3, 'x_3': 1}. Best is trial 99 with value: 0.0.
[I 2024-11-24 16:15:04,326] Trial 431 finished with value: 9.0 and parameters: {'x_0': 2, 'x_1': 2, 'x_2': -1, 'x_3': 0}. Best is trial 29 with value: 0.0.
[I 2024-11-24 16:15:04,438] Trial 460 finished with value: 9.0 and parameters: {'x_0': 0, 'x_1': 1, 'x_2': -2, 'x_3': 2}. Best is trial 41 with value: 0.0.
[I 2024-11-24 16:15:04,859] Trial 455 finished with value: 9.0 and parameters: {'x_0': 1, 'x_1': 0, 'x_2': 2, 'x_3': -2}. Best is trial 148 with value: 0.0.
[I 2024-11-24 16:15:04,997] Trial 475 finished with value: 6.0 and parameters: {'x_0': -2, 'x_1': -1, 'x_2': 0, 'x_3': -1}. Best is trial 56 with value: 0.0.
[I 2024-11-24 16:15:05,177] Trial 469 finished with value: 9.0 and parameters: {'x_0': -2, 'x_1': 0, 'x_2': -2, 'x_3': 1}. Best is trial 26 with value: 0.0.
[I 2024-11-24 16:15:05,227] Trial 462 finished with value: 9.0 and parameters: {'x_0': 2, 'x_1': 0, 'x_2': -1, 'x_3': 2}. Best is trial 16 with value: 0.0.
[I 2024-11-24 16:15:05,248] Trial 468 finished with value: 14.0 and parameters: {'x_0': 1, 'x_1': -2, 'x_2': -3, 'x_3': 0}. Best is trial 25 with value: 0.0.
[I 2024-11-24 16:15:05,358] Trial 479 finished with value: 8.0 and parameters: {'x_0': -2, 'x_1': 2, 'x_2': 0, 'x_3': 0}. Best is trial 164 with value: 0.0.
[I 2024-11-24 16:15:06,496] Trial 481 finished with value: 9.0 and parameters: {'x_0': -1, 'x_1': -2, 'x_2': 0, 'x_3': -2}. Best is trial 21 with value: 0.0.
[I 2024-11-24 16:15:06,498] Trial 456 finished with value: 12.0 and parameters: {'x_0': 1, 'x_1': 3, 'x_2': 1, 'x_3': 1}. Best is trial 148 with value: 0.0.
[I 2024-11-24 16:15:06,524] Trial 476 finished with value: 7.0 and parameters: {'x_0': 1, 'x_1': 2, 'x_2': 1, 'x_3': -1}. Best is trial 56 with value: 0.0.
[I 2024-11-24 16:15:06,750] Trial 463 finished with value: 7.0 and parameters: {'x_0': 1, 'x_1': -1, 'x_2': -1, 'x_3': 2}. Best is trial 16 with value: 0.0.
[I 2024-11-24 16:15:06,751] Trial 469 finished with value: 9.0 and parameters: {'x_0': -1, 'x_1': 0, 'x_2': 2, 'x_3': 2}. Best is trial 25 with value: 0.0.
[I 2024-11-24 16:15:06,852] Trial 432 finished with value: 7.0 and parameters: {'x_0': -1, 'x_1': -1, 'x_2': 1, 'x_3': -2}. Best is trial 29 with value: 0.0.
[I 2024-11-24 16:15:06,860] Trial 470 finished with value: 11.0 and parameters: {'x_0': 1, 'x_1': 0, 'x_2': 1, 'x_3': 3}. Best is trial 26 with value: 0.0.
[I 2024-11-24 16:15:07,185] Trial 480 finished with value: 9.0 and parameters: {'x_0': -2, 'x_1': -2, 'x_2': 0, 'x_3': -1}. Best is trial 164 with value: 0.0.
[I 2024-11-24 16:15:07,771] Trial 463 finished with value: 4.0 and parameters: {'x_0': 0, 'x_1': 2, 'x_2': 0, 'x_3': 0}. Best is trial 99 with value: 0.0.
[I 2024-11-24 16:15:07,788] Trial 477 finished with value: 9.0 and parameters: {'x_0': 2, 'x_1': -2, 'x_2': 0, 'x_3': 1}. Best is trial 56 with value: 0.0.
[I 2024-11-24 16:15:07,842] Trial 461 finished with value: 9.0 and parameters: {'x_0': 0, 'x_1': -1, 'x_2': -2, 'x_3': -2}. Best is trial 41 with value: 0.0.
[I 2024-11-24 16:15:08,030] Trial 482 finished with value: 9.0 and parameters: {'x_0': -2, 'x_1': 0, 'x_2': 2, 'x_3': -1}. Best is trial 21 with value: 0.0.
[I 2024-11-24 16:15:08,069] Trial 457 finished with value: 11.0 and parameters: {'x_0': -1, 'x_1': -1, 'x_2': 0, 'x_3': -3}. Best is trial 148 with value: 0.0.
[I 2024-11-24 16:15:08,107] Trial 470 finished with value: 10.0 and parameters: {'x_0': 0, 'x_1': 0, 'x_2': -1, 'x_3': -3}. Best is trial 25 with value: 0.0.
[I 2024-11-24 16:15:08,158] Trial 464 finished with value: 9.0 and parameters: {'x_0': 0, 'x_1': 1, 'x_2': 2, 'x_3': 2}. Best is trial 16 with value: 0.0.
[I 2024-11-24 16:15:08,746] Trial 481 finished with value: 9.0 and parameters: {'x_0': -2, 'x_1': 1, 'x_2': 0, 'x_3': 2}. Best is trial 164 with value: 0.0.
[I 2024-11-24 16:15:09,276] Trial 464 finished with value: 5.0 and parameters: {'x_0': 0, 'x_1': 2, 'x_2': 0, 'x_3': 1}. Best is trial 99 with value: 0.0.
[I 2024-11-24 16:15:09,532] Trial 462 finished with value: 9.0 and parameters: {'x_0': 1, 'x_1': 0, 'x_2': -2, 'x_3': -2}. Best is trial 41 with value: 0.0.
[I 2024-11-24 16:15:09,628] Trial 433 finished with value: 12.0 and parameters: {'x_0': 1, 'x_1': 1, 'x_2': -3, 'x_3': 1}. Best is trial 29 with value: 0.0.
[I 2024-11-24 16:15:09,750] Trial 483 finished with value: 9.0 and parameters: {'x_0': 0, 'x_1': -1, 'x_2': 2, 'x_3': 2}. Best is trial 21 with value: 0.0.
[I 2024-11-24 16:15:10,429] Trial 478 finished with value: 9.0 and parameters: {'x_0': -1, 'x_1': -2, 'x_2': 2, 'x_3': 0}. Best is trial 56 with value: 0.0.
[I 2024-11-24 16:15:10,698] Trial 471 finished with value: 9.0 and parameters: {'x_0': -2, 'x_1': 0, 'x_2': -1, 'x_3': -2}. Best is trial 26 with value: 0.0.
[I 2024-11-24 16:15:10,853] Trial 465 finished with value: 5.0 and parameters: {'x_0': 0, 'x_1': 2, 'x_2': 0, 'x_3': -1}. Best is trial 99 with value: 0.0.
[I 2024-11-24 16:15:11,034] Trial 458 finished with value: 9.0 and parameters: {'x_0': -1, 'x_1': 0, 'x_2': -2, 'x_3': -2}. Best is trial 148 with value: 0.0.
[I 2024-11-24 16:15:11,227] Trial 463 finished with value: 9.0 and parameters: {'x_0': -1, 'x_1': 0, 'x_2': 2, 'x_3': 2}. Best is trial 41 with value: 0.0.
[I 2024-11-24 16:15:11,714] Trial 471 finished with value: 11.0 and parameters: {'x_0': 0, 'x_1': -3, 'x_2': 1, 'x_3': 1}. Best is trial 25 with value: 0.0.
[I 2024-11-24 16:15:11,952] Trial 479 finished with value: 7.0 and parameters: {'x_0': 1, 'x_1': -2, 'x_2': -1, 'x_3': -1}. Best is trial 56 with value: 0.0.
[I 2024-11-24 16:15:12,122] Trial 472 finished with value: 15.0 and parameters: {'x_0': 3, 'x_1': 1, 'x_2': 2, 'x_3': 1}. Best is trial 26 with value: 0.0.
[I 2024-11-24 16:15:12,212] Trial 465 finished with value: 9.0 and parameters: {'x_0': -2, 'x_1': -1, 'x_2': 0, 'x_3': 2}. Best is trial 16 with value: 0.0.
[I 2024-11-24 16:15:12,352] Trial 482 finished with value: 9.0 and parameters: {'x_0': -1, 'x_1': 0, 'x_2': -2, 'x_3': -2}. Best is trial 164 with value: 0.0.
[I 2024-11-24 16:15:12,520] Trial 459 finished with value: 9.0 and parameters: {'x_0': -2, 'x_1': 1, 'x_2': 0, 'x_3': -2}. Best is trial 148 with value: 0.0.
[I 2024-11-24 16:15:12,810] Trial 434 finished with value: 23.0 and parameters: {'x_0': -2, 'x_1': -3, 'x_2': 3, 'x_3': -1}. Best is trial 29 with value: 0.0.
[I 2024-11-24 16:15:13,397] Trial 480 finished with value: 9.0 and parameters: {'x_0': 0, 'x_1': 3, 'x_2': 0, 'x_3': 0}. Best is trial 56 with value: 0.0.
[I 2024-11-24 16:15:13,409] Trial 472 finished with value: 15.0 and parameters: {'x_0': 3, 'x_1': -1, 'x_2': -2, 'x_3': -1}. Best is trial 25 with value: 0.0.
[I 2024-11-24 16:15:13,465] Trial 484 finished with value: 9.0 and parameters: {'x_0': 2, 'x_1': 0, 'x_2': 1, 'x_3': 2}. Best is trial 21 with value: 0.0.
[I 2024-11-24 16:15:13,634] Trial 473 finished with value: 13.0 and parameters: {'x_0': 2, 'x_1': 0, 'x_2': 3, 'x_3': 0}. Best is trial 26 with value: 0.0.
[I 2024-11-24 16:15:13,754] Trial 466 finished with value: 13.0 and parameters: {'x_0': -2, 'x_1': 2, 'x_2': 2, 'x_3': -1}. Best is trial 16 with value: 0.0.
[I 2024-11-24 16:15:13,800] Trial 460 finished with value: 7.0 and parameters: {'x_0': -1, 'x_1': -2, 'x_2': -1, 'x_3': 1}. Best is trial 148 with value: 0.0.
[I 2024-11-24 16:15:14,029] Trial 466 finished with value: 8.0 and parameters: {'x_0': -2, 'x_1': 2, 'x_2': 0, 'x_3': 0}. Best is trial 99 with value: 0.0.
[I 2024-11-24 16:15:14,350] Trial 483 finished with value: 8.0 and parameters: {'x_0': 2, 'x_1': 2, 'x_2': 0, 'x_3': 0}. Best is trial 164 with value: 0.0.
[I 2024-11-24 16:15:14,741] Trial 464 finished with value: 9.0 and parameters: {'x_0': 0, 'x_1': -2, 'x_2': -1, 'x_3': -2}. Best is trial 41 with value: 0.0.
[I 2024-11-24 16:15:14,970] Trial 485 finished with value: 9.0 and parameters: {'x_0': -2, 'x_1': 0, 'x_2': -1, 'x_3': -2}. Best is trial 21 with value: 0.0.
[I 2024-11-24 16:15:15,417] Trial 473 finished with value: 13.0 and parameters: {'x_0': 2, 'x_1': -2, 'x_2': -2, 'x_3': -1}. Best is trial 25 with value: 0.0.
[I 2024-11-24 16:15:15,940] Trial 467 finished with value: 8.0 and parameters: {'x_0': 0, 'x_1': 2, 'x_2': 0, 'x_3': -2}. Best is trial 99 with value: 0.0.
[I 2024-11-24 16:15:15,950] Trial 435 finished with value: 9.0 and parameters: {'x_0': -2, 'x_1': 2, 'x_2': 1, 'x_3': 0}. Best is trial 29 with value: 0.0.
[I 2024-11-24 16:15:16,380] Trial 481 finished with value: 13.0 and parameters: {'x_0': 0, 'x_1': 2, 'x_2': 0, 'x_3': 3}. Best is trial 56 with value: 0.0.
[I 2024-11-24 16:15:16,464] Trial 486 finished with value: 15.0 and parameters: {'x_0': 3, 'x_1': 1, 'x_2': 2, 'x_3': 1}. Best is trial 21 with value: 0.0.
[I 2024-11-24 16:15:16,540] Trial 467 finished with value: 10.0 and parameters: {'x_0': 1, 'x_1': -2, 'x_2': 1, 'x_3': -2}. Best is trial 16 with value: 0.0.
[I 2024-11-24 16:15:16,617] Trial 465 finished with value: 9.0 and parameters: {'x_0': 0, 'x_1': 2, 'x_2': -1, 'x_3': 2}. Best is trial 41 with value: 0.0.
[I 2024-11-24 16:15:16,734] Trial 474 finished with value: 9.0 and parameters: {'x_0': -1, 'x_1': -2, 'x_2': 0, 'x_3': 2}. Best is trial 26 with value: 0.0.
[I 2024-11-24 16:15:16,989] Trial 461 finished with value: 9.0 and parameters: {'x_0': 2, 'x_1': -1, 'x_2': 0, 'x_3': 2}. Best is trial 148 with value: 0.0.
[I 2024-11-24 16:15:17,781] Trial 468 finished with value: 5.0 and parameters: {'x_0': -1, 'x_1': 2, 'x_2': 0, 'x_3': 0}. Best is trial 99 with value: 0.0.
[I 2024-11-24 16:15:18,363] Trial 484 finished with value: 9.0 and parameters: {'x_0': -1, 'x_1': 2, 'x_2': 2, 'x_3': 0}. Best is trial 164 with value: 0.0.
