[I 2024-11-24 16:17:35,826] Trial 118 finished with value: 0.0 and parameters: {'x_0': 0, 'x_1': 0, 'x_2': 0, 'x_3': 0}. Best is trial 35 with value: 0.0.
[I 2024-11-24 16:17:35,939] Trial 118 finished with value: 0.0 and parameters: {'x_0': 0, 'x_1': 0, 'x_2': 0, 'x_3': 0}. Best is trial 24 with value: 0.0.
[I 2024-11-24 16:17:35,959] Trial 116 finished with value: 0.0 and parameters: {'x_0': 0, 'x_1': 0, 'x_2': 0, 'x_3': 0}. Best is trial 19 with value: 0.0.
[I 2024-11-24 16:17:36,000] Trial 119 finished with value: 0.0 and parameters: {'x_0': 0, 'x_1': 0, 'x_2': 0, 'x_3': 0}. Best is trial 23 with value: 0.0.
[I 2024-11-24 16:17:36,044] Trial 119 finished with value: 0.0 and parameters: {'x_0': 0, 'x_1': 0, 'x_2': 0, 'x_3': 0}. Best is trial 28 with value: 0.0.
[I 2024-11-24 16:17:36,190] Trial 120 finished with value: 0.0 and parameters: {'x_0': 0, 'x_1': 0, 'x_2': 0, 'x_3': 0}. Best is trial 13 with value: 0.0.
[I 2024-11-24 16:17:36,268] Trial 119 finished with value: 0.0 and parameters: {'x_0': 0, 'x_1': 0, 'x_2': 0, 'x_3': 0}. Best is trial 9 with value: 0.0.
[I 2024-11-24 16:17:36,290] Trial 120 finished with value: 0.0 and parameters: {'x_0': 0, 'x_1': 0, 'x_2': 0, 'x_3': 0}. Best is trial 25 with value: 0.0.
[I 2024-11-24 16:17:36,296] Trial 118 finished with value: 0.0 and parameters: {'x_0': 0, 'x_1': 0, 'x_2': 0, 'x_3': 0}. Best is trial 19 with value: 0.0.
[I 2024-11-24 16:17:36,367] Trial 117 finished with value: 5.0 and parameters: {'x_0': 0, 'x_1': 0, 'x_2': 2, 'x_3': 1}. Best is trial 43 with value: 0.0.
[I 2024-11-24 16:17:36,395] Trial 119 finished with value: 0.0 and parameters: {'x_0': 0, 'x_1': 0, 'x_2': 0, 'x_3': 0}. Best is trial 35 with value: 0.0.
[I 2024-11-24 16:17:36,475] Trial 120 finished with value: 0.0 and parameters: {'x_0': 0, 'x_1': 0, 'x_2': 0, 'x_3': 0}. Best is trial 23 with value: 0.0.
[I 2024-11-24 16:17:36,529] Trial 117 finished with value: 0.0 and parameters: {'x_0': 0, 'x_1': 0, 'x_2': 0, 'x_3': 0}. Best is trial 19 with value: 0.0.
[I 2024-11-24 16:17:36,563] Trial 119 finished with value: 0.0 and parameters: {'x_0': 0, 'x_1': 0, 'x_2': 0, 'x_3': 0}. Best is trial 24 with value: 0.0.
[I 2024-11-24 16:17:36,620] Trial 120 finished with value: 0.0 and parameters: {'x_0': 0, 'x_1': 0, 'x_2': 0, 'x_3': 0}. Best is trial 28 with value: 0.0.
[I 2024-11-24 16:17:36,707] Trial 120 finished with value: 0.0 and parameters: {'x_0': 0, 'x_1': 0, 'x_2': 0, 'x_3': 0}. Best is trial 9 with value: 0.0.
[I 2024-11-24 16:17:36,738] Trial 121 finished with value: 0.0 and parameters: {'x_0': 0, 'x_1': 0, 'x_2': 0, 'x_3': 0}. Best is trial 25 with value: 0.0.
[I 2024-11-24 16:17:36,788] Trial 121 finished with value: 0.0 and parameters: {'x_0': 0, 'x_1': 0, 'x_2': 0, 'x_3': 0}. Best is trial 13 with value: 0.0.
[I 2024-11-24 16:17:36,825] Trial 119 finished with value: 0.0 and parameters: {'x_0': 0, 'x_1': 0, 'x_2': 0, 'x_3': 0}. Best is trial 19 with value: 0.0.
[I 2024-11-24 16:17:36,914] Trial 118 finished with value: 0.0 and parameters: {'x_0': 0, 'x_1': 0, 'x_2': 0, 'x_3': 0}. Best is trial 43 with value: 0.0.
[I 2024-11-24 16:17:36,919] Trial 120 finished with value: 0.0 and parameters: {'x_0': 0, 'x_1': 0, 'x_2': 0, 'x_3': 0}. Best is trial 35 with value: 0.0.
[I 2024-11-24 16:17:36,959] Trial 121 finished with value: 0.0 and parameters: {'x_0': 0, 'x_1': 0, 'x_2': 0, 'x_3': 0}. Best is trial 23 with value: 0.0.
[I 2024-11-24 16:17:36,992] Trial 118 finished with value: 0.0 and parameters: {'x_0': 0, 'x_1': 0, 'x_2': 0, 'x_3': 0}. Best is trial 19 with value: 0.0.
[I 2024-11-24 16:17:37,015] Trial 120 finished with value: 0.0 and parameters: {'x_0': 0, 'x_1': 0, 'x_2': 0, 'x_3': 0}. Best is trial 24 with value: 0.0.
[I 2024-11-24 16:17:37,047] Trial 121 finished with value: 0.0 and parameters: {'x_0': 0, 'x_1': 0, 'x_2': 0, 'x_3': 0}. Best is trial 28 with value: 0.0.
[I 2024-11-24 16:17:37,144] Trial 121 finished with value: 0.0 and parameters: {'x_0': 0, 'x_1': 0, 'x_2': 0, 'x_3': 0}. Best is trial 9 with value: 0.0.
[I 2024-11-24 16:17:37,191] Trial 122 finished with value: 0.0 and parameters: {'x_0': 0, 'x_1': 0, 'x_2': 0, 'x_3': 0}. Best is trial 13 with value: 0.0.
[I 2024-11-24 16:17:37,264] Trial 122 finished with value: 0.0 and parameters: {'x_0': 0, 'x_1': 0, 'x_2': 0, 'x_3': 0}. Best is trial 25 with value: 0.0.
[I 2024-11-24 16:17:37,321] Trial 120 finished with value: 0.0 and parameters: {'x_0': 0, 'x_1': 0, 'x_2': 0, 'x_3': 0}. Best is trial 19 with value: 0.0.
[I 2024-11-24 16:17:37,421] Trial 122 finished with value: 0.0 and parameters: {'x_0': 0, 'x_1': 0, 'x_2': 0, 'x_3': 0}. Best is trial 23 with value: 0.0.
[I 2024-11-24 16:17:37,436] Trial 119 finished with value: 0.0 and parameters: {'x_0': 0, 'x_1': 0, 'x_2': 0, 'x_3': 0}. Best is trial 43 with value: 0.0.
[I 2024-11-24 16:17:37,468] Trial 121 finished with value: 0.0 and parameters: {'x_0': 0, 'x_1': 0, 'x_2': 0, 'x_3': 0}. Best is trial 35 with value: 0.0.
[I 2024-11-24 16:17:37,539] Trial 121 finished with value: 0.0 and parameters: {'x_0': 0, 'x_1': 0, 'x_2': 0, 'x_3': 0}. Best is trial 24 with value: 0.0.
[I 2024-11-24 16:17:37,548] Trial 119 finished with value: 0.0 and parameters: {'x_0': 0, 'x_1': 0, 'x_2': 0, 'x_3': 0}. Best is trial 19 with value: 0.0.
[I 2024-11-24 16:17:37,567] Trial 122 finished with value: 0.0 and parameters: {'x_0': 0, 'x_1': 0, 'x_2': 0, 'x_3': 0}. Best is trial 28 with value: 0.0.
[I 2024-11-24 16:17:37,604] Trial 122 finished with value: 0.0 and parameters: {'x_0': 0, 'x_1': 0, 'x_2': 0, 'x_3': 0}. Best is trial 9 with value: 0.0.
[I 2024-11-24 16:17:37,662] Trial 123 finished with value: 0.0 and parameters: {'x_0': 0, 'x_1': 0, 'x_2': 0, 'x_3': 0}. Best is trial 13 with value: 0.0.
[I 2024-11-24 16:17:37,790] Trial 121 finished with value: 0.0 and parameters: {'x_0': 0, 'x_1': 0, 'x_2': 0, 'x_3': 0}. Best is trial 19 with value: 0.0.
[I 2024-11-24 16:17:37,852] Trial 123 finished with value: 2.0 and parameters: {'x_0': 0, 'x_1': 0, 'x_2': 1, 'x_3': 1}. Best is trial 25 with value: 0.0.
[I 2024-11-24 16:17:38,073] Trial 122 finished with value: 0.0 and parameters: {'x_0': 0, 'x_1': 0, 'x_2': 0, 'x_3': 0}. Best is trial 35 with value: 0.0.
[I 2024-11-24 16:17:38,140] Trial 120 finished with value: 0.0 and parameters: {'x_0': 0, 'x_1': 0, 'x_2': 0, 'x_3': 0}. Best is trial 43 with value: 0.0.
[I 2024-11-24 16:17:38,190] Trial 123 finished with value: 0.0 and parameters: {'x_0': 0, 'x_1': 0, 'x_2': 0, 'x_3': 0}. Best is trial 23 with value: 0.0.
[I 2024-11-24 16:17:38,233] Trial 122 finished with value: 0.0 and parameters: {'x_0': 0, 'x_1': 0, 'x_2': 0, 'x_3': 0}. Best is trial 24 with value: 0.0.
[I 2024-11-24 16:17:38,258] Trial 123 finished with value: 0.0 and parameters: {'x_0': 0, 'x_1': 0, 'x_2': 0, 'x_3': 0}. Best is trial 28 with value: 0.0.
[I 2024-11-24 16:17:38,272] Trial 120 finished with value: 0.0 and parameters: {'x_0': 0, 'x_1': 0, 'x_2': 0, 'x_3': 0}. Best is trial 19 with value: 0.0.
[I 2024-11-24 16:17:38,326] Trial 123 finished with value: 0.0 and parameters: {'x_0': 0, 'x_1': 0, 'x_2': 0, 'x_3': 0}. Best is trial 9 with value: 0.0.
[I 2024-11-24 16:17:38,391] Trial 124 finished with value: 0.0 and parameters: {'x_0': 0, 'x_1': 0, 'x_2': 0, 'x_3': 0}. Best is trial 13 with value: 0.0.
[I 2024-11-24 16:17:38,439] Trial 124 finished with value: 0.0 and parameters: {'x_0': 0, 'x_1': 0, 'x_2': 0, 'x_3': 0}. Best is trial 25 with value: 0.0.
[I 2024-11-24 16:17:38,457] Trial 123 finished with value: 0.0 and parameters: {'x_0': 0, 'x_1': 0, 'x_2': 0, 'x_3': 0}. Best is trial 35 with value: 0.0.
[I 2024-11-24 16:17:38,459] Trial 122 finished with value: 0.0 and parameters: {'x_0': 0, 'x_1': 0, 'x_2': 0, 'x_3': 0}. Best is trial 19 with value: 0.0.
[I 2024-11-24 16:17:38,630] Trial 121 finished with value: 0.0 and parameters: {'x_0': 0, 'x_1': 0, 'x_2': 0, 'x_3': 0}. Best is trial 43 with value: 0.0.
[I 2024-11-24 16:17:38,669] Trial 124 finished with value: 0.0 and parameters: {'x_0': 0, 'x_1': 0, 'x_2': 0, 'x_3': 0}. Best is trial 23 with value: 0.0.
[I 2024-11-24 16:17:38,731] Trial 123 finished with value: 0.0 and parameters: {'x_0': 0, 'x_1': 0, 'x_2': 0, 'x_3': 0}. Best is trial 24 with value: 0.0.
[I 2024-11-24 16:17:38,746] Trial 124 finished with value: 0.0 and parameters: {'x_0': 0, 'x_1': 0, 'x_2': 0, 'x_3': 0}. Best is trial 28 with value: 0.0.
[I 2024-11-24 16:17:38,748] Trial 121 finished with value: 0.0 and parameters: {'x_0': 0, 'x_1': 0, 'x_2': 0, 'x_3': 0}. Best is trial 19 with value: 0.0.
[I 2024-11-24 16:17:38,785] Trial 124 finished with value: 0.0 and parameters: {'x_0': 0, 'x_1': 0, 'x_2': 0, 'x_3': 0}. Best is trial 9 with value: 0.0.
[I 2024-11-24 16:17:38,851] Trial 125 finished with value: 0.0 and parameters: {'x_0': 0, 'x_1': 0, 'x_2': 0, 'x_3': 0}. Best is trial 13 with value: 0.0.
[I 2024-11-24 16:17:38,868] Trial 125 finished with value: 9.0 and parameters: {'x_0': -3, 'x_1': 0, 'x_2': 0, 'x_3': 0}. Best is trial 25 with value: 0.0.
[I 2024-11-24 16:17:38,959] Trial 123 finished with value: 0.0 and parameters: {'x_0': 0, 'x_1': 0, 'x_2': 0, 'x_3': 0}. Best is trial 19 with value: 0.0.
[I 2024-11-24 16:17:38,966] Trial 124 finished with value: 0.0 and parameters: {'x_0': 0, 'x_1': 0, 'x_2': 0, 'x_3': 0}. Best is trial 35 with value: 0.0.
[I 2024-11-24 16:17:39,092] Trial 124 finished with value: 0.0 and parameters: {'x_0': 0, 'x_1': 0, 'x_2': 0, 'x_3': 0}. Best is trial 24 with value: 0.0.
[I 2024-11-24 16:17:39,142] Trial 125 finished with value: 0.0 and parameters: {'x_0': 0, 'x_1': 0, 'x_2': 0, 'x_3': 0}. Best is trial 23 with value: 0.0.
[I 2024-11-24 16:17:39,142] Trial 122 finished with value: 0.0 and parameters: {'x_0': 0, 'x_1': 0, 'x_2': 0, 'x_3': 0}. Best is trial 43 with value: 0.0.
[I 2024-11-24 16:17:39,183] Trial 125 finished with value: 0.0 and parameters: {'x_0': 0, 'x_1': 0, 'x_2': 0, 'x_3': 0}. Best is trial 9 with value: 0.0.
[I 2024-11-24 16:17:39,261] Trial 125 finished with value: 0.0 and parameters: {'x_0': 0, 'x_1': 0, 'x_2': 0, 'x_3': 0}. Best is trial 28 with value: 0.0.
[I 2024-11-24 16:17:39,299] Trial 122 finished with value: 0.0 and parameters: {'x_0': 0, 'x_1': 0, 'x_2': 0, 'x_3': 0}. Best is trial 19 with value: 0.0.
[I 2024-11-24 16:17:39,447] Trial 126 finished with value: 0.0 and parameters: {'x_0': 0, 'x_1': 0, 'x_2': 0, 'x_3': 0}. Best is trial 13 with value: 0.0.
[I 2024-11-24 16:17:39,452] Trial 125 finished with value: 0.0 and parameters: {'x_0': 0, 'x_1': 0, 'x_2': 0, 'x_3': 0}. Best is trial 24 with value: 0.0.
[I 2024-11-24 16:17:39,471] Trial 125 finished with value: 0.0 and parameters: {'x_0': 0, 'x_1': 0, 'x_2': 0, 'x_3': 0}. Best is trial 35 with value: 0.0.
[I 2024-11-24 16:17:39,482] Trial 126 finished with value: 0.0 and parameters: {'x_0': 0, 'x_1': 0, 'x_2': 0, 'x_3': 0}. Best is trial 25 with value: 0.0.
[I 2024-11-24 16:17:39,484] Trial 124 finished with value: 0.0 and parameters: {'x_0': 0, 'x_1': 0, 'x_2': 0, 'x_3': 0}. Best is trial 19 with value: 0.0.
[I 2024-11-24 16:17:39,662] Trial 123 finished with value: 0.0 and parameters: {'x_0': 0, 'x_1': 0, 'x_2': 0, 'x_3': 0}. Best is trial 43 with value: 0.0.
[I 2024-11-24 16:17:39,767] Trial 126 finished with value: 0.0 and parameters: {'x_0': 0, 'x_1': 0, 'x_2': 0, 'x_3': 0}. Best is trial 23 with value: 0.0.
[I 2024-11-24 16:17:39,789] Trial 123 finished with value: 0.0 and parameters: {'x_0': 0, 'x_1': 0, 'x_2': 0, 'x_3': 0}. Best is trial 19 with value: 0.0.
[I 2024-11-24 16:17:39,802] Trial 126 finished with value: 0.0 and parameters: {'x_0': 0, 'x_1': 0, 'x_2': 0, 'x_3': 0}. Best is trial 9 with value: 0.0.
[I 2024-11-24 16:17:39,848] Trial 126 finished with value: 0.0 and parameters: {'x_0': 0, 'x_1': 0, 'x_2': 0, 'x_3': 0}. Best is trial 28 with value: 0.0.
[I 2024-11-24 16:17:39,991] Trial 125 finished with value: 0.0 and parameters: {'x_0': 0, 'x_1': 0, 'x_2': 0, 'x_3': 0}. Best is trial 19 with value: 0.0.
[I 2024-11-24 16:17:40,010] Trial 127 finished with value: 0.0 and parameters: {'x_0': 0, 'x_1': 0, 'x_2': 0, 'x_3': 0}. Best is trial 13 with value: 0.0.
[I 2024-11-24 16:17:40,016] Trial 126 finished with value: 0.0 and parameters: {'x_0': 0, 'x_1': 0, 'x_2': 0, 'x_3': 0}. Best is trial 24 with value: 0.0.
[I 2024-11-24 16:17:40,031] Trial 126 finished with value: 0.0 and parameters: {'x_0': 0, 'x_1': 0, 'x_2': 0, 'x_3': 0}. Best is trial 35 with value: 0.0.
[I 2024-11-24 16:17:40,058] Trial 127 finished with value: 0.0 and parameters: {'x_0': 0, 'x_1': 0, 'x_2': 0, 'x_3': 0}. Best is trial 25 with value: 0.0.
[I 2024-11-24 16:17:40,123] Trial 124 finished with value: 0.0 and parameters: {'x_0': 0, 'x_1': 0, 'x_2': 0, 'x_3': 0}. Best is trial 43 with value: 0.0.
[I 2024-11-24 16:17:40,232] Trial 124 finished with value: 0.0 and parameters: {'x_0': 0, 'x_1': 0, 'x_2': 0, 'x_3': 0}. Best is trial 19 with value: 0.0.
[I 2024-11-24 16:17:40,364] Trial 127 finished with value: 0.0 and parameters: {'x_0': 0, 'x_1': 0, 'x_2': 0, 'x_3': 0}. Best is trial 9 with value: 0.0.
[I 2024-11-24 16:17:40,385] Trial 127 finished with value: 0.0 and parameters: {'x_0': 0, 'x_1': 0, 'x_2': 0, 'x_3': 0}. Best is trial 23 with value: 0.0.
[I 2024-11-24 16:17:40,388] Trial 127 finished with value: 0.0 and parameters: {'x_0': 0, 'x_1': 0, 'x_2': 0, 'x_3': 0}. Best is trial 28 with value: 0.0.
[I 2024-11-24 16:17:40,556] Trial 125 finished with value: 0.0 and parameters: {'x_0': 0, 'x_1': 0, 'x_2': 0, 'x_3': 0}. Best is trial 43 with value: 0.0.
[I 2024-11-24 16:17:40,561] Trial 126 finished with value: 0.0 and parameters: {'x_0': 0, 'x_1': 0, 'x_2': 0, 'x_3': 0}. Best is trial 19 with value: 0.0.
[I 2024-11-24 16:17:40,594] Trial 127 finished with value: 0.0 and parameters: {'x_0': 0, 'x_1': 0, 'x_2': 0, 'x_3': 0}. Best is trial 24 with value: 0.0.
[I 2024-11-24 16:17:40,609] Trial 128 finished with value: 0.0 and parameters: {'x_0': 0, 'x_1': 0, 'x_2': 0, 'x_3': 0}. Best is trial 13 with value: 0.0.
[I 2024-11-24 16:17:40,627] Trial 127 finished with value: 0.0 and parameters: {'x_0': 0, 'x_1': 0, 'x_2': 0, 'x_3': 0}. Best is trial 35 with value: 0.0.
[I 2024-11-24 16:17:40,717] Trial 125 finished with value: 0.0 and parameters: {'x_0': 0, 'x_1': 0, 'x_2': 0, 'x_3': 0}. Best is trial 19 with value: 0.0.
[I 2024-11-24 16:17:40,744] Trial 128 finished with value: 0.0 and parameters: {'x_0': 0, 'x_1': 0, 'x_2': 0, 'x_3': 0}. Best is trial 25 with value: 0.0.
[I 2024-11-24 16:17:40,945] Trial 128 finished with value: 0.0 and parameters: {'x_0': 0, 'x_1': 0, 'x_2': 0, 'x_3': 0}. Best is trial 28 with value: 0.0.
[I 2024-11-24 16:17:40,946] Trial 128 finished with value: 0.0 and parameters: {'x_0': 0, 'x_1': 0, 'x_2': 0, 'x_3': 0}. Best is trial 9 with value: 0.0.
[I 2024-11-24 16:17:40,958] Trial 128 finished with value: 0.0 and parameters: {'x_0': 0, 'x_1': 0, 'x_2': 0, 'x_3': 0}. Best is trial 23 with value: 0.0.
[I 2024-11-24 16:17:41,075] Trial 126 finished with value: 0.0 and parameters: {'x_0': 0, 'x_1': 0, 'x_2': 0, 'x_3': 0}. Best is trial 43 with value: 0.0.
[I 2024-11-24 16:17:41,127] Trial 127 finished with value: 0.0 and parameters: {'x_0': 0, 'x_1': 0, 'x_2': 0, 'x_3': 0}. Best is trial 19 with value: 0.0.
[I 2024-11-24 16:17:41,157] Trial 129 finished with value: 0.0 and parameters: {'x_0': 0, 'x_1': 0, 'x_2': 0, 'x_3': 0}. Best is trial 13 with value: 0.0.
[I 2024-11-24 16:17:41,160] Trial 128 finished with value: 0.0 and parameters: {'x_0': 0, 'x_1': 0, 'x_2': 0, 'x_3': 0}. Best is trial 24 with value: 0.0.
[I 2024-11-24 16:17:41,194] Trial 128 finished with value: 0.0 and parameters: {'x_0': 0, 'x_1': 0, 'x_2': 0, 'x_3': 0}. Best is trial 35 with value: 0.0.
[I 2024-11-24 16:17:41,336] Trial 129 finished with value: 0.0 and parameters: {'x_0': 0, 'x_1': 0, 'x_2': 0, 'x_3': 0}. Best is trial 25 with value: 0.0.
[I 2024-11-24 16:17:41,398] Trial 126 finished with value: 0.0 and parameters: {'x_0': 0, 'x_1': 0, 'x_2': 0, 'x_3': 0}. Best is trial 19 with value: 0.0.
[I 2024-11-24 16:17:41,502] Trial 129 finished with value: 0.0 and parameters: {'x_0': 0, 'x_1': 0, 'x_2': 0, 'x_3': 0}. Best is trial 23 with value: 0.0.
[I 2024-11-24 16:17:41,510] Trial 129 finished with value: 2.0 and parameters: {'x_0': 0, 'x_1': 0, 'x_2': 1, 'x_3': 1}. Best is trial 9 with value: 0.0.
[I 2024-11-24 16:17:41,586] Trial 129 finished with value: 0.0 and parameters: {'x_0': 0, 'x_1': 0, 'x_2': 0, 'x_3': 0}. Best is trial 28 with value: 0.0.
[I 2024-11-24 16:17:41,720] Trial 128 finished with value: 0.0 and parameters: {'x_0': 0, 'x_1': 0, 'x_2': 0, 'x_3': 0}. Best is trial 19 with value: 0.0.
[I 2024-11-24 16:17:41,722] Trial 127 finished with value: 0.0 and parameters: {'x_0': 0, 'x_1': 0, 'x_2': 0, 'x_3': 0}. Best is trial 43 with value: 0.0.
[I 2024-11-24 16:17:41,736] Trial 130 finished with value: 0.0 and parameters: {'x_0': 0, 'x_1': 0, 'x_2': 0, 'x_3': 0}. Best is trial 13 with value: 0.0.
[I 2024-11-24 16:17:41,756] Trial 129 finished with value: 0.0 and parameters: {'x_0': 0, 'x_1': 0, 'x_2': 0, 'x_3': 0}. Best is trial 24 with value: 0.0.
[I 2024-11-24 16:17:41,825] Trial 129 finished with value: 0.0 and parameters: {'x_0': 0, 'x_1': 0, 'x_2': 0, 'x_3': 0}. Best is trial 35 with value: 0.0.
[I 2024-11-24 16:17:41,940] Trial 130 finished with value: 0.0 and parameters: {'x_0': 0, 'x_1': 0, 'x_2': 0, 'x_3': 0}. Best is trial 25 with value: 0.0.
[I 2024-11-24 16:17:42,033] Trial 127 finished with value: 0.0 and parameters: {'x_0': 0, 'x_1': 0, 'x_2': 0, 'x_3': 0}. Best is trial 19 with value: 0.0.
[I 2024-11-24 16:17:42,052] Trial 130 finished with value: 0.0 and parameters: {'x_0': 0, 'x_1': 0, 'x_2': 0, 'x_3': 0}. Best is trial 28 with value: 0.0.
[I 2024-11-24 16:17:42,078] Trial 130 finished with value: 0.0 and parameters: {'x_0': 0, 'x_1': 0, 'x_2': 0, 'x_3': 0}. Best is trial 9 with value: 0.0.
[I 2024-11-24 16:17:42,103] Trial 130 finished with value: 0.0 and parameters: {'x_0': 0, 'x_1': 0, 'x_2': 0, 'x_3': 0}. Best is trial 23 with value: 0.0.
[I 2024-11-24 16:17:42,285] Trial 128 finished with value: 0.0 and parameters: {'x_0': 0, 'x_1': 0, 'x_2': 0, 'x_3': 0}. Best is trial 43 with value: 0.0.
[I 2024-11-24 16:17:42,307] Trial 131 finished with value: 0.0 and parameters: {'x_0': 0, 'x_1': 0, 'x_2': 0, 'x_3': 0}. Best is trial 13 with value: 0.0.
[I 2024-11-24 16:17:42,316] Trial 129 finished with value: 0.0 and parameters: {'x_0': 0, 'x_1': 0, 'x_2': 0, 'x_3': 0}. Best is trial 19 with value: 0.0.
[I 2024-11-24 16:17:42,347] Trial 130 finished with value: 0.0 and parameters: {'x_0': 0, 'x_1': 0, 'x_2': 0, 'x_3': 0}. Best is trial 24 with value: 0.0.
[I 2024-11-24 16:17:42,352] Trial 130 finished with value: 0.0 and parameters: {'x_0': 0, 'x_1': 0, 'x_2': 0, 'x_3': 0}. Best is trial 35 with value: 0.0.
[I 2024-11-24 16:17:42,462] Trial 131 finished with value: 0.0 and parameters: {'x_0': 0, 'x_1': 0, 'x_2': 0, 'x_3': 0}. Best is trial 25 with value: 0.0.
[I 2024-11-24 16:17:42,625] Trial 131 finished with value: 0.0 and parameters: {'x_0': 0, 'x_1': 0, 'x_2': 0, 'x_3': 0}. Best is trial 23 with value: 0.0.
[I 2024-11-24 16:17:42,639] Trial 131 finished with value: 0.0 and parameters: {'x_0': 0, 'x_1': 0, 'x_2': 0, 'x_3': 0}. Best is trial 28 with value: 0.0.
[I 2024-11-24 16:17:42,647] Trial 131 finished with value: 0.0 and parameters: {'x_0': 0, 'x_1': 0, 'x_2': 0, 'x_3': 0}. Best is trial 9 with value: 0.0.
[I 2024-11-24 16:17:42,661] Trial 128 finished with value: 0.0 and parameters: {'x_0': 0, 'x_1': 0, 'x_2': 0, 'x_3': 0}. Best is trial 19 with value: 0.0.
[I 2024-11-24 16:17:42,815] Trial 131 finished with value: 0.0 and parameters: {'x_0': 0, 'x_1': 0, 'x_2': 0, 'x_3': 0}. Best is trial 35 with value: 0.0.
[I 2024-11-24 16:17:42,849] Trial 130 finished with value: 0.0 and parameters: {'x_0': 0, 'x_1': 0, 'x_2': 0, 'x_3': 0}. Best is trial 19 with value: 0.0.
[I 2024-11-24 16:17:42,875] Trial 129 finished with value: 0.0 and parameters: {'x_0': 0, 'x_1': 0, 'x_2': 0, 'x_3': 0}. Best is trial 43 with value: 0.0.
[I 2024-11-24 16:17:42,885] Trial 132 finished with value: 0.0 and parameters: {'x_0': 0, 'x_1': 0, 'x_2': 0, 'x_3': 0}. Best is trial 13 with value: 0.0.
[I 2024-11-24 16:17:42,923] Trial 131 finished with value: 0.0 and parameters: {'x_0': 0, 'x_1': 0, 'x_2': 0, 'x_3': 0}. Best is trial 24 with value: 0.0.
[I 2024-11-24 16:17:43,060] Trial 132 finished with value: 0.0 and parameters: {'x_0': 0, 'x_1': 0, 'x_2': 0, 'x_3': 0}. Best is trial 25 with value: 0.0.
[I 2024-11-24 16:17:43,225] Trial 132 finished with value: 0.0 and parameters: {'x_0': 0, 'x_1': 0, 'x_2': 0, 'x_3': 0}. Best is trial 23 with value: 0.0.
[I 2024-11-24 16:17:43,227] Trial 132 finished with value: 0.0 and parameters: {'x_0': 0, 'x_1': 0, 'x_2': 0, 'x_3': 0}. Best is trial 9 with value: 0.0.
[I 2024-11-24 16:17:43,252] Trial 132 finished with value: 0.0 and parameters: {'x_0': 0, 'x_1': 0, 'x_2': 0, 'x_3': 0}. Best is trial 35 with value: 0.0.
[I 2024-11-24 16:17:43,252] Trial 132 finished with value: 0.0 and parameters: {'x_0': 0, 'x_1': 0, 'x_2': 0, 'x_3': 0}. Best is trial 28 with value: 0.0.
[I 2024-11-24 16:17:43,253] Trial 131 finished with value: 0.0 and parameters: {'x_0': 0, 'x_1': 0, 'x_2': 0, 'x_3': 0}. Best is trial 19 with value: 0.0.
[I 2024-11-24 16:17:43,275] Trial 129 finished with value: 7.0 and parameters: {'x_0': 1, 'x_1': 1, 'x_2': 1, 'x_3': 2}. Best is trial 19 with value: 0.0.
[I 2024-11-24 16:17:43,416] Trial 133 finished with value: 6.0 and parameters: {'x_0': 1, 'x_1': -1, 'x_2': 0, 'x_3': -2}. Best is trial 13 with value: 0.0.
[I 2024-11-24 16:17:43,514] Trial 130 finished with value: 0.0 and parameters: {'x_0': 0, 'x_1': 0, 'x_2': 0, 'x_3': 0}. Best is trial 43 with value: 0.0.
[I 2024-11-24 16:17:43,515] Trial 132 finished with value: 0.0 and parameters: {'x_0': 0, 'x_1': 0, 'x_2': 0, 'x_3': 0}. Best is trial 24 with value: 0.0.
[I 2024-11-24 16:17:43,667] Trial 133 finished with value: 0.0 and parameters: {'x_0': 0, 'x_1': 0, 'x_2': 0, 'x_3': 0}. Best is trial 25 with value: 0.0.
