[I 2024-11-24 16:18:22,242] Trial 186 finished with value: 0.0 and parameters: {'x_0': 0, 'x_1': 0, 'x_2': 0, 'x_3': 0}. Best is trial 19 with value: 0.0.
[I 2024-11-24 16:18:22,269] Trial 191 finished with value: 0.0 and parameters: {'x_0': 0, 'x_1': 0, 'x_2': 0, 'x_3': 0}. Best is trial 35 with value: 0.0.
[I 2024-11-24 16:18:22,433] Trial 190 finished with value: 0.0 and parameters: {'x_0': 0, 'x_1': 0, 'x_2': 0, 'x_3': 0}. Best is trial 24 with value: 0.0.
[I 2024-11-24 16:18:22,481] Trial 190 finished with value: 0.0 and parameters: {'x_0': 0, 'x_1': 0, 'x_2': 0, 'x_3': 0}. Best is trial 23 with value: 0.0.
[I 2024-11-24 16:18:22,512] Trial 189 finished with value: 0.0 and parameters: {'x_0': 0, 'x_1': 0, 'x_2': 0, 'x_3': 0}. Best is trial 19 with value: 0.0.
[I 2024-11-24 16:18:22,531] Trial 187 finished with value: 0.0 and parameters: {'x_0': 0, 'x_1': 0, 'x_2': 0, 'x_3': 0}. Best is trial 43 with value: 0.0.
[I 2024-11-24 16:18:22,701] Trial 189 finished with value: 0.0 and parameters: {'x_0': 0, 'x_1': 0, 'x_2': 0, 'x_3': 0}. Best is trial 25 with value: 0.0.
[I 2024-11-24 16:18:22,860] Trial 190 finished with value: 0.0 and parameters: {'x_0': 0, 'x_1': 0, 'x_2': 0, 'x_3': 0}. Best is trial 28 with value: 0.0.
[I 2024-11-24 16:18:22,915] Trial 190 finished with value: 0.0 and parameters: {'x_0': 0, 'x_1': 0, 'x_2': 0, 'x_3': 0}. Best is trial 9 with value: 0.0.
[I 2024-11-24 16:18:23,178] Trial 191 finished with value: 0.0 and parameters: {'x_0': 0, 'x_1': 0, 'x_2': 0, 'x_3': 0}. Best is trial 13 with value: 0.0.
[I 2024-11-24 16:18:23,194] Trial 191 finished with value: 0.0 and parameters: {'x_0': 0, 'x_1': 0, 'x_2': 0, 'x_3': 0}. Best is trial 24 with value: 0.0.
[I 2024-11-24 16:18:23,249] Trial 192 finished with value: 0.0 and parameters: {'x_0': 0, 'x_1': 0, 'x_2': 0, 'x_3': 0}. Best is trial 35 with value: 0.0.
[I 2024-11-24 16:18:23,315] Trial 187 finished with value: 0.0 and parameters: {'x_0': 0, 'x_1': 0, 'x_2': 0, 'x_3': 0}. Best is trial 19 with value: 0.0.
[I 2024-11-24 16:18:23,445] Trial 190 finished with value: 0.0 and parameters: {'x_0': 0, 'x_1': 0, 'x_2': 0, 'x_3': 0}. Best is trial 19 with value: 0.0.
[I 2024-11-24 16:18:23,473] Trial 191 finished with value: 0.0 and parameters: {'x_0': 0, 'x_1': 0, 'x_2': 0, 'x_3': 0}. Best is trial 23 with value: 0.0.
[I 2024-11-24 16:18:23,484] Trial 188 finished with value: 0.0 and parameters: {'x_0': 0, 'x_1': 0, 'x_2': 0, 'x_3': 0}. Best is trial 43 with value: 0.0.
[I 2024-11-24 16:18:23,808] Trial 190 finished with value: 0.0 and parameters: {'x_0': 0, 'x_1': 0, 'x_2': 0, 'x_3': 0}. Best is trial 25 with value: 0.0.
[I 2024-11-24 16:18:23,818] Trial 191 finished with value: 0.0 and parameters: {'x_0': 0, 'x_1': 0, 'x_2': 0, 'x_3': 0}. Best is trial 28 with value: 0.0.
[I 2024-11-24 16:18:23,877] Trial 191 finished with value: 0.0 and parameters: {'x_0': 0, 'x_1': 0, 'x_2': 0, 'x_3': 0}. Best is trial 9 with value: 0.0.
[I 2024-11-24 16:18:23,987] Trial 193 finished with value: 2.0 and parameters: {'x_0': 0, 'x_1': 0, 'x_2': -1, 'x_3': 1}. Best is trial 35 with value: 0.0.
[I 2024-11-24 16:18:24,152] Trial 192 finished with value: 0.0 and parameters: {'x_0': 0, 'x_1': 0, 'x_2': 0, 'x_3': 0}. Best is trial 24 with value: 0.0.
[I 2024-11-24 16:18:24,186] Trial 192 finished with value: 0.0 and parameters: {'x_0': 0, 'x_1': 0, 'x_2': 0, 'x_3': 0}. Best is trial 13 with value: 0.0.
[I 2024-11-24 16:18:24,227] Trial 189 finished with value: 0.0 and parameters: {'x_0': 0, 'x_1': 0, 'x_2': 0, 'x_3': 0}. Best is trial 43 with value: 0.0.
[I 2024-11-24 16:18:24,268] Trial 188 finished with value: 0.0 and parameters: {'x_0': 0, 'x_1': 0, 'x_2': 0, 'x_3': 0}. Best is trial 19 with value: 0.0.
[I 2024-11-24 16:18:24,410] Trial 191 finished with value: 0.0 and parameters: {'x_0': 0, 'x_1': 0, 'x_2': 0, 'x_3': 0}. Best is trial 19 with value: 0.0.
[I 2024-11-24 16:18:24,533] Trial 192 finished with value: 0.0 and parameters: {'x_0': 0, 'x_1': 0, 'x_2': 0, 'x_3': 0}. Best is trial 23 with value: 0.0.
[I 2024-11-24 16:18:24,586] Trial 192 finished with value: 0.0 and parameters: {'x_0': 0, 'x_1': 0, 'x_2': 0, 'x_3': 0}. Best is trial 28 with value: 0.0.
[I 2024-11-24 16:18:24,904] Trial 191 finished with value: 0.0 and parameters: {'x_0': 0, 'x_1': 0, 'x_2': 0, 'x_3': 0}. Best is trial 25 with value: 0.0.
[I 2024-11-24 16:18:24,908] Trial 192 finished with value: 0.0 and parameters: {'x_0': 0, 'x_1': 0, 'x_2': 0, 'x_3': 0}. Best is trial 9 with value: 0.0.
[I 2024-11-24 16:18:24,927] Trial 193 finished with value: 0.0 and parameters: {'x_0': 0, 'x_1': 0, 'x_2': 0, 'x_3': 0}. Best is trial 13 with value: 0.0.
[I 2024-11-24 16:18:24,989] Trial 194 finished with value: 0.0 and parameters: {'x_0': 0, 'x_1': 0, 'x_2': 0, 'x_3': 0}. Best is trial 35 with value: 0.0.
[I 2024-11-24 16:18:25,195] Trial 189 finished with value: 0.0 and parameters: {'x_0': 0, 'x_1': 0, 'x_2': 0, 'x_3': 0}. Best is trial 19 with value: 0.0.
[I 2024-11-24 16:18:25,204] Trial 193 finished with value: 0.0 and parameters: {'x_0': 0, 'x_1': 0, 'x_2': 0, 'x_3': 0}. Best is trial 24 with value: 0.0.
[I 2024-11-24 16:18:25,220] Trial 190 finished with value: 0.0 and parameters: {'x_0': 0, 'x_1': 0, 'x_2': 0, 'x_3': 0}. Best is trial 43 with value: 0.0.
[I 2024-11-24 16:18:25,353] Trial 192 finished with value: 0.0 and parameters: {'x_0': 0, 'x_1': 0, 'x_2': 0, 'x_3': 0}. Best is trial 19 with value: 0.0.
[I 2024-11-24 16:18:25,548] Trial 193 finished with value: 0.0 and parameters: {'x_0': 0, 'x_1': 0, 'x_2': 0, 'x_3': 0}. Best is trial 28 with value: 0.0.
[I 2024-11-24 16:18:25,568] Trial 193 finished with value: 0.0 and parameters: {'x_0': 0, 'x_1': 0, 'x_2': 0, 'x_3': 0}. Best is trial 23 with value: 0.0.
[I 2024-11-24 16:18:25,848] Trial 193 finished with value: 0.0 and parameters: {'x_0': 0, 'x_1': 0, 'x_2': 0, 'x_3': 0}. Best is trial 9 with value: 0.0.
[I 2024-11-24 16:18:25,875] Trial 192 finished with value: 4.0 and parameters: {'x_0': -1, 'x_1': -1, 'x_2': -1, 'x_3': -1}. Best is trial 25 with value: 0.0.
[I 2024-11-24 16:18:25,936] Trial 194 finished with value: 0.0 and parameters: {'x_0': 0, 'x_1': 0, 'x_2': 0, 'x_3': 0}. Best is trial 13 with value: 0.0.
[I 2024-11-24 16:18:25,957] Trial 191 finished with value: 0.0 and parameters: {'x_0': 0, 'x_1': 0, 'x_2': 0, 'x_3': 0}. Best is trial 43 with value: 0.0.
[I 2024-11-24 16:18:26,060] Trial 195 finished with value: 0.0 and parameters: {'x_0': 0, 'x_1': 0, 'x_2': 0, 'x_3': 0}. Best is trial 35 with value: 0.0.
[I 2024-11-24 16:18:26,163] Trial 190 finished with value: 0.0 and parameters: {'x_0': 0, 'x_1': 0, 'x_2': 0, 'x_3': 0}. Best is trial 19 with value: 0.0.
[I 2024-11-24 16:18:26,188] Trial 194 finished with value: 0.0 and parameters: {'x_0': 0, 'x_1': 0, 'x_2': 0, 'x_3': 0}. Best is trial 24 with value: 0.0.
[I 2024-11-24 16:18:26,318] Trial 193 finished with value: 0.0 and parameters: {'x_0': 0, 'x_1': 0, 'x_2': 0, 'x_3': 0}. Best is trial 19 with value: 0.0.
[I 2024-11-24 16:18:26,520] Trial 194 finished with value: 0.0 and parameters: {'x_0': 0, 'x_1': 0, 'x_2': 0, 'x_3': 0}. Best is trial 28 with value: 0.0.
[I 2024-11-24 16:18:26,525] Trial 194 finished with value: 0.0 and parameters: {'x_0': 0, 'x_1': 0, 'x_2': 0, 'x_3': 0}. Best is trial 23 with value: 0.0.
[I 2024-11-24 16:18:26,812] Trial 194 finished with value: 0.0 and parameters: {'x_0': 0, 'x_1': 0, 'x_2': 0, 'x_3': 0}. Best is trial 9 with value: 0.0.
[I 2024-11-24 16:18:26,840] Trial 193 finished with value: 0.0 and parameters: {'x_0': 0, 'x_1': 0, 'x_2': 0, 'x_3': 0}. Best is trial 25 with value: 0.0.
[I 2024-11-24 16:18:26,949] Trial 196 finished with value: 0.0 and parameters: {'x_0': 0, 'x_1': 0, 'x_2': 0, 'x_3': 0}. Best is trial 35 with value: 0.0.
[I 2024-11-24 16:18:26,975] Trial 192 finished with value: 0.0 and parameters: {'x_0': 0, 'x_1': 0, 'x_2': 0, 'x_3': 0}. Best is trial 43 with value: 0.0.
[I 2024-11-24 16:18:26,977] Trial 195 finished with value: 0.0 and parameters: {'x_0': 0, 'x_1': 0, 'x_2': 0, 'x_3': 0}. Best is trial 13 with value: 0.0.
[I 2024-11-24 16:18:27,088] Trial 195 finished with value: 0.0 and parameters: {'x_0': 0, 'x_1': 0, 'x_2': 0, 'x_3': 0}. Best is trial 24 with value: 0.0.
[I 2024-11-24 16:18:27,191] Trial 191 finished with value: 0.0 and parameters: {'x_0': 0, 'x_1': 0, 'x_2': 0, 'x_3': 0}. Best is trial 19 with value: 0.0.
[I 2024-11-24 16:18:27,353] Trial 194 finished with value: 0.0 and parameters: {'x_0': 0, 'x_1': 0, 'x_2': 0, 'x_3': 0}. Best is trial 19 with value: 0.0.
[I 2024-11-24 16:18:27,421] Trial 195 finished with value: 0.0 and parameters: {'x_0': 0, 'x_1': 0, 'x_2': 0, 'x_3': 0}. Best is trial 23 with value: 0.0.
[I 2024-11-24 16:18:27,451] Trial 195 finished with value: 0.0 and parameters: {'x_0': 0, 'x_1': 0, 'x_2': 0, 'x_3': 0}. Best is trial 28 with value: 0.0.
[I 2024-11-24 16:18:27,661] Trial 197 finished with value: 0.0 and parameters: {'x_0': 0, 'x_1': 0, 'x_2': 0, 'x_3': 0}. Best is trial 35 with value: 0.0.
[I 2024-11-24 16:18:27,712] Trial 196 finished with value: 0.0 and parameters: {'x_0': 0, 'x_1': 0, 'x_2': 0, 'x_3': 0}. Best is trial 13 with value: 0.0.
[I 2024-11-24 16:18:27,768] Trial 195 finished with value: 0.0 and parameters: {'x_0': 0, 'x_1': 0, 'x_2': 0, 'x_3': 0}. Best is trial 9 with value: 0.0.
[I 2024-11-24 16:18:27,831] Trial 194 finished with value: 0.0 and parameters: {'x_0': 0, 'x_1': 0, 'x_2': 0, 'x_3': 0}. Best is trial 25 with value: 0.0.
[I 2024-11-24 16:18:27,988] Trial 193 finished with value: 0.0 and parameters: {'x_0': 0, 'x_1': 0, 'x_2': 0, 'x_3': 0}. Best is trial 43 with value: 0.0.
[I 2024-11-24 16:18:28,120] Trial 196 finished with value: 0.0 and parameters: {'x_0': 0, 'x_1': 0, 'x_2': 0, 'x_3': 0}. Best is trial 24 with value: 0.0.
[I 2024-11-24 16:18:28,207] Trial 192 finished with value: 0.0 and parameters: {'x_0': 0, 'x_1': 0, 'x_2': 0, 'x_3': 0}. Best is trial 19 with value: 0.0.
[I 2024-11-24 16:18:28,275] Trial 195 finished with value: 0.0 and parameters: {'x_0': 0, 'x_1': 0, 'x_2': 0, 'x_3': 0}. Best is trial 19 with value: 0.0.
[I 2024-11-24 16:18:28,391] Trial 198 finished with value: 0.0 and parameters: {'x_0': 0, 'x_1': 0, 'x_2': 0, 'x_3': 0}. Best is trial 35 with value: 0.0.
[I 2024-11-24 16:18:28,416] Trial 197 finished with value: 0.0 and parameters: {'x_0': 0, 'x_1': 0, 'x_2': 0, 'x_3': 0}. Best is trial 13 with value: 0.0.
[I 2024-11-24 16:18:28,449] Trial 196 finished with value: 0.0 and parameters: {'x_0': 0, 'x_1': 0, 'x_2': 0, 'x_3': 0}. Best is trial 23 with value: 0.0.
[I 2024-11-24 16:18:28,505] Trial 196 finished with value: 0.0 and parameters: {'x_0': 0, 'x_1': 0, 'x_2': 0, 'x_3': 0}. Best is trial 28 with value: 0.0.
[I 2024-11-24 16:18:28,695] Trial 196 finished with value: 0.0 and parameters: {'x_0': 0, 'x_1': 0, 'x_2': 0, 'x_3': 0}. Best is trial 9 with value: 0.0.
[I 2024-11-24 16:18:28,792] Trial 195 finished with value: 0.0 and parameters: {'x_0': 0, 'x_1': 0, 'x_2': 0, 'x_3': 0}. Best is trial 25 with value: 0.0.
[I 2024-11-24 16:18:28,957] Trial 194 finished with value: 0.0 and parameters: {'x_0': 0, 'x_1': 0, 'x_2': 0, 'x_3': 0}. Best is trial 43 with value: 0.0.
[I 2024-11-24 16:18:29,030] Trial 198 finished with value: 0.0 and parameters: {'x_0': 0, 'x_1': 0, 'x_2': 0, 'x_3': 0}. Best is trial 13 with value: 0.0.
[I 2024-11-24 16:18:29,035] Trial 199 finished with value: 0.0 and parameters: {'x_0': 0, 'x_1': 0, 'x_2': 0, 'x_3': 0}. Best is trial 35 with value: 0.0.
[I 2024-11-24 16:18:29,085] Trial 193 finished with value: 0.0 and parameters: {'x_0': 0, 'x_1': 0, 'x_2': 0, 'x_3': 0}. Best is trial 19 with value: 0.0.
[I 2024-11-24 16:18:29,100] Trial 197 finished with value: 0.0 and parameters: {'x_0': 0, 'x_1': 0, 'x_2': 0, 'x_3': 0}. Best is trial 24 with value: 0.0.
[I 2024-11-24 16:18:29,172] Trial 197 finished with value: 0.0 and parameters: {'x_0': 0, 'x_1': 0, 'x_2': 0, 'x_3': 0}. Best is trial 23 with value: 0.0.
[I 2024-11-24 16:18:29,216] Trial 196 finished with value: 0.0 and parameters: {'x_0': 0, 'x_1': 0, 'x_2': 0, 'x_3': 0}. Best is trial 19 with value: 0.0.
[I 2024-11-24 16:18:29,445] Trial 197 finished with value: 0.0 and parameters: {'x_0': 0, 'x_1': 0, 'x_2': 0, 'x_3': 0}. Best is trial 28 with value: 0.0.
[I 2024-11-24 16:18:29,532] Trial 197 finished with value: 0.0 and parameters: {'x_0': 0, 'x_1': 0, 'x_2': 0, 'x_3': 0}. Best is trial 9 with value: 0.0.
[I 2024-11-24 16:18:29,666] Trial 196 finished with value: 0.0 and parameters: {'x_0': 0, 'x_1': 0, 'x_2': 0, 'x_3': 0}. Best is trial 25 with value: 0.0.
[I 2024-11-24 16:18:29,681] Trial 199 finished with value: 0.0 and parameters: {'x_0': 0, 'x_1': 0, 'x_2': 0, 'x_3': 0}. Best is trial 13 with value: 0.0.
[I 2024-11-24 16:18:29,756] Trial 198 finished with value: 0.0 and parameters: {'x_0': 0, 'x_1': 0, 'x_2': 0, 'x_3': 0}. Best is trial 24 with value: 0.0.
[I 2024-11-24 16:18:29,842] Trial 195 finished with value: 0.0 and parameters: {'x_0': 0, 'x_1': 0, 'x_2': 0, 'x_3': 0}. Best is trial 43 with value: 0.0.
[I 2024-11-24 16:18:29,974] Trial 194 finished with value: 0.0 and parameters: {'x_0': 0, 'x_1': 0, 'x_2': 0, 'x_3': 0}. Best is trial 19 with value: 0.0.
[I 2024-11-24 16:18:30,024] Trial 200 finished with value: 0.0 and parameters: {'x_0': 0, 'x_1': 0, 'x_2': 0, 'x_3': 0}. Best is trial 35 with value: 0.0.
[I 2024-11-24 16:18:30,080] Trial 198 finished with value: 0.0 and parameters: {'x_0': 0, 'x_1': 0, 'x_2': 0, 'x_3': 0}. Best is trial 23 with value: 0.0.
[I 2024-11-24 16:18:30,140] Trial 197 finished with value: 0.0 and parameters: {'x_0': 0, 'x_1': 0, 'x_2': 0, 'x_3': 0}. Best is trial 19 with value: 0.0.
[I 2024-11-24 16:18:30,369] Trial 198 finished with value: 0.0 and parameters: {'x_0': 0, 'x_1': 0, 'x_2': 0, 'x_3': 0}. Best is trial 28 with value: 0.0.
[I 2024-11-24 16:18:30,388] Trial 199 finished with value: 0.0 and parameters: {'x_0': 0, 'x_1': 0, 'x_2': 0, 'x_3': 0}. Best is trial 24 with value: 0.0.
[I 2024-11-24 16:18:30,491] Trial 198 finished with value: 0.0 and parameters: {'x_0': 0, 'x_1': 0, 'x_2': 0, 'x_3': 0}. Best is trial 9 with value: 0.0.
[I 2024-11-24 16:18:30,618] Trial 196 finished with value: 0.0 and parameters: {'x_0': 0, 'x_1': 0, 'x_2': 0, 'x_3': 0}. Best is trial 43 with value: 0.0.
[I 2024-11-24 16:18:30,657] Trial 200 finished with value: 0.0 and parameters: {'x_0': 0, 'x_1': 0, 'x_2': 0, 'x_3': 0}. Best is trial 13 with value: 0.0.
[I 2024-11-24 16:18:30,717] Trial 197 finished with value: 0.0 and parameters: {'x_0': 0, 'x_1': 0, 'x_2': 0, 'x_3': 0}. Best is trial 25 with value: 0.0.
[I 2024-11-24 16:18:30,890] Trial 195 finished with value: 0.0 and parameters: {'x_0': 0, 'x_1': 0, 'x_2': 0, 'x_3': 0}. Best is trial 19 with value: 0.0.
[I 2024-11-24 16:18:31,026] Trial 199 finished with value: 0.0 and parameters: {'x_0': 0, 'x_1': 0, 'x_2': 0, 'x_3': 0}. Best is trial 23 with value: 0.0.
[I 2024-11-24 16:18:31,033] Trial 201 finished with value: 0.0 and parameters: {'x_0': 0, 'x_1': 0, 'x_2': 0, 'x_3': 0}. Best is trial 35 with value: 0.0.
[I 2024-11-24 16:18:31,138] Trial 199 finished with value: 0.0 and parameters: {'x_0': 0, 'x_1': 0, 'x_2': 0, 'x_3': 0}. Best is trial 9 with value: 0.0.
[I 2024-11-24 16:18:31,162] Trial 198 finished with value: 0.0 and parameters: {'x_0': 0, 'x_1': 0, 'x_2': 0, 'x_3': 0}. Best is trial 19 with value: 0.0.
[I 2024-11-24 16:18:31,356] Trial 199 finished with value: 0.0 and parameters: {'x_0': 0, 'x_1': 0, 'x_2': 0, 'x_3': 0}. Best is trial 28 with value: 0.0.
[I 2024-11-24 16:18:31,380] Trial 200 finished with value: 0.0 and parameters: {'x_0': 0, 'x_1': 0, 'x_2': 0, 'x_3': 0}. Best is trial 24 with value: 0.0.
[I 2024-11-24 16:18:31,562] Trial 197 finished with value: 0.0 and parameters: {'x_0': 0, 'x_1': 0, 'x_2': 0, 'x_3': 0}. Best is trial 43 with value: 0.0.
[I 2024-11-24 16:18:31,595] Trial 201 finished with value: 0.0 and parameters: {'x_0': 0, 'x_1': 0, 'x_2': 0, 'x_3': 0}. Best is trial 13 with value: 0.0.
[I 2024-11-24 16:18:31,691] Trial 198 finished with value: 0.0 and parameters: {'x_0': 0, 'x_1': 0, 'x_2': 0, 'x_3': 0}. Best is trial 25 with value: 0.0.
[I 2024-11-24 16:18:31,812] Trial 196 finished with value: 0.0 and parameters: {'x_0': 0, 'x_1': 0, 'x_2': 0, 'x_3': 0}. Best is trial 19 with value: 0.0.
[I 2024-11-24 16:18:31,873] Trial 202 finished with value: 0.0 and parameters: {'x_0': 0, 'x_1': 0, 'x_2': 0, 'x_3': 0}. Best is trial 35 with value: 0.0.
[I 2024-11-24 16:18:31,927] Trial 200 finished with value: 0.0 and parameters: {'x_0': 0, 'x_1': 0, 'x_2': 0, 'x_3': 0}. Best is trial 23 with value: 0.0.
[I 2024-11-24 16:18:32,076] Trial 199 finished with value: 0.0 and parameters: {'x_0': 0, 'x_1': 0, 'x_2': 0, 'x_3': 0}. Best is trial 19 with value: 0.0.
[I 2024-11-24 16:18:32,096] Trial 200 finished with value: 0.0 and parameters: {'x_0': 0, 'x_1': 0, 'x_2': 0, 'x_3': 0}. Best is trial 9 with value: 0.0.
[I 2024-11-24 16:18:32,208] Trial 200 finished with value: 4.0 and parameters: {'x_0': -1, 'x_1': 1, 'x_2': 1, 'x_3': -1}. Best is trial 28 with value: 0.0.
[I 2024-11-24 16:18:32,279] Trial 201 finished with value: 0.0 and parameters: {'x_0': 0, 'x_1': 0, 'x_2': 0, 'x_3': 0}. Best is trial 24 with value: 0.0.
[I 2024-11-24 16:18:32,486] Trial 202 finished with value: 0.0 and parameters: {'x_0': 0, 'x_1': 0, 'x_2': 0, 'x_3': 0}. Best is trial 13 with value: 0.0.
[I 2024-11-24 16:18:32,502] Trial 198 finished with value: 0.0 and parameters: {'x_0': 0, 'x_1': 0, 'x_2': 0, 'x_3': 0}. Best is trial 43 with value: 0.0.
[I 2024-11-24 16:18:32,529] Trial 203 finished with value: 0.0 and parameters: {'x_0': 0, 'x_1': 0, 'x_2': 0, 'x_3': 0}. Best is trial 35 with value: 0.0.
[I 2024-11-24 16:18:32,580] Trial 199 finished with value: 0.0 and parameters: {'x_0': 0, 'x_1': 0, 'x_2': 0, 'x_3': 0}. Best is trial 25 with value: 0.0.
[I 2024-11-24 16:18:32,755] Trial 197 finished with value: 0.0 and parameters: {'x_0': 0, 'x_1': 0, 'x_2': 0, 'x_3': 0}. Best is trial 19 with value: 0.0.
[I 2024-11-24 16:18:32,839] Trial 201 finished with value: 0.0 and parameters: {'x_0': 0, 'x_1': 0, 'x_2': 0, 'x_3': 0}. Best is trial 23 with value: 0.0.
[I 2024-11-24 16:18:33,051] Trial 202 finished with value: 0.0 and parameters: {'x_0': 0, 'x_1': 0, 'x_2': 0, 'x_3': 0}. Best is trial 24 with value: 0.0.
[I 2024-11-24 16:18:33,087] Trial 200 finished with value: 0.0 and parameters: {'x_0': 0, 'x_1': 0, 'x_2': 0, 'x_3': 0}. Best is trial 19 with value: 0.0.
[I 2024-11-24 16:18:33,124] Trial 201 finished with value: 0.0 and parameters: {'x_0': 0, 'x_1': 0, 'x_2': 0, 'x_3': 0}. Best is trial 9 with value: 0.0.
[I 2024-11-24 16:18:33,361] Trial 201 finished with value: 0.0 and parameters: {'x_0': 0, 'x_1': 0, 'x_2': 0, 'x_3': 0}. Best is trial 28 with value: 0.0.
[I 2024-11-24 16:18:33,521] Trial 204 finished with value: 0.0 and parameters: {'x_0': 0, 'x_1': 0, 'x_2': 0, 'x_3': 0}. Best is trial 35 with value: 0.0.
[I 2024-11-24 16:18:33,523] Trial 203 finished with value: 0.0 and parameters: {'x_0': 0, 'x_1': 0, 'x_2': 0, 'x_3': 0}. Best is trial 13 with value: 0.0.
[I 2024-11-24 16:18:33,542] Trial 199 finished with value: 0.0 and parameters: {'x_0': 0, 'x_1': 0, 'x_2': 0, 'x_3': 0}. Best is trial 43 with value: 0.0.
[I 2024-11-24 16:18:33,601] Trial 200 finished with value: 0.0 and parameters: {'x_0': 0, 'x_1': 0, 'x_2': 0, 'x_3': 0}. Best is trial 25 with value: 0.0.
[I 2024-11-24 16:18:33,790] Trial 198 finished with value: 0.0 and parameters: {'x_0': 0, 'x_1': 0, 'x_2': 0, 'x_3': 0}. Best is trial 19 with value: 0.0.
[I 2024-11-24 16:18:33,875] Trial 202 finished with value: 0.0 and parameters: {'x_0': 0, 'x_1': 0, 'x_2': 0, 'x_3': 0}. Best is trial 23 with value: 0.0.
[I 2024-11-24 16:18:34,015] Trial 202 finished with value: 0.0 and parameters: {'x_0': 0, 'x_1': 0, 'x_2': 0, 'x_3': 0}. Best is trial 9 with value: 0.0.
[I 2024-11-24 16:18:34,032] Trial 203 finished with value: 0.0 and parameters: {'x_0': 0, 'x_1': 0, 'x_2': 0, 'x_3': 0}. Best is trial 24 with value: 0.0.
[I 2024-11-24 16:18:34,096] Trial 201 finished with value: 0.0 and parameters: {'x_0': 0, 'x_1': 0, 'x_2': 0, 'x_3': 0}. Best is trial 19 with value: 0.0.
[I 2024-11-24 16:18:34,185] Trial 202 finished with value: 0.0 and parameters: {'x_0': 0, 'x_1': 0, 'x_2': 0, 'x_3': 0}. Best is trial 28 with value: 0.0.
[I 2024-11-24 16:18:34,390] Trial 204 finished with value: 0.0 and parameters: {'x_0': 0, 'x_1': 0, 'x_2': 0, 'x_3': 0}. Best is trial 13 with value: 0.0.
[I 2024-11-24 16:18:34,401] Trial 205 finished with value: 0.0 and parameters: {'x_0': 0, 'x_1': 0, 'x_2': 0, 'x_3': 0}. Best is trial 35 with value: 0.0.
[I 2024-11-24 16:18:34,435] Trial 201 finished with value: 0.0 and parameters: {'x_0': 0, 'x_1': 0, 'x_2': 0, 'x_3': 0}. Best is trial 25 with value: 0.0.
[I 2024-11-24 16:18:34,461] Trial 200 finished with value: 0.0 and parameters: {'x_0': 0, 'x_1': 0, 'x_2': 0, 'x_3': 0}. Best is trial 43 with value: 0.0.
[I 2024-11-24 16:18:34,618] Trial 199 finished with value: 0.0 and parameters: {'x_0': 0, 'x_1': 0, 'x_2': 0, 'x_3': 0}. Best is trial 19 with value: 0.0.
[I 2024-11-24 16:18:34,728] Trial 203 finished with value: 0.0 and parameters: {'x_0': 0, 'x_1': 0, 'x_2': 0, 'x_3': 0}. Best is trial 23 with value: 0.0.
[I 2024-11-24 16:18:34,805] Trial 203 finished with value: 0.0 and parameters: {'x_0': 0, 'x_1': 0, 'x_2': 0, 'x_3': 0}. Best is trial 9 with value: 0.0.
[I 2024-11-24 16:18:34,919] Trial 204 finished with value: 0.0 and parameters: {'x_0': 0, 'x_1': 0, 'x_2': 0, 'x_3': 0}. Best is trial 24 with value: 0.0.
[I 2024-11-24 16:18:34,977] Trial 202 finished with value: 0.0 and parameters: {'x_0': 0, 'x_1': 0, 'x_2': 0, 'x_3': 0}. Best is trial 19 with value: 0.0.
[I 2024-11-24 16:18:35,042] Trial 206 finished with value: 0.0 and parameters: {'x_0': 0, 'x_1': 0, 'x_2': 0, 'x_3': 0}. Best is trial 35 with value: 0.0.
