[I 2024-11-24 16:14:13,760] Trial 444 finished with value: 7.0 and parameters: {'x_0': -1, 'x_1': 2, 'x_2': -1, 'x_3': -1}. Best is trial 25 with value: 0.0.
[I 2024-11-24 16:14:13,776] Trial 440 finished with value: 9.0 and parameters: {'x_0': 1, 'x_1': 0, 'x_2': -2, 'x_3': -2}. Best is trial 99 with value: 0.0.
[I 2024-11-24 16:14:14,268] Trial 433 finished with value: 7.0 and parameters: {'x_0': -1, 'x_1': -1, 'x_2': 2, 'x_3': -1}. Best is trial 148 with value: 0.0.
[I 2024-11-24 16:14:14,507] Trial 452 finished with value: 7.0 and parameters: {'x_0': -2, 'x_1': 1, 'x_2': 1, 'x_3': -1}. Best is trial 56 with value: 0.0.
[I 2024-11-24 16:14:14,774] Trial 459 finished with value: 11.0 and parameters: {'x_0': 0, 'x_1': 3, 'x_2': -1, 'x_3': -1}. Best is trial 164 with value: 0.0.
[I 2024-11-24 16:14:14,943] Trial 438 finished with value: 7.0 and parameters: {'x_0': 2, 'x_1': -1, 'x_2': -1, 'x_3': 1}. Best is trial 41 with value: 0.0.
[I 2024-11-24 16:14:15,124] Trial 441 finished with value: 7.0 and parameters: {'x_0': 1, 'x_1': 1, 'x_2': 2, 'x_3': 1}. Best is trial 99 with value: 0.0.
[I 2024-11-24 16:14:15,142] Trial 457 finished with value: 14.0 and parameters: {'x_0': -1, 'x_1': 2, 'x_2': 0, 'x_3': 3}. Best is trial 21 with value: 0.0.
[I 2024-11-24 16:14:15,296] Trial 441 finished with value: 7.0 and parameters: {'x_0': -1, 'x_1': 1, 'x_2': 2, 'x_3': -1}. Best is trial 16 with value: 0.0.
[I 2024-11-24 16:14:15,322] Trial 445 finished with value: 13.0 and parameters: {'x_0': 0, 'x_1': -2, 'x_2': 3, 'x_3': 0}. Best is trial 25 with value: 0.0.
[I 2024-11-24 16:14:15,572] Trial 447 finished with value: 10.0 and parameters: {'x_0': 0, 'x_1': 1, 'x_2': 0, 'x_3': 3}. Best is trial 26 with value: 0.0.
[I 2024-11-24 16:14:16,031] Trial 414 finished with value: 12.0 and parameters: {'x_0': 3, 'x_1': 1, 'x_2': 1, 'x_3': -1}. Best is trial 29 with value: 0.0.
[I 2024-11-24 16:14:16,036] Trial 453 finished with value: 7.0 and parameters: {'x_0': 1, 'x_1': 1, 'x_2': 1, 'x_3': -2}. Best is trial 56 with value: 0.0.
[I 2024-11-24 16:14:16,619] Trial 439 finished with value: 7.0 and parameters: {'x_0': 2, 'x_1': 1, 'x_2': 1, 'x_3': -1}. Best is trial 41 with value: 0.0.
[I 2024-11-24 16:14:16,661] Trial 460 finished with value: 13.0 and parameters: {'x_0': 0, 'x_1': -2, 'x_2': 0, 'x_3': 3}. Best is trial 164 with value: 0.0.
[I 2024-11-24 16:14:16,816] Trial 442 finished with value: 7.0 and parameters: {'x_0': -1, 'x_1': 2, 'x_2': -1, 'x_3': -1}. Best is trial 99 with value: 0.0.
[I 2024-11-24 16:14:16,858] Trial 458 finished with value: 7.0 and parameters: {'x_0': 1, 'x_1': -1, 'x_2': -2, 'x_3': -1}. Best is trial 21 with value: 0.0.
[I 2024-11-24 16:14:16,938] Trial 446 finished with value: 7.0 and parameters: {'x_0': -1, 'x_1': 2, 'x_2': 1, 'x_3': -1}. Best is trial 25 with value: 0.0.
[I 2024-11-24 16:14:17,134] Trial 434 finished with value: 7.0 and parameters: {'x_0': -1, 'x_1': -2, 'x_2': 1, 'x_3': -1}. Best is trial 148 with value: 0.0.
[I 2024-11-24 16:14:17,462] Trial 448 finished with value: 9.0 and parameters: {'x_0': 0, 'x_1': 1, 'x_2': 2, 'x_3': 2}. Best is trial 26 with value: 0.0.
[I 2024-11-24 16:14:17,833] Trial 454 finished with value: 7.0 and parameters: {'x_0': 1, 'x_1': -2, 'x_2': 1, 'x_3': 1}. Best is trial 56 with value: 0.0.
[I 2024-11-24 16:14:18,456] Trial 459 finished with value: 11.0 and parameters: {'x_0': 1, 'x_1': -3, 'x_2': 0, 'x_3': -1}. Best is trial 21 with value: 0.0.
[I 2024-11-24 16:14:18,641] Trial 435 finished with value: 7.0 and parameters: {'x_0': 1, 'x_1': -1, 'x_2': 1, 'x_3': -2}. Best is trial 148 with value: 0.0.
[I 2024-11-24 16:14:18,664] Trial 442 finished with value: 7.0 and parameters: {'x_0': 1, 'x_1': -1, 'x_2': -2, 'x_3': 1}. Best is trial 16 with value: 0.0.
[I 2024-11-24 16:14:19,380] Trial 449 finished with value: 6.0 and parameters: {'x_0': -1, 'x_1': -2, 'x_2': 0, 'x_3': 1}. Best is trial 26 with value: 0.0.
[I 2024-11-24 16:14:19,551] Trial 415 finished with value: 11.0 and parameters: {'x_0': -3, 'x_1': -1, 'x_2': 1, 'x_3': 0}. Best is trial 29 with value: 0.0.
[I 2024-11-24 16:14:20,284] Trial 447 finished with value: 7.0 and parameters: {'x_0': -1, 'x_1': 1, 'x_2': 1, 'x_3': 2}. Best is trial 25 with value: 0.0.
[I 2024-11-24 16:14:20,303] Trial 436 finished with value: 7.0 and parameters: {'x_0': 1, 'x_1': 2, 'x_2': 1, 'x_3': -1}. Best is trial 148 with value: 0.0.
[I 2024-11-24 16:14:20,372] Trial 440 finished with value: 7.0 and parameters: {'x_0': 1, 'x_1': -2, 'x_2': -1, 'x_3': 1}. Best is trial 41 with value: 0.0.
[I 2024-11-24 16:14:20,404] Trial 443 finished with value: 9.0 and parameters: {'x_0': -2, 'x_1': 0, 'x_2': 2, 'x_3': 1}. Best is trial 99 with value: 0.0.
[I 2024-11-24 16:14:20,463] Trial 443 finished with value: 7.0 and parameters: {'x_0': -1, 'x_1': -2, 'x_2': -1, 'x_3': -1}. Best is trial 16 with value: 0.0.
[I 2024-11-24 16:14:20,621] Trial 455 finished with value: 7.0 and parameters: {'x_0': -2, 'x_1': -1, 'x_2': 1, 'x_3': 1}. Best is trial 56 with value: 0.0.
[I 2024-11-24 16:14:20,693] Trial 461 finished with value: 11.0 and parameters: {'x_0': 1, 'x_1': 0, 'x_2': 3, 'x_3': 1}. Best is trial 164 with value: 0.0.
[I 2024-11-24 16:14:21,685] Trial 450 finished with value: 6.0 and parameters: {'x_0': 1, 'x_1': -2, 'x_2': 0, 'x_3': 1}. Best is trial 26 with value: 0.0.
[I 2024-11-24 16:14:21,816] Trial 444 finished with value: 13.0 and parameters: {'x_0': 0, 'x_1': -2, 'x_2': 0, 'x_3': -3}. Best is trial 99 with value: 0.0.
[I 2024-11-24 16:14:21,839] Trial 416 finished with value: 11.0 and parameters: {'x_0': 1, 'x_1': 3, 'x_2': -1, 'x_3': 0}. Best is trial 29 with value: 0.0.
[I 2024-11-24 16:14:21,864] Trial 448 finished with value: 9.0 and parameters: {'x_0': -1, 'x_1': -2, 'x_2': 0, 'x_3': 2}. Best is trial 25 with value: 0.0.
[I 2024-11-24 16:14:21,907] Trial 441 finished with value: 7.0 and parameters: {'x_0': -1, 'x_1': 1, 'x_2': -2, 'x_3': 1}. Best is trial 41 with value: 0.0.
[I 2024-11-24 16:14:22,005] Trial 456 finished with value: 10.0 and parameters: {'x_0': 1, 'x_1': 2, 'x_2': 2, 'x_3': -1}. Best is trial 56 with value: 0.0.
[I 2024-11-24 16:14:22,121] Trial 460 finished with value: 9.0 and parameters: {'x_0': -1, 'x_1': 0, 'x_2': 2, 'x_3': -2}. Best is trial 21 with value: 0.0.
[I 2024-11-24 16:14:22,201] Trial 444 finished with value: 7.0 and parameters: {'x_0': -1, 'x_1': 1, 'x_2': -1, 'x_3': -2}. Best is trial 16 with value: 0.0.
[I 2024-11-24 16:14:22,364] Trial 462 finished with value: 10.0 and parameters: {'x_0': 1, 'x_1': 3, 'x_2': 0, 'x_3': 0}. Best is trial 164 with value: 0.0.
[I 2024-11-24 16:14:22,670] Trial 437 finished with value: 5.0 and parameters: {'x_0': 1, 'x_1': -2, 'x_2': 0, 'x_3': 0}. Best is trial 148 with value: 0.0.
[I 2024-11-24 16:14:23,222] Trial 449 finished with value: 7.0 and parameters: {'x_0': 1, 'x_1': -2, 'x_2': -1, 'x_3': -1}. Best is trial 25 with value: 0.0.
[I 2024-11-24 16:14:23,402] Trial 442 finished with value: 7.0 and parameters: {'x_0': -1, 'x_1': 1, 'x_2': 2, 'x_3': -1}. Best is trial 41 with value: 0.0.
[I 2024-11-24 16:14:23,526] Trial 451 finished with value: 6.0 and parameters: {'x_0': -1, 'x_1': -2, 'x_2': 1, 'x_3': 0}. Best is trial 26 with value: 0.0.
[I 2024-11-24 16:14:23,572] Trial 457 finished with value: 9.0 and parameters: {'x_0': 0, 'x_1': -2, 'x_2': 1, 'x_3': 2}. Best is trial 56 with value: 0.0.
[I 2024-11-24 16:14:23,647] Trial 461 finished with value: 7.0 and parameters: {'x_0': 1, 'x_1': -2, 'x_2': -1, 'x_3': -1}. Best is trial 21 with value: 0.0.
[I 2024-11-24 16:14:24,075] Trial 445 finished with value: 10.0 and parameters: {'x_0': -1, 'x_1': 3, 'x_2': 0, 'x_3': 0}. Best is trial 99 with value: 0.0.
[I 2024-11-24 16:14:24,132] Trial 438 finished with value: 4.0 and parameters: {'x_0': 0, 'x_1': -2, 'x_2': 0, 'x_3': 0}. Best is trial 148 with value: 0.0.
[I 2024-11-24 16:14:24,152] Trial 417 finished with value: 11.0 and parameters: {'x_0': 3, 'x_1': -1, 'x_2': -1, 'x_3': 0}. Best is trial 29 with value: 0.0.
[I 2024-11-24 16:14:24,163] Trial 463 finished with value: 9.0 and parameters: {'x_0': 0, 'x_1': 2, 'x_2': 2, 'x_3': 1}. Best is trial 164 with value: 0.0.
[I 2024-11-24 16:14:24,934] Trial 462 finished with value: 9.0 and parameters: {'x_0': 1, 'x_1': 0, 'x_2': -2, 'x_3': 2}. Best is trial 21 with value: 0.0.
[I 2024-11-24 16:14:25,208] Trial 452 finished with value: 10.0 and parameters: {'x_0': -1, 'x_1': 3, 'x_2': 0, 'x_3': 0}. Best is trial 26 with value: 0.0.
[I 2024-11-24 16:14:25,366] Trial 445 finished with value: 9.0 and parameters: {'x_0': 0, 'x_1': 2, 'x_2': -1, 'x_3': 2}. Best is trial 16 with value: 0.0.
[I 2024-11-24 16:14:26,198] Trial 450 finished with value: 7.0 and parameters: {'x_0': -1, 'x_1': 1, 'x_2': -1, 'x_3': 2}. Best is trial 25 with value: 0.0.
[I 2024-11-24 16:14:26,503] Trial 439 finished with value: 5.0 and parameters: {'x_0': 0, 'x_1': -2, 'x_2': 0, 'x_3': 1}. Best is trial 148 with value: 0.0.
[I 2024-11-24 16:14:26,507] Trial 458 finished with value: 9.0 and parameters: {'x_0': 0, 'x_1': -1, 'x_2': -2, 'x_3': -2}. Best is trial 56 with value: 0.0.
[I 2024-11-24 16:14:26,613] Trial 443 finished with value: 7.0 and parameters: {'x_0': -1, 'x_1': 1, 'x_2': -1, 'x_3': -2}. Best is trial 41 with value: 0.0.
[I 2024-11-24 16:14:26,991] Trial 446 finished with value: 7.0 and parameters: {'x_0': -2, 'x_1': -1, 'x_2': -1, 'x_3': -1}. Best is trial 16 with value: 0.0.
[I 2024-11-24 16:14:27,313] Trial 463 finished with value: 9.0 and parameters: {'x_0': -2, 'x_1': 0, 'x_2': 1, 'x_3': -2}. Best is trial 21 with value: 0.0.
[I 2024-11-24 16:14:27,339] Trial 446 finished with value: 7.0 and parameters: {'x_0': -1, 'x_1': 1, 'x_2': 2, 'x_3': -1}. Best is trial 99 with value: 0.0.
[I 2024-11-24 16:14:27,781] Trial 451 finished with value: 9.0 and parameters: {'x_0': -2, 'x_1': 0, 'x_2': -1, 'x_3': 2}. Best is trial 25 with value: 0.0.
[I 2024-11-24 16:14:27,798] Trial 418 finished with value: 10.0 and parameters: {'x_0': 1, 'x_1': 0, 'x_2': 0, 'x_3': -3}. Best is trial 29 with value: 0.0.
[I 2024-11-24 16:14:27,827] Trial 464 finished with value: 8.0 and parameters: {'x_0': -2, 'x_1': 0, 'x_2': 0, 'x_3': -2}. Best is trial 164 with value: 0.0.
[I 2024-11-24 16:14:28,052] Trial 459 finished with value: 7.0 and parameters: {'x_0': 2, 'x_1': -1, 'x_2': 1, 'x_3': 1}. Best is trial 56 with value: 0.0.
[I 2024-11-24 16:14:28,196] Trial 444 finished with value: 7.0 and parameters: {'x_0': -1, 'x_1': -1, 'x_2': 1, 'x_3': 2}. Best is trial 41 with value: 0.0.
[I 2024-11-24 16:14:28,690] Trial 453 finished with value: 7.0 and parameters: {'x_0': 1, 'x_1': 1, 'x_2': -2, 'x_3': 1}. Best is trial 26 with value: 0.0.
[I 2024-11-24 16:14:28,860] Trial 464 finished with value: 7.0 and parameters: {'x_0': -1, 'x_1': -1, 'x_2': -2, 'x_3': -1}. Best is trial 21 with value: 0.0.
[I 2024-11-24 16:14:28,891] Trial 447 finished with value: 9.0 and parameters: {'x_0': -2, 'x_1': 1, 'x_2': 0, 'x_3': 2}. Best is trial 16 with value: 0.0.
[I 2024-11-24 16:14:29,002] Trial 447 finished with value: 9.0 and parameters: {'x_0': 0, 'x_1': 1, 'x_2': -2, 'x_3': -2}. Best is trial 99 with value: 0.0.
[I 2024-11-24 16:14:29,187] Trial 440 finished with value: 5.0 and parameters: {'x_0': 0, 'x_1': -2, 'x_2': 0, 'x_3': -1}. Best is trial 148 with value: 0.0.
[I 2024-11-24 16:14:29,333] Trial 452 finished with value: 10.0 and parameters: {'x_0': -3, 'x_1': 0, 'x_2': 0, 'x_3': -1}. Best is trial 25 with value: 0.0.
[I 2024-11-24 16:14:29,639] Trial 460 finished with value: 12.0 and parameters: {'x_0': 1, 'x_1': -1, 'x_2': -3, 'x_3': 1}. Best is trial 56 with value: 0.0.
[I 2024-11-24 16:14:29,723] Trial 465 finished with value: 9.0 and parameters: {'x_0': 0, 'x_1': 1, 'x_2': -2, 'x_3': 2}. Best is trial 164 with value: 0.0.
[I 2024-11-24 16:14:30,037] Trial 445 finished with value: 6.0 and parameters: {'x_0': 1, 'x_1': 1, 'x_2': 2, 'x_3': 0}. Best is trial 41 with value: 0.0.
[I 2024-11-24 16:14:30,127] Trial 465 finished with value: 10.0 and parameters: {'x_0': -1, 'x_1': -2, 'x_2': -1, 'x_3': -2}. Best is trial 21 with value: 0.0.
[I 2024-11-24 16:14:30,193] Trial 454 finished with value: 7.0 and parameters: {'x_0': -1, 'x_1': -2, 'x_2': 1, 'x_3': 1}. Best is trial 26 with value: 0.0.
[I 2024-11-24 16:14:30,501] Trial 419 finished with value: 11.0 and parameters: {'x_0': -1, 'x_1': 0, 'x_2': 1, 'x_3': 3}. Best is trial 29 with value: 0.0.
[I 2024-11-24 16:14:30,611] Trial 448 finished with value: 9.0 and parameters: {'x_0': -1, 'x_1': 0, 'x_2': 2, 'x_3': -2}. Best is trial 99 with value: 0.0.
[I 2024-11-24 16:14:30,799] Trial 441 finished with value: 5.0 and parameters: {'x_0': -1, 'x_1': -2, 'x_2': 0, 'x_3': 0}. Best is trial 148 with value: 0.0.
[I 2024-11-24 16:14:31,432] Trial 466 finished with value: 9.0 and parameters: {'x_0': -1, 'x_1': 0, 'x_2': 2, 'x_3': 2}. Best is trial 164 with value: 0.0.
[I 2024-11-24 16:14:31,702] Trial 455 finished with value: 9.0 and parameters: {'x_0': 1, 'x_1': 2, 'x_2': 0, 'x_3': 2}. Best is trial 26 with value: 0.0.
[I 2024-11-24 16:14:32,344] Trial 453 finished with value: 9.0 and parameters: {'x_0': 2, 'x_1': -1, 'x_2': 0, 'x_3': -2}. Best is trial 25 with value: 0.0.
[I 2024-11-24 16:14:32,445] Trial 448 finished with value: 9.0 and parameters: {'x_0': 0, 'x_1': -2, 'x_2': -1, 'x_3': 2}. Best is trial 16 with value: 0.0.
[I 2024-11-24 16:14:32,569] Trial 461 finished with value: 13.0 and parameters: {'x_0': 3, 'x_1': 0, 'x_2': 2, 'x_3': 0}. Best is trial 56 with value: 0.0.
[I 2024-11-24 16:14:32,683] Trial 442 finished with value: 8.0 and parameters: {'x_0': 0, 'x_1': -2, 'x_2': 0, 'x_3': -2}. Best is trial 148 with value: 0.0.
[I 2024-11-24 16:14:32,858] Trial 420 finished with value: 8.0 and parameters: {'x_0': -2, 'x_1': 0, 'x_2': 2, 'x_3': 0}. Best is trial 29 with value: 0.0.
[I 2024-11-24 16:14:33,452] Trial 466 finished with value: 11.0 and parameters: {'x_0': 1, 'x_1': 3, 'x_2': -1, 'x_3': 0}. Best is trial 21 with value: 0.0.
[I 2024-11-24 16:14:33,800] Trial 449 finished with value: 9.0 and parameters: {'x_0': -1, 'x_1': 0, 'x_2': -2, 'x_3': 2}. Best is trial 99 with value: 0.0.
[I 2024-11-24 16:14:33,828] Trial 446 finished with value: 7.0 and parameters: {'x_0': 1, 'x_1': 2, 'x_2': 1, 'x_3': -1}. Best is trial 41 with value: 0.0.
[I 2024-11-24 16:14:33,921] Trial 454 finished with value: 7.0 and parameters: {'x_0': 1, 'x_1': -2, 'x_2': 1, 'x_3': -1}. Best is trial 25 with value: 0.0.
[I 2024-11-24 16:14:33,991] Trial 449 finished with value: 6.0 and parameters: {'x_0': 0, 'x_1': 2, 'x_2': 1, 'x_3': 1}. Best is trial 16 with value: 0.0.
[I 2024-11-24 16:14:34,387] Trial 462 finished with value: 10.0 and parameters: {'x_0': 1, 'x_1': -2, 'x_2': -2, 'x_3': -1}. Best is trial 56 with value: 0.0.
[I 2024-11-24 16:14:34,883] Trial 456 finished with value: 14.0 and parameters: {'x_0': -1, 'x_1': -2, 'x_2': -3, 'x_3': 0}. Best is trial 26 with value: 0.0.
[I 2024-11-24 16:14:34,935] Trial 467 finished with value: 9.0 and parameters: {'x_0': 2, 'x_1': 0, 'x_2': -2, 'x_3': -1}. Best is trial 164 with value: 0.0.
[I 2024-11-24 16:14:35,018] Trial 467 finished with value: 9.0 and parameters: {'x_0': 2, 'x_1': 0, 'x_2': -2, 'x_3': -1}. Best is trial 21 with value: 0.0.
[I 2024-11-24 16:14:35,029] Trial 447 finished with value: 13.0 and parameters: {'x_0': 0, 'x_1': -2, 'x_2': 0, 'x_3': -3}. Best is trial 41 with value: 0.0.
[I 2024-11-24 16:14:35,253] Trial 421 finished with value: 8.0 and parameters: {'x_0': -2, 'x_1': 0, 'x_2': 0, 'x_3': 2}. Best is trial 29 with value: 0.0.
[I 2024-11-24 16:14:35,336] Trial 450 finished with value: 9.0 and parameters: {'x_0': 1, 'x_1': -2, 'x_2': 0, 'x_3': -2}. Best is trial 99 with value: 0.0.
[I 2024-11-24 16:14:35,385] Trial 450 finished with value: 9.0 and parameters: {'x_0': -2, 'x_1': 0, 'x_2': 1, 'x_3': 2}. Best is trial 16 with value: 0.0.
[I 2024-11-24 16:14:35,467] Trial 455 finished with value: 13.0 and parameters: {'x_0': 0, 'x_1': 2, 'x_2': -3, 'x_3': 0}. Best is trial 25 with value: 0.0.
[I 2024-11-24 16:14:35,559] Trial 443 finished with value: 6.0 and parameters: {'x_0': -1, 'x_1': -2, 'x_2': 0, 'x_3': -1}. Best is trial 148 with value: 0.0.
[I 2024-11-24 16:14:36,107] Trial 463 finished with value: 9.0 and parameters: {'x_0': 0, 'x_1': 2, 'x_2': -1, 'x_3': 2}. Best is trial 56 with value: 0.0.
[I 2024-11-24 16:14:36,431] Trial 468 finished with value: 7.0 and parameters: {'x_0': -1, 'x_1': -1, 'x_2': 2, 'x_3': 1}. Best is trial 21 with value: 0.0.
[I 2024-11-24 16:14:36,574] Trial 448 finished with value: 7.0 and parameters: {'x_0': -1, 'x_1': -2, 'x_2': -1, 'x_3': 1}. Best is trial 41 with value: 0.0.
[I 2024-11-24 16:14:36,613] Trial 468 finished with value: 9.0 and parameters: {'x_0': 0, 'x_1': -1, 'x_2': -2, 'x_3': -2}. Best is trial 164 with value: 0.0.
[I 2024-11-24 16:14:37,005] Trial 457 finished with value: 11.0 and parameters: {'x_0': 1, 'x_1': 1, 'x_2': 0, 'x_3': -3}. Best is trial 26 with value: 0.0.
[I 2024-11-24 16:14:37,446] Trial 444 finished with value: 6.0 and parameters: {'x_0': 1, 'x_1': -2, 'x_2': 0, 'x_3': 1}. Best is trial 148 with value: 0.0.
[I 2024-11-24 16:14:37,801] Trial 422 finished with value: 7.0 and parameters: {'x_0': -1, 'x_1': 1, 'x_2': -1, 'x_3': -2}. Best is trial 29 with value: 0.0.
[I 2024-11-24 16:14:38,679] Trial 451 finished with value: 13.0 and parameters: {'x_0': 3, 'x_1': 2, 'x_2': 0, 'x_3': 0}. Best is trial 16 with value: 0.0.
[I 2024-11-24 16:14:38,721] Trial 456 finished with value: 14.0 and parameters: {'x_0': 3, 'x_1': 0, 'x_2': 2, 'x_3': -1}. Best is trial 25 with value: 0.0.
[I 2024-11-24 16:14:38,779] Trial 458 finished with value: 9.0 and parameters: {'x_0': -3, 'x_1': 0, 'x_2': 0, 'x_3': 0}. Best is trial 26 with value: 0.0.
[I 2024-11-24 16:14:38,803] Trial 469 finished with value: 12.0 and parameters: {'x_0': 1, 'x_1': -3, 'x_2': -1, 'x_3': -1}. Best is trial 164 with value: 0.0.
[I 2024-11-24 16:14:38,901] Trial 464 finished with value: 7.0 and parameters: {'x_0': 2, 'x_1': 1, 'x_2': 1, 'x_3': -1}. Best is trial 56 with value: 0.0.
[I 2024-11-24 16:14:39,307] Trial 445 finished with value: 8.0 and parameters: {'x_0': -2, 'x_1': -2, 'x_2': 0, 'x_3': 0}. Best is trial 148 with value: 0.0.
[I 2024-11-24 16:14:39,374] Trial 451 finished with value: 10.0 and parameters: {'x_0': -3, 'x_1': 0, 'x_2': 0, 'x_3': 1}. Best is trial 99 with value: 0.0.
[I 2024-11-24 16:14:39,560] Trial 469 finished with value: 15.0 and parameters: {'x_0': -3, 'x_1': -2, 'x_2': 1, 'x_3': -1}. Best is trial 21 with value: 0.0.
[I 2024-11-24 16:14:39,976] Trial 449 finished with value: 7.0 and parameters: {'x_0': 1, 'x_1': 1, 'x_2': -1, 'x_3': 2}. Best is trial 41 with value: 0.0.
[I 2024-11-24 16:14:40,374] Trial 465 finished with value: 9.0 and parameters: {'x_0': 0, 'x_1': 1, 'x_2': 2, 'x_3': -2}. Best is trial 56 with value: 0.0.
[I 2024-11-24 16:14:40,611] Trial 452 finished with value: 12.0 and parameters: {'x_0': -1, 'x_1': -1, 'x_2': 1, 'x_3': -3}. Best is trial 16 with value: 0.0.
[I 2024-11-24 16:14:40,877] Trial 457 finished with value: 12.0 and parameters: {'x_0': 1, 'x_1': 1, 'x_2': 1, 'x_3': -3}. Best is trial 25 with value: 0.0.
[I 2024-11-24 16:14:40,920] Trial 423 finished with value: 11.0 and parameters: {'x_0': -3, 'x_1': 1, 'x_2': -1, 'x_3': 0}. Best is trial 29 with value: 0.0.
[I 2024-11-24 16:14:41,118] Trial 452 finished with value: 9.0 and parameters: {'x_0': 0, 'x_1': -1, 'x_2': 2, 'x_3': 2}. Best is trial 99 with value: 0.0.
[I 2024-11-24 16:14:41,294] Trial 470 finished with value: 9.0 and parameters: {'x_0': 0, 'x_1': 1, 'x_2': 2, 'x_3': -2}. Best is trial 21 with value: 0.0.
[I 2024-11-24 16:14:41,350] Trial 450 finished with value: 7.0 and parameters: {'x_0': 1, 'x_1': 2, 'x_2': -1, 'x_3': 1}. Best is trial 41 with value: 0.0.
[I 2024-11-24 16:14:42,000] Trial 466 finished with value: 9.0 and parameters: {'x_0': 0, 'x_1': -2, 'x_2': -1, 'x_3': -2}. Best is trial 56 with value: 0.0.
[I 2024-11-24 16:14:42,113] Trial 459 finished with value: 9.0 and parameters: {'x_0': -1, 'x_1': 0, 'x_2': -2, 'x_3': 2}. Best is trial 26 with value: 0.0.
[I 2024-11-24 16:14:42,373] Trial 470 finished with value: 9.0 and parameters: {'x_0': 2, 'x_1': 1, 'x_2': 0, 'x_3': -2}. Best is trial 164 with value: 0.0.
[I 2024-11-24 16:14:42,391] Trial 453 finished with value: 9.0 and parameters: {'x_0': 2, 'x_1': -1, 'x_2': 0, 'x_3': -2}. Best is trial 16 with value: 0.0.
[I 2024-11-24 16:14:42,437] Trial 446 finished with value: 8.0 and parameters: {'x_0': 2, 'x_1': -2, 'x_2': 0, 'x_3': 0}. Best is trial 148 with value: 0.0.
[I 2024-11-24 16:14:42,744] Trial 458 finished with value: 14.0 and parameters: {'x_0': -2, 'x_1': 3, 'x_2': 0, 'x_3': 1}. Best is trial 25 with value: 0.0.
[I 2024-11-24 16:14:42,769] Trial 453 finished with value: 9.0 and parameters: {'x_0': -2, 'x_1': 1, 'x_2': 0, 'x_3': -2}. Best is trial 99 with value: 0.0.
[I 2024-11-24 16:14:42,909] Trial 471 finished with value: 9.0 and parameters: {'x_0': 0, 'x_1': 1, 'x_2': -2, 'x_3': 2}. Best is trial 21 with value: 0.0.
[I 2024-11-24 16:14:42,918] Trial 451 finished with value: 8.0 and parameters: {'x_0': 2, 'x_1': 0, 'x_2': 0, 'x_3': -2}. Best is trial 41 with value: 0.0.
[I 2024-11-24 16:14:43,482] Trial 424 finished with value: 7.0 and parameters: {'x_0': -1, 'x_1': -1, 'x_2': -1, 'x_3': 2}. Best is trial 29 with value: 0.0.
[I 2024-11-24 16:14:43,541] Trial 460 finished with value: 9.0 and parameters: {'x_0': -2, 'x_1': -1, 'x_2': 0, 'x_3': -2}. Best is trial 26 with value: 0.0.
[I 2024-11-24 16:14:43,695] Trial 471 finished with value: 14.0 and parameters: {'x_0': -1, 'x_1': -2, 'x_2': -3, 'x_3': 0}. Best is trial 164 with value: 0.0.
[I 2024-11-24 16:14:45,000] Trial 461 finished with value: 9.0 and parameters: {'x_0': -2, 'x_1': 0, 'x_2': 2, 'x_3': -1}. Best is trial 26 with value: 0.0.
