[I 2024-11-24 16:15:18,397] Trial 482 finished with value: 15.0 and parameters: {'x_0': 3, 'x_1': -2, 'x_2': 1, 'x_3': -1}. Best is trial 56 with value: 0.0.
[I 2024-11-24 16:15:18,602] Trial 436 finished with value: 7.0 and parameters: {'x_0': -1, 'x_1': 1, 'x_2': -2, 'x_3': 1}. Best is trial 29 with value: 0.0.
[I 2024-11-24 16:15:18,785] Trial 474 finished with value: 13.0 and parameters: {'x_0': -2, 'x_1': 0, 'x_2': 3, 'x_3': 0}. Best is trial 25 with value: 0.0.
[I 2024-11-24 16:15:18,926] Trial 475 finished with value: 10.0 and parameters: {'x_0': -1, 'x_1': 0, 'x_2': 0, 'x_3': 3}. Best is trial 26 with value: 0.0.
[I 2024-11-24 16:15:19,214] Trial 462 finished with value: 6.0 and parameters: {'x_0': -1, 'x_1': 2, 'x_2': 1, 'x_3': 0}. Best is trial 148 with value: 0.0.
[I 2024-11-24 16:15:20,551] Trial 485 finished with value: 9.0 and parameters: {'x_0': -2, 'x_1': -1, 'x_2': 0, 'x_3': -2}. Best is trial 164 with value: 0.0.
[I 2024-11-24 16:15:20,553] Trial 466 finished with value: 7.0 and parameters: {'x_0': 1, 'x_1': 1, 'x_2': -1, 'x_3': -2}. Best is trial 41 with value: 0.0.
[I 2024-11-24 16:15:20,587] Trial 487 finished with value: 13.0 and parameters: {'x_0': 2, 'x_1': 0, 'x_2': 3, 'x_3': 0}. Best is trial 21 with value: 0.0.
[I 2024-11-24 16:15:20,644] Trial 483 finished with value: 7.0 and parameters: {'x_0': 1, 'x_1': 1, 'x_2': 2, 'x_3': 1}. Best is trial 56 with value: 0.0.
[I 2024-11-24 16:15:20,912] Trial 475 finished with value: 7.0 and parameters: {'x_0': -1, 'x_1': -2, 'x_2': -1, 'x_3': 1}. Best is trial 25 with value: 0.0.
[I 2024-11-24 16:15:20,961] Trial 468 finished with value: 6.0 and parameters: {'x_0': -1, 'x_1': 1, 'x_2': -2, 'x_3': 0}. Best is trial 16 with value: 0.0.
[I 2024-11-24 16:15:21,007] Trial 476 finished with value: 12.0 and parameters: {'x_0': -2, 'x_1': 2, 'x_2': -2, 'x_3': 0}. Best is trial 26 with value: 0.0.
[I 2024-11-24 16:15:21,689] Trial 469 finished with value: 5.0 and parameters: {'x_0': 1, 'x_1': 2, 'x_2': 0, 'x_3': 0}. Best is trial 99 with value: 0.0.
[I 2024-11-24 16:15:21,920] Trial 437 finished with value: 9.0 and parameters: {'x_0': -1, 'x_1': -2, 'x_2': -2, 'x_3': 0}. Best is trial 29 with value: 0.0.
[I 2024-11-24 16:15:22,072] Trial 486 finished with value: 9.0 and parameters: {'x_0': -2, 'x_1': 0, 'x_2': -2, 'x_3': 1}. Best is trial 164 with value: 0.0.
[I 2024-11-24 16:15:22,161] Trial 467 finished with value: 9.0 and parameters: {'x_0': 1, 'x_1': 2, 'x_2': 0, 'x_3': -2}. Best is trial 41 with value: 0.0.
[I 2024-11-24 16:15:22,282] Trial 488 finished with value: 13.0 and parameters: {'x_0': 0, 'x_1': 2, 'x_2': -3, 'x_3': 0}. Best is trial 21 with value: 0.0.
[I 2024-11-24 16:15:22,511] Trial 476 finished with value: 7.0 and parameters: {'x_0': 1, 'x_1': 2, 'x_2': -1, 'x_3': -1}. Best is trial 25 with value: 0.0.
[I 2024-11-24 16:15:22,767] Trial 469 finished with value: 7.0 and parameters: {'x_0': -1, 'x_1': 1, 'x_2': -2, 'x_3': -1}. Best is trial 16 with value: 0.0.
[I 2024-11-24 16:15:23,318] Trial 463 finished with value: 9.0 and parameters: {'x_0': -1, 'x_1': -2, 'x_2': 0, 'x_3': -2}. Best is trial 148 with value: 0.0.
[I 2024-11-24 16:15:23,523] Trial 470 finished with value: 6.0 and parameters: {'x_0': -1, 'x_1': 2, 'x_2': 0, 'x_3': 1}. Best is trial 99 with value: 0.0.
[I 2024-11-24 16:15:23,826] Trial 468 finished with value: 7.0 and parameters: {'x_0': -1, 'x_1': -2, 'x_2': 1, 'x_3': 1}. Best is trial 41 with value: 0.0.
[I 2024-11-24 16:15:23,920] Trial 484 finished with value: 12.0 and parameters: {'x_0': 1, 'x_1': 1, 'x_2': 3, 'x_3': -1}. Best is trial 56 with value: 0.0.
[I 2024-11-24 16:15:23,938] Trial 489 finished with value: 14.0 and parameters: {'x_0': -2, 'x_1': 3, 'x_2': 0, 'x_3': -1}. Best is trial 21 with value: 0.0.
[I 2024-11-24 16:15:24,384] Trial 470 finished with value: 5.0 and parameters: {'x_0': 0, 'x_1': -1, 'x_2': 2, 'x_3': 0}. Best is trial 16 with value: 0.0.
[I 2024-11-24 16:15:24,608] Trial 438 finished with value: 14.0 and parameters: {'x_0': -3, 'x_1': 2, 'x_2': 0, 'x_3': -1}. Best is trial 29 with value: 0.0.
[I 2024-11-24 16:15:24,922] Trial 477 finished with value: 7.0 and parameters: {'x_0': -1, 'x_1': -2, 'x_2': 1, 'x_3': -1}. Best is trial 26 with value: 0.0.
[I 2024-11-24 16:15:24,992] Trial 464 finished with value: 9.0 and parameters: {'x_0': -1, 'x_1': 0, 'x_2': 2, 'x_3': 2}. Best is trial 148 with value: 0.0.
[I 2024-11-24 16:15:25,553] Trial 487 finished with value: 9.0 and parameters: {'x_0': 2, 'x_1': 0, 'x_2': -1, 'x_3': -2}. Best is trial 164 with value: 0.0.
[I 2024-11-24 16:15:25,874] Trial 485 finished with value: 12.0 and parameters: {'x_0': 1, 'x_1': -3, 'x_2': 1, 'x_3': -1}. Best is trial 56 with value: 0.0.
[I 2024-11-24 16:15:26,588] Trial 477 finished with value: 9.0 and parameters: {'x_0': 1, 'x_1': 2, 'x_2': -2, 'x_3': 0}. Best is trial 25 with value: 0.0.
[I 2024-11-24 16:15:26,608] Trial 478 finished with value: 10.0 and parameters: {'x_0': 0, 'x_1': 0, 'x_2': -3, 'x_3': 1}. Best is trial 26 with value: 0.0.
[I 2024-11-24 16:15:27,364] Trial 490 finished with value: 9.0 and parameters: {'x_0': 0, 'x_1': 2, 'x_2': 2, 'x_3': 1}. Best is trial 21 with value: 0.0.
[I 2024-11-24 16:15:27,492] Trial 471 finished with value: 6.0 and parameters: {'x_0': 1, 'x_1': 2, 'x_2': 0, 'x_3': 1}. Best is trial 99 with value: 0.0.
[I 2024-11-24 16:15:27,544] Trial 488 finished with value: 8.0 and parameters: {'x_0': 2, 'x_1': -2, 'x_2': 0, 'x_3': 0}. Best is trial 164 with value: 0.0.
[I 2024-11-24 16:15:27,652] Trial 469 finished with value: 9.0 and parameters: {'x_0': 0, 'x_1': 2, 'x_2': 1, 'x_3': -2}. Best is trial 41 with value: 0.0.
[I 2024-11-24 16:15:27,670] Trial 486 finished with value: 12.0 and parameters: {'x_0': 1, 'x_1': -1, 'x_2': 3, 'x_3': 1}. Best is trial 56 with value: 0.0.
[I 2024-11-24 16:15:28,196] Trial 439 finished with value: 7.0 and parameters: {'x_0': -1, 'x_1': 1, 'x_2': 2, 'x_3': -1}. Best is trial 29 with value: 0.0.
[I 2024-11-24 16:15:28,237] Trial 478 finished with value: 9.0 and parameters: {'x_0': 2, 'x_1': 1, 'x_2': 0, 'x_3': -2}. Best is trial 25 with value: 0.0.
[I 2024-11-24 16:15:28,601] Trial 471 finished with value: 6.0 and parameters: {'x_0': 0, 'x_1': -1, 'x_2': 2, 'x_3': -1}. Best is trial 16 with value: 0.0.
[I 2024-11-24 16:15:29,107] Trial 491 finished with value: 12.0 and parameters: {'x_0': -1, 'x_1': 1, 'x_2': 1, 'x_3': 3}. Best is trial 21 with value: 0.0.
[I 2024-11-24 16:15:29,131] Trial 465 finished with value: 7.0 and parameters: {'x_0': 1, 'x_1': -1, 'x_2': -1, 'x_3': 2}. Best is trial 148 with value: 0.0.
[I 2024-11-24 16:15:29,375] Trial 489 finished with value: 10.0 and parameters: {'x_0': 0, 'x_1': -3, 'x_2': 0, 'x_3': 1}. Best is trial 164 with value: 0.0.
[I 2024-11-24 16:15:29,451] Trial 470 finished with value: 9.0 and parameters: {'x_0': -2, 'x_1': -1, 'x_2': 0, 'x_3': -2}. Best is trial 41 with value: 0.0.
[I 2024-11-24 16:15:29,625] Trial 472 finished with value: 9.0 and parameters: {'x_0': -2, 'x_1': 2, 'x_2': 0, 'x_3': 1}. Best is trial 99 with value: 0.0.
[I 2024-11-24 16:15:29,930] Trial 479 finished with value: 9.0 and parameters: {'x_0': -2, 'x_1': -1, 'x_2': 0, 'x_3': -2}. Best is trial 25 with value: 0.0.
[I 2024-11-24 16:15:30,518] Trial 472 finished with value: 6.0 and parameters: {'x_0': 0, 'x_1': -1, 'x_2': 2, 'x_3': 1}. Best is trial 16 with value: 0.0.
[I 2024-11-24 16:15:30,824] Trial 492 finished with value: 9.0 and parameters: {'x_0': 0, 'x_1': -1, 'x_2': -2, 'x_3': -2}. Best is trial 21 with value: 0.0.
[I 2024-11-24 16:15:30,926] Trial 466 finished with value: 13.0 and parameters: {'x_0': -2, 'x_1': -2, 'x_2': 2, 'x_3': -1}. Best is trial 148 with value: 0.0.
[I 2024-11-24 16:15:31,278] Trial 479 finished with value: 14.0 and parameters: {'x_0': 3, 'x_1': -1, 'x_2': -2, 'x_3': 0}. Best is trial 26 with value: 0.0.
[I 2024-11-24 16:15:31,281] Trial 471 finished with value: 9.0 and parameters: {'x_0': -1, 'x_1': -2, 'x_2': 0, 'x_3': 2}. Best is trial 41 with value: 0.0.
[I 2024-11-24 16:15:31,482] Trial 473 finished with value: 6.0 and parameters: {'x_0': 1, 'x_1': 2, 'x_2': 0, 'x_3': -1}. Best is trial 99 with value: 0.0.
[I 2024-11-24 16:15:31,596] Trial 440 finished with value: 6.0 and parameters: {'x_0': 1, 'x_1': 1, 'x_2': 0, 'x_3': 2}. Best is trial 29 with value: 0.0.
[I 2024-11-24 16:15:32,282] Trial 487 finished with value: 6.0 and parameters: {'x_0': 1, 'x_1': 1, 'x_2': -2, 'x_3': 0}. Best is trial 56 with value: 0.0.
[I 2024-11-24 16:15:32,618] Trial 473 finished with value: 6.0 and parameters: {'x_0': 1, 'x_1': -1, 'x_2': 2, 'x_3': 0}. Best is trial 16 with value: 0.0.
[I 2024-11-24 16:15:33,189] Trial 467 finished with value: 7.0 and parameters: {'x_0': -1, 'x_1': 2, 'x_2': -1, 'x_3': 1}. Best is trial 148 with value: 0.0.
[I 2024-11-24 16:15:33,311] Trial 480 finished with value: 9.0 and parameters: {'x_0': 0, 'x_1': -1, 'x_2': 2, 'x_3': 2}. Best is trial 25 with value: 0.0.
[I 2024-11-24 16:15:33,646] Trial 490 finished with value: 14.0 and parameters: {'x_0': 0, 'x_1': 2, 'x_2': 1, 'x_3': -3}. Best is trial 164 with value: 0.0.
[I 2024-11-24 16:15:33,767] Trial 480 finished with value: 13.0 and parameters: {'x_0': 2, 'x_1': -2, 'x_2': 2, 'x_3': 1}. Best is trial 26 with value: 0.0.
[I 2024-11-24 16:15:34,132] Trial 488 finished with value: 6.0 and parameters: {'x_0': 0, 'x_1': 1, 'x_2': 2, 'x_3': 1}. Best is trial 56 with value: 0.0.
[I 2024-11-24 16:15:34,611] Trial 493 finished with value: 12.0 and parameters: {'x_0': 1, 'x_1': -1, 'x_2': -1, 'x_3': -3}. Best is trial 21 with value: 0.0.
[I 2024-11-24 16:15:35,072] Trial 481 finished with value: 9.0 and parameters: {'x_0': 0, 'x_1': -2, 'x_2': 1, 'x_3': -2}. Best is trial 25 with value: 0.0.
[I 2024-11-24 16:15:35,183] Trial 441 finished with value: 6.0 and parameters: {'x_0': 0, 'x_1': 1, 'x_2': -2, 'x_3': -1}. Best is trial 29 with value: 0.0.
[I 2024-11-24 16:15:35,493] Trial 472 finished with value: 9.0 and parameters: {'x_0': -3, 'x_1': 0, 'x_2': 0, 'x_3': 0}. Best is trial 41 with value: 0.0.
[I 2024-11-24 16:15:35,601] Trial 491 finished with value: 9.0 and parameters: {'x_0': 2, 'x_1': 0, 'x_2': 1, 'x_3': 2}. Best is trial 164 with value: 0.0.
[I 2024-11-24 16:15:35,681] Trial 474 finished with value: 6.0 and parameters: {'x_0': -1, 'x_1': 2, 'x_2': 0, 'x_3': -1}. Best is trial 99 with value: 0.0.
[I 2024-11-24 16:15:35,901] Trial 489 finished with value: 9.0 and parameters: {'x_0': 0, 'x_1': -2, 'x_2': 2, 'x_3': 1}. Best is trial 56 with value: 0.0.
[I 2024-11-24 16:15:35,931] Trial 481 finished with value: 7.0 and parameters: {'x_0': 1, 'x_1': -1, 'x_2': 2, 'x_3': -1}. Best is trial 26 with value: 0.0.
[I 2024-11-24 16:15:36,111] Trial 474 finished with value: 6.0 and parameters: {'x_0': -1, 'x_1': -1, 'x_2': 2, 'x_3': 0}. Best is trial 16 with value: 0.0.
[I 2024-11-24 16:15:36,387] Trial 494 finished with value: 12.0 and parameters: {'x_0': -1, 'x_1': -3, 'x_2': 1, 'x_3': -1}. Best is trial 21 with value: 0.0.
[I 2024-11-24 16:15:36,632] Trial 482 finished with value: 8.0 and parameters: {'x_0': -2, 'x_1': 0, 'x_2': 0, 'x_3': 2}. Best is trial 25 with value: 0.0.
[I 2024-11-24 16:15:37,047] Trial 468 finished with value: 9.0 and parameters: {'x_0': -2, 'x_1': -1, 'x_2': 0, 'x_3': -2}. Best is trial 148 with value: 0.0.
[I 2024-11-24 16:15:37,228] Trial 475 finished with value: 10.0 and parameters: {'x_0': 1, 'x_1': -3, 'x_2': 0, 'x_3': 0}. Best is trial 99 with value: 0.0.
[I 2024-11-24 16:15:37,385] Trial 492 finished with value: 8.0 and parameters: {'x_0': 0, 'x_1': 2, 'x_2': 0, 'x_3': 2}. Best is trial 164 with value: 0.0.
[I 2024-11-24 16:15:37,391] Trial 473 finished with value: 9.0 and parameters: {'x_0': 0, 'x_1': 1, 'x_2': 2, 'x_3': 2}. Best is trial 41 with value: 0.0.
[I 2024-11-24 16:15:37,909] Trial 442 finished with value: 6.0 and parameters: {'x_0': 0, 'x_1': -1, 'x_2': -2, 'x_3': 1}. Best is trial 29 with value: 0.0.
[I 2024-11-24 16:15:38,093] Trial 475 finished with value: 7.0 and parameters: {'x_0': 1, 'x_1': -1, 'x_2': 2, 'x_3': -1}. Best is trial 16 with value: 0.0.
[I 2024-11-24 16:15:38,233] Trial 495 finished with value: 15.0 and parameters: {'x_0': 1, 'x_1': 2, 'x_2': 3, 'x_3': -1}. Best is trial 21 with value: 0.0.
[I 2024-11-24 16:15:38,667] Trial 469 finished with value: 9.0 and parameters: {'x_0': 2, 'x_1': 1, 'x_2': 0, 'x_3': 2}. Best is trial 148 with value: 0.0.
[I 2024-11-24 16:15:38,906] Trial 490 finished with value: 7.0 and parameters: {'x_0': 1, 'x_1': 1, 'x_2': -2, 'x_3': 1}. Best is trial 56 with value: 0.0.
[I 2024-11-24 16:15:39,039] Trial 474 finished with value: 10.0 and parameters: {'x_0': 3, 'x_1': 0, 'x_2': 0, 'x_3': 1}. Best is trial 41 with value: 0.0.
[I 2024-11-24 16:15:39,479] Trial 476 finished with value: 13.0 and parameters: {'x_0': -3, 'x_1': 2, 'x_2': 0, 'x_3': 0}. Best is trial 99 with value: 0.0.
[I 2024-11-24 16:15:39,711] Trial 482 finished with value: 13.0 and parameters: {'x_0': 2, 'x_1': -3, 'x_2': 0, 'x_3': 0}. Best is trial 26 with value: 0.0.
[I 2024-11-24 16:15:39,909] Trial 476 finished with value: 7.0 and parameters: {'x_0': -1, 'x_1': -1, 'x_2': 2, 'x_3': 1}. Best is trial 16 with value: 0.0.
[I 2024-11-24 16:15:40,029] Trial 483 finished with value: 9.0 and parameters: {'x_0': 0, 'x_1': 1, 'x_2': -2, 'x_3': 2}. Best is trial 25 with value: 0.0.
[I 2024-11-24 16:15:40,510] Trial 491 finished with value: 9.0 and parameters: {'x_0': -2, 'x_1': 0, 'x_2': -2, 'x_3': -1}. Best is trial 56 with value: 0.0.
[I 2024-11-24 16:15:41,289] Trial 443 finished with value: 7.0 and parameters: {'x_0': 1, 'x_1': -2, 'x_2': -1, 'x_3': 1}. Best is trial 29 with value: 0.0.
[I 2024-11-24 16:15:41,455] Trial 493 finished with value: 9.0 and parameters: {'x_0': 1, 'x_1': -2, 'x_2': 0, 'x_3': 2}. Best is trial 164 with value: 0.0.
[I 2024-11-24 16:15:41,690] Trial 483 finished with value: 14.0 and parameters: {'x_0': -3, 'x_1': -2, 'x_2': 1, 'x_3': 0}. Best is trial 26 with value: 0.0.
[I 2024-11-24 16:15:41,772] Trial 484 finished with value: 9.0 and parameters: {'x_0': 0, 'x_1': 2, 'x_2': -1, 'x_3': -2}. Best is trial 25 with value: 0.0.
[I 2024-11-24 16:15:41,891] Trial 492 finished with value: 11.0 and parameters: {'x_0': -3, 'x_1': 1, 'x_2': 0, 'x_3': 1}. Best is trial 56 with value: 0.0.
[I 2024-11-24 16:15:42,091] Trial 496 finished with value: 9.0 and parameters: {'x_0': 2, 'x_1': -2, 'x_2': 0, 'x_3': -1}. Best is trial 21 with value: 0.0.
[I 2024-11-24 16:15:42,992] Trial 470 finished with value: 9.0 and parameters: {'x_0': -2, 'x_1': 0, 'x_2': 1, 'x_3': -2}. Best is trial 148 with value: 0.0.
[I 2024-11-24 16:15:43,162] Trial 494 finished with value: 14.0 and parameters: {'x_0': -3, 'x_1': 2, 'x_2': 0, 'x_3': 1}. Best is trial 164 with value: 0.0.
[I 2024-11-24 16:15:43,173] Trial 475 finished with value: 9.0 and parameters: {'x_0': 2, 'x_1': 1, 'x_2': 0, 'x_3': 2}. Best is trial 41 with value: 0.0.
[I 2024-11-24 16:15:43,364] Trial 485 finished with value: 11.0 and parameters: {'x_0': 1, 'x_1': 0, 'x_2': -1, 'x_3': 3}. Best is trial 25 with value: 0.0.
[I 2024-11-24 16:15:43,754] Trial 477 finished with value: 9.0 and parameters: {'x_0': 1, 'x_1': 2, 'x_2': -2, 'x_3': 0}. Best is trial 99 with value: 0.0.
[I 2024-11-24 16:15:43,788] Trial 497 finished with value: 14.0 and parameters: {'x_0': -2, 'x_1': 0, 'x_2': -3, 'x_3': -1}. Best is trial 21 with value: 0.0.
[I 2024-11-24 16:15:43,804] Trial 484 finished with value: 7.0 and parameters: {'x_0': -1, 'x_1': 2, 'x_2': 1, 'x_3': 1}. Best is trial 26 with value: 0.0.
[I 2024-11-24 16:15:44,351] Trial 477 finished with value: 9.0 and parameters: {'x_0': 2, 'x_1': -1, 'x_2': 2, 'x_3': 0}. Best is trial 16 with value: 0.0.
[I 2024-11-24 16:15:44,752] Trial 471 finished with value: 9.0 and parameters: {'x_0': 1, 'x_1': 0, 'x_2': -2, 'x_3': 2}. Best is trial 148 with value: 0.0.
[I 2024-11-24 16:15:44,762] Trial 444 finished with value: 6.0 and parameters: {'x_0': -1, 'x_1': -2, 'x_2': 0, 'x_3': -1}. Best is trial 29 with value: 0.0.
[I 2024-11-24 16:15:44,957] Trial 478 finished with value: 9.0 and parameters: {'x_0': 0, 'x_1': -1, 'x_2': -2, 'x_3': 2}. Best is trial 99 with value: 0.0.
[I 2024-11-24 16:15:44,972] Trial 493 finished with value: 14.0 and parameters: {'x_0': 0, 'x_1': -2, 'x_2': -3, 'x_3': -1}. Best is trial 56 with value: 0.0.
[I 2024-11-24 16:15:44,989] Trial 476 finished with value: 9.0 and parameters: {'x_0': 2, 'x_1': 0, 'x_2': -1, 'x_3': -2}. Best is trial 41 with value: 0.0.
[I 2024-11-24 16:15:45,028] Trial 495 finished with value: 0.0 and parameters: {'x_0': 0, 'x_1': 0, 'x_2': 0, 'x_3': 0}. Best is trial 164 with value: 0.0.
[I 2024-11-24 16:15:45,694] Trial 498 finished with value: 13.0 and parameters: {'x_0': -3, 'x_1': 0, 'x_2': 2, 'x_3': 0}. Best is trial 21 with value: 0.0.
[I 2024-11-24 16:15:45,919] Trial 478 finished with value: 6.0 and parameters: {'x_0': -1, 'x_1': 2, 'x_2': 0, 'x_3': -1}. Best is trial 16 with value: 0.0.
[I 2024-11-24 16:15:46,418] Trial 472 finished with value: 14.0 and parameters: {'x_0': 1, 'x_1': -2, 'x_2': -3, 'x_3': 0}. Best is trial 148 with value: 0.0.
[I 2024-11-24 16:15:46,796] Trial 477 finished with value: 9.0 and parameters: {'x_0': 2, 'x_1': -1, 'x_2': 0, 'x_3': 2}. Best is trial 41 with value: 0.0.
[I 2024-11-24 16:15:47,092] Trial 494 finished with value: 14.0 and parameters: {'x_0': 3, 'x_1': 1, 'x_2': 2, 'x_3': 0}. Best is trial 56 with value: 0.0.
[I 2024-11-24 16:15:47,259] Trial 479 finished with value: 7.0 and parameters: {'x_0': -1, 'x_1': 2, 'x_2': 1, 'x_3': -1}. Best is trial 99 with value: 0.0.
[I 2024-11-24 16:15:47,309] Trial 486 finished with value: 9.0 and parameters: {'x_0': 2, 'x_1': 0, 'x_2': -2, 'x_3': -1}. Best is trial 25 with value: 0.0.
[I 2024-11-24 16:15:47,636] Trial 485 finished with value: 9.0 and parameters: {'x_0': 0, 'x_1': 2, 'x_2': 2, 'x_3': 1}. Best is trial 26 with value: 0.0.
[I 2024-11-24 16:15:47,815] Trial 445 finished with value: 6.0 and parameters: {'x_0': 0, 'x_1': 1, 'x_2': 2, 'x_3': 1}. Best is trial 29 with value: 0.0.
[I 2024-11-24 16:15:48,072] Trial 479 finished with value: 14.0 and parameters: {'x_0': -1, 'x_1': 2, 'x_2': 3, 'x_3': 0}. Best is trial 16 with value: 0.0.
[I 2024-11-24 16:15:48,617] Trial 487 finished with value: 11.0 and parameters: {'x_0': 1, 'x_1': 0, 'x_2': 1, 'x_3': -3}. Best is trial 25 with value: 0.0.
[I 2024-11-24 16:15:49,331] Trial 486 finished with value: 15.0 and parameters: {'x_0': -1, 'x_1': 2, 'x_2': -3, 'x_3': 1}. Best is trial 26 with value: 0.0.
[I 2024-11-24 16:15:49,370] Trial 495 finished with value: 15.0 and parameters: {'x_0': -3, 'x_1': -1, 'x_2': -2, 'x_3': -1}. Best is trial 56 with value: 0.0.
[I 2024-11-24 16:15:49,585] Trial 496 finished with value: 9.0 and parameters: {'x_0': 1, 'x_1': 2, 'x_2': 0, 'x_3': -2}. Best is trial 164 with value: 0.0.
[I 2024-11-24 16:15:50,319] Trial 478 finished with value: 9.0 and parameters: {'x_0': -2, 'x_1': 0, 'x_2': 1, 'x_3': 2}. Best is trial 41 with value: 0.0.
[I 2024-11-24 16:15:50,474] Trial 488 finished with value: 12.0 and parameters: {'x_0': 1, 'x_1': -1, 'x_2': 1, 'x_3': 3}. Best is trial 25 with value: 0.0.
[I 2024-11-24 16:15:50,487] Trial 473 finished with value: 7.0 and parameters: {'x_0': -1, 'x_1': 2, 'x_2': 1, 'x_3': -1}. Best is trial 148 with value: 0.0.
[I 2024-11-24 16:15:51,072] Trial 480 finished with value: 10.0 and parameters: {'x_0': -1, 'x_1': 2, 'x_2': -2, 'x_3': 1}. Best is trial 99 with value: 0.0.
[I 2024-11-24 16:15:51,282] Trial 499 finished with value: 12.0 and parameters: {'x_0': 2, 'x_1': -2, 'x_2': 2, 'x_3': 0}. Best is trial 21 with value: 0.0.
independent sampling
independent sampling
independent sampling
independent sampling
2024-11-24 16:15:51,287 - INFO - Best value: 0.0
[I 2024-11-24 16:15:51,291] Trial 446 finished with value: 7.0 and parameters: {'x_0': 1, 'x_1': -2, 'x_2': 1, 'x_3': 1}. Best is trial 29 with value: 0.0.
2024-11-24 16:15:51,291 - INFO - Best params: {'x_0': 0, 'x_1': 0, 'x_2': 0, 'x_3': 0}
[I 2024-11-24 16:15:51,477] Trial 497 finished with value: 9.0 and parameters: {'x_0': -1, 'x_1': 2, 'x_2': -2, 'x_3': 0}. Best is trial 164 with value: 0.0.
[I 2024-11-24 16:15:51,699] Trial 487 finished with value: 14.0 and parameters: {'x_0': 0, 'x_1': 2, 'x_2': -1, 'x_3': -3}. Best is trial 26 with value: 0.0.
[I 2024-11-24 16:15:51,864] Trial 480 finished with value: 7.0 and parameters: {'x_0': -1, 'x_1': -1, 'x_2': 2, 'x_3': -1}. Best is trial 16 with value: 0.0.
[I 2024-11-24 16:15:52,297] Trial 479 finished with value: 9.0 and parameters: {'x_0': -1, 'x_1': 0, 'x_2': -2, 'x_3': 2}. Best is trial 41 with value: 0.0.
[I 2024-11-24 16:15:52,794] Trial 474 finished with value: 15.0 and parameters: {'x_0': -3, 'x_1': -1, 'x_2': -2, 'x_3': -1}. Best is trial 148 with value: 0.0.
[I 2024-11-24 16:15:53,303] Trial 481 finished with value: 10.0 and parameters: {'x_0': 0, 'x_1': 3, 'x_2': 0, 'x_3': 1}. Best is trial 99 with value: 0.0.
[I 2024-11-24 16:15:53,915] Trial 496 finished with value: 12.0 and parameters: {'x_0': -1, 'x_1': -3, 'x_2': -1, 'x_3': -1}. Best is trial 56 with value: 0.0.
[I 2024-11-24 16:15:54,195] Trial 481 finished with value: 7.0 and parameters: {'x_0': -1, 'x_1': 1, 'x_2': -2, 'x_3': 1}. Best is trial 16 with value: 0.0.
[I 2024-11-24 16:15:54,493] Trial 480 finished with value: 9.0 and parameters: {'x_0': -2, 'x_1': 1, 'x_2': 0, 'x_3': -2}. Best is trial 41 with value: 0.0.
[I 2024-11-24 16:15:54,864] Trial 489 finished with value: 9.0 and parameters: {'x_0': 0, 'x_1': 2, 'x_2': 2, 'x_3': -1}. Best is trial 25 with value: 0.0.
[I 2024-11-24 16:15:54,957] Trial 447 finished with value: 7.0 and parameters: {'x_0': -2, 'x_1': 1, 'x_2': 1, 'x_3': 1}. Best is trial 29 with value: 0.0.
[I 2024-11-24 16:15:55,091] Trial 475 finished with value: 13.0 and parameters: {'x_0': -3, 'x_1': -2, 'x_2': 0, 'x_3': 0}. Best is trial 148 with value: 0.0.
