[I 2024-11-24 16:11:05,481] Trial 317 finished with value: 10.0 and parameters: {'x_0': -1, 'x_1': -3, 'x_2': 0, 'x_3': 0}. Best is trial 56 with value: 0.0.
[I 2024-11-24 16:11:05,545] Trial 304 finished with value: 9.0 and parameters: {'x_0': -2, 'x_1': 0, 'x_2': -2, 'x_3': 1}. Best is trial 148 with value: 0.0.
[I 2024-11-24 16:11:05,566] Trial 312 finished with value: 9.0 and parameters: {'x_0': -2, 'x_1': 1, 'x_2': -2, 'x_3': 0}. Best is trial 25 with value: 0.0.
[I 2024-11-24 16:11:05,572] Trial 320 finished with value: 6.0 and parameters: {'x_0': 0, 'x_1': -1, 'x_2': 1, 'x_3': -2}. Best is trial 26 with value: 0.0.
[I 2024-11-24 16:11:05,821] Trial 336 finished with value: 6.0 and parameters: {'x_0': -2, 'x_1': 0, 'x_2': 1, 'x_3': -1}. Best is trial 164 with value: 0.0.
[I 2024-11-24 16:11:05,862] Trial 330 finished with value: 7.0 and parameters: {'x_0': 1, 'x_1': 2, 'x_2': -1, 'x_3': 1}. Best is trial 21 with value: 0.0.
[I 2024-11-24 16:11:05,876] Trial 308 finished with value: 11.0 and parameters: {'x_0': 1, 'x_1': 0, 'x_2': 1, 'x_3': -3}. Best is trial 16 with value: 0.0.
[I 2024-11-24 16:11:06,121] Trial 311 finished with value: 6.0 and parameters: {'x_0': -2, 'x_1': -1, 'x_2': 0, 'x_3': -1}. Best is trial 41 with value: 0.0.
[I 2024-11-24 16:11:06,262] Trial 321 finished with value: 13.0 and parameters: {'x_0': 2, 'x_1': 2, 'x_2': -1, 'x_3': 2}. Best is trial 26 with value: 0.0.
[I 2024-11-24 16:11:06,311] Trial 305 finished with value: 10.0 and parameters: {'x_0': 0, 'x_1': 1, 'x_2': 0, 'x_3': -3}. Best is trial 148 with value: 0.0.
[I 2024-11-24 16:11:06,342] Trial 317 finished with value: 6.0 and parameters: {'x_0': -2, 'x_1': -1, 'x_2': 0, 'x_3': 1}. Best is trial 29 with value: 0.0.
[I 2024-11-24 16:11:06,388] Trial 312 finished with value: 14.0 and parameters: {'x_0': -3, 'x_1': -2, 'x_2': 0, 'x_3': 1}. Best is trial 99 with value: 0.0.
[I 2024-11-24 16:11:06,414] Trial 331 finished with value: 7.0 and parameters: {'x_0': 1, 'x_1': -2, 'x_2': 1, 'x_3': -1}. Best is trial 21 with value: 0.0.
[I 2024-11-24 16:11:06,460] Trial 313 finished with value: 6.0 and parameters: {'x_0': -1, 'x_1': 2, 'x_2': 0, 'x_3': 1}. Best is trial 25 with value: 0.0.
[I 2024-11-24 16:11:06,629] Trial 337 finished with value: 10.0 and parameters: {'x_0': -1, 'x_1': -2, 'x_2': -2, 'x_3': 1}. Best is trial 164 with value: 0.0.
[I 2024-11-24 16:11:06,700] Trial 312 finished with value: 6.0 and parameters: {'x_0': 2, 'x_1': 0, 'x_2': 1, 'x_3': -1}. Best is trial 41 with value: 0.0.
[I 2024-11-24 16:11:06,808] Trial 309 finished with value: 12.0 and parameters: {'x_0': 1, 'x_1': -1, 'x_2': -1, 'x_3': 3}. Best is trial 16 with value: 0.0.
[I 2024-11-24 16:11:07,123] Trial 322 finished with value: 7.0 and parameters: {'x_0': 1, 'x_1': -2, 'x_2': -1, 'x_3': 1}. Best is trial 26 with value: 0.0.
[I 2024-11-24 16:11:07,159] Trial 313 finished with value: 14.0 and parameters: {'x_0': 1, 'x_1': 3, 'x_2': 2, 'x_3': 0}. Best is trial 99 with value: 0.0.
[I 2024-11-24 16:11:07,163] Trial 318 finished with value: 11.0 and parameters: {'x_0': -1, 'x_1': 0, 'x_2': 1, 'x_3': 3}. Best is trial 56 with value: 0.0.
[I 2024-11-24 16:11:07,314] Trial 313 finished with value: 6.0 and parameters: {'x_0': 1, 'x_1': 0, 'x_2': 2, 'x_3': 1}. Best is trial 41 with value: 0.0.
[I 2024-11-24 16:11:07,525] Trial 310 finished with value: 6.0 and parameters: {'x_0': -2, 'x_1': 1, 'x_2': 0, 'x_3': -1}. Best is trial 16 with value: 0.0.
[I 2024-11-24 16:11:07,662] Trial 314 finished with value: 7.0 and parameters: {'x_0': -2, 'x_1': -1, 'x_2': 1, 'x_3': -1}. Best is trial 25 with value: 0.0.
[I 2024-11-24 16:11:07,730] Trial 318 finished with value: 6.0 and parameters: {'x_0': 2, 'x_1': 0, 'x_2': -1, 'x_3': -1}. Best is trial 29 with value: 0.0.
[I 2024-11-24 16:11:07,994] Trial 319 finished with value: 8.0 and parameters: {'x_0': 0, 'x_1': -2, 'x_2': 2, 'x_3': 0}. Best is trial 56 with value: 0.0.
[I 2024-11-24 16:11:08,023] Trial 332 finished with value: 8.0 and parameters: {'x_0': 0, 'x_1': -2, 'x_2': 0, 'x_3': -2}. Best is trial 21 with value: 0.0.
[I 2024-11-24 16:11:08,214] Trial 338 finished with value: 15.0 and parameters: {'x_0': 1, 'x_1': 3, 'x_2': 2, 'x_3': -1}. Best is trial 164 with value: 0.0.
[I 2024-11-24 16:11:08,283] Trial 315 finished with value: 12.0 and parameters: {'x_0': 3, 'x_1': 1, 'x_2': 1, 'x_3': -1}. Best is trial 25 with value: 0.0.
[I 2024-11-24 16:11:08,354] Trial 306 finished with value: 6.0 and parameters: {'x_0': 1, 'x_1': 1, 'x_2': 0, 'x_3': -2}. Best is trial 148 with value: 0.0.
[I 2024-11-24 16:11:08,606] Trial 314 finished with value: 9.0 and parameters: {'x_0': 2, 'x_1': 2, 'x_2': -1, 'x_3': 0}. Best is trial 41 with value: 0.0.
[I 2024-11-24 16:11:08,662] Trial 314 finished with value: 9.0 and parameters: {'x_0': -2, 'x_1': -2, 'x_2': -1, 'x_3': 0}. Best is trial 99 with value: 0.0.
[I 2024-11-24 16:11:08,765] Trial 333 finished with value: 7.0 and parameters: {'x_0': -1, 'x_1': 1, 'x_2': -2, 'x_3': -1}. Best is trial 21 with value: 0.0.
[I 2024-11-24 16:11:08,802] Trial 323 finished with value: 6.0 and parameters: {'x_0': 0, 'x_1': -1, 'x_2': -2, 'x_3': 1}. Best is trial 26 with value: 0.0.
[I 2024-11-24 16:11:08,895] Trial 320 finished with value: 12.0 and parameters: {'x_0': -1, 'x_1': 1, 'x_2': -1, 'x_3': -3}. Best is trial 56 with value: 0.0.
[I 2024-11-24 16:11:09,065] Trial 339 finished with value: 9.0 and parameters: {'x_0': -2, 'x_1': -2, 'x_2': -1, 'x_3': 0}. Best is trial 164 with value: 0.0.
[I 2024-11-24 16:11:09,077] Trial 311 finished with value: 9.0 and parameters: {'x_0': 2, 'x_1': 2, 'x_2': 1, 'x_3': 0}. Best is trial 16 with value: 0.0.
[I 2024-11-24 16:11:09,255] Trial 307 finished with value: 5.0 and parameters: {'x_0': 0, 'x_1': 2, 'x_2': 0, 'x_3': -1}. Best is trial 148 with value: 0.0.
[I 2024-11-24 16:11:09,266] Trial 316 finished with value: 11.0 and parameters: {'x_0': -1, 'x_1': 1, 'x_2': 0, 'x_3': -3}. Best is trial 25 with value: 0.0.
[I 2024-11-24 16:11:09,417] Trial 315 finished with value: 5.0 and parameters: {'x_0': 1, 'x_1': -2, 'x_2': 0, 'x_3': 0}. Best is trial 41 with value: 0.0.
[I 2024-11-24 16:11:09,428] Trial 324 finished with value: 14.0 and parameters: {'x_0': 0, 'x_1': -2, 'x_2': -3, 'x_3': -1}. Best is trial 26 with value: 0.0.
[I 2024-11-24 16:11:09,434] Trial 319 finished with value: 5.0 and parameters: {'x_0': 1, 'x_1': 2, 'x_2': 0, 'x_3': 0}. Best is trial 29 with value: 0.0.
[I 2024-11-24 16:11:09,455] Trial 334 finished with value: 12.0 and parameters: {'x_0': 1, 'x_1': -1, 'x_2': -3, 'x_3': -1}. Best is trial 21 with value: 0.0.
[I 2024-11-24 16:11:09,513] Trial 315 finished with value: 10.0 and parameters: {'x_0': 2, 'x_1': 2, 'x_2': -1, 'x_3': -1}. Best is trial 99 with value: 0.0.
[I 2024-11-24 16:11:09,832] Trial 340 finished with value: 6.0 and parameters: {'x_0': 0, 'x_1': 2, 'x_2': -1, 'x_3': 1}. Best is trial 164 with value: 0.0.
[I 2024-11-24 16:11:09,849] Trial 312 finished with value: 6.0 and parameters: {'x_0': -2, 'x_1': 0, 'x_2': 1, 'x_3': -1}. Best is trial 16 with value: 0.0.
[I 2024-11-24 16:11:10,019] Trial 308 finished with value: 5.0 and parameters: {'x_0': 0, 'x_1': 2, 'x_2': 0, 'x_3': 1}. Best is trial 148 with value: 0.0.
[I 2024-11-24 16:11:10,152] Trial 325 finished with value: 10.0 and parameters: {'x_0': 2, 'x_1': 1, 'x_2': 2, 'x_3': -1}. Best is trial 26 with value: 0.0.
[I 2024-11-24 16:11:10,277] Trial 316 finished with value: 10.0 and parameters: {'x_0': 0, 'x_1': 3, 'x_2': 0, 'x_3': -1}. Best is trial 41 with value: 0.0.
[I 2024-11-24 16:11:10,317] Trial 316 finished with value: 7.0 and parameters: {'x_0': -2, 'x_1': -1, 'x_2': 1, 'x_3': 1}. Best is trial 99 with value: 0.0.
[I 2024-11-24 16:11:10,552] Trial 313 finished with value: 8.0 and parameters: {'x_0': -2, 'x_1': 0, 'x_2': -2, 'x_3': 0}. Best is trial 16 with value: 0.0.
[I 2024-11-24 16:11:10,878] Trial 320 finished with value: 6.0 and parameters: {'x_0': -1, 'x_1': 0, 'x_2': -1, 'x_3': 2}. Best is trial 29 with value: 0.0.
[I 2024-11-24 16:11:10,912] Trial 321 finished with value: 8.0 and parameters: {'x_0': 0, 'x_1': 0, 'x_2': -2, 'x_3': -2}. Best is trial 56 with value: 0.0.
[I 2024-11-24 16:11:10,958] Trial 317 finished with value: 10.0 and parameters: {'x_0': 0, 'x_1': -1, 'x_2': 0, 'x_3': -3}. Best is trial 25 with value: 0.0.
[I 2024-11-24 16:11:11,361] Trial 335 finished with value: 9.0 and parameters: {'x_0': 2, 'x_1': -2, 'x_2': -1, 'x_3': 0}. Best is trial 21 with value: 0.0.
[I 2024-11-24 16:11:11,527] Trial 341 finished with value: 9.0 and parameters: {'x_0': -2, 'x_1': -1, 'x_2': -2, 'x_3': 0}. Best is trial 164 with value: 0.0.
[I 2024-11-24 16:11:11,595] Trial 317 finished with value: 12.0 and parameters: {'x_0': -3, 'x_1': 1, 'x_2': -1, 'x_3': 1}. Best is trial 41 with value: 0.0.
[I 2024-11-24 16:11:11,712] Trial 326 finished with value: 7.0 and parameters: {'x_0': -2, 'x_1': -1, 'x_2': -1, 'x_3': 1}. Best is trial 26 with value: 0.0.
[I 2024-11-24 16:11:11,760] Trial 322 finished with value: 7.0 and parameters: {'x_0': -1, 'x_1': -1, 'x_2': 2, 'x_3': 1}. Best is trial 56 with value: 0.0.
[I 2024-11-24 16:11:11,913] Trial 318 finished with value: 6.0 and parameters: {'x_0': 2, 'x_1': 0, 'x_2': 1, 'x_3': -1}. Best is trial 25 with value: 0.0.
[I 2024-11-24 16:11:11,925] Trial 314 finished with value: 9.0 and parameters: {'x_0': 2, 'x_1': 1, 'x_2': -2, 'x_3': 0}. Best is trial 16 with value: 0.0.
[I 2024-11-24 16:11:12,079] Trial 317 finished with value: 6.0 and parameters: {'x_0': 0, 'x_1': 2, 'x_2': 1, 'x_3': -1}. Best is trial 99 with value: 0.0.
[I 2024-11-24 16:11:12,130] Trial 309 finished with value: 6.0 and parameters: {'x_0': -1, 'x_1': 2, 'x_2': 0, 'x_3': -1}. Best is trial 148 with value: 0.0.
[I 2024-11-24 16:11:12,148] Trial 336 finished with value: 10.0 and parameters: {'x_0': 0, 'x_1': 3, 'x_2': 0, 'x_3': 1}. Best is trial 21 with value: 0.0.
[I 2024-11-24 16:11:12,213] Trial 321 finished with value: 7.0 and parameters: {'x_0': -2, 'x_1': 1, 'x_2': 1, 'x_3': -1}. Best is trial 29 with value: 0.0.
[I 2024-11-24 16:11:12,425] Trial 342 finished with value: 9.0 and parameters: {'x_0': 2, 'x_1': 1, 'x_2': 2, 'x_3': 0}. Best is trial 164 with value: 0.0.
[I 2024-11-24 16:11:12,430] Trial 318 finished with value: 13.0 and parameters: {'x_0': 3, 'x_1': -2, 'x_2': 0, 'x_3': 0}. Best is trial 41 with value: 0.0.
[I 2024-11-24 16:11:12,506] Trial 319 finished with value: 10.0 and parameters: {'x_0': 0, 'x_1': 1, 'x_2': 0, 'x_3': 3}. Best is trial 25 with value: 0.0.
[I 2024-11-24 16:11:12,521] Trial 327 finished with value: 8.0 and parameters: {'x_0': -2, 'x_1': -2, 'x_2': 0, 'x_3': 0}. Best is trial 26 with value: 0.0.
[I 2024-11-24 16:11:12,550] Trial 323 finished with value: 9.0 and parameters: {'x_0': 0, 'x_1': 2, 'x_2': 1, 'x_3': 2}. Best is trial 56 with value: 0.0.
[I 2024-11-24 16:11:12,579] Trial 315 finished with value: 8.0 and parameters: {'x_0': 2, 'x_1': -2, 'x_2': 0, 'x_3': 0}. Best is trial 16 with value: 0.0.
[I 2024-11-24 16:11:12,798] Trial 310 finished with value: 8.0 and parameters: {'x_0': 0, 'x_1': 2, 'x_2': 0, 'x_3': 2}. Best is trial 148 with value: 0.0.
[I 2024-11-24 16:11:12,958] Trial 337 finished with value: 9.0 and parameters: {'x_0': -2, 'x_1': 2, 'x_2': 1, 'x_3': 0}. Best is trial 21 with value: 0.0.
[I 2024-11-24 16:11:12,964] Trial 318 finished with value: 13.0 and parameters: {'x_0': 2, 'x_1': -2, 'x_2': 1, 'x_3': 2}. Best is trial 99 with value: 0.0.
[I 2024-11-24 16:11:13,187] Trial 328 finished with value: 14.0 and parameters: {'x_0': 1, 'x_1': 2, 'x_2': 3, 'x_3': 0}. Best is trial 26 with value: 0.0.
[I 2024-11-24 16:11:13,244] Trial 319 finished with value: 6.0 and parameters: {'x_0': 0, 'x_1': 1, 'x_2': 1, 'x_3': 2}. Best is trial 41 with value: 0.0.
[I 2024-11-24 16:11:13,248] Trial 343 finished with value: 12.0 and parameters: {'x_0': -1, 'x_1': 1, 'x_2': -3, 'x_3': 1}. Best is trial 164 with value: 0.0.
[I 2024-11-24 16:11:13,251] Trial 316 finished with value: 11.0 and parameters: {'x_0': -1, 'x_1': 0, 'x_2': -1, 'x_3': 3}. Best is trial 16 with value: 0.0.
[I 2024-11-24 16:11:13,547] Trial 311 finished with value: 15.0 and parameters: {'x_0': -1, 'x_1': 2, 'x_2': -3, 'x_3': -1}. Best is trial 148 with value: 0.0.
[I 2024-11-24 16:11:13,671] Trial 319 finished with value: 6.0 and parameters: {'x_0': 2, 'x_1': 1, 'x_2': 0, 'x_3': -1}. Best is trial 99 with value: 0.0.
[I 2024-11-24 16:11:13,722] Trial 322 finished with value: 6.0 and parameters: {'x_0': 1, 'x_1': 0, 'x_2': -1, 'x_3': -2}. Best is trial 29 with value: 0.0.
[I 2024-11-24 16:11:14,060] Trial 324 finished with value: 10.0 and parameters: {'x_0': -1, 'x_1': 2, 'x_2': -2, 'x_3': -1}. Best is trial 56 with value: 0.0.
[I 2024-11-24 16:11:14,121] Trial 320 finished with value: 12.0 and parameters: {'x_0': 1, 'x_1': -1, 'x_2': 3, 'x_3': -1}. Best is trial 25 with value: 0.0.
[I 2024-11-24 16:11:14,562] Trial 338 finished with value: 9.0 and parameters: {'x_0': 2, 'x_1': 1, 'x_2': 2, 'x_3': 0}. Best is trial 21 with value: 0.0.
[I 2024-11-24 16:11:14,835] Trial 325 finished with value: 9.0 and parameters: {'x_0': 0, 'x_1': -2, 'x_2': -1, 'x_3': 2}. Best is trial 56 with value: 0.0.
[I 2024-11-24 16:11:14,970] Trial 329 finished with value: 10.0 and parameters: {'x_0': 2, 'x_1': -1, 'x_2': -2, 'x_3': -1}. Best is trial 26 with value: 0.0.
[I 2024-11-24 16:11:14,996] Trial 312 finished with value: 6.0 and parameters: {'x_0': 2, 'x_1': -1, 'x_2': 0, 'x_3': 1}. Best is trial 148 with value: 0.0.
[I 2024-11-24 16:11:15,067] Trial 321 finished with value: 6.0 and parameters: {'x_0': 0, 'x_1': 1, 'x_2': 1, 'x_3': -2}. Best is trial 25 with value: 0.0.
[I 2024-11-24 16:11:15,106] Trial 317 finished with value: 12.0 and parameters: {'x_0': -3, 'x_1': -1, 'x_2': 1, 'x_3': -1}. Best is trial 16 with value: 0.0.
[I 2024-11-24 16:11:15,248] Trial 320 finished with value: 10.0 and parameters: {'x_0': 1, 'x_1': 0, 'x_2': 0, 'x_3': -3}. Best is trial 41 with value: 0.0.
[I 2024-11-24 16:11:15,291] Trial 339 finished with value: 10.0 and parameters: {'x_0': -1, 'x_1': -2, 'x_2': 2, 'x_3': -1}. Best is trial 21 with value: 0.0.
[I 2024-11-24 16:11:15,354] Trial 323 finished with value: 6.0 and parameters: {'x_0': 1, 'x_1': -1, 'x_2': 0, 'x_3': 2}. Best is trial 29 with value: 0.0.
[I 2024-11-24 16:11:15,483] Trial 344 finished with value: 8.0 and parameters: {'x_0': -2, 'x_1': 0, 'x_2': -2, 'x_3': 0}. Best is trial 164 with value: 0.0.
[I 2024-11-24 16:11:15,575] Trial 313 finished with value: 6.0 and parameters: {'x_0': -2, 'x_1': 1, 'x_2': 0, 'x_3': 1}. Best is trial 148 with value: 0.0.
[I 2024-11-24 16:11:15,674] Trial 326 finished with value: 11.0 and parameters: {'x_0': -1, 'x_1': -1, 'x_2': 3, 'x_3': 0}. Best is trial 56 with value: 0.0.
[I 2024-11-24 16:11:15,894] Trial 322 finished with value: 8.0 and parameters: {'x_0': 2, 'x_1': 0, 'x_2': 0, 'x_3': -2}. Best is trial 25 with value: 0.0.
[I 2024-11-24 16:11:15,912] Trial 330 finished with value: 7.0 and parameters: {'x_0': -2, 'x_1': -1, 'x_2': 1, 'x_3': 1}. Best is trial 26 with value: 0.0.
[I 2024-11-24 16:11:15,973] Trial 318 finished with value: 7.0 and parameters: {'x_0': 1, 'x_1': -2, 'x_2': -1, 'x_3': -1}. Best is trial 16 with value: 0.0.
[I 2024-11-24 16:11:16,013] Trial 340 finished with value: 9.0 and parameters: {'x_0': -2, 'x_1': -1, 'x_2': 2, 'x_3': 0}. Best is trial 21 with value: 0.0.
[I 2024-11-24 16:11:16,043] Trial 320 finished with value: 7.0 and parameters: {'x_0': -1, 'x_1': -1, 'x_2': -2, 'x_3': -1}. Best is trial 99 with value: 0.0.
[I 2024-11-24 16:11:16,149] Trial 321 finished with value: 5.0 and parameters: {'x_0': 0, 'x_1': -1, 'x_2': 2, 'x_3': 0}. Best is trial 41 with value: 0.0.
[I 2024-11-24 16:11:16,252] Trial 314 finished with value: 10.0 and parameters: {'x_0': 0, 'x_1': -3, 'x_2': 0, 'x_3': -1}. Best is trial 148 with value: 0.0.
[I 2024-11-24 16:11:16,296] Trial 345 finished with value: 7.0 and parameters: {'x_0': 2, 'x_1': -1, 'x_2': 1, 'x_3': -1}. Best is trial 164 with value: 0.0.
[I 2024-11-24 16:11:16,544] Trial 319 finished with value: 5.0 and parameters: {'x_0': 0, 'x_1': 0, 'x_2': 2, 'x_3': -1}. Best is trial 16 with value: 0.0.
[I 2024-11-24 16:11:16,812] Trial 321 finished with value: 14.0 and parameters: {'x_0': -3, 'x_1': 0, 'x_2': -2, 'x_3': -1}. Best is trial 99 with value: 0.0.
[I 2024-11-24 16:11:16,822] Trial 324 finished with value: 6.0 and parameters: {'x_0': -2, 'x_1': 0, 'x_2': -1, 'x_3': 1}. Best is trial 29 with value: 0.0.
[I 2024-11-24 16:11:16,924] Trial 322 finished with value: 9.0 and parameters: {'x_0': 2, 'x_1': -1, 'x_2': 2, 'x_3': 0}. Best is trial 41 with value: 0.0.
[I 2024-11-24 16:11:17,037] Trial 346 finished with value: 8.0 and parameters: {'x_0': 0, 'x_1': 0, 'x_2': 2, 'x_3': 2}. Best is trial 164 with value: 0.0.
[I 2024-11-24 16:11:17,161] Trial 327 finished with value: 11.0 and parameters: {'x_0': 3, 'x_1': -1, 'x_2': 0, 'x_3': -1}. Best is trial 56 with value: 0.0.
[I 2024-11-24 16:11:17,752] Trial 331 finished with value: 7.0 and parameters: {'x_0': -1, 'x_1': -2, 'x_2': -1, 'x_3': -1}. Best is trial 26 with value: 0.0.
[I 2024-11-24 16:11:17,770] Trial 323 finished with value: 6.0 and parameters: {'x_0': 0, 'x_1': -1, 'x_2': 1, 'x_3': 2}. Best is trial 25 with value: 0.0.
[I 2024-11-24 16:11:17,927] Trial 341 finished with value: 10.0 and parameters: {'x_0': 0, 'x_1': 0, 'x_2': 1, 'x_3': 3}. Best is trial 21 with value: 0.0.
[I 2024-11-24 16:11:17,938] Trial 322 finished with value: 5.0 and parameters: {'x_0': 1, 'x_1': 0, 'x_2': -2, 'x_3': 0}. Best is trial 99 with value: 0.0.
[I 2024-11-24 16:11:18,179] Trial 315 finished with value: 10.0 and parameters: {'x_0': 0, 'x_1': 0, 'x_2': 1, 'x_3': -3}. Best is trial 148 with value: 0.0.
[I 2024-11-24 16:11:18,291] Trial 328 finished with value: 12.0 and parameters: {'x_0': 1, 'x_1': -1, 'x_2': -1, 'x_3': -3}. Best is trial 56 with value: 0.0.
[I 2024-11-24 16:11:18,381] Trial 320 finished with value: 6.0 and parameters: {'x_0': 1, 'x_1': 0, 'x_2': 2, 'x_3': -1}. Best is trial 16 with value: 0.0.
[I 2024-11-24 16:11:18,383] Trial 332 finished with value: 6.0 and parameters: {'x_0': -1, 'x_1': 1, 'x_2': 0, 'x_3': -2}. Best is trial 26 with value: 0.0.
[I 2024-11-24 16:11:18,412] Trial 325 finished with value: 6.0 and parameters: {'x_0': 1, 'x_1': 0, 'x_2': 1, 'x_3': 2}. Best is trial 29 with value: 0.0.
[I 2024-11-24 16:11:18,624] Trial 324 finished with value: 14.0 and parameters: {'x_0': -3, 'x_1': 2, 'x_2': 0, 'x_3': 1}. Best is trial 25 with value: 0.0.
[I 2024-11-24 16:11:18,778] Trial 323 finished with value: 7.0 and parameters: {'x_0': -2, 'x_1': -1, 'x_2': 1, 'x_3': 1}. Best is trial 41 with value: 0.0.
[I 2024-11-24 16:11:18,964] Trial 342 finished with value: 9.0 and parameters: {'x_0': -2, 'x_1': 1, 'x_2': -2, 'x_3': 0}. Best is trial 21 with value: 0.0.
[I 2024-11-24 16:11:19,080] Trial 316 finished with value: 6.0 and parameters: {'x_0': -2, 'x_1': 0, 'x_2': -1, 'x_3': -1}. Best is trial 148 with value: 0.0.
[I 2024-11-24 16:11:19,122] Trial 321 finished with value: 12.0 and parameters: {'x_0': 1, 'x_1': -1, 'x_2': -3, 'x_3': 1}. Best is trial 16 with value: 0.0.
[I 2024-11-24 16:11:19,239] Trial 329 finished with value: 11.0 and parameters: {'x_0': 0, 'x_1': -1, 'x_2': 1, 'x_3': 3}. Best is trial 56 with value: 0.0.
[I 2024-11-24 16:11:19,329] Trial 333 finished with value: 14.0 and parameters: {'x_0': 3, 'x_1': 0, 'x_2': -2, 'x_3': -1}. Best is trial 26 with value: 0.0.
[I 2024-11-24 16:11:19,485] Trial 325 finished with value: 6.0 and parameters: {'x_0': 0, 'x_1': -1, 'x_2': -1, 'x_3': -2}. Best is trial 25 with value: 0.0.
[I 2024-11-24 16:11:19,534] Trial 324 finished with value: 8.0 and parameters: {'x_0': 0, 'x_1': 2, 'x_2': 2, 'x_3': 0}. Best is trial 41 with value: 0.0.
[I 2024-11-24 16:11:19,607] Trial 347 finished with value: 8.0 and parameters: {'x_0': 0, 'x_1': 0, 'x_2': -2, 'x_3': -2}. Best is trial 164 with value: 0.0.
[I 2024-11-24 16:11:19,697] Trial 323 finished with value: 6.0 and parameters: {'x_0': 0, 'x_1': -1, 'x_2': -2, 'x_3': 1}. Best is trial 99 with value: 0.0.
[I 2024-11-24 16:11:19,774] Trial 317 finished with value: 7.0 and parameters: {'x_0': -1, 'x_1': 1, 'x_2': -2, 'x_3': -1}. Best is trial 148 with value: 0.0.
[I 2024-11-24 16:11:19,842] Trial 343 finished with value: 15.0 and parameters: {'x_0': -1, 'x_1': 2, 'x_2': -3, 'x_3': 1}. Best is trial 21 with value: 0.0.
[I 2024-11-24 16:11:20,095] Trial 322 finished with value: 8.0 and parameters: {'x_0': -2, 'x_1': 2, 'x_2': 0, 'x_3': 0}. Best is trial 16 with value: 0.0.
[I 2024-11-24 16:11:20,193] Trial 325 finished with value: 6.0 and parameters: {'x_0': 2, 'x_1': 1, 'x_2': 0, 'x_3': 1}. Best is trial 41 with value: 0.0.
[I 2024-11-24 16:11:20,222] Trial 326 finished with value: 6.0 and parameters: {'x_0': 1, 'x_1': 2, 'x_2': 1, 'x_3': 0}. Best is trial 29 with value: 0.0.
[I 2024-11-24 16:11:20,395] Trial 324 finished with value: 7.0 and parameters: {'x_0': -1, 'x_1': 2, 'x_2': 1, 'x_3': 1}. Best is trial 99 with value: 0.0.
[I 2024-11-24 16:11:20,397] Trial 348 finished with value: 7.0 and parameters: {'x_0': -1, 'x_1': 2, 'x_2': -1, 'x_3': -1}. Best is trial 164 with value: 0.0.
[I 2024-11-24 16:11:20,923] Trial 330 finished with value: 12.0 and parameters: {'x_0': -1, 'x_1': 1, 'x_2': 1, 'x_3': 3}. Best is trial 56 with value: 0.0.
[I 2024-11-24 16:11:20,934] Trial 326 finished with value: 9.0 and parameters: {'x_0': 0, 'x_1': 3, 'x_2': 0, 'x_3': 0}. Best is trial 25 with value: 0.0.
[I 2024-11-24 16:11:21,074] Trial 325 finished with value: 6.0 and parameters: {'x_0': 2, 'x_1': 0, 'x_2': -1, 'x_3': 1}. Best is trial 99 with value: 0.0.
[I 2024-11-24 16:11:21,105] Trial 334 finished with value: 8.0 and parameters: {'x_0': 2, 'x_1': 0, 'x_2': 0, 'x_3': -2}. Best is trial 26 with value: 0.0.
[I 2024-11-24 16:11:21,358] Trial 349 finished with value: 7.0 and parameters: {'x_0': 1, 'x_1': -2, 'x_2': 1, 'x_3': 1}. Best is trial 164 with value: 0.0.
