[I 2024-11-24 16:17:08,193] Trial 31 finished with value: 2.0 and parameters: {'x_0': 1, 'x_1': 0, 'x_2': 0, 'x_3': 1}. Best is trial 29 with value: 1.0.
[I 2024-11-24 16:17:08,217] Trial 33 finished with value: 4.0 and parameters: {'x_0': 0, 'x_1': 0, 'x_2': 0, 'x_3': 2}. Best is trial 23 with value: 0.0.
[I 2024-11-24 16:17:08,251] Trial 34 finished with value: 3.0 and parameters: {'x_0': 1, 'x_1': 1, 'x_2': 1, 'x_3': 0}. Best is trial 9 with value: 0.0.
[I 2024-11-24 16:17:08,263] Trial 34 finished with value: 3.0 and parameters: {'x_0': 0, 'x_1': 1, 'x_2': 1, 'x_3': 1}. Best is trial 24 with value: 0.0.
[I 2024-11-24 16:17:08,268] Trial 33 finished with value: 4.0 and parameters: {'x_0': 1, 'x_1': 1, 'x_2': 1, 'x_3': 1}. Best is trial 13 with value: 0.0.
[I 2024-11-24 16:17:08,270] Trial 34 finished with value: 3.0 and parameters: {'x_0': 1, 'x_1': -1, 'x_2': 1, 'x_3': 0}. Best is trial 19 with value: 0.0.
[I 2024-11-24 16:17:08,313] Trial 34 finished with value: 6.0 and parameters: {'x_0': 1, 'x_1': 0, 'x_2': -1, 'x_3': -2}. Best is trial 28 with value: 0.0.
[I 2024-11-24 16:17:08,345] Trial 33 finished with value: 2.0 and parameters: {'x_0': 1, 'x_1': -1, 'x_2': 0, 'x_3': 0}. Best is trial 14 with value: 1.0.
[I 2024-11-24 16:17:08,352] Trial 34 finished with value: 2.0 and parameters: {'x_0': 0, 'x_1': 0, 'x_2': -1, 'x_3': 1}. Best is trial 23 with value: 0.0.
[I 2024-11-24 16:17:08,357] Trial 32 finished with value: 2.0 and parameters: {'x_0': 0, 'x_1': 1, 'x_2': 0, 'x_3': 1}. Best is trial 29 with value: 1.0.
[I 2024-11-24 16:17:08,361] Trial 33 finished with value: 3.0 and parameters: {'x_0': 0, 'x_1': -1, 'x_2': -1, 'x_3': 1}. Best is trial 25 with value: 0.0.
[I 2024-11-24 16:17:08,382] Trial 34 finished with value: 2.0 and parameters: {'x_0': -1, 'x_1': 0, 'x_2': -1, 'x_3': 0}. Best is trial 19 with value: 0.0.
[I 2024-11-24 16:17:08,427] Trial 35 finished with value: 2.0 and parameters: {'x_0': 0, 'x_1': -1, 'x_2': 0, 'x_3': -1}. Best is trial 19 with value: 0.0.
[I 2024-11-24 16:17:08,431] Trial 35 finished with value: 1.0 and parameters: {'x_0': 0, 'x_1': 0, 'x_2': 0, 'x_3': 1}. Best is trial 24 with value: 0.0.
[I 2024-11-24 16:17:08,433] Trial 34 finished with value: 2.0 and parameters: {'x_0': 0, 'x_1': 1, 'x_2': 0, 'x_3': -1}. Best is trial 13 with value: 0.0.
[I 2024-11-24 16:17:08,444] Trial 35 finished with value: 2.0 and parameters: {'x_0': -1, 'x_1': 0, 'x_2': -1, 'x_3': 0}. Best is trial 9 with value: 0.0.
[I 2024-11-24 16:17:08,469] Trial 35 finished with value: 2.0 and parameters: {'x_0': -1, 'x_1': 0, 'x_2': 1, 'x_3': 0}. Best is trial 28 with value: 0.0.
[I 2024-11-24 16:17:08,505] Trial 33 finished with value: 5.0 and parameters: {'x_0': 0, 'x_1': -2, 'x_2': 0, 'x_3': 1}. Best is trial 29 with value: 1.0.
[I 2024-11-24 16:17:08,505] Trial 34 finished with value: 1.0 and parameters: {'x_0': 0, 'x_1': 0, 'x_2': 1, 'x_3': 0}. Best is trial 25 with value: 0.0.
[I 2024-11-24 16:17:08,516] Trial 34 finished with value: 4.0 and parameters: {'x_0': 0, 'x_1': -2, 'x_2': 0, 'x_3': 0}. Best is trial 14 with value: 1.0.
[I 2024-11-24 16:17:08,520] Trial 35 finished with value: 1.0 and parameters: {'x_0': 0, 'x_1': 0, 'x_2': 0, 'x_3': -1}. Best is trial 23 with value: 0.0.
[I 2024-11-24 16:17:08,557] Trial 35 finished with value: 4.0 and parameters: {'x_0': -2, 'x_1': 0, 'x_2': 0, 'x_3': 0}. Best is trial 19 with value: 0.0.
[I 2024-11-24 16:17:08,575] Trial 35 finished with value: 3.0 and parameters: {'x_0': 0, 'x_1': 1, 'x_2': -1, 'x_3': 1}. Best is trial 13 with value: 0.0.
[I 2024-11-24 16:17:08,580] Trial 36 finished with value: 3.0 and parameters: {'x_0': -1, 'x_1': 1, 'x_2': 0, 'x_3': 1}. Best is trial 9 with value: 0.0.
[I 2024-11-24 16:17:08,604] Trial 36 finished with value: 2.0 and parameters: {'x_0': 1, 'x_1': 0, 'x_2': 0, 'x_3': 1}. Best is trial 24 with value: 0.0.
[I 2024-11-24 16:17:08,605] Trial 36 finished with value: 2.0 and parameters: {'x_0': 1, 'x_1': 0, 'x_2': -1, 'x_3': 0}. Best is trial 19 with value: 0.0.
[I 2024-11-24 16:17:08,641] Trial 36 finished with value: 2.0 and parameters: {'x_0': 0, 'x_1': 0, 'x_2': -1, 'x_3': 1}. Best is trial 28 with value: 0.0.
[I 2024-11-24 16:17:08,658] Trial 34 finished with value: 5.0 and parameters: {'x_0': 0, 'x_1': 0, 'x_2': -2, 'x_3': 1}. Best is trial 29 with value: 1.0.
[I 2024-11-24 16:17:08,674] Trial 36 finished with value: 2.0 and parameters: {'x_0': 0, 'x_1': 0, 'x_2': -1, 'x_3': -1}. Best is trial 23 with value: 0.0.
[I 2024-11-24 16:17:08,675] Trial 35 finished with value: 1.0 and parameters: {'x_0': 0, 'x_1': 1, 'x_2': 0, 'x_3': 0}. Best is trial 14 with value: 1.0.
[I 2024-11-24 16:17:08,687] Trial 35 finished with value: 2.0 and parameters: {'x_0': 0, 'x_1': 1, 'x_2': 0, 'x_3': -1}. Best is trial 25 with value: 0.0.
[I 2024-11-24 16:17:08,728] Trial 36 finished with value: 2.0 and parameters: {'x_0': -1, 'x_1': 0, 'x_2': 0, 'x_3': 1}. Best is trial 19 with value: 0.0.
[I 2024-11-24 16:17:08,747] Trial 36 finished with value: 4.0 and parameters: {'x_0': 1, 'x_1': 1, 'x_2': -1, 'x_3': -1}. Best is trial 13 with value: 0.0.
[I 2024-11-24 16:17:08,754] Trial 37 finished with value: 9.0 and parameters: {'x_0': -3, 'x_1': 0, 'x_2': 0, 'x_3': 0}. Best is trial 24 with value: 0.0.
[I 2024-11-24 16:17:08,776] Trial 37 finished with value: 2.0 and parameters: {'x_0': -1, 'x_1': 0, 'x_2': 0, 'x_3': 1}. Best is trial 28 with value: 0.0.
[I 2024-11-24 16:17:08,785] Trial 37 finished with value: 2.0 and parameters: {'x_0': 1, 'x_1': 0, 'x_2': 0, 'x_3': -1}. Best is trial 9 with value: 0.0.
[I 2024-11-24 16:17:08,804] Trial 37 finished with value: 3.0 and parameters: {'x_0': 0, 'x_1': -1, 'x_2': -1, 'x_3': 1}. Best is trial 19 with value: 0.0.
[I 2024-11-24 16:17:08,830] Trial 35 finished with value: 0.0 and parameters: {'x_0': 0, 'x_1': 0, 'x_2': 0, 'x_3': 0}. Best is trial 35 with value: 0.0.
[I 2024-11-24 16:17:08,837] Trial 36 finished with value: 2.0 and parameters: {'x_0': 0, 'x_1': 1, 'x_2': 0, 'x_3': 1}. Best is trial 14 with value: 1.0.
[I 2024-11-24 16:17:08,839] Trial 36 finished with value: 2.0 and parameters: {'x_0': 0, 'x_1': 0, 'x_2': -1, 'x_3': -1}. Best is trial 25 with value: 0.0.
[I 2024-11-24 16:17:08,869] Trial 37 finished with value: 2.0 and parameters: {'x_0': 0, 'x_1': 1, 'x_2': 0, 'x_3': 1}. Best is trial 23 with value: 0.0.
[I 2024-11-24 16:17:08,924] Trial 38 finished with value: 1.0 and parameters: {'x_0': 0, 'x_1': 0, 'x_2': 0, 'x_3': -1}. Best is trial 28 with value: 0.0.
[I 2024-11-24 16:17:08,925] Trial 37 finished with value: 3.0 and parameters: {'x_0': 0, 'x_1': 1, 'x_2': 1, 'x_3': -1}. Best is trial 13 with value: 0.0.
[I 2024-11-24 16:17:08,928] Trial 38 finished with value: 2.0 and parameters: {'x_0': 1, 'x_1': 0, 'x_2': 0, 'x_3': -1}. Best is trial 24 with value: 0.0.
[I 2024-11-24 16:17:08,930] Trial 37 finished with value: 0.0 and parameters: {'x_0': 0, 'x_1': 0, 'x_2': 0, 'x_3': 0}. Best is trial 19 with value: 0.0.
[I 2024-11-24 16:17:08,940] Trial 38 finished with value: 3.0 and parameters: {'x_0': -1, 'x_1': 0, 'x_2': -1, 'x_3': 1}. Best is trial 19 with value: 0.0.
[I 2024-11-24 16:17:08,980] Trial 38 finished with value: 2.0 and parameters: {'x_0': 0, 'x_1': -1, 'x_2': 1, 'x_3': 0}. Best is trial 9 with value: 0.0.
[I 2024-11-24 16:17:08,987] Trial 37 finished with value: 2.0 and parameters: {'x_0': 0, 'x_1': 1, 'x_2': 0, 'x_3': -1}. Best is trial 14 with value: 1.0.
[I 2024-11-24 16:17:09,008] Trial 37 finished with value: 3.0 and parameters: {'x_0': 1, 'x_1': -1, 'x_2': 0, 'x_3': -1}. Best is trial 25 with value: 0.0.
[I 2024-11-24 16:17:09,008] Trial 36 finished with value: 1.0 and parameters: {'x_0': -1, 'x_1': 0, 'x_2': 0, 'x_3': 0}. Best is trial 35 with value: 0.0.
[I 2024-11-24 16:17:09,063] Trial 39 finished with value: 1.0 and parameters: {'x_0': 0, 'x_1': 0, 'x_2': 0, 'x_3': 1}. Best is trial 28 with value: 0.0.
[I 2024-11-24 16:17:09,067] Trial 39 finished with value: 1.0 and parameters: {'x_0': 0, 'x_1': 0, 'x_2': -1, 'x_3': 0}. Best is trial 24 with value: 0.0.
[I 2024-11-24 16:17:09,075] Trial 38 finished with value: 4.0 and parameters: {'x_0': 0, 'x_1': 0, 'x_2': -2, 'x_3': 0}. Best is trial 23 with value: 0.0.
[I 2024-11-24 16:17:09,078] Trial 38 finished with value: 1.0 and parameters: {'x_0': 0, 'x_1': 1, 'x_2': 0, 'x_3': 0}. Best is trial 13 with value: 0.0.
[I 2024-11-24 16:17:09,109] Trial 39 finished with value: 2.0 and parameters: {'x_0': -1, 'x_1': 0, 'x_2': 1, 'x_3': 0}. Best is trial 19 with value: 0.0.
[I 2024-11-24 16:17:09,112] Trial 38 finished with value: 2.0 and parameters: {'x_0': 1, 'x_1': 0, 'x_2': 1, 'x_3': 0}. Best is trial 19 with value: 0.0.
[I 2024-11-24 16:17:09,139] Trial 39 finished with value: 0.0 and parameters: {'x_0': 0, 'x_1': 0, 'x_2': 0, 'x_3': 0}. Best is trial 9 with value: 0.0.
[I 2024-11-24 16:17:09,154] Trial 38 finished with value: 2.0 and parameters: {'x_0': 0, 'x_1': -1, 'x_2': 0, 'x_3': 1}. Best is trial 25 with value: 0.0.
[I 2024-11-24 16:17:09,181] Trial 38 finished with value: 2.0 and parameters: {'x_0': -1, 'x_1': 1, 'x_2': 0, 'x_3': 0}. Best is trial 14 with value: 1.0.
[I 2024-11-24 16:17:09,209] Trial 37 finished with value: 1.0 and parameters: {'x_0': 0, 'x_1': 1, 'x_2': 0, 'x_3': 0}. Best is trial 35 with value: 0.0.
[I 2024-11-24 16:17:09,212] Trial 40 finished with value: 2.0 and parameters: {'x_0': 0, 'x_1': 1, 'x_2': -1, 'x_3': 0}. Best is trial 24 with value: 0.0.
[I 2024-11-24 16:17:09,219] Trial 39 finished with value: 0.0 and parameters: {'x_0': 0, 'x_1': 0, 'x_2': 0, 'x_3': 0}. Best is trial 23 with value: 0.0.
[I 2024-11-24 16:17:09,221] Trial 40 finished with value: 2.0 and parameters: {'x_0': 1, 'x_1': 0, 'x_2': 0, 'x_3': -1}. Best is trial 28 with value: 0.0.
[I 2024-11-24 16:17:09,256] Trial 39 finished with value: 2.0 and parameters: {'x_0': 0, 'x_1': -1, 'x_2': 0, 'x_3': 1}. Best is trial 19 with value: 0.0.
[I 2024-11-24 16:17:09,281] Trial 39 finished with value: 1.0 and parameters: {'x_0': 0, 'x_1': -1, 'x_2': 0, 'x_3': 0}. Best is trial 13 with value: 0.0.
[I 2024-11-24 16:17:09,306] Trial 40 finished with value: 2.0 and parameters: {'x_0': 0, 'x_1': -1, 'x_2': 0, 'x_3': 1}. Best is trial 9 with value: 0.0.
[I 2024-11-24 16:17:09,317] Trial 39 finished with value: 4.0 and parameters: {'x_0': 0, 'x_1': -2, 'x_2': 0, 'x_3': 0}. Best is trial 25 with value: 0.0.
[I 2024-11-24 16:17:09,318] Trial 40 finished with value: 0.0 and parameters: {'x_0': 0, 'x_1': 0, 'x_2': 0, 'x_3': 0}. Best is trial 19 with value: 0.0.
[I 2024-11-24 16:17:09,338] Trial 39 finished with value: 2.0 and parameters: {'x_0': 1, 'x_1': 1, 'x_2': 0, 'x_3': 0}. Best is trial 14 with value: 1.0.
[I 2024-11-24 16:17:09,368] Trial 41 finished with value: 0.0 and parameters: {'x_0': 0, 'x_1': 0, 'x_2': 0, 'x_3': 0}. Best is trial 28 with value: 0.0.
[I 2024-11-24 16:17:09,386] Trial 38 finished with value: 1.0 and parameters: {'x_0': 0, 'x_1': -1, 'x_2': 0, 'x_3': 0}. Best is trial 35 with value: 0.0.
[I 2024-11-24 16:17:09,390] Trial 41 finished with value: 2.0 and parameters: {'x_0': 0, 'x_1': 0, 'x_2': -1, 'x_3': 1}. Best is trial 24 with value: 0.0.
[I 2024-11-24 16:17:09,405] Trial 40 finished with value: 2.0 and parameters: {'x_0': 0, 'x_1': 1, 'x_2': 0, 'x_3': -1}. Best is trial 23 with value: 0.0.
[I 2024-11-24 16:17:09,408] Trial 40 finished with value: 9.0 and parameters: {'x_0': -3, 'x_1': 0, 'x_2': 0, 'x_3': 0}. Best is trial 19 with value: 0.0.
[I 2024-11-24 16:17:09,447] Trial 40 finished with value: 2.0 and parameters: {'x_0': 0, 'x_1': -1, 'x_2': 0, 'x_3': -1}. Best is trial 13 with value: 0.0.
[I 2024-11-24 16:17:09,453] Trial 41 finished with value: 2.0 and parameters: {'x_0': 0, 'x_1': -1, 'x_2': -1, 'x_3': 0}. Best is trial 9 with value: 0.0.
[I 2024-11-24 16:17:09,457] Trial 40 finished with value: 0.0 and parameters: {'x_0': 0, 'x_1': 0, 'x_2': 0, 'x_3': 0}. Best is trial 25 with value: 0.0.
[I 2024-11-24 16:17:09,476] Trial 41 finished with value: 2.0 and parameters: {'x_0': -1, 'x_1': 0, 'x_2': 0, 'x_3': -1}. Best is trial 19 with value: 0.0.
[I 2024-11-24 16:17:09,530] Trial 40 finished with value: 2.0 and parameters: {'x_0': 0, 'x_1': 1, 'x_2': 1, 'x_3': 0}. Best is trial 14 with value: 1.0.
[I 2024-11-24 16:17:09,538] Trial 41 finished with value: 2.0 and parameters: {'x_0': 0, 'x_1': 0, 'x_2': 1, 'x_3': 1}. Best is trial 23 with value: 0.0.
[I 2024-11-24 16:17:09,552] Trial 39 finished with value: 1.0 and parameters: {'x_0': 0, 'x_1': 0, 'x_2': -1, 'x_3': 0}. Best is trial 35 with value: 0.0.
[I 2024-11-24 16:17:09,557] Trial 42 finished with value: 2.0 and parameters: {'x_0': 0, 'x_1': 0, 'x_2': 1, 'x_3': -1}. Best is trial 28 with value: 0.0.
[I 2024-11-24 16:17:09,579] Trial 42 finished with value: 4.0 and parameters: {'x_0': 0, 'x_1': 0, 'x_2': 2, 'x_3': 0}. Best is trial 24 with value: 0.0.
[I 2024-11-24 16:17:09,614] Trial 42 finished with value: 2.0 and parameters: {'x_0': 0, 'x_1': -1, 'x_2': 0, 'x_3': -1}. Best is trial 9 with value: 0.0.
[I 2024-11-24 16:17:09,614] Trial 42 finished with value: 2.0 and parameters: {'x_0': 0, 'x_1': 1, 'x_2': -1, 'x_3': 0}. Best is trial 19 with value: 0.0.
[I 2024-11-24 16:17:09,616] Trial 41 finished with value: 3.0 and parameters: {'x_0': 0, 'x_1': -1, 'x_2': 1, 'x_3': -1}. Best is trial 25 with value: 0.0.
[I 2024-11-24 16:17:09,655] Trial 41 finished with value: 2.0 and parameters: {'x_0': 0, 'x_1': -1, 'x_2': -1, 'x_3': 0}. Best is trial 13 with value: 0.0.
[I 2024-11-24 16:17:09,655] Trial 41 finished with value: 2.0 and parameters: {'x_0': -1, 'x_1': -1, 'x_2': 0, 'x_3': 0}. Best is trial 19 with value: 0.0.
[I 2024-11-24 16:17:09,685] Trial 42 finished with value: 1.0 and parameters: {'x_0': 1, 'x_1': 0, 'x_2': 0, 'x_3': 0}. Best is trial 23 with value: 0.0.
[I 2024-11-24 16:17:09,693] Trial 43 finished with value: 2.0 and parameters: {'x_0': -1, 'x_1': 0, 'x_2': 0, 'x_3': -1}. Best is trial 28 with value: 0.0.
[I 2024-11-24 16:17:09,711] Trial 40 finished with value: 1.0 and parameters: {'x_0': 1, 'x_1': 0, 'x_2': 0, 'x_3': 0}. Best is trial 35 with value: 0.0.
[I 2024-11-24 16:17:09,746] Trial 42 finished with value: 3.0 and parameters: {'x_0': 1, 'x_1': -1, 'x_2': -1, 'x_3': 0}. Best is trial 25 with value: 0.0.
[I 2024-11-24 16:17:09,748] Trial 41 finished with value: 2.0 and parameters: {'x_0': 0, 'x_1': 1, 'x_2': -1, 'x_3': 0}. Best is trial 14 with value: 1.0.
[I 2024-11-24 16:17:09,753] Trial 43 finished with value: 2.0 and parameters: {'x_0': 0, 'x_1': -1, 'x_2': -1, 'x_3': 0}. Best is trial 19 with value: 0.0.
[I 2024-11-24 16:17:09,782] Trial 43 finished with value: 2.0 and parameters: {'x_0': 1, 'x_1': 0, 'x_2': -1, 'x_3': 0}. Best is trial 24 with value: 0.0.
[I 2024-11-24 16:17:09,810] Trial 42 finished with value: 9.0 and parameters: {'x_0': 0, 'x_1': 0, 'x_2': 0, 'x_3': 3}. Best is trial 19 with value: 0.0.
[I 2024-11-24 16:17:09,817] Trial 42 finished with value: 2.0 and parameters: {'x_0': 0, 'x_1': -1, 'x_2': 0, 'x_3': 1}. Best is trial 13 with value: 0.0.
[I 2024-11-24 16:17:09,833] Trial 44 finished with value: 4.0 and parameters: {'x_0': 0, 'x_1': 0, 'x_2': 0, 'x_3': 2}. Best is trial 28 with value: 0.0.
[I 2024-11-24 16:17:09,852] Trial 43 finished with value: 2.0 and parameters: {'x_0': -1, 'x_1': 0, 'x_2': 1, 'x_3': 0}. Best is trial 9 with value: 0.0.
[I 2024-11-24 16:17:09,882] Trial 43 finished with value: 2.0 and parameters: {'x_0': -1, 'x_1': 0, 'x_2': 0, 'x_3': -1}. Best is trial 25 with value: 0.0.
[I 2024-11-24 16:17:09,887] Trial 41 finished with value: 4.0 and parameters: {'x_0': 0, 'x_1': 0, 'x_2': 0, 'x_3': -2}. Best is trial 35 with value: 0.0.
[I 2024-11-24 16:17:09,905] Trial 43 finished with value: 2.0 and parameters: {'x_0': 1, 'x_1': 0, 'x_2': -1, 'x_3': 0}. Best is trial 23 with value: 0.0.
[I 2024-11-24 16:17:09,942] Trial 42 finished with value: 3.0 and parameters: {'x_0': -1, 'x_1': 1, 'x_2': 0, 'x_3': -1}. Best is trial 14 with value: 1.0.
[I 2024-11-24 16:17:09,951] Trial 44 finished with value: 0.0 and parameters: {'x_0': 0, 'x_1': 0, 'x_2': 0, 'x_3': 0}. Best is trial 24 with value: 0.0.
[I 2024-11-24 16:17:09,952] Trial 43 finished with value: 4.0 and parameters: {'x_0': 0, 'x_1': 0, 'x_2': 2, 'x_3': 0}. Best is trial 19 with value: 0.0.
[I 2024-11-24 16:17:09,985] Trial 44 finished with value: 4.0 and parameters: {'x_0': -2, 'x_1': 0, 'x_2': 0, 'x_3': 0}. Best is trial 19 with value: 0.0.
[I 2024-11-24 16:17:09,988] Trial 43 finished with value: 2.0 and parameters: {'x_0': 0, 'x_1': -1, 'x_2': 1, 'x_3': 0}. Best is trial 13 with value: 0.0.
[I 2024-11-24 16:17:09,990] Trial 44 finished with value: 2.0 and parameters: {'x_0': 1, 'x_1': 0, 'x_2': 1, 'x_3': 0}. Best is trial 9 with value: 0.0.
[I 2024-11-24 16:17:10,042] Trial 44 finished with value: 2.0 and parameters: {'x_0': 1, 'x_1': -1, 'x_2': 0, 'x_3': 0}. Best is trial 23 with value: 0.0.
[I 2024-11-24 16:17:10,052] Trial 42 finished with value: 1.0 and parameters: {'x_0': 0, 'x_1': 0, 'x_2': 1, 'x_3': 0}. Best is trial 35 with value: 0.0.
[I 2024-11-24 16:17:10,070] Trial 45 finished with value: 2.0 and parameters: {'x_0': -1, 'x_1': 0, 'x_2': -1, 'x_3': 0}. Best is trial 28 with value: 0.0.
[I 2024-11-24 16:17:10,102] Trial 43 finished with value: 0.0 and parameters: {'x_0': 0, 'x_1': 0, 'x_2': 0, 'x_3': 0}. Best is trial 43 with value: 0.0.
[I 2024-11-24 16:17:10,124] Trial 45 finished with value: 2.0 and parameters: {'x_0': 1, 'x_1': 0, 'x_2': 0, 'x_3': 1}. Best is trial 19 with value: 0.0.
[I 2024-11-24 16:17:10,133] Trial 45 finished with value: 9.0 and parameters: {'x_0': 0, 'x_1': -3, 'x_2': 0, 'x_3': 0}. Best is trial 9 with value: 0.0.
[I 2024-11-24 16:17:10,139] Trial 44 finished with value: 2.0 and parameters: {'x_0': 0, 'x_1': 1, 'x_2': -1, 'x_3': 0}. Best is trial 25 with value: 0.0.
[I 2024-11-24 16:17:10,144] Trial 44 finished with value: 2.0 and parameters: {'x_0': 1, 'x_1': -1, 'x_2': 0, 'x_3': 0}. Best is trial 13 with value: 0.0.
[I 2024-11-24 16:17:10,150] Trial 45 finished with value: 2.0 and parameters: {'x_0': -1, 'x_1': 0, 'x_2': 0, 'x_3': 1}. Best is trial 24 with value: 0.0.
[I 2024-11-24 16:17:10,195] Trial 45 finished with value: 2.0 and parameters: {'x_0': 1, 'x_1': 0, 'x_2': 0, 'x_3': 1}. Best is trial 23 with value: 0.0.
[I 2024-11-24 16:17:10,205] Trial 44 finished with value: 2.0 and parameters: {'x_0': -1, 'x_1': 0, 'x_2': 0, 'x_3': -1}. Best is trial 19 with value: 0.0.
[I 2024-11-24 16:17:10,205] Trial 43 finished with value: 2.0 and parameters: {'x_0': -1, 'x_1': 0, 'x_2': 1, 'x_3': 0}. Best is trial 35 with value: 0.0.
[I 2024-11-24 16:17:10,237] Trial 46 finished with value: 4.0 and parameters: {'x_0': -2, 'x_1': 0, 'x_2': 0, 'x_3': 0}. Best is trial 28 with value: 0.0.
[I 2024-11-24 16:17:10,248] Trial 44 finished with value: 1.0 and parameters: {'x_0': 0, 'x_1': 0, 'x_2': 0, 'x_3': -1}. Best is trial 43 with value: 0.0.
[I 2024-11-24 16:17:10,263] Trial 46 finished with value: 2.0 and parameters: {'x_0': 0, 'x_1': -1, 'x_2': 1, 'x_3': 0}. Best is trial 19 with value: 0.0.
[I 2024-11-24 16:17:10,278] Trial 45 finished with value: 2.0 and parameters: {'x_0': -1, 'x_1': 0, 'x_2': -1, 'x_3': 0}. Best is trial 25 with value: 0.0.
[I 2024-11-24 16:17:10,327] Trial 45 finished with value: 0.0 and parameters: {'x_0': 0, 'x_1': 0, 'x_2': 0, 'x_3': 0}. Best is trial 13 with value: 0.0.
[I 2024-11-24 16:17:10,336] Trial 45 finished with value: 2.0 and parameters: {'x_0': 1, 'x_1': 0, 'x_2': 0, 'x_3': 1}. Best is trial 19 with value: 0.0.
[I 2024-11-24 16:17:10,350] Trial 46 finished with value: 2.0 and parameters: {'x_0': 0, 'x_1': -1, 'x_2': -1, 'x_3': 0}. Best is trial 24 with value: 0.0.
[I 2024-11-24 16:17:10,364] Trial 46 finished with value: 9.0 and parameters: {'x_0': -3, 'x_1': 0, 'x_2': 0, 'x_3': 0}. Best is trial 9 with value: 0.0.
[I 2024-11-24 16:17:10,391] Trial 44 finished with value: 3.0 and parameters: {'x_0': -1, 'x_1': 1, 'x_2': -1, 'x_3': 0}. Best is trial 35 with value: 0.0.
[I 2024-11-24 16:17:10,398] Trial 47 finished with value: 2.0 and parameters: {'x_0': 0, 'x_1': -1, 'x_2': 0, 'x_3': 1}. Best is trial 28 with value: 0.0.
[I 2024-11-24 16:17:10,428] Trial 46 finished with value: 2.0 and parameters: {'x_0': 1, 'x_1': 0, 'x_2': 1, 'x_3': 0}. Best is trial 23 with value: 0.0.
[I 2024-11-24 16:17:10,437] Trial 46 finished with value: 2.0 and parameters: {'x_0': 1, 'x_1': 0, 'x_2': 0, 'x_3': -1}. Best is trial 25 with value: 0.0.
[I 2024-11-24 16:17:10,439] Trial 45 finished with value: 1.0 and parameters: {'x_0': 0, 'x_1': 0, 'x_2': 0, 'x_3': 1}. Best is trial 43 with value: 0.0.
[I 2024-11-24 16:17:10,472] Trial 46 finished with value: 1.0 and parameters: {'x_0': 0, 'x_1': 1, 'x_2': 0, 'x_3': 0}. Best is trial 19 with value: 0.0.
[I 2024-11-24 16:17:10,513] Trial 47 finished with value: 4.0 and parameters: {'x_0': 0, 'x_1': 0, 'x_2': 0, 'x_3': 2}. Best is trial 19 with value: 0.0.
[I 2024-11-24 16:17:10,518] Trial 47 finished with value: 2.0 and parameters: {'x_0': 1, 'x_1': 1, 'x_2': 0, 'x_3': 0}. Best is trial 24 with value: 0.0.
[I 2024-11-24 16:17:10,525] Trial 47 finished with value: 4.0 and parameters: {'x_0': 0, 'x_1': 0, 'x_2': 0, 'x_3': 2}. Best is trial 9 with value: 0.0.
[I 2024-11-24 16:17:10,574] Trial 46 finished with value: 1.0 and parameters: {'x_0': -1, 'x_1': 0, 'x_2': 0, 'x_3': 0}. Best is trial 13 with value: 0.0.
[I 2024-11-24 16:17:10,663] Trial 45 finished with value: 4.0 and parameters: {'x_0': 0, 'x_1': 0, 'x_2': 2, 'x_3': 0}. Best is trial 35 with value: 0.0.
[I 2024-11-24 16:17:10,699] Trial 47 finished with value: 2.0 and parameters: {'x_0': 1, 'x_1': 1, 'x_2': 0, 'x_3': 0}. Best is trial 23 with value: 0.0.
[I 2024-11-24 16:17:10,735] Trial 48 finished with value: 4.0 and parameters: {'x_0': 2, 'x_1': 0, 'x_2': 0, 'x_3': 0}. Best is trial 19 with value: 0.0.
[I 2024-11-24 16:17:10,735] Trial 46 finished with value: 1.0 and parameters: {'x_0': -1, 'x_1': 0, 'x_2': 0, 'x_3': 0}. Best is trial 43 with value: 0.0.
