[I 2024-11-24 16:13:45,782] Trial 418 finished with value: 10.0 and parameters: {'x_0': -1, 'x_1': 0, 'x_2': -3, 'x_3': 0}. Best is trial 148 with value: 0.0.
[I 2024-11-24 16:13:45,841] Trial 402 finished with value: 6.0 and parameters: {'x_0': 2, 'x_1': 0, 'x_2': 1, 'x_3': 1}. Best is trial 29 with value: 0.0.
[I 2024-11-24 16:13:46,001] Trial 438 finished with value: 7.0 and parameters: {'x_0': -2, 'x_1': -1, 'x_2': -1, 'x_3': 1}. Best is trial 56 with value: 0.0.
[I 2024-11-24 16:13:46,204] Trial 445 finished with value: 7.0 and parameters: {'x_0': -1, 'x_1': 1, 'x_2': 1, 'x_3': -2}. Best is trial 164 with value: 0.0.
[I 2024-11-24 16:13:46,226] Trial 425 finished with value: 9.0 and parameters: {'x_0': -1, 'x_1': 0, 'x_2': 2, 'x_3': 2}. Best is trial 16 with value: 0.0.
[I 2024-11-24 16:13:46,426] Trial 430 finished with value: 7.0 and parameters: {'x_0': -1, 'x_1': 1, 'x_2': -1, 'x_3': -2}. Best is trial 25 with value: 0.0.
[I 2024-11-24 16:13:46,567] Trial 443 finished with value: 3.0 and parameters: {'x_0': -1, 'x_1': -1, 'x_2': 1, 'x_3': 0}. Best is trial 21 with value: 0.0.
[I 2024-11-24 16:13:46,637] Trial 424 finished with value: 6.0 and parameters: {'x_0': 0, 'x_1': 1, 'x_2': 2, 'x_3': -1}. Best is trial 41 with value: 0.0.
[I 2024-11-24 16:13:47,268] Trial 439 finished with value: 5.0 and parameters: {'x_0': 0, 'x_1': 1, 'x_2': 2, 'x_3': 0}. Best is trial 56 with value: 0.0.
[I 2024-11-24 16:13:47,454] Trial 426 finished with value: 7.0 and parameters: {'x_0': -2, 'x_1': 1, 'x_2': 1, 'x_3': -1}. Best is trial 16 with value: 0.0.
[I 2024-11-24 16:13:47,900] Trial 431 finished with value: 9.0 and parameters: {'x_0': 1, 'x_1': 0, 'x_2': 2, 'x_3': -2}. Best is trial 25 with value: 0.0.
[I 2024-11-24 16:13:48,075] Trial 433 finished with value: 7.0 and parameters: {'x_0': 1, 'x_1': 1, 'x_2': 1, 'x_3': 2}. Best is trial 26 with value: 0.0.
[I 2024-11-24 16:13:48,194] Trial 444 finished with value: 4.0 and parameters: {'x_0': -1, 'x_1': -1, 'x_2': 1, 'x_3': 1}. Best is trial 21 with value: 0.0.
[I 2024-11-24 16:13:48,269] Trial 403 finished with value: 6.0 and parameters: {'x_0': -1, 'x_1': -2, 'x_2': 0, 'x_3': 1}. Best is trial 29 with value: 0.0.
[I 2024-11-24 16:13:48,467] Trial 427 finished with value: 6.0 and parameters: {'x_0': 0, 'x_1': 2, 'x_2': -1, 'x_3': 1}. Best is trial 16 with value: 0.0.
[I 2024-11-24 16:13:48,514] Trial 427 finished with value: 7.0 and parameters: {'x_0': 1, 'x_1': 2, 'x_2': -1, 'x_3': -1}. Best is trial 99 with value: 0.0.
[I 2024-11-24 16:13:48,842] Trial 446 finished with value: 10.0 and parameters: {'x_0': -1, 'x_1': 0, 'x_2': 3, 'x_3': 0}. Best is trial 164 with value: 0.0.
[I 2024-11-24 16:13:49,187] Trial 419 finished with value: 11.0 and parameters: {'x_0': 0, 'x_1': -3, 'x_2': 1, 'x_3': 1}. Best is trial 148 with value: 0.0.
[I 2024-11-24 16:13:49,203] Trial 425 finished with value: 9.0 and parameters: {'x_0': -2, 'x_1': 1, 'x_2': 2, 'x_3': 0}. Best is trial 41 with value: 0.0.
[I 2024-11-24 16:13:49,480] Trial 434 finished with value: 7.0 and parameters: {'x_0': -1, 'x_1': -1, 'x_2': -1, 'x_3': 2}. Best is trial 26 with value: 0.0.
[I 2024-11-24 16:13:49,504] Trial 428 finished with value: 9.0 and parameters: {'x_0': 0, 'x_1': -2, 'x_2': -1, 'x_3': 2}. Best is trial 99 with value: 0.0.
[I 2024-11-24 16:13:49,982] Trial 440 finished with value: 6.0 and parameters: {'x_0': 0, 'x_1': 1, 'x_2': 2, 'x_3': -1}. Best is trial 56 with value: 0.0.
[I 2024-11-24 16:13:50,189] Trial 447 finished with value: 9.0 and parameters: {'x_0': 0, 'x_1': -2, 'x_2': -1, 'x_3': 2}. Best is trial 164 with value: 0.0.
[I 2024-11-24 16:13:50,386] Trial 426 finished with value: 6.0 and parameters: {'x_0': 0, 'x_1': 1, 'x_2': 2, 'x_3': 1}. Best is trial 41 with value: 0.0.
[I 2024-11-24 16:13:50,470] Trial 404 finished with value: 7.0 and parameters: {'x_0': 2, 'x_1': -1, 'x_2': 1, 'x_3': -1}. Best is trial 29 with value: 0.0.
[I 2024-11-24 16:13:50,486] Trial 445 finished with value: 12.0 and parameters: {'x_0': -1, 'x_1': -1, 'x_2': -3, 'x_3': 1}. Best is trial 21 with value: 0.0.
[I 2024-11-24 16:13:50,519] Trial 432 finished with value: 14.0 and parameters: {'x_0': -2, 'x_1': 0, 'x_2': -3, 'x_3': 1}. Best is trial 25 with value: 0.0.
[I 2024-11-24 16:13:50,546] Trial 420 finished with value: 14.0 and parameters: {'x_0': 3, 'x_1': -1, 'x_2': 2, 'x_3': 0}. Best is trial 148 with value: 0.0.
[I 2024-11-24 16:13:50,700] Trial 435 finished with value: 6.0 and parameters: {'x_0': -1, 'x_1': 2, 'x_2': 1, 'x_3': 0}. Best is trial 26 with value: 0.0.
[I 2024-11-24 16:13:50,769] Trial 428 finished with value: 7.0 and parameters: {'x_0': -1, 'x_1': -1, 'x_2': -2, 'x_3': 1}. Best is trial 16 with value: 0.0.
[I 2024-11-24 16:13:51,029] Trial 429 finished with value: 7.0 and parameters: {'x_0': 1, 'x_1': -2, 'x_2': 1, 'x_3': -1}. Best is trial 99 with value: 0.0.
[I 2024-11-24 16:13:51,369] Trial 441 finished with value: 3.0 and parameters: {'x_0': 1, 'x_1': -1, 'x_2': 1, 'x_3': 0}. Best is trial 56 with value: 0.0.
[I 2024-11-24 16:13:51,411] Trial 427 finished with value: 6.0 and parameters: {'x_0': 0, 'x_1': 1, 'x_2': -2, 'x_3': -1}. Best is trial 41 with value: 0.0.
[I 2024-11-24 16:13:51,653] Trial 448 finished with value: 13.0 and parameters: {'x_0': 0, 'x_1': -2, 'x_2': 3, 'x_3': 0}. Best is trial 164 with value: 0.0.
[I 2024-11-24 16:13:51,689] Trial 433 finished with value: 11.0 and parameters: {'x_0': 1, 'x_1': 3, 'x_2': 1, 'x_3': 0}. Best is trial 25 with value: 0.0.
[I 2024-11-24 16:13:51,802] Trial 429 finished with value: 13.0 and parameters: {'x_0': 2, 'x_1': -2, 'x_2': -2, 'x_3': 1}. Best is trial 16 with value: 0.0.
[I 2024-11-24 16:13:51,912] Trial 421 finished with value: 14.0 and parameters: {'x_0': -3, 'x_1': 2, 'x_2': 0, 'x_3': -1}. Best is trial 148 with value: 0.0.
[I 2024-11-24 16:13:51,935] Trial 446 finished with value: 9.0 and parameters: {'x_0': -3, 'x_1': 0, 'x_2': 0, 'x_3': 0}. Best is trial 21 with value: 0.0.
[I 2024-11-24 16:13:52,628] Trial 405 finished with value: 6.0 and parameters: {'x_0': 1, 'x_1': 2, 'x_2': 0, 'x_3': 1}. Best is trial 29 with value: 0.0.
[I 2024-11-24 16:13:52,837] Trial 442 finished with value: 4.0 and parameters: {'x_0': 1, 'x_1': -1, 'x_2': 1, 'x_3': -1}. Best is trial 56 with value: 0.0.
[I 2024-11-24 16:13:52,960] Trial 436 finished with value: 15.0 and parameters: {'x_0': 3, 'x_1': 2, 'x_2': 1, 'x_3': -1}. Best is trial 26 with value: 0.0.
[I 2024-11-24 16:13:53,183] Trial 434 finished with value: 9.0 and parameters: {'x_0': 0, 'x_1': 1, 'x_2': 2, 'x_3': -2}. Best is trial 25 with value: 0.0.
[I 2024-11-24 16:13:53,289] Trial 430 finished with value: 7.0 and parameters: {'x_0': -2, 'x_1': 1, 'x_2': -1, 'x_3': 1}. Best is trial 16 with value: 0.0.
[I 2024-11-24 16:13:53,311] Trial 447 finished with value: 14.0 and parameters: {'x_0': -3, 'x_1': 2, 'x_2': 1, 'x_3': 0}. Best is trial 21 with value: 0.0.
[I 2024-11-24 16:13:53,479] Trial 430 finished with value: 9.0 and parameters: {'x_0': 0, 'x_1': 1, 'x_2': 2, 'x_3': -2}. Best is trial 99 with value: 0.0.
[I 2024-11-24 16:13:54,509] Trial 428 finished with value: 7.0 and parameters: {'x_0': -1, 'x_1': 1, 'x_2': 2, 'x_3': 1}. Best is trial 41 with value: 0.0.
[I 2024-11-24 16:13:54,600] Trial 437 finished with value: 7.0 and parameters: {'x_0': 1, 'x_1': -1, 'x_2': 2, 'x_3': 1}. Best is trial 26 with value: 0.0.
[I 2024-11-24 16:13:54,706] Trial 431 finished with value: 7.0 and parameters: {'x_0': 1, 'x_1': -1, 'x_2': 2, 'x_3': 1}. Best is trial 99 with value: 0.0.
[I 2024-11-24 16:13:54,730] Trial 406 finished with value: 9.0 and parameters: {'x_0': -2, 'x_1': -1, 'x_2': -2, 'x_3': 0}. Best is trial 29 with value: 0.0.
[I 2024-11-24 16:13:54,735] Trial 422 finished with value: 7.0 and parameters: {'x_0': -2, 'x_1': -1, 'x_2': 1, 'x_3': 1}. Best is trial 148 with value: 0.0.
[I 2024-11-24 16:13:54,743] Trial 449 finished with value: 7.0 and parameters: {'x_0': -1, 'x_1': 1, 'x_2': 1, 'x_3': 2}. Best is trial 164 with value: 0.0.
[I 2024-11-24 16:13:55,407] Trial 443 finished with value: 4.0 and parameters: {'x_0': 1, 'x_1': -1, 'x_2': 1, 'x_3': 1}. Best is trial 56 with value: 0.0.
[I 2024-11-24 16:13:55,540] Trial 431 finished with value: 12.0 and parameters: {'x_0': -1, 'x_1': -1, 'x_2': -3, 'x_3': -1}. Best is trial 16 with value: 0.0.
[I 2024-11-24 16:13:55,599] Trial 435 finished with value: 14.0 and parameters: {'x_0': 3, 'x_1': -2, 'x_2': 1, 'x_3': 0}. Best is trial 25 with value: 0.0.
[I 2024-11-24 16:13:55,801] Trial 423 finished with value: 15.0 and parameters: {'x_0': 3, 'x_1': 1, 'x_2': 2, 'x_3': -1}. Best is trial 148 with value: 0.0.
[I 2024-11-24 16:13:55,867] Trial 438 finished with value: 6.0 and parameters: {'x_0': -1, 'x_1': -2, 'x_2': -1, 'x_3': 0}. Best is trial 26 with value: 0.0.
[I 2024-11-24 16:13:55,920] Trial 429 finished with value: 11.0 and parameters: {'x_0': -1, 'x_1': -1, 'x_2': 3, 'x_3': 0}. Best is trial 41 with value: 0.0.
[I 2024-11-24 16:13:56,085] Trial 432 finished with value: 7.0 and parameters: {'x_0': 2, 'x_1': -1, 'x_2': -1, 'x_3': 1}. Best is trial 99 with value: 0.0.
[I 2024-11-24 16:13:56,279] Trial 450 finished with value: 7.0 and parameters: {'x_0': 1, 'x_1': -1, 'x_2': -1, 'x_3': 2}. Best is trial 164 with value: 0.0.
[I 2024-11-24 16:13:56,901] Trial 444 finished with value: 7.0 and parameters: {'x_0': 1, 'x_1': -1, 'x_2': 1, 'x_3': -2}. Best is trial 56 with value: 0.0.
[I 2024-11-24 16:13:56,925] Trial 432 finished with value: 10.0 and parameters: {'x_0': -3, 'x_1': 0, 'x_2': 0, 'x_3': -1}. Best is trial 16 with value: 0.0.
[I 2024-11-24 16:13:57,137] Trial 448 finished with value: 4.0 and parameters: {'x_0': -1, 'x_1': -1, 'x_2': 1, 'x_3': -1}. Best is trial 21 with value: 0.0.
[I 2024-11-24 16:13:57,186] Trial 436 finished with value: 12.0 and parameters: {'x_0': -1, 'x_1': 1, 'x_2': 3, 'x_3': 1}. Best is trial 25 with value: 0.0.
[I 2024-11-24 16:13:57,188] Trial 407 finished with value: 9.0 and parameters: {'x_0': 2, 'x_1': -1, 'x_2': 2, 'x_3': 0}. Best is trial 29 with value: 0.0.
[I 2024-11-24 16:13:57,370] Trial 424 finished with value: 14.0 and parameters: {'x_0': 2, 'x_1': 0, 'x_2': 3, 'x_3': 1}. Best is trial 148 with value: 0.0.
[I 2024-11-24 16:13:57,487] Trial 430 finished with value: 6.0 and parameters: {'x_0': 0, 'x_1': 1, 'x_2': -2, 'x_3': 1}. Best is trial 41 with value: 0.0.
[I 2024-11-24 16:13:57,713] Trial 451 finished with value: 9.0 and parameters: {'x_0': 0, 'x_1': -2, 'x_2': -2, 'x_3': -1}. Best is trial 164 with value: 0.0.
[I 2024-11-24 16:13:58,291] Trial 445 finished with value: 3.0 and parameters: {'x_0': 1, 'x_1': 1, 'x_2': 1, 'x_3': 0}. Best is trial 56 with value: 0.0.
[I 2024-11-24 16:13:58,444] Trial 437 finished with value: 15.0 and parameters: {'x_0': 3, 'x_1': 2, 'x_2': -1, 'x_3': 1}. Best is trial 25 with value: 0.0.
[I 2024-11-24 16:13:58,681] Trial 439 finished with value: 7.0 and parameters: {'x_0': -1, 'x_1': -2, 'x_2': -1, 'x_3': 1}. Best is trial 26 with value: 0.0.
[I 2024-11-24 16:13:58,770] Trial 449 finished with value: 7.0 and parameters: {'x_0': -1, 'x_1': -1, 'x_2': 1, 'x_3': -2}. Best is trial 21 with value: 0.0.
[I 2024-11-24 16:13:58,838] Trial 433 finished with value: 7.0 and parameters: {'x_0': -1, 'x_1': 1, 'x_2': -1, 'x_3': -2}. Best is trial 99 with value: 0.0.
[I 2024-11-24 16:13:59,434] Trial 408 finished with value: 5.0 and parameters: {'x_0': 0, 'x_1': 2, 'x_2': -1, 'x_3': 0}. Best is trial 29 with value: 0.0.
[I 2024-11-24 16:13:59,927] Trial 425 finished with value: 7.0 and parameters: {'x_0': 2, 'x_1': 1, 'x_2': -1, 'x_3': 1}. Best is trial 148 with value: 0.0.
[I 2024-11-24 16:13:59,987] Trial 450 finished with value: 7.0 and parameters: {'x_0': -1, 'x_1': -1, 'x_2': 1, 'x_3': 2}. Best is trial 21 with value: 0.0.
[I 2024-11-24 16:14:00,125] Trial 433 finished with value: 10.0 and parameters: {'x_0': 1, 'x_1': -3, 'x_2': 0, 'x_3': 0}. Best is trial 16 with value: 0.0.
[I 2024-11-24 16:14:00,184] Trial 434 finished with value: 8.0 and parameters: {'x_0': -2, 'x_1': 0, 'x_2': 0, 'x_3': 2}. Best is trial 99 with value: 0.0.
[I 2024-11-24 16:14:00,341] Trial 440 finished with value: 9.0 and parameters: {'x_0': 2, 'x_1': 0, 'x_2': 2, 'x_3': 1}. Best is trial 26 with value: 0.0.
[I 2024-11-24 16:14:00,463] Trial 452 finished with value: 7.0 and parameters: {'x_0': 1, 'x_1': 1, 'x_2': -1, 'x_3': 2}. Best is trial 164 with value: 0.0.
[I 2024-11-24 16:14:00,915] Trial 431 finished with value: 7.0 and parameters: {'x_0': -1, 'x_1': -2, 'x_2': 1, 'x_3': -1}. Best is trial 41 with value: 0.0.
[I 2024-11-24 16:14:01,124] Trial 426 finished with value: 8.0 and parameters: {'x_0': -2, 'x_1': 0, 'x_2': 0, 'x_3': -2}. Best is trial 148 with value: 0.0.
[I 2024-11-24 16:14:01,515] Trial 434 finished with value: 14.0 and parameters: {'x_0': 1, 'x_1': -2, 'x_2': 0, 'x_3': -3}. Best is trial 16 with value: 0.0.
[I 2024-11-24 16:14:01,680] Trial 435 finished with value: 7.0 and parameters: {'x_0': -1, 'x_1': 1, 'x_2': 1, 'x_3': 2}. Best is trial 99 with value: 0.0.
[I 2024-11-24 16:14:01,705] Trial 438 finished with value: 9.0 and parameters: {'x_0': -1, 'x_1': 0, 'x_2': -2, 'x_3': 2}. Best is trial 25 with value: 0.0.
[I 2024-11-24 16:14:01,795] Trial 441 finished with value: 10.0 and parameters: {'x_0': 0, 'x_1': 0, 'x_2': 1, 'x_3': -3}. Best is trial 26 with value: 0.0.
[I 2024-11-24 16:14:01,811] Trial 453 finished with value: 9.0 and parameters: {'x_0': 0, 'x_1': -2, 'x_2': 2, 'x_3': -1}. Best is trial 164 with value: 0.0.
[I 2024-11-24 16:14:02,220] Trial 432 finished with value: 9.0 and parameters: {'x_0': 2, 'x_1': 1, 'x_2': 2, 'x_3': 0}. Best is trial 41 with value: 0.0.
[I 2024-11-24 16:14:02,260] Trial 409 finished with value: 9.0 and parameters: {'x_0': 2, 'x_1': 1, 'x_2': -2, 'x_3': 0}. Best is trial 29 with value: 0.0.
[I 2024-11-24 16:14:02,398] Trial 446 finished with value: 4.0 and parameters: {'x_0': 1, 'x_1': 1, 'x_2': 1, 'x_3': 1}. Best is trial 56 with value: 0.0.
[I 2024-11-24 16:14:02,784] Trial 427 finished with value: 8.0 and parameters: {'x_0': 2, 'x_1': 0, 'x_2': 0, 'x_3': 2}. Best is trial 148 with value: 0.0.
[I 2024-11-24 16:14:02,789] Trial 451 finished with value: 7.0 and parameters: {'x_0': 1, 'x_1': 2, 'x_2': -1, 'x_3': -1}. Best is trial 21 with value: 0.0.
[I 2024-11-24 16:14:03,042] Trial 435 finished with value: 14.0 and parameters: {'x_0': 3, 'x_1': 0, 'x_2': 2, 'x_3': 1}. Best is trial 16 with value: 0.0.
[I 2024-11-24 16:14:03,182] Trial 439 finished with value: 9.0 and parameters: {'x_0': 2, 'x_1': 0, 'x_2': 1, 'x_3': 2}. Best is trial 25 with value: 0.0.
[I 2024-11-24 16:14:03,402] Trial 454 finished with value: 8.0 and parameters: {'x_0': 2, 'x_1': 0, 'x_2': 0, 'x_3': 2}. Best is trial 164 with value: 0.0.
[I 2024-11-24 16:14:03,687] Trial 433 finished with value: 7.0 and parameters: {'x_0': 1, 'x_1': -1, 'x_2': 1, 'x_3': 2}. Best is trial 41 with value: 0.0.
[I 2024-11-24 16:14:03,821] Trial 447 finished with value: 4.0 and parameters: {'x_0': 1, 'x_1': 1, 'x_2': 1, 'x_3': -1}. Best is trial 56 with value: 0.0.
[I 2024-11-24 16:14:04,134] Trial 452 finished with value: 13.0 and parameters: {'x_0': 0, 'x_1': -2, 'x_2': 0, 'x_3': -3}. Best is trial 21 with value: 0.0.
[I 2024-11-24 16:14:04,369] Trial 436 finished with value: 8.0 and parameters: {'x_0': 2, 'x_1': 0, 'x_2': 0, 'x_3': -2}. Best is trial 99 with value: 0.0.
[I 2024-11-24 16:14:04,459] Trial 440 finished with value: 9.0 and parameters: {'x_0': 1, 'x_1': 2, 'x_2': 0, 'x_3': -2}. Best is trial 25 with value: 0.0.
[I 2024-11-24 16:14:04,604] Trial 410 finished with value: 6.0 and parameters: {'x_0': -1, 'x_1': 0, 'x_2': -2, 'x_3': 1}. Best is trial 29 with value: 0.0.
[I 2024-11-24 16:14:04,739] Trial 442 finished with value: 9.0 and parameters: {'x_0': 1, 'x_1': 0, 'x_2': 2, 'x_3': 2}. Best is trial 26 with value: 0.0.
[I 2024-11-24 16:14:05,197] Trial 448 finished with value: 7.0 and parameters: {'x_0': 1, 'x_1': 1, 'x_2': 1, 'x_3': 2}. Best is trial 56 with value: 0.0.
[I 2024-11-24 16:14:05,505] Trial 453 finished with value: 7.0 and parameters: {'x_0': -2, 'x_1': -1, 'x_2': 1, 'x_3': -1}. Best is trial 21 with value: 0.0.
[I 2024-11-24 16:14:05,537] Trial 437 finished with value: 9.0 and parameters: {'x_0': 0, 'x_1': 2, 'x_2': -1, 'x_3': -2}. Best is trial 99 with value: 0.0.
[I 2024-11-24 16:14:05,965] Trial 428 finished with value: 14.0 and parameters: {'x_0': -1, 'x_1': 2, 'x_2': 0, 'x_3': -3}. Best is trial 148 with value: 0.0.
[I 2024-11-24 16:14:06,102] Trial 443 finished with value: 7.0 and parameters: {'x_0': 1, 'x_1': -1, 'x_2': 1, 'x_3': -2}. Best is trial 26 with value: 0.0.
[I 2024-11-24 16:14:06,226] Trial 436 finished with value: 7.0 and parameters: {'x_0': 1, 'x_1': 1, 'x_2': 2, 'x_3': -1}. Best is trial 16 with value: 0.0.
[I 2024-11-24 16:14:06,375] Trial 455 finished with value: 9.0 and parameters: {'x_0': 0, 'x_1': 1, 'x_2': 2, 'x_3': -2}. Best is trial 164 with value: 0.0.
[I 2024-11-24 16:14:06,720] Trial 434 finished with value: 7.0 and parameters: {'x_0': -1, 'x_1': -1, 'x_2': 2, 'x_3': 1}. Best is trial 41 with value: 0.0.
[I 2024-11-24 16:14:07,064] Trial 411 finished with value: 12.0 and parameters: {'x_0': -1, 'x_1': -1, 'x_2': -3, 'x_3': -1}. Best is trial 29 with value: 0.0.
[I 2024-11-24 16:14:07,153] Trial 441 finished with value: 7.0 and parameters: {'x_0': 1, 'x_1': -1, 'x_2': -1, 'x_3': 2}. Best is trial 25 with value: 0.0.
[I 2024-11-24 16:14:07,336] Trial 429 finished with value: 7.0 and parameters: {'x_0': 2, 'x_1': -1, 'x_2': -1, 'x_3': -1}. Best is trial 148 with value: 0.0.
[I 2024-11-24 16:14:07,399] Trial 437 finished with value: 11.0 and parameters: {'x_0': 1, 'x_1': 1, 'x_2': 3, 'x_3': 0}. Best is trial 16 with value: 0.0.
[I 2024-11-24 16:14:07,460] Trial 444 finished with value: 7.0 and parameters: {'x_0': 1, 'x_1': -1, 'x_2': -2, 'x_3': -1}. Best is trial 26 with value: 0.0.
[I 2024-11-24 16:14:08,009] Trial 456 finished with value: 9.0 and parameters: {'x_0': 0, 'x_1': -1, 'x_2': 2, 'x_3': 2}. Best is trial 164 with value: 0.0.
[I 2024-11-24 16:14:08,174] Trial 449 finished with value: 7.0 and parameters: {'x_0': 1, 'x_1': -1, 'x_2': 1, 'x_3': 2}. Best is trial 56 with value: 0.0.
[I 2024-11-24 16:14:08,223] Trial 438 finished with value: 7.0 and parameters: {'x_0': 1, 'x_1': -1, 'x_2': 1, 'x_3': 2}. Best is trial 99 with value: 0.0.
[I 2024-11-24 16:14:08,432] Trial 435 finished with value: 7.0 and parameters: {'x_0': -2, 'x_1': -1, 'x_2': -1, 'x_3': 1}. Best is trial 41 with value: 0.0.
[I 2024-11-24 16:14:08,576] Trial 454 finished with value: 10.0 and parameters: {'x_0': -1, 'x_1': -2, 'x_2': 1, 'x_3': 2}. Best is trial 21 with value: 0.0.
[I 2024-11-24 16:14:08,685] Trial 438 finished with value: 7.0 and parameters: {'x_0': 1, 'x_1': -1, 'x_2': 1, 'x_3': -2}. Best is trial 16 with value: 0.0.
[I 2024-11-24 16:14:08,713] Trial 430 finished with value: 7.0 and parameters: {'x_0': 2, 'x_1': 1, 'x_2': 1, 'x_3': -1}. Best is trial 148 with value: 0.0.
[I 2024-11-24 16:14:08,887] Trial 442 finished with value: 7.0 and parameters: {'x_0': -1, 'x_1': -1, 'x_2': 1, 'x_3': 2}. Best is trial 25 with value: 0.0.
[I 2024-11-24 16:14:09,745] Trial 457 finished with value: 9.0 and parameters: {'x_0': 1, 'x_1': -2, 'x_2': 0, 'x_3': -2}. Best is trial 164 with value: 0.0.
[I 2024-11-24 16:14:09,839] Trial 439 finished with value: 7.0 and parameters: {'x_0': 1, 'x_1': -1, 'x_2': -1, 'x_3': -2}. Best is trial 99 with value: 0.0.
[I 2024-11-24 16:14:09,850] Trial 450 finished with value: 5.0 and parameters: {'x_0': -2, 'x_1': -1, 'x_2': 0, 'x_3': 0}. Best is trial 56 with value: 0.0.
[I 2024-11-24 16:14:09,863] Trial 436 finished with value: 7.0 and parameters: {'x_0': -2, 'x_1': -1, 'x_2': 1, 'x_3': -1}. Best is trial 41 with value: 0.0.
[I 2024-11-24 16:14:10,062] Trial 455 finished with value: 7.0 and parameters: {'x_0': -1, 'x_1': 1, 'x_2': -1, 'x_3': -2}. Best is trial 21 with value: 0.0.
[I 2024-11-24 16:14:10,116] Trial 412 finished with value: 12.0 and parameters: {'x_0': 1, 'x_1': -1, 'x_2': -1, 'x_3': -3}. Best is trial 29 with value: 0.0.
[I 2024-11-24 16:14:10,529] Trial 443 finished with value: 7.0 and parameters: {'x_0': -1, 'x_1': -2, 'x_2': 1, 'x_3': -1}. Best is trial 25 with value: 0.0.
[I 2024-11-24 16:14:10,750] Trial 445 finished with value: 9.0 and parameters: {'x_0': 2, 'x_1': 1, 'x_2': 0, 'x_3': -2}. Best is trial 26 with value: 0.0.
[I 2024-11-24 16:14:11,380] Trial 431 finished with value: 7.0 and parameters: {'x_0': -1, 'x_1': 1, 'x_2': 1, 'x_3': 2}. Best is trial 148 with value: 0.0.
[I 2024-11-24 16:14:11,448] Trial 451 finished with value: 6.0 and parameters: {'x_0': -2, 'x_1': -1, 'x_2': 0, 'x_3': 1}. Best is trial 56 with value: 0.0.
[I 2024-11-24 16:14:11,551] Trial 456 finished with value: 7.0 and parameters: {'x_0': 2, 'x_1': 1, 'x_2': 1, 'x_3': 1}. Best is trial 21 with value: 0.0.
[I 2024-11-24 16:14:11,928] Trial 439 finished with value: 9.0 and parameters: {'x_0': -1, 'x_1': 0, 'x_2': -2, 'x_3': -2}. Best is trial 16 with value: 0.0.
[I 2024-11-24 16:14:12,143] Trial 446 finished with value: 9.0 and parameters: {'x_0': 0, 'x_1': 1, 'x_2': -2, 'x_3': -2}. Best is trial 26 with value: 0.0.
[I 2024-11-24 16:14:13,089] Trial 432 finished with value: 7.0 and parameters: {'x_0': 1, 'x_1': -2, 'x_2': -1, 'x_3': 1}. Best is trial 148 with value: 0.0.
[I 2024-11-24 16:14:13,343] Trial 413 finished with value: 9.0 and parameters: {'x_0': -2, 'x_1': -2, 'x_2': 1, 'x_3': 0}. Best is trial 29 with value: 0.0.
[I 2024-11-24 16:14:13,408] Trial 458 finished with value: 8.0 and parameters: {'x_0': 0, 'x_1': 2, 'x_2': -2, 'x_3': 0}. Best is trial 164 with value: 0.0.
[I 2024-11-24 16:14:13,651] Trial 437 finished with value: 7.0 and parameters: {'x_0': 2, 'x_1': -1, 'x_2': 1, 'x_3': -1}. Best is trial 41 with value: 0.0.
[I 2024-11-24 16:14:13,677] Trial 440 finished with value: 7.0 and parameters: {'x_0': -1, 'x_1': 2, 'x_2': -1, 'x_3': -1}. Best is trial 16 with value: 0.0.
