[I 2024-11-24 16:09:39,475] Trial 197 finished with value: 6.0 and parameters: {'x_0': 1, 'x_1': 0, 'x_2': 1, 'x_3': -2}. Best is trial 41 with value: 0.0.
[I 2024-11-24 16:09:39,501] Trial 211 finished with value: 4.0 and parameters: {'x_0': -1, 'x_1': -1, 'x_2': 1, 'x_3': -1}. Best is trial 26 with value: 0.0.
[I 2024-11-24 16:09:39,524] Trial 218 finished with value: 11.0 and parameters: {'x_0': 0, 'x_1': 1, 'x_2': 3, 'x_3': -1}. Best is trial 164 with value: 0.0.
[I 2024-11-24 16:09:39,549] Trial 198 finished with value: 3.0 and parameters: {'x_0': 1, 'x_1': -1, 'x_2': -1, 'x_3': 0}. Best is trial 148 with value: 0.0.
[I 2024-11-24 16:09:39,634] Trial 202 finished with value: 12.0 and parameters: {'x_0': -1, 'x_1': 1, 'x_2': 1, 'x_3': -3}. Best is trial 25 with value: 0.0.
[I 2024-11-24 16:09:39,654] Trial 211 finished with value: 5.0 and parameters: {'x_0': 0, 'x_1': 1, 'x_2': -2, 'x_3': 0}. Best is trial 21 with value: 0.0.
[I 2024-11-24 16:09:39,716] Trial 195 finished with value: 12.0 and parameters: {'x_0': 1, 'x_1': -1, 'x_2': 1, 'x_3': 3}. Best is trial 99 with value: 0.0.
[I 2024-11-24 16:09:39,746] Trial 213 finished with value: 4.0 and parameters: {'x_0': -1, 'x_1': -1, 'x_2': -1, 'x_3': 1}. Best is trial 29 with value: 0.0.
[I 2024-11-24 16:09:39,758] Trial 201 finished with value: 6.0 and parameters: {'x_0': -1, 'x_1': 1, 'x_2': 0, 'x_3': 2}. Best is trial 56 with value: 0.0.
[I 2024-11-24 16:09:39,870] Trial 201 finished with value: 3.0 and parameters: {'x_0': 1, 'x_1': -1, 'x_2': 0, 'x_3': 1}. Best is trial 16 with value: 0.0.
[I 2024-11-24 16:09:39,924] Trial 212 finished with value: 6.0 and parameters: {'x_0': 2, 'x_1': 1, 'x_2': 0, 'x_3': 1}. Best is trial 26 with value: 0.0.
[I 2024-11-24 16:09:39,986] Trial 198 finished with value: 2.0 and parameters: {'x_0': 1, 'x_1': 0, 'x_2': 0, 'x_3': -1}. Best is trial 41 with value: 0.0.
[I 2024-11-24 16:09:40,166] Trial 214 finished with value: 10.0 and parameters: {'x_0': 0, 'x_1': 0, 'x_2': -3, 'x_3': 1}. Best is trial 29 with value: 0.0.
[I 2024-11-24 16:09:40,183] Trial 203 finished with value: 3.0 and parameters: {'x_0': 1, 'x_1': 1, 'x_2': -1, 'x_3': 0}. Best is trial 25 with value: 0.0.
[I 2024-11-24 16:09:40,275] Trial 196 finished with value: 7.0 and parameters: {'x_0': 1, 'x_1': 1, 'x_2': -2, 'x_3': 1}. Best is trial 99 with value: 0.0.
[I 2024-11-24 16:09:40,385] Trial 213 finished with value: 4.0 and parameters: {'x_0': -1, 'x_1': -1, 'x_2': 1, 'x_3': 1}. Best is trial 26 with value: 0.0.
[I 2024-11-24 16:09:40,461] Trial 212 finished with value: 5.0 and parameters: {'x_0': 0, 'x_1': 1, 'x_2': 0, 'x_3': -2}. Best is trial 21 with value: 0.0.
[I 2024-11-24 16:09:40,543] Trial 219 finished with value: 7.0 and parameters: {'x_0': 1, 'x_1': 1, 'x_2': 1, 'x_3': 2}. Best is trial 164 with value: 0.0.
[I 2024-11-24 16:09:40,575] Trial 199 finished with value: 4.0 and parameters: {'x_0': 1, 'x_1': -1, 'x_2': -1, 'x_3': -1}. Best is trial 148 with value: 0.0.
[I 2024-11-24 16:09:40,666] Trial 204 finished with value: 4.0 and parameters: {'x_0': 1, 'x_1': 1, 'x_2': -1, 'x_3': 1}. Best is trial 25 with value: 0.0.
[I 2024-11-24 16:09:40,691] Trial 215 finished with value: 11.0 and parameters: {'x_0': 0, 'x_1': -3, 'x_2': -1, 'x_3': 1}. Best is trial 29 with value: 0.0.
[I 2024-11-24 16:09:40,778] Trial 202 finished with value: 3.0 and parameters: {'x_0': 1, 'x_1': -1, 'x_2': 0, 'x_3': -1}. Best is trial 16 with value: 0.0.
[I 2024-11-24 16:09:40,813] Trial 202 finished with value: 6.0 and parameters: {'x_0': -1, 'x_1': 1, 'x_2': -2, 'x_3': 0}. Best is trial 56 with value: 0.0.
[I 2024-11-24 16:09:40,871] Trial 213 finished with value: 7.0 and parameters: {'x_0': 1, 'x_1': 1, 'x_2': -1, 'x_3': -2}. Best is trial 21 with value: 0.0.
[I 2024-11-24 16:09:40,922] Trial 199 finished with value: 12.0 and parameters: {'x_0': -1, 'x_1': -1, 'x_2': 1, 'x_3': -3}. Best is trial 41 with value: 0.0.
[I 2024-11-24 16:09:40,929] Trial 214 finished with value: 3.0 and parameters: {'x_0': -1, 'x_1': 1, 'x_2': 1, 'x_3': 0}. Best is trial 26 with value: 0.0.
[I 2024-11-24 16:09:40,952] Trial 220 finished with value: 6.0 and parameters: {'x_0': -1, 'x_1': 0, 'x_2': 2, 'x_3': -1}. Best is trial 164 with value: 0.0.
[I 2024-11-24 16:09:40,983] Trial 200 finished with value: 4.0 and parameters: {'x_0': 1, 'x_1': -1, 'x_2': -1, 'x_3': 1}. Best is trial 148 with value: 0.0.
[I 2024-11-24 16:09:41,066] Trial 197 finished with value: 12.0 and parameters: {'x_0': 3, 'x_1': 1, 'x_2': -1, 'x_3': -1}. Best is trial 99 with value: 0.0.
[I 2024-11-24 16:09:41,103] Trial 216 finished with value: 9.0 and parameters: {'x_0': 0, 'x_1': 2, 'x_2': -2, 'x_3': 1}. Best is trial 29 with value: 0.0.
[I 2024-11-24 16:09:41,159] Trial 203 finished with value: 11.0 and parameters: {'x_0': -1, 'x_1': 1, 'x_2': 3, 'x_3': 0}. Best is trial 56 with value: 0.0.
[I 2024-11-24 16:09:41,172] Trial 214 finished with value: 10.0 and parameters: {'x_0': -1, 'x_1': 0, 'x_2': -3, 'x_3': 0}. Best is trial 21 with value: 0.0.
[I 2024-11-24 16:09:41,187] Trial 203 finished with value: 10.0 and parameters: {'x_0': -3, 'x_1': -1, 'x_2': 0, 'x_3': 0}. Best is trial 16 with value: 0.0.
[I 2024-11-24 16:09:41,248] Trial 221 finished with value: 12.0 and parameters: {'x_0': 1, 'x_1': -1, 'x_2': -1, 'x_3': 3}. Best is trial 164 with value: 0.0.
[I 2024-11-24 16:09:41,289] Trial 200 finished with value: 6.0 and parameters: {'x_0': 1, 'x_1': 1, 'x_2': 0, 'x_3': 2}. Best is trial 41 with value: 0.0.
[I 2024-11-24 16:09:41,347] Trial 215 finished with value: 4.0 and parameters: {'x_0': -1, 'x_1': 1, 'x_2': 1, 'x_3': 1}. Best is trial 26 with value: 0.0.
[I 2024-11-24 16:09:41,423] Trial 205 finished with value: 4.0 and parameters: {'x_0': 1, 'x_1': 1, 'x_2': -1, 'x_3': -1}. Best is trial 25 with value: 0.0.
[I 2024-11-24 16:09:41,426] Trial 217 finished with value: 1.0 and parameters: {'x_0': 0, 'x_1': 0, 'x_2': 0, 'x_3': -1}. Best is trial 29 with value: 0.0.
[I 2024-11-24 16:09:41,494] Trial 204 finished with value: 11.0 and parameters: {'x_0': -1, 'x_1': 1, 'x_2': 0, 'x_3': 3}. Best is trial 56 with value: 0.0.
[I 2024-11-24 16:09:41,494] Trial 198 finished with value: 9.0 and parameters: {'x_0': 0, 'x_1': 0, 'x_2': 0, 'x_3': 3}. Best is trial 99 with value: 0.0.
[I 2024-11-24 16:09:41,515] Trial 204 finished with value: 3.0 and parameters: {'x_0': 1, 'x_1': -1, 'x_2': -1, 'x_3': 0}. Best is trial 16 with value: 0.0.
[I 2024-11-24 16:09:41,693] Trial 216 finished with value: 4.0 and parameters: {'x_0': -1, 'x_1': 1, 'x_2': 1, 'x_3': -1}. Best is trial 26 with value: 0.0.
[I 2024-11-24 16:09:41,693] Trial 201 finished with value: 7.0 and parameters: {'x_0': 1, 'x_1': -1, 'x_2': -1, 'x_3': 2}. Best is trial 41 with value: 0.0.
[I 2024-11-24 16:09:41,785] Trial 218 finished with value: 0.0 and parameters: {'x_0': 0, 'x_1': 0, 'x_2': 0, 'x_3': 0}. Best is trial 29 with value: 0.0.
[I 2024-11-24 16:09:41,836] Trial 206 finished with value: 2.0 and parameters: {'x_0': 0, 'x_1': 1, 'x_2': -1, 'x_3': 0}. Best is trial 25 with value: 0.0.
[I 2024-11-24 16:09:41,845] Trial 199 finished with value: 10.0 and parameters: {'x_0': 1, 'x_1': 0, 'x_2': 0, 'x_3': -3}. Best is trial 99 with value: 0.0.
[I 2024-11-24 16:09:41,885] Trial 201 finished with value: 6.0 and parameters: {'x_0': 1, 'x_1': -2, 'x_2': -1, 'x_3': 0}. Best is trial 148 with value: 0.0.
[I 2024-11-24 16:09:41,894] Trial 215 finished with value: 5.0 and parameters: {'x_0': -2, 'x_1': 0, 'x_2': 0, 'x_3': 1}. Best is trial 21 with value: 0.0.
[I 2024-11-24 16:09:41,945] Trial 222 finished with value: 6.0 and parameters: {'x_0': -1, 'x_1': -2, 'x_2': 1, 'x_3': 0}. Best is trial 164 with value: 0.0.
[I 2024-11-24 16:09:42,013] Trial 217 finished with value: 12.0 and parameters: {'x_0': -3, 'x_1': 1, 'x_2': 1, 'x_3': 1}. Best is trial 26 with value: 0.0.
[I 2024-11-24 16:09:42,222] Trial 219 finished with value: 0.0 and parameters: {'x_0': 0, 'x_1': 0, 'x_2': 0, 'x_3': 0}. Best is trial 29 with value: 0.0.
[I 2024-11-24 16:09:42,251] Trial 207 finished with value: 3.0 and parameters: {'x_0': 0, 'x_1': 1, 'x_2': -1, 'x_3': 1}. Best is trial 25 with value: 0.0.
[I 2024-11-24 16:09:42,262] Trial 205 finished with value: 5.0 and parameters: {'x_0': -2, 'x_1': 1, 'x_2': 0, 'x_3': 0}. Best is trial 56 with value: 0.0.
[I 2024-11-24 16:09:42,279] Trial 216 finished with value: 11.0 and parameters: {'x_0': 0, 'x_1': 1, 'x_2': -1, 'x_3': 3}. Best is trial 21 with value: 0.0.
[I 2024-11-24 16:09:42,318] Trial 223 finished with value: 6.0 and parameters: {'x_0': 1, 'x_1': 0, 'x_2': -2, 'x_3': -1}. Best is trial 164 with value: 0.0.
[I 2024-11-24 16:09:42,327] Trial 202 finished with value: 12.0 and parameters: {'x_0': 3, 'x_1': -1, 'x_2': -1, 'x_3': -1}. Best is trial 148 with value: 0.0.
[I 2024-11-24 16:09:42,357] Trial 205 finished with value: 3.0 and parameters: {'x_0': 1, 'x_1': -1, 'x_2': 1, 'x_3': 0}. Best is trial 16 with value: 0.0.
[I 2024-11-24 16:09:42,380] Trial 218 finished with value: 0.0 and parameters: {'x_0': 0, 'x_1': 0, 'x_2': 0, 'x_3': 0}. Best is trial 26 with value: 0.0.
[I 2024-11-24 16:09:42,567] Trial 202 finished with value: 6.0 and parameters: {'x_0': 2, 'x_1': 1, 'x_2': 0, 'x_3': -1}. Best is trial 41 with value: 0.0.
[I 2024-11-24 16:09:42,569] Trial 206 finished with value: 3.0 and parameters: {'x_0': 1, 'x_1': 1, 'x_2': -1, 'x_3': 0}. Best is trial 56 with value: 0.0.
[I 2024-11-24 16:09:42,604] Trial 220 finished with value: 0.0 and parameters: {'x_0': 0, 'x_1': 0, 'x_2': 0, 'x_3': 0}. Best is trial 29 with value: 0.0.
[I 2024-11-24 16:09:42,618] Trial 224 finished with value: 7.0 and parameters: {'x_0': -1, 'x_1': -1, 'x_2': 1, 'x_3': 2}. Best is trial 164 with value: 0.0.
[I 2024-11-24 16:09:42,628] Trial 217 finished with value: 7.0 and parameters: {'x_0': -1, 'x_1': 1, 'x_2': 1, 'x_3': 2}. Best is trial 21 with value: 0.0.
[I 2024-11-24 16:09:42,660] Trial 200 finished with value: 12.0 and parameters: {'x_0': -1, 'x_1': 1, 'x_2': 1, 'x_3': 3}. Best is trial 99 with value: 0.0.
[I 2024-11-24 16:09:42,820] Trial 203 finished with value: 11.0 and parameters: {'x_0': -1, 'x_1': -1, 'x_2': 0, 'x_3': 3}. Best is trial 148 with value: 0.0.
[I 2024-11-24 16:09:42,888] Trial 206 finished with value: 4.0 and parameters: {'x_0': 1, 'x_1': -1, 'x_2': 1, 'x_3': 1}. Best is trial 16 with value: 0.0.
[I 2024-11-24 16:09:43,030] Trial 203 finished with value: 8.0 and parameters: {'x_0': 2, 'x_1': 2, 'x_2': 0, 'x_3': 0}. Best is trial 41 with value: 0.0.
[I 2024-11-24 16:09:43,067] Trial 208 finished with value: 3.0 and parameters: {'x_0': 0, 'x_1': 1, 'x_2': -1, 'x_3': -1}. Best is trial 25 with value: 0.0.
[I 2024-11-24 16:09:43,075] Trial 207 finished with value: 4.0 and parameters: {'x_0': 1, 'x_1': 1, 'x_2': -1, 'x_3': 1}. Best is trial 56 with value: 0.0.
[I 2024-11-24 16:09:43,117] Trial 201 finished with value: 5.0 and parameters: {'x_0': -1, 'x_1': 0, 'x_2': 0, 'x_3': -2}. Best is trial 99 with value: 0.0.
[I 2024-11-24 16:09:43,119] Trial 221 finished with value: 0.0 and parameters: {'x_0': 0, 'x_1': 0, 'x_2': 0, 'x_3': 0}. Best is trial 29 with value: 0.0.
[I 2024-11-24 16:09:43,350] Trial 207 finished with value: 6.0 and parameters: {'x_0': 2, 'x_1': -1, 'x_2': -1, 'x_3': 0}. Best is trial 16 with value: 0.0.
[I 2024-11-24 16:09:43,356] Trial 204 finished with value: 5.0 and parameters: {'x_0': 1, 'x_1': 0, 'x_2': 0, 'x_3': 2}. Best is trial 41 with value: 0.0.
[I 2024-11-24 16:09:43,454] Trial 219 finished with value: 6.0 and parameters: {'x_0': -2, 'x_1': -1, 'x_2': 0, 'x_3': -1}. Best is trial 26 with value: 0.0.
[I 2024-11-24 16:09:43,540] Trial 218 finished with value: 10.0 and parameters: {'x_0': 0, 'x_1': 3, 'x_2': 1, 'x_3': 0}. Best is trial 21 with value: 0.0.
[I 2024-11-24 16:09:43,600] Trial 202 finished with value: 8.0 and parameters: {'x_0': 2, 'x_1': 0, 'x_2': -2, 'x_3': 0}. Best is trial 99 with value: 0.0.
[I 2024-11-24 16:09:43,628] Trial 222 finished with value: 0.0 and parameters: {'x_0': 0, 'x_1': 0, 'x_2': 0, 'x_3': 0}. Best is trial 29 with value: 0.0.
[I 2024-11-24 16:09:43,640] Trial 225 finished with value: 6.0 and parameters: {'x_0': -1, 'x_1': 1, 'x_2': 2, 'x_3': 0}. Best is trial 164 with value: 0.0.
[I 2024-11-24 16:09:43,651] Trial 209 finished with value: 6.0 and parameters: {'x_0': 0, 'x_1': 1, 'x_2': -1, 'x_3': -2}. Best is trial 25 with value: 0.0.
[I 2024-11-24 16:09:43,932] Trial 220 finished with value: 6.0 and parameters: {'x_0': 0, 'x_1': -1, 'x_2': -2, 'x_3': -1}. Best is trial 26 with value: 0.0.
[I 2024-11-24 16:09:43,947] Trial 204 finished with value: 11.0 and parameters: {'x_0': 1, 'x_1': 1, 'x_2': 0, 'x_3': -3}. Best is trial 148 with value: 0.0.
[I 2024-11-24 16:09:44,016] Trial 219 finished with value: 10.0 and parameters: {'x_0': 0, 'x_1': 1, 'x_2': 0, 'x_3': -3}. Best is trial 21 with value: 0.0.
[I 2024-11-24 16:09:44,031] Trial 210 finished with value: 3.0 and parameters: {'x_0': -1, 'x_1': 1, 'x_2': -1, 'x_3': 0}. Best is trial 25 with value: 0.0.
[I 2024-11-24 16:09:44,033] Trial 208 finished with value: 11.0 and parameters: {'x_0': -3, 'x_1': 1, 'x_2': -1, 'x_3': 0}. Best is trial 56 with value: 0.0.
[I 2024-11-24 16:09:44,046] Trial 226 finished with value: 11.0 and parameters: {'x_0': -1, 'x_1': 0, 'x_2': -3, 'x_3': 1}. Best is trial 164 with value: 0.0.
[I 2024-11-24 16:09:44,116] Trial 223 finished with value: 0.0 and parameters: {'x_0': 0, 'x_1': 0, 'x_2': 0, 'x_3': 0}. Best is trial 29 with value: 0.0.
[I 2024-11-24 16:09:44,316] Trial 221 finished with value: 6.0 and parameters: {'x_0': 0, 'x_1': 2, 'x_2': -1, 'x_3': -1}. Best is trial 26 with value: 0.0.
[I 2024-11-24 16:09:44,344] Trial 208 finished with value: 4.0 and parameters: {'x_0': 1, 'x_1': -1, 'x_2': -1, 'x_3': 1}. Best is trial 16 with value: 0.0.
[I 2024-11-24 16:09:44,380] Trial 203 finished with value: 4.0 and parameters: {'x_0': 0, 'x_1': 0, 'x_2': 2, 'x_3': 0}. Best is trial 99 with value: 0.0.
[I 2024-11-24 16:09:44,392] Trial 205 finished with value: 5.0 and parameters: {'x_0': 0, 'x_1': 0, 'x_2': 2, 'x_3': -1}. Best is trial 41 with value: 0.0.
[I 2024-11-24 16:09:44,431] Trial 205 finished with value: 6.0 and parameters: {'x_0': 1, 'x_1': -1, 'x_2': 0, 'x_3': 2}. Best is trial 148 with value: 0.0.
[I 2024-11-24 16:09:44,485] Trial 209 finished with value: 4.0 and parameters: {'x_0': 1, 'x_1': 1, 'x_2': -1, 'x_3': -1}. Best is trial 56 with value: 0.0.
[I 2024-11-24 16:09:44,493] Trial 220 finished with value: 8.0 and parameters: {'x_0': 2, 'x_1': 2, 'x_2': 0, 'x_3': 0}. Best is trial 21 with value: 0.0.
[I 2024-11-24 16:09:44,549] Trial 227 finished with value: 5.0 and parameters: {'x_0': 2, 'x_1': 0, 'x_2': 0, 'x_3': -1}. Best is trial 164 with value: 0.0.
[I 2024-11-24 16:09:44,645] Trial 224 finished with value: 0.0 and parameters: {'x_0': 0, 'x_1': 0, 'x_2': 0, 'x_3': 0}. Best is trial 29 with value: 0.0.
[I 2024-11-24 16:09:44,715] Trial 209 finished with value: 10.0 and parameters: {'x_0': 3, 'x_1': 0, 'x_2': 0, 'x_3': 1}. Best is trial 16 with value: 0.0.
[I 2024-11-24 16:09:44,747] Trial 204 finished with value: 5.0 and parameters: {'x_0': 0, 'x_1': 0, 'x_2': 2, 'x_3': -1}. Best is trial 99 with value: 0.0.
[I 2024-11-24 16:09:44,775] Trial 206 finished with value: 6.0 and parameters: {'x_0': 0, 'x_1': -1, 'x_2': 2, 'x_3': -1}. Best is trial 41 with value: 0.0.
[I 2024-11-24 16:09:44,816] Trial 206 finished with value: 5.0 and parameters: {'x_0': 0, 'x_1': 0, 'x_2': 2, 'x_3': -1}. Best is trial 148 with value: 0.0.
[I 2024-11-24 16:09:44,875] Trial 211 finished with value: 4.0 and parameters: {'x_0': -1, 'x_1': 1, 'x_2': -1, 'x_3': -1}. Best is trial 25 with value: 0.0.
[I 2024-11-24 16:09:44,918] Trial 210 finished with value: 12.0 and parameters: {'x_0': 1, 'x_1': 1, 'x_2': -1, 'x_3': -3}. Best is trial 56 with value: 0.0.
[I 2024-11-24 16:09:44,981] Trial 222 finished with value: 6.0 and parameters: {'x_0': 0, 'x_1': -2, 'x_2': -1, 'x_3': 1}. Best is trial 26 with value: 0.0.
[I 2024-11-24 16:09:45,039] Trial 225 finished with value: 0.0 and parameters: {'x_0': 0, 'x_1': 0, 'x_2': 0, 'x_3': 0}. Best is trial 29 with value: 0.0.
[I 2024-11-24 16:09:45,111] Trial 228 finished with value: 6.0 and parameters: {'x_0': 0, 'x_1': -2, 'x_2': 1, 'x_3': 1}. Best is trial 164 with value: 0.0.
[I 2024-11-24 16:09:45,120] Trial 207 finished with value: 6.0 and parameters: {'x_0': -2, 'x_1': 0, 'x_2': -1, 'x_3': -1}. Best is trial 41 with value: 0.0.
[I 2024-11-24 16:09:45,126] Trial 205 finished with value: 8.0 and parameters: {'x_0': -2, 'x_1': 0, 'x_2': 2, 'x_3': 0}. Best is trial 99 with value: 0.0.
[I 2024-11-24 16:09:45,129] Trial 210 finished with value: 5.0 and parameters: {'x_0': 1, 'x_1': 0, 'x_2': 0, 'x_3': 2}. Best is trial 16 with value: 0.0.
[I 2024-11-24 16:09:45,330] Trial 221 finished with value: 6.0 and parameters: {'x_0': 0, 'x_1': -1, 'x_2': -2, 'x_3': -1}. Best is trial 21 with value: 0.0.
[I 2024-11-24 16:09:45,364] Trial 212 finished with value: 6.0 and parameters: {'x_0': -2, 'x_1': 1, 'x_2': -1, 'x_3': 0}. Best is trial 25 with value: 0.0.
[I 2024-11-24 16:09:45,460] Trial 223 finished with value: 11.0 and parameters: {'x_0': 3, 'x_1': 0, 'x_2': -1, 'x_3': 1}. Best is trial 26 with value: 0.0.
[I 2024-11-24 16:09:45,522] Trial 226 finished with value: 0.0 and parameters: {'x_0': 0, 'x_1': 0, 'x_2': 0, 'x_3': 0}. Best is trial 29 with value: 0.0.
[I 2024-11-24 16:09:45,566] Trial 229 finished with value: 10.0 and parameters: {'x_0': 0, 'x_1': 3, 'x_2': 1, 'x_3': 0}. Best is trial 164 with value: 0.0.
[I 2024-11-24 16:09:45,635] Trial 207 finished with value: 6.0 and parameters: {'x_0': 1, 'x_1': 0, 'x_2': -2, 'x_3': 1}. Best is trial 148 with value: 0.0.
[I 2024-11-24 16:09:45,681] Trial 222 finished with value: 8.0 and parameters: {'x_0': -2, 'x_1': -2, 'x_2': 0, 'x_3': 0}. Best is trial 21 with value: 0.0.
[I 2024-11-24 16:09:45,719] Trial 213 finished with value: 4.0 and parameters: {'x_0': -1, 'x_1': 1, 'x_2': -1, 'x_3': 1}. Best is trial 25 with value: 0.0.
[I 2024-11-24 16:09:45,720] Trial 208 finished with value: 6.0 and parameters: {'x_0': -1, 'x_1': 0, 'x_2': -1, 'x_3': -2}. Best is trial 41 with value: 0.0.
[I 2024-11-24 16:09:45,787] Trial 211 finished with value: 6.0 and parameters: {'x_0': -2, 'x_1': 1, 'x_2': 0, 'x_3': 1}. Best is trial 56 with value: 0.0.
[I 2024-11-24 16:09:45,977] Trial 211 finished with value: 5.0 and parameters: {'x_0': 1, 'x_1': 0, 'x_2': 0, 'x_3': -2}. Best is trial 16 with value: 0.0.
[I 2024-11-24 16:09:46,010] Trial 208 finished with value: 6.0 and parameters: {'x_0': -1, 'x_1': 1, 'x_2': -2, 'x_3': 0}. Best is trial 148 with value: 0.0.
[I 2024-11-24 16:09:46,017] Trial 224 finished with value: 5.0 and parameters: {'x_0': 0, 'x_1': 1, 'x_2': 0, 'x_3': 2}. Best is trial 26 with value: 0.0.
[I 2024-11-24 16:09:46,033] Trial 227 finished with value: 0.0 and parameters: {'x_0': 0, 'x_1': 0, 'x_2': 0, 'x_3': 0}. Best is trial 29 with value: 0.0.
[I 2024-11-24 16:09:46,057] Trial 223 finished with value: 6.0 and parameters: {'x_0': -1, 'x_1': 2, 'x_2': 0, 'x_3': -1}. Best is trial 21 with value: 0.0.
[I 2024-11-24 16:09:46,065] Trial 206 finished with value: 4.0 and parameters: {'x_0': 0, 'x_1': -2, 'x_2': 0, 'x_3': 0}. Best is trial 99 with value: 0.0.
[I 2024-11-24 16:09:46,169] Trial 212 finished with value: 6.0 and parameters: {'x_0': 0, 'x_1': 1, 'x_2': -2, 'x_3': 1}. Best is trial 56 with value: 0.0.
[I 2024-11-24 16:09:46,410] Trial 214 finished with value: 6.0 and parameters: {'x_0': 2, 'x_1': 1, 'x_2': -1, 'x_3': 0}. Best is trial 25 with value: 0.0.
[I 2024-11-24 16:09:46,449] Trial 207 finished with value: 5.0 and parameters: {'x_0': 0, 'x_1': -2, 'x_2': 0, 'x_3': 1}. Best is trial 99 with value: 0.0.
[I 2024-11-24 16:09:46,452] Trial 212 finished with value: 4.0 and parameters: {'x_0': 1, 'x_1': -1, 'x_2': -1, 'x_3': -1}. Best is trial 16 with value: 0.0.
[I 2024-11-24 16:09:46,453] Trial 209 finished with value: 4.0 and parameters: {'x_0': -1, 'x_1': -1, 'x_2': 1, 'x_3': -1}. Best is trial 148 with value: 0.0.
[I 2024-11-24 16:09:46,512] Trial 228 finished with value: 0.0 and parameters: {'x_0': 0, 'x_1': 0, 'x_2': 0, 'x_3': 0}. Best is trial 29 with value: 0.0.
[I 2024-11-24 16:09:46,520] Trial 230 finished with value: 7.0 and parameters: {'x_0': 2, 'x_1': 1, 'x_2': -1, 'x_3': 1}. Best is trial 164 with value: 0.0.
[I 2024-11-24 16:09:46,548] Trial 209 finished with value: 5.0 and parameters: {'x_0': 0, 'x_1': 0, 'x_2': -2, 'x_3': -1}. Best is trial 41 with value: 0.0.
[I 2024-11-24 16:09:46,604] Trial 213 finished with value: 12.0 and parameters: {'x_0': 3, 'x_1': 1, 'x_2': -1, 'x_3': 1}. Best is trial 56 with value: 0.0.
[I 2024-11-24 16:09:46,808] Trial 215 finished with value: 6.0 and parameters: {'x_0': 0, 'x_1': 1, 'x_2': -1, 'x_3': 2}. Best is trial 25 with value: 0.0.
[I 2024-11-24 16:09:46,911] Trial 213 finished with value: 3.0 and parameters: {'x_0': 1, 'x_1': 1, 'x_2': -1, 'x_3': 0}. Best is trial 16 with value: 0.0.
[I 2024-11-24 16:09:46,940] Trial 208 finished with value: 5.0 and parameters: {'x_0': -1, 'x_1': -2, 'x_2': 0, 'x_3': 0}. Best is trial 99 with value: 0.0.
[I 2024-11-24 16:09:46,940] Trial 231 finished with value: 11.0 and parameters: {'x_0': 0, 'x_1': -1, 'x_2': -1, 'x_3': -3}. Best is trial 164 with value: 0.0.
[I 2024-11-24 16:09:46,960] Trial 224 finished with value: 11.0 and parameters: {'x_0': -3, 'x_1': 0, 'x_2': 1, 'x_3': -1}. Best is trial 21 with value: 0.0.
[I 2024-11-24 16:09:47,009] Trial 210 finished with value: 5.0 and parameters: {'x_0': -2, 'x_1': 0, 'x_2': 0, 'x_3': -1}. Best is trial 41 with value: 0.0.
[I 2024-11-24 16:09:47,045] Trial 229 finished with value: 0.0 and parameters: {'x_0': 0, 'x_1': 0, 'x_2': 0, 'x_3': 0}. Best is trial 29 with value: 0.0.
[I 2024-11-24 16:09:47,151] Trial 225 finished with value: 7.0 and parameters: {'x_0': -1, 'x_1': 1, 'x_2': -1, 'x_3': 2}. Best is trial 26 with value: 0.0.
