[I 2024-11-24 16:08:58,893] Trial 82 finished with value: 6.0 and parameters: {'x_0': -1, 'x_1': 2, 'x_2': 0, 'x_3': 1}. Best is trial 32 with value: 1.0.
[I 2024-11-24 16:08:58,894] Trial 78 finished with value: 2.0 and parameters: {'x_0': 0, 'x_1': 1, 'x_2': 0, 'x_3': -1}. Best is trial 42 with value: 1.0.
[I 2024-11-24 16:08:58,896] Trial 77 finished with value: 6.0 and parameters: {'x_0': 0, 'x_1': -1, 'x_2': 1, 'x_3': -2}. Best is trial 16 with value: 0.0.
[I 2024-11-24 16:08:58,896] Trial 80 finished with value: 6.0 and parameters: {'x_0': 0, 'x_1': -1, 'x_2': 1, 'x_3': -2}. Best is trial 25 with value: 0.0.
[I 2024-11-24 16:08:58,896] Trial 74 finished with value: 11.0 and parameters: {'x_0': 3, 'x_1': 1, 'x_2': 1, 'x_3': 0}. Best is trial 12 with value: 1.0.
[I 2024-11-24 16:08:58,916] Trial 82 finished with value: 2.0 and parameters: {'x_0': 0, 'x_1': -1, 'x_2': 1, 'x_3': 0}. Best is trial 41 with value: 0.0.
[I 2024-11-24 16:08:58,937] Trial 79 finished with value: 2.0 and parameters: {'x_0': 0, 'x_1': 1, 'x_2': 1, 'x_3': 0}. Best is trial 26 with value: 0.0.
[I 2024-11-24 16:08:58,938] Trial 77 finished with value: 5.0 and parameters: {'x_0': 0, 'x_1': 0, 'x_2': 1, 'x_3': 2}. Best is trial 56 with value: 0.0.
[I 2024-11-24 16:08:59,018] Trial 78 finished with value: 8.0 and parameters: {'x_0': 0, 'x_1': 2, 'x_2': 2, 'x_3': 0}. Best is trial 29 with value: 0.0.
[I 2024-11-24 16:08:59,018] Trial 83 finished with value: 6.0 and parameters: {'x_0': 1, 'x_1': -1, 'x_2': 0, 'x_3': -2}. Best is trial 32 with value: 1.0.
[I 2024-11-24 16:08:59,026] Trial 79 finished with value: 4.0 and parameters: {'x_0': 1, 'x_1': 1, 'x_2': 1, 'x_3': 1}. Best is trial 21 with value: 0.0.
[I 2024-11-24 16:08:59,034] Trial 78 finished with value: 2.0 and parameters: {'x_0': -1, 'x_1': 0, 'x_2': 1, 'x_3': 0}. Best is trial 16 with value: 0.0.
[I 2024-11-24 16:08:59,036] Trial 81 finished with value: 11.0 and parameters: {'x_0': 0, 'x_1': -3, 'x_2': -1, 'x_3': -1}. Best is trial 25 with value: 0.0.
[I 2024-11-24 16:08:59,037] Trial 79 finished with value: 1.0 and parameters: {'x_0': 0, 'x_1': 1, 'x_2': 0, 'x_3': 0}. Best is trial 42 with value: 1.0.
[I 2024-11-24 16:08:59,072] Trial 83 finished with value: 3.0 and parameters: {'x_0': -1, 'x_1': 1, 'x_2': 1, 'x_3': 0}. Best is trial 41 with value: 0.0.
[I 2024-11-24 16:08:59,084] Trial 75 finished with value: 3.0 and parameters: {'x_0': -1, 'x_1': 0, 'x_2': -1, 'x_3': -1}. Best is trial 12 with value: 1.0.
[I 2024-11-24 16:08:59,104] Trial 80 finished with value: 10.0 and parameters: {'x_0': 0, 'x_1': 3, 'x_2': 1, 'x_3': 0}. Best is trial 26 with value: 0.0.
[I 2024-11-24 16:08:59,116] Trial 78 finished with value: 5.0 and parameters: {'x_0': 0, 'x_1': 0, 'x_2': 2, 'x_3': -1}. Best is trial 56 with value: 0.0.
[I 2024-11-24 16:08:59,159] Trial 82 finished with value: 10.0 and parameters: {'x_0': 3, 'x_1': 0, 'x_2': -1, 'x_3': 0}. Best is trial 25 with value: 0.0.
[I 2024-11-24 16:08:59,161] Trial 80 finished with value: 5.0 and parameters: {'x_0': 2, 'x_1': 0, 'x_2': 0, 'x_3': 1}. Best is trial 21 with value: 0.0.
[I 2024-11-24 16:08:59,170] Trial 79 finished with value: 2.0 and parameters: {'x_0': -1, 'x_1': 0, 'x_2': 0, 'x_3': 1}. Best is trial 29 with value: 0.0.
[I 2024-11-24 16:08:59,173] Trial 79 finished with value: 15.0 and parameters: {'x_0': -3, 'x_1': -2, 'x_2': 1, 'x_3': 1}. Best is trial 16 with value: 0.0.
[I 2024-11-24 16:08:59,185] Trial 84 finished with value: 6.0 and parameters: {'x_0': 1, 'x_1': 1, 'x_2': 2, 'x_3': 0}. Best is trial 32 with value: 1.0.
[I 2024-11-24 16:08:59,193] Trial 80 finished with value: 5.0 and parameters: {'x_0': -2, 'x_1': 1, 'x_2': 0, 'x_3': 0}. Best is trial 42 with value: 1.0.
[I 2024-11-24 16:08:59,225] Trial 84 finished with value: 6.0 and parameters: {'x_0': 2, 'x_1': -1, 'x_2': 0, 'x_3': 1}. Best is trial 41 with value: 0.0.
[I 2024-11-24 16:08:59,255] Trial 76 finished with value: 5.0 and parameters: {'x_0': -2, 'x_1': 0, 'x_2': -1, 'x_3': 0}. Best is trial 12 with value: 1.0.
[I 2024-11-24 16:08:59,263] Trial 81 finished with value: 5.0 and parameters: {'x_0': -2, 'x_1': -1, 'x_2': 0, 'x_3': 0}. Best is trial 21 with value: 0.0.
[I 2024-11-24 16:08:59,266] Trial 81 finished with value: 10.0 and parameters: {'x_0': -3, 'x_1': 1, 'x_2': 0, 'x_3': 0}. Best is trial 26 with value: 0.0.
[I 2024-11-24 16:08:59,304] Trial 80 finished with value: 7.0 and parameters: {'x_0': 1, 'x_1': 2, 'x_2': -1, 'x_3': 1}. Best is trial 16 with value: 0.0.
[I 2024-11-24 16:08:59,319] Trial 80 finished with value: 10.0 and parameters: {'x_0': 0, 'x_1': 0, 'x_2': -1, 'x_3': 3}. Best is trial 29 with value: 0.0.
[I 2024-11-24 16:08:59,331] Trial 81 finished with value: 2.0 and parameters: {'x_0': 0, 'x_1': 1, 'x_2': 0, 'x_3': 1}. Best is trial 42 with value: 1.0.
[I 2024-11-24 16:08:59,355] Trial 79 finished with value: 5.0 and parameters: {'x_0': 0, 'x_1': 2, 'x_2': -1, 'x_3': 0}. Best is trial 56 with value: 0.0.
[I 2024-11-24 16:08:59,360] Trial 85 finished with value: 2.0 and parameters: {'x_0': 0, 'x_1': -1, 'x_2': 1, 'x_3': 0}. Best is trial 32 with value: 1.0.
[I 2024-11-24 16:08:59,395] Trial 82 finished with value: 10.0 and parameters: {'x_0': -3, 'x_1': 0, 'x_2': -1, 'x_3': 0}. Best is trial 21 with value: 0.0.
[I 2024-11-24 16:08:59,400] Trial 83 finished with value: 5.0 and parameters: {'x_0': 1, 'x_1': 0, 'x_2': 2, 'x_3': 0}. Best is trial 25 with value: 0.0.
[I 2024-11-24 16:08:59,436] Trial 81 finished with value: 10.0 and parameters: {'x_0': 0, 'x_1': 0, 'x_2': -1, 'x_3': -3}. Best is trial 16 with value: 0.0.
[I 2024-11-24 16:08:59,473] Trial 81 finished with value: 10.0 and parameters: {'x_0': 0, 'x_1': -1, 'x_2': -3, 'x_3': 0}. Best is trial 29 with value: 0.0.
[I 2024-11-24 16:08:59,476] Trial 82 finished with value: 5.0 and parameters: {'x_0': 0, 'x_1': 1, 'x_2': 0, 'x_3': -2}. Best is trial 42 with value: 1.0.
[I 2024-11-24 16:08:59,513] Trial 85 finished with value: 7.0 and parameters: {'x_0': -1, 'x_1': 1, 'x_2': -2, 'x_3': -1}. Best is trial 41 with value: 0.0.
[I 2024-11-24 16:08:59,515] Trial 80 finished with value: 6.0 and parameters: {'x_0': 0, 'x_1': 2, 'x_2': -1, 'x_3': 1}. Best is trial 56 with value: 0.0.
[I 2024-11-24 16:08:59,516] Trial 82 finished with value: 6.0 and parameters: {'x_0': -2, 'x_1': 1, 'x_2': -1, 'x_3': 0}. Best is trial 26 with value: 0.0.
[I 2024-11-24 16:08:59,545] Trial 86 finished with value: 2.0 and parameters: {'x_0': 0, 'x_1': -1, 'x_2': -1, 'x_3': 0}. Best is trial 32 with value: 1.0.
[I 2024-11-24 16:08:59,547] Trial 83 finished with value: 10.0 and parameters: {'x_0': 1, 'x_1': 3, 'x_2': 0, 'x_3': 0}. Best is trial 21 with value: 0.0.
[I 2024-11-24 16:08:59,569] Trial 77 finished with value: 4.0 and parameters: {'x_0': -1, 'x_1': -1, 'x_2': -1, 'x_3': 1}. Best is trial 12 with value: 1.0.
[I 2024-11-24 16:08:59,582] Trial 84 finished with value: 1.0 and parameters: {'x_0': 0, 'x_1': 0, 'x_2': 1, 'x_3': 0}. Best is trial 25 with value: 0.0.
[I 2024-11-24 16:08:59,605] Trial 83 finished with value: 5.0 and parameters: {'x_0': 0, 'x_1': 1, 'x_2': 0, 'x_3': 2}. Best is trial 42 with value: 1.0.
[I 2024-11-24 16:08:59,627] Trial 82 finished with value: 10.0 and parameters: {'x_0': -2, 'x_1': -1, 'x_2': -2, 'x_3': 1}. Best is trial 16 with value: 0.0.
[I 2024-11-24 16:08:59,652] Trial 86 finished with value: 5.0 and parameters: {'x_0': -2, 'x_1': 0, 'x_2': 1, 'x_3': 0}. Best is trial 41 with value: 0.0.
[I 2024-11-24 16:08:59,668] Trial 83 finished with value: 10.0 and parameters: {'x_0': 3, 'x_1': 0, 'x_2': 1, 'x_3': 0}. Best is trial 26 with value: 0.0.
[I 2024-11-24 16:08:59,683] Trial 82 finished with value: 7.0 and parameters: {'x_0': -1, 'x_1': 1, 'x_2': -1, 'x_3': 2}. Best is trial 29 with value: 0.0.
[I 2024-11-24 16:08:59,688] Trial 81 finished with value: 5.0 and parameters: {'x_0': 0, 'x_1': -2, 'x_2': -1, 'x_3': 0}. Best is trial 56 with value: 0.0.
[I 2024-11-24 16:08:59,705] Trial 84 finished with value: 9.0 and parameters: {'x_0': 0, 'x_1': 0, 'x_2': 0, 'x_3': 3}. Best is trial 21 with value: 0.0.
[I 2024-11-24 16:08:59,715] Trial 87 finished with value: 5.0 and parameters: {'x_0': 0, 'x_1': -1, 'x_2': -2, 'x_3': 0}. Best is trial 32 with value: 1.0.
[I 2024-11-24 16:08:59,747] Trial 78 finished with value: 5.0 and parameters: {'x_0': 2, 'x_1': 0, 'x_2': 1, 'x_3': 0}. Best is trial 12 with value: 1.0.
[I 2024-11-24 16:08:59,753] Trial 84 finished with value: 5.0 and parameters: {'x_0': 0, 'x_1': 1, 'x_2': -2, 'x_3': 0}. Best is trial 42 with value: 1.0.
[I 2024-11-24 16:08:59,762] Trial 85 finished with value: 5.0 and parameters: {'x_0': 1, 'x_1': 0, 'x_2': -2, 'x_3': 0}. Best is trial 25 with value: 0.0.
[I 2024-11-24 16:08:59,784] Trial 83 finished with value: 8.0 and parameters: {'x_0': 0, 'x_1': 2, 'x_2': 0, 'x_3': 2}. Best is trial 16 with value: 0.0.
[I 2024-11-24 16:08:59,815] Trial 87 finished with value: 9.0 and parameters: {'x_0': 0, 'x_1': -3, 'x_2': 0, 'x_3': 0}. Best is trial 41 with value: 0.0.
[I 2024-11-24 16:08:59,830] Trial 85 finished with value: 6.0 and parameters: {'x_0': 1, 'x_1': 1, 'x_2': 0, 'x_3': -2}. Best is trial 21 with value: 0.0.
[I 2024-11-24 16:08:59,835] Trial 83 finished with value: 10.0 and parameters: {'x_0': 0, 'x_1': 3, 'x_2': 1, 'x_3': 0}. Best is trial 29 with value: 0.0.
[I 2024-11-24 16:08:59,861] Trial 88 finished with value: 3.0 and parameters: {'x_0': 0, 'x_1': -1, 'x_2': -1, 'x_3': -1}. Best is trial 32 with value: 1.0.
[I 2024-11-24 16:08:59,869] Trial 79 finished with value: 6.0 and parameters: {'x_0': -2, 'x_1': 0, 'x_2': 1, 'x_3': 1}. Best is trial 12 with value: 1.0.
[I 2024-11-24 16:08:59,893] Trial 85 finished with value: 5.0 and parameters: {'x_0': -2, 'x_1': 0, 'x_2': 0, 'x_3': 1}. Best is trial 42 with value: 1.0.
[I 2024-11-24 16:08:59,903] Trial 84 finished with value: 5.0 and parameters: {'x_0': 2, 'x_1': 0, 'x_2': -1, 'x_3': 0}. Best is trial 26 with value: 0.0.
[I 2024-11-24 16:08:59,911] Trial 86 finished with value: 2.0 and parameters: {'x_0': 0, 'x_1': 0, 'x_2': 1, 'x_3': 1}. Best is trial 25 with value: 0.0.
[I 2024-11-24 16:08:59,959] Trial 84 finished with value: 5.0 and parameters: {'x_0': 0, 'x_1': 1, 'x_2': 0, 'x_3': -2}. Best is trial 16 with value: 0.0.
[I 2024-11-24 16:08:59,960] Trial 82 finished with value: 5.0 and parameters: {'x_0': 0, 'x_1': 2, 'x_2': 1, 'x_3': 0}. Best is trial 56 with value: 0.0.
[I 2024-11-24 16:08:59,979] Trial 86 finished with value: 10.0 and parameters: {'x_0': 0, 'x_1': -1, 'x_2': 0, 'x_3': -3}. Best is trial 21 with value: 0.0.
[I 2024-11-24 16:09:00,002] Trial 84 finished with value: 7.0 and parameters: {'x_0': 1, 'x_1': -1, 'x_2': -2, 'x_3': 1}. Best is trial 29 with value: 0.0.
[I 2024-11-24 16:09:00,016] Trial 89 finished with value: 6.0 and parameters: {'x_0': -1, 'x_1': 1, 'x_2': -2, 'x_3': 0}. Best is trial 32 with value: 1.0.
[I 2024-11-24 16:09:00,036] Trial 86 finished with value: 2.0 and parameters: {'x_0': 0, 'x_1': 1, 'x_2': 1, 'x_3': 0}. Best is trial 42 with value: 1.0.
[I 2024-11-24 16:09:00,081] Trial 85 finished with value: 5.0 and parameters: {'x_0': -2, 'x_1': -1, 'x_2': 0, 'x_3': 0}. Best is trial 26 with value: 0.0.
[I 2024-11-24 16:09:00,086] Trial 87 finished with value: 5.0 and parameters: {'x_0': 1, 'x_1': 0, 'x_2': 0, 'x_3': -2}. Best is trial 25 with value: 0.0.
[I 2024-11-24 16:09:00,130] Trial 85 finished with value: 2.0 and parameters: {'x_0': -1, 'x_1': -1, 'x_2': 0, 'x_3': 0}. Best is trial 16 with value: 0.0.
[I 2024-11-24 16:09:00,131] Trial 83 finished with value: 8.0 and parameters: {'x_0': 0, 'x_1': 2, 'x_2': -2, 'x_3': 0}. Best is trial 56 with value: 0.0.
[I 2024-11-24 16:09:00,172] Trial 80 finished with value: 6.0 and parameters: {'x_0': 1, 'x_1': -2, 'x_2': -1, 'x_3': 0}. Best is trial 12 with value: 1.0.
[I 2024-11-24 16:09:00,182] Trial 87 finished with value: 4.0 and parameters: {'x_0': 1, 'x_1': -1, 'x_2': -1, 'x_3': -1}. Best is trial 21 with value: 0.0.
[I 2024-11-24 16:09:00,186] Trial 90 finished with value: 11.0 and parameters: {'x_0': 1, 'x_1': -1, 'x_2': -3, 'x_3': 0}. Best is trial 32 with value: 1.0.
[I 2024-11-24 16:09:00,187] Trial 85 finished with value: 10.0 and parameters: {'x_0': 0, 'x_1': -3, 'x_2': -1, 'x_3': 0}. Best is trial 29 with value: 0.0.
[I 2024-11-24 16:09:00,235] Trial 88 finished with value: 5.0 and parameters: {'x_0': -2, 'x_1': -1, 'x_2': 0, 'x_3': 0}. Best is trial 41 with value: 0.0.
[I 2024-11-24 16:09:00,250] Trial 86 finished with value: 6.0 and parameters: {'x_0': 2, 'x_1': 1, 'x_2': 1, 'x_3': 0}. Best is trial 26 with value: 0.0.
[I 2024-11-24 16:09:00,266] Trial 84 finished with value: 6.0 and parameters: {'x_0': 0, 'x_1': -2, 'x_2': -1, 'x_3': 1}. Best is trial 56 with value: 0.0.
[I 2024-11-24 16:09:00,267] Trial 88 finished with value: 3.0 and parameters: {'x_0': 1, 'x_1': 0, 'x_2': 1, 'x_3': -1}. Best is trial 25 with value: 0.0.
[I 2024-11-24 16:09:00,279] Trial 87 finished with value: 10.0 and parameters: {'x_0': 0, 'x_1': 1, 'x_2': 0, 'x_3': 3}. Best is trial 42 with value: 1.0.
[I 2024-11-24 16:09:00,288] Trial 86 finished with value: 5.0 and parameters: {'x_0': 0, 'x_1': -2, 'x_2': 0, 'x_3': -1}. Best is trial 16 with value: 0.0.
[I 2024-11-24 16:09:00,346] Trial 88 finished with value: 4.0 and parameters: {'x_0': 1, 'x_1': 1, 'x_2': 1, 'x_3': -1}. Best is trial 21 with value: 0.0.
[I 2024-11-24 16:09:00,349] Trial 81 finished with value: 11.0 and parameters: {'x_0': 0, 'x_1': -1, 'x_2': 1, 'x_3': -3}. Best is trial 12 with value: 1.0.
[I 2024-11-24 16:09:00,362] Trial 86 finished with value: 11.0 and parameters: {'x_0': 0, 'x_1': 1, 'x_2': -3, 'x_3': -1}. Best is trial 29 with value: 0.0.
[I 2024-11-24 16:09:00,405] Trial 89 finished with value: 3.0 and parameters: {'x_0': -1, 'x_1': -1, 'x_2': 1, 'x_3': 0}. Best is trial 41 with value: 0.0.
[I 2024-11-24 16:09:00,430] Trial 87 finished with value: 11.0 and parameters: {'x_0': 3, 'x_1': 1, 'x_2': -1, 'x_3': 0}. Best is trial 26 with value: 0.0.
[I 2024-11-24 16:09:00,442] Trial 89 finished with value: 4.0 and parameters: {'x_0': 0, 'x_1': 0, 'x_2': 0, 'x_3': 2}. Best is trial 25 with value: 0.0.
[I 2024-11-24 16:09:00,456] Trial 88 finished with value: 5.0 and parameters: {'x_0': 0, 'x_1': 0, 'x_2': -2, 'x_3': 1}. Best is trial 42 with value: 1.0.
[I 2024-11-24 16:09:00,474] Trial 91 finished with value: 6.0 and parameters: {'x_0': 0, 'x_1': -1, 'x_2': 1, 'x_3': 2}. Best is trial 32 with value: 1.0.
[I 2024-11-24 16:09:00,501] Trial 89 finished with value: 2.0 and parameters: {'x_0': 0, 'x_1': 1, 'x_2': 1, 'x_3': 0}. Best is trial 21 with value: 0.0.
[I 2024-11-24 16:09:00,509] Trial 82 finished with value: 6.0 and parameters: {'x_0': -1, 'x_1': 0, 'x_2': -1, 'x_3': -2}. Best is trial 12 with value: 1.0.
[I 2024-11-24 16:09:00,538] Trial 87 finished with value: 10.0 and parameters: {'x_0': 0, 'x_1': -3, 'x_2': -1, 'x_3': 0}. Best is trial 16 with value: 0.0.
[I 2024-11-24 16:09:00,545] Trial 87 finished with value: 14.0 and parameters: {'x_0': 0, 'x_1': 2, 'x_2': 3, 'x_3': 1}. Best is trial 29 with value: 0.0.
[I 2024-11-24 16:09:00,562] Trial 90 finished with value: 5.0 and parameters: {'x_0': 0, 'x_1': -1, 'x_2': 0, 'x_3': 2}. Best is trial 41 with value: 0.0.
[I 2024-11-24 16:09:00,584] Trial 85 finished with value: 5.0 and parameters: {'x_0': 0, 'x_1': -2, 'x_2': 1, 'x_3': 0}. Best is trial 56 with value: 0.0.
[I 2024-11-24 16:09:00,603] Trial 88 finished with value: 9.0 and parameters: {'x_0': 0, 'x_1': -3, 'x_2': 0, 'x_3': 0}. Best is trial 26 with value: 0.0.
[I 2024-11-24 16:09:00,616] Trial 90 finished with value: 3.0 and parameters: {'x_0': 1, 'x_1': 0, 'x_2': -1, 'x_3': 1}. Best is trial 25 with value: 0.0.
[I 2024-11-24 16:09:00,622] Trial 89 finished with value: 6.0 and parameters: {'x_0': 0, 'x_1': 1, 'x_2': -2, 'x_3': -1}. Best is trial 42 with value: 1.0.
[I 2024-11-24 16:09:00,644] Trial 90 finished with value: 3.0 and parameters: {'x_0': 0, 'x_1': 1, 'x_2': 1, 'x_3': 1}. Best is trial 21 with value: 0.0.
[I 2024-11-24 16:09:00,690] Trial 92 finished with value: 6.0 and parameters: {'x_0': 0, 'x_1': -1, 'x_2': -1, 'x_3': -2}. Best is trial 32 with value: 1.0.
[I 2024-11-24 16:09:00,703] Trial 88 finished with value: 6.0 and parameters: {'x_0': -1, 'x_1': 0, 'x_2': 2, 'x_3': 1}. Best is trial 29 with value: 0.0.
[I 2024-11-24 16:09:00,706] Trial 88 finished with value: 13.0 and parameters: {'x_0': 0, 'x_1': 2, 'x_2': -3, 'x_3': 0}. Best is trial 16 with value: 0.0.
[I 2024-11-24 16:09:00,744] Trial 86 finished with value: 2.0 and parameters: {'x_0': 0, 'x_1': -1, 'x_2': -1, 'x_3': 0}. Best is trial 56 with value: 0.0.
[I 2024-11-24 16:09:00,776] Trial 89 finished with value: 5.0 and parameters: {'x_0': 1, 'x_1': 0, 'x_2': 2, 'x_3': 0}. Best is trial 26 with value: 0.0.
[I 2024-11-24 16:09:00,781] Trial 83 finished with value: 11.0 and parameters: {'x_0': -3, 'x_1': -1, 'x_2': -1, 'x_3': 0}. Best is trial 12 with value: 1.0.
[I 2024-11-24 16:09:00,808] Trial 90 finished with value: 6.0 and parameters: {'x_0': -1, 'x_1': 0, 'x_2': 2, 'x_3': -1}. Best is trial 42 with value: 1.0.
[I 2024-11-24 16:09:00,844] Trial 91 finished with value: 3.0 and parameters: {'x_0': 0, 'x_1': 1, 'x_2': 1, 'x_3': -1}. Best is trial 21 with value: 0.0.
[I 2024-11-24 16:09:00,852] Trial 91 finished with value: 5.0 and parameters: {'x_0': 2, 'x_1': 0, 'x_2': 1, 'x_3': 0}. Best is trial 25 with value: 0.0.
[I 2024-11-24 16:09:00,875] Trial 89 finished with value: 9.0 and parameters: {'x_0': 1, 'x_1': 0, 'x_2': -2, 'x_3': 2}. Best is trial 16 with value: 0.0.
[I 2024-11-24 16:09:00,893] Trial 89 finished with value: 9.0 and parameters: {'x_0': -1, 'x_1': 0, 'x_2': -2, 'x_3': -2}. Best is trial 29 with value: 0.0.
[I 2024-11-24 16:09:00,914] Trial 84 finished with value: 3.0 and parameters: {'x_0': 1, 'x_1': -1, 'x_2': 1, 'x_3': 0}. Best is trial 12 with value: 1.0.
[I 2024-11-24 16:09:00,920] Trial 87 finished with value: 3.0 and parameters: {'x_0': 0, 'x_1': -1, 'x_2': -1, 'x_3': 1}. Best is trial 56 with value: 0.0.
[I 2024-11-24 16:09:00,937] Trial 90 finished with value: 8.0 and parameters: {'x_0': 2, 'x_1': 0, 'x_2': 2, 'x_3': 0}. Best is trial 26 with value: 0.0.
[I 2024-11-24 16:09:00,956] Trial 91 finished with value: 5.0 and parameters: {'x_0': 2, 'x_1': 1, 'x_2': 0, 'x_3': 0}. Best is trial 41 with value: 0.0.
[I 2024-11-24 16:09:00,957] Trial 93 finished with value: 4.0 and parameters: {'x_0': 1, 'x_1': -1, 'x_2': 1, 'x_3': 1}. Best is trial 32 with value: 1.0.
[I 2024-11-24 16:09:00,969] Trial 91 finished with value: 5.0 and parameters: {'x_0': -2, 'x_1': 0, 'x_2': 0, 'x_3': -1}. Best is trial 42 with value: 1.0.
[I 2024-11-24 16:09:01,018] Trial 92 finished with value: 6.0 and parameters: {'x_0': 0, 'x_1': 1, 'x_2': 1, 'x_3': -2}. Best is trial 21 with value: 0.0.
[I 2024-11-24 16:09:01,018] Trial 90 finished with value: 9.0 and parameters: {'x_0': 0, 'x_1': 0, 'x_2': 0, 'x_3': 3}. Best is trial 16 with value: 0.0.
[I 2024-11-24 16:09:01,038] Trial 85 finished with value: 3.0 and parameters: {'x_0': -1, 'x_1': -1, 'x_2': 1, 'x_3': 0}. Best is trial 12 with value: 1.0.
[I 2024-11-24 16:09:01,040] Trial 90 finished with value: 7.0 and parameters: {'x_0': -1, 'x_1': -1, 'x_2': 2, 'x_3': 1}. Best is trial 29 with value: 0.0.
[I 2024-11-24 16:09:01,064] Trial 92 finished with value: 3.0 and parameters: {'x_0': 1, 'x_1': -1, 'x_2': -1, 'x_3': 0}. Best is trial 25 with value: 0.0.
[I 2024-11-24 16:09:01,115] Trial 94 finished with value: 4.0 and parameters: {'x_0': -1, 'x_1': -1, 'x_2': 1, 'x_3': 1}. Best is trial 32 with value: 1.0.
[I 2024-11-24 16:09:01,122] Trial 92 finished with value: 3.0 and parameters: {'x_0': 1, 'x_1': 1, 'x_2': 0, 'x_3': -1}. Best is trial 42 with value: 1.0.
[I 2024-11-24 16:09:01,138] Trial 91 finished with value: 6.0 and parameters: {'x_0': -1, 'x_1': 1, 'x_2': 2, 'x_3': 0}. Best is trial 26 with value: 0.0.
[I 2024-11-24 16:09:01,171] Trial 92 finished with value: 3.0 and parameters: {'x_0': -1, 'x_1': -1, 'x_2': 0, 'x_3': -1}. Best is trial 41 with value: 0.0.
[I 2024-11-24 16:09:01,171] Trial 88 finished with value: 3.0 and parameters: {'x_0': 0, 'x_1': -1, 'x_2': -1, 'x_3': -1}. Best is trial 56 with value: 0.0.
[I 2024-11-24 16:09:01,210] Trial 93 finished with value: 6.0 and parameters: {'x_0': 2, 'x_1': 1, 'x_2': 1, 'x_3': 0}. Best is trial 21 with value: 0.0.
[I 2024-11-24 16:09:01,231] Trial 91 finished with value: 7.0 and parameters: {'x_0': 1, 'x_1': 1, 'x_2': 1, 'x_3': 2}. Best is trial 16 with value: 0.0.
[I 2024-11-24 16:09:01,256] Trial 91 finished with value: 15.0 and parameters: {'x_0': 1, 'x_1': 3, 'x_2': -2, 'x_3': -1}. Best is trial 29 with value: 0.0.
[I 2024-11-24 16:09:01,264] Trial 93 finished with value: 6.0 and parameters: {'x_0': 2, 'x_1': -1, 'x_2': -1, 'x_3': 0}. Best is trial 25 with value: 0.0.
[I 2024-11-24 16:09:01,316] Trial 89 finished with value: 6.0 and parameters: {'x_0': 0, 'x_1': -1, 'x_2': -1, 'x_3': 2}. Best is trial 56 with value: 0.0.
[I 2024-11-24 16:09:01,338] Trial 86 finished with value: 11.0 and parameters: {'x_0': 1, 'x_1': -3, 'x_2': 1, 'x_3': 0}. Best is trial 12 with value: 1.0.
[I 2024-11-24 16:09:01,348] Trial 93 finished with value: 5.0 and parameters: {'x_0': 0, 'x_1': 1, 'x_2': 0, 'x_3': 2}. Best is trial 41 with value: 0.0.
[I 2024-11-24 16:09:01,355] Trial 95 finished with value: 2.0 and parameters: {'x_0': 0, 'x_1': 1, 'x_2': 1, 'x_3': 0}. Best is trial 32 with value: 1.0.
[I 2024-11-24 16:09:01,366] Trial 92 finished with value: 6.0 and parameters: {'x_0': 2, 'x_1': -1, 'x_2': 1, 'x_3': 0}. Best is trial 26 with value: 0.0.
[I 2024-11-24 16:09:01,416] Trial 92 finished with value: 2.0 and parameters: {'x_0': 0, 'x_1': 1, 'x_2': 0, 'x_3': -1}. Best is trial 16 with value: 0.0.
[I 2024-11-24 16:09:01,436] Trial 94 finished with value: 2.0 and parameters: {'x_0': 0, 'x_1': -1, 'x_2': -1, 'x_3': 0}. Best is trial 21 with value: 0.0.
