[I 2024-11-24 16:17:05,695] Trial 19 finished with value: 2.0 and parameters: {'x_0': 0, 'x_1': 1, 'x_2': -1, 'x_3': 0}. Best is trial 13 with value: 1.0.
[I 2024-11-24 16:17:05,730] Trial 21 finished with value: 1.0 and parameters: {'x_0': 0, 'x_1': 0, 'x_2': 0, 'x_3': 1}. Best is trial 9 with value: 0.0.
[I 2024-11-24 16:17:05,736] Trial 18 finished with value: 5.0 and parameters: {'x_0': -2, 'x_1': -1, 'x_2': 0, 'x_3': 0}. Best is trial 14 with value: 1.0.
[I 2024-11-24 16:17:05,740] Trial 19 finished with value: 5.0 and parameters: {'x_0': 2, 'x_1': 0, 'x_2': 1, 'x_3': 0}. Best is trial 4 with value: 1.0.
[I 2024-11-24 16:17:05,740] Trial 18 finished with value: 6.0 and parameters: {'x_0': -2, 'x_1': 1, 'x_2': -1, 'x_3': 0}. Best is trial 14 with value: 1.0.
[I 2024-11-24 16:17:05,772] Trial 19 finished with value: 1.0 and parameters: {'x_0': -1, 'x_1': 0, 'x_2': 0, 'x_3': 0}. Best is trial 19 with value: 1.0.
[I 2024-11-24 16:17:05,818] Trial 20 finished with value: 1.0 and parameters: {'x_0': 1, 'x_1': 0, 'x_2': 0, 'x_3': 0}. Best is trial 19 with value: 0.0.
[I 2024-11-24 16:17:05,846] Trial 20 finished with value: 4.0 and parameters: {'x_0': 0, 'x_1': 2, 'x_2': 0, 'x_3': 0}. Best is trial 13 with value: 1.0.
[I 2024-11-24 16:17:05,855] Trial 19 finished with value: 0.0 and parameters: {'x_0': 0, 'x_1': 0, 'x_2': 0, 'x_3': 0}. Best is trial 19 with value: 0.0.
[I 2024-11-24 16:17:05,865] Trial 20 finished with value: 2.0 and parameters: {'x_0': 0, 'x_1': 0, 'x_2': -1, 'x_3': -1}. Best is trial 13 with value: 0.0.
[I 2024-11-24 16:17:05,876] Trial 18 finished with value: 3.0 and parameters: {'x_0': 0, 'x_1': -1, 'x_2': -1, 'x_3': -1}. Best is trial 11 with value: 2.0.
[I 2024-11-24 16:17:05,888] Trial 19 finished with value: 5.0 and parameters: {'x_0': 0, 'x_1': -1, 'x_2': 0, 'x_3': 2}. Best is trial 14 with value: 1.0.
[I 2024-11-24 16:17:05,909] Trial 20 finished with value: 4.0 and parameters: {'x_0': -2, 'x_1': 0, 'x_2': 0, 'x_3': 0}. Best is trial 4 with value: 1.0.
[I 2024-11-24 16:17:05,926] Trial 19 finished with value: 5.0 and parameters: {'x_0': 1, 'x_1': 2, 'x_2': 0, 'x_3': 0}. Best is trial 14 with value: 1.0.
[I 2024-11-24 16:17:05,955] Trial 20 finished with value: 2.0 and parameters: {'x_0': -1, 'x_1': 0, 'x_2': -1, 'x_3': 0}. Best is trial 19 with value: 1.0.
[I 2024-11-24 16:17:05,991] Trial 22 finished with value: 1.0 and parameters: {'x_0': 0, 'x_1': 0, 'x_2': 0, 'x_3': -1}. Best is trial 9 with value: 0.0.
[I 2024-11-24 16:17:05,996] Trial 20 finished with value: 1.0 and parameters: {'x_0': 1, 'x_1': 0, 'x_2': 0, 'x_3': 0}. Best is trial 19 with value: 0.0.
[I 2024-11-24 16:17:05,998] Trial 21 finished with value: 1.0 and parameters: {'x_0': 0, 'x_1': -1, 'x_2': 0, 'x_3': 0}. Best is trial 13 with value: 1.0.
[I 2024-11-24 16:17:06,007] Trial 21 finished with value: 2.0 and parameters: {'x_0': 1, 'x_1': 0, 'x_2': 0, 'x_3': -1}. Best is trial 13 with value: 0.0.
[I 2024-11-24 16:17:06,022] Trial 19 finished with value: 4.0 and parameters: {'x_0': -1, 'x_1': -1, 'x_2': -1, 'x_3': -1}. Best is trial 11 with value: 2.0.
[I 2024-11-24 16:17:06,037] Trial 20 finished with value: 2.0 and parameters: {'x_0': 0, 'x_1': -1, 'x_2': 0, 'x_3': -1}. Best is trial 14 with value: 1.0.
[I 2024-11-24 16:17:06,050] Trial 21 finished with value: 1.0 and parameters: {'x_0': 0, 'x_1': 0, 'x_2': 0, 'x_3': -1}. Best is trial 19 with value: 0.0.
[I 2024-11-24 16:17:06,081] Trial 21 finished with value: 1.0 and parameters: {'x_0': 1, 'x_1': 0, 'x_2': 0, 'x_3': 0}. Best is trial 4 with value: 1.0.
[I 2024-11-24 16:17:06,139] Trial 23 finished with value: 3.0 and parameters: {'x_0': 0, 'x_1': 1, 'x_2': 1, 'x_3': 1}. Best is trial 9 with value: 0.0.
[I 2024-11-24 16:17:06,145] Trial 21 finished with value: 2.0 and parameters: {'x_0': -1, 'x_1': 0, 'x_2': 1, 'x_3': 0}. Best is trial 19 with value: 1.0.
[I 2024-11-24 16:17:06,156] Trial 21 finished with value: 1.0 and parameters: {'x_0': 0, 'x_1': 0, 'x_2': -1, 'x_3': 0}. Best is trial 19 with value: 0.0.
[I 2024-11-24 16:17:06,178] Trial 20 finished with value: 2.0 and parameters: {'x_0': 1, 'x_1': 1, 'x_2': 0, 'x_3': 0}. Best is trial 14 with value: 1.0.
[I 2024-11-24 16:17:06,187] Trial 20 finished with value: 11.0 and parameters: {'x_0': 0, 'x_1': -1, 'x_2': 3, 'x_3': -1}. Best is trial 11 with value: 2.0.
[I 2024-11-24 16:17:06,199] Trial 21 finished with value: 5.0 and parameters: {'x_0': 0, 'x_1': -1, 'x_2': 0, 'x_3': -2}. Best is trial 14 with value: 1.0.
[I 2024-11-24 16:17:06,230] Trial 22 finished with value: 1.0 and parameters: {'x_0': 0, 'x_1': 0, 'x_2': 0, 'x_3': 1}. Best is trial 19 with value: 0.0.
[I 2024-11-24 16:17:06,260] Trial 22 finished with value: 2.0 and parameters: {'x_0': -1, 'x_1': -1, 'x_2': 0, 'x_3': 0}. Best is trial 13 with value: 1.0.
[I 2024-11-24 16:17:06,291] Trial 22 finished with value: 10.0 and parameters: {'x_0': -3, 'x_1': 0, 'x_2': 0, 'x_3': -1}. Best is trial 13 with value: 0.0.
[I 2024-11-24 16:17:06,306] Trial 22 finished with value: 2.0 and parameters: {'x_0': 1, 'x_1': 0, 'x_2': 1, 'x_3': 0}. Best is trial 4 with value: 1.0.
[I 2024-11-24 16:17:06,335] Trial 21 finished with value: 1.0 and parameters: {'x_0': -1, 'x_1': 0, 'x_2': 0, 'x_3': 0}. Best is trial 14 with value: 1.0.
[I 2024-11-24 16:17:06,343] Trial 24 finished with value: 2.0 and parameters: {'x_0': 0, 'x_1': 0, 'x_2': 1, 'x_3': -1}. Best is trial 9 with value: 0.0.
[I 2024-11-24 16:17:06,374] Trial 23 finished with value: 1.0 and parameters: {'x_0': -1, 'x_1': 0, 'x_2': 0, 'x_3': 0}. Best is trial 19 with value: 0.0.
[I 2024-11-24 16:17:06,388] Trial 21 finished with value: 6.0 and parameters: {'x_0': 0, 'x_1': -2, 'x_2': -1, 'x_3': -1}. Best is trial 11 with value: 2.0.
[I 2024-11-24 16:17:06,391] Trial 22 finished with value: 10.0 and parameters: {'x_0': -1, 'x_1': 0, 'x_2': 3, 'x_3': 0}. Best is trial 19 with value: 1.0.
[I 2024-11-24 16:17:06,424] Trial 23 finished with value: 2.0 and parameters: {'x_0': 0, 'x_1': -1, 'x_2': -1, 'x_3': 0}. Best is trial 13 with value: 1.0.
[I 2024-11-24 16:17:06,452] Trial 22 finished with value: 1.0 and parameters: {'x_0': 0, 'x_1': 0, 'x_2': 1, 'x_3': 0}. Best is trial 19 with value: 0.0.
[I 2024-11-24 16:17:06,457] Trial 22 finished with value: 2.0 and parameters: {'x_0': 0, 'x_1': -1, 'x_2': 0, 'x_3': 1}. Best is trial 14 with value: 1.0.
[I 2024-11-24 16:17:06,484] Trial 23 finished with value: 2.0 and parameters: {'x_0': 1, 'x_1': -1, 'x_2': 0, 'x_3': 0}. Best is trial 4 with value: 1.0.
[I 2024-11-24 16:17:06,498] Trial 23 finished with value: 3.0 and parameters: {'x_0': 1, 'x_1': 0, 'x_2': -1, 'x_3': 1}. Best is trial 13 with value: 0.0.
[I 2024-11-24 16:17:06,544] Trial 25 finished with value: 2.0 and parameters: {'x_0': -1, 'x_1': -1, 'x_2': 0, 'x_3': 0}. Best is trial 9 with value: 0.0.
[I 2024-11-24 16:17:06,581] Trial 22 finished with value: 2.0 and parameters: {'x_0': -1, 'x_1': 0, 'x_2': 0, 'x_3': 1}. Best is trial 14 with value: 1.0.
[I 2024-11-24 16:17:06,583] Trial 24 finished with value: 1.0 and parameters: {'x_0': 0, 'x_1': 0, 'x_2': 1, 'x_3': 0}. Best is trial 19 with value: 0.0.
[I 2024-11-24 16:17:06,583] Trial 23 finished with value: 0.0 and parameters: {'x_0': 0, 'x_1': 0, 'x_2': 0, 'x_3': 0}. Best is trial 23 with value: 0.0.
[I 2024-11-24 16:17:06,611] Trial 23 finished with value: 3.0 and parameters: {'x_0': 0, 'x_1': -1, 'x_2': 1, 'x_3': 1}. Best is trial 14 with value: 1.0.
[I 2024-11-24 16:17:06,622] Trial 23 finished with value: 4.0 and parameters: {'x_0': 0, 'x_1': -2, 'x_2': 0, 'x_3': 0}. Best is trial 19 with value: 0.0.
[I 2024-11-24 16:17:06,622] Trial 24 finished with value: 2.0 and parameters: {'x_0': 0, 'x_1': -1, 'x_2': 1, 'x_3': 0}. Best is trial 13 with value: 1.0.
[I 2024-11-24 16:17:06,655] Trial 24 finished with value: 0.0 and parameters: {'x_0': 0, 'x_1': 0, 'x_2': 0, 'x_3': 0}. Best is trial 24 with value: 0.0.
[I 2024-11-24 16:17:06,678] Trial 22 finished with value: 3.0 and parameters: {'x_0': 0, 'x_1': -1, 'x_2': -1, 'x_3': 1}. Best is trial 11 with value: 2.0.
[I 2024-11-24 16:17:06,682] Trial 24 finished with value: 1.0 and parameters: {'x_0': 1, 'x_1': 0, 'x_2': 0, 'x_3': 0}. Best is trial 13 with value: 0.0.
[I 2024-11-24 16:17:06,703] Trial 26 finished with value: 2.0 and parameters: {'x_0': 1, 'x_1': -1, 'x_2': 0, 'x_3': 0}. Best is trial 9 with value: 0.0.
[I 2024-11-24 16:17:06,735] Trial 24 finished with value: 1.0 and parameters: {'x_0': 0, 'x_1': 0, 'x_2': -1, 'x_3': 0}. Best is trial 23 with value: 0.0.
[I 2024-11-24 16:17:06,736] Trial 25 finished with value: 3.0 and parameters: {'x_0': 1, 'x_1': 0, 'x_2': 1, 'x_3': -1}. Best is trial 19 with value: 0.0.
[I 2024-11-24 16:17:06,738] Trial 23 finished with value: 4.0 and parameters: {'x_0': -2, 'x_1': 0, 'x_2': 0, 'x_3': 0}. Best is trial 14 with value: 1.0.
[I 2024-11-24 16:17:06,773] Trial 24 finished with value: 10.0 and parameters: {'x_0': 0, 'x_1': -1, 'x_2': 0, 'x_3': -3}. Best is trial 14 with value: 1.0.
[I 2024-11-24 16:17:06,793] Trial 24 finished with value: 1.0 and parameters: {'x_0': -1, 'x_1': 0, 'x_2': 0, 'x_3': 0}. Best is trial 19 with value: 0.0.
[I 2024-11-24 16:17:06,799] Trial 25 finished with value: 2.0 and parameters: {'x_0': 1, 'x_1': -1, 'x_2': 0, 'x_3': 0}. Best is trial 13 with value: 1.0.
[I 2024-11-24 16:17:06,800] Trial 25 finished with value: 1.0 and parameters: {'x_0': 0, 'x_1': -1, 'x_2': 0, 'x_3': 0}. Best is trial 24 with value: 0.0.
[I 2024-11-24 16:17:06,850] Trial 23 finished with value: 6.0 and parameters: {'x_0': 0, 'x_1': 2, 'x_2': -1, 'x_3': 1}. Best is trial 11 with value: 2.0.
[I 2024-11-24 16:17:06,862] Trial 25 finished with value: 2.0 and parameters: {'x_0': 1, 'x_1': 0, 'x_2': 1, 'x_3': 0}. Best is trial 13 with value: 0.0.
[I 2024-11-24 16:17:06,870] Trial 27 finished with value: 1.0 and parameters: {'x_0': -1, 'x_1': 0, 'x_2': 0, 'x_3': 0}. Best is trial 9 with value: 0.0.
[I 2024-11-24 16:17:06,909] Trial 24 finished with value: 5.0 and parameters: {'x_0': 1, 'x_1': 0, 'x_2': 0, 'x_3': 2}. Best is trial 14 with value: 1.0.
[I 2024-11-24 16:17:06,912] Trial 25 finished with value: 4.0 and parameters: {'x_0': 2, 'x_1': 0, 'x_2': 0, 'x_3': 0}. Best is trial 23 with value: 0.0.
[I 2024-11-24 16:17:06,918] Trial 26 finished with value: 1.0 and parameters: {'x_0': 0, 'x_1': 0, 'x_2': -1, 'x_3': 0}. Best is trial 19 with value: 0.0.
[I 2024-11-24 16:17:06,946] Trial 25 finished with value: 9.0 and parameters: {'x_0': 0, 'x_1': 0, 'x_2': -3, 'x_3': 0}. Best is trial 19 with value: 0.0.
[I 2024-11-24 16:17:06,952] Trial 25 finished with value: 4.0 and parameters: {'x_0': -1, 'x_1': -1, 'x_2': -1, 'x_3': -1}. Best is trial 14 with value: 1.0.
[I 2024-11-24 16:17:06,973] Trial 26 finished with value: 1.0 and parameters: {'x_0': 0, 'x_1': 0, 'x_2': 1, 'x_3': 0}. Best is trial 24 with value: 0.0.
[I 2024-11-24 16:17:06,987] Trial 26 finished with value: 10.0 and parameters: {'x_0': 0, 'x_1': -1, 'x_2': 0, 'x_3': 3}. Best is trial 13 with value: 1.0.
[I 2024-11-24 16:17:07,020] Trial 24 finished with value: 4.0 and parameters: {'x_0': -1, 'x_1': -1, 'x_2': -1, 'x_3': 1}. Best is trial 11 with value: 2.0.
[I 2024-11-24 16:17:07,031] Trial 26 finished with value: 10.0 and parameters: {'x_0': 1, 'x_1': 3, 'x_2': 0, 'x_3': 0}. Best is trial 13 with value: 0.0.
[I 2024-11-24 16:17:07,034] Trial 25 finished with value: 0.0 and parameters: {'x_0': 0, 'x_1': 0, 'x_2': 0, 'x_3': 0}. Best is trial 25 with value: 0.0.
[I 2024-11-24 16:17:07,047] Trial 26 finished with value: 1.0 and parameters: {'x_0': 0, 'x_1': 0, 'x_2': 1, 'x_3': 0}. Best is trial 23 with value: 0.0.
[I 2024-11-24 16:17:07,103] Trial 27 finished with value: 4.0 and parameters: {'x_0': 0, 'x_1': 0, 'x_2': -2, 'x_3': 0}. Best is trial 19 with value: 0.0.
[I 2024-11-24 16:17:07,104] Trial 26 finished with value: 3.0 and parameters: {'x_0': 1, 'x_1': -1, 'x_2': 0, 'x_3': 1}. Best is trial 14 with value: 1.0.
[I 2024-11-24 16:17:07,118] Trial 26 finished with value: 9.0 and parameters: {'x_0': 0, 'x_1': -3, 'x_2': 0, 'x_3': 0}. Best is trial 19 with value: 0.0.
[I 2024-11-24 16:17:07,126] Trial 28 finished with value: 1.0 and parameters: {'x_0': 1, 'x_1': 0, 'x_2': 0, 'x_3': 0}. Best is trial 9 with value: 0.0.
[I 2024-11-24 16:17:07,149] Trial 27 finished with value: 1.0 and parameters: {'x_0': 0, 'x_1': 0, 'x_2': 0, 'x_3': -1}. Best is trial 24 with value: 0.0.
[I 2024-11-24 16:17:07,172] Trial 27 finished with value: 5.0 and parameters: {'x_0': 2, 'x_1': -1, 'x_2': 0, 'x_3': 0}. Best is trial 13 with value: 1.0.
[I 2024-11-24 16:17:07,201] Trial 26 finished with value: 1.0 and parameters: {'x_0': 0, 'x_1': 1, 'x_2': 0, 'x_3': 0}. Best is trial 25 with value: 0.0.
[I 2024-11-24 16:17:07,210] Trial 27 finished with value: 2.0 and parameters: {'x_0': 1, 'x_1': 0, 'x_2': 0, 'x_3': 1}. Best is trial 13 with value: 0.0.
[I 2024-11-24 16:17:07,212] Trial 25 finished with value: 6.0 and parameters: {'x_0': 0, 'x_1': -1, 'x_2': -1, 'x_3': 2}. Best is trial 11 with value: 2.0.
[I 2024-11-24 16:17:07,238] Trial 27 finished with value: 1.0 and parameters: {'x_0': 0, 'x_1': -1, 'x_2': 0, 'x_3': 0}. Best is trial 23 with value: 0.0.
[I 2024-11-24 16:17:07,267] Trial 27 finished with value: 4.0 and parameters: {'x_0': 0, 'x_1': 0, 'x_2': 0, 'x_3': 2}. Best is trial 19 with value: 0.0.
[I 2024-11-24 16:17:07,268] Trial 27 finished with value: 3.0 and parameters: {'x_0': 0, 'x_1': -1, 'x_2': 1, 'x_3': -1}. Best is trial 14 with value: 1.0.
[I 2024-11-24 16:17:07,295] Trial 28 finished with value: 4.0 and parameters: {'x_0': 0, 'x_1': -2, 'x_2': 0, 'x_3': 0}. Best is trial 19 with value: 0.0.
[I 2024-11-24 16:17:07,327] Trial 28 finished with value: 0.0 and parameters: {'x_0': 0, 'x_1': 0, 'x_2': 0, 'x_3': 0}. Best is trial 28 with value: 0.0.
[I 2024-11-24 16:17:07,339] Trial 27 finished with value: 1.0 and parameters: {'x_0': 0, 'x_1': 0, 'x_2': 0, 'x_3': 1}. Best is trial 25 with value: 0.0.
[I 2024-11-24 16:17:07,341] Trial 29 finished with value: 3.0 and parameters: {'x_0': -1, 'x_1': 0, 'x_2': 1, 'x_3': 1}. Best is trial 9 with value: 0.0.
[I 2024-11-24 16:17:07,351] Trial 28 finished with value: 4.0 and parameters: {'x_0': 0, 'x_1': 2, 'x_2': 0, 'x_3': 0}. Best is trial 24 with value: 0.0.
[I 2024-11-24 16:17:07,366] Trial 26 finished with value: 11.0 and parameters: {'x_0': 0, 'x_1': -1, 'x_2': -1, 'x_3': -3}. Best is trial 11 with value: 2.0.
[I 2024-11-24 16:17:07,380] Trial 28 finished with value: 5.0 and parameters: {'x_0': 0, 'x_1': 2, 'x_2': 0, 'x_3': 1}. Best is trial 13 with value: 0.0.
[I 2024-11-24 16:17:07,414] Trial 28 finished with value: 4.0 and parameters: {'x_0': 0, 'x_1': 0, 'x_2': 0, 'x_3': -2}. Best is trial 19 with value: 0.0.
[I 2024-11-24 16:17:07,420] Trial 28 finished with value: 9.0 and parameters: {'x_0': 3, 'x_1': 0, 'x_2': 0, 'x_3': 0}. Best is trial 23 with value: 0.0.
[I 2024-11-24 16:17:07,461] Trial 29 finished with value: 1.0 and parameters: {'x_0': -1, 'x_1': 0, 'x_2': 0, 'x_3': 0}. Best is trial 28 with value: 0.0.
[I 2024-11-24 16:17:07,462] Trial 28 finished with value: 3.0 and parameters: {'x_0': -1, 'x_1': -1, 'x_2': 0, 'x_3': 1}. Best is trial 14 with value: 1.0.
[I 2024-11-24 16:17:07,465] Trial 29 finished with value: 2.0 and parameters: {'x_0': 0, 'x_1': 0, 'x_2': 1, 'x_3': 1}. Best is trial 19 with value: 0.0.
[I 2024-11-24 16:17:07,489] Trial 29 finished with value: 9.0 and parameters: {'x_0': 0, 'x_1': 0, 'x_2': 0, 'x_3': 3}. Best is trial 24 with value: 0.0.
[I 2024-11-24 16:17:07,497] Trial 30 finished with value: 2.0 and parameters: {'x_0': 1, 'x_1': 0, 'x_2': 0, 'x_3': 1}. Best is trial 9 with value: 0.0.
[I 2024-11-24 16:17:07,500] Trial 28 finished with value: 5.0 and parameters: {'x_0': 1, 'x_1': 0, 'x_2': -2, 'x_3': 0}. Best is trial 25 with value: 0.0.
[I 2024-11-24 16:17:07,525] Trial 27 finished with value: 2.0 and parameters: {'x_0': 0, 'x_1': -1, 'x_2': 0, 'x_3': 1}. Best is trial 11 with value: 2.0.
[I 2024-11-24 16:17:07,549] Trial 29 finished with value: 5.0 and parameters: {'x_0': 0, 'x_1': -2, 'x_2': 0, 'x_3': 1}. Best is trial 13 with value: 0.0.
[I 2024-11-24 16:17:07,560] Trial 29 finished with value: 1.0 and parameters: {'x_0': 0, 'x_1': 1, 'x_2': 0, 'x_3': 0}. Best is trial 23 with value: 0.0.
[I 2024-11-24 16:17:07,562] Trial 29 finished with value: 2.0 and parameters: {'x_0': -1, 'x_1': 0, 'x_2': 1, 'x_3': 0}. Best is trial 19 with value: 0.0.
[I 2024-11-24 16:17:07,603] Trial 30 finished with value: 1.0 and parameters: {'x_0': 0, 'x_1': 0, 'x_2': -1, 'x_3': 0}. Best is trial 28 with value: 0.0.
[I 2024-11-24 16:17:07,607] Trial 29 finished with value: 3.0 and parameters: {'x_0': 0, 'x_1': -1, 'x_2': -1, 'x_3': 1}. Best is trial 14 with value: 1.0.
[I 2024-11-24 16:17:07,615] Trial 30 finished with value: 1.0 and parameters: {'x_0': 0, 'x_1': -1, 'x_2': 0, 'x_3': 0}. Best is trial 19 with value: 0.0.
[I 2024-11-24 16:17:07,634] Trial 30 finished with value: 3.0 and parameters: {'x_0': 0, 'x_1': -1, 'x_2': 1, 'x_3': -1}. Best is trial 24 with value: 0.0.
[I 2024-11-24 16:17:07,657] Trial 29 finished with value: 1.0 and parameters: {'x_0': 0, 'x_1': -1, 'x_2': 0, 'x_3': 0}. Best is trial 25 with value: 0.0.
[I 2024-11-24 16:17:07,688] Trial 31 finished with value: 2.0 and parameters: {'x_0': -1, 'x_1': 0, 'x_2': 0, 'x_3': -1}. Best is trial 9 with value: 0.0.
[I 2024-11-24 16:17:07,711] Trial 28 finished with value: 3.0 and parameters: {'x_0': -1, 'x_1': -1, 'x_2': 0, 'x_3': 1}. Best is trial 11 with value: 2.0.
[I 2024-11-24 16:17:07,714] Trial 30 finished with value: 9.0 and parameters: {'x_0': 0, 'x_1': -3, 'x_2': 0, 'x_3': 0}. Best is trial 23 with value: 0.0.
[I 2024-11-24 16:17:07,723] Trial 30 finished with value: 4.0 and parameters: {'x_0': 2, 'x_1': 0, 'x_2': 0, 'x_3': 0}. Best is trial 13 with value: 0.0.
[I 2024-11-24 16:17:07,726] Trial 30 finished with value: 1.0 and parameters: {'x_0': 0, 'x_1': 0, 'x_2': 0, 'x_3': -1}. Best is trial 19 with value: 0.0.
[I 2024-11-24 16:17:07,746] Trial 31 finished with value: 3.0 and parameters: {'x_0': 1, 'x_1': -1, 'x_2': 0, 'x_3': 1}. Best is trial 19 with value: 0.0.
[I 2024-11-24 16:17:07,787] Trial 31 finished with value: 1.0 and parameters: {'x_0': 0, 'x_1': 1, 'x_2': 0, 'x_3': 0}. Best is trial 24 with value: 0.0.
[I 2024-11-24 16:17:07,795] Trial 31 finished with value: 1.0 and parameters: {'x_0': 1, 'x_1': 0, 'x_2': 0, 'x_3': 0}. Best is trial 28 with value: 0.0.
[I 2024-11-24 16:17:07,801] Trial 30 finished with value: 3.0 and parameters: {'x_0': 1, 'x_1': -1, 'x_2': 0, 'x_3': -1}. Best is trial 14 with value: 1.0.
[I 2024-11-24 16:17:07,837] Trial 30 finished with value: 1.0 and parameters: {'x_0': 0, 'x_1': 0, 'x_2': 0, 'x_3': -1}. Best is trial 25 with value: 0.0.
[I 2024-11-24 16:17:07,874] Trial 31 finished with value: 2.0 and parameters: {'x_0': 0, 'x_1': 1, 'x_2': -1, 'x_3': 0}. Best is trial 23 with value: 0.0.
[I 2024-11-24 16:17:07,877] Trial 29 finished with value: 1.0 and parameters: {'x_0': 0, 'x_1': 0, 'x_2': 0, 'x_3': 1}. Best is trial 29 with value: 1.0.
[I 2024-11-24 16:17:07,880] Trial 32 finished with value: 2.0 and parameters: {'x_0': -1, 'x_1': -1, 'x_2': 0, 'x_3': 0}. Best is trial 19 with value: 0.0.
[I 2024-11-24 16:17:07,889] Trial 32 finished with value: 2.0 and parameters: {'x_0': 1, 'x_1': 0, 'x_2': -1, 'x_3': 0}. Best is trial 9 with value: 0.0.
[I 2024-11-24 16:17:07,900] Trial 31 finished with value: 9.0 and parameters: {'x_0': 0, 'x_1': 0, 'x_2': 0, 'x_3': -3}. Best is trial 13 with value: 0.0.
[I 2024-11-24 16:17:07,916] Trial 31 finished with value: 1.0 and parameters: {'x_0': 0, 'x_1': 0, 'x_2': 0, 'x_3': 1}. Best is trial 19 with value: 0.0.
[I 2024-11-24 16:17:07,972] Trial 32 finished with value: 2.0 and parameters: {'x_0': 0, 'x_1': 0, 'x_2': 1, 'x_3': 1}. Best is trial 24 with value: 0.0.
[I 2024-11-24 16:17:07,986] Trial 31 finished with value: 10.0 and parameters: {'x_0': 0, 'x_1': -1, 'x_2': 3, 'x_3': 0}. Best is trial 14 with value: 1.0.
[I 2024-11-24 16:17:07,989] Trial 32 finished with value: 1.0 and parameters: {'x_0': 0, 'x_1': 0, 'x_2': 1, 'x_3': 0}. Best is trial 28 with value: 0.0.
[I 2024-11-24 16:17:08,021] Trial 31 finished with value: 3.0 and parameters: {'x_0': 1, 'x_1': 0, 'x_2': -1, 'x_3': 1}. Best is trial 25 with value: 0.0.
[I 2024-11-24 16:17:08,035] Trial 32 finished with value: 1.0 and parameters: {'x_0': 0, 'x_1': 0, 'x_2': 0, 'x_3': 1}. Best is trial 23 with value: 0.0.
[I 2024-11-24 16:17:08,036] Trial 30 finished with value: 2.0 and parameters: {'x_0': -1, 'x_1': 0, 'x_2': 0, 'x_3': 1}. Best is trial 29 with value: 1.0.
[I 2024-11-24 16:17:08,058] Trial 32 finished with value: 3.0 and parameters: {'x_0': 1, 'x_1': 0, 'x_2': -1, 'x_3': 1}. Best is trial 19 with value: 0.0.
[I 2024-11-24 16:17:08,075] Trial 33 finished with value: 2.0 and parameters: {'x_0': 0, 'x_1': 0, 'x_2': -1, 'x_3': -1}. Best is trial 19 with value: 0.0.
[I 2024-11-24 16:17:08,104] Trial 33 finished with value: 2.0 and parameters: {'x_0': 0, 'x_1': 1, 'x_2': 0, 'x_3': -1}. Best is trial 9 with value: 0.0.
[I 2024-11-24 16:17:08,105] Trial 32 finished with value: 2.0 and parameters: {'x_0': 0, 'x_1': 0, 'x_2': 1, 'x_3': 1}. Best is trial 13 with value: 0.0.
[I 2024-11-24 16:17:08,110] Trial 33 finished with value: 2.0 and parameters: {'x_0': 0, 'x_1': -1, 'x_2': 0, 'x_3': 1}. Best is trial 24 with value: 0.0.
[I 2024-11-24 16:17:08,152] Trial 32 finished with value: 2.0 and parameters: {'x_0': -1, 'x_1': -1, 'x_2': 0, 'x_3': 0}. Best is trial 14 with value: 1.0.
[I 2024-11-24 16:17:08,155] Trial 33 finished with value: 4.0 and parameters: {'x_0': 0, 'x_1': 0, 'x_2': 2, 'x_3': 0}. Best is trial 28 with value: 0.0.
[I 2024-11-24 16:17:08,188] Trial 32 finished with value: 1.0 and parameters: {'x_0': 0, 'x_1': 0, 'x_2': -1, 'x_3': 0}. Best is trial 25 with value: 0.0.
[I 2024-11-24 16:17:08,193] Trial 33 finished with value: 2.0 and parameters: {'x_0': 0, 'x_1': 0, 'x_2': 1, 'x_3': 1}. Best is trial 19 with value: 0.0.
