[I 2024-11-24 16:09:20,777] Trial 165 finished with value: 3.0 and parameters: {'x_0': 1, 'x_1': -1, 'x_2': 0, 'x_3': 1}. Best is trial 26 with value: 0.0.
[I 2024-11-24 16:09:20,908] Trial 158 finished with value: 6.0 and parameters: {'x_0': -2, 'x_1': 0, 'x_2': 1, 'x_3': -1}. Best is trial 56 with value: 0.0.
[I 2024-11-24 16:09:20,927] Trial 157 finished with value: 2.0 and parameters: {'x_0': -1, 'x_1': 0, 'x_2': 0, 'x_3': 1}. Best is trial 148 with value: 0.0.
[I 2024-11-24 16:09:20,986] Trial 171 finished with value: 2.0 and parameters: {'x_0': -1, 'x_1': 0, 'x_2': 0, 'x_3': 1}. Best is trial 164 with value: 0.0.
[I 2024-11-24 16:09:20,989] Trial 173 finished with value: 5.0 and parameters: {'x_0': 0, 'x_1': 2, 'x_2': 0, 'x_3': 1}. Best is trial 21 with value: 0.0.
[I 2024-11-24 16:09:20,996] Trial 156 finished with value: 5.0 and parameters: {'x_0': 0, 'x_1': 0, 'x_2': 1, 'x_3': 2}. Best is trial 41 with value: 0.0.
[I 2024-11-24 16:09:21,015] Trial 168 finished with value: 10.0 and parameters: {'x_0': -1, 'x_1': 2, 'x_2': 2, 'x_3': -1}. Best is trial 29 with value: 0.0.
[I 2024-11-24 16:09:21,058] Trial 162 finished with value: 6.0 and parameters: {'x_0': 1, 'x_1': -2, 'x_2': 0, 'x_3': 1}. Best is trial 25 with value: 0.0.
[I 2024-11-24 16:09:21,107] Trial 166 finished with value: 3.0 and parameters: {'x_0': -1, 'x_1': -1, 'x_2': 0, 'x_3': 1}. Best is trial 26 with value: 0.0.
[I 2024-11-24 16:09:21,134] Trial 154 finished with value: 10.0 and parameters: {'x_0': 3, 'x_1': 1, 'x_2': 0, 'x_3': 0}. Best is trial 99 with value: 0.0.
[I 2024-11-24 16:09:21,285] Trial 159 finished with value: 6.0 and parameters: {'x_0': -1, 'x_1': -2, 'x_2': 1, 'x_3': 0}. Best is trial 56 with value: 0.0.
[I 2024-11-24 16:09:21,303] Trial 172 finished with value: 2.0 and parameters: {'x_0': -1, 'x_1': 0, 'x_2': 0, 'x_3': -1}. Best is trial 164 with value: 0.0.
[I 2024-11-24 16:09:21,332] Trial 174 finished with value: 12.0 and parameters: {'x_0': -3, 'x_1': 1, 'x_2': 1, 'x_3': 1}. Best is trial 21 with value: 0.0.
[I 2024-11-24 16:09:21,368] Trial 169 finished with value: 9.0 and parameters: {'x_0': 0, 'x_1': -2, 'x_2': 1, 'x_3': 2}. Best is trial 29 with value: 0.0.
[I 2024-11-24 16:09:21,406] Trial 157 finished with value: 11.0 and parameters: {'x_0': 1, 'x_1': -1, 'x_2': 0, 'x_3': -3}. Best is trial 41 with value: 0.0.
[I 2024-11-24 16:09:21,412] Trial 163 finished with value: 6.0 and parameters: {'x_0': -1, 'x_1': 0, 'x_2': -1, 'x_3': -2}. Best is trial 16 with value: 0.0.
[I 2024-11-24 16:09:21,416] Trial 158 finished with value: 2.0 and parameters: {'x_0': -1, 'x_1': 0, 'x_2': 0, 'x_3': -1}. Best is trial 148 with value: 0.0.
[I 2024-11-24 16:09:21,430] Trial 167 finished with value: 3.0 and parameters: {'x_0': 1, 'x_1': -1, 'x_2': 0, 'x_3': -1}. Best is trial 26 with value: 0.0.
[I 2024-11-24 16:09:21,549] Trial 163 finished with value: 11.0 and parameters: {'x_0': 1, 'x_1': 0, 'x_2': 3, 'x_3': -1}. Best is trial 25 with value: 0.0.
[I 2024-11-24 16:09:21,618] Trial 173 finished with value: 5.0 and parameters: {'x_0': -1, 'x_1': 0, 'x_2': 0, 'x_3': -2}. Best is trial 164 with value: 0.0.
[I 2024-11-24 16:09:21,654] Trial 175 finished with value: 6.0 and parameters: {'x_0': -1, 'x_1': 0, 'x_2': -1, 'x_3': 2}. Best is trial 21 with value: 0.0.
[I 2024-11-24 16:09:21,664] Trial 170 finished with value: 11.0 and parameters: {'x_0': 0, 'x_1': -1, 'x_2': 1, 'x_3': -3}. Best is trial 29 with value: 0.0.
[I 2024-11-24 16:09:21,691] Trial 155 finished with value: 6.0 and parameters: {'x_0': -1, 'x_1': 1, 'x_2': -2, 'x_3': 0}. Best is trial 99 with value: 0.0.
[I 2024-11-24 16:09:21,701] Trial 164 finished with value: 6.0 and parameters: {'x_0': -1, 'x_1': -1, 'x_2': 0, 'x_3': -2}. Best is trial 16 with value: 0.0.
[I 2024-11-24 16:09:21,713] Trial 168 finished with value: 3.0 and parameters: {'x_0': -1, 'x_1': -1, 'x_2': 0, 'x_3': -1}. Best is trial 26 with value: 0.0.
[I 2024-11-24 16:09:21,734] Trial 160 finished with value: 5.0 and parameters: {'x_0': -1, 'x_1': 0, 'x_2': 0, 'x_3': -2}. Best is trial 56 with value: 0.0.
[I 2024-11-24 16:09:21,743] Trial 159 finished with value: 5.0 and parameters: {'x_0': -1, 'x_1': 0, 'x_2': 0, 'x_3': 2}. Best is trial 148 with value: 0.0.
[I 2024-11-24 16:09:21,913] Trial 164 finished with value: 2.0 and parameters: {'x_0': 1, 'x_1': -1, 'x_2': 0, 'x_3': 0}. Best is trial 25 with value: 0.0.
[I 2024-11-24 16:09:21,922] Trial 174 finished with value: 1.0 and parameters: {'x_0': 1, 'x_1': 0, 'x_2': 0, 'x_3': 0}. Best is trial 164 with value: 0.0.
[I 2024-11-24 16:09:21,977] Trial 171 finished with value: 2.0 and parameters: {'x_0': 0, 'x_1': 0, 'x_2': 1, 'x_3': -1}. Best is trial 29 with value: 0.0.
[I 2024-11-24 16:09:21,999] Trial 176 finished with value: 4.0 and parameters: {'x_0': 2, 'x_1': 0, 'x_2': 0, 'x_3': 0}. Best is trial 21 with value: 0.0.
[I 2024-11-24 16:09:22,010] Trial 156 finished with value: 6.0 and parameters: {'x_0': 1, 'x_1': 1, 'x_2': 0, 'x_3': 2}. Best is trial 99 with value: 0.0.
[I 2024-11-24 16:09:22,036] Trial 158 finished with value: 6.0 and parameters: {'x_0': 1, 'x_1': 0, 'x_2': -1, 'x_3': -2}. Best is trial 41 with value: 0.0.
[I 2024-11-24 16:09:22,038] Trial 169 finished with value: 4.0 and parameters: {'x_0': 1, 'x_1': -1, 'x_2': 1, 'x_3': -1}. Best is trial 26 with value: 0.0.
[I 2024-11-24 16:09:22,074] Trial 161 finished with value: 9.0 and parameters: {'x_0': 0, 'x_1': 0, 'x_2': 0, 'x_3': 3}. Best is trial 56 with value: 0.0.
[I 2024-11-24 16:09:22,116] Trial 160 finished with value: 4.0 and parameters: {'x_0': 0, 'x_1': 0, 'x_2': 0, 'x_3': -2}. Best is trial 148 with value: 0.0.
[I 2024-11-24 16:09:22,166] Trial 165 finished with value: 6.0 and parameters: {'x_0': -1, 'x_1': 0, 'x_2': 1, 'x_3': 2}. Best is trial 16 with value: 0.0.
[I 2024-11-24 16:09:22,197] Trial 175 finished with value: 2.0 and parameters: {'x_0': 1, 'x_1': 0, 'x_2': 0, 'x_3': 1}. Best is trial 164 with value: 0.0.
[I 2024-11-24 16:09:22,223] Trial 165 finished with value: 3.0 and parameters: {'x_0': 1, 'x_1': -1, 'x_2': 0, 'x_3': -1}. Best is trial 25 with value: 0.0.
[I 2024-11-24 16:09:22,276] Trial 177 finished with value: 4.0 and parameters: {'x_0': -2, 'x_1': 0, 'x_2': 0, 'x_3': 0}. Best is trial 21 with value: 0.0.
[I 2024-11-24 16:09:22,333] Trial 170 finished with value: 2.0 and parameters: {'x_0': 1, 'x_1': -1, 'x_2': 0, 'x_3': 0}. Best is trial 26 with value: 0.0.
[I 2024-11-24 16:09:22,343] Trial 159 finished with value: 6.0 and parameters: {'x_0': -1, 'x_1': 1, 'x_2': 0, 'x_3': 2}. Best is trial 41 with value: 0.0.
[I 2024-11-24 16:09:22,344] Trial 172 finished with value: 11.0 and parameters: {'x_0': 0, 'x_1': 1, 'x_2': -1, 'x_3': -3}. Best is trial 29 with value: 0.0.
[I 2024-11-24 16:09:22,359] Trial 157 finished with value: 10.0 and parameters: {'x_0': 0, 'x_1': 1, 'x_2': 3, 'x_3': 0}. Best is trial 99 with value: 0.0.
[I 2024-11-24 16:09:22,389] Trial 162 finished with value: 6.0 and parameters: {'x_0': -1, 'x_1': 0, 'x_2': 2, 'x_3': -1}. Best is trial 56 with value: 0.0.
[I 2024-11-24 16:09:22,458] Trial 166 finished with value: 5.0 and parameters: {'x_0': -1, 'x_1': 0, 'x_2': 2, 'x_3': 0}. Best is trial 16 with value: 0.0.
[I 2024-11-24 16:09:22,510] Trial 176 finished with value: 2.0 and parameters: {'x_0': 1, 'x_1': 0, 'x_2': 0, 'x_3': -1}. Best is trial 164 with value: 0.0.
[I 2024-11-24 16:09:22,580] Trial 178 finished with value: 5.0 and parameters: {'x_0': 0, 'x_1': -2, 'x_2': 0, 'x_3': -1}. Best is trial 21 with value: 0.0.
[I 2024-11-24 16:09:22,599] Trial 161 finished with value: 4.0 and parameters: {'x_0': 2, 'x_1': 0, 'x_2': 0, 'x_3': 0}. Best is trial 148 with value: 0.0.
[I 2024-11-24 16:09:22,630] Trial 173 finished with value: 11.0 and parameters: {'x_0': 0, 'x_1': 1, 'x_2': 3, 'x_3': 1}. Best is trial 29 with value: 0.0.
[I 2024-11-24 16:09:22,695] Trial 171 finished with value: 7.0 and parameters: {'x_0': 1, 'x_1': -1, 'x_2': -2, 'x_3': 1}. Best is trial 26 with value: 0.0.
[I 2024-11-24 16:09:22,702] Trial 160 finished with value: 6.0 and parameters: {'x_0': -1, 'x_1': 0, 'x_2': -1, 'x_3': 2}. Best is trial 41 with value: 0.0.
[I 2024-11-24 16:09:22,744] Trial 166 finished with value: 3.0 and parameters: {'x_0': 1, 'x_1': -1, 'x_2': 0, 'x_3': 1}. Best is trial 25 with value: 0.0.
[I 2024-11-24 16:09:22,764] Trial 163 finished with value: 6.0 and parameters: {'x_0': 0, 'x_1': -2, 'x_2': 1, 'x_3': 1}. Best is trial 56 with value: 0.0.
[I 2024-11-24 16:09:22,775] Trial 167 finished with value: 5.0 and parameters: {'x_0': -1, 'x_1': 0, 'x_2': -2, 'x_3': 0}. Best is trial 16 with value: 0.0.
[I 2024-11-24 16:09:22,860] Trial 177 finished with value: 4.0 and parameters: {'x_0': 2, 'x_1': 0, 'x_2': 0, 'x_3': 0}. Best is trial 164 with value: 0.0.
[I 2024-11-24 16:09:22,878] Trial 158 finished with value: 5.0 and parameters: {'x_0': 1, 'x_1': 0, 'x_2': 0, 'x_3': 2}. Best is trial 99 with value: 0.0.
[I 2024-11-24 16:09:22,883] Trial 179 finished with value: 7.0 and parameters: {'x_0': 1, 'x_1': 2, 'x_2': 1, 'x_3': -1}. Best is trial 21 with value: 0.0.
[I 2024-11-24 16:09:22,961] Trial 162 finished with value: 10.0 and parameters: {'x_0': 1, 'x_1': 0, 'x_2': 0, 'x_3': 3}. Best is trial 148 with value: 0.0.
[I 2024-11-24 16:09:22,961] Trial 174 finished with value: 13.0 and parameters: {'x_0': 2, 'x_1': 2, 'x_2': 1, 'x_3': -2}. Best is trial 29 with value: 0.0.
[I 2024-11-24 16:09:23,028] Trial 172 finished with value: 11.0 and parameters: {'x_0': 3, 'x_1': -1, 'x_2': 0, 'x_3': 1}. Best is trial 26 with value: 0.0.
[I 2024-11-24 16:09:23,069] Trial 164 finished with value: 6.0 and parameters: {'x_0': 0, 'x_1': 2, 'x_2': 1, 'x_3': 1}. Best is trial 56 with value: 0.0.
[I 2024-11-24 16:09:23,112] Trial 167 finished with value: 6.0 and parameters: {'x_0': 1, 'x_1': -1, 'x_2': 0, 'x_3': -2}. Best is trial 25 with value: 0.0.
[I 2024-11-24 16:09:23,140] Trial 180 finished with value: 6.0 and parameters: {'x_0': 0, 'x_1': -1, 'x_2': -1, 'x_3': -2}. Best is trial 21 with value: 0.0.
[I 2024-11-24 16:09:23,168] Trial 178 finished with value: 9.0 and parameters: {'x_0': -3, 'x_1': 0, 'x_2': 0, 'x_3': 0}. Best is trial 164 with value: 0.0.
[I 2024-11-24 16:09:23,230] Trial 159 finished with value: 6.0 and parameters: {'x_0': -1, 'x_1': 0, 'x_2': 1, 'x_3': 2}. Best is trial 99 with value: 0.0.
[I 2024-11-24 16:09:23,294] Trial 175 finished with value: 10.0 and parameters: {'x_0': 0, 'x_1': 1, 'x_2': -3, 'x_3': 0}. Best is trial 29 with value: 0.0.
[I 2024-11-24 16:09:23,306] Trial 163 finished with value: 5.0 and parameters: {'x_0': 1, 'x_1': 0, 'x_2': 2, 'x_3': 0}. Best is trial 148 with value: 0.0.
[I 2024-11-24 16:09:23,314] Trial 161 finished with value: 3.0 and parameters: {'x_0': 1, 'x_1': 0, 'x_2': 1, 'x_3': 1}. Best is trial 41 with value: 0.0.
[I 2024-11-24 16:09:23,354] Trial 168 finished with value: 10.0 and parameters: {'x_0': -1, 'x_1': 0, 'x_2': 3, 'x_3': 0}. Best is trial 16 with value: 0.0.
[I 2024-11-24 16:09:23,392] Trial 165 finished with value: 6.0 and parameters: {'x_0': 1, 'x_1': -2, 'x_2': -1, 'x_3': 0}. Best is trial 56 with value: 0.0.
[I 2024-11-24 16:09:23,420] Trial 173 finished with value: 2.0 and parameters: {'x_0': -1, 'x_1': -1, 'x_2': 0, 'x_3': 0}. Best is trial 26 with value: 0.0.
[I 2024-11-24 16:09:23,432] Trial 168 finished with value: 11.0 and parameters: {'x_0': 1, 'x_1': -1, 'x_2': 0, 'x_3': -3}. Best is trial 25 with value: 0.0.
[I 2024-11-24 16:09:23,485] Trial 179 finished with value: 5.0 and parameters: {'x_0': 1, 'x_1': 0, 'x_2': 0, 'x_3': 2}. Best is trial 164 with value: 0.0.
[I 2024-11-24 16:09:23,491] Trial 181 finished with value: 0.0 and parameters: {'x_0': 0, 'x_1': 0, 'x_2': 0, 'x_3': 0}. Best is trial 21 with value: 0.0.
[I 2024-11-24 16:09:23,613] Trial 160 finished with value: 4.0 and parameters: {'x_0': 1, 'x_1': 1, 'x_2': -1, 'x_3': -1}. Best is trial 99 with value: 0.0.
[I 2024-11-24 16:09:23,638] Trial 176 finished with value: 11.0 and parameters: {'x_0': 0, 'x_1': 1, 'x_2': 1, 'x_3': 3}. Best is trial 29 with value: 0.0.
[I 2024-11-24 16:09:23,650] Trial 162 finished with value: 3.0 and parameters: {'x_0': 1, 'x_1': -1, 'x_2': 1, 'x_3': 0}. Best is trial 41 with value: 0.0.
[I 2024-11-24 16:09:23,652] Trial 169 finished with value: 6.0 and parameters: {'x_0': -1, 'x_1': 1, 'x_2': 0, 'x_3': -2}. Best is trial 16 with value: 0.0.
[I 2024-11-24 16:09:23,746] Trial 164 finished with value: 6.0 and parameters: {'x_0': 2, 'x_1': 0, 'x_2': -1, 'x_3': -1}. Best is trial 148 with value: 0.0.
[I 2024-11-24 16:09:23,779] Trial 180 finished with value: 5.0 and parameters: {'x_0': 2, 'x_1': 0, 'x_2': 0, 'x_3': 1}. Best is trial 164 with value: 0.0.
[I 2024-11-24 16:09:23,783] Trial 174 finished with value: 6.0 and parameters: {'x_0': -1, 'x_1': -1, 'x_2': -2, 'x_3': 0}. Best is trial 26 with value: 0.0.
[I 2024-11-24 16:09:23,885] Trial 166 finished with value: 6.0 and parameters: {'x_0': -1, 'x_1': 0, 'x_2': -2, 'x_3': 1}. Best is trial 56 with value: 0.0.
[I 2024-11-24 16:09:23,935] Trial 170 finished with value: 3.0 and parameters: {'x_0': 0, 'x_1': 1, 'x_2': -1, 'x_3': -1}. Best is trial 16 with value: 0.0.
[I 2024-11-24 16:09:23,942] Trial 169 finished with value: 2.0 and parameters: {'x_0': -1, 'x_1': -1, 'x_2': 0, 'x_3': 0}. Best is trial 25 with value: 0.0.
[I 2024-11-24 16:09:23,989] Trial 177 finished with value: 10.0 and parameters: {'x_0': -1, 'x_1': -1, 'x_2': -2, 'x_3': -2}. Best is trial 29 with value: 0.0.
[I 2024-11-24 16:09:23,992] Trial 163 finished with value: 4.0 and parameters: {'x_0': 1, 'x_1': -1, 'x_2': 1, 'x_3': 1}. Best is trial 41 with value: 0.0.
[I 2024-11-24 16:09:24,058] Trial 181 finished with value: 5.0 and parameters: {'x_0': 2, 'x_1': 0, 'x_2': -1, 'x_3': 0}. Best is trial 164 with value: 0.0.
[I 2024-11-24 16:09:24,061] Trial 165 finished with value: 9.0 and parameters: {'x_0': 0, 'x_1': 0, 'x_2': 0, 'x_3': -3}. Best is trial 148 with value: 0.0.
[I 2024-11-24 16:09:24,089] Trial 175 finished with value: 11.0 and parameters: {'x_0': 3, 'x_1': 1, 'x_2': 0, 'x_3': -1}. Best is trial 26 with value: 0.0.
[I 2024-11-24 16:09:24,169] Trial 161 finished with value: 6.0 and parameters: {'x_0': -1, 'x_1': 1, 'x_2': 0, 'x_3': -2}. Best is trial 99 with value: 0.0.
[I 2024-11-24 16:09:24,212] Trial 167 finished with value: 10.0 and parameters: {'x_0': 0, 'x_1': 3, 'x_2': 1, 'x_3': 0}. Best is trial 56 with value: 0.0.
[I 2024-11-24 16:09:24,322] Trial 170 finished with value: 3.0 and parameters: {'x_0': -1, 'x_1': -1, 'x_2': 0, 'x_3': -1}. Best is trial 25 with value: 0.0.
[I 2024-11-24 16:09:24,434] Trial 178 finished with value: 10.0 and parameters: {'x_0': 0, 'x_1': 0, 'x_2': 1, 'x_3': -3}. Best is trial 29 with value: 0.0.
[I 2024-11-24 16:09:24,453] Trial 166 finished with value: 4.0 and parameters: {'x_0': 1, 'x_1': -1, 'x_2': 1, 'x_3': 1}. Best is trial 148 with value: 0.0.
[I 2024-11-24 16:09:24,500] Trial 182 finished with value: 5.0 and parameters: {'x_0': -2, 'x_1': 0, 'x_2': 0, 'x_3': -1}. Best is trial 164 with value: 0.0.
[I 2024-11-24 16:09:24,501] Trial 182 finished with value: 12.0 and parameters: {'x_0': -1, 'x_1': 1, 'x_2': -1, 'x_3': -3}. Best is trial 21 with value: 0.0.
[I 2024-11-24 16:09:24,503] Trial 176 finished with value: 4.0 and parameters: {'x_0': 0, 'x_1': 0, 'x_2': 0, 'x_3': 2}. Best is trial 26 with value: 0.0.
[I 2024-11-24 16:09:24,521] Trial 164 finished with value: 4.0 and parameters: {'x_0': 1, 'x_1': -1, 'x_2': -1, 'x_3': 1}. Best is trial 41 with value: 0.0.
[I 2024-11-24 16:09:24,565] Trial 162 finished with value: 5.0 and parameters: {'x_0': 2, 'x_1': 0, 'x_2': 0, 'x_3': 1}. Best is trial 99 with value: 0.0.
[I 2024-11-24 16:09:24,580] Trial 171 finished with value: 3.0 and parameters: {'x_0': -1, 'x_1': -1, 'x_2': 1, 'x_3': 0}. Best is trial 16 with value: 0.0.
[I 2024-11-24 16:09:24,585] Trial 168 finished with value: 11.0 and parameters: {'x_0': -3, 'x_1': 0, 'x_2': 1, 'x_3': 1}. Best is trial 56 with value: 0.0.
[I 2024-11-24 16:09:24,637] Trial 171 finished with value: 3.0 and parameters: {'x_0': -1, 'x_1': -1, 'x_2': 0, 'x_3': 1}. Best is trial 25 with value: 0.0.
[I 2024-11-24 16:09:24,757] Trial 179 finished with value: 10.0 and parameters: {'x_0': 0, 'x_1': 3, 'x_2': 0, 'x_3': 1}. Best is trial 29 with value: 0.0.
[I 2024-11-24 16:09:24,804] Trial 177 finished with value: 5.0 and parameters: {'x_0': -1, 'x_1': 0, 'x_2': -2, 'x_3': 0}. Best is trial 26 with value: 0.0.
[I 2024-11-24 16:09:24,836] Trial 165 finished with value: 4.0 and parameters: {'x_0': -1, 'x_1': -1, 'x_2': -1, 'x_3': -1}. Best is trial 41 with value: 0.0.
[I 2024-11-24 16:09:24,837] Trial 183 finished with value: 10.0 and parameters: {'x_0': -3, 'x_1': 0, 'x_2': -1, 'x_3': 0}. Best is trial 164 with value: 0.0.
[I 2024-11-24 16:09:24,866] Trial 172 finished with value: 4.0 and parameters: {'x_0': -1, 'x_1': -1, 'x_2': 1, 'x_3': 1}. Best is trial 16 with value: 0.0.
[I 2024-11-24 16:09:24,925] Trial 167 finished with value: 5.0 and parameters: {'x_0': -1, 'x_1': 0, 'x_2': 0, 'x_3': -2}. Best is trial 148 with value: 0.0.
[I 2024-11-24 16:09:24,930] Trial 163 finished with value: 4.0 and parameters: {'x_0': -1, 'x_1': 1, 'x_2': -1, 'x_3': 1}. Best is trial 99 with value: 0.0.
[I 2024-11-24 16:09:25,012] Trial 183 finished with value: 7.0 and parameters: {'x_0': 2, 'x_1': -1, 'x_2': -1, 'x_3': 1}. Best is trial 21 with value: 0.0.
[I 2024-11-24 16:09:25,057] Trial 169 finished with value: 6.0 and parameters: {'x_0': 1, 'x_1': 0, 'x_2': -2, 'x_3': -1}. Best is trial 56 with value: 0.0.
[I 2024-11-24 16:09:25,124] Trial 180 finished with value: 13.0 and parameters: {'x_0': 0, 'x_1': -2, 'x_2': 0, 'x_3': 3}. Best is trial 29 with value: 0.0.
[I 2024-11-24 16:09:25,151] Trial 173 finished with value: 4.0 and parameters: {'x_0': -1, 'x_1': -1, 'x_2': 1, 'x_3': -1}. Best is trial 16 with value: 0.0.
[I 2024-11-24 16:09:25,167] Trial 178 finished with value: 11.0 and parameters: {'x_0': 1, 'x_1': 0, 'x_2': 3, 'x_3': -1}. Best is trial 26 with value: 0.0.
[I 2024-11-24 16:09:25,173] Trial 172 finished with value: 6.0 and parameters: {'x_0': -1, 'x_1': -1, 'x_2': 0, 'x_3': -2}. Best is trial 25 with value: 0.0.
[I 2024-11-24 16:09:25,186] Trial 166 finished with value: 4.0 and parameters: {'x_0': -1, 'x_1': -1, 'x_2': 1, 'x_3': -1}. Best is trial 41 with value: 0.0.
[I 2024-11-24 16:09:25,246] Trial 168 finished with value: 4.0 and parameters: {'x_0': 1, 'x_1': 1, 'x_2': -1, 'x_3': 1}. Best is trial 148 with value: 0.0.
[I 2024-11-24 16:09:25,304] Trial 184 finished with value: 5.0 and parameters: {'x_0': 1, 'x_1': 0, 'x_2': 0, 'x_3': -2}. Best is trial 164 with value: 0.0.
[I 2024-11-24 16:09:25,359] Trial 170 finished with value: 8.0 and parameters: {'x_0': 0, 'x_1': -2, 'x_2': -2, 'x_3': 0}. Best is trial 56 with value: 0.0.
[I 2024-11-24 16:09:25,405] Trial 184 finished with value: 6.0 and parameters: {'x_0': -2, 'x_1': -1, 'x_2': 1, 'x_3': 0}. Best is trial 21 with value: 0.0.
[I 2024-11-24 16:09:25,454] Trial 181 finished with value: 6.0 and parameters: {'x_0': 0, 'x_1': -1, 'x_2': 2, 'x_3': -1}. Best is trial 29 with value: 0.0.
[I 2024-11-24 16:09:25,492] Trial 179 finished with value: 11.0 and parameters: {'x_0': -1, 'x_1': 0, 'x_2': 1, 'x_3': -3}. Best is trial 26 with value: 0.0.
[I 2024-11-24 16:09:25,507] Trial 173 finished with value: 1.0 and parameters: {'x_0': 0, 'x_1': -1, 'x_2': 0, 'x_3': 0}. Best is trial 25 with value: 0.0.
[I 2024-11-24 16:09:25,512] Trial 164 finished with value: 4.0 and parameters: {'x_0': -1, 'x_1': 1, 'x_2': 1, 'x_3': 1}. Best is trial 99 with value: 0.0.
[I 2024-11-24 16:09:25,579] Trial 169 finished with value: 6.0 and parameters: {'x_0': -2, 'x_1': 1, 'x_2': 1, 'x_3': 0}. Best is trial 148 with value: 0.0.
[I 2024-11-24 16:09:25,749] Trial 171 finished with value: 8.0 and parameters: {'x_0': -2, 'x_1': 0, 'x_2': 2, 'x_3': 0}. Best is trial 56 with value: 0.0.
[I 2024-11-24 16:09:25,756] Trial 185 finished with value: 5.0 and parameters: {'x_0': -1, 'x_1': 0, 'x_2': 0, 'x_3': 2}. Best is trial 164 with value: 0.0.
[I 2024-11-24 16:09:25,782] Trial 167 finished with value: 5.0 and parameters: {'x_0': -2, 'x_1': 0, 'x_2': 0, 'x_3': 1}. Best is trial 41 with value: 0.0.
[I 2024-11-24 16:09:25,793] Trial 174 finished with value: 3.0 and parameters: {'x_0': -1, 'x_1': -1, 'x_2': -1, 'x_3': 0}. Best is trial 16 with value: 0.0.
[I 2024-11-24 16:09:25,846] Trial 174 finished with value: 2.0 and parameters: {'x_0': 0, 'x_1': -1, 'x_2': 0, 'x_3': -1}. Best is trial 25 with value: 0.0.
[I 2024-11-24 16:09:25,853] Trial 180 finished with value: 4.0 and parameters: {'x_0': 0, 'x_1': 0, 'x_2': 0, 'x_3': -2}. Best is trial 26 with value: 0.0.
[I 2024-11-24 16:09:25,887] Trial 165 finished with value: 11.0 and parameters: {'x_0': -1, 'x_1': 1, 'x_2': -3, 'x_3': 0}. Best is trial 99 with value: 0.0.
[I 2024-11-24 16:09:25,939] Trial 182 finished with value: 9.0 and parameters: {'x_0': 0, 'x_1': -1, 'x_2': 2, 'x_3': 2}. Best is trial 29 with value: 0.0.
[I 2024-11-24 16:09:26,041] Trial 170 finished with value: 3.0 and parameters: {'x_0': 0, 'x_1': -1, 'x_2': 1, 'x_3': 1}. Best is trial 148 with value: 0.0.
[I 2024-11-24 16:09:26,110] Trial 175 finished with value: 4.0 and parameters: {'x_0': -1, 'x_1': -1, 'x_2': -1, 'x_3': -1}. Best is trial 16 with value: 0.0.
[I 2024-11-24 16:09:26,128] Trial 168 finished with value: 11.0 and parameters: {'x_0': 3, 'x_1': -1, 'x_2': 1, 'x_3': 0}. Best is trial 41 with value: 0.0.
[I 2024-11-24 16:09:26,185] Trial 181 finished with value: 6.0 and parameters: {'x_0': -1, 'x_1': -1, 'x_2': 2, 'x_3': 0}. Best is trial 26 with value: 0.0.
[I 2024-11-24 16:09:26,192] Trial 186 finished with value: 10.0 and parameters: {'x_0': 3, 'x_1': 0, 'x_2': 0, 'x_3': -1}. Best is trial 164 with value: 0.0.
[I 2024-11-24 16:09:26,249] Trial 166 finished with value: 11.0 and parameters: {'x_0': 1, 'x_1': 0, 'x_2': 1, 'x_3': -3}. Best is trial 99 with value: 0.0.
