[I 2024-11-24 16:09:01,458] Trial 94 finished with value: 3.0 and parameters: {'x_0': -1, 'x_1': -1, 'x_2': 1, 'x_3': 0}. Best is trial 25 with value: 0.0.
[I 2024-11-24 16:09:01,476] Trial 90 finished with value: 5.0 and parameters: {'x_0': 0, 'x_1': -1, 'x_2': -2, 'x_3': 0}. Best is trial 56 with value: 0.0.
[I 2024-11-24 16:09:01,482] Trial 93 finished with value: 6.0 and parameters: {'x_0': 0, 'x_1': 1, 'x_2': 2, 'x_3': -1}. Best is trial 42 with value: 1.0.
[I 2024-11-24 16:09:01,494] Trial 92 finished with value: 7.0 and parameters: {'x_0': 1, 'x_1': 2, 'x_2': 1, 'x_3': -1}. Best is trial 29 with value: 0.0.
[I 2024-11-24 16:09:01,510] Trial 87 finished with value: 10.0 and parameters: {'x_0': 1, 'x_1': 0, 'x_2': 3, 'x_3': 0}. Best is trial 12 with value: 1.0.
[I 2024-11-24 16:09:01,544] Trial 96 finished with value: 3.0 and parameters: {'x_0': 0, 'x_1': 1, 'x_2': 1, 'x_3': 1}. Best is trial 32 with value: 1.0.
[I 2024-11-24 16:09:01,587] Trial 93 finished with value: 6.0 and parameters: {'x_0': 1, 'x_1': 1, 'x_2': -2, 'x_3': 0}. Best is trial 26 with value: 0.0.
[I 2024-11-24 16:09:01,594] Trial 95 finished with value: 3.0 and parameters: {'x_0': 0, 'x_1': -1, 'x_2': -1, 'x_3': 1}. Best is trial 21 with value: 0.0.
[I 2024-11-24 16:09:01,603] Trial 93 finished with value: 11.0 and parameters: {'x_0': 1, 'x_1': 1, 'x_2': 0, 'x_3': -3}. Best is trial 16 with value: 0.0.
[I 2024-11-24 16:09:01,631] Trial 93 finished with value: 5.0 and parameters: {'x_0': 0, 'x_1': 1, 'x_2': 0, 'x_3': 2}. Best is trial 29 with value: 0.0.
[I 2024-11-24 16:09:01,643] Trial 88 finished with value: 4.0 and parameters: {'x_0': -1, 'x_1': -1, 'x_2': 1, 'x_3': -1}. Best is trial 12 with value: 1.0.
[I 2024-11-24 16:09:01,643] Trial 95 finished with value: 6.0 and parameters: {'x_0': -2, 'x_1': -1, 'x_2': 1, 'x_3': 0}. Best is trial 25 with value: 0.0.
[I 2024-11-24 16:09:01,672] Trial 94 finished with value: 2.0 and parameters: {'x_0': -1, 'x_1': 0, 'x_2': 0, 'x_3': 1}. Best is trial 41 with value: 0.0.
[I 2024-11-24 16:09:01,699] Trial 94 finished with value: 5.0 and parameters: {'x_0': -1, 'x_1': 0, 'x_2': -2, 'x_3': 0}. Best is trial 42 with value: 1.0.
[I 2024-11-24 16:09:01,699] Trial 97 finished with value: 3.0 and parameters: {'x_0': 0, 'x_1': 1, 'x_2': 1, 'x_3': -1}. Best is trial 32 with value: 1.0.
[I 2024-11-24 16:09:01,817] Trial 96 finished with value: 3.0 and parameters: {'x_0': 0, 'x_1': -1, 'x_2': -1, 'x_3': -1}. Best is trial 21 with value: 0.0.
[I 2024-11-24 16:09:01,865] Trial 94 finished with value: 8.0 and parameters: {'x_0': -2, 'x_1': 0, 'x_2': -2, 'x_3': 0}. Best is trial 26 with value: 0.0.
[I 2024-11-24 16:09:01,912] Trial 91 finished with value: 10.0 and parameters: {'x_0': 0, 'x_1': -3, 'x_2': -1, 'x_3': 0}. Best is trial 56 with value: 0.0.
[I 2024-11-24 16:09:01,914] Trial 96 finished with value: 10.0 and parameters: {'x_0': 0, 'x_1': 0, 'x_2': 1, 'x_3': -3}. Best is trial 25 with value: 0.0.
[I 2024-11-24 16:09:01,915] Trial 94 finished with value: 10.0 and parameters: {'x_0': 0, 'x_1': 0, 'x_2': 1, 'x_3': -3}. Best is trial 16 with value: 0.0.
[I 2024-11-24 16:09:01,946] Trial 94 finished with value: 10.0 and parameters: {'x_0': 0, 'x_1': 0, 'x_2': -1, 'x_3': -3}. Best is trial 29 with value: 0.0.
[I 2024-11-24 16:09:01,983] Trial 98 finished with value: 6.0 and parameters: {'x_0': 0, 'x_1': 1, 'x_2': 1, 'x_3': -2}. Best is trial 32 with value: 1.0.
[I 2024-11-24 16:09:02,002] Trial 95 finished with value: 6.0 and parameters: {'x_0': 2, 'x_1': -1, 'x_2': 1, 'x_3': 0}. Best is trial 41 with value: 0.0.
[I 2024-11-24 16:09:02,032] Trial 97 finished with value: 6.0 and parameters: {'x_0': 0, 'x_1': -1, 'x_2': -1, 'x_3': 2}. Best is trial 21 with value: 0.0.
[I 2024-11-24 16:09:02,051] Trial 95 finished with value: 5.0 and parameters: {'x_0': 0, 'x_1': 0, 'x_2': -2, 'x_3': -1}. Best is trial 42 with value: 1.0.
[I 2024-11-24 16:09:02,052] Trial 89 finished with value: 11.0 and parameters: {'x_0': 1, 'x_1': 0, 'x_2': -1, 'x_3': 3}. Best is trial 12 with value: 1.0.
[I 2024-11-24 16:09:02,063] Trial 95 finished with value: 6.0 and parameters: {'x_0': 1, 'x_1': 2, 'x_2': -1, 'x_3': 0}. Best is trial 26 with value: 0.0.
[I 2024-11-24 16:09:02,099] Trial 92 finished with value: 7.0 and parameters: {'x_0': 1, 'x_1': 2, 'x_2': -1, 'x_3': -1}. Best is trial 56 with value: 0.0.
[I 2024-11-24 16:09:02,125] Trial 97 finished with value: 4.0 and parameters: {'x_0': 1, 'x_1': -1, 'x_2': 1, 'x_3': -1}. Best is trial 25 with value: 0.0.
[I 2024-11-24 16:09:02,137] Trial 95 finished with value: 8.0 and parameters: {'x_0': 0, 'x_1': -2, 'x_2': 0, 'x_3': 2}. Best is trial 16 with value: 0.0.
[I 2024-11-24 16:09:02,152] Trial 96 finished with value: 3.0 and parameters: {'x_0': 0, 'x_1': -1, 'x_2': 1, 'x_3': -1}. Best is trial 41 with value: 0.0.
[I 2024-11-24 16:09:02,169] Trial 95 finished with value: 11.0 and parameters: {'x_0': 0, 'x_1': 1, 'x_2': -1, 'x_3': 3}. Best is trial 29 with value: 0.0.
[I 2024-11-24 16:09:02,185] Trial 99 finished with value: 4.0 and parameters: {'x_0': -1, 'x_1': 1, 'x_2': 1, 'x_3': 1}. Best is trial 32 with value: 1.0.
[I 2024-11-24 16:09:02,199] Trial 90 finished with value: 4.0 and parameters: {'x_0': -1, 'x_1': -1, 'x_2': -1, 'x_3': -1}. Best is trial 12 with value: 1.0.
[I 2024-11-24 16:09:02,262] Trial 93 finished with value: 3.0 and parameters: {'x_0': 1, 'x_1': -1, 'x_2': -1, 'x_3': 0}. Best is trial 56 with value: 0.0.
[I 2024-11-24 16:09:02,264] Trial 96 finished with value: 5.0 and parameters: {'x_0': 0, 'x_1': -1, 'x_2': 0, 'x_3': -2}. Best is trial 42 with value: 1.0.
[I 2024-11-24 16:09:02,272] Trial 96 finished with value: 3.0 and parameters: {'x_0': 1, 'x_1': 1, 'x_2': 1, 'x_3': 0}. Best is trial 26 with value: 0.0.
[I 2024-11-24 16:09:02,272] Trial 98 finished with value: 11.0 and parameters: {'x_0': 3, 'x_1': -1, 'x_2': -1, 'x_3': 0}. Best is trial 21 with value: 0.0.
[I 2024-11-24 16:09:02,322] Trial 100 finished with value: 2.0 and parameters: {'x_0': 0, 'x_1': 1, 'x_2': -1, 'x_3': 0}. Best is trial 32 with value: 1.0.
[I 2024-11-24 16:09:02,338] Trial 98 finished with value: 4.0 and parameters: {'x_0': 1, 'x_1': -1, 'x_2': -1, 'x_3': -1}. Best is trial 25 with value: 0.0.
[I 2024-11-24 16:09:02,340] Trial 96 finished with value: 10.0 and parameters: {'x_0': 0, 'x_1': -1, 'x_2': 0, 'x_3': 3}. Best is trial 16 with value: 0.0.
[I 2024-11-24 16:09:02,388] Trial 96 finished with value: 5.0 and parameters: {'x_0': 0, 'x_1': 0, 'x_2': 1, 'x_3': 2}. Best is trial 29 with value: 0.0.
[I 2024-11-24 16:09:02,429] Trial 91 finished with value: 12.0 and parameters: {'x_0': -1, 'x_1': 3, 'x_2': -1, 'x_3': 1}. Best is trial 12 with value: 1.0.
[I 2024-11-24 16:09:02,443] Trial 97 finished with value: 7.0 and parameters: {'x_0': -1, 'x_1': 2, 'x_2': -1, 'x_3': -1}. Best is trial 42 with value: 1.0.
[I 2024-11-24 16:09:02,472] Trial 99 finished with value: 5.0 and parameters: {'x_0': 0, 'x_1': -1, 'x_2': 2, 'x_3': 0}. Best is trial 21 with value: 0.0.
[I 2024-11-24 16:09:02,474] Trial 97 finished with value: 6.0 and parameters: {'x_0': -2, 'x_1': 1, 'x_2': 1, 'x_3': 0}. Best is trial 26 with value: 0.0.
[I 2024-11-24 16:09:02,503] Trial 101 finished with value: 3.0 and parameters: {'x_0': 0, 'x_1': 1, 'x_2': -1, 'x_3': -1}. Best is trial 32 with value: 1.0.
[I 2024-11-24 16:09:02,509] Trial 99 finished with value: 11.0 and parameters: {'x_0': -3, 'x_1': -1, 'x_2': 1, 'x_3': 0}. Best is trial 25 with value: 0.0.
[I 2024-11-24 16:09:02,523] Trial 97 finished with value: 9.0 and parameters: {'x_0': -3, 'x_1': 0, 'x_2': 0, 'x_3': 0}. Best is trial 16 with value: 0.0.
[I 2024-11-24 16:09:02,542] Trial 94 finished with value: 10.0 and parameters: {'x_0': 0, 'x_1': -1, 'x_2': -3, 'x_3': 0}. Best is trial 56 with value: 0.0.
[I 2024-11-24 16:09:02,572] Trial 97 finished with value: 3.0 and parameters: {'x_0': 1, 'x_1': -1, 'x_2': 0, 'x_3': -1}. Best is trial 41 with value: 0.0.
[I 2024-11-24 16:09:02,583] Trial 97 finished with value: 6.0 and parameters: {'x_0': -1, 'x_1': 2, 'x_2': -1, 'x_3': 0}. Best is trial 29 with value: 0.0.
[I 2024-11-24 16:09:02,615] Trial 100 finished with value: 1.0 and parameters: {'x_0': 0, 'x_1': 0, 'x_2': 1, 'x_3': 0}. Best is trial 21 with value: 0.0.
[I 2024-11-24 16:09:02,660] Trial 102 finished with value: 3.0 and parameters: {'x_0': 0, 'x_1': 1, 'x_2': -1, 'x_3': 1}. Best is trial 32 with value: 1.0.
[I 2024-11-24 16:09:02,686] Trial 98 finished with value: 6.0 and parameters: {'x_0': 1, 'x_1': 1, 'x_2': 2, 'x_3': 0}. Best is trial 26 with value: 0.0.
[I 2024-11-24 16:09:02,688] Trial 98 finished with value: 6.0 and parameters: {'x_0': 0, 'x_1': -1, 'x_2': 2, 'x_3': -1}. Best is trial 42 with value: 1.0.
[I 2024-11-24 16:09:02,717] Trial 100 finished with value: 4.0 and parameters: {'x_0': -1, 'x_1': -1, 'x_2': -1, 'x_3': 1}. Best is trial 25 with value: 0.0.
[I 2024-11-24 16:09:02,751] Trial 95 finished with value: 11.0 and parameters: {'x_0': 0, 'x_1': -1, 'x_2': -1, 'x_3': -3}. Best is trial 56 with value: 0.0.
[I 2024-11-24 16:09:02,754] Trial 98 finished with value: 9.0 and parameters: {'x_0': 1, 'x_1': 2, 'x_2': 0, 'x_3': 2}. Best is trial 29 with value: 0.0.
[I 2024-11-24 16:09:02,755] Trial 98 finished with value: 2.0 and parameters: {'x_0': -1, 'x_1': 0, 'x_2': -1, 'x_3': 0}. Best is trial 16 with value: 0.0.
[I 2024-11-24 16:09:02,787] Trial 92 finished with value: 5.0 and parameters: {'x_0': -1, 'x_1': 0, 'x_2': -2, 'x_3': 0}. Best is trial 12 with value: 1.0.
[I 2024-11-24 16:09:02,809] Trial 101 finished with value: 2.0 and parameters: {'x_0': 0, 'x_1': 0, 'x_2': 1, 'x_3': 1}. Best is trial 21 with value: 0.0.
[I 2024-11-24 16:09:02,816] Trial 98 finished with value: 5.0 and parameters: {'x_0': -1, 'x_1': -2, 'x_2': 0, 'x_3': 0}. Best is trial 41 with value: 0.0.
[I 2024-11-24 16:09:02,843] Trial 103 finished with value: 6.0 and parameters: {'x_0': 0, 'x_1': 1, 'x_2': -1, 'x_3': 2}. Best is trial 32 with value: 1.0.
[I 2024-11-24 16:09:02,872] Trial 101 finished with value: 6.0 and parameters: {'x_0': -2, 'x_1': 0, 'x_2': -1, 'x_3': 1}. Best is trial 25 with value: 0.0.
[I 2024-11-24 16:09:02,889] Trial 99 finished with value: 5.0 and parameters: {'x_0': 0, 'x_1': -1, 'x_2': 2, 'x_3': 0}. Best is trial 26 with value: 0.0.
[I 2024-11-24 16:09:02,902] Trial 99 finished with value: 6.0 and parameters: {'x_0': -1, 'x_1': 0, 'x_2': 1, 'x_3': 2}. Best is trial 42 with value: 1.0.
[I 2024-11-24 16:09:02,921] Trial 99 finished with value: 2.0 and parameters: {'x_0': -1, 'x_1': 1, 'x_2': 0, 'x_3': 0}. Best is trial 16 with value: 0.0.
[I 2024-11-24 16:09:02,923] Trial 96 finished with value: 10.0 and parameters: {'x_0': 3, 'x_1': 0, 'x_2': 1, 'x_3': 0}. Best is trial 56 with value: 0.0.
[I 2024-11-24 16:09:02,942] Trial 99 finished with value: 10.0 and parameters: {'x_0': 0, 'x_1': -1, 'x_2': 0, 'x_3': 3}. Best is trial 29 with value: 0.0.
[I 2024-11-24 16:09:02,975] Trial 102 finished with value: 2.0 and parameters: {'x_0': 0, 'x_1': 0, 'x_2': 1, 'x_3': -1}. Best is trial 21 with value: 0.0.
[I 2024-11-24 16:09:02,976] Trial 93 finished with value: 5.0 and parameters: {'x_0': -1, 'x_1': 0, 'x_2': 2, 'x_3': 0}. Best is trial 12 with value: 1.0.
[I 2024-11-24 16:09:03,000] Trial 99 finished with value: 3.0 and parameters: {'x_0': -1, 'x_1': 1, 'x_2': 0, 'x_3': -1}. Best is trial 41 with value: 0.0.
[I 2024-11-24 16:09:03,039] Trial 102 finished with value: 4.0 and parameters: {'x_0': -1, 'x_1': -1, 'x_2': 1, 'x_3': 1}. Best is trial 25 with value: 0.0.
[I 2024-11-24 16:09:03,043] Trial 104 finished with value: 4.0 and parameters: {'x_0': 1, 'x_1': 1, 'x_2': 1, 'x_3': 1}. Best is trial 32 with value: 1.0.
[I 2024-11-24 16:09:03,064] Trial 100 finished with value: 10.0 and parameters: {'x_0': 0, 'x_1': 1, 'x_2': 3, 'x_3': 0}. Best is trial 26 with value: 0.0.
[I 2024-11-24 16:09:03,074] Trial 100 finished with value: 6.0 and parameters: {'x_0': 0, 'x_1': -2, 'x_2': -1, 'x_3': 1}. Best is trial 42 with value: 1.0.
[I 2024-11-24 16:09:03,108] Trial 100 finished with value: 15.0 and parameters: {'x_0': 1, 'x_1': -3, 'x_2': 2, 'x_3': 1}. Best is trial 29 with value: 0.0.
[I 2024-11-24 16:09:03,110] Trial 100 finished with value: 6.0 and parameters: {'x_0': 0, 'x_1': 1, 'x_2': -2, 'x_3': 1}. Best is trial 16 with value: 0.0.
[I 2024-11-24 16:09:03,155] Trial 103 finished with value: 5.0 and parameters: {'x_0': 0, 'x_1': 0, 'x_2': 1, 'x_3': 2}. Best is trial 21 with value: 0.0.
[I 2024-11-24 16:09:03,160] Trial 94 finished with value: 4.0 and parameters: {'x_0': 1, 'x_1': -1, 'x_2': 1, 'x_3': 1}. Best is trial 12 with value: 1.0.
[I 2024-11-24 16:09:03,192] Trial 103 finished with value: 3.0 and parameters: {'x_0': -1, 'x_1': 0, 'x_2': -1, 'x_3': -1}. Best is trial 25 with value: 0.0.
[I 2024-11-24 16:09:03,198] Trial 101 finished with value: 10.0 and parameters: {'x_0': -3, 'x_1': -1, 'x_2': 0, 'x_3': 0}. Best is trial 26 with value: 0.0.
[I 2024-11-24 16:09:03,232] Trial 105 finished with value: 6.0 and parameters: {'x_0': -2, 'x_1': 1, 'x_2': 1, 'x_3': 0}. Best is trial 32 with value: 1.0.
[I 2024-11-24 16:09:03,251] Trial 101 finished with value: 6.0 and parameters: {'x_0': 0, 'x_1': -1, 'x_2': -2, 'x_3': -1}. Best is trial 42 with value: 1.0.
[I 2024-11-24 16:09:03,276] Trial 101 finished with value: 10.0 and parameters: {'x_0': 0, 'x_1': -1, 'x_2': 3, 'x_3': 0}. Best is trial 16 with value: 0.0.
[I 2024-11-24 16:09:03,295] Trial 97 finished with value: 2.0 and parameters: {'x_0': -1, 'x_1': 0, 'x_2': 0, 'x_3': 1}. Best is trial 56 with value: 0.0.
[I 2024-11-24 16:09:03,319] Trial 101 finished with value: 2.0 and parameters: {'x_0': -1, 'x_1': 0, 'x_2': -1, 'x_3': 0}. Best is trial 29 with value: 0.0.
[I 2024-11-24 16:09:03,391] Trial 104 finished with value: 10.0 and parameters: {'x_0': 0, 'x_1': 0, 'x_2': 1, 'x_3': -3}. Best is trial 21 with value: 0.0.
[I 2024-11-24 16:09:03,409] Trial 104 finished with value: 6.0 and parameters: {'x_0': -2, 'x_1': -1, 'x_2': -1, 'x_3': 0}. Best is trial 25 with value: 0.0.
[I 2024-11-24 16:09:03,422] Trial 100 finished with value: 10.0 and parameters: {'x_0': -1, 'x_1': 3, 'x_2': 0, 'x_3': 0}. Best is trial 41 with value: 0.0.
[I 2024-11-24 16:09:03,438] Trial 106 finished with value: 4.0 and parameters: {'x_0': -1, 'x_1': 1, 'x_2': -1, 'x_3': 1}. Best is trial 32 with value: 1.0.
[I 2024-11-24 16:09:03,447] Trial 102 finished with value: 6.0 and parameters: {'x_0': -1, 'x_1': 1, 'x_2': -2, 'x_3': 0}. Best is trial 26 with value: 0.0.
[I 2024-11-24 16:09:03,449] Trial 102 finished with value: 6.0 and parameters: {'x_0': 2, 'x_1': 1, 'x_2': 0, 'x_3': 1}. Best is trial 42 with value: 1.0.
[I 2024-11-24 16:09:03,501] Trial 102 finished with value: 3.0 and parameters: {'x_0': 0, 'x_1': -1, 'x_2': -1, 'x_3': -1}. Best is trial 16 with value: 0.0.
[I 2024-11-24 16:09:03,519] Trial 98 finished with value: 2.0 and parameters: {'x_0': -1, 'x_1': 0, 'x_2': 0, 'x_3': -1}. Best is trial 56 with value: 0.0.
[I 2024-11-24 16:09:03,540] Trial 102 finished with value: 7.0 and parameters: {'x_0': -1, 'x_1': 1, 'x_2': 1, 'x_3': -2}. Best is trial 29 with value: 0.0.
[I 2024-11-24 16:09:03,559] Trial 95 finished with value: 1.0 and parameters: {'x_0': -1, 'x_1': 0, 'x_2': 0, 'x_3': 0}. Best is trial 12 with value: 1.0.
[I 2024-11-24 16:09:03,584] Trial 105 finished with value: 6.0 and parameters: {'x_0': 2, 'x_1': 0, 'x_2': -1, 'x_3': -1}. Best is trial 25 with value: 0.0.
[I 2024-11-24 16:09:03,599] Trial 107 finished with value: 4.0 and parameters: {'x_0': -1, 'x_1': 1, 'x_2': 1, 'x_3': -1}. Best is trial 32 with value: 1.0.
[I 2024-11-24 16:09:03,612] Trial 105 finished with value: 2.0 and parameters: {'x_0': 0, 'x_1': -1, 'x_2': 1, 'x_3': 0}. Best is trial 21 with value: 0.0.
[I 2024-11-24 16:09:03,632] Trial 101 finished with value: 10.0 and parameters: {'x_0': -3, 'x_1': -1, 'x_2': 0, 'x_3': 0}. Best is trial 41 with value: 0.0.
[I 2024-11-24 16:09:03,652] Trial 103 finished with value: 9.0 and parameters: {'x_0': 2, 'x_1': 2, 'x_2': 0, 'x_3': -1}. Best is trial 26 with value: 0.0.
[I 2024-11-24 16:09:03,656] Trial 103 finished with value: 1.0 and parameters: {'x_0': 0, 'x_1': 1, 'x_2': 0, 'x_3': 0}. Best is trial 42 with value: 1.0.
[I 2024-11-24 16:09:03,708] Trial 99 finished with value: 3.0 and parameters: {'x_0': -1, 'x_1': 0, 'x_2': -1, 'x_3': 1}. Best is trial 56 with value: 0.0.
[I 2024-11-24 16:09:03,710] Trial 103 finished with value: 6.0 and parameters: {'x_0': 0, 'x_1': -1, 'x_2': -1, 'x_3': -2}. Best is trial 16 with value: 0.0.
[I 2024-11-24 16:09:03,720] Trial 103 finished with value: 7.0 and parameters: {'x_0': -1, 'x_1': -1, 'x_2': 1, 'x_3': 2}. Best is trial 29 with value: 0.0.
[I 2024-11-24 16:09:03,771] Trial 96 finished with value: 2.0 and parameters: {'x_0': -1, 'x_1': 0, 'x_2': 0, 'x_3': 1}. Best is trial 12 with value: 1.0.
[I 2024-11-24 16:09:03,774] Trial 108 finished with value: 4.0 and parameters: {'x_0': 1, 'x_1': 1, 'x_2': 1, 'x_3': -1}. Best is trial 32 with value: 1.0.
[I 2024-11-24 16:09:03,786] Trial 106 finished with value: 11.0 and parameters: {'x_0': -3, 'x_1': 0, 'x_2': 1, 'x_3': -1}. Best is trial 25 with value: 0.0.
[I 2024-11-24 16:09:03,797] Trial 106 finished with value: 3.0 and parameters: {'x_0': 0, 'x_1': -1, 'x_2': 1, 'x_3': 1}. Best is trial 21 with value: 0.0.
[I 2024-11-24 16:09:03,835] Trial 104 finished with value: 6.0 and parameters: {'x_0': -2, 'x_1': -1, 'x_2': 1, 'x_3': 0}. Best is trial 26 with value: 0.0.
[I 2024-11-24 16:09:03,851] Trial 102 finished with value: 2.0 and parameters: {'x_0': 0, 'x_1': -1, 'x_2': -1, 'x_3': 0}. Best is trial 41 with value: 0.0.
[I 2024-11-24 16:09:03,916] Trial 104 finished with value: 8.0 and parameters: {'x_0': 0, 'x_1': -2, 'x_2': 2, 'x_3': 0}. Best is trial 16 with value: 0.0.
[I 2024-11-24 16:09:03,931] Trial 109 finished with value: 6.0 and parameters: {'x_0': 2, 'x_1': -1, 'x_2': 1, 'x_3': 0}. Best is trial 32 with value: 1.0.
[I 2024-11-24 16:09:03,945] Trial 104 finished with value: 5.0 and parameters: {'x_0': 0, 'x_1': 0, 'x_2': 1, 'x_3': -2}. Best is trial 29 with value: 0.0.
[I 2024-11-24 16:09:03,950] Trial 97 finished with value: 2.0 and parameters: {'x_0': -1, 'x_1': 0, 'x_2': 0, 'x_3': -1}. Best is trial 12 with value: 1.0.
[I 2024-11-24 16:09:03,960] Trial 107 finished with value: 4.0 and parameters: {'x_0': 1, 'x_1': -1, 'x_2': -1, 'x_3': 1}. Best is trial 25 with value: 0.0.
[I 2024-11-24 16:09:03,972] Trial 107 finished with value: 3.0 and parameters: {'x_0': 0, 'x_1': -1, 'x_2': 1, 'x_3': -1}. Best is trial 21 with value: 0.0.
[I 2024-11-24 16:09:04,037] Trial 105 finished with value: 9.0 and parameters: {'x_0': -2, 'x_1': 1, 'x_2': 2, 'x_3': 0}. Best is trial 26 with value: 0.0.
[I 2024-11-24 16:09:04,067] Trial 104 finished with value: 2.0 and parameters: {'x_0': 0, 'x_1': 0, 'x_2': -1, 'x_3': -1}. Best is trial 42 with value: 1.0.
[I 2024-11-24 16:09:04,087] Trial 105 finished with value: 6.0 and parameters: {'x_0': 0, 'x_1': -1, 'x_2': 1, 'x_3': 2}. Best is trial 16 with value: 0.0.
[I 2024-11-24 16:09:04,096] Trial 110 finished with value: 4.0 and parameters: {'x_0': 1, 'x_1': 1, 'x_2': -1, 'x_3': -1}. Best is trial 32 with value: 1.0.
[I 2024-11-24 16:09:04,101] Trial 100 finished with value: 3.0 and parameters: {'x_0': -1, 'x_1': 0, 'x_2': 1, 'x_3': 1}. Best is trial 56 with value: 0.0.
[I 2024-11-24 16:09:04,161] Trial 108 finished with value: 3.0 and parameters: {'x_0': 1, 'x_1': -1, 'x_2': 1, 'x_3': 0}. Best is trial 21 with value: 0.0.
[I 2024-11-24 16:09:04,161] Trial 105 finished with value: 8.0 and parameters: {'x_0': 0, 'x_1': 0, 'x_2': 2, 'x_3': 2}. Best is trial 29 with value: 0.0.
[I 2024-11-24 16:09:04,163] Trial 108 finished with value: 4.0 and parameters: {'x_0': -1, 'x_1': -1, 'x_2': -1, 'x_3': -1}. Best is trial 25 with value: 0.0.
[I 2024-11-24 16:09:04,198] Trial 106 finished with value: 5.0 and parameters: {'x_0': 0, 'x_1': -1, 'x_2': 0, 'x_3': 2}. Best is trial 26 with value: 0.0.
[I 2024-11-24 16:09:04,263] Trial 101 finished with value: 4.0 and parameters: {'x_0': -2, 'x_1': 0, 'x_2': 0, 'x_3': 0}. Best is trial 56 with value: 0.0.
[I 2024-11-24 16:09:04,273] Trial 111 finished with value: 4.0 and parameters: {'x_0': -1, 'x_1': 1, 'x_2': -1, 'x_3': -1}. Best is trial 32 with value: 1.0.
[I 2024-11-24 16:09:04,275] Trial 103 finished with value: 3.0 and parameters: {'x_0': -1, 'x_1': -1, 'x_2': -1, 'x_3': 0}. Best is trial 41 with value: 0.0.
[I 2024-11-24 16:09:04,300] Trial 105 finished with value: 3.0 and parameters: {'x_0': 1, 'x_1': 1, 'x_2': 1, 'x_3': 0}. Best is trial 42 with value: 1.0.
[I 2024-11-24 16:09:04,302] Trial 98 finished with value: 5.0 and parameters: {'x_0': -1, 'x_1': 0, 'x_2': 0, 'x_3': 2}. Best is trial 12 with value: 1.0.
[I 2024-11-24 16:09:04,316] Trial 106 finished with value: 6.0 and parameters: {'x_0': 0, 'x_1': 1, 'x_2': 1, 'x_3': -2}. Best is trial 16 with value: 0.0.
[I 2024-11-24 16:09:04,358] Trial 109 finished with value: 4.0 and parameters: {'x_0': 1, 'x_1': -1, 'x_2': 1, 'x_3': 1}. Best is trial 21 with value: 0.0.
[I 2024-11-24 16:09:04,370] Trial 109 finished with value: 4.0 and parameters: {'x_0': -1, 'x_1': -1, 'x_2': 1, 'x_3': -1}. Best is trial 25 with value: 0.0.
[I 2024-11-24 16:09:04,432] Trial 106 finished with value: 7.0 and parameters: {'x_0': -1, 'x_1': 1, 'x_2': -2, 'x_3': -1}. Best is trial 29 with value: 0.0.
[I 2024-11-24 16:09:04,442] Trial 102 finished with value: 3.0 and parameters: {'x_0': -1, 'x_1': 0, 'x_2': -1, 'x_3': -1}. Best is trial 56 with value: 0.0.
[I 2024-11-24 16:09:04,449] Trial 104 finished with value: 3.0 and parameters: {'x_0': 1, 'x_1': -1, 'x_2': -1, 'x_3': 0}. Best is trial 41 with value: 0.0.
[I 2024-11-24 16:09:04,457] Trial 112 finished with value: 4.0 and parameters: {'x_0': 1, 'x_1': -1, 'x_2': 1, 'x_3': -1}. Best is trial 32 with value: 1.0.
