[I 2024-11-24 16:08:50,611] Trial 28 finished with value: 2.0 and parameters: {'x_0': 0, 'x_1': 0, 'x_2': 1, 'x_3': -1}. Best is trial 20 with value: 2.0.
[I 2024-11-24 16:08:50,621] Trial 27 finished with value: 8.0 and parameters: {'x_0': 0, 'x_1': 2, 'x_2': 0, 'x_3': -2}. Best is trial 7 with value: 3.0.
[I 2024-11-24 16:08:50,636] Trial 20 finished with value: 2.0 and parameters: {'x_0': 0, 'x_1': -1, 'x_2': 1, 'x_3': 0}. Best is trial 14 with value: 1.0.
[I 2024-11-24 16:08:50,644] Trial 20 finished with value: 5.0 and parameters: {'x_0': -1, 'x_1': 0, 'x_2': -2, 'x_3': 0}. Best is trial 11 with value: 1.0.
[I 2024-11-24 16:08:50,666] Trial 25 finished with value: 6.0 and parameters: {'x_0': -2, 'x_1': -1, 'x_2': 1, 'x_3': 0}. Best is trial 12 with value: 1.0.
[I 2024-11-24 16:08:50,669] Trial 20 finished with value: 3.0 and parameters: {'x_0': -1, 'x_1': -1, 'x_2': -1, 'x_3': 0}. Best is trial 10 with value: 2.0.
[I 2024-11-24 16:08:50,707] Trial 18 finished with value: 10.0 and parameters: {'x_0': 0, 'x_1': -3, 'x_2': -1, 'x_3': 0}. Best is trial 12 with value: 1.0.
[I 2024-11-24 16:08:50,710] Trial 19 finished with value: 9.0 and parameters: {'x_0': 0, 'x_1': 0, 'x_2': -3, 'x_3': 0}. Best is trial 16 with value: 0.0.
[I 2024-11-24 16:08:50,724] Trial 25 finished with value: 3.0 and parameters: {'x_0': 1, 'x_1': -1, 'x_2': 0, 'x_3': 1}. Best is trial 17 with value: 2.0.
[I 2024-11-24 16:08:50,758] Trial 20 finished with value: 5.0 and parameters: {'x_0': 1, 'x_1': 0, 'x_2': 0, 'x_3': 2}. Best is trial 18 with value: 2.0.
[I 2024-11-24 16:08:50,768] Trial 29 finished with value: 3.0 and parameters: {'x_0': 1, 'x_1': 0, 'x_2': 1, 'x_3': -1}. Best is trial 20 with value: 2.0.
[I 2024-11-24 16:08:50,801] Trial 28 finished with value: 4.0 and parameters: {'x_0': 0, 'x_1': 0, 'x_2': 0, 'x_3': -2}. Best is trial 7 with value: 3.0.
[I 2024-11-24 16:08:50,854] Trial 26 finished with value: 3.0 and parameters: {'x_0': 1, 'x_1': -1, 'x_2': 0, 'x_3': -1}. Best is trial 17 with value: 2.0.
[I 2024-11-24 16:08:50,870] Trial 19 finished with value: 5.0 and parameters: {'x_0': 2, 'x_1': 0, 'x_2': -1, 'x_3': 0}. Best is trial 12 with value: 1.0.
[I 2024-11-24 16:08:50,875] Trial 20 finished with value: 2.0 and parameters: {'x_0': 0, 'x_1': 0, 'x_2': -1, 'x_3': 1}. Best is trial 16 with value: 0.0.
[I 2024-11-24 16:08:50,913] Trial 30 finished with value: 2.0 and parameters: {'x_0': 0, 'x_1': 1, 'x_2': 0, 'x_3': 1}. Best is trial 20 with value: 2.0.
[I 2024-11-24 16:08:50,914] Trial 26 finished with value: 6.0 and parameters: {'x_0': -2, 'x_1': -1, 'x_2': -1, 'x_3': 0}. Best is trial 12 with value: 1.0.
[I 2024-11-24 16:08:50,929] Trial 29 finished with value: 5.0 and parameters: {'x_0': 1, 'x_1': 0, 'x_2': 0, 'x_3': -2}. Best is trial 7 with value: 3.0.
[I 2024-11-24 16:08:50,949] Trial 27 finished with value: 11.0 and parameters: {'x_0': 1, 'x_1': -1, 'x_2': 0, 'x_3': -3}. Best is trial 17 with value: 2.0.
[I 2024-11-24 16:08:50,966] Trial 21 finished with value: 2.0 and parameters: {'x_0': 0, 'x_1': -1, 'x_2': 0, 'x_3': -1}. Best is trial 14 with value: 1.0.
[I 2024-11-24 16:08:50,968] Trial 20 finished with value: 5.0 and parameters: {'x_0': 0, 'x_1': 0, 'x_2': -1, 'x_3': 2}. Best is trial 12 with value: 1.0.
[I 2024-11-24 16:08:50,971] Trial 21 finished with value: 2.0 and parameters: {'x_0': 1, 'x_1': 0, 'x_2': 1, 'x_3': 0}. Best is trial 11 with value: 1.0.
[I 2024-11-24 16:08:51,003] Trial 21 finished with value: 11.0 and parameters: {'x_0': -1, 'x_1': -1, 'x_2': 3, 'x_3': 0}. Best is trial 10 with value: 2.0.
[I 2024-11-24 16:08:51,007] Trial 21 finished with value: 1.0 and parameters: {'x_0': 0, 'x_1': 0, 'x_2': 0, 'x_3': -1}. Best is trial 21 with value: 1.0.
[I 2024-11-24 16:08:51,008] Trial 27 finished with value: 6.0 and parameters: {'x_0': 0, 'x_1': -1, 'x_2': -1, 'x_3': -2}. Best is trial 12 with value: 1.0.
[I 2024-11-24 16:08:51,014] Trial 31 finished with value: 3.0 and parameters: {'x_0': 1, 'x_1': 1, 'x_2': 0, 'x_3': -1}. Best is trial 20 with value: 2.0.
[I 2024-11-24 16:08:51,030] Trial 21 finished with value: 2.0 and parameters: {'x_0': 0, 'x_1': 0, 'x_2': 1, 'x_3': 1}. Best is trial 16 with value: 0.0.
[I 2024-11-24 16:08:51,069] Trial 28 finished with value: 11.0 and parameters: {'x_0': 1, 'x_1': 1, 'x_2': 0, 'x_3': 3}. Best is trial 17 with value: 2.0.
[I 2024-11-24 16:08:51,070] Trial 30 finished with value: 5.0 and parameters: {'x_0': 0, 'x_1': 0, 'x_2': -1, 'x_3': -2}. Best is trial 7 with value: 3.0.
[I 2024-11-24 16:08:51,085] Trial 22 finished with value: 5.0 and parameters: {'x_0': 0, 'x_1': -1, 'x_2': 0, 'x_3': -2}. Best is trial 14 with value: 1.0.
[I 2024-11-24 16:08:51,101] Trial 22 finished with value: 5.0 and parameters: {'x_0': 0, 'x_1': 2, 'x_2': 0, 'x_3': -1}. Best is trial 21 with value: 1.0.
[I 2024-11-24 16:08:51,119] Trial 21 finished with value: 0.0 and parameters: {'x_0': 0, 'x_1': 0, 'x_2': 0, 'x_3': 0}. Best is trial 21 with value: 0.0.
[I 2024-11-24 16:08:51,119] Trial 22 finished with value: 3.0 and parameters: {'x_0': 1, 'x_1': 0, 'x_2': 1, 'x_3': 1}. Best is trial 11 with value: 1.0.
[I 2024-11-24 16:08:51,120] Trial 28 finished with value: 6.0 and parameters: {'x_0': 2, 'x_1': -1, 'x_2': 1, 'x_3': 0}. Best is trial 12 with value: 1.0.
[I 2024-11-24 16:08:51,125] Trial 32 finished with value: 3.0 and parameters: {'x_0': -1, 'x_1': 1, 'x_2': 0, 'x_3': 1}. Best is trial 20 with value: 2.0.
[I 2024-11-24 16:08:51,137] Trial 22 finished with value: 3.0 and parameters: {'x_0': 0, 'x_1': -1, 'x_2': -1, 'x_3': 1}. Best is trial 10 with value: 2.0.
[I 2024-11-24 16:08:51,138] Trial 22 finished with value: 5.0 and parameters: {'x_0': 0, 'x_1': 0, 'x_2': 1, 'x_3': 2}. Best is trial 16 with value: 0.0.
[I 2024-11-24 16:08:51,187] Trial 29 finished with value: 3.0 and parameters: {'x_0': 1, 'x_1': -1, 'x_2': -1, 'x_3': 0}. Best is trial 17 with value: 2.0.
[I 2024-11-24 16:08:51,189] Trial 31 finished with value: 13.0 and parameters: {'x_0': 0, 'x_1': 0, 'x_2': 3, 'x_3': -2}. Best is trial 7 with value: 3.0.
[I 2024-11-24 16:08:51,192] Trial 23 finished with value: 2.0 and parameters: {'x_0': 1, 'x_1': -1, 'x_2': 0, 'x_3': 0}. Best is trial 14 with value: 1.0.
[I 2024-11-24 16:08:51,209] Trial 23 finished with value: 1.0 and parameters: {'x_0': 0, 'x_1': 0, 'x_2': 0, 'x_3': 1}. Best is trial 21 with value: 1.0.
[I 2024-11-24 16:08:51,235] Trial 23 finished with value: 5.0 and parameters: {'x_0': -2, 'x_1': 0, 'x_2': 1, 'x_3': 0}. Best is trial 11 with value: 1.0.
[I 2024-11-24 16:08:51,243] Trial 23 finished with value: 7.0 and parameters: {'x_0': 1, 'x_1': -1, 'x_2': -1, 'x_3': -2}. Best is trial 10 with value: 2.0.
[I 2024-11-24 16:08:51,245] Trial 33 finished with value: 1.0 and parameters: {'x_0': 0, 'x_1': 0, 'x_2': 0, 'x_3': -1}. Best is trial 33 with value: 1.0.
[I 2024-11-24 16:08:51,257] Trial 23 finished with value: 5.0 and parameters: {'x_0': 0, 'x_1': 0, 'x_2': -1, 'x_3': -2}. Best is trial 16 with value: 0.0.
[I 2024-11-24 16:08:51,287] Trial 29 finished with value: 1.0 and parameters: {'x_0': 0, 'x_1': 0, 'x_2': 1, 'x_3': 0}. Best is trial 12 with value: 1.0.
[I 2024-11-24 16:08:51,309] Trial 32 finished with value: 13.0 and parameters: {'x_0': -3, 'x_1': 0, 'x_2': 0, 'x_3': -2}. Best is trial 7 with value: 3.0.
[I 2024-11-24 16:08:51,336] Trial 24 finished with value: 5.0 and parameters: {'x_0': 0, 'x_1': -1, 'x_2': -2, 'x_3': 0}. Best is trial 14 with value: 1.0.
[I 2024-11-24 16:08:51,336] Trial 22 finished with value: 6.0 and parameters: {'x_0': 0, 'x_1': 2, 'x_2': -1, 'x_3': 1}. Best is trial 21 with value: 0.0.
[I 2024-11-24 16:08:51,341] Trial 24 finished with value: 10.0 and parameters: {'x_0': -1, 'x_1': 2, 'x_2': 1, 'x_3': -2}. Best is trial 21 with value: 1.0.
[I 2024-11-24 16:08:51,362] Trial 30 finished with value: 2.0 and parameters: {'x_0': 0, 'x_1': -1, 'x_2': 0, 'x_3': -1}. Best is trial 17 with value: 2.0.
[I 2024-11-24 16:08:51,368] Trial 24 finished with value: 1.0 and parameters: {'x_0': 1, 'x_1': 0, 'x_2': 0, 'x_3': 0}. Best is trial 11 with value: 1.0.
[I 2024-11-24 16:08:51,371] Trial 24 finished with value: 2.0 and parameters: {'x_0': 0, 'x_1': -1, 'x_2': -1, 'x_3': 0}. Best is trial 10 with value: 2.0.
[I 2024-11-24 16:08:51,403] Trial 24 finished with value: 5.0 and parameters: {'x_0': 0, 'x_1': -2, 'x_2': -1, 'x_3': 0}. Best is trial 16 with value: 0.0.
[I 2024-11-24 16:08:51,406] Trial 34 finished with value: 2.0 and parameters: {'x_0': 0, 'x_1': -1, 'x_2': 0, 'x_3': -1}. Best is trial 33 with value: 1.0.
[I 2024-11-24 16:08:51,425] Trial 30 finished with value: 2.0 and parameters: {'x_0': 0, 'x_1': 0, 'x_2': 1, 'x_3': 1}. Best is trial 12 with value: 1.0.
[I 2024-11-24 16:08:51,435] Trial 25 finished with value: 2.0 and parameters: {'x_0': 0, 'x_1': -1, 'x_2': 0, 'x_3': 1}. Best is trial 14 with value: 1.0.
[I 2024-11-24 16:08:51,443] Trial 23 finished with value: 6.0 and parameters: {'x_0': 0, 'x_1': 2, 'x_2': -1, 'x_3': -1}. Best is trial 21 with value: 0.0.
[I 2024-11-24 16:08:51,456] Trial 25 finished with value: 5.0 and parameters: {'x_0': 2, 'x_1': 0, 'x_2': 0, 'x_3': 1}. Best is trial 21 with value: 1.0.
[I 2024-11-24 16:08:51,476] Trial 25 finished with value: 0.0 and parameters: {'x_0': 0, 'x_1': 0, 'x_2': 0, 'x_3': 0}. Best is trial 25 with value: 0.0.
[I 2024-11-24 16:08:51,478] Trial 31 finished with value: 2.0 and parameters: {'x_0': 0, 'x_1': -1, 'x_2': 0, 'x_3': 1}. Best is trial 17 with value: 2.0.
[I 2024-11-24 16:08:51,491] Trial 33 finished with value: 5.0 and parameters: {'x_0': 0, 'x_1': -1, 'x_2': 0, 'x_3': -2}. Best is trial 7 with value: 3.0.
[I 2024-11-24 16:08:51,500] Trial 25 finished with value: 10.0 and parameters: {'x_0': 0, 'x_1': -1, 'x_2': -3, 'x_3': 0}. Best is trial 10 with value: 2.0.
[I 2024-11-24 16:08:51,515] Trial 35 finished with value: 4.0 and parameters: {'x_0': -2, 'x_1': 0, 'x_2': 0, 'x_3': 0}. Best is trial 33 with value: 1.0.
[I 2024-11-24 16:08:51,515] Trial 25 finished with value: 5.0 and parameters: {'x_0': 0, 'x_1': 2, 'x_2': -1, 'x_3': 0}. Best is trial 16 with value: 0.0.
[I 2024-11-24 16:08:51,527] Trial 26 finished with value: 2.0 and parameters: {'x_0': -1, 'x_1': -1, 'x_2': 0, 'x_3': 0}. Best is trial 14 with value: 1.0.
[I 2024-11-24 16:08:51,538] Trial 31 finished with value: 5.0 and parameters: {'x_0': 0, 'x_1': -2, 'x_2': 1, 'x_3': 0}. Best is trial 12 with value: 1.0.
[I 2024-11-24 16:08:51,601] Trial 24 finished with value: 6.0 and parameters: {'x_0': 0, 'x_1': -2, 'x_2': -1, 'x_3': -1}. Best is trial 21 with value: 0.0.
[I 2024-11-24 16:08:51,601] Trial 36 finished with value: 5.0 and parameters: {'x_0': 0, 'x_1': -2, 'x_2': 0, 'x_3': -1}. Best is trial 33 with value: 1.0.
[I 2024-11-24 16:08:51,620] Trial 34 finished with value: 6.0 and parameters: {'x_0': 0, 'x_1': -1, 'x_2': -1, 'x_3': -2}. Best is trial 7 with value: 3.0.
[I 2024-11-24 16:08:51,630] Trial 26 finished with value: 0.0 and parameters: {'x_0': 0, 'x_1': 0, 'x_2': 0, 'x_3': 0}. Best is trial 26 with value: 0.0.
[I 2024-11-24 16:08:51,648] Trial 27 finished with value: 9.0 and parameters: {'x_0': 0, 'x_1': 3, 'x_2': 0, 'x_3': 0}. Best is trial 14 with value: 1.0.
[I 2024-11-24 16:08:51,669] Trial 32 finished with value: 5.0 and parameters: {'x_0': 0, 'x_1': 0, 'x_2': 1, 'x_3': -2}. Best is trial 12 with value: 1.0.
[I 2024-11-24 16:08:51,719] Trial 26 finished with value: 4.0 and parameters: {'x_0': 2, 'x_1': 0, 'x_2': 0, 'x_3': 0}. Best is trial 25 with value: 0.0.
[I 2024-11-24 16:08:51,721] Trial 32 finished with value: 1.0 and parameters: {'x_0': 0, 'x_1': -1, 'x_2': 0, 'x_3': 0}. Best is trial 32 with value: 1.0.
[I 2024-11-24 16:08:51,739] Trial 26 finished with value: 5.0 and parameters: {'x_0': 0, 'x_1': -2, 'x_2': 1, 'x_3': 0}. Best is trial 16 with value: 0.0.
[I 2024-11-24 16:08:51,742] Trial 37 finished with value: 4.0 and parameters: {'x_0': 0, 'x_1': 0, 'x_2': 0, 'x_3': 2}. Best is trial 33 with value: 1.0.
[I 2024-11-24 16:08:51,752] Trial 35 finished with value: 6.0 and parameters: {'x_0': 1, 'x_1': -1, 'x_2': 0, 'x_3': -2}. Best is trial 7 with value: 3.0.
[I 2024-11-24 16:08:51,783] Trial 26 finished with value: 3.0 and parameters: {'x_0': 0, 'x_1': -1, 'x_2': -1, 'x_3': -1}. Best is trial 10 with value: 2.0.
[I 2024-11-24 16:08:51,784] Trial 28 finished with value: 5.0 and parameters: {'x_0': 0, 'x_1': -1, 'x_2': 0, 'x_3': 2}. Best is trial 14 with value: 1.0.
[I 2024-11-24 16:08:51,787] Trial 25 finished with value: 3.0 and parameters: {'x_0': 0, 'x_1': 1, 'x_2': -1, 'x_3': 1}. Best is trial 21 with value: 0.0.
[I 2024-11-24 16:08:51,790] Trial 27 finished with value: 1.0 and parameters: {'x_0': 0, 'x_1': 0, 'x_2': -1, 'x_3': 0}. Best is trial 26 with value: 0.0.
[I 2024-11-24 16:08:51,820] Trial 33 finished with value: 1.0 and parameters: {'x_0': 0, 'x_1': 0, 'x_2': -1, 'x_3': 0}. Best is trial 12 with value: 1.0.
[I 2024-11-24 16:08:51,848] Trial 33 finished with value: 5.0 and parameters: {'x_0': 0, 'x_1': -1, 'x_2': 0, 'x_3': -2}. Best is trial 32 with value: 1.0.
[I 2024-11-24 16:08:51,858] Trial 38 finished with value: 5.0 and parameters: {'x_0': 2, 'x_1': 0, 'x_2': 0, 'x_3': -1}. Best is trial 33 with value: 1.0.
[I 2024-11-24 16:08:51,863] Trial 27 finished with value: 9.0 and parameters: {'x_0': -3, 'x_1': 0, 'x_2': 0, 'x_3': 0}. Best is trial 25 with value: 0.0.
[I 2024-11-24 16:08:51,880] Trial 27 finished with value: 5.0 and parameters: {'x_0': 0, 'x_1': 2, 'x_2': 1, 'x_3': 0}. Best is trial 16 with value: 0.0.
[I 2024-11-24 16:08:51,896] Trial 26 finished with value: 3.0 and parameters: {'x_0': 0, 'x_1': 1, 'x_2': -1, 'x_3': -1}. Best is trial 21 with value: 0.0.
[I 2024-11-24 16:08:51,911] Trial 27 finished with value: 6.0 and parameters: {'x_0': 0, 'x_1': -1, 'x_2': -1, 'x_3': 2}. Best is trial 10 with value: 2.0.
[I 2024-11-24 16:08:51,922] Trial 28 finished with value: 2.0 and parameters: {'x_0': 0, 'x_1': 1, 'x_2': -1, 'x_3': 0}. Best is trial 26 with value: 0.0.
[I 2024-11-24 16:08:51,936] Trial 29 finished with value: 0.0 and parameters: {'x_0': 0, 'x_1': 0, 'x_2': 0, 'x_3': 0}. Best is trial 29 with value: 0.0.
[I 2024-11-24 16:08:51,952] Trial 36 finished with value: 13.0 and parameters: {'x_0': 0, 'x_1': -3, 'x_2': 0, 'x_3': -2}. Best is trial 7 with value: 3.0.
[I 2024-11-24 16:08:51,965] Trial 34 finished with value: 5.0 and parameters: {'x_0': 0, 'x_1': -2, 'x_2': -1, 'x_3': 0}. Best is trial 12 with value: 1.0.
[I 2024-11-24 16:08:51,975] Trial 34 finished with value: 5.0 and parameters: {'x_0': 0, 'x_1': -1, 'x_2': 2, 'x_3': 0}. Best is trial 32 with value: 1.0.
[I 2024-11-24 16:08:51,979] Trial 28 finished with value: 1.0 and parameters: {'x_0': 0, 'x_1': 0, 'x_2': 0, 'x_3': 1}. Best is trial 25 with value: 0.0.
[I 2024-11-24 16:08:52,007] Trial 39 finished with value: 2.0 and parameters: {'x_0': 0, 'x_1': 1, 'x_2': 0, 'x_3': -1}. Best is trial 33 with value: 1.0.
[I 2024-11-24 16:08:52,029] Trial 27 finished with value: 1.0 and parameters: {'x_0': 0, 'x_1': 1, 'x_2': 0, 'x_3': 0}. Best is trial 21 with value: 0.0.
[I 2024-11-24 16:08:52,030] Trial 28 finished with value: 6.0 and parameters: {'x_0': -2, 'x_1': -1, 'x_2': -1, 'x_3': 0}. Best is trial 10 with value: 2.0.
[I 2024-11-24 16:08:52,031] Trial 28 finished with value: 5.0 and parameters: {'x_0': 0, 'x_1': 0, 'x_2': -1, 'x_3': 2}. Best is trial 16 with value: 0.0.
[I 2024-11-24 16:08:52,039] Trial 29 finished with value: 2.0 and parameters: {'x_0': 0, 'x_1': -1, 'x_2': -1, 'x_3': 0}. Best is trial 26 with value: 0.0.
[I 2024-11-24 16:08:52,050] Trial 30 finished with value: 1.0 and parameters: {'x_0': 0, 'x_1': 0, 'x_2': 0, 'x_3': -1}. Best is trial 29 with value: 0.0.
[I 2024-11-24 16:08:52,081] Trial 37 finished with value: 9.0 and parameters: {'x_0': 0, 'x_1': -1, 'x_2': 2, 'x_3': -2}. Best is trial 7 with value: 3.0.
[I 2024-11-24 16:08:52,083] Trial 29 finished with value: 5.0 and parameters: {'x_0': 0, 'x_1': 0, 'x_2': -2, 'x_3': 1}. Best is trial 25 with value: 0.0.
[I 2024-11-24 16:08:52,117] Trial 40 finished with value: 10.0 and parameters: {'x_0': -3, 'x_1': 0, 'x_2': 0, 'x_3': -1}. Best is trial 33 with value: 1.0.
[I 2024-11-24 16:08:52,121] Trial 29 finished with value: 11.0 and parameters: {'x_0': 0, 'x_1': -1, 'x_2': -1, 'x_3': 3}. Best is trial 10 with value: 2.0.
[I 2024-11-24 16:08:52,133] Trial 28 finished with value: 3.0 and parameters: {'x_0': 1, 'x_1': 1, 'x_2': -1, 'x_3': 0}. Best is trial 21 with value: 0.0.
[I 2024-11-24 16:08:52,134] Trial 35 finished with value: 1.0 and parameters: {'x_0': 0, 'x_1': 1, 'x_2': 0, 'x_3': 0}. Best is trial 32 with value: 1.0.
[I 2024-11-24 16:08:52,147] Trial 35 finished with value: 2.0 and parameters: {'x_0': 0, 'x_1': 0, 'x_2': -1, 'x_3': 1}. Best is trial 12 with value: 1.0.
[I 2024-11-24 16:08:52,150] Trial 31 finished with value: 1.0 and parameters: {'x_0': 0, 'x_1': 0, 'x_2': 0, 'x_3': 1}. Best is trial 29 with value: 0.0.
[I 2024-11-24 16:08:52,162] Trial 30 finished with value: 5.0 and parameters: {'x_0': 0, 'x_1': 2, 'x_2': -1, 'x_3': 0}. Best is trial 26 with value: 0.0.
[I 2024-11-24 16:08:52,165] Trial 29 finished with value: 5.0 and parameters: {'x_0': 0, 'x_1': 0, 'x_2': 1, 'x_3': -2}. Best is trial 16 with value: 0.0.
[I 2024-11-24 16:08:52,198] Trial 30 finished with value: 5.0 and parameters: {'x_0': 0, 'x_1': 0, 'x_2': 2, 'x_3': 1}. Best is trial 25 with value: 0.0.
[I 2024-11-24 16:08:52,202] Trial 38 finished with value: 6.0 and parameters: {'x_0': 1, 'x_1': 0, 'x_2': -1, 'x_3': -2}. Best is trial 7 with value: 3.0.
[I 2024-11-24 16:08:52,219] Trial 29 finished with value: 5.0 and parameters: {'x_0': 0, 'x_1': 1, 'x_2': 0, 'x_3': 2}. Best is trial 21 with value: 0.0.
[I 2024-11-24 16:08:52,233] Trial 30 finished with value: 3.0 and parameters: {'x_0': -1, 'x_1': 0, 'x_2': -1, 'x_3': -1}. Best is trial 10 with value: 2.0.
[I 2024-11-24 16:08:52,247] Trial 36 finished with value: 2.0 and parameters: {'x_0': 0, 'x_1': 1, 'x_2': 0, 'x_3': -1}. Best is trial 32 with value: 1.0.
[I 2024-11-24 16:08:52,255] Trial 36 finished with value: 2.0 and parameters: {'x_0': 1, 'x_1': 0, 'x_2': -1, 'x_3': 0}. Best is trial 12 with value: 1.0.
[I 2024-11-24 16:08:52,263] Trial 41 finished with value: 0.0 and parameters: {'x_0': 0, 'x_1': 0, 'x_2': 0, 'x_3': 0}. Best is trial 41 with value: 0.0.
[I 2024-11-24 16:08:52,271] Trial 32 finished with value: 2.0 and parameters: {'x_0': 1, 'x_1': 0, 'x_2': -1, 'x_3': 0}. Best is trial 29 with value: 0.0.
[I 2024-11-24 16:08:52,277] Trial 31 finished with value: 5.0 and parameters: {'x_0': 0, 'x_1': -2, 'x_2': -1, 'x_3': 0}. Best is trial 26 with value: 0.0.
[I 2024-11-24 16:08:52,297] Trial 30 finished with value: 2.0 and parameters: {'x_0': 0, 'x_1': 1, 'x_2': -1, 'x_3': 0}. Best is trial 16 with value: 0.0.
[I 2024-11-24 16:08:52,317] Trial 30 finished with value: 10.0 and parameters: {'x_0': 0, 'x_1': 1, 'x_2': 0, 'x_3': 3}. Best is trial 21 with value: 0.0.
[I 2024-11-24 16:08:52,321] Trial 31 finished with value: 2.0 and parameters: {'x_0': 1, 'x_1': 0, 'x_2': 0, 'x_3': 1}. Best is trial 25 with value: 0.0.
[I 2024-11-24 16:08:52,339] Trial 31 finished with value: 2.0 and parameters: {'x_0': -1, 'x_1': 0, 'x_2': -1, 'x_3': 0}. Best is trial 10 with value: 2.0.
[I 2024-11-24 16:08:52,350] Trial 37 finished with value: 2.0 and parameters: {'x_0': 0, 'x_1': 1, 'x_2': 0, 'x_3': 1}. Best is trial 32 with value: 1.0.
[I 2024-11-24 16:08:52,371] Trial 39 finished with value: 6.0 and parameters: {'x_0': 0, 'x_1': 1, 'x_2': -1, 'x_3': -2}. Best is trial 7 with value: 3.0.
[I 2024-11-24 16:08:52,381] Trial 37 finished with value: 2.0 and parameters: {'x_0': -1, 'x_1': 0, 'x_2': -1, 'x_3': 0}. Best is trial 12 with value: 1.0.
[I 2024-11-24 16:08:52,388] Trial 32 finished with value: 3.0 and parameters: {'x_0': 1, 'x_1': 0, 'x_2': -1, 'x_3': -1}. Best is trial 26 with value: 0.0.
[I 2024-11-24 16:08:52,413] Trial 31 finished with value: 5.0 and parameters: {'x_0': 0, 'x_1': 1, 'x_2': 2, 'x_3': 0}. Best is trial 21 with value: 0.0.
[I 2024-11-24 16:08:52,417] Trial 33 finished with value: 4.0 and parameters: {'x_0': 0, 'x_1': 0, 'x_2': 0, 'x_3': -2}. Best is trial 29 with value: 0.0.
[I 2024-11-24 16:08:52,436] Trial 32 finished with value: 5.0 and parameters: {'x_0': 0, 'x_1': 2, 'x_2': 0, 'x_3': 1}. Best is trial 25 with value: 0.0.
[I 2024-11-24 16:08:52,438] Trial 31 finished with value: 3.0 and parameters: {'x_0': 0, 'x_1': 1, 'x_2': -1, 'x_3': 1}. Best is trial 16 with value: 0.0.
[I 2024-11-24 16:08:52,447] Trial 42 finished with value: 4.0 and parameters: {'x_0': 0, 'x_1': 2, 'x_2': 0, 'x_3': 0}. Best is trial 41 with value: 0.0.
[I 2024-11-24 16:08:52,476] Trial 32 finished with value: 2.0 and parameters: {'x_0': 0, 'x_1': 0, 'x_2': -1, 'x_3': 1}. Best is trial 10 with value: 2.0.
[I 2024-11-24 16:08:52,476] Trial 38 finished with value: 10.0 and parameters: {'x_0': 0, 'x_1': 1, 'x_2': -3, 'x_3': 0}. Best is trial 32 with value: 1.0.
[I 2024-11-24 16:08:52,499] Trial 40 finished with value: 4.0 and parameters: {'x_0': 0, 'x_1': 0, 'x_2': 0, 'x_3': 2}. Best is trial 7 with value: 3.0.
[I 2024-11-24 16:08:52,517] Trial 33 finished with value: 10.0 and parameters: {'x_0': 0, 'x_1': 3, 'x_2': -1, 'x_3': 0}. Best is trial 26 with value: 0.0.
[I 2024-11-24 16:08:52,535] Trial 34 finished with value: 1.0 and parameters: {'x_0': 0, 'x_1': 0, 'x_2': 1, 'x_3': 0}. Best is trial 29 with value: 0.0.
[I 2024-11-24 16:08:52,535] Trial 32 finished with value: 10.0 and parameters: {'x_0': -3, 'x_1': 1, 'x_2': 0, 'x_3': 0}. Best is trial 21 with value: 0.0.
[I 2024-11-24 16:08:52,549] Trial 33 finished with value: 5.0 and parameters: {'x_0': 2, 'x_1': 0, 'x_2': 0, 'x_3': 1}. Best is trial 25 with value: 0.0.
[I 2024-11-24 16:08:52,576] Trial 43 finished with value: 4.0 and parameters: {'x_0': 0, 'x_1': 0, 'x_2': 0, 'x_3': -2}. Best is trial 41 with value: 0.0.
