[I 2024-11-24 16:10:16,426] Trial 249 finished with value: 12.0 and parameters: {'x_0': 1, 'x_1': -1, 'x_2': -1, 'x_3': -3}. Best is trial 148 with value: 0.0.
[I 2024-11-24 16:10:16,433] Trial 276 finished with value: 6.0 and parameters: {'x_0': -1, 'x_1': 0, 'x_2': -2, 'x_3': -1}. Best is trial 164 with value: 0.0.
[I 2024-11-24 16:10:16,489] Trial 257 finished with value: 8.0 and parameters: {'x_0': 0, 'x_1': 0, 'x_2': -2, 'x_3': 2}. Best is trial 25 with value: 0.0.
[I 2024-11-24 16:10:16,588] Trial 257 finished with value: 6.0 and parameters: {'x_0': 0, 'x_1': -1, 'x_2': -2, 'x_3': 1}. Best is trial 56 with value: 0.0.
[I 2024-11-24 16:10:16,677] Trial 269 finished with value: 8.0 and parameters: {'x_0': 0, 'x_1': -2, 'x_2': 2, 'x_3': 0}. Best is trial 21 with value: 0.0.
[I 2024-11-24 16:10:16,693] Trial 265 finished with value: 4.0 and parameters: {'x_0': 0, 'x_1': 2, 'x_2': 0, 'x_3': 0}. Best is trial 26 with value: 0.0.
[I 2024-11-24 16:10:16,738] Trial 252 finished with value: 6.0 and parameters: {'x_0': 1, 'x_1': 0, 'x_2': 1, 'x_3': 2}. Best is trial 16 with value: 0.0.
[I 2024-11-24 16:10:16,754] Trial 252 finished with value: 4.0 and parameters: {'x_0': 0, 'x_1': -2, 'x_2': 0, 'x_3': 0}. Best is trial 41 with value: 0.0.
[I 2024-11-24 16:10:16,808] Trial 253 finished with value: 6.0 and parameters: {'x_0': -2, 'x_1': 0, 'x_2': 1, 'x_3': -1}. Best is trial 99 with value: 0.0.
[I 2024-11-24 16:10:16,847] Trial 277 finished with value: 6.0 and parameters: {'x_0': 1, 'x_1': -1, 'x_2': 2, 'x_3': 0}. Best is trial 164 with value: 0.0.
[I 2024-11-24 16:10:17,064] Trial 258 finished with value: 6.0 and parameters: {'x_0': 2, 'x_1': 1, 'x_2': 0, 'x_3': -1}. Best is trial 25 with value: 0.0.
[I 2024-11-24 16:10:17,109] Trial 270 finished with value: 12.0 and parameters: {'x_0': -1, 'x_1': 3, 'x_2': -1, 'x_3': -1}. Best is trial 21 with value: 0.0.
[I 2024-11-24 16:10:17,203] Trial 253 finished with value: 5.0 and parameters: {'x_0': 0, 'x_1': -2, 'x_2': 0, 'x_3': 1}. Best is trial 41 with value: 0.0.
[I 2024-11-24 16:10:17,205] Trial 253 finished with value: 12.0 and parameters: {'x_0': 3, 'x_1': 1, 'x_2': -1, 'x_3': 1}. Best is trial 16 with value: 0.0.
[I 2024-11-24 16:10:17,400] Trial 277 finished with value: 6.0 and parameters: {'x_0': 2, 'x_1': 1, 'x_2': -1, 'x_3': 0}. Best is trial 29 with value: 0.0.
[I 2024-11-24 16:10:17,669] Trial 258 finished with value: 6.0 and parameters: {'x_0': -1, 'x_1': 0, 'x_2': 1, 'x_3': 2}. Best is trial 56 with value: 0.0.
[I 2024-11-24 16:10:17,673] Trial 250 finished with value: 11.0 and parameters: {'x_0': 0, 'x_1': -1, 'x_2': 3, 'x_3': -1}. Best is trial 148 with value: 0.0.
[I 2024-11-24 16:10:17,773] Trial 278 finished with value: 7.0 and parameters: {'x_0': -2, 'x_1': 1, 'x_2': -1, 'x_3': -1}. Best is trial 164 with value: 0.0.
[I 2024-11-24 16:10:17,853] Trial 271 finished with value: 6.0 and parameters: {'x_0': 0, 'x_1': 1, 'x_2': -2, 'x_3': 1}. Best is trial 21 with value: 0.0.
[I 2024-11-24 16:10:17,871] Trial 254 finished with value: 9.0 and parameters: {'x_0': 1, 'x_1': -2, 'x_2': 2, 'x_3': 0}. Best is trial 41 with value: 0.0.
[I 2024-11-24 16:10:17,985] Trial 266 finished with value: 8.0 and parameters: {'x_0': 0, 'x_1': 2, 'x_2': 0, 'x_3': 2}. Best is trial 26 with value: 0.0.
[I 2024-11-24 16:10:18,014] Trial 254 finished with value: 6.0 and parameters: {'x_0': -1, 'x_1': 0, 'x_2': 2, 'x_3': 1}. Best is trial 99 with value: 0.0.
[I 2024-11-24 16:10:18,038] Trial 254 finished with value: 7.0 and parameters: {'x_0': 1, 'x_1': -1, 'x_2': -1, 'x_3': -2}. Best is trial 16 with value: 0.0.
[I 2024-11-24 16:10:18,139] Trial 259 finished with value: 6.0 and parameters: {'x_0': -2, 'x_1': -1, 'x_2': 1, 'x_3': 0}. Best is trial 56 with value: 0.0.
[I 2024-11-24 16:10:18,151] Trial 279 finished with value: 7.0 and parameters: {'x_0': -2, 'x_1': -1, 'x_2': 1, 'x_3': -1}. Best is trial 164 with value: 0.0.
[I 2024-11-24 16:10:18,212] Trial 251 finished with value: 11.0 and parameters: {'x_0': -1, 'x_1': 1, 'x_2': 0, 'x_3': 3}. Best is trial 148 with value: 0.0.
[I 2024-11-24 16:10:18,375] Trial 259 finished with value: 6.0 and parameters: {'x_0': -2, 'x_1': 1, 'x_2': 0, 'x_3': 1}. Best is trial 25 with value: 0.0.
[I 2024-11-24 16:10:18,409] Trial 278 finished with value: 5.0 and parameters: {'x_0': -2, 'x_1': -1, 'x_2': 0, 'x_3': 0}. Best is trial 29 with value: 0.0.
[I 2024-11-24 16:10:18,488] Trial 255 finished with value: 7.0 and parameters: {'x_0': 1, 'x_1': 1, 'x_2': -1, 'x_3': -2}. Best is trial 99 with value: 0.0.
[I 2024-11-24 16:10:18,489] Trial 267 finished with value: 9.0 and parameters: {'x_0': 0, 'x_1': -2, 'x_2': 2, 'x_3': 1}. Best is trial 26 with value: 0.0.
[I 2024-11-24 16:10:18,526] Trial 260 finished with value: 6.0 and parameters: {'x_0': 2, 'x_1': 1, 'x_2': 1, 'x_3': 0}. Best is trial 56 with value: 0.0.
[I 2024-11-24 16:10:18,667] Trial 280 finished with value: 11.0 and parameters: {'x_0': -1, 'x_1': -3, 'x_2': 1, 'x_3': 0}. Best is trial 164 with value: 0.0.
[I 2024-11-24 16:10:18,752] Trial 272 finished with value: 11.0 and parameters: {'x_0': 0, 'x_1': -1, 'x_2': 3, 'x_3': 1}. Best is trial 21 with value: 0.0.
[I 2024-11-24 16:10:18,820] Trial 252 finished with value: 9.0 and parameters: {'x_0': 2, 'x_1': 2, 'x_2': 1, 'x_3': 0}. Best is trial 148 with value: 0.0.
[I 2024-11-24 16:10:18,845] Trial 255 finished with value: 8.0 and parameters: {'x_0': 0, 'x_1': 2, 'x_2': 0, 'x_3': 2}. Best is trial 41 with value: 0.0.
[I 2024-11-24 16:10:18,897] Trial 260 finished with value: 7.0 and parameters: {'x_0': -1, 'x_1': -1, 'x_2': -1, 'x_3': 2}. Best is trial 25 with value: 0.0.
[I 2024-11-24 16:10:18,935] Trial 256 finished with value: 6.0 and parameters: {'x_0': -2, 'x_1': -1, 'x_2': 0, 'x_3': -1}. Best is trial 99 with value: 0.0.
[I 2024-11-24 16:10:18,970] Trial 268 finished with value: 12.0 and parameters: {'x_0': -3, 'x_1': -1, 'x_2': 1, 'x_3': -1}. Best is trial 26 with value: 0.0.
[I 2024-11-24 16:10:19,203] Trial 255 finished with value: 6.0 and parameters: {'x_0': -1, 'x_1': -1, 'x_2': -2, 'x_3': 0}. Best is trial 16 with value: 0.0.
[I 2024-11-24 16:10:19,220] Trial 273 finished with value: 11.0 and parameters: {'x_0': 1, 'x_1': 0, 'x_2': 1, 'x_3': -3}. Best is trial 21 with value: 0.0.
[I 2024-11-24 16:10:19,311] Trial 256 finished with value: 6.0 and parameters: {'x_0': 0, 'x_1': 2, 'x_2': 1, 'x_3': -1}. Best is trial 41 with value: 0.0.
[I 2024-11-24 16:10:19,371] Trial 279 finished with value: 11.0 and parameters: {'x_0': -3, 'x_1': 1, 'x_2': 1, 'x_3': 0}. Best is trial 29 with value: 0.0.
[I 2024-11-24 16:10:19,403] Trial 261 finished with value: 7.0 and parameters: {'x_0': -1, 'x_1': 1, 'x_2': 1, 'x_3': 2}. Best is trial 56 with value: 0.0.
[I 2024-11-24 16:10:19,422] Trial 261 finished with value: 5.0 and parameters: {'x_0': 0, 'x_1': 2, 'x_2': 0, 'x_3': -1}. Best is trial 25 with value: 0.0.
[I 2024-11-24 16:10:19,659] Trial 256 finished with value: 6.0 and parameters: {'x_0': -1, 'x_1': 0, 'x_2': 2, 'x_3': 1}. Best is trial 16 with value: 0.0.
[I 2024-11-24 16:10:19,739] Trial 257 finished with value: 7.0 and parameters: {'x_0': 1, 'x_1': 1, 'x_2': 1, 'x_3': 2}. Best is trial 99 with value: 0.0.
[I 2024-11-24 16:10:19,748] Trial 253 finished with value: 12.0 and parameters: {'x_0': 1, 'x_1': 1, 'x_2': -3, 'x_3': -1}. Best is trial 148 with value: 0.0.
[I 2024-11-24 16:10:19,756] Trial 257 finished with value: 8.0 and parameters: {'x_0': 0, 'x_1': -2, 'x_2': 0, 'x_3': -2}. Best is trial 41 with value: 0.0.
[I 2024-11-24 16:10:19,776] Trial 274 finished with value: 7.0 and parameters: {'x_0': 2, 'x_1': 1, 'x_2': -1, 'x_3': -1}. Best is trial 21 with value: 0.0.
[I 2024-11-24 16:10:19,837] Trial 281 finished with value: 11.0 and parameters: {'x_0': 3, 'x_1': -1, 'x_2': 1, 'x_3': 0}. Best is trial 164 with value: 0.0.
[I 2024-11-24 16:10:19,840] Trial 262 finished with value: 6.0 and parameters: {'x_0': 0, 'x_1': 2, 'x_2': 1, 'x_3': -1}. Best is trial 56 with value: 0.0.
[I 2024-11-24 16:10:19,853] Trial 269 finished with value: 11.0 and parameters: {'x_0': 3, 'x_1': 1, 'x_2': 1, 'x_3': 0}. Best is trial 26 with value: 0.0.
[I 2024-11-24 16:10:20,108] Trial 257 finished with value: 6.0 and parameters: {'x_0': -2, 'x_1': 0, 'x_2': 1, 'x_3': 1}. Best is trial 16 with value: 0.0.
[I 2024-11-24 16:10:20,193] Trial 258 finished with value: 6.0 and parameters: {'x_0': 1, 'x_1': 0, 'x_2': 1, 'x_3': -2}. Best is trial 99 with value: 0.0.
[I 2024-11-24 16:10:20,247] Trial 254 finished with value: 9.0 and parameters: {'x_0': -2, 'x_1': 1, 'x_2': 2, 'x_3': 0}. Best is trial 148 with value: 0.0.
[I 2024-11-24 16:10:20,268] Trial 263 finished with value: 10.0 and parameters: {'x_0': 0, 'x_1': 1, 'x_2': -3, 'x_3': 0}. Best is trial 56 with value: 0.0.
[I 2024-11-24 16:10:20,365] Trial 280 finished with value: 5.0 and parameters: {'x_0': 2, 'x_1': 0, 'x_2': 1, 'x_3': 0}. Best is trial 29 with value: 0.0.
[I 2024-11-24 16:10:20,387] Trial 282 finished with value: 11.0 and parameters: {'x_0': -1, 'x_1': 1, 'x_2': 0, 'x_3': 3}. Best is trial 164 with value: 0.0.
[I 2024-11-24 16:10:20,416] Trial 270 finished with value: 9.0 and parameters: {'x_0': 0, 'x_1': 0, 'x_2': 0, 'x_3': -3}. Best is trial 26 with value: 0.0.
[I 2024-11-24 16:10:20,539] Trial 262 finished with value: 5.0 and parameters: {'x_0': -1, 'x_1': 0, 'x_2': 0, 'x_3': -2}. Best is trial 25 with value: 0.0.
[I 2024-11-24 16:10:20,549] Trial 275 finished with value: 8.0 and parameters: {'x_0': 0, 'x_1': 0, 'x_2': 2, 'x_3': 2}. Best is trial 21 with value: 0.0.
[I 2024-11-24 16:10:20,636] Trial 259 finished with value: 11.0 and parameters: {'x_0': 1, 'x_1': 3, 'x_2': 0, 'x_3': -1}. Best is trial 99 with value: 0.0.
[I 2024-11-24 16:10:20,658] Trial 258 finished with value: 11.0 and parameters: {'x_0': 1, 'x_1': 1, 'x_2': 0, 'x_3': -3}. Best is trial 41 with value: 0.0.
[I 2024-11-24 16:10:20,746] Trial 255 finished with value: 9.0 and parameters: {'x_0': -2, 'x_1': -1, 'x_2': -2, 'x_3': 0}. Best is trial 148 with value: 0.0.
[I 2024-11-24 16:10:20,866] Trial 271 finished with value: 10.0 and parameters: {'x_0': 1, 'x_1': 0, 'x_2': 0, 'x_3': 3}. Best is trial 26 with value: 0.0.
[I 2024-11-24 16:10:20,945] Trial 283 finished with value: 10.0 and parameters: {'x_0': 0, 'x_1': 0, 'x_2': -1, 'x_3': 3}. Best is trial 164 with value: 0.0.
[I 2024-11-24 16:10:21,013] Trial 263 finished with value: 8.0 and parameters: {'x_0': -2, 'x_1': -2, 'x_2': 0, 'x_3': 0}. Best is trial 25 with value: 0.0.
[I 2024-11-24 16:10:21,039] Trial 258 finished with value: 7.0 and parameters: {'x_0': 1, 'x_1': -1, 'x_2': 1, 'x_3': 2}. Best is trial 16 with value: 0.0.
[I 2024-11-24 16:10:21,073] Trial 276 finished with value: 5.0 and parameters: {'x_0': 2, 'x_1': 0, 'x_2': 1, 'x_3': 0}. Best is trial 21 with value: 0.0.
[I 2024-11-24 16:10:21,098] Trial 259 finished with value: 8.0 and parameters: {'x_0': 0, 'x_1': 0, 'x_2': -2, 'x_3': 2}. Best is trial 41 with value: 0.0.
[I 2024-11-24 16:10:21,183] Trial 264 finished with value: 7.0 and parameters: {'x_0': 1, 'x_1': -1, 'x_2': -1, 'x_3': -2}. Best is trial 56 with value: 0.0.
[I 2024-11-24 16:10:21,362] Trial 281 finished with value: 5.0 and parameters: {'x_0': -1, 'x_1': 0, 'x_2': 0, 'x_3': 2}. Best is trial 29 with value: 0.0.
[I 2024-11-24 16:10:21,501] Trial 260 finished with value: 10.0 and parameters: {'x_0': -1, 'x_1': 0, 'x_2': 0, 'x_3': -3}. Best is trial 41 with value: 0.0.
[I 2024-11-24 16:10:21,527] Trial 260 finished with value: 6.0 and parameters: {'x_0': 2, 'x_1': -1, 'x_2': 0, 'x_3': 1}. Best is trial 99 with value: 0.0.
[I 2024-11-24 16:10:21,534] Trial 277 finished with value: 6.0 and parameters: {'x_0': 1, 'x_1': -1, 'x_2': 0, 'x_3': 2}. Best is trial 21 with value: 0.0.
[I 2024-11-24 16:10:21,535] Trial 259 finished with value: 10.0 and parameters: {'x_0': 1, 'x_1': 0, 'x_2': 0, 'x_3': 3}. Best is trial 16 with value: 0.0.
[I 2024-11-24 16:10:21,698] Trial 265 finished with value: 6.0 and parameters: {'x_0': 0, 'x_1': -2, 'x_2': 1, 'x_3': -1}. Best is trial 56 with value: 0.0.
[I 2024-11-24 16:10:21,779] Trial 272 finished with value: 10.0 and parameters: {'x_0': 0, 'x_1': 0, 'x_2': -3, 'x_3': -1}. Best is trial 26 with value: 0.0.
[I 2024-11-24 16:10:21,935] Trial 284 finished with value: 7.0 and parameters: {'x_0': 1, 'x_1': -1, 'x_2': -2, 'x_3': 1}. Best is trial 164 with value: 0.0.
[I 2024-11-24 16:10:21,954] Trial 256 finished with value: 12.0 and parameters: {'x_0': 1, 'x_1': -1, 'x_2': 1, 'x_3': 3}. Best is trial 148 with value: 0.0.
[I 2024-11-24 16:10:21,980] Trial 264 finished with value: 4.0 and parameters: {'x_0': 0, 'x_1': 2, 'x_2': 0, 'x_3': 0}. Best is trial 25 with value: 0.0.
[I 2024-11-24 16:10:22,008] Trial 261 finished with value: 10.0 and parameters: {'x_0': 0, 'x_1': 0, 'x_2': 3, 'x_3': 1}. Best is trial 99 with value: 0.0.
[I 2024-11-24 16:10:22,045] Trial 260 finished with value: 11.0 and parameters: {'x_0': -1, 'x_1': 0, 'x_2': -3, 'x_3': -1}. Best is trial 16 with value: 0.0.
[I 2024-11-24 16:10:22,097] Trial 266 finished with value: 8.0 and parameters: {'x_0': -2, 'x_1': 0, 'x_2': 0, 'x_3': 2}. Best is trial 56 with value: 0.0.
[I 2024-11-24 16:10:22,329] Trial 273 finished with value: 11.0 and parameters: {'x_0': 0, 'x_1': -3, 'x_2': 1, 'x_3': 1}. Best is trial 26 with value: 0.0.
[I 2024-11-24 16:10:22,395] Trial 282 finished with value: 6.0 and parameters: {'x_0': -2, 'x_1': 1, 'x_2': 0, 'x_3': 1}. Best is trial 29 with value: 0.0.
[I 2024-11-24 16:10:22,442] Trial 285 finished with value: 11.0 and parameters: {'x_0': -1, 'x_1': 0, 'x_2': 1, 'x_3': -3}. Best is trial 164 with value: 0.0.
[I 2024-11-24 16:10:22,513] Trial 278 finished with value: 6.0 and parameters: {'x_0': -1, 'x_1': -1, 'x_2': -2, 'x_3': 0}. Best is trial 21 with value: 0.0.
[I 2024-11-24 16:10:22,523] Trial 265 finished with value: 8.0 and parameters: {'x_0': 0, 'x_1': 2, 'x_2': 0, 'x_3': -2}. Best is trial 25 with value: 0.0.
[I 2024-11-24 16:10:22,572] Trial 261 finished with value: 6.0 and parameters: {'x_0': 0, 'x_1': 2, 'x_2': -1, 'x_3': 1}. Best is trial 41 with value: 0.0.
[I 2024-11-24 16:10:22,574] Trial 257 finished with value: 5.0 and parameters: {'x_0': 2, 'x_1': -1, 'x_2': 0, 'x_3': 0}. Best is trial 148 with value: 0.0.
[I 2024-11-24 16:10:22,598] Trial 262 finished with value: 8.0 and parameters: {'x_0': 2, 'x_1': -2, 'x_2': 0, 'x_3': 0}. Best is trial 99 with value: 0.0.
[I 2024-11-24 16:10:22,811] Trial 274 finished with value: 12.0 and parameters: {'x_0': -1, 'x_1': 1, 'x_2': 3, 'x_3': -1}. Best is trial 26 with value: 0.0.
[I 2024-11-24 16:10:22,860] Trial 286 finished with value: 8.0 and parameters: {'x_0': -2, 'x_1': 0, 'x_2': 0, 'x_3': 2}. Best is trial 164 with value: 0.0.
[I 2024-11-24 16:10:22,946] Trial 279 finished with value: 6.0 and parameters: {'x_0': 0, 'x_1': -2, 'x_2': 1, 'x_3': -1}. Best is trial 21 with value: 0.0.
[I 2024-11-24 16:10:22,994] Trial 262 finished with value: 10.0 and parameters: {'x_0': 0, 'x_1': 0, 'x_2': 1, 'x_3': -3}. Best is trial 41 with value: 0.0.
[I 2024-11-24 16:10:23,078] Trial 267 finished with value: 6.0 and parameters: {'x_0': -1, 'x_1': 2, 'x_2': 0, 'x_3': -1}. Best is trial 56 with value: 0.0.
[I 2024-11-24 16:10:23,098] Trial 266 finished with value: 5.0 and parameters: {'x_0': 0, 'x_1': 2, 'x_2': 1, 'x_3': 0}. Best is trial 25 with value: 0.0.
[I 2024-11-24 16:10:23,178] Trial 283 finished with value: 6.0 and parameters: {'x_0': 2, 'x_1': -1, 'x_2': 0, 'x_3': 1}. Best is trial 29 with value: 0.0.
[I 2024-11-24 16:10:23,357] Trial 280 finished with value: 11.0 and parameters: {'x_0': -3, 'x_1': -1, 'x_2': 1, 'x_3': 0}. Best is trial 21 with value: 0.0.
[I 2024-11-24 16:10:23,434] Trial 261 finished with value: 7.0 and parameters: {'x_0': -1, 'x_1': 1, 'x_2': 1, 'x_3': -2}. Best is trial 16 with value: 0.0.
[I 2024-11-24 16:10:23,461] Trial 268 finished with value: 6.0 and parameters: {'x_0': -1, 'x_1': -2, 'x_2': 0, 'x_3': 1}. Best is trial 56 with value: 0.0.
[I 2024-11-24 16:10:23,565] Trial 263 finished with value: 5.0 and parameters: {'x_0': -2, 'x_1': 1, 'x_2': 0, 'x_3': 0}. Best is trial 41 with value: 0.0.
[I 2024-11-24 16:10:23,635] Trial 258 finished with value: 6.0 and parameters: {'x_0': 2, 'x_1': 0, 'x_2': -1, 'x_3': 1}. Best is trial 148 with value: 0.0.
[I 2024-11-24 16:10:23,663] Trial 263 finished with value: 8.0 and parameters: {'x_0': -2, 'x_1': 0, 'x_2': 0, 'x_3': -2}. Best is trial 99 with value: 0.0.
[I 2024-11-24 16:10:23,774] Trial 275 finished with value: 8.0 and parameters: {'x_0': 2, 'x_1': -2, 'x_2': 0, 'x_3': 0}. Best is trial 26 with value: 0.0.
[I 2024-11-24 16:10:23,877] Trial 269 finished with value: 6.0 and parameters: {'x_0': 2, 'x_1': -1, 'x_2': 0, 'x_3': 1}. Best is trial 56 with value: 0.0.
[I 2024-11-24 16:10:23,934] Trial 287 finished with value: 6.0 and parameters: {'x_0': 1, 'x_1': -2, 'x_2': 0, 'x_3': 1}. Best is trial 164 with value: 0.0.
[I 2024-11-24 16:10:24,058] Trial 262 finished with value: 11.0 and parameters: {'x_0': 3, 'x_1': -1, 'x_2': 0, 'x_3': -1}. Best is trial 16 with value: 0.0.
[I 2024-11-24 16:10:24,083] Trial 284 finished with value: 4.0 and parameters: {'x_0': -1, 'x_1': 1, 'x_2': -1, 'x_3': 1}. Best is trial 29 with value: 0.0.
[I 2024-11-24 16:10:24,108] Trial 267 finished with value: 6.0 and parameters: {'x_0': 0, 'x_1': 2, 'x_2': 1, 'x_3': -1}. Best is trial 25 with value: 0.0.
[I 2024-11-24 16:10:24,115] Trial 259 finished with value: 11.0 and parameters: {'x_0': 3, 'x_1': 1, 'x_2': 1, 'x_3': 0}. Best is trial 148 with value: 0.0.
[I 2024-11-24 16:10:24,194] Trial 264 finished with value: 6.0 and parameters: {'x_0': 0, 'x_1': -2, 'x_2': -1, 'x_3': -1}. Best is trial 99 with value: 0.0.
[I 2024-11-24 16:10:24,308] Trial 281 finished with value: 7.0 and parameters: {'x_0': -2, 'x_1': 1, 'x_2': -1, 'x_3': 1}. Best is trial 21 with value: 0.0.
[I 2024-11-24 16:10:24,443] Trial 276 finished with value: 12.0 and parameters: {'x_0': -3, 'x_1': 1, 'x_2': -1, 'x_3': -1}. Best is trial 26 with value: 0.0.
[I 2024-11-24 16:10:24,474] Trial 288 finished with value: 6.0 and parameters: {'x_0': 0, 'x_1': 1, 'x_2': 2, 'x_3': 1}. Best is trial 164 with value: 0.0.
[I 2024-11-24 16:10:24,666] Trial 268 finished with value: 7.0 and parameters: {'x_0': 2, 'x_1': 1, 'x_2': 1, 'x_3': -1}. Best is trial 25 with value: 0.0.
[I 2024-11-24 16:10:24,772] Trial 282 finished with value: 6.0 and parameters: {'x_0': -1, 'x_1': 0, 'x_2': 1, 'x_3': 2}. Best is trial 21 with value: 0.0.
[I 2024-11-24 16:10:24,835] Trial 265 finished with value: 9.0 and parameters: {'x_0': -2, 'x_1': 2, 'x_2': 1, 'x_3': 0}. Best is trial 99 with value: 0.0.
[I 2024-11-24 16:10:24,894] Trial 263 finished with value: 7.0 and parameters: {'x_0': 1, 'x_1': 1, 'x_2': -1, 'x_3': 2}. Best is trial 16 with value: 0.0.
[I 2024-11-24 16:10:24,985] Trial 264 finished with value: 2.0 and parameters: {'x_0': 0, 'x_1': 1, 'x_2': 1, 'x_3': 0}. Best is trial 41 with value: 0.0.
[I 2024-11-24 16:10:24,992] Trial 260 finished with value: 11.0 and parameters: {'x_0': 0, 'x_1': 1, 'x_2': 1, 'x_3': -3}. Best is trial 148 with value: 0.0.
[I 2024-11-24 16:10:25,016] Trial 289 finished with value: 6.0 and parameters: {'x_0': 1, 'x_1': 0, 'x_2': 1, 'x_3': -2}. Best is trial 164 with value: 0.0.
[I 2024-11-24 16:10:25,024] Trial 277 finished with value: 9.0 and parameters: {'x_0': 2, 'x_1': -1, 'x_2': 2, 'x_3': 0}. Best is trial 26 with value: 0.0.
[I 2024-11-24 16:10:25,153] Trial 270 finished with value: 11.0 and parameters: {'x_0': 1, 'x_1': 0, 'x_2': 1, 'x_3': -3}. Best is trial 56 with value: 0.0.
[I 2024-11-24 16:10:25,216] Trial 285 finished with value: 5.0 and parameters: {'x_0': 1, 'x_1': 0, 'x_2': -2, 'x_3': 0}. Best is trial 29 with value: 0.0.
[I 2024-11-24 16:10:25,398] Trial 283 finished with value: 6.0 and parameters: {'x_0': 1, 'x_1': 0, 'x_2': -1, 'x_3': 2}. Best is trial 21 with value: 0.0.
[I 2024-11-24 16:10:25,496] Trial 265 finished with value: 6.0 and parameters: {'x_0': -1, 'x_1': 2, 'x_2': 0, 'x_3': -1}. Best is trial 41 with value: 0.0.
[I 2024-11-24 16:10:25,620] Trial 271 finished with value: 9.0 and parameters: {'x_0': 3, 'x_1': 0, 'x_2': 0, 'x_3': 0}. Best is trial 56 with value: 0.0.
[I 2024-11-24 16:10:25,817] Trial 290 finished with value: 6.0 and parameters: {'x_0': -1, 'x_1': 0, 'x_2': -1, 'x_3': -2}. Best is trial 164 with value: 0.0.
[I 2024-11-24 16:10:25,854] Trial 269 finished with value: 7.0 and parameters: {'x_0': 1, 'x_1': -1, 'x_2': 1, 'x_3': -2}. Best is trial 25 with value: 0.0.
[I 2024-11-24 16:10:25,882] Trial 266 finished with value: 7.0 and parameters: {'x_0': -2, 'x_1': 1, 'x_2': 1, 'x_3': 1}. Best is trial 99 with value: 0.0.
[I 2024-11-24 16:10:25,937] Trial 264 finished with value: 7.0 and parameters: {'x_0': -1, 'x_1': -1, 'x_2': -1, 'x_3': 2}. Best is trial 16 with value: 0.0.
[I 2024-11-24 16:10:25,988] Trial 266 finished with value: 5.0 and parameters: {'x_0': 2, 'x_1': -1, 'x_2': 0, 'x_3': 0}. Best is trial 41 with value: 0.0.
[I 2024-11-24 16:10:26,125] Trial 272 finished with value: 6.0 and parameters: {'x_0': -1, 'x_1': 0, 'x_2': 1, 'x_3': -2}. Best is trial 56 with value: 0.0.
[I 2024-11-24 16:10:26,128] Trial 261 finished with value: 11.0 and parameters: {'x_0': -1, 'x_1': 0, 'x_2': -1, 'x_3': -3}. Best is trial 148 with value: 0.0.
[I 2024-11-24 16:10:26,179] Trial 286 finished with value: 4.0 and parameters: {'x_0': -1, 'x_1': 1, 'x_2': 1, 'x_3': -1}. Best is trial 29 with value: 0.0.
[I 2024-11-24 16:10:26,275] Trial 278 finished with value: 8.0 and parameters: {'x_0': 0, 'x_1': 0, 'x_2': 2, 'x_3': -2}. Best is trial 26 with value: 0.0.
[I 2024-11-24 16:10:26,339] Trial 291 finished with value: 6.0 and parameters: {'x_0': 0, 'x_1': -2, 'x_2': 1, 'x_3': -1}. Best is trial 164 with value: 0.0.
[I 2024-11-24 16:10:26,361] Trial 267 finished with value: 6.0 and parameters: {'x_0': 1, 'x_1': 0, 'x_2': -1, 'x_3': 2}. Best is trial 99 with value: 0.0.
