[I 2024-11-24 16:17:02,920] Trial 3 finished with value: 18.0 and parameters: {'x_0': 2, 'x_1': 2, 'x_2': -1, 'x_3': 3}. Best is trial 2 with value: 9.0.
[I 2024-11-24 16:17:02,937] Trial 5 finished with value: 2.0 and parameters: {'x_0': 0, 'x_1': -1, 'x_2': 0, 'x_3': -1}. Best is trial 5 with value: 2.0.
[I 2024-11-24 16:17:02,951] Trial 5 finished with value: 6.0 and parameters: {'x_0': 0, 'x_1': 1, 'x_2': 1, 'x_3': -2}. Best is trial 5 with value: 6.0.
[I 2024-11-24 16:17:02,958] Trial 7 finished with value: 5.0 and parameters: {'x_0': -2, 'x_1': -1, 'x_2': 0, 'x_3': 0}. Best is trial 4 with value: 5.0.
[I 2024-11-24 16:17:02,961] Trial 5 finished with value: 7.0 and parameters: {'x_0': 1, 'x_1': 1, 'x_2': -1, 'x_3': 2}. Best is trial 3 with value: 4.0.
[I 2024-11-24 16:17:02,975] Trial 5 finished with value: 10.0 and parameters: {'x_0': -1, 'x_1': 3, 'x_2': 0, 'x_3': 0}. Best is trial 4 with value: 1.0.
[I 2024-11-24 16:17:02,988] Trial 4 finished with value: 3.0 and parameters: {'x_0': 1, 'x_1': -1, 'x_2': 0, 'x_3': -1}. Best is trial 4 with value: 3.0.
[I 2024-11-24 16:17:03,018] Trial 5 finished with value: 13.0 and parameters: {'x_0': 0, 'x_1': -3, 'x_2': -2, 'x_3': 0}. Best is trial 4 with value: 4.0.
[I 2024-11-24 16:17:03,027] Trial 5 finished with value: 12.0 and parameters: {'x_0': -1, 'x_1': -1, 'x_2': 1, 'x_3': -3}. Best is trial 4 with value: 12.0.
[I 2024-11-24 16:17:03,057] Trial 4 finished with value: 14.0 and parameters: {'x_0': -3, 'x_1': 2, 'x_2': -1, 'x_3': 0}. Best is trial 2 with value: 9.0.
[I 2024-11-24 16:17:03,066] Trial 5 finished with value: 2.0 and parameters: {'x_0': -1, 'x_1': 0, 'x_2': 1, 'x_3': 0}. Best is trial 4 with value: 2.0.
[I 2024-11-24 16:17:03,078] Trial 6 finished with value: 7.0 and parameters: {'x_0': 2, 'x_1': 1, 'x_2': -1, 'x_3': 1}. Best is trial 3 with value: 4.0.
[I 2024-11-24 16:17:03,092] Trial 8 finished with value: 1.0 and parameters: {'x_0': 0, 'x_1': -1, 'x_2': 0, 'x_3': 0}. Best is trial 8 with value: 1.0.
[I 2024-11-24 16:17:03,095] Trial 6 finished with value: 9.0 and parameters: {'x_0': 0, 'x_1': 1, 'x_2': -2, 'x_3': -2}. Best is trial 5 with value: 6.0.
[I 2024-11-24 16:17:03,111] Trial 6 finished with value: 10.0 and parameters: {'x_0': 0, 'x_1': 3, 'x_2': 0, 'x_3': -1}. Best is trial 5 with value: 2.0.
[I 2024-11-24 16:17:03,116] Trial 6 finished with value: 2.0 and parameters: {'x_0': -1, 'x_1': 0, 'x_2': 0, 'x_3': -1}. Best is trial 4 with value: 1.0.
[I 2024-11-24 16:17:03,152] Trial 5 finished with value: 6.0 and parameters: {'x_0': 1, 'x_1': -2, 'x_2': 0, 'x_3': -1}. Best is trial 4 with value: 3.0.
[I 2024-11-24 16:17:03,160] Trial 6 finished with value: 7.0 and parameters: {'x_0': -1, 'x_1': -1, 'x_2': 1, 'x_3': -2}. Best is trial 6 with value: 7.0.
[I 2024-11-24 16:17:03,170] Trial 6 finished with value: 8.0 and parameters: {'x_0': -2, 'x_1': 0, 'x_2': -2, 'x_3': 0}. Best is trial 4 with value: 4.0.
[I 2024-11-24 16:17:03,178] Trial 5 finished with value: 12.0 and parameters: {'x_0': 2, 'x_1': 2, 'x_2': 2, 'x_3': 0}. Best is trial 2 with value: 9.0.
[I 2024-11-24 16:17:03,183] Trial 7 finished with value: 3.0 and parameters: {'x_0': 0, 'x_1': 1, 'x_2': 1, 'x_3': -1}. Best is trial 7 with value: 3.0.
[I 2024-11-24 16:17:03,196] Trial 6 finished with value: 11.0 and parameters: {'x_0': -1, 'x_1': 3, 'x_2': 1, 'x_3': 0}. Best is trial 4 with value: 2.0.
[I 2024-11-24 16:17:03,203] Trial 9 finished with value: 0.0 and parameters: {'x_0': 0, 'x_1': 0, 'x_2': 0, 'x_3': 0}. Best is trial 9 with value: 0.0.
[I 2024-11-24 16:17:03,221] Trial 7 finished with value: 12.0 and parameters: {'x_0': 1, 'x_1': 1, 'x_2': 3, 'x_3': 1}. Best is trial 3 with value: 4.0.
[I 2024-11-24 16:17:03,241] Trial 7 finished with value: 5.0 and parameters: {'x_0': -1, 'x_1': 0, 'x_2': -2, 'x_3': 0}. Best is trial 4 with value: 1.0.
[I 2024-11-24 16:17:03,257] Trial 7 finished with value: 6.0 and parameters: {'x_0': -2, 'x_1': -1, 'x_2': 0, 'x_3': -1}. Best is trial 5 with value: 2.0.
[I 2024-11-24 16:17:03,260] Trial 6 finished with value: 12.0 and parameters: {'x_0': 1, 'x_1': -1, 'x_2': -3, 'x_3': -1}. Best is trial 4 with value: 3.0.
[I 2024-11-24 16:17:03,277] Trial 7 finished with value: 13.0 and parameters: {'x_0': 3, 'x_1': 0, 'x_2': -2, 'x_3': 0}. Best is trial 4 with value: 4.0.
[I 2024-11-24 16:17:03,300] Trial 7 finished with value: 10.0 and parameters: {'x_0': -1, 'x_1': 2, 'x_2': 1, 'x_3': -2}. Best is trial 6 with value: 7.0.
[I 2024-11-24 16:17:03,327] Trial 8 finished with value: 6.0 and parameters: {'x_0': 0, 'x_1': 1, 'x_2': 1, 'x_3': 2}. Best is trial 7 with value: 3.0.
[I 2024-11-24 16:17:03,330] Trial 7 finished with value: 10.0 and parameters: {'x_0': 3, 'x_1': 0, 'x_2': 1, 'x_3': 0}. Best is trial 4 with value: 2.0.
[I 2024-11-24 16:17:03,334] Trial 6 finished with value: 9.0 and parameters: {'x_0': 2, 'x_1': 2, 'x_2': 1, 'x_3': 0}. Best is trial 2 with value: 9.0.
[I 2024-11-24 16:17:03,364] Trial 8 finished with value: 12.0 and parameters: {'x_0': 3, 'x_1': 1, 'x_2': -1, 'x_3': -1}. Best is trial 3 with value: 4.0.
[I 2024-11-24 16:17:03,364] Trial 10 finished with value: 1.0 and parameters: {'x_0': 0, 'x_1': 1, 'x_2': 0, 'x_3': 0}. Best is trial 9 with value: 0.0.
[I 2024-11-24 16:17:03,400] Trial 8 finished with value: 10.0 and parameters: {'x_0': -1, 'x_1': 0, 'x_2': 0, 'x_3': -3}. Best is trial 4 with value: 1.0.
[I 2024-11-24 16:17:03,405] Trial 7 finished with value: 11.0 and parameters: {'x_0': 1, 'x_1': -3, 'x_2': 0, 'x_3': -1}. Best is trial 4 with value: 3.0.
[I 2024-11-24 16:17:03,459] Trial 8 finished with value: 3.0 and parameters: {'x_0': -1, 'x_1': 0, 'x_2': 1, 'x_3': 1}. Best is trial 4 with value: 2.0.
[I 2024-11-24 16:17:03,460] Trial 8 finished with value: 5.0 and parameters: {'x_0': 0, 'x_1': 0, 'x_2': -2, 'x_3': -1}. Best is trial 4 with value: 4.0.
[I 2024-11-24 16:17:03,474] Trial 8 finished with value: 7.0 and parameters: {'x_0': -1, 'x_1': -1, 'x_2': -1, 'x_3': -2}. Best is trial 6 with value: 7.0.
[I 2024-11-24 16:17:03,480] Trial 8 finished with value: 3.0 and parameters: {'x_0': 1, 'x_1': -1, 'x_2': 0, 'x_3': -1}. Best is trial 5 with value: 2.0.
[I 2024-11-24 16:17:03,484] Trial 7 finished with value: 17.0 and parameters: {'x_0': 2, 'x_1': 2, 'x_2': -3, 'x_3': 0}. Best is trial 2 with value: 9.0.
[I 2024-11-24 16:17:03,502] Trial 11 finished with value: 4.0 and parameters: {'x_0': 0, 'x_1': 2, 'x_2': 0, 'x_3': 0}. Best is trial 9 with value: 0.0.
[I 2024-11-24 16:17:03,503] Trial 9 finished with value: 2.0 and parameters: {'x_0': 0, 'x_1': 1, 'x_2': 0, 'x_3': -1}. Best is trial 9 with value: 2.0.
[I 2024-11-24 16:17:03,529] Trial 9 finished with value: 3.0 and parameters: {'x_0': 1, 'x_1': 1, 'x_2': -1, 'x_3': 0}. Best is trial 9 with value: 3.0.
[I 2024-11-24 16:17:03,556] Trial 9 finished with value: 3.0 and parameters: {'x_0': -1, 'x_1': 1, 'x_2': 0, 'x_3': -1}. Best is trial 4 with value: 1.0.
[I 2024-11-24 16:17:03,577] Trial 8 finished with value: 6.0 and parameters: {'x_0': 1, 'x_1': 2, 'x_2': 0, 'x_3': -1}. Best is trial 4 with value: 3.0.
[I 2024-11-24 16:17:03,581] Trial 9 finished with value: 10.0 and parameters: {'x_0': -1, 'x_1': 0, 'x_2': -3, 'x_3': 0}. Best is trial 4 with value: 2.0.
[I 2024-11-24 16:17:03,588] Trial 9 finished with value: 5.0 and parameters: {'x_0': 0, 'x_1': 0, 'x_2': -2, 'x_3': 1}. Best is trial 4 with value: 4.0.
[I 2024-11-24 16:17:03,591] Trial 9 finished with value: 11.0 and parameters: {'x_0': 3, 'x_1': -1, 'x_2': 0, 'x_3': -1}. Best is trial 5 with value: 2.0.
[I 2024-11-24 16:17:03,627] Trial 9 finished with value: 6.0 and parameters: {'x_0': -1, 'x_1': -1, 'x_2': 0, 'x_3': -2}. Best is trial 9 with value: 6.0.
[I 2024-11-24 16:17:03,630] Trial 10 finished with value: 6.0 and parameters: {'x_0': 2, 'x_1': 1, 'x_2': 0, 'x_3': -1}. Best is trial 9 with value: 2.0.
[I 2024-11-24 16:17:03,630] Trial 8 finished with value: 14.0 and parameters: {'x_0': 3, 'x_1': 2, 'x_2': 1, 'x_3': 0}. Best is trial 2 with value: 9.0.
[I 2024-11-24 16:17:03,646] Trial 12 finished with value: 4.0 and parameters: {'x_0': 0, 'x_1': 0, 'x_2': 2, 'x_3': 0}. Best is trial 9 with value: 0.0.
[I 2024-11-24 16:17:03,677] Trial 10 finished with value: 6.0 and parameters: {'x_0': -1, 'x_1': 1, 'x_2': 2, 'x_3': 0}. Best is trial 4 with value: 1.0.
[I 2024-11-24 16:17:03,701] Trial 9 finished with value: 11.0 and parameters: {'x_0': 1, 'x_1': 3, 'x_2': 0, 'x_3': -1}. Best is trial 4 with value: 3.0.
[I 2024-11-24 16:17:03,702] Trial 10 finished with value: 11.0 and parameters: {'x_0': -1, 'x_1': 0, 'x_2': 1, 'x_3': -3}. Best is trial 4 with value: 2.0.
[I 2024-11-24 16:17:03,705] Trial 10 finished with value: 8.0 and parameters: {'x_0': 0, 'x_1': 0, 'x_2': -2, 'x_3': 2}. Best is trial 4 with value: 4.0.
[I 2024-11-24 16:17:03,705] Trial 10 finished with value: 6.0 and parameters: {'x_0': -2, 'x_1': 1, 'x_2': -1, 'x_3': 0}. Best is trial 9 with value: 3.0.
[I 2024-11-24 16:17:03,728] Trial 10 finished with value: 3.0 and parameters: {'x_0': 0, 'x_1': -1, 'x_2': 1, 'x_3': -1}. Best is trial 5 with value: 2.0.
[I 2024-11-24 16:17:03,749] Trial 9 finished with value: 6.0 and parameters: {'x_0': 2, 'x_1': -1, 'x_2': 1, 'x_3': 0}. Best is trial 9 with value: 6.0.
[I 2024-11-24 16:17:03,751] Trial 10 finished with value: 10.0 and parameters: {'x_0': -1, 'x_1': -1, 'x_2': -2, 'x_3': -2}. Best is trial 9 with value: 6.0.
[I 2024-11-24 16:17:03,764] Trial 11 finished with value: 6.0 and parameters: {'x_0': -2, 'x_1': 1, 'x_2': 0, 'x_3': -1}. Best is trial 9 with value: 2.0.
[I 2024-11-24 16:17:03,785] Trial 13 finished with value: 1.0 and parameters: {'x_0': 0, 'x_1': 0, 'x_2': -1, 'x_3': 0}. Best is trial 9 with value: 0.0.
[I 2024-11-24 16:17:03,804] Trial 11 finished with value: 3.0 and parameters: {'x_0': -1, 'x_1': -1, 'x_2': 0, 'x_3': -1}. Best is trial 4 with value: 1.0.
[I 2024-11-24 16:17:03,817] Trial 11 finished with value: 13.0 and parameters: {'x_0': 0, 'x_1': 0, 'x_2': -2, 'x_3': 3}. Best is trial 4 with value: 4.0.
[I 2024-11-24 16:17:03,839] Trial 11 finished with value: 3.0 and parameters: {'x_0': 1, 'x_1': 0, 'x_2': 1, 'x_3': 1}. Best is trial 4 with value: 2.0.
[I 2024-11-24 16:17:03,845] Trial 11 finished with value: 2.0 and parameters: {'x_0': 1, 'x_1': 1, 'x_2': 0, 'x_3': 0}. Best is trial 11 with value: 2.0.
[I 2024-11-24 16:17:03,851] Trial 10 finished with value: 3.0 and parameters: {'x_0': -1, 'x_1': -1, 'x_2': 0, 'x_3': -1}. Best is trial 4 with value: 3.0.
[I 2024-11-24 16:17:03,887] Trial 10 finished with value: 14.0 and parameters: {'x_0': 2, 'x_1': -3, 'x_2': 1, 'x_3': 0}. Best is trial 9 with value: 6.0.
[I 2024-11-24 16:17:03,897] Trial 11 finished with value: 11.0 and parameters: {'x_0': 0, 'x_1': -1, 'x_2': 3, 'x_3': -1}. Best is trial 5 with value: 2.0.
[I 2024-11-24 16:17:03,905] Trial 11 finished with value: 6.0 and parameters: {'x_0': -1, 'x_1': 1, 'x_2': 0, 'x_3': -2}. Best is trial 9 with value: 6.0.
[I 2024-11-24 16:17:03,912] Trial 12 finished with value: 1.0 and parameters: {'x_0': 0, 'x_1': 1, 'x_2': 0, 'x_3': 0}. Best is trial 12 with value: 1.0.
[I 2024-11-24 16:17:03,980] Trial 14 finished with value: 1.0 and parameters: {'x_0': 0, 'x_1': 0, 'x_2': 1, 'x_3': 0}. Best is trial 9 with value: 0.0.
[I 2024-11-24 16:17:03,982] Trial 12 finished with value: 11.0 and parameters: {'x_0': -1, 'x_1': -3, 'x_2': 0, 'x_3': -1}. Best is trial 4 with value: 1.0.
[I 2024-11-24 16:17:03,993] Trial 12 finished with value: 5.0 and parameters: {'x_0': 1, 'x_1': 0, 'x_2': 2, 'x_3': 0}. Best is trial 4 with value: 2.0.
[I 2024-11-24 16:17:04,007] Trial 12 finished with value: 2.0 and parameters: {'x_0': -1, 'x_1': 1, 'x_2': 0, 'x_3': 0}. Best is trial 11 with value: 2.0.
[I 2024-11-24 16:17:04,026] Trial 12 finished with value: 1.0 and parameters: {'x_0': 0, 'x_1': 0, 'x_2': -1, 'x_3': 0}. Best is trial 12 with value: 1.0.
[I 2024-11-24 16:17:04,032] Trial 11 finished with value: 3.0 and parameters: {'x_0': 1, 'x_1': -1, 'x_2': 1, 'x_3': 0}. Best is trial 11 with value: 3.0.
[I 2024-11-24 16:17:04,036] Trial 11 finished with value: 2.0 and parameters: {'x_0': 0, 'x_1': -1, 'x_2': 0, 'x_3': -1}. Best is trial 11 with value: 2.0.
[I 2024-11-24 16:17:04,061] Trial 13 finished with value: 2.0 and parameters: {'x_0': 0, 'x_1': 1, 'x_2': 0, 'x_3': 1}. Best is trial 12 with value: 1.0.
[I 2024-11-24 16:17:04,063] Trial 12 finished with value: 14.0 and parameters: {'x_0': -1, 'x_1': 3, 'x_2': 0, 'x_3': -2}. Best is trial 9 with value: 6.0.
[I 2024-11-24 16:17:04,125] Trial 12 finished with value: 4.0 and parameters: {'x_0': 1, 'x_1': -1, 'x_2': 1, 'x_3': -1}. Best is trial 5 with value: 2.0.
[I 2024-11-24 16:17:04,162] Trial 15 finished with value: 9.0 and parameters: {'x_0': 0, 'x_1': 0, 'x_2': -3, 'x_3': 0}. Best is trial 9 with value: 0.0.
[I 2024-11-24 16:17:04,166] Trial 13 finished with value: 11.0 and parameters: {'x_0': -1, 'x_1': 0, 'x_2': 3, 'x_3': -1}. Best is trial 4 with value: 1.0.
[I 2024-11-24 16:17:04,180] Trial 13 finished with value: 1.0 and parameters: {'x_0': 0, 'x_1': 1, 'x_2': 0, 'x_3': 0}. Best is trial 13 with value: 1.0.
[I 2024-11-24 16:17:04,190] Trial 13 finished with value: 0.0 and parameters: {'x_0': 0, 'x_1': 0, 'x_2': 0, 'x_3': 0}. Best is trial 13 with value: 0.0.
[I 2024-11-24 16:17:04,228] Trial 14 finished with value: 10.0 and parameters: {'x_0': 0, 'x_1': 1, 'x_2': 0, 'x_3': 3}. Best is trial 12 with value: 1.0.
[I 2024-11-24 16:17:04,232] Trial 12 finished with value: 2.0 and parameters: {'x_0': 0, 'x_1': -1, 'x_2': 1, 'x_3': 0}. Best is trial 12 with value: 2.0.
[I 2024-11-24 16:17:04,233] Trial 12 finished with value: 6.0 and parameters: {'x_0': 2, 'x_1': -1, 'x_2': 0, 'x_3': -1}. Best is trial 11 with value: 2.0.
[I 2024-11-24 16:17:04,233] Trial 13 finished with value: 3.0 and parameters: {'x_0': 1, 'x_1': 1, 'x_2': 1, 'x_3': 0}. Best is trial 4 with value: 2.0.
[I 2024-11-24 16:17:04,264] Trial 13 finished with value: 7.0 and parameters: {'x_0': -1, 'x_1': 1, 'x_2': -1, 'x_3': -2}. Best is trial 9 with value: 6.0.
[I 2024-11-24 16:17:04,316] Trial 13 finished with value: 3.0 and parameters: {'x_0': 0, 'x_1': -1, 'x_2': -1, 'x_3': -1}. Best is trial 5 with value: 2.0.
[I 2024-11-24 16:17:04,321] Trial 16 finished with value: 2.0 and parameters: {'x_0': 0, 'x_1': 1, 'x_2': -1, 'x_3': 0}. Best is trial 9 with value: 0.0.
[I 2024-11-24 16:17:04,340] Trial 14 finished with value: 4.0 and parameters: {'x_0': 0, 'x_1': 0, 'x_2': 2, 'x_3': 0}. Best is trial 13 with value: 0.0.
[I 2024-11-24 16:17:04,356] Trial 14 finished with value: 5.0 and parameters: {'x_0': 0, 'x_1': 1, 'x_2': 0, 'x_3': -2}. Best is trial 13 with value: 1.0.
[I 2024-11-24 16:17:04,358] Trial 14 finished with value: 2.0 and parameters: {'x_0': -1, 'x_1': -1, 'x_2': 0, 'x_3': 0}. Best is trial 4 with value: 1.0.
[I 2024-11-24 16:17:04,386] Trial 13 finished with value: 6.0 and parameters: {'x_0': -2, 'x_1': -1, 'x_2': 0, 'x_3': -1}. Best is trial 11 with value: 2.0.
[I 2024-11-24 16:17:04,391] Trial 13 finished with value: 3.0 and parameters: {'x_0': -1, 'x_1': -1, 'x_2': 1, 'x_3': 0}. Best is trial 12 with value: 2.0.
[I 2024-11-24 16:17:04,393] Trial 15 finished with value: 10.0 and parameters: {'x_0': 0, 'x_1': 1, 'x_2': -3, 'x_3': 0}. Best is trial 12 with value: 1.0.
[I 2024-11-24 16:17:04,433] Trial 14 finished with value: 7.0 and parameters: {'x_0': -1, 'x_1': 1, 'x_2': 1, 'x_3': -2}. Best is trial 9 with value: 6.0.
[I 2024-11-24 16:17:04,464] Trial 14 finished with value: 1.0 and parameters: {'x_0': 1, 'x_1': 0, 'x_2': 0, 'x_3': 0}. Best is trial 14 with value: 1.0.
[I 2024-11-24 16:17:04,465] Trial 15 finished with value: 9.0 and parameters: {'x_0': 0, 'x_1': 0, 'x_2': 3, 'x_3': 0}. Best is trial 13 with value: 0.0.
[I 2024-11-24 16:17:04,467] Trial 17 finished with value: 2.0 and parameters: {'x_0': 0, 'x_1': 0, 'x_2': -1, 'x_3': 1}. Best is trial 9 with value: 0.0.
[I 2024-11-24 16:17:04,476] Trial 15 finished with value: 10.0 and parameters: {'x_0': -3, 'x_1': 1, 'x_2': 0, 'x_3': 0}. Best is trial 13 with value: 1.0.
[I 2024-11-24 16:17:04,482] Trial 15 finished with value: 3.0 and parameters: {'x_0': -1, 'x_1': -1, 'x_2': 1, 'x_3': 0}. Best is trial 4 with value: 1.0.
[I 2024-11-24 16:17:04,483] Trial 14 finished with value: 4.0 and parameters: {'x_0': 1, 'x_1': -1, 'x_2': -1, 'x_3': -1}. Best is trial 5 with value: 2.0.
[I 2024-11-24 16:17:04,529] Trial 14 finished with value: 1.0 and parameters: {'x_0': 0, 'x_1': -1, 'x_2': 0, 'x_3': 0}. Best is trial 14 with value: 1.0.
[I 2024-11-24 16:17:04,539] Trial 14 finished with value: 11.0 and parameters: {'x_0': 3, 'x_1': -1, 'x_2': 0, 'x_3': -1}. Best is trial 11 with value: 2.0.
[I 2024-11-24 16:17:04,554] Trial 15 finished with value: 14.0 and parameters: {'x_0': -3, 'x_1': 1, 'x_2': 0, 'x_3': -2}. Best is trial 9 with value: 6.0.
[I 2024-11-24 16:17:04,560] Trial 16 finished with value: 2.0 and parameters: {'x_0': 1, 'x_1': 1, 'x_2': 0, 'x_3': 0}. Best is trial 12 with value: 1.0.
[I 2024-11-24 16:17:04,589] Trial 15 finished with value: 1.0 and parameters: {'x_0': 0, 'x_1': -1, 'x_2': 0, 'x_3': 0}. Best is trial 15 with value: 1.0.
[I 2024-11-24 16:17:04,589] Trial 16 finished with value: 1.0 and parameters: {'x_0': 0, 'x_1': 0, 'x_2': 1, 'x_3': 0}. Best is trial 13 with value: 0.0.
[I 2024-11-24 16:17:04,594] Trial 18 finished with value: 2.0 and parameters: {'x_0': 0, 'x_1': 0, 'x_2': -1, 'x_3': -1}. Best is trial 9 with value: 0.0.
[I 2024-11-24 16:17:04,599] Trial 16 finished with value: 5.0 and parameters: {'x_0': 0, 'x_1': 1, 'x_2': -2, 'x_3': 0}. Best is trial 13 with value: 1.0.
[I 2024-11-24 16:17:04,627] Trial 16 finished with value: 11.0 and parameters: {'x_0': -1, 'x_1': -1, 'x_2': -3, 'x_3': 0}. Best is trial 4 with value: 1.0.
[I 2024-11-24 16:17:04,640] Trial 15 finished with value: 3.0 and parameters: {'x_0': 1, 'x_1': 1, 'x_2': 0, 'x_3': 1}. Best is trial 14 with value: 1.0.
[I 2024-11-24 16:17:04,665] Trial 16 finished with value: 15.0 and parameters: {'x_0': -1, 'x_1': 1, 'x_2': -3, 'x_3': -2}. Best is trial 9 with value: 6.0.
[I 2024-11-24 16:17:04,673] Trial 15 finished with value: 2.0 and parameters: {'x_0': 0, 'x_1': -1, 'x_2': -1, 'x_3': 0}. Best is trial 14 with value: 1.0.
[I 2024-11-24 16:17:04,689] Trial 15 finished with value: 5.0 and parameters: {'x_0': 0, 'x_1': -2, 'x_2': 0, 'x_3': -1}. Best is trial 11 with value: 2.0.
[I 2024-11-24 16:17:04,703] Trial 17 finished with value: 2.0 and parameters: {'x_0': -1, 'x_1': 1, 'x_2': 0, 'x_3': 0}. Best is trial 12 with value: 1.0.
[I 2024-11-24 16:17:04,707] Trial 16 finished with value: 2.0 and parameters: {'x_0': 1, 'x_1': -1, 'x_2': 0, 'x_3': 0}. Best is trial 15 with value: 1.0.
[I 2024-11-24 16:17:04,745] Trial 17 finished with value: 9.0 and parameters: {'x_0': 0, 'x_1': 0, 'x_2': -3, 'x_3': 0}. Best is trial 13 with value: 0.0.
[I 2024-11-24 16:17:05,004] Trial 17 finished with value: 9.0 and parameters: {'x_0': 0, 'x_1': 3, 'x_2': 0, 'x_3': 0}. Best is trial 13 with value: 1.0.
[I 2024-11-24 16:17:05,073] Trial 19 finished with value: 4.0 and parameters: {'x_0': 0, 'x_1': 0, 'x_2': 0, 'x_3': -2}. Best is trial 9 with value: 0.0.
[I 2024-11-24 16:17:05,105] Trial 16 finished with value: 2.0 and parameters: {'x_0': -1, 'x_1': 1, 'x_2': 0, 'x_3': 0}. Best is trial 14 with value: 1.0.
[I 2024-11-24 16:17:05,124] Trial 17 finished with value: 2.0 and parameters: {'x_0': -1, 'x_1': 0, 'x_2': 1, 'x_3': 0}. Best is trial 4 with value: 1.0.
[I 2024-11-24 16:17:05,183] Trial 16 finished with value: 5.0 and parameters: {'x_0': 0, 'x_1': -1, 'x_2': -2, 'x_3': 0}. Best is trial 14 with value: 1.0.
[I 2024-11-24 16:17:05,190] Trial 16 finished with value: 5.0 and parameters: {'x_0': 0, 'x_1': 2, 'x_2': 0, 'x_3': -1}. Best is trial 11 with value: 2.0.
[I 2024-11-24 16:17:05,211] Trial 17 finished with value: 2.0 and parameters: {'x_0': -1, 'x_1': 1, 'x_2': 0, 'x_3': 0}. Best is trial 17 with value: 2.0.
[I 2024-11-24 16:17:05,224] Trial 17 finished with value: 2.0 and parameters: {'x_0': 0, 'x_1': -1, 'x_2': -1, 'x_3': 0}. Best is trial 15 with value: 1.0.
[I 2024-11-24 16:17:05,256] Trial 18 finished with value: 9.0 and parameters: {'x_0': 0, 'x_1': -3, 'x_2': 0, 'x_3': 0}. Best is trial 12 with value: 1.0.
[I 2024-11-24 16:17:05,360] Trial 18 finished with value: 1.0 and parameters: {'x_0': 0, 'x_1': 0, 'x_2': 0, 'x_3': 1}. Best is trial 13 with value: 0.0.
[I 2024-11-24 16:17:05,361] Trial 18 finished with value: 2.0 and parameters: {'x_0': 0, 'x_1': 1, 'x_2': 1, 'x_3': 0}. Best is trial 13 with value: 1.0.
[I 2024-11-24 16:17:05,438] Trial 20 finished with value: 10.0 and parameters: {'x_0': 0, 'x_1': 0, 'x_2': -1, 'x_3': -3}. Best is trial 9 with value: 0.0.
[I 2024-11-24 16:17:05,500] Trial 17 finished with value: 5.0 and parameters: {'x_0': 0, 'x_1': -1, 'x_2': 2, 'x_3': 0}. Best is trial 14 with value: 1.0.
[I 2024-11-24 16:17:05,548] Trial 17 finished with value: 4.0 and parameters: {'x_0': -1, 'x_1': 1, 'x_2': 1, 'x_3': 1}. Best is trial 14 with value: 1.0.
[I 2024-11-24 16:17:05,553] Trial 18 finished with value: 3.0 and parameters: {'x_0': -1, 'x_1': 1, 'x_2': 1, 'x_3': 0}. Best is trial 4 with value: 1.0.
[I 2024-11-24 16:17:05,559] Trial 18 finished with value: 2.0 and parameters: {'x_0': -1, 'x_1': -1, 'x_2': 0, 'x_3': 0}. Best is trial 17 with value: 2.0.
[I 2024-11-24 16:17:05,657] Trial 19 finished with value: 0.0 and parameters: {'x_0': 0, 'x_1': 0, 'x_2': 0, 'x_3': 0}. Best is trial 19 with value: 0.0.
[I 2024-11-24 16:17:05,659] Trial 17 finished with value: 6.0 and parameters: {'x_0': 0, 'x_1': -1, 'x_2': -2, 'x_3': -1}. Best is trial 11 with value: 2.0.
[I 2024-11-24 16:17:05,667] Trial 18 finished with value: 2.0 and parameters: {'x_0': 0, 'x_1': -1, 'x_2': 1, 'x_3': 0}. Best is trial 15 with value: 1.0.
[I 2024-11-24 16:17:05,685] Trial 19 finished with value: 1.0 and parameters: {'x_0': 0, 'x_1': 0, 'x_2': 0, 'x_3': -1}. Best is trial 13 with value: 0.0.
