[I 2024-11-24 16:17:43,730] Trial 133 finished with value: 0.0 and parameters: {'x_0': 0, 'x_1': 0, 'x_2': 0, 'x_3': 0}. Best is trial 35 with value: 0.0.
[I 2024-11-24 16:17:43,770] Trial 133 finished with value: 0.0 and parameters: {'x_0': 0, 'x_1': 0, 'x_2': 0, 'x_3': 0}. Best is trial 9 with value: 0.0.
[I 2024-11-24 16:17:43,811] Trial 132 finished with value: 0.0 and parameters: {'x_0': 0, 'x_1': 0, 'x_2': 0, 'x_3': 0}. Best is trial 19 with value: 0.0.
[I 2024-11-24 16:17:43,830] Trial 133 finished with value: 0.0 and parameters: {'x_0': 0, 'x_1': 0, 'x_2': 0, 'x_3': 0}. Best is trial 23 with value: 0.0.
[I 2024-11-24 16:17:43,831] Trial 133 finished with value: 0.0 and parameters: {'x_0': 0, 'x_1': 0, 'x_2': 0, 'x_3': 0}. Best is trial 28 with value: 0.0.
[I 2024-11-24 16:17:43,877] Trial 130 finished with value: 0.0 and parameters: {'x_0': 0, 'x_1': 0, 'x_2': 0, 'x_3': 0}. Best is trial 19 with value: 0.0.
[I 2024-11-24 16:17:44,007] Trial 134 finished with value: 0.0 and parameters: {'x_0': 0, 'x_1': 0, 'x_2': 0, 'x_3': 0}. Best is trial 13 with value: 0.0.
[I 2024-11-24 16:17:44,070] Trial 131 finished with value: 0.0 and parameters: {'x_0': 0, 'x_1': 0, 'x_2': 0, 'x_3': 0}. Best is trial 43 with value: 0.0.
[I 2024-11-24 16:17:44,074] Trial 133 finished with value: 0.0 and parameters: {'x_0': 0, 'x_1': 0, 'x_2': 0, 'x_3': 0}. Best is trial 24 with value: 0.0.
[I 2024-11-24 16:17:44,134] Trial 134 finished with value: 0.0 and parameters: {'x_0': 0, 'x_1': 0, 'x_2': 0, 'x_3': 0}. Best is trial 35 with value: 0.0.
[I 2024-11-24 16:17:44,142] Trial 134 finished with value: 0.0 and parameters: {'x_0': 0, 'x_1': 0, 'x_2': 0, 'x_3': 0}. Best is trial 25 with value: 0.0.
[I 2024-11-24 16:17:44,330] Trial 134 finished with value: 0.0 and parameters: {'x_0': 0, 'x_1': 0, 'x_2': 0, 'x_3': 0}. Best is trial 23 with value: 0.0.
[I 2024-11-24 16:17:44,343] Trial 134 finished with value: 0.0 and parameters: {'x_0': 0, 'x_1': 0, 'x_2': 0, 'x_3': 0}. Best is trial 9 with value: 0.0.
[I 2024-11-24 16:17:44,348] Trial 134 finished with value: 0.0 and parameters: {'x_0': 0, 'x_1': 0, 'x_2': 0, 'x_3': 0}. Best is trial 28 with value: 0.0.
[I 2024-11-24 16:17:44,400] Trial 133 finished with value: 0.0 and parameters: {'x_0': 0, 'x_1': 0, 'x_2': 0, 'x_3': 0}. Best is trial 19 with value: 0.0.
[I 2024-11-24 16:17:44,543] Trial 134 finished with value: 0.0 and parameters: {'x_0': 0, 'x_1': 0, 'x_2': 0, 'x_3': 0}. Best is trial 24 with value: 0.0.
[I 2024-11-24 16:17:44,552] Trial 131 finished with value: 0.0 and parameters: {'x_0': 0, 'x_1': 0, 'x_2': 0, 'x_3': 0}. Best is trial 19 with value: 0.0.
[I 2024-11-24 16:17:44,584] Trial 135 finished with value: 0.0 and parameters: {'x_0': 0, 'x_1': 0, 'x_2': 0, 'x_3': 0}. Best is trial 13 with value: 0.0.
[I 2024-11-24 16:17:44,592] Trial 135 finished with value: 0.0 and parameters: {'x_0': 0, 'x_1': 0, 'x_2': 0, 'x_3': 0}. Best is trial 35 with value: 0.0.
[I 2024-11-24 16:17:44,662] Trial 135 finished with value: 0.0 and parameters: {'x_0': 0, 'x_1': 0, 'x_2': 0, 'x_3': 0}. Best is trial 25 with value: 0.0.
[I 2024-11-24 16:17:44,688] Trial 132 finished with value: 0.0 and parameters: {'x_0': 0, 'x_1': 0, 'x_2': 0, 'x_3': 0}. Best is trial 43 with value: 0.0.
[I 2024-11-24 16:17:44,802] Trial 135 finished with value: 0.0 and parameters: {'x_0': 0, 'x_1': 0, 'x_2': 0, 'x_3': 0}. Best is trial 9 with value: 0.0.
[I 2024-11-24 16:17:44,897] Trial 135 finished with value: 0.0 and parameters: {'x_0': 0, 'x_1': 0, 'x_2': 0, 'x_3': 0}. Best is trial 23 with value: 0.0.
[I 2024-11-24 16:17:44,917] Trial 135 finished with value: 0.0 and parameters: {'x_0': 0, 'x_1': 0, 'x_2': 0, 'x_3': 0}. Best is trial 28 with value: 0.0.
[I 2024-11-24 16:17:44,944] Trial 134 finished with value: 0.0 and parameters: {'x_0': 0, 'x_1': 0, 'x_2': 0, 'x_3': 0}. Best is trial 19 with value: 0.0.
[I 2024-11-24 16:17:45,024] Trial 135 finished with value: 0.0 and parameters: {'x_0': 0, 'x_1': 0, 'x_2': 0, 'x_3': 0}. Best is trial 24 with value: 0.0.
[I 2024-11-24 16:17:45,105] Trial 132 finished with value: 0.0 and parameters: {'x_0': 0, 'x_1': 0, 'x_2': 0, 'x_3': 0}. Best is trial 19 with value: 0.0.
[I 2024-11-24 16:17:45,115] Trial 136 finished with value: 0.0 and parameters: {'x_0': 0, 'x_1': 0, 'x_2': 0, 'x_3': 0}. Best is trial 13 with value: 0.0.
[I 2024-11-24 16:17:45,120] Trial 133 finished with value: 0.0 and parameters: {'x_0': 0, 'x_1': 0, 'x_2': 0, 'x_3': 0}. Best is trial 43 with value: 0.0.
[I 2024-11-24 16:17:45,167] Trial 136 finished with value: 0.0 and parameters: {'x_0': 0, 'x_1': 0, 'x_2': 0, 'x_3': 0}. Best is trial 35 with value: 0.0.
[I 2024-11-24 16:17:45,219] Trial 136 finished with value: 0.0 and parameters: {'x_0': 0, 'x_1': 0, 'x_2': 0, 'x_3': 0}. Best is trial 25 with value: 0.0.
[I 2024-11-24 16:17:45,267] Trial 136 finished with value: 0.0 and parameters: {'x_0': 0, 'x_1': 0, 'x_2': 0, 'x_3': 0}. Best is trial 9 with value: 0.0.
[I 2024-11-24 16:17:45,415] Trial 136 finished with value: 0.0 and parameters: {'x_0': 0, 'x_1': 0, 'x_2': 0, 'x_3': 0}. Best is trial 28 with value: 0.0.
[I 2024-11-24 16:17:45,464] Trial 136 finished with value: 0.0 and parameters: {'x_0': 0, 'x_1': 0, 'x_2': 0, 'x_3': 0}. Best is trial 23 with value: 0.0.
[I 2024-11-24 16:17:45,513] Trial 135 finished with value: 0.0 and parameters: {'x_0': 0, 'x_1': 0, 'x_2': 0, 'x_3': 0}. Best is trial 19 with value: 0.0.
[I 2024-11-24 16:17:45,585] Trial 136 finished with value: 0.0 and parameters: {'x_0': 0, 'x_1': 0, 'x_2': 0, 'x_3': 0}. Best is trial 24 with value: 0.0.
[I 2024-11-24 16:17:45,671] Trial 134 finished with value: 0.0 and parameters: {'x_0': 0, 'x_1': 0, 'x_2': 0, 'x_3': 0}. Best is trial 43 with value: 0.0.
[I 2024-11-24 16:17:45,686] Trial 133 finished with value: 0.0 and parameters: {'x_0': 0, 'x_1': 0, 'x_2': 0, 'x_3': 0}. Best is trial 19 with value: 0.0.
[I 2024-11-24 16:17:45,711] Trial 137 finished with value: 0.0 and parameters: {'x_0': 0, 'x_1': 0, 'x_2': 0, 'x_3': 0}. Best is trial 13 with value: 0.0.
[I 2024-11-24 16:17:45,738] Trial 137 finished with value: 0.0 and parameters: {'x_0': 0, 'x_1': 0, 'x_2': 0, 'x_3': 0}. Best is trial 35 with value: 0.0.
[I 2024-11-24 16:17:45,763] Trial 137 finished with value: 0.0 and parameters: {'x_0': 0, 'x_1': 0, 'x_2': 0, 'x_3': 0}. Best is trial 25 with value: 0.0.
[I 2024-11-24 16:17:45,857] Trial 137 finished with value: 0.0 and parameters: {'x_0': 0, 'x_1': 0, 'x_2': 0, 'x_3': 0}. Best is trial 9 with value: 0.0.
[I 2024-11-24 16:17:45,930] Trial 137 finished with value: 0.0 and parameters: {'x_0': 0, 'x_1': 0, 'x_2': 0, 'x_3': 0}. Best is trial 28 with value: 0.0.
[I 2024-11-24 16:17:45,972] Trial 137 finished with value: 0.0 and parameters: {'x_0': 0, 'x_1': 0, 'x_2': 0, 'x_3': 0}. Best is trial 23 with value: 0.0.
[I 2024-11-24 16:17:46,092] Trial 136 finished with value: 0.0 and parameters: {'x_0': 0, 'x_1': 0, 'x_2': 0, 'x_3': 0}. Best is trial 19 with value: 0.0.
[I 2024-11-24 16:17:46,130] Trial 137 finished with value: 0.0 and parameters: {'x_0': 0, 'x_1': 0, 'x_2': 0, 'x_3': 0}. Best is trial 24 with value: 0.0.
[I 2024-11-24 16:17:46,210] Trial 138 finished with value: 0.0 and parameters: {'x_0': 0, 'x_1': 0, 'x_2': 0, 'x_3': 0}. Best is trial 35 with value: 0.0.
[I 2024-11-24 16:17:46,232] Trial 134 finished with value: 0.0 and parameters: {'x_0': 0, 'x_1': 0, 'x_2': 0, 'x_3': 0}. Best is trial 19 with value: 0.0.
[I 2024-11-24 16:17:46,255] Trial 138 finished with value: 0.0 and parameters: {'x_0': 0, 'x_1': 0, 'x_2': 0, 'x_3': 0}. Best is trial 13 with value: 0.0.
[I 2024-11-24 16:17:46,289] Trial 135 finished with value: 0.0 and parameters: {'x_0': 0, 'x_1': 0, 'x_2': 0, 'x_3': 0}. Best is trial 43 with value: 0.0.
[I 2024-11-24 16:17:46,303] Trial 138 finished with value: 0.0 and parameters: {'x_0': 0, 'x_1': 0, 'x_2': 0, 'x_3': 0}. Best is trial 25 with value: 0.0.
[I 2024-11-24 16:17:46,353] Trial 138 finished with value: 0.0 and parameters: {'x_0': 0, 'x_1': 0, 'x_2': 0, 'x_3': 0}. Best is trial 9 with value: 0.0.
[I 2024-11-24 16:17:46,463] Trial 138 finished with value: 0.0 and parameters: {'x_0': 0, 'x_1': 0, 'x_2': 0, 'x_3': 0}. Best is trial 23 with value: 0.0.
[I 2024-11-24 16:17:46,473] Trial 138 finished with value: 0.0 and parameters: {'x_0': 0, 'x_1': 0, 'x_2': 0, 'x_3': 0}. Best is trial 28 with value: 0.0.
[I 2024-11-24 16:17:46,580] Trial 138 finished with value: 0.0 and parameters: {'x_0': 0, 'x_1': 0, 'x_2': 0, 'x_3': 0}. Best is trial 24 with value: 0.0.
[I 2024-11-24 16:17:46,659] Trial 139 finished with value: 0.0 and parameters: {'x_0': 0, 'x_1': 0, 'x_2': 0, 'x_3': 0}. Best is trial 35 with value: 0.0.
[I 2024-11-24 16:17:46,679] Trial 137 finished with value: 0.0 and parameters: {'x_0': 0, 'x_1': 0, 'x_2': 0, 'x_3': 0}. Best is trial 19 with value: 0.0.
[I 2024-11-24 16:17:46,723] Trial 139 finished with value: 0.0 and parameters: {'x_0': 0, 'x_1': 0, 'x_2': 0, 'x_3': 0}. Best is trial 13 with value: 0.0.
[I 2024-11-24 16:17:46,790] Trial 135 finished with value: 0.0 and parameters: {'x_0': 0, 'x_1': 0, 'x_2': 0, 'x_3': 0}. Best is trial 19 with value: 0.0.
[I 2024-11-24 16:17:46,812] Trial 136 finished with value: 0.0 and parameters: {'x_0': 0, 'x_1': 0, 'x_2': 0, 'x_3': 0}. Best is trial 43 with value: 0.0.
[I 2024-11-24 16:17:46,818] Trial 139 finished with value: 0.0 and parameters: {'x_0': 0, 'x_1': 0, 'x_2': 0, 'x_3': 0}. Best is trial 25 with value: 0.0.
[I 2024-11-24 16:17:46,976] Trial 139 finished with value: 0.0 and parameters: {'x_0': 0, 'x_1': 0, 'x_2': 0, 'x_3': 0}. Best is trial 23 with value: 0.0.
[I 2024-11-24 16:17:46,981] Trial 139 finished with value: 0.0 and parameters: {'x_0': 0, 'x_1': 0, 'x_2': 0, 'x_3': 0}. Best is trial 9 with value: 0.0.
[I 2024-11-24 16:17:47,002] Trial 139 finished with value: 0.0 and parameters: {'x_0': 0, 'x_1': 0, 'x_2': 0, 'x_3': 0}. Best is trial 28 with value: 0.0.
[I 2024-11-24 16:17:47,061] Trial 139 finished with value: 0.0 and parameters: {'x_0': 0, 'x_1': 0, 'x_2': 0, 'x_3': 0}. Best is trial 24 with value: 0.0.
[I 2024-11-24 16:17:47,232] Trial 140 finished with value: 0.0 and parameters: {'x_0': 0, 'x_1': 0, 'x_2': 0, 'x_3': 0}. Best is trial 35 with value: 0.0.
[I 2024-11-24 16:17:47,247] Trial 138 finished with value: 0.0 and parameters: {'x_0': 0, 'x_1': 0, 'x_2': 0, 'x_3': 0}. Best is trial 19 with value: 0.0.
[I 2024-11-24 16:17:47,327] Trial 140 finished with value: 0.0 and parameters: {'x_0': 0, 'x_1': 0, 'x_2': 0, 'x_3': 0}. Best is trial 13 with value: 0.0.
[I 2024-11-24 16:17:47,386] Trial 136 finished with value: 0.0 and parameters: {'x_0': 0, 'x_1': 0, 'x_2': 0, 'x_3': 0}. Best is trial 19 with value: 0.0.
[I 2024-11-24 16:17:47,397] Trial 140 finished with value: 0.0 and parameters: {'x_0': 0, 'x_1': 0, 'x_2': 0, 'x_3': 0}. Best is trial 25 with value: 0.0.
[I 2024-11-24 16:17:47,445] Trial 140 finished with value: 0.0 and parameters: {'x_0': 0, 'x_1': 0, 'x_2': 0, 'x_3': 0}. Best is trial 23 with value: 0.0.
[I 2024-11-24 16:17:47,486] Trial 137 finished with value: 0.0 and parameters: {'x_0': 0, 'x_1': 0, 'x_2': 0, 'x_3': 0}. Best is trial 43 with value: 0.0.
[I 2024-11-24 16:17:47,574] Trial 140 finished with value: 0.0 and parameters: {'x_0': 0, 'x_1': 0, 'x_2': 0, 'x_3': 0}. Best is trial 9 with value: 0.0.
[I 2024-11-24 16:17:47,589] Trial 140 finished with value: 0.0 and parameters: {'x_0': 0, 'x_1': 0, 'x_2': 0, 'x_3': 0}. Best is trial 28 with value: 0.0.
[I 2024-11-24 16:17:47,595] Trial 140 finished with value: 0.0 and parameters: {'x_0': 0, 'x_1': 0, 'x_2': 0, 'x_3': 0}. Best is trial 24 with value: 0.0.
[I 2024-11-24 16:17:47,813] Trial 141 finished with value: 0.0 and parameters: {'x_0': 0, 'x_1': 0, 'x_2': 0, 'x_3': 0}. Best is trial 35 with value: 0.0.
[I 2024-11-24 16:17:47,857] Trial 139 finished with value: 0.0 and parameters: {'x_0': 0, 'x_1': 0, 'x_2': 0, 'x_3': 0}. Best is trial 19 with value: 0.0.
[I 2024-11-24 16:17:47,956] Trial 141 finished with value: 0.0 and parameters: {'x_0': 0, 'x_1': 0, 'x_2': 0, 'x_3': 0}. Best is trial 25 with value: 0.0.
[I 2024-11-24 16:17:47,979] Trial 137 finished with value: 0.0 and parameters: {'x_0': 0, 'x_1': 0, 'x_2': 0, 'x_3': 0}. Best is trial 19 with value: 0.0.
[I 2024-11-24 16:17:47,981] Trial 141 finished with value: 0.0 and parameters: {'x_0': 0, 'x_1': 0, 'x_2': 0, 'x_3': 0}. Best is trial 13 with value: 0.0.
[I 2024-11-24 16:17:48,036] Trial 141 finished with value: 0.0 and parameters: {'x_0': 0, 'x_1': 0, 'x_2': 0, 'x_3': 0}. Best is trial 23 with value: 0.0.
[I 2024-11-24 16:17:48,093] Trial 141 finished with value: 0.0 and parameters: {'x_0': 0, 'x_1': 0, 'x_2': 0, 'x_3': 0}. Best is trial 24 with value: 0.0.
[I 2024-11-24 16:17:48,104] Trial 138 finished with value: 0.0 and parameters: {'x_0': 0, 'x_1': 0, 'x_2': 0, 'x_3': 0}. Best is trial 43 with value: 0.0.
[I 2024-11-24 16:17:48,146] Trial 141 finished with value: 0.0 and parameters: {'x_0': 0, 'x_1': 0, 'x_2': 0, 'x_3': 0}. Best is trial 28 with value: 0.0.
[I 2024-11-24 16:17:48,226] Trial 141 finished with value: 0.0 and parameters: {'x_0': 0, 'x_1': 0, 'x_2': 0, 'x_3': 0}. Best is trial 9 with value: 0.0.
[I 2024-11-24 16:17:48,468] Trial 142 finished with value: 0.0 and parameters: {'x_0': 0, 'x_1': 0, 'x_2': 0, 'x_3': 0}. Best is trial 35 with value: 0.0.
[I 2024-11-24 16:17:48,485] Trial 140 finished with value: 0.0 and parameters: {'x_0': 0, 'x_1': 0, 'x_2': 0, 'x_3': 0}. Best is trial 19 with value: 0.0.
[I 2024-11-24 16:17:48,565] Trial 142 finished with value: 0.0 and parameters: {'x_0': 0, 'x_1': 0, 'x_2': 0, 'x_3': 0}. Best is trial 25 with value: 0.0.
[I 2024-11-24 16:17:48,569] Trial 142 finished with value: 0.0 and parameters: {'x_0': 0, 'x_1': 0, 'x_2': 0, 'x_3': 0}. Best is trial 24 with value: 0.0.
[I 2024-11-24 16:17:48,580] Trial 142 finished with value: 0.0 and parameters: {'x_0': 0, 'x_1': 0, 'x_2': 0, 'x_3': 0}. Best is trial 13 with value: 0.0.
[I 2024-11-24 16:17:48,595] Trial 138 finished with value: 0.0 and parameters: {'x_0': 0, 'x_1': 0, 'x_2': 0, 'x_3': 0}. Best is trial 19 with value: 0.0.
[I 2024-11-24 16:17:48,597] Trial 142 finished with value: 0.0 and parameters: {'x_0': 0, 'x_1': 0, 'x_2': 0, 'x_3': 0}. Best is trial 23 with value: 0.0.
[I 2024-11-24 16:17:48,638] Trial 142 finished with value: 0.0 and parameters: {'x_0': 0, 'x_1': 0, 'x_2': 0, 'x_3': 0}. Best is trial 28 with value: 0.0.
[I 2024-11-24 16:17:48,714] Trial 139 finished with value: 0.0 and parameters: {'x_0': 0, 'x_1': 0, 'x_2': 0, 'x_3': 0}. Best is trial 43 with value: 0.0.
[I 2024-11-24 16:17:48,881] Trial 142 finished with value: 0.0 and parameters: {'x_0': 0, 'x_1': 0, 'x_2': 0, 'x_3': 0}. Best is trial 9 with value: 0.0.
[I 2024-11-24 16:17:49,106] Trial 143 finished with value: 0.0 and parameters: {'x_0': 0, 'x_1': 0, 'x_2': 0, 'x_3': 0}. Best is trial 35 with value: 0.0.
[I 2024-11-24 16:17:49,112] Trial 141 finished with value: 0.0 and parameters: {'x_0': 0, 'x_1': 0, 'x_2': 0, 'x_3': 0}. Best is trial 19 with value: 0.0.
[I 2024-11-24 16:17:49,165] Trial 143 finished with value: 0.0 and parameters: {'x_0': 0, 'x_1': 0, 'x_2': 0, 'x_3': 0}. Best is trial 23 with value: 0.0.
[I 2024-11-24 16:17:49,217] Trial 139 finished with value: 0.0 and parameters: {'x_0': 0, 'x_1': 0, 'x_2': 0, 'x_3': 0}. Best is trial 19 with value: 0.0.
[I 2024-11-24 16:17:49,218] Trial 143 finished with value: 0.0 and parameters: {'x_0': 0, 'x_1': 0, 'x_2': 0, 'x_3': 0}. Best is trial 13 with value: 0.0.
[I 2024-11-24 16:17:49,234] Trial 143 finished with value: 0.0 and parameters: {'x_0': 0, 'x_1': 0, 'x_2': 0, 'x_3': 0}. Best is trial 25 with value: 0.0.
[I 2024-11-24 16:17:49,244] Trial 143 finished with value: 0.0 and parameters: {'x_0': 0, 'x_1': 0, 'x_2': 0, 'x_3': 0}. Best is trial 24 with value: 0.0.
[I 2024-11-24 16:17:49,289] Trial 143 finished with value: 0.0 and parameters: {'x_0': 0, 'x_1': 0, 'x_2': 0, 'x_3': 0}. Best is trial 28 with value: 0.0.
[I 2024-11-24 16:17:49,371] Trial 140 finished with value: 0.0 and parameters: {'x_0': 0, 'x_1': 0, 'x_2': 0, 'x_3': 0}. Best is trial 43 with value: 0.0.
[I 2024-11-24 16:17:49,582] Trial 144 finished with value: 0.0 and parameters: {'x_0': 0, 'x_1': 0, 'x_2': 0, 'x_3': 0}. Best is trial 35 with value: 0.0.
[I 2024-11-24 16:17:49,614] Trial 143 finished with value: 0.0 and parameters: {'x_0': 0, 'x_1': 0, 'x_2': 0, 'x_3': 0}. Best is trial 9 with value: 0.0.
[I 2024-11-24 16:17:49,744] Trial 142 finished with value: 0.0 and parameters: {'x_0': 0, 'x_1': 0, 'x_2': 0, 'x_3': 0}. Best is trial 19 with value: 0.0.
[I 2024-11-24 16:17:49,750] Trial 144 finished with value: 0.0 and parameters: {'x_0': 0, 'x_1': 0, 'x_2': 0, 'x_3': 0}. Best is trial 24 with value: 0.0.
[I 2024-11-24 16:17:49,800] Trial 144 finished with value: 0.0 and parameters: {'x_0': 0, 'x_1': 0, 'x_2': 0, 'x_3': 0}. Best is trial 23 with value: 0.0.
[I 2024-11-24 16:17:49,813] Trial 144 finished with value: 0.0 and parameters: {'x_0': 0, 'x_1': 0, 'x_2': 0, 'x_3': 0}. Best is trial 13 with value: 0.0.
[I 2024-11-24 16:17:49,832] Trial 140 finished with value: 0.0 and parameters: {'x_0': 0, 'x_1': 0, 'x_2': 0, 'x_3': 0}. Best is trial 19 with value: 0.0.
[I 2024-11-24 16:17:49,841] Trial 144 finished with value: 0.0 and parameters: {'x_0': 0, 'x_1': 0, 'x_2': 0, 'x_3': 0}. Best is trial 25 with value: 0.0.
[I 2024-11-24 16:17:49,926] Trial 144 finished with value: 0.0 and parameters: {'x_0': 0, 'x_1': 0, 'x_2': 0, 'x_3': 0}. Best is trial 28 with value: 0.0.
[I 2024-11-24 16:17:49,981] Trial 141 finished with value: 0.0 and parameters: {'x_0': 0, 'x_1': 0, 'x_2': 0, 'x_3': 0}. Best is trial 43 with value: 0.0.
[I 2024-11-24 16:17:50,165] Trial 144 finished with value: 0.0 and parameters: {'x_0': 0, 'x_1': 0, 'x_2': 0, 'x_3': 0}. Best is trial 9 with value: 0.0.
[I 2024-11-24 16:17:50,239] Trial 145 finished with value: 0.0 and parameters: {'x_0': 0, 'x_1': 0, 'x_2': 0, 'x_3': 0}. Best is trial 35 with value: 0.0.
[I 2024-11-24 16:17:50,374] Trial 145 finished with value: 0.0 and parameters: {'x_0': 0, 'x_1': 0, 'x_2': 0, 'x_3': 0}. Best is trial 24 with value: 0.0.
[I 2024-11-24 16:17:50,445] Trial 143 finished with value: 0.0 and parameters: {'x_0': 0, 'x_1': 0, 'x_2': 0, 'x_3': 0}. Best is trial 19 with value: 0.0.
[I 2024-11-24 16:17:50,456] Trial 145 finished with value: 0.0 and parameters: {'x_0': 0, 'x_1': 0, 'x_2': 0, 'x_3': 0}. Best is trial 25 with value: 0.0.
[I 2024-11-24 16:17:50,493] Trial 145 finished with value: 0.0 and parameters: {'x_0': 0, 'x_1': 0, 'x_2': 0, 'x_3': 0}. Best is trial 23 with value: 0.0.
[I 2024-11-24 16:17:50,521] Trial 145 finished with value: 0.0 and parameters: {'x_0': 0, 'x_1': 0, 'x_2': 0, 'x_3': 0}. Best is trial 13 with value: 0.0.
[I 2024-11-24 16:17:50,562] Trial 141 finished with value: 0.0 and parameters: {'x_0': 0, 'x_1': 0, 'x_2': 0, 'x_3': 0}. Best is trial 19 with value: 0.0.
[I 2024-11-24 16:17:50,588] Trial 142 finished with value: 0.0 and parameters: {'x_0': 0, 'x_1': 0, 'x_2': 0, 'x_3': 0}. Best is trial 43 with value: 0.0.
[I 2024-11-24 16:17:50,634] Trial 145 finished with value: 0.0 and parameters: {'x_0': 0, 'x_1': 0, 'x_2': 0, 'x_3': 0}. Best is trial 28 with value: 0.0.
[I 2024-11-24 16:17:50,818] Trial 145 finished with value: 0.0 and parameters: {'x_0': 0, 'x_1': 0, 'x_2': 0, 'x_3': 0}. Best is trial 9 with value: 0.0.
[I 2024-11-24 16:17:50,832] Trial 146 finished with value: 0.0 and parameters: {'x_0': 0, 'x_1': 0, 'x_2': 0, 'x_3': 0}. Best is trial 35 with value: 0.0.
[I 2024-11-24 16:17:50,875] Trial 146 finished with value: 0.0 and parameters: {'x_0': 0, 'x_1': 0, 'x_2': 0, 'x_3': 0}. Best is trial 24 with value: 0.0.
[I 2024-11-24 16:17:50,912] Trial 146 finished with value: 0.0 and parameters: {'x_0': 0, 'x_1': 0, 'x_2': 0, 'x_3': 0}. Best is trial 23 with value: 0.0.
[I 2024-11-24 16:17:50,980] Trial 144 finished with value: 0.0 and parameters: {'x_0': 0, 'x_1': 0, 'x_2': 0, 'x_3': 0}. Best is trial 19 with value: 0.0.
[I 2024-11-24 16:17:50,992] Trial 146 finished with value: 0.0 and parameters: {'x_0': 0, 'x_1': 0, 'x_2': 0, 'x_3': 0}. Best is trial 25 with value: 0.0.
[I 2024-11-24 16:17:51,063] Trial 146 finished with value: 0.0 and parameters: {'x_0': 0, 'x_1': 0, 'x_2': 0, 'x_3': 0}. Best is trial 13 with value: 0.0.
[I 2024-11-24 16:17:51,081] Trial 142 finished with value: 0.0 and parameters: {'x_0': 0, 'x_1': 0, 'x_2': 0, 'x_3': 0}. Best is trial 19 with value: 0.0.
[I 2024-11-24 16:17:51,148] Trial 143 finished with value: 0.0 and parameters: {'x_0': 0, 'x_1': 0, 'x_2': 0, 'x_3': 0}. Best is trial 43 with value: 0.0.
[I 2024-11-24 16:17:51,174] Trial 146 finished with value: 0.0 and parameters: {'x_0': 0, 'x_1': 0, 'x_2': 0, 'x_3': 0}. Best is trial 28 with value: 0.0.
[I 2024-11-24 16:17:51,422] Trial 147 finished with value: 0.0 and parameters: {'x_0': 0, 'x_1': 0, 'x_2': 0, 'x_3': 0}. Best is trial 35 with value: 0.0.
[I 2024-11-24 16:17:51,453] Trial 146 finished with value: 0.0 and parameters: {'x_0': 0, 'x_1': 0, 'x_2': 0, 'x_3': 0}. Best is trial 9 with value: 0.0.
[I 2024-11-24 16:17:51,500] Trial 147 finished with value: 0.0 and parameters: {'x_0': 0, 'x_1': 0, 'x_2': 0, 'x_3': 0}. Best is trial 24 with value: 0.0.
[I 2024-11-24 16:17:51,521] Trial 147 finished with value: 0.0 and parameters: {'x_0': 0, 'x_1': 0, 'x_2': 0, 'x_3': 0}. Best is trial 23 with value: 0.0.
[I 2024-11-24 16:17:51,586] Trial 145 finished with value: 0.0 and parameters: {'x_0': 0, 'x_1': 0, 'x_2': 0, 'x_3': 0}. Best is trial 19 with value: 0.0.
[I 2024-11-24 16:17:51,669] Trial 147 finished with value: 0.0 and parameters: {'x_0': 0, 'x_1': 0, 'x_2': 0, 'x_3': 0}. Best is trial 25 with value: 0.0.
[I 2024-11-24 16:17:51,712] Trial 147 finished with value: 0.0 and parameters: {'x_0': 0, 'x_1': 0, 'x_2': 0, 'x_3': 0}. Best is trial 13 with value: 0.0.
[I 2024-11-24 16:17:51,737] Trial 143 finished with value: 0.0 and parameters: {'x_0': 0, 'x_1': 0, 'x_2': 0, 'x_3': 0}. Best is trial 19 with value: 0.0.
