[I 2024-11-24 16:11:56,666] Trial 354 finished with value: 10.0 and parameters: {'x_0': 0, 'x_1': 3, 'x_2': -1, 'x_3': 0}. Best is trial 99 with value: 0.0.
[I 2024-11-24 16:11:56,736] Trial 346 finished with value: 7.0 and parameters: {'x_0': 1, 'x_1': 1, 'x_2': -2, 'x_3': 1}. Best is trial 148 with value: 0.0.
[I 2024-11-24 16:11:56,803] Trial 356 finished with value: 7.0 and parameters: {'x_0': 2, 'x_1': -1, 'x_2': 1, 'x_3': 1}. Best is trial 41 with value: 0.0.
[I 2024-11-24 16:11:56,826] Trial 348 finished with value: 6.0 and parameters: {'x_0': 2, 'x_1': 0, 'x_2': 1, 'x_3': -1}. Best is trial 29 with value: 0.0.
[I 2024-11-24 16:11:56,927] Trial 361 finished with value: 6.0 and parameters: {'x_0': 1, 'x_1': 2, 'x_2': 0, 'x_3': 1}. Best is trial 56 with value: 0.0.
[I 2024-11-24 16:11:56,963] Trial 357 finished with value: 8.0 and parameters: {'x_0': 0, 'x_1': 2, 'x_2': 0, 'x_3': 2}. Best is trial 25 with value: 0.0.
[I 2024-11-24 16:11:57,179] Trial 362 finished with value: 6.0 and parameters: {'x_0': -1, 'x_1': 0, 'x_2': 1, 'x_3': -2}. Best is trial 26 with value: 0.0.
[I 2024-11-24 16:11:57,360] Trial 372 finished with value: 13.0 and parameters: {'x_0': -3, 'x_1': -2, 'x_2': 0, 'x_3': 0}. Best is trial 21 with value: 0.0.
[I 2024-11-24 16:11:57,495] Trial 353 finished with value: 8.0 and parameters: {'x_0': -2, 'x_1': -2, 'x_2': 0, 'x_3': 0}. Best is trial 16 with value: 0.0.
[I 2024-11-24 16:11:57,536] Trial 347 finished with value: 7.0 and parameters: {'x_0': 2, 'x_1': -1, 'x_2': -1, 'x_3': 1}. Best is trial 148 with value: 0.0.
[I 2024-11-24 16:11:57,567] Trial 377 finished with value: 6.0 and parameters: {'x_0': 2, 'x_1': 1, 'x_2': -1, 'x_3': 0}. Best is trial 164 with value: 0.0.
[I 2024-11-24 16:11:57,574] Trial 355 finished with value: 10.0 and parameters: {'x_0': 0, 'x_1': -1, 'x_2': 0, 'x_3': -3}. Best is trial 99 with value: 0.0.
[I 2024-11-24 16:11:57,681] Trial 357 finished with value: 8.0 and parameters: {'x_0': 0, 'x_1': -2, 'x_2': 0, 'x_3': 2}. Best is trial 41 with value: 0.0.
[I 2024-11-24 16:11:57,743] Trial 362 finished with value: 8.0 and parameters: {'x_0': -2, 'x_1': 2, 'x_2': 0, 'x_3': 0}. Best is trial 56 with value: 0.0.
[I 2024-11-24 16:11:58,217] Trial 354 finished with value: 6.0 and parameters: {'x_0': 0, 'x_1': -1, 'x_2': -2, 'x_3': 1}. Best is trial 16 with value: 0.0.
[I 2024-11-24 16:11:58,250] Trial 373 finished with value: 13.0 and parameters: {'x_0': 3, 'x_1': 2, 'x_2': 0, 'x_3': 0}. Best is trial 21 with value: 0.0.
[I 2024-11-24 16:11:58,431] Trial 348 finished with value: 10.0 and parameters: {'x_0': 2, 'x_1': 2, 'x_2': -1, 'x_3': 1}. Best is trial 148 with value: 0.0.
[I 2024-11-24 16:11:58,578] Trial 378 finished with value: 6.0 and parameters: {'x_0': 2, 'x_1': -1, 'x_2': -1, 'x_3': 0}. Best is trial 164 with value: 0.0.
[I 2024-11-24 16:11:58,771] Trial 349 finished with value: 6.0 and parameters: {'x_0': -1, 'x_1': 1, 'x_2': 0, 'x_3': 2}. Best is trial 29 with value: 0.0.
[I 2024-11-24 16:11:58,868] Trial 358 finished with value: 6.0 and parameters: {'x_0': 2, 'x_1': -1, 'x_2': 1, 'x_3': 0}. Best is trial 25 with value: 0.0.
[I 2024-11-24 16:11:59,371] Trial 363 finished with value: 6.0 and parameters: {'x_0': 0, 'x_1': 2, 'x_2': 1, 'x_3': 1}. Best is trial 26 with value: 0.0.
[I 2024-11-24 16:11:59,461] Trial 363 finished with value: 9.0 and parameters: {'x_0': 1, 'x_1': 2, 'x_2': 0, 'x_3': -2}. Best is trial 56 with value: 0.0.
[I 2024-11-24 16:11:59,537] Trial 379 finished with value: 9.0 and parameters: {'x_0': 0, 'x_1': -2, 'x_2': -1, 'x_3': -2}. Best is trial 164 with value: 0.0.
[I 2024-11-24 16:11:59,566] Trial 356 finished with value: 10.0 and parameters: {'x_0': 0, 'x_1': 1, 'x_2': 0, 'x_3': 3}. Best is trial 99 with value: 0.0.
[I 2024-11-24 16:11:59,572] Trial 355 finished with value: 10.0 and parameters: {'x_0': -2, 'x_1': -2, 'x_2': -1, 'x_3': -1}. Best is trial 16 with value: 0.0.
[I 2024-11-24 16:11:59,744] Trial 358 finished with value: 6.0 and parameters: {'x_0': 0, 'x_1': -2, 'x_2': 1, 'x_3': -1}. Best is trial 41 with value: 0.0.
[I 2024-11-24 16:11:59,857] Trial 359 finished with value: 6.0 and parameters: {'x_0': -1, 'x_1': -1, 'x_2': -2, 'x_3': 0}. Best is trial 25 with value: 0.0.
[I 2024-11-24 16:12:00,184] Trial 364 finished with value: 9.0 and parameters: {'x_0': 0, 'x_1': -2, 'x_2': -1, 'x_3': -2}. Best is trial 26 with value: 0.0.
[I 2024-11-24 16:12:00,247] Trial 349 finished with value: 12.0 and parameters: {'x_0': 1, 'x_1': 1, 'x_2': 1, 'x_3': 3}. Best is trial 148 with value: 0.0.
[I 2024-11-24 16:12:00,257] Trial 374 finished with value: 23.0 and parameters: {'x_0': 2, 'x_1': 3, 'x_2': -3, 'x_3': -1}. Best is trial 21 with value: 0.0.
[I 2024-11-24 16:12:00,266] Trial 364 finished with value: 9.0 and parameters: {'x_0': -1, 'x_1': 0, 'x_2': -2, 'x_3': -2}. Best is trial 56 with value: 0.0.
[I 2024-11-24 16:12:00,441] Trial 357 finished with value: 11.0 and parameters: {'x_0': -1, 'x_1': 1, 'x_2': 0, 'x_3': -3}. Best is trial 99 with value: 0.0.
[I 2024-11-24 16:12:00,461] Trial 356 finished with value: 9.0 and parameters: {'x_0': -2, 'x_1': 1, 'x_2': -2, 'x_3': 0}. Best is trial 16 with value: 0.0.
[I 2024-11-24 16:12:00,526] Trial 350 finished with value: 5.0 and parameters: {'x_0': 0, 'x_1': 2, 'x_2': 0, 'x_3': -1}. Best is trial 29 with value: 0.0.
[I 2024-11-24 16:12:00,793] Trial 359 finished with value: 8.0 and parameters: {'x_0': 0, 'x_1': 0, 'x_2': -2, 'x_3': -2}. Best is trial 41 with value: 0.0.
[I 2024-11-24 16:12:00,802] Trial 360 finished with value: 7.0 and parameters: {'x_0': 1, 'x_1': 1, 'x_2': 2, 'x_3': -1}. Best is trial 25 with value: 0.0.
[I 2024-11-24 16:12:01,072] Trial 365 finished with value: 6.0 and parameters: {'x_0': -1, 'x_1': 1, 'x_2': 2, 'x_3': 0}. Best is trial 56 with value: 0.0.
[I 2024-11-24 16:12:01,146] Trial 365 finished with value: 8.0 and parameters: {'x_0': 0, 'x_1': 0, 'x_2': -2, 'x_3': -2}. Best is trial 26 with value: 0.0.
[I 2024-11-24 16:12:01,150] Trial 357 finished with value: 8.0 and parameters: {'x_0': 2, 'x_1': 0, 'x_2': 0, 'x_3': -2}. Best is trial 16 with value: 0.0.
[I 2024-11-24 16:12:01,274] Trial 380 finished with value: 9.0 and parameters: {'x_0': 2, 'x_1': 1, 'x_2': -2, 'x_3': 0}. Best is trial 164 with value: 0.0.
[I 2024-11-24 16:12:01,440] Trial 350 finished with value: 7.0 and parameters: {'x_0': -1, 'x_1': -1, 'x_2': 2, 'x_3': 1}. Best is trial 148 with value: 0.0.
[I 2024-11-24 16:12:01,520] Trial 375 finished with value: 7.0 and parameters: {'x_0': -1, 'x_1': -1, 'x_2': -2, 'x_3': 1}. Best is trial 21 with value: 0.0.
[I 2024-11-24 16:12:01,540] Trial 358 finished with value: 9.0 and parameters: {'x_0': 2, 'x_1': 2, 'x_2': 1, 'x_3': 0}. Best is trial 99 with value: 0.0.
[I 2024-11-24 16:12:01,834] Trial 360 finished with value: 6.0 and parameters: {'x_0': 0, 'x_1': -2, 'x_2': -1, 'x_3': -1}. Best is trial 41 with value: 0.0.
[I 2024-11-24 16:12:02,263] Trial 381 finished with value: 6.0 and parameters: {'x_0': -1, 'x_1': -2, 'x_2': 0, 'x_3': -1}. Best is trial 164 with value: 0.0.
[I 2024-11-24 16:12:02,391] Trial 376 finished with value: 10.0 and parameters: {'x_0': 1, 'x_1': -2, 'x_2': 2, 'x_3': 1}. Best is trial 21 with value: 0.0.
[I 2024-11-24 16:12:02,425] Trial 351 finished with value: 7.0 and parameters: {'x_0': 1, 'x_1': 1, 'x_2': 2, 'x_3': 1}. Best is trial 148 with value: 0.0.
[I 2024-11-24 16:12:02,456] Trial 361 finished with value: 9.0 and parameters: {'x_0': 2, 'x_1': -1, 'x_2': 2, 'x_3': 0}. Best is trial 25 with value: 0.0.
[I 2024-11-24 16:12:02,509] Trial 351 finished with value: 6.0 and parameters: {'x_0': -1, 'x_1': 1, 'x_2': -2, 'x_3': 0}. Best is trial 29 with value: 0.0.
[I 2024-11-24 16:12:02,765] Trial 366 finished with value: 14.0 and parameters: {'x_0': -3, 'x_1': 2, 'x_2': 0, 'x_3': 1}. Best is trial 26 with value: 0.0.
[I 2024-11-24 16:12:03,037] Trial 382 finished with value: 12.0 and parameters: {'x_0': 1, 'x_1': -3, 'x_2': 1, 'x_3': 1}. Best is trial 164 with value: 0.0.
[I 2024-11-24 16:12:03,164] Trial 366 finished with value: 6.0 and parameters: {'x_0': 1, 'x_1': 2, 'x_2': -1, 'x_3': 0}. Best is trial 56 with value: 0.0.
[I 2024-11-24 16:12:03,204] Trial 358 finished with value: 9.0 and parameters: {'x_0': -2, 'x_1': 2, 'x_2': 1, 'x_3': 0}. Best is trial 16 with value: 0.0.
[I 2024-11-24 16:12:03,321] Trial 359 finished with value: 6.0 and parameters: {'x_0': 0, 'x_1': -1, 'x_2': -1, 'x_3': 2}. Best is trial 99 with value: 0.0.
[I 2024-11-24 16:12:03,404] Trial 362 finished with value: 10.0 and parameters: {'x_0': -2, 'x_1': 2, 'x_2': -1, 'x_3': -1}. Best is trial 25 with value: 0.0.
[I 2024-11-24 16:12:04,020] Trial 367 finished with value: 7.0 and parameters: {'x_0': 1, 'x_1': 1, 'x_2': 2, 'x_3': 1}. Best is trial 26 with value: 0.0.
[I 2024-11-24 16:12:04,029] Trial 367 finished with value: 4.0 and parameters: {'x_0': 0, 'x_1': 2, 'x_2': 0, 'x_3': 0}. Best is trial 56 with value: 0.0.
[I 2024-11-24 16:12:04,075] Trial 361 finished with value: 8.0 and parameters: {'x_0': 0, 'x_1': 2, 'x_2': 0, 'x_3': -2}. Best is trial 41 with value: 0.0.
[I 2024-11-24 16:12:04,215] Trial 359 finished with value: 7.0 and parameters: {'x_0': 1, 'x_1': 1, 'x_2': 2, 'x_3': 1}. Best is trial 16 with value: 0.0.
[I 2024-11-24 16:12:04,215] Trial 360 finished with value: 7.0 and parameters: {'x_0': 1, 'x_1': 2, 'x_2': -1, 'x_3': 1}. Best is trial 99 with value: 0.0.
[I 2024-11-24 16:12:04,264] Trial 352 finished with value: 5.0 and parameters: {'x_0': 0, 'x_1': 1, 'x_2': 0, 'x_3': -2}. Best is trial 29 with value: 0.0.
[I 2024-11-24 16:12:04,277] Trial 352 finished with value: 5.0 and parameters: {'x_0': 0, 'x_1': -2, 'x_2': 1, 'x_3': 0}. Best is trial 148 with value: 0.0.
[I 2024-11-24 16:12:04,396] Trial 363 finished with value: 10.0 and parameters: {'x_0': 1, 'x_1': -2, 'x_2': 2, 'x_3': -1}. Best is trial 25 with value: 0.0.
[I 2024-11-24 16:12:04,534] Trial 377 finished with value: 6.0 and parameters: {'x_0': 2, 'x_1': -1, 'x_2': -1, 'x_3': 0}. Best is trial 21 with value: 0.0.
[I 2024-11-24 16:12:04,836] Trial 368 finished with value: 5.0 and parameters: {'x_0': 0, 'x_1': 2, 'x_2': 0, 'x_3': -1}. Best is trial 56 with value: 0.0.
[I 2024-11-24 16:12:04,847] Trial 368 finished with value: 7.0 and parameters: {'x_0': -1, 'x_1': 1, 'x_2': -2, 'x_3': -1}. Best is trial 26 with value: 0.0.
[I 2024-11-24 16:12:05,017] Trial 383 finished with value: 9.0 and parameters: {'x_0': 0, 'x_1': 1, 'x_2': 2, 'x_3': 2}. Best is trial 164 with value: 0.0.
[I 2024-11-24 16:12:05,042] Trial 362 finished with value: 26.0 and parameters: {'x_0': -2, 'x_1': 3, 'x_2': -3, 'x_3': 2}. Best is trial 41 with value: 0.0.
[I 2024-11-24 16:12:05,062] Trial 360 finished with value: 7.0 and parameters: {'x_0': 1, 'x_1': 1, 'x_2': -2, 'x_3': 1}. Best is trial 16 with value: 0.0.
[I 2024-11-24 16:12:05,154] Trial 361 finished with value: 26.0 and parameters: {'x_0': 2, 'x_1': 3, 'x_2': -3, 'x_3': -2}. Best is trial 99 with value: 0.0.
[I 2024-11-24 16:12:05,354] Trial 353 finished with value: 6.0 and parameters: {'x_0': 0, 'x_1': -2, 'x_2': 1, 'x_3': 1}. Best is trial 148 with value: 0.0.
[I 2024-11-24 16:12:05,473] Trial 378 finished with value: 6.0 and parameters: {'x_0': -2, 'x_1': -1, 'x_2': -1, 'x_3': 0}. Best is trial 21 with value: 0.0.
[I 2024-11-24 16:12:05,837] Trial 353 finished with value: 6.0 and parameters: {'x_0': 2, 'x_1': 1, 'x_2': 0, 'x_3': 1}. Best is trial 29 with value: 0.0.
[I 2024-11-24 16:12:06,010] Trial 384 finished with value: 9.0 and parameters: {'x_0': 0, 'x_1': -1, 'x_2': 2, 'x_3': -2}. Best is trial 164 with value: 0.0.
[I 2024-11-24 16:12:06,084] Trial 364 finished with value: 8.0 and parameters: {'x_0': 0, 'x_1': 0, 'x_2': 2, 'x_3': 2}. Best is trial 25 with value: 0.0.
[I 2024-11-24 16:12:06,151] Trial 354 finished with value: 7.0 and parameters: {'x_0': 1, 'x_1': -1, 'x_2': -2, 'x_3': -1}. Best is trial 148 with value: 0.0.
[I 2024-11-24 16:12:06,173] Trial 369 finished with value: 5.0 and parameters: {'x_0': 0, 'x_1': 2, 'x_2': 0, 'x_3': 1}. Best is trial 56 with value: 0.0.
[I 2024-11-24 16:12:06,680] Trial 369 finished with value: 9.0 and parameters: {'x_0': 0, 'x_1': 1, 'x_2': -2, 'x_3': 2}. Best is trial 26 with value: 0.0.
[I 2024-11-24 16:12:06,735] Trial 361 finished with value: 7.0 and parameters: {'x_0': 2, 'x_1': 1, 'x_2': -1, 'x_3': 1}. Best is trial 16 with value: 0.0.
[I 2024-11-24 16:12:06,891] Trial 385 finished with value: 6.0 and parameters: {'x_0': -1, 'x_1': 2, 'x_2': 0, 'x_3': -1}. Best is trial 164 with value: 0.0.
[I 2024-11-24 16:12:07,183] Trial 365 finished with value: 8.0 and parameters: {'x_0': 0, 'x_1': 0, 'x_2': -2, 'x_3': -2}. Best is trial 25 with value: 0.0.
[I 2024-11-24 16:12:07,252] Trial 370 finished with value: 8.0 and parameters: {'x_0': 0, 'x_1': 2, 'x_2': 0, 'x_3': 2}. Best is trial 56 with value: 0.0.
[I 2024-11-24 16:12:07,429] Trial 379 finished with value: 9.0 and parameters: {'x_0': 0, 'x_1': -2, 'x_2': 1, 'x_3': -2}. Best is trial 21 with value: 0.0.
[I 2024-11-24 16:12:07,480] Trial 363 finished with value: 9.0 and parameters: {'x_0': 1, 'x_1': -2, 'x_2': -2, 'x_3': 0}. Best is trial 41 with value: 0.0.
[I 2024-11-24 16:12:07,568] Trial 354 finished with value: 6.0 and parameters: {'x_0': -1, 'x_1': 0, 'x_2': 2, 'x_3': -1}. Best is trial 29 with value: 0.0.
[I 2024-11-24 16:12:07,569] Trial 362 finished with value: 7.0 and parameters: {'x_0': -1, 'x_1': -2, 'x_2': -1, 'x_3': -1}. Best is trial 99 with value: 0.0.
[I 2024-11-24 16:12:07,667] Trial 362 finished with value: 8.0 and parameters: {'x_0': 0, 'x_1': 0, 'x_2': -2, 'x_3': 2}. Best is trial 16 with value: 0.0.
[I 2024-11-24 16:12:07,727] Trial 370 finished with value: 10.0 and parameters: {'x_0': -1, 'x_1': 2, 'x_2': -2, 'x_3': 1}. Best is trial 26 with value: 0.0.
[I 2024-11-24 16:12:08,138] Trial 355 finished with value: 11.0 and parameters: {'x_0': -1, 'x_1': 3, 'x_2': 0, 'x_3': -1}. Best is trial 148 with value: 0.0.
[I 2024-11-24 16:12:08,156] Trial 366 finished with value: 7.0 and parameters: {'x_0': -1, 'x_1': 2, 'x_2': 1, 'x_3': 1}. Best is trial 25 with value: 0.0.
[I 2024-11-24 16:12:08,239] Trial 371 finished with value: 14.0 and parameters: {'x_0': -3, 'x_1': 2, 'x_2': 0, 'x_3': 1}. Best is trial 56 with value: 0.0.
[I 2024-11-24 16:12:08,276] Trial 364 finished with value: 11.0 and parameters: {'x_0': 0, 'x_1': 1, 'x_2': 3, 'x_3': -1}. Best is trial 41 with value: 0.0.
[I 2024-11-24 16:12:08,449] Trial 363 finished with value: 10.0 and parameters: {'x_0': -1, 'x_1': 2, 'x_2': 2, 'x_3': -1}. Best is trial 99 with value: 0.0.
[I 2024-11-24 16:12:08,559] Trial 380 finished with value: 14.0 and parameters: {'x_0': -1, 'x_1': -3, 'x_2': -2, 'x_3': 0}. Best is trial 21 with value: 0.0.
[I 2024-11-24 16:12:08,669] Trial 363 finished with value: 6.0 and parameters: {'x_0': -2, 'x_1': -1, 'x_2': 1, 'x_3': 0}. Best is trial 16 with value: 0.0.
[I 2024-11-24 16:12:08,805] Trial 371 finished with value: 13.0 and parameters: {'x_0': 0, 'x_1': -2, 'x_2': 0, 'x_3': 3}. Best is trial 26 with value: 0.0.
[I 2024-11-24 16:12:08,877] Trial 386 finished with value: 10.0 and parameters: {'x_0': 2, 'x_1': -1, 'x_2': -2, 'x_3': 1}. Best is trial 164 with value: 0.0.
[I 2024-11-24 16:12:08,990] Trial 356 finished with value: 13.0 and parameters: {'x_0': 0, 'x_1': -2, 'x_2': 3, 'x_3': 0}. Best is trial 148 with value: 0.0.
[I 2024-11-24 16:12:09,171] Trial 365 finished with value: 5.0 and parameters: {'x_0': 1, 'x_1': 2, 'x_2': 0, 'x_3': 0}. Best is trial 41 with value: 0.0.
[I 2024-11-24 16:12:09,182] Trial 355 finished with value: 6.0 and parameters: {'x_0': -2, 'x_1': 1, 'x_2': 0, 'x_3': -1}. Best is trial 29 with value: 0.0.
[I 2024-11-24 16:12:09,430] Trial 364 finished with value: 6.0 and parameters: {'x_0': 1, 'x_1': -1, 'x_2': 2, 'x_3': 0}. Best is trial 99 with value: 0.0.
[I 2024-11-24 16:12:09,431] Trial 381 finished with value: 7.0 and parameters: {'x_0': -1, 'x_1': -1, 'x_2': 2, 'x_3': -1}. Best is trial 21 with value: 0.0.
[I 2024-11-24 16:12:09,871] Trial 387 finished with value: 10.0 and parameters: {'x_0': 2, 'x_1': -2, 'x_2': -1, 'x_3': 1}. Best is trial 164 with value: 0.0.
[I 2024-11-24 16:12:09,873] Trial 372 finished with value: 13.0 and parameters: {'x_0': 0, 'x_1': 2, 'x_2': 3, 'x_3': 0}. Best is trial 56 with value: 0.0.
[I 2024-11-24 16:12:09,882] Trial 357 finished with value: 12.0 and parameters: {'x_0': -1, 'x_1': 1, 'x_2': -3, 'x_3': 1}. Best is trial 148 with value: 0.0.
[I 2024-11-24 16:12:10,040] Trial 367 finished with value: 6.0 and parameters: {'x_0': 1, 'x_1': -1, 'x_2': 0, 'x_3': 2}. Best is trial 25 with value: 0.0.
[I 2024-11-24 16:12:10,384] Trial 364 finished with value: 12.0 and parameters: {'x_0': 1, 'x_1': 1, 'x_2': 1, 'x_3': 3}. Best is trial 16 with value: 0.0.
[I 2024-11-24 16:12:10,795] Trial 372 finished with value: 7.0 and parameters: {'x_0': 1, 'x_1': 2, 'x_2': -1, 'x_3': -1}. Best is trial 26 with value: 0.0.
[I 2024-11-24 16:12:10,796] Trial 388 finished with value: 6.0 and parameters: {'x_0': 1, 'x_1': -2, 'x_2': 0, 'x_3': -1}. Best is trial 164 with value: 0.0.
[I 2024-11-24 16:12:10,866] Trial 356 finished with value: 6.0 and parameters: {'x_0': -1, 'x_1': 2, 'x_2': 1, 'x_3': 0}. Best is trial 29 with value: 0.0.
[I 2024-11-24 16:12:10,902] Trial 373 finished with value: 9.0 and parameters: {'x_0': -2, 'x_1': 1, 'x_2': 2, 'x_3': 0}. Best is trial 56 with value: 0.0.
[I 2024-11-24 16:12:11,065] Trial 368 finished with value: 14.0 and parameters: {'x_0': 3, 'x_1': 0, 'x_2': -2, 'x_3': 1}. Best is trial 25 with value: 0.0.
[I 2024-11-24 16:12:11,067] Trial 366 finished with value: 6.0 and parameters: {'x_0': -2, 'x_1': 1, 'x_2': 1, 'x_3': 0}. Best is trial 41 with value: 0.0.
[I 2024-11-24 16:12:11,183] Trial 382 finished with value: 9.0 and parameters: {'x_0': 0, 'x_1': -2, 'x_2': -1, 'x_3': 2}. Best is trial 21 with value: 0.0.
[I 2024-11-24 16:12:11,391] Trial 365 finished with value: 14.0 and parameters: {'x_0': 3, 'x_1': 2, 'x_2': -1, 'x_3': 0}. Best is trial 99 with value: 0.0.
[I 2024-11-24 16:12:11,483] Trial 365 finished with value: 26.0 and parameters: {'x_0': 2, 'x_1': -3, 'x_2': -3, 'x_3': 2}. Best is trial 16 with value: 0.0.
[I 2024-11-24 16:12:11,887] Trial 373 finished with value: 9.0 and parameters: {'x_0': 0, 'x_1': 1, 'x_2': 2, 'x_3': -2}. Best is trial 26 with value: 0.0.
[I 2024-11-24 16:12:11,896] Trial 374 finished with value: 7.0 and parameters: {'x_0': -1, 'x_1': 1, 'x_2': 2, 'x_3': -1}. Best is trial 56 with value: 0.0.
[I 2024-11-24 16:12:12,122] Trial 358 finished with value: 12.0 and parameters: {'x_0': -1, 'x_1': 1, 'x_2': -1, 'x_3': -3}. Best is trial 148 with value: 0.0.
[I 2024-11-24 16:12:12,179] Trial 367 finished with value: 7.0 and parameters: {'x_0': -1, 'x_1': -1, 'x_2': 2, 'x_3': -1}. Best is trial 41 with value: 0.0.
[I 2024-11-24 16:12:12,292] Trial 369 finished with value: 11.0 and parameters: {'x_0': 1, 'x_1': -1, 'x_2': -3, 'x_3': 0}. Best is trial 25 with value: 0.0.
[I 2024-11-24 16:12:12,331] Trial 383 finished with value: 6.0 and parameters: {'x_0': 1, 'x_1': 1, 'x_2': -2, 'x_3': 0}. Best is trial 21 with value: 0.0.
[I 2024-11-24 16:12:12,498] Trial 366 finished with value: 7.0 and parameters: {'x_0': 1, 'x_1': -1, 'x_2': -2, 'x_3': -1}. Best is trial 16 with value: 0.0.
[I 2024-11-24 16:12:12,566] Trial 366 finished with value: 6.0 and parameters: {'x_0': 1, 'x_1': -1, 'x_2': -2, 'x_3': 0}. Best is trial 99 with value: 0.0.
[I 2024-11-24 16:12:12,643] Trial 389 finished with value: 12.0 and parameters: {'x_0': -1, 'x_1': 3, 'x_2': 1, 'x_3': 1}. Best is trial 164 with value: 0.0.
[I 2024-11-24 16:12:12,706] Trial 357 finished with value: 6.0 and parameters: {'x_0': -1, 'x_1': -2, 'x_2': -1, 'x_3': 0}. Best is trial 29 with value: 0.0.
[I 2024-11-24 16:12:12,905] Trial 374 finished with value: 9.0 and parameters: {'x_0': 0, 'x_1': -1, 'x_2': -2, 'x_3': 2}. Best is trial 26 with value: 0.0.
[I 2024-11-24 16:12:13,057] Trial 368 finished with value: 6.0 and parameters: {'x_0': 2, 'x_1': 1, 'x_2': -1, 'x_3': 0}. Best is trial 41 with value: 0.0.
[I 2024-11-24 16:12:13,185] Trial 359 finished with value: 6.0 and parameters: {'x_0': 2, 'x_1': -1, 'x_2': 1, 'x_3': 0}. Best is trial 148 with value: 0.0.
[I 2024-11-24 16:12:13,284] Trial 384 finished with value: 12.0 and parameters: {'x_0': 1, 'x_1': 1, 'x_2': 3, 'x_3': 1}. Best is trial 21 with value: 0.0.
[I 2024-11-24 16:12:13,338] Trial 375 finished with value: 6.0 and parameters: {'x_0': 1, 'x_1': -2, 'x_2': 1, 'x_3': 0}. Best is trial 56 with value: 0.0.
[I 2024-11-24 16:12:13,540] Trial 390 finished with value: 26.0 and parameters: {'x_0': -2, 'x_1': -3, 'x_2': -3, 'x_3': -2}. Best is trial 164 with value: 0.0.
[I 2024-11-24 16:12:13,925] Trial 370 finished with value: 12.0 and parameters: {'x_0': 1, 'x_1': 3, 'x_2': -1, 'x_3': 1}. Best is trial 25 with value: 0.0.
[I 2024-11-24 16:12:14,112] Trial 360 finished with value: 8.0 and parameters: {'x_0': 0, 'x_1': 0, 'x_2': 2, 'x_3': -2}. Best is trial 148 with value: 0.0.
[I 2024-11-24 16:12:14,117] Trial 376 finished with value: 7.0 and parameters: {'x_0': 1, 'x_1': -2, 'x_2': 1, 'x_3': -1}. Best is trial 56 with value: 0.0.
[I 2024-11-24 16:12:14,326] Trial 367 finished with value: 9.0 and parameters: {'x_0': 0, 'x_1': 1, 'x_2': 2, 'x_3': -2}. Best is trial 16 with value: 0.0.
[I 2024-11-24 16:12:14,528] Trial 358 finished with value: 5.0 and parameters: {'x_0': -1, 'x_1': -2, 'x_2': 0, 'x_3': 0}. Best is trial 29 with value: 0.0.
[I 2024-11-24 16:12:14,778] Trial 391 finished with value: 6.0 and parameters: {'x_0': 1, 'x_1': -1, 'x_2': -2, 'x_3': 0}. Best is trial 164 with value: 0.0.
[I 2024-11-24 16:12:14,843] Trial 371 finished with value: 9.0 and parameters: {'x_0': -2, 'x_1': -1, 'x_2': -2, 'x_3': 0}. Best is trial 25 with value: 0.0.
[I 2024-11-24 16:12:14,850] Trial 377 finished with value: 14.0 and parameters: {'x_0': -1, 'x_1': -2, 'x_2': -3, 'x_3': 0}. Best is trial 56 with value: 0.0.
