[I 2024-11-24 16:12:57,210] Trial 408 finished with value: 4.0 and parameters: {'x_0': 0, 'x_1': -2, 'x_2': 0, 'x_3': 0}. Best is trial 56 with value: 0.0.
[I 2024-11-24 16:12:57,539] Trial 396 finished with value: 14.0 and parameters: {'x_0': -1, 'x_1': -3, 'x_2': 2, 'x_3': 0}. Best is trial 16 with value: 0.0.
[I 2024-11-24 16:12:57,666] Trial 390 finished with value: 9.0 and parameters: {'x_0': 1, 'x_1': -2, 'x_2': 2, 'x_3': 0}. Best is trial 148 with value: 0.0.
[I 2024-11-24 16:12:58,016] Trial 380 finished with value: 10.0 and parameters: {'x_0': -3, 'x_1': 0, 'x_2': 1, 'x_3': 0}. Best is trial 29 with value: 0.0.
[I 2024-11-24 16:12:58,033] Trial 397 finished with value: 12.0 and parameters: {'x_0': 1, 'x_1': -1, 'x_2': -3, 'x_3': -1}. Best is trial 41 with value: 0.0.
[I 2024-11-24 16:12:58,104] Trial 396 finished with value: 7.0 and parameters: {'x_0': -1, 'x_1': -2, 'x_2': 1, 'x_3': -1}. Best is trial 99 with value: 0.0.
[I 2024-11-24 16:12:58,214] Trial 414 finished with value: 7.0 and parameters: {'x_0': 1, 'x_1': 1, 'x_2': 1, 'x_3': -2}. Best is trial 21 with value: 0.0.
[I 2024-11-24 16:12:58,305] Trial 400 finished with value: 9.0 and parameters: {'x_0': -2, 'x_1': -2, 'x_2': -1, 'x_3': 0}. Best is trial 25 with value: 0.0.
[I 2024-11-24 16:12:58,341] Trial 409 finished with value: 5.0 and parameters: {'x_0': 0, 'x_1': -2, 'x_2': 0, 'x_3': 1}. Best is trial 56 with value: 0.0.
[I 2024-11-24 16:12:58,712] Trial 397 finished with value: 14.0 and parameters: {'x_0': -3, 'x_1': -1, 'x_2': -2, 'x_3': 0}. Best is trial 16 with value: 0.0.
[I 2024-11-24 16:12:59,302] Trial 415 finished with value: 6.0 and parameters: {'x_0': 1, 'x_1': 2, 'x_2': 1, 'x_3': 0}. Best is trial 21 with value: 0.0.
[I 2024-11-24 16:12:59,346] Trial 410 finished with value: 5.0 and parameters: {'x_0': 0, 'x_1': -2, 'x_2': 0, 'x_3': -1}. Best is trial 56 with value: 0.0.
[I 2024-11-24 16:12:59,553] Trial 404 finished with value: 7.0 and parameters: {'x_0': 1, 'x_1': 1, 'x_2': 1, 'x_3': -2}. Best is trial 26 with value: 0.0.
[I 2024-11-24 16:12:59,671] Trial 398 finished with value: 14.0 and parameters: {'x_0': -3, 'x_1': 0, 'x_2': -2, 'x_3': -1}. Best is trial 41 with value: 0.0.
[I 2024-11-24 16:12:59,772] Trial 420 finished with value: 14.0 and parameters: {'x_0': 3, 'x_1': -2, 'x_2': -1, 'x_3': 0}. Best is trial 164 with value: 0.0.
[I 2024-11-24 16:13:00,002] Trial 397 finished with value: 7.0 and parameters: {'x_0': -2, 'x_1': -1, 'x_2': -1, 'x_3': 1}. Best is trial 99 with value: 0.0.
[I 2024-11-24 16:13:00,082] Trial 391 finished with value: 12.0 and parameters: {'x_0': -1, 'x_1': 1, 'x_2': 3, 'x_3': -1}. Best is trial 148 with value: 0.0.
[I 2024-11-24 16:13:00,208] Trial 381 finished with value: 6.0 and parameters: {'x_0': 1, 'x_1': -2, 'x_2': 0, 'x_3': -1}. Best is trial 29 with value: 0.0.
[I 2024-11-24 16:13:00,826] Trial 405 finished with value: 7.0 and parameters: {'x_0': 1, 'x_1': 2, 'x_2': -1, 'x_3': 1}. Best is trial 26 with value: 0.0.
[I 2024-11-24 16:13:00,906] Trial 401 finished with value: 11.0 and parameters: {'x_0': -1, 'x_1': -3, 'x_2': -1, 'x_3': 0}. Best is trial 25 with value: 0.0.
[I 2024-11-24 16:13:00,937] Trial 398 finished with value: 7.0 and parameters: {'x_0': -2, 'x_1': 1, 'x_2': -1, 'x_3': -1}. Best is trial 99 with value: 0.0.
[I 2024-11-24 16:13:01,110] Trial 421 finished with value: 11.0 and parameters: {'x_0': -1, 'x_1': -3, 'x_2': -1, 'x_3': 0}. Best is trial 164 with value: 0.0.
[I 2024-11-24 16:13:01,323] Trial 392 finished with value: 12.0 and parameters: {'x_0': -1, 'x_1': -1, 'x_2': -3, 'x_3': -1}. Best is trial 148 with value: 0.0.
[I 2024-11-24 16:13:01,501] Trial 398 finished with value: 7.0 and parameters: {'x_0': 1, 'x_1': 2, 'x_2': 1, 'x_3': -1}. Best is trial 16 with value: 0.0.
[I 2024-11-24 16:13:01,563] Trial 416 finished with value: 9.0 and parameters: {'x_0': -1, 'x_1': 2, 'x_2': 2, 'x_3': 0}. Best is trial 21 with value: 0.0.
[I 2024-11-24 16:13:01,670] Trial 411 finished with value: 13.0 and parameters: {'x_0': 0, 'x_1': -2, 'x_2': 0, 'x_3': -3}. Best is trial 56 with value: 0.0.
[I 2024-11-24 16:13:01,920] Trial 406 finished with value: 6.0 and parameters: {'x_0': 1, 'x_1': -1, 'x_2': 2, 'x_3': 0}. Best is trial 26 with value: 0.0.
[I 2024-11-24 16:13:01,931] Trial 399 finished with value: 5.0 and parameters: {'x_0': 0, 'x_1': 1, 'x_2': 2, 'x_3': 0}. Best is trial 99 with value: 0.0.
[I 2024-11-24 16:13:01,972] Trial 382 finished with value: 6.0 and parameters: {'x_0': 1, 'x_1': 2, 'x_2': 0, 'x_3': -1}. Best is trial 29 with value: 0.0.
[I 2024-11-24 16:13:02,059] Trial 402 finished with value: 9.0 and parameters: {'x_0': -1, 'x_1': -2, 'x_2': -2, 'x_3': 0}. Best is trial 25 with value: 0.0.
[I 2024-11-24 16:13:02,162] Trial 399 finished with value: 13.0 and parameters: {'x_0': 3, 'x_1': 0, 'x_2': 2, 'x_3': 0}. Best is trial 41 with value: 0.0.
[I 2024-11-24 16:13:02,309] Trial 422 finished with value: 12.0 and parameters: {'x_0': 1, 'x_1': 1, 'x_2': -3, 'x_3': -1}. Best is trial 164 with value: 0.0.
[I 2024-11-24 16:13:02,530] Trial 399 finished with value: 14.0 and parameters: {'x_0': -3, 'x_1': -2, 'x_2': -1, 'x_3': 0}. Best is trial 16 with value: 0.0.
[I 2024-11-24 16:13:02,549] Trial 393 finished with value: 7.0 and parameters: {'x_0': 1, 'x_1': 2, 'x_2': 1, 'x_3': 1}. Best is trial 148 with value: 0.0.
[I 2024-11-24 16:13:02,584] Trial 417 finished with value: 7.0 and parameters: {'x_0': 1, 'x_1': 1, 'x_2': 2, 'x_3': 1}. Best is trial 21 with value: 0.0.
[I 2024-11-24 16:13:02,866] Trial 412 finished with value: 13.0 and parameters: {'x_0': 3, 'x_1': -2, 'x_2': 0, 'x_3': 0}. Best is trial 56 with value: 0.0.
[I 2024-11-24 16:13:03,533] Trial 400 finished with value: 6.0 and parameters: {'x_0': 1, 'x_1': 2, 'x_2': -1, 'x_3': 0}. Best is trial 41 with value: 0.0.
[I 2024-11-24 16:13:03,716] Trial 418 finished with value: 7.0 and parameters: {'x_0': -1, 'x_1': 1, 'x_2': 2, 'x_3': -1}. Best is trial 21 with value: 0.0.
[I 2024-11-24 16:13:03,931] Trial 400 finished with value: 6.0 and parameters: {'x_0': -1, 'x_1': 2, 'x_2': 1, 'x_3': 0}. Best is trial 16 with value: 0.0.
[I 2024-11-24 16:13:04,099] Trial 400 finished with value: 6.0 and parameters: {'x_0': 0, 'x_1': 1, 'x_2': 2, 'x_3': -1}. Best is trial 99 with value: 0.0.
[I 2024-11-24 16:13:04,153] Trial 383 finished with value: 11.0 and parameters: {'x_0': -1, 'x_1': 0, 'x_2': 3, 'x_3': 1}. Best is trial 29 with value: 0.0.
[I 2024-11-24 16:13:04,496] Trial 407 finished with value: 7.0 and parameters: {'x_0': -1, 'x_1': -1, 'x_2': -1, 'x_3': -2}. Best is trial 26 with value: 0.0.
[I 2024-11-24 16:13:04,548] Trial 401 finished with value: 10.0 and parameters: {'x_0': 0, 'x_1': 3, 'x_2': 1, 'x_3': 0}. Best is trial 41 with value: 0.0.
[I 2024-11-24 16:13:04,621] Trial 394 finished with value: 10.0 and parameters: {'x_0': -1, 'x_1': -2, 'x_2': -2, 'x_3': 1}. Best is trial 148 with value: 0.0.
[I 2024-11-24 16:13:04,632] Trial 403 finished with value: 7.0 and parameters: {'x_0': -1, 'x_1': -2, 'x_2': 1, 'x_3': 1}. Best is trial 25 with value: 0.0.
[I 2024-11-24 16:13:04,754] Trial 423 finished with value: 9.0 and parameters: {'x_0': -1, 'x_1': 2, 'x_2': 0, 'x_3': -2}. Best is trial 164 with value: 0.0.
[I 2024-11-24 16:13:05,430] Trial 401 finished with value: 6.0 and parameters: {'x_0': 0, 'x_1': 1, 'x_2': 2, 'x_3': 1}. Best is trial 99 with value: 0.0.
[I 2024-11-24 16:13:05,716] Trial 413 finished with value: 7.0 and parameters: {'x_0': 2, 'x_1': 1, 'x_2': -1, 'x_3': 1}. Best is trial 56 with value: 0.0.
[I 2024-11-24 16:13:05,735] Trial 408 finished with value: 5.0 and parameters: {'x_0': 1, 'x_1': -2, 'x_2': 0, 'x_3': 0}. Best is trial 26 with value: 0.0.
[I 2024-11-24 16:13:05,740] Trial 404 finished with value: 7.0 and parameters: {'x_0': 1, 'x_1': -1, 'x_2': 2, 'x_3': -1}. Best is trial 25 with value: 0.0.
[I 2024-11-24 16:13:05,897] Trial 395 finished with value: 7.0 and parameters: {'x_0': 1, 'x_1': 1, 'x_2': 2, 'x_3': -1}. Best is trial 148 with value: 0.0.
[I 2024-11-24 16:13:05,919] Trial 424 finished with value: 14.0 and parameters: {'x_0': -3, 'x_1': 0, 'x_2': 2, 'x_3': 1}. Best is trial 164 with value: 0.0.
[I 2024-11-24 16:13:06,021] Trial 419 finished with value: 7.0 and parameters: {'x_0': -1, 'x_1': 1, 'x_2': -1, 'x_3': 2}. Best is trial 21 with value: 0.0.
[I 2024-11-24 16:13:06,274] Trial 402 finished with value: 6.0 and parameters: {'x_0': 1, 'x_1': 1, 'x_2': 2, 'x_3': 0}. Best is trial 99 with value: 0.0.
[I 2024-11-24 16:13:06,304] Trial 384 finished with value: 7.0 and parameters: {'x_0': -2, 'x_1': 1, 'x_2': -1, 'x_3': 1}. Best is trial 29 with value: 0.0.
[I 2024-11-24 16:13:06,496] Trial 401 finished with value: 7.0 and parameters: {'x_0': 1, 'x_1': -2, 'x_2': 1, 'x_3': -1}. Best is trial 16 with value: 0.0.
[I 2024-11-24 16:13:06,850] Trial 414 finished with value: 7.0 and parameters: {'x_0': 1, 'x_1': -1, 'x_2': -2, 'x_3': 1}. Best is trial 56 with value: 0.0.
[I 2024-11-24 16:13:07,045] Trial 420 finished with value: 7.0 and parameters: {'x_0': -2, 'x_1': 1, 'x_2': 1, 'x_3': 1}. Best is trial 21 with value: 0.0.
[I 2024-11-24 16:13:07,056] Trial 425 finished with value: 7.0 and parameters: {'x_0': 1, 'x_1': -1, 'x_2': -2, 'x_3': -1}. Best is trial 164 with value: 0.0.
[I 2024-11-24 16:13:07,065] Trial 409 finished with value: 6.0 and parameters: {'x_0': 1, 'x_1': -2, 'x_2': 0, 'x_3': -1}. Best is trial 26 with value: 0.0.
[I 2024-11-24 16:13:07,151] Trial 402 finished with value: 9.0 and parameters: {'x_0': 0, 'x_1': -2, 'x_2': -2, 'x_3': -1}. Best is trial 41 with value: 0.0.
[I 2024-11-24 16:13:07,176] Trial 396 finished with value: 6.0 and parameters: {'x_0': -1, 'x_1': 2, 'x_2': 0, 'x_3': 1}. Best is trial 148 with value: 0.0.
[I 2024-11-24 16:13:07,602] Trial 402 finished with value: 7.0 and parameters: {'x_0': -1, 'x_1': 2, 'x_2': -1, 'x_3': 1}. Best is trial 16 with value: 0.0.
[I 2024-11-24 16:13:07,854] Trial 415 finished with value: 7.0 and parameters: {'x_0': 1, 'x_1': -1, 'x_2': 2, 'x_3': -1}. Best is trial 56 with value: 0.0.
[I 2024-11-24 16:13:07,942] Trial 405 finished with value: 6.0 and parameters: {'x_0': -1, 'x_1': 2, 'x_2': -1, 'x_3': 0}. Best is trial 25 with value: 0.0.
[I 2024-11-24 16:13:07,961] Trial 385 finished with value: 8.0 and parameters: {'x_0': 2, 'x_1': 2, 'x_2': 0, 'x_3': 0}. Best is trial 29 with value: 0.0.
[I 2024-11-24 16:13:08,167] Trial 421 finished with value: 10.0 and parameters: {'x_0': -1, 'x_1': -2, 'x_2': -2, 'x_3': 1}. Best is trial 21 with value: 0.0.
[I 2024-11-24 16:13:08,187] Trial 403 finished with value: 15.0 and parameters: {'x_0': 3, 'x_1': -1, 'x_2': -2, 'x_3': 1}. Best is trial 41 with value: 0.0.
[I 2024-11-24 16:13:08,557] Trial 403 finished with value: 6.0 and parameters: {'x_0': -1, 'x_1': 1, 'x_2': 2, 'x_3': 0}. Best is trial 99 with value: 0.0.
[I 2024-11-24 16:13:08,719] Trial 403 finished with value: 5.0 and parameters: {'x_0': -2, 'x_1': 0, 'x_2': 0, 'x_3': 1}. Best is trial 16 with value: 0.0.
[I 2024-11-24 16:13:08,954] Trial 406 finished with value: 7.0 and parameters: {'x_0': -1, 'x_1': 1, 'x_2': -2, 'x_3': 1}. Best is trial 25 with value: 0.0.
[I 2024-11-24 16:13:09,285] Trial 397 finished with value: 10.0 and parameters: {'x_0': -1, 'x_1': 2, 'x_2': 2, 'x_3': 1}. Best is trial 148 with value: 0.0.
[I 2024-11-24 16:13:09,436] Trial 426 finished with value: 31.0 and parameters: {'x_0': -3, 'x_1': 3, 'x_2': 3, 'x_3': 2}. Best is trial 164 with value: 0.0.
[I 2024-11-24 16:13:09,549] Trial 410 finished with value: 5.0 and parameters: {'x_0': -1, 'x_1': -2, 'x_2': 0, 'x_3': 0}. Best is trial 26 with value: 0.0.
[I 2024-11-24 16:13:09,718] Trial 404 finished with value: 13.0 and parameters: {'x_0': -3, 'x_1': 2, 'x_2': 0, 'x_3': 0}. Best is trial 41 with value: 0.0.
[I 2024-11-24 16:13:09,803] Trial 404 finished with value: 9.0 and parameters: {'x_0': -2, 'x_1': 1, 'x_2': 2, 'x_3': 0}. Best is trial 99 with value: 0.0.
[I 2024-11-24 16:13:10,060] Trial 416 finished with value: 7.0 and parameters: {'x_0': -1, 'x_1': -2, 'x_2': 1, 'x_3': -1}. Best is trial 56 with value: 0.0.
[I 2024-11-24 16:13:10,146] Trial 407 finished with value: 14.0 and parameters: {'x_0': -1, 'x_1': 2, 'x_2': 0, 'x_3': 3}. Best is trial 25 with value: 0.0.
[I 2024-11-24 16:13:10,163] Trial 386 finished with value: 7.0 and parameters: {'x_0': 1, 'x_1': -1, 'x_2': 1, 'x_3': -2}. Best is trial 29 with value: 0.0.
[I 2024-11-24 16:13:10,651] Trial 398 finished with value: 6.0 and parameters: {'x_0': 1, 'x_1': 2, 'x_2': 0, 'x_3': 1}. Best is trial 148 with value: 0.0.
[I 2024-11-24 16:13:10,743] Trial 411 finished with value: 6.0 and parameters: {'x_0': -1, 'x_1': -2, 'x_2': 0, 'x_3': -1}. Best is trial 26 with value: 0.0.
[I 2024-11-24 16:13:10,782] Trial 405 finished with value: 7.0 and parameters: {'x_0': -1, 'x_1': -1, 'x_2': 2, 'x_3': 1}. Best is trial 99 with value: 0.0.
[I 2024-11-24 16:13:10,815] Trial 422 finished with value: 9.0 and parameters: {'x_0': 1, 'x_1': 0, 'x_2': 2, 'x_3': 2}. Best is trial 21 with value: 0.0.
[I 2024-11-24 16:13:10,912] Trial 404 finished with value: 14.0 and parameters: {'x_0': 1, 'x_1': 2, 'x_2': 0, 'x_3': 3}. Best is trial 16 with value: 0.0.
[I 2024-11-24 16:13:11,048] Trial 417 finished with value: 9.0 and parameters: {'x_0': 2, 'x_1': 1, 'x_2': -2, 'x_3': 0}. Best is trial 56 with value: 0.0.
[I 2024-11-24 16:13:11,277] Trial 427 finished with value: 6.0 and parameters: {'x_0': 1, 'x_1': 2, 'x_2': 0, 'x_3': 1}. Best is trial 164 with value: 0.0.
[I 2024-11-24 16:13:11,632] Trial 399 finished with value: 6.0 and parameters: {'x_0': -1, 'x_1': 2, 'x_2': -1, 'x_3': 0}. Best is trial 148 with value: 0.0.
[I 2024-11-24 16:13:11,767] Trial 412 finished with value: 9.0 and parameters: {'x_0': 1, 'x_1': -2, 'x_2': -2, 'x_3': 0}. Best is trial 26 with value: 0.0.
[I 2024-11-24 16:13:11,775] Trial 423 finished with value: 10.0 and parameters: {'x_0': -1, 'x_1': 2, 'x_2': -2, 'x_3': -1}. Best is trial 21 with value: 0.0.
[I 2024-11-24 16:13:12,207] Trial 418 finished with value: 18.0 and parameters: {'x_0': -2, 'x_1': 3, 'x_2': 2, 'x_3': -1}. Best is trial 56 with value: 0.0.
[I 2024-11-24 16:13:12,210] Trial 408 finished with value: 7.0 and parameters: {'x_0': -1, 'x_1': 1, 'x_2': 1, 'x_3': -2}. Best is trial 25 with value: 0.0.
[I 2024-11-24 16:13:12,273] Trial 405 finished with value: 7.0 and parameters: {'x_0': -1, 'x_1': 2, 'x_2': 1, 'x_3': -1}. Best is trial 16 with value: 0.0.
[I 2024-11-24 16:13:12,363] Trial 406 finished with value: 12.0 and parameters: {'x_0': 1, 'x_1': 1, 'x_2': -3, 'x_3': -1}. Best is trial 99 with value: 0.0.
[I 2024-11-24 16:13:12,385] Trial 387 finished with value: 6.0 and parameters: {'x_0': 2, 'x_1': 1, 'x_2': 1, 'x_3': 0}. Best is trial 29 with value: 0.0.
[I 2024-11-24 16:13:12,496] Trial 405 finished with value: 7.0 and parameters: {'x_0': -1, 'x_1': -1, 'x_2': 1, 'x_3': -2}. Best is trial 41 with value: 0.0.
[I 2024-11-24 16:13:12,633] Trial 428 finished with value: 7.0 and parameters: {'x_0': -1, 'x_1': 2, 'x_2': 1, 'x_3': -1}. Best is trial 164 with value: 0.0.
[I 2024-11-24 16:13:13,264] Trial 409 finished with value: 7.0 and parameters: {'x_0': -1, 'x_1': -2, 'x_2': -1, 'x_3': -1}. Best is trial 25 with value: 0.0.
[I 2024-11-24 16:13:13,471] Trial 406 finished with value: 7.0 and parameters: {'x_0': -1, 'x_1': -2, 'x_2': 1, 'x_3': -1}. Best is trial 16 with value: 0.0.
[I 2024-11-24 16:13:13,607] Trial 406 finished with value: 6.0 and parameters: {'x_0': 1, 'x_1': -1, 'x_2': 2, 'x_3': 0}. Best is trial 41 with value: 0.0.
[I 2024-11-24 16:13:13,712] Trial 424 finished with value: 7.0 and parameters: {'x_0': -2, 'x_1': -1, 'x_2': -1, 'x_3': 1}. Best is trial 21 with value: 0.0.
[I 2024-11-24 16:13:13,740] Trial 400 finished with value: 18.0 and parameters: {'x_0': 3, 'x_1': 2, 'x_2': -1, 'x_3': 2}. Best is trial 148 with value: 0.0.
[I 2024-11-24 16:13:13,758] Trial 407 finished with value: 13.0 and parameters: {'x_0': 3, 'x_1': 0, 'x_2': -2, 'x_3': 0}. Best is trial 99 with value: 0.0.
[I 2024-11-24 16:13:13,963] Trial 413 finished with value: 5.0 and parameters: {'x_0': 0, 'x_1': -2, 'x_2': 1, 'x_3': 0}. Best is trial 26 with value: 0.0.
[I 2024-11-24 16:13:14,289] Trial 410 finished with value: 7.0 and parameters: {'x_0': 1, 'x_1': -2, 'x_2': -1, 'x_3': 1}. Best is trial 25 with value: 0.0.
[I 2024-11-24 16:13:14,364] Trial 419 finished with value: 7.0 and parameters: {'x_0': 2, 'x_1': -1, 'x_2': -1, 'x_3': 1}. Best is trial 56 with value: 0.0.
[I 2024-11-24 16:13:14,728] Trial 388 finished with value: 6.0 and parameters: {'x_0': 1, 'x_1': 0, 'x_2': -2, 'x_3': -1}. Best is trial 29 with value: 0.0.
[I 2024-11-24 16:13:14,838] Trial 425 finished with value: 9.0 and parameters: {'x_0': 2, 'x_1': -1, 'x_2': 0, 'x_3': -2}. Best is trial 21 with value: 0.0.
[I 2024-11-24 16:13:14,943] Trial 407 finished with value: 7.0 and parameters: {'x_0': -1, 'x_1': 1, 'x_2': -1, 'x_3': 2}. Best is trial 41 with value: 0.0.
[I 2024-11-24 16:13:15,021] Trial 408 finished with value: 22.0 and parameters: {'x_0': -2, 'x_1': -3, 'x_2': -3, 'x_3': 0}. Best is trial 99 with value: 0.0.
[I 2024-11-24 16:13:15,048] Trial 401 finished with value: 7.0 and parameters: {'x_0': 1, 'x_1': -1, 'x_2': -2, 'x_3': 1}. Best is trial 148 with value: 0.0.
[I 2024-11-24 16:13:15,149] Trial 414 finished with value: 6.0 and parameters: {'x_0': 0, 'x_1': -2, 'x_2': 1, 'x_3': 1}. Best is trial 26 with value: 0.0.
[I 2024-11-24 16:13:15,570] Trial 420 finished with value: 7.0 and parameters: {'x_0': -1, 'x_1': 2, 'x_2': 1, 'x_3': 1}. Best is trial 56 with value: 0.0.
[I 2024-11-24 16:13:15,746] Trial 429 finished with value: 6.0 and parameters: {'x_0': 1, 'x_1': 2, 'x_2': 0, 'x_3': -1}. Best is trial 164 with value: 0.0.
[I 2024-11-24 16:13:15,778] Trial 407 finished with value: 7.0 and parameters: {'x_0': 1, 'x_1': 1, 'x_2': -2, 'x_3': -1}. Best is trial 16 with value: 0.0.
[I 2024-11-24 16:13:15,885] Trial 426 finished with value: 14.0 and parameters: {'x_0': -3, 'x_1': -1, 'x_2': 2, 'x_3': 0}. Best is trial 21 with value: 0.0.
[I 2024-11-24 16:13:15,956] Trial 411 finished with value: 7.0 and parameters: {'x_0': 1, 'x_1': 1, 'x_2': 2, 'x_3': 1}. Best is trial 25 with value: 0.0.
[I 2024-11-24 16:13:16,284] Trial 415 finished with value: 6.0 and parameters: {'x_0': 0, 'x_1': -2, 'x_2': 1, 'x_3': -1}. Best is trial 26 with value: 0.0.
[I 2024-11-24 16:13:16,519] Trial 421 finished with value: 7.0 and parameters: {'x_0': -2, 'x_1': 1, 'x_2': -1, 'x_3': 1}. Best is trial 56 with value: 0.0.
[I 2024-11-24 16:13:16,669] Trial 389 finished with value: 7.0 and parameters: {'x_0': -1, 'x_1': -2, 'x_2': 1, 'x_3': 1}. Best is trial 29 with value: 0.0.
[I 2024-11-24 16:13:16,926] Trial 412 finished with value: 7.0 and parameters: {'x_0': -1, 'x_1': -1, 'x_2': 2, 'x_3': 1}. Best is trial 25 with value: 0.0.
[I 2024-11-24 16:13:16,946] Trial 408 finished with value: 14.0 and parameters: {'x_0': -3, 'x_1': 1, 'x_2': 2, 'x_3': 0}. Best is trial 16 with value: 0.0.
[I 2024-11-24 16:13:17,212] Trial 430 finished with value: 7.0 and parameters: {'x_0': 1, 'x_1': 2, 'x_2': 1, 'x_3': 1}. Best is trial 164 with value: 0.0.
[I 2024-11-24 16:13:17,904] Trial 408 finished with value: 11.0 and parameters: {'x_0': -1, 'x_1': -3, 'x_2': 0, 'x_3': -1}. Best is trial 41 with value: 0.0.
[I 2024-11-24 16:13:18,041] Trial 409 finished with value: 14.0 and parameters: {'x_0': 3, 'x_1': -2, 'x_2': 1, 'x_3': 0}. Best is trial 99 with value: 0.0.
[I 2024-11-24 16:13:18,068] Trial 402 finished with value: 7.0 and parameters: {'x_0': 1, 'x_1': 1, 'x_2': -2, 'x_3': -1}. Best is trial 148 with value: 0.0.
[I 2024-11-24 16:13:18,282] Trial 427 finished with value: 7.0 and parameters: {'x_0': 1, 'x_1': 2, 'x_2': 1, 'x_3': 1}. Best is trial 21 with value: 0.0.
[I 2024-11-24 16:13:18,299] Trial 413 finished with value: 7.0 and parameters: {'x_0': -2, 'x_1': -1, 'x_2': 1, 'x_3': 1}. Best is trial 25 with value: 0.0.
[I 2024-11-24 16:13:18,516] Trial 409 finished with value: 18.0 and parameters: {'x_0': 3, 'x_1': 2, 'x_2': 1, 'x_3': -2}. Best is trial 16 with value: 0.0.
[I 2024-11-24 16:13:18,675] Trial 390 finished with value: 8.0 and parameters: {'x_0': 2, 'x_1': 0, 'x_2': 2, 'x_3': 0}. Best is trial 29 with value: 0.0.
[I 2024-11-24 16:13:18,777] Trial 416 finished with value: 9.0 and parameters: {'x_0': 2, 'x_1': -2, 'x_2': 1, 'x_3': 0}. Best is trial 26 with value: 0.0.
[I 2024-11-24 16:13:19,080] Trial 422 finished with value: 7.0 and parameters: {'x_0': 1, 'x_1': 2, 'x_2': -1, 'x_3': 1}. Best is trial 56 with value: 0.0.
[I 2024-11-24 16:13:19,206] Trial 403 finished with value: 12.0 and parameters: {'x_0': 1, 'x_1': -1, 'x_2': 3, 'x_3': 1}. Best is trial 148 with value: 0.0.
[I 2024-11-24 16:13:19,385] Trial 410 finished with value: 9.0 and parameters: {'x_0': 2, 'x_1': 1, 'x_2': 2, 'x_3': 0}. Best is trial 99 with value: 0.0.
[I 2024-11-24 16:13:19,459] Trial 428 finished with value: 10.0 and parameters: {'x_0': 3, 'x_1': 0, 'x_2': 0, 'x_3': -1}. Best is trial 21 with value: 0.0.
[I 2024-11-24 16:13:19,477] Trial 409 finished with value: 12.0 and parameters: {'x_0': -1, 'x_1': 1, 'x_2': -3, 'x_3': -1}. Best is trial 41 with value: 0.0.
[I 2024-11-24 16:13:19,879] Trial 417 finished with value: 14.0 and parameters: {'x_0': 3, 'x_1': -2, 'x_2': 0, 'x_3': -1}. Best is trial 26 with value: 0.0.
[I 2024-11-24 16:13:20,031] Trial 423 finished with value: 10.0 and parameters: {'x_0': 2, 'x_1': 1, 'x_2': 2, 'x_3': 1}. Best is trial 56 with value: 0.0.
[I 2024-11-24 16:13:20,042] Trial 414 finished with value: 9.0 and parameters: {'x_0': -1, 'x_1': -2, 'x_2': 2, 'x_3': 0}. Best is trial 25 with value: 0.0.
[I 2024-11-24 16:13:20,490] Trial 404 finished with value: 7.0 and parameters: {'x_0': -1, 'x_1': 1, 'x_2': -2, 'x_3': 1}. Best is trial 148 with value: 0.0.
[I 2024-11-24 16:13:20,527] Trial 411 finished with value: 15.0 and parameters: {'x_0': -3, 'x_1': -1, 'x_2': -2, 'x_3': 1}. Best is trial 99 with value: 0.0.
