[I 2024-11-24 16:16:37,002] Trial 470 finished with value: 6.0 and parameters: {'x_0': 0, 'x_1': 1, 'x_2': -1, 'x_3': 2}. Best is trial 29 with value: 0.0.
[I 2024-11-24 16:16:37,748] Trial 471 finished with value: 5.0 and parameters: {'x_0': -1, 'x_1': 2, 'x_2': 0, 'x_3': 0}. Best is trial 29 with value: 0.0.
[I 2024-11-24 16:16:38,233] Trial 472 finished with value: 13.0 and parameters: {'x_0': 3, 'x_1': 2, 'x_2': 0, 'x_3': 0}. Best is trial 29 with value: 0.0.
[I 2024-11-24 16:16:38,826] Trial 473 finished with value: 9.0 and parameters: {'x_0': -2, 'x_1': 1, 'x_2': -2, 'x_3': 0}. Best is trial 29 with value: 0.0.
[I 2024-11-24 16:16:39,305] Trial 474 finished with value: 9.0 and parameters: {'x_0': 2, 'x_1': -2, 'x_2': -1, 'x_3': 0}. Best is trial 29 with value: 0.0.
[I 2024-11-24 16:16:39,869] Trial 475 finished with value: 7.0 and parameters: {'x_0': -1, 'x_1': -1, 'x_2': -2, 'x_3': 1}. Best is trial 29 with value: 0.0.
[I 2024-11-24 16:16:40,322] Trial 476 finished with value: 10.0 and parameters: {'x_0': -1, 'x_1': -2, 'x_2': 2, 'x_3': -1}. Best is trial 29 with value: 0.0.
[I 2024-11-24 16:16:40,990] Trial 477 finished with value: 6.0 and parameters: {'x_0': 0, 'x_1': 2, 'x_2': 1, 'x_3': 1}. Best is trial 29 with value: 0.0.
[I 2024-11-24 16:16:41,457] Trial 478 finished with value: 6.0 and parameters: {'x_0': 0, 'x_1': 1, 'x_2': 1, 'x_3': 2}. Best is trial 29 with value: 0.0.
[I 2024-11-24 16:16:42,005] Trial 479 finished with value: 7.0 and parameters: {'x_0': 1, 'x_1': 2, 'x_2': -1, 'x_3': 1}. Best is trial 29 with value: 0.0.
[I 2024-11-24 16:16:42,433] Trial 480 finished with value: 7.0 and parameters: {'x_0': -2, 'x_1': -1, 'x_2': 1, 'x_3': 1}. Best is trial 29 with value: 0.0.
[I 2024-11-24 16:16:42,964] Trial 481 finished with value: 7.0 and parameters: {'x_0': 1, 'x_1': -1, 'x_2': 2, 'x_3': 1}. Best is trial 29 with value: 0.0.
[I 2024-11-24 16:16:43,706] Trial 482 finished with value: 7.0 and parameters: {'x_0': 2, 'x_1': -1, 'x_2': -1, 'x_3': -1}. Best is trial 29 with value: 0.0.
[I 2024-11-24 16:16:44,993] Trial 483 finished with value: 5.0 and parameters: {'x_0': 1, 'x_1': 0, 'x_2': 2, 'x_3': 0}. Best is trial 29 with value: 0.0.
[I 2024-11-24 16:16:45,680] Trial 484 finished with value: 10.0 and parameters: {'x_0': 1, 'x_1': 0, 'x_2': -3, 'x_3': 0}. Best is trial 29 with value: 0.0.
[I 2024-11-24 16:16:46,815] Trial 485 finished with value: 6.0 and parameters: {'x_0': 1, 'x_1': 0, 'x_2': 2, 'x_3': -1}. Best is trial 29 with value: 0.0.
[I 2024-11-24 16:16:47,540] Trial 486 finished with value: 12.0 and parameters: {'x_0': 1, 'x_1': 1, 'x_2': 3, 'x_3': -1}. Best is trial 29 with value: 0.0.
[I 2024-11-24 16:16:48,268] Trial 487 finished with value: 6.0 and parameters: {'x_0': 1, 'x_1': 0, 'x_2': 2, 'x_3': 1}. Best is trial 29 with value: 0.0.
[I 2024-11-24 16:16:49,075] Trial 488 finished with value: 12.0 and parameters: {'x_0': -1, 'x_1': -3, 'x_2': 1, 'x_3': 1}. Best is trial 29 with value: 0.0.
[I 2024-11-24 16:16:50,039] Trial 489 finished with value: 6.0 and parameters: {'x_0': -1, 'x_1': 2, 'x_2': 0, 'x_3': 1}. Best is trial 29 with value: 0.0.
[I 2024-11-24 16:16:50,746] Trial 490 finished with value: 6.0 and parameters: {'x_0': 0, 'x_1': -1, 'x_2': 1, 'x_3': 2}. Best is trial 29 with value: 0.0.
[I 2024-11-24 16:16:51,355] Trial 491 finished with value: 7.0 and parameters: {'x_0': -1, 'x_1': 2, 'x_2': -1, 'x_3': 1}. Best is trial 29 with value: 0.0.
[I 2024-11-24 16:16:52,989] Trial 492 finished with value: 6.0 and parameters: {'x_0': 0, 'x_1': 1, 'x_2': 1, 'x_3': -2}. Best is trial 29 with value: 0.0.
[I 2024-11-24 16:16:53,627] Trial 493 finished with value: 10.0 and parameters: {'x_0': 1, 'x_1': -2, 'x_2': -2, 'x_3': -1}. Best is trial 29 with value: 0.0.
[I 2024-11-24 16:16:54,328] Trial 494 finished with value: 7.0 and parameters: {'x_0': 2, 'x_1': 1, 'x_2': 1, 'x_3': -1}. Best is trial 29 with value: 0.0.
[I 2024-11-24 16:16:54,851] Trial 495 finished with value: 10.0 and parameters: {'x_0': 1, 'x_1': -3, 'x_2': 0, 'x_3': 0}. Best is trial 29 with value: 0.0.
[I 2024-11-24 16:16:55,359] Trial 496 finished with value: 7.0 and parameters: {'x_0': 2, 'x_1': -1, 'x_2': 1, 'x_3': 1}. Best is trial 29 with value: 0.0.
[I 2024-11-24 16:16:55,947] Trial 497 finished with value: 7.0 and parameters: {'x_0': 1, 'x_1': 1, 'x_2': -2, 'x_3': 1}. Best is trial 29 with value: 0.0.
[I 2024-11-24 16:16:56,589] Trial 498 finished with value: 7.0 and parameters: {'x_0': -2, 'x_1': -1, 'x_2': -1, 'x_3': -1}. Best is trial 29 with value: 0.0.
[I 2024-11-24 16:16:57,173] Trial 499 finished with value: 12.0 and parameters: {'x_0': -1, 'x_1': -1, 'x_2': 3, 'x_3': -1}. Best is trial 29 with value: 0.0.
independent sampling
independent sampling
independent sampling
independent sampling
2024-11-24 16:16:57,176 - INFO - Best value: 0.0
2024-11-24 16:16:57,180 - INFO - Best params: {'x_0': 0, 'x_1': 0, 'x_2': 0, 'x_3': 0}
/Users/keisukeonoue/ws/constrained_BO_v3/experiments/benchmark.py:128: ExperimentalWarning: GPSampler is experimental (supported from v3.6.0). The interface can change in the future.
  return HGPSampler(seed=seed, n_startup_trials=args.n_startup_trials)
/Users/keisukeonoue/ws/constrained_BO_v3/experiments/benchmark.py:128: ExperimentalWarning: GPSampler is experimental (supported from v3.6.0). The interface can change in the future.
  return HGPSampler(seed=seed, n_startup_trials=args.n_startup_trials)
/Users/keisukeonoue/ws/constrained_BO_v3/experiments/benchmark.py:128: ExperimentalWarning: GPSampler is experimental (supported from v3.6.0). The interface can change in the future.
  return HGPSampler(seed=seed, n_startup_trials=args.n_startup_trials)
/Users/keisukeonoue/ws/constrained_BO_v3/experiments/benchmark.py:128: ExperimentalWarning: GPSampler is experimental (supported from v3.6.0). The interface can change in the future.
  return HGPSampler(seed=seed, n_startup_trials=args.n_startup_trials)
/Users/keisukeonoue/ws/constrained_BO_v3/experiments/benchmark.py:128: ExperimentalWarning: GPSampler is experimental (supported from v3.6.0). The interface can change in the future.
  return HGPSampler(seed=seed, n_startup_trials=args.n_startup_trials)
/Users/keisukeonoue/ws/constrained_BO_v3/experiments/benchmark.py:128: ExperimentalWarning: GPSampler is experimental (supported from v3.6.0). The interface can change in the future.
  return HGPSampler(seed=seed, n_startup_trials=args.n_startup_trials)
/Users/keisukeonoue/ws/constrained_BO_v3/experiments/benchmark.py:128: ExperimentalWarning: GPSampler is experimental (supported from v3.6.0). The interface can change in the future.
  return HGPSampler(seed=seed, n_startup_trials=args.n_startup_trials)
/Users/keisukeonoue/ws/constrained_BO_v3/experiments/benchmark.py:128: ExperimentalWarning: GPSampler is experimental (supported from v3.6.0). The interface can change in the future.
  return HGPSampler(seed=seed, n_startup_trials=args.n_startup_trials)
/Users/keisukeonoue/ws/constrained_BO_v3/experiments/benchmark.py:128: ExperimentalWarning: GPSampler is experimental (supported from v3.6.0). The interface can change in the future.
  return HGPSampler(seed=seed, n_startup_trials=args.n_startup_trials)
/Users/keisukeonoue/ws/constrained_BO_v3/experiments/benchmark.py:128: ExperimentalWarning: GPSampler is experimental (supported from v3.6.0). The interface can change in the future.
  return HGPSampler(seed=seed, n_startup_trials=args.n_startup_trials)
2024-11-24 16:17:00,973 - INFO - Experiment settings: {'name': '2024-11-24_16-08-44_sphere_dim4_hgp_seed3', 'seed': 3, 'dimension': 4, 'function': 'sphere', 'map': None, 'iter_bo': 500, 'storage': 'sqlite:///results/2024-11-24_16-08-44/sphere_dim4_hgp_seed3.db', 'sampler': <optuna.samplers._gp.sampler.GPSampler object at 0x10c1e2f90>, 'acqf_settings': {'trade_off_param': 3.0, 'batch_size': 10, 'maximize': False}}
2024-11-24 16:17:01,229 - INFO - Experiment settings: {'name': '2024-11-24_16-08-44_sphere_dim4_hgp_seed4', 'seed': 4, 'dimension': 4, 'function': 'sphere', 'map': None, 'iter_bo': 500, 'storage': 'sqlite:///results/2024-11-24_16-08-44/sphere_dim4_hgp_seed4.db', 'sampler': <optuna.samplers._gp.sampler.GPSampler object at 0x11ac53080>, 'acqf_settings': {'trade_off_param': 3.0, 'batch_size': 10, 'maximize': False}}
2024-11-24 16:17:01,244 - INFO - Experiment settings: {'name': '2024-11-24_16-08-44_sphere_dim4_hgp_seed9', 'seed': 9, 'dimension': 4, 'function': 'sphere', 'map': None, 'iter_bo': 500, 'storage': 'sqlite:///results/2024-11-24_16-08-44/sphere_dim4_hgp_seed9.db', 'sampler': <optuna.samplers._gp.sampler.GPSampler object at 0x106504890>, 'acqf_settings': {'trade_off_param': 3.0, 'batch_size': 10, 'maximize': False}}
2024-11-24 16:17:01,259 - INFO - Experiment settings: {'name': '2024-11-24_16-08-44_sphere_dim4_hgp_seed0', 'seed': 0, 'dimension': 4, 'function': 'sphere', 'map': None, 'iter_bo': 500, 'storage': 'sqlite:///results/2024-11-24_16-08-44/sphere_dim4_hgp_seed0.db', 'sampler': <optuna.samplers._gp.sampler.GPSampler object at 0x129e84260>, 'acqf_settings': {'trade_off_param': 3.0, 'batch_size': 10, 'maximize': False}}
2024-11-24 16:17:01,259 - INFO - Experiment settings: {'name': '2024-11-24_16-08-44_sphere_dim4_hgp_seed7', 'seed': 7, 'dimension': 4, 'function': 'sphere', 'map': None, 'iter_bo': 500, 'storage': 'sqlite:///results/2024-11-24_16-08-44/sphere_dim4_hgp_seed7.db', 'sampler': <optuna.samplers._gp.sampler.GPSampler object at 0x106f84890>, 'acqf_settings': {'trade_off_param': 3.0, 'batch_size': 10, 'maximize': False}}
2024-11-24 16:17:01,270 - INFO - Experiment settings: {'name': '2024-11-24_16-08-44_sphere_dim4_hgp_seed6', 'seed': 6, 'dimension': 4, 'function': 'sphere', 'map': None, 'iter_bo': 500, 'storage': 'sqlite:///results/2024-11-24_16-08-44/sphere_dim4_hgp_seed6.db', 'sampler': <optuna.samplers._gp.sampler.GPSampler object at 0x1066e2e10>, 'acqf_settings': {'trade_off_param': 3.0, 'batch_size': 10, 'maximize': False}}
2024-11-24 16:17:01,275 - INFO - Experiment settings: {'name': '2024-11-24_16-08-44_sphere_dim4_hgp_seed8', 'seed': 8, 'dimension': 4, 'function': 'sphere', 'map': None, 'iter_bo': 500, 'storage': 'sqlite:///results/2024-11-24_16-08-44/sphere_dim4_hgp_seed8.db', 'sampler': <optuna.samplers._gp.sampler.GPSampler object at 0x12ca3c260>, 'acqf_settings': {'trade_off_param': 3.0, 'batch_size': 10, 'maximize': False}}
2024-11-24 16:17:01,281 - INFO - Experiment settings: {'name': '2024-11-24_16-08-44_sphere_dim4_hgp_seed1', 'seed': 1, 'dimension': 4, 'function': 'sphere', 'map': None, 'iter_bo': 500, 'storage': 'sqlite:///results/2024-11-24_16-08-44/sphere_dim4_hgp_seed1.db', 'sampler': <optuna.samplers._gp.sampler.GPSampler object at 0x1064bb380>, 'acqf_settings': {'trade_off_param': 3.0, 'batch_size': 10, 'maximize': False}}
2024-11-24 16:17:01,349 - INFO - Experiment settings: {'name': '2024-11-24_16-08-44_sphere_dim4_hgp_seed5', 'seed': 5, 'dimension': 4, 'function': 'sphere', 'map': None, 'iter_bo': 500, 'storage': 'sqlite:///results/2024-11-24_16-08-44/sphere_dim4_hgp_seed5.db', 'sampler': <optuna.samplers._gp.sampler.GPSampler object at 0x1110c6b40>, 'acqf_settings': {'trade_off_param': 3.0, 'batch_size': 10, 'maximize': False}}
2024-11-24 16:17:01,526 - INFO - Experiment settings: {'name': '2024-11-24_16-08-44_sphere_dim4_hgp_seed2', 'seed': 2, 'dimension': 4, 'function': 'sphere', 'map': None, 'iter_bo': 500, 'storage': 'sqlite:///results/2024-11-24_16-08-44/sphere_dim4_hgp_seed2.db', 'sampler': <optuna.samplers._gp.sampler.GPSampler object at 0x1187b94c0>, 'acqf_settings': {'trade_off_param': 3.0, 'batch_size': 10, 'maximize': False}}
[I 2024-11-24 16:17:01,602] A new study created in RDB with name: 2024-11-24_16-08-44_sphere_dim4_hgp_seed3
2024-11-24 16:17:01,604 - INFO - Created new study '2024-11-24_16-08-44_sphere_dim4_hgp_seed3' in sqlite:///results/2024-11-24_16-08-44/sphere_dim4_hgp_seed3.db
[I 2024-11-24 16:17:01,662] Trial 0 finished with value: 13.0 and parameters: {'x_0': 3, 'x_1': -2, 'x_2': 0, 'x_3': 0}. Best is trial 0 with value: 13.0.
[I 2024-11-24 16:17:01,866] Trial 1 finished with value: 26.0 and parameters: {'x_0': -3, 'x_1': -3, 'x_2': -2, 'x_3': 2}. Best is trial 0 with value: 13.0.
[I 2024-11-24 16:17:01,983] Trial 2 finished with value: 10.0 and parameters: {'x_0': 3, 'x_1': -1, 'x_2': 0, 'x_3': 0}. Best is trial 2 with value: 10.0.
[I 2024-11-24 16:17:02,008] A new study created in RDB with name: 2024-11-24_16-08-44_sphere_dim4_hgp_seed4
2024-11-24 16:17:02,010 - INFO - Created new study '2024-11-24_16-08-44_sphere_dim4_hgp_seed4' in sqlite:///results/2024-11-24_16-08-44/sphere_dim4_hgp_seed4.db
[I 2024-11-24 16:17:02,020] A new study created in RDB with name: 2024-11-24_16-08-44_sphere_dim4_hgp_seed9
2024-11-24 16:17:02,022 - INFO - Created new study '2024-11-24_16-08-44_sphere_dim4_hgp_seed9' in sqlite:///results/2024-11-24_16-08-44/sphere_dim4_hgp_seed9.db
[I 2024-11-24 16:17:02,025] A new study created in RDB with name: 2024-11-24_16-08-44_sphere_dim4_hgp_seed8
2024-11-24 16:17:02,027 - INFO - Created new study '2024-11-24_16-08-44_sphere_dim4_hgp_seed8' in sqlite:///results/2024-11-24_16-08-44/sphere_dim4_hgp_seed8.db
[I 2024-11-24 16:17:02,032] A new study created in RDB with name: 2024-11-24_16-08-44_sphere_dim4_hgp_seed6
2024-11-24 16:17:02,034 - INFO - Created new study '2024-11-24_16-08-44_sphere_dim4_hgp_seed6' in sqlite:///results/2024-11-24_16-08-44/sphere_dim4_hgp_seed6.db
[I 2024-11-24 16:17:02,040] A new study created in RDB with name: 2024-11-24_16-08-44_sphere_dim4_hgp_seed7
[I 2024-11-24 16:17:02,041] A new study created in RDB with name: 2024-11-24_16-08-44_sphere_dim4_hgp_seed0
2024-11-24 16:17:02,043 - INFO - Created new study '2024-11-24_16-08-44_sphere_dim4_hgp_seed0' in sqlite:///results/2024-11-24_16-08-44/sphere_dim4_hgp_seed0.db
2024-11-24 16:17:02,043 - INFO - Created new study '2024-11-24_16-08-44_sphere_dim4_hgp_seed7' in sqlite:///results/2024-11-24_16-08-44/sphere_dim4_hgp_seed7.db
[I 2024-11-24 16:17:02,066] A new study created in RDB with name: 2024-11-24_16-08-44_sphere_dim4_hgp_seed1
2024-11-24 16:17:02,071 - INFO - Created new study '2024-11-24_16-08-44_sphere_dim4_hgp_seed1' in sqlite:///results/2024-11-24_16-08-44/sphere_dim4_hgp_seed1.db
[I 2024-11-24 16:17:02,075] A new study created in RDB with name: 2024-11-24_16-08-44_sphere_dim4_hgp_seed5
2024-11-24 16:17:02,079 - INFO - Created new study '2024-11-24_16-08-44_sphere_dim4_hgp_seed5' in sqlite:///results/2024-11-24_16-08-44/sphere_dim4_hgp_seed5.db
[I 2024-11-24 16:17:02,081] Trial 0 finished with value: 18.0 and parameters: {'x_0': -3, 'x_1': -2, 'x_2': -1, 'x_3': -2}. Best is trial 0 with value: 18.0.
[I 2024-11-24 16:17:02,088] Trial 0 finished with value: 17.0 and parameters: {'x_0': 0, 'x_1': 2, 'x_2': -2, 'x_3': -3}. Best is trial 0 with value: 17.0.
[I 2024-11-24 16:17:02,101] Trial 0 finished with value: 18.0 and parameters: {'x_0': -2, 'x_1': -1, 'x_2': 2, 'x_3': 3}. Best is trial 0 with value: 18.0.
[I 2024-11-24 16:17:02,105] Trial 0 finished with value: 31.0 and parameters: {'x_0': -3, 'x_1': -2, 'x_2': -3, 'x_3': -3}. Best is trial 0 with value: 31.0.
[I 2024-11-24 16:17:02,118] Trial 0 finished with value: 36.0 and parameters: {'x_0': -3, 'x_1': -3, 'x_2': 3, 'x_3': 3}. Best is trial 0 with value: 36.0.
[I 2024-11-24 16:17:02,126] Trial 0 finished with value: 12.0 and parameters: {'x_0': -1, 'x_1': -1, 'x_2': 1, 'x_3': -3}. Best is trial 0 with value: 12.0.
[I 2024-11-24 16:17:02,147] Trial 0 finished with value: 31.0 and parameters: {'x_0': -3, 'x_1': 2, 'x_2': 3, 'x_3': -3}. Best is trial 0 with value: 31.0.
[I 2024-11-24 16:17:02,158] Trial 0 finished with value: 11.0 and parameters: {'x_0': 1, 'x_1': -1, 'x_2': 0, 'x_3': 3}. Best is trial 0 with value: 11.0.
[I 2024-11-24 16:17:02,181] Trial 3 finished with value: 19.0 and parameters: {'x_0': 3, 'x_1': -1, 'x_2': 0, 'x_3': 3}. Best is trial 2 with value: 10.0.
[I 2024-11-24 16:17:02,207] Trial 1 finished with value: 23.0 and parameters: {'x_0': -3, 'x_1': 1, 'x_2': 2, 'x_3': 3}. Best is trial 0 with value: 17.0.
[I 2024-11-24 16:17:02,270] Trial 1 finished with value: 14.0 and parameters: {'x_0': 3, 'x_1': 1, 'x_2': 0, 'x_3': 2}. Best is trial 1 with value: 14.0.
[I 2024-11-24 16:17:02,279] Trial 4 finished with value: 5.0 and parameters: {'x_0': 2, 'x_1': -1, 'x_2': 0, 'x_3': 0}. Best is trial 4 with value: 5.0.
[I 2024-11-24 16:17:02,297] Trial 1 finished with value: 20.0 and parameters: {'x_0': 1, 'x_1': -3, 'x_2': 3, 'x_3': -1}. Best is trial 0 with value: 18.0.
[I 2024-11-24 16:17:02,328] Trial 1 finished with value: 10.0 and parameters: {'x_0': 1, 'x_1': -2, 'x_2': 1, 'x_3': -2}. Best is trial 1 with value: 10.0.
[I 2024-11-24 16:17:02,407] Trial 1 finished with value: 8.0 and parameters: {'x_0': 0, 'x_1': 0, 'x_2': -2, 'x_3': -2}. Best is trial 1 with value: 8.0.
[I 2024-11-24 16:17:02,407] Trial 1 finished with value: 17.0 and parameters: {'x_0': 0, 'x_1': 3, 'x_2': 2, 'x_3': -2}. Best is trial 1 with value: 17.0.
[I 2024-11-24 16:17:02,420] Trial 1 finished with value: 7.0 and parameters: {'x_0': 1, 'x_1': 1, 'x_2': 2, 'x_3': -1}. Best is trial 1 with value: 7.0.
[I 2024-11-24 16:17:02,459] Trial 2 finished with value: 14.0 and parameters: {'x_0': 0, 'x_1': -1, 'x_2': -2, 'x_3': -3}. Best is trial 2 with value: 14.0.
[I 2024-11-24 16:17:02,471] Trial 1 finished with value: 12.0 and parameters: {'x_0': -3, 'x_1': 1, 'x_2': 1, 'x_3': -1}. Best is trial 0 with value: 11.0.
[I 2024-11-24 16:17:02,476] A new study created in RDB with name: 2024-11-24_16-08-44_sphere_dim4_hgp_seed2
2024-11-24 16:17:02,478 - INFO - Created new study '2024-11-24_16-08-44_sphere_dim4_hgp_seed2' in sqlite:///results/2024-11-24_16-08-44/sphere_dim4_hgp_seed2.db
[I 2024-11-24 16:17:02,525] Trial 2 finished with value: 6.0 and parameters: {'x_0': -1, 'x_1': 1, 'x_2': 0, 'x_3': 2}. Best is trial 2 with value: 6.0.
[I 2024-11-24 16:17:02,526] Trial 2 finished with value: 15.0 and parameters: {'x_0': -2, 'x_1': -1, 'x_2': 1, 'x_3': 3}. Best is trial 2 with value: 15.0.
[I 2024-11-24 16:17:02,542] Trial 5 finished with value: 13.0 and parameters: {'x_0': 2, 'x_1': 3, 'x_2': 0, 'x_3': 0}. Best is trial 4 with value: 5.0.
[I 2024-11-24 16:17:02,543] Trial 0 finished with value: 14.0 and parameters: {'x_0': 2, 'x_1': 3, 'x_2': -1, 'x_3': 0}. Best is trial 0 with value: 14.0.
[I 2024-11-24 16:17:02,565] Trial 2 finished with value: 9.0 and parameters: {'x_0': 0, 'x_1': 1, 'x_2': 2, 'x_3': -2}. Best is trial 2 with value: 9.0.
[I 2024-11-24 16:17:02,577] Trial 2 finished with value: 6.0 and parameters: {'x_0': 1, 'x_1': 0, 'x_2': 1, 'x_3': -2}. Best is trial 2 with value: 6.0.
[I 2024-11-24 16:17:02,587] Trial 2 finished with value: 9.0 and parameters: {'x_0': 0, 'x_1': 1, 'x_2': -2, 'x_3': -2}. Best is trial 1 with value: 8.0.
[I 2024-11-24 16:17:02,591] Trial 2 finished with value: 15.0 and parameters: {'x_0': 1, 'x_1': -3, 'x_2': 2, 'x_3': -1}. Best is trial 1 with value: 7.0.
[I 2024-11-24 16:17:02,617] Trial 3 finished with value: 18.0 and parameters: {'x_0': 2, 'x_1': -1, 'x_2': -2, 'x_3': -3}. Best is trial 2 with value: 14.0.
[I 2024-11-24 16:17:02,662] Trial 2 finished with value: 15.0 and parameters: {'x_0': 1, 'x_1': -1, 'x_2': 2, 'x_3': 3}. Best is trial 0 with value: 11.0.
[I 2024-11-24 16:17:02,663] Trial 1 finished with value: 22.0 and parameters: {'x_0': -2, 'x_1': 0, 'x_2': 3, 'x_3': -3}. Best is trial 0 with value: 14.0.
[I 2024-11-24 16:17:02,690] Trial 3 finished with value: 10.0 and parameters: {'x_0': 1, 'x_1': 1, 'x_2': 2, 'x_3': -2}. Best is trial 2 with value: 9.0.
[I 2024-11-24 16:17:02,699] Trial 3 finished with value: 4.0 and parameters: {'x_0': 1, 'x_1': 1, 'x_2': -1, 'x_3': -1}. Best is trial 3 with value: 4.0.
[I 2024-11-24 16:17:02,703] Trial 3 finished with value: 13.0 and parameters: {'x_0': 0, 'x_1': 0, 'x_2': -3, 'x_3': -2}. Best is trial 1 with value: 8.0.
[I 2024-11-24 16:17:02,725] Trial 3 finished with value: 2.0 and parameters: {'x_0': -1, 'x_1': 1, 'x_2': 0, 'x_3': 0}. Best is trial 3 with value: 2.0.
[I 2024-11-24 16:17:02,726] Trial 3 finished with value: 9.0 and parameters: {'x_0': 2, 'x_1': 0, 'x_2': 1, 'x_3': -2}. Best is trial 2 with value: 6.0.
[I 2024-11-24 16:17:02,734] Trial 3 finished with value: 18.0 and parameters: {'x_0': -2, 'x_1': -2, 'x_2': 1, 'x_3': 3}. Best is trial 2 with value: 15.0.
[I 2024-11-24 16:17:02,765] Trial 6 finished with value: 14.0 and parameters: {'x_0': 2, 'x_1': -1, 'x_2': 3, 'x_3': 0}. Best is trial 4 with value: 5.0.
[I 2024-11-24 16:17:02,766] Trial 4 finished with value: 10.0 and parameters: {'x_0': 0, 'x_1': -1, 'x_2': 0, 'x_3': -3}. Best is trial 4 with value: 10.0.
[I 2024-11-24 16:17:02,808] Trial 4 finished with value: 4.0 and parameters: {'x_0': 1, 'x_1': 1, 'x_2': -1, 'x_3': 1}. Best is trial 3 with value: 4.0.
[I 2024-11-24 16:17:02,813] Trial 4 finished with value: 18.0 and parameters: {'x_0': 3, 'x_1': 1, 'x_2': 2, 'x_3': -2}. Best is trial 2 with value: 9.0.
[I 2024-11-24 16:17:02,819] Trial 2 finished with value: 9.0 and parameters: {'x_0': 2, 'x_1': 2, 'x_2': -1, 'x_3': 0}. Best is trial 2 with value: 9.0.
[I 2024-11-24 16:17:02,825] Trial 3 finished with value: 19.0 and parameters: {'x_0': -3, 'x_1': -1, 'x_2': 0, 'x_3': 3}. Best is trial 0 with value: 11.0.
[I 2024-11-24 16:17:02,835] Trial 4 finished with value: 1.0 and parameters: {'x_0': -1, 'x_1': 0, 'x_2': 0, 'x_3': 0}. Best is trial 4 with value: 1.0.
[I 2024-11-24 16:17:02,851] Trial 4 finished with value: 4.0 and parameters: {'x_0': 0, 'x_1': 0, 'x_2': -2, 'x_3': 0}. Best is trial 4 with value: 4.0.
[I 2024-11-24 16:17:02,873] Trial 4 finished with value: 2.0 and parameters: {'x_0': 1, 'x_1': 0, 'x_2': 1, 'x_3': 0}. Best is trial 4 with value: 2.0.
[I 2024-11-24 16:17:02,889] Trial 4 finished with value: 12.0 and parameters: {'x_0': -1, 'x_1': -1, 'x_2': 1, 'x_3': 3}. Best is trial 4 with value: 12.0.
