[I 2024-11-24 16:10:05,647] Trial 238 finished with value: 6.0 and parameters: {'x_0': 0, 'x_1': -2, 'x_2': 1, 'x_3': -1}. Best is trial 99 with value: 0.0.
[I 2024-11-24 16:10:05,688] Trial 238 finished with value: 7.0 and parameters: {'x_0': 1, 'x_1': 2, 'x_2': -1, 'x_3': -1}. Best is trial 41 with value: 0.0.
[I 2024-11-24 16:10:05,793] Trial 239 finished with value: 11.0 and parameters: {'x_0': 3, 'x_1': -1, 'x_2': 1, 'x_3': 0}. Best is trial 16 with value: 0.0.
[I 2024-11-24 16:10:05,808] Trial 242 finished with value: 3.0 and parameters: {'x_0': 0, 'x_1': 1, 'x_2': 1, 'x_3': -1}. Best is trial 56 with value: 0.0.
[I 2024-11-24 16:10:05,856] Trial 264 finished with value: 0.0 and parameters: {'x_0': 0, 'x_1': 0, 'x_2': 0, 'x_3': 0}. Best is trial 29 with value: 0.0.
[I 2024-11-24 16:10:06,148] Trial 254 finished with value: 7.0 and parameters: {'x_0': 1, 'x_1': 1, 'x_2': -1, 'x_3': 2}. Best is trial 21 with value: 0.0.
[I 2024-11-24 16:10:06,177] Trial 261 finished with value: 10.0 and parameters: {'x_0': -1, 'x_1': 0, 'x_2': 0, 'x_3': 3}. Best is trial 164 with value: 0.0.
[I 2024-11-24 16:10:06,178] Trial 236 finished with value: 7.0 and parameters: {'x_0': -1, 'x_1': -1, 'x_2': -1, 'x_3': 2}. Best is trial 148 with value: 0.0.
[I 2024-11-24 16:10:06,457] Trial 265 finished with value: 0.0 and parameters: {'x_0': 0, 'x_1': 0, 'x_2': 0, 'x_3': 0}. Best is trial 29 with value: 0.0.
[I 2024-11-24 16:10:06,553] Trial 239 finished with value: 8.0 and parameters: {'x_0': 2, 'x_1': 0, 'x_2': 2, 'x_3': 0}. Best is trial 99 with value: 0.0.
[I 2024-11-24 16:10:06,703] Trial 262 finished with value: 7.0 and parameters: {'x_0': 1, 'x_1': 1, 'x_2': 1, 'x_3': -2}. Best is trial 164 with value: 0.0.
[I 2024-11-24 16:10:06,704] Trial 244 finished with value: 2.0 and parameters: {'x_0': 1, 'x_1': 1, 'x_2': 0, 'x_3': 0}. Best is trial 25 with value: 0.0.
[I 2024-11-24 16:10:06,715] Trial 255 finished with value: 6.0 and parameters: {'x_0': 2, 'x_1': 0, 'x_2': -1, 'x_3': 1}. Best is trial 21 with value: 0.0.
[I 2024-11-24 16:10:06,756] Trial 251 finished with value: 11.0 and parameters: {'x_0': -3, 'x_1': -1, 'x_2': -1, 'x_3': 0}. Best is trial 26 with value: 0.0.
[I 2024-11-24 16:10:06,800] Trial 237 finished with value: 6.0 and parameters: {'x_0': -1, 'x_1': -1, 'x_2': -2, 'x_3': 0}. Best is trial 148 with value: 0.0.
[I 2024-11-24 16:10:06,819] Trial 239 finished with value: 5.0 and parameters: {'x_0': 0, 'x_1': 1, 'x_2': 0, 'x_3': -2}. Best is trial 41 with value: 0.0.
[I 2024-11-24 16:10:06,962] Trial 243 finished with value: 6.0 and parameters: {'x_0': 0, 'x_1': 1, 'x_2': 1, 'x_3': -2}. Best is trial 56 with value: 0.0.
[I 2024-11-24 16:10:07,020] Trial 240 finished with value: 5.0 and parameters: {'x_0': 1, 'x_1': -2, 'x_2': 0, 'x_3': 0}. Best is trial 99 with value: 0.0.
[I 2024-11-24 16:10:07,075] Trial 266 finished with value: 0.0 and parameters: {'x_0': 0, 'x_1': 0, 'x_2': 0, 'x_3': 0}. Best is trial 29 with value: 0.0.
[I 2024-11-24 16:10:07,203] Trial 256 finished with value: 8.0 and parameters: {'x_0': -2, 'x_1': 0, 'x_2': 0, 'x_3': 2}. Best is trial 21 with value: 0.0.
[I 2024-11-24 16:10:07,275] Trial 240 finished with value: 6.0 and parameters: {'x_0': 1, 'x_1': -1, 'x_2': 0, 'x_3': 2}. Best is trial 16 with value: 0.0.
[I 2024-11-24 16:10:07,284] Trial 252 finished with value: 9.0 and parameters: {'x_0': 2, 'x_1': -2, 'x_2': -1, 'x_3': 0}. Best is trial 26 with value: 0.0.
[I 2024-11-24 16:10:07,307] Trial 245 finished with value: 3.0 and parameters: {'x_0': 1, 'x_1': 1, 'x_2': 0, 'x_3': 1}. Best is trial 25 with value: 0.0.
[I 2024-11-24 16:10:07,438] Trial 238 finished with value: 6.0 and parameters: {'x_0': -2, 'x_1': 0, 'x_2': 1, 'x_3': -1}. Best is trial 148 with value: 0.0.
[I 2024-11-24 16:10:07,448] Trial 240 finished with value: 6.0 and parameters: {'x_0': 1, 'x_1': 0, 'x_2': 2, 'x_3': -1}. Best is trial 41 with value: 0.0.
[I 2024-11-24 16:10:07,451] Trial 244 finished with value: 6.0 and parameters: {'x_0': 0, 'x_1': 1, 'x_2': 1, 'x_3': 2}. Best is trial 56 with value: 0.0.
[I 2024-11-24 16:10:07,661] Trial 241 finished with value: 8.0 and parameters: {'x_0': 0, 'x_1': -2, 'x_2': 0, 'x_3': -2}. Best is trial 99 with value: 0.0.
[I 2024-11-24 16:10:07,813] Trial 267 finished with value: 0.0 and parameters: {'x_0': 0, 'x_1': 0, 'x_2': 0, 'x_3': 0}. Best is trial 29 with value: 0.0.
[I 2024-11-24 16:10:07,823] Trial 263 finished with value: 7.0 and parameters: {'x_0': 2, 'x_1': -1, 'x_2': -1, 'x_3': -1}. Best is trial 164 with value: 0.0.
[I 2024-11-24 16:10:07,889] Trial 241 finished with value: 6.0 and parameters: {'x_0': 1, 'x_1': 0, 'x_2': -1, 'x_3': 2}. Best is trial 16 with value: 0.0.
[I 2024-11-24 16:10:08,026] Trial 253 finished with value: 6.0 and parameters: {'x_0': 1, 'x_1': 2, 'x_2': 0, 'x_3': 1}. Best is trial 26 with value: 0.0.
[I 2024-11-24 16:10:08,032] Trial 246 finished with value: 3.0 and parameters: {'x_0': 1, 'x_1': 1, 'x_2': 0, 'x_3': -1}. Best is trial 25 with value: 0.0.
[I 2024-11-24 16:10:08,083] Trial 245 finished with value: 3.0 and parameters: {'x_0': -1, 'x_1': 1, 'x_2': 1, 'x_3': 0}. Best is trial 56 with value: 0.0.
[I 2024-11-24 16:10:08,182] Trial 241 finished with value: 12.0 and parameters: {'x_0': 1, 'x_1': 3, 'x_2': 1, 'x_3': 1}. Best is trial 41 with value: 0.0.
[I 2024-11-24 16:10:08,381] Trial 264 finished with value: 7.0 and parameters: {'x_0': -1, 'x_1': 1, 'x_2': -1, 'x_3': -2}. Best is trial 164 with value: 0.0.
[I 2024-11-24 16:10:08,538] Trial 242 finished with value: 4.0 and parameters: {'x_0': 1, 'x_1': 1, 'x_2': -1, 'x_3': -1}. Best is trial 16 with value: 0.0.
[I 2024-11-24 16:10:08,539] Trial 257 finished with value: 6.0 and parameters: {'x_0': -1, 'x_1': -2, 'x_2': 1, 'x_3': 0}. Best is trial 21 with value: 0.0.
[I 2024-11-24 16:10:08,609] Trial 268 finished with value: 0.0 and parameters: {'x_0': 0, 'x_1': 0, 'x_2': 0, 'x_3': 0}. Best is trial 29 with value: 0.0.
[I 2024-11-24 16:10:08,787] Trial 239 finished with value: 6.0 and parameters: {'x_0': -1, 'x_1': 0, 'x_2': -2, 'x_3': 1}. Best is trial 148 with value: 0.0.
[I 2024-11-24 16:10:08,907] Trial 242 finished with value: 6.0 and parameters: {'x_0': -1, 'x_1': 2, 'x_2': -1, 'x_3': 0}. Best is trial 99 with value: 0.0.
[I 2024-11-24 16:10:08,969] Trial 265 finished with value: 5.0 and parameters: {'x_0': 2, 'x_1': -1, 'x_2': 0, 'x_3': 0}. Best is trial 164 with value: 0.0.
[I 2024-11-24 16:10:09,087] Trial 258 finished with value: 7.0 and parameters: {'x_0': 1, 'x_1': -1, 'x_2': -2, 'x_3': 1}. Best is trial 21 with value: 0.0.
[I 2024-11-24 16:10:09,143] Trial 246 finished with value: 4.0 and parameters: {'x_0': -1, 'x_1': 1, 'x_2': 1, 'x_3': 1}. Best is trial 56 with value: 0.0.
[I 2024-11-24 16:10:09,229] Trial 254 finished with value: 10.0 and parameters: {'x_0': 2, 'x_1': 1, 'x_2': -2, 'x_3': 1}. Best is trial 26 with value: 0.0.
[I 2024-11-24 16:10:09,319] Trial 247 finished with value: 11.0 and parameters: {'x_0': 1, 'x_1': 1, 'x_2': 0, 'x_3': 3}. Best is trial 25 with value: 0.0.
[I 2024-11-24 16:10:09,319] Trial 269 finished with value: 0.0 and parameters: {'x_0': 0, 'x_1': 0, 'x_2': 0, 'x_3': 0}. Best is trial 29 with value: 0.0.
[I 2024-11-24 16:10:09,337] Trial 242 finished with value: 11.0 and parameters: {'x_0': -1, 'x_1': 0, 'x_2': 3, 'x_3': 1}. Best is trial 41 with value: 0.0.
[I 2024-11-24 16:10:09,421] Trial 243 finished with value: 5.0 and parameters: {'x_0': -2, 'x_1': 0, 'x_2': 1, 'x_3': 0}. Best is trial 99 with value: 0.0.
[I 2024-11-24 16:10:09,510] Trial 240 finished with value: 5.0 and parameters: {'x_0': 2, 'x_1': 1, 'x_2': 0, 'x_3': 0}. Best is trial 148 with value: 0.0.
[I 2024-11-24 16:10:09,618] Trial 259 finished with value: 7.0 and parameters: {'x_0': -1, 'x_1': 1, 'x_2': 1, 'x_3': -2}. Best is trial 21 with value: 0.0.
[I 2024-11-24 16:10:09,709] Trial 247 finished with value: 4.0 and parameters: {'x_0': -1, 'x_1': 1, 'x_2': 1, 'x_3': -1}. Best is trial 56 with value: 0.0.
[I 2024-11-24 16:10:09,773] Trial 266 finished with value: 8.0 and parameters: {'x_0': -2, 'x_1': -2, 'x_2': 0, 'x_3': 0}. Best is trial 164 with value: 0.0.
[I 2024-11-24 16:10:09,854] Trial 255 finished with value: 8.0 and parameters: {'x_0': -2, 'x_1': 0, 'x_2': 2, 'x_3': 0}. Best is trial 26 with value: 0.0.
[I 2024-11-24 16:10:09,920] Trial 248 finished with value: 5.0 and parameters: {'x_0': 2, 'x_1': 1, 'x_2': 0, 'x_3': 0}. Best is trial 25 with value: 0.0.
[I 2024-11-24 16:10:09,932] Trial 243 finished with value: 5.0 and parameters: {'x_0': 2, 'x_1': 0, 'x_2': 0, 'x_3': 1}. Best is trial 16 with value: 0.0.
[I 2024-11-24 16:10:09,967] Trial 243 finished with value: 11.0 and parameters: {'x_0': 3, 'x_1': -1, 'x_2': -1, 'x_3': 0}. Best is trial 41 with value: 0.0.
[I 2024-11-24 16:10:10,034] Trial 244 finished with value: 6.0 and parameters: {'x_0': 1, 'x_1': -1, 'x_2': 0, 'x_3': 2}. Best is trial 99 with value: 0.0.
[I 2024-11-24 16:10:10,048] Trial 270 finished with value: 0.0 and parameters: {'x_0': 0, 'x_1': 0, 'x_2': 0, 'x_3': 0}. Best is trial 29 with value: 0.0.
[I 2024-11-24 16:10:10,219] Trial 241 finished with value: 11.0 and parameters: {'x_0': -1, 'x_1': -3, 'x_2': 0, 'x_3': 1}. Best is trial 148 with value: 0.0.
[I 2024-11-24 16:10:10,384] Trial 248 finished with value: 7.0 and parameters: {'x_0': -1, 'x_1': 1, 'x_2': 1, 'x_3': -2}. Best is trial 56 with value: 0.0.
[I 2024-11-24 16:10:10,395] Trial 267 finished with value: 7.0 and parameters: {'x_0': -1, 'x_1': -1, 'x_2': 1, 'x_3': -2}. Best is trial 164 with value: 0.0.
[I 2024-11-24 16:10:10,454] Trial 256 finished with value: 9.0 and parameters: {'x_0': -2, 'x_1': -1, 'x_2': -2, 'x_3': 0}. Best is trial 26 with value: 0.0.
[I 2024-11-24 16:10:10,511] Trial 249 finished with value: 5.0 and parameters: {'x_0': -2, 'x_1': 1, 'x_2': 0, 'x_3': 0}. Best is trial 25 with value: 0.0.
[I 2024-11-24 16:10:10,512] Trial 244 finished with value: 9.0 and parameters: {'x_0': 0, 'x_1': 0, 'x_2': 0, 'x_3': 3}. Best is trial 41 with value: 0.0.
[I 2024-11-24 16:10:10,566] Trial 244 finished with value: 8.0 and parameters: {'x_0': 2, 'x_1': 2, 'x_2': 0, 'x_3': 0}. Best is trial 16 with value: 0.0.
[I 2024-11-24 16:10:10,758] Trial 271 finished with value: 0.0 and parameters: {'x_0': 0, 'x_1': 0, 'x_2': 0, 'x_3': 0}. Best is trial 29 with value: 0.0.
[I 2024-11-24 16:10:10,934] Trial 260 finished with value: 5.0 and parameters: {'x_0': -2, 'x_1': 0, 'x_2': -1, 'x_3': 0}. Best is trial 21 with value: 0.0.
[I 2024-11-24 16:10:10,953] Trial 268 finished with value: 8.0 and parameters: {'x_0': 2, 'x_1': 0, 'x_2': -2, 'x_3': 0}. Best is trial 164 with value: 0.0.
[I 2024-11-24 16:10:11,141] Trial 245 finished with value: 8.0 and parameters: {'x_0': 2, 'x_1': 0, 'x_2': -2, 'x_3': 0}. Best is trial 16 with value: 0.0.
[I 2024-11-24 16:10:11,300] Trial 245 finished with value: 8.0 and parameters: {'x_0': 0, 'x_1': 0, 'x_2': 2, 'x_3': -2}. Best is trial 99 with value: 0.0.
[I 2024-11-24 16:10:11,381] Trial 272 finished with value: 0.0 and parameters: {'x_0': 0, 'x_1': 0, 'x_2': 0, 'x_3': 0}. Best is trial 29 with value: 0.0.
[I 2024-11-24 16:10:11,420] Trial 249 finished with value: 11.0 and parameters: {'x_0': -1, 'x_1': -3, 'x_2': 1, 'x_3': 0}. Best is trial 56 with value: 0.0.
[I 2024-11-24 16:10:11,432] Trial 261 finished with value: 6.0 and parameters: {'x_0': 2, 'x_1': -1, 'x_2': 0, 'x_3': -1}. Best is trial 21 with value: 0.0.
[I 2024-11-24 16:10:11,549] Trial 250 finished with value: 6.0 and parameters: {'x_0': 2, 'x_1': 1, 'x_2': 0, 'x_3': 1}. Best is trial 25 with value: 0.0.
[I 2024-11-24 16:10:11,620] Trial 245 finished with value: 8.0 and parameters: {'x_0': 2, 'x_1': 0, 'x_2': 2, 'x_3': 0}. Best is trial 41 with value: 0.0.
[I 2024-11-24 16:10:11,715] Trial 242 finished with value: 11.0 and parameters: {'x_0': 3, 'x_1': 1, 'x_2': 0, 'x_3': 1}. Best is trial 148 with value: 0.0.
[I 2024-11-24 16:10:11,727] Trial 262 finished with value: 6.0 and parameters: {'x_0': 1, 'x_1': 1, 'x_2': 2, 'x_3': 0}. Best is trial 21 with value: 0.0.
[I 2024-11-24 16:10:11,745] Trial 257 finished with value: 11.0 and parameters: {'x_0': 0, 'x_1': 1, 'x_2': 1, 'x_3': -3}. Best is trial 26 with value: 0.0.
[I 2024-11-24 16:10:11,859] Trial 246 finished with value: 6.0 and parameters: {'x_0': -1, 'x_1': 0, 'x_2': -2, 'x_3': 1}. Best is trial 99 with value: 0.0.
[I 2024-11-24 16:10:11,979] Trial 250 finished with value: 11.0 and parameters: {'x_0': 0, 'x_1': 1, 'x_2': 1, 'x_3': -3}. Best is trial 56 with value: 0.0.
[I 2024-11-24 16:10:12,012] Trial 273 finished with value: 0.0 and parameters: {'x_0': 0, 'x_1': 0, 'x_2': 0, 'x_3': 0}. Best is trial 29 with value: 0.0.
[I 2024-11-24 16:10:12,063] Trial 251 finished with value: 6.0 and parameters: {'x_0': -2, 'x_1': 1, 'x_2': 0, 'x_3': -1}. Best is trial 25 with value: 0.0.
[I 2024-11-24 16:10:12,065] Trial 269 finished with value: 6.0 and parameters: {'x_0': -2, 'x_1': 1, 'x_2': 0, 'x_3': 1}. Best is trial 164 with value: 0.0.
[I 2024-11-24 16:10:12,210] Trial 246 finished with value: 11.0 and parameters: {'x_0': 0, 'x_1': -1, 'x_2': 3, 'x_3': -1}. Best is trial 41 with value: 0.0.
[I 2024-11-24 16:10:12,309] Trial 246 finished with value: 6.0 and parameters: {'x_0': 2, 'x_1': -1, 'x_2': 0, 'x_3': 1}. Best is trial 16 with value: 0.0.
[I 2024-11-24 16:10:12,321] Trial 258 finished with value: 6.0 and parameters: {'x_0': -1, 'x_1': 2, 'x_2': 0, 'x_3': 1}. Best is trial 26 with value: 0.0.
[I 2024-11-24 16:10:12,376] Trial 247 finished with value: 12.0 and parameters: {'x_0': 3, 'x_1': -1, 'x_2': -1, 'x_3': 1}. Best is trial 99 with value: 0.0.
[I 2024-11-24 16:10:12,580] Trial 243 finished with value: 10.0 and parameters: {'x_0': 0, 'x_1': 0, 'x_2': 1, 'x_3': 3}. Best is trial 148 with value: 0.0.
[I 2024-11-24 16:10:12,612] Trial 270 finished with value: 6.0 and parameters: {'x_0': -1, 'x_1': -1, 'x_2': -2, 'x_3': 0}. Best is trial 164 with value: 0.0.
[I 2024-11-24 16:10:12,623] Trial 252 finished with value: 10.0 and parameters: {'x_0': -3, 'x_1': 1, 'x_2': 0, 'x_3': 0}. Best is trial 25 with value: 0.0.
[I 2024-11-24 16:10:12,741] Trial 247 finished with value: 8.0 and parameters: {'x_0': -2, 'x_1': 2, 'x_2': 0, 'x_3': 0}. Best is trial 41 with value: 0.0.
[I 2024-11-24 16:10:12,796] Trial 251 finished with value: 6.0 and parameters: {'x_0': 2, 'x_1': -1, 'x_2': 0, 'x_3': -1}. Best is trial 56 with value: 0.0.
[I 2024-11-24 16:10:12,818] Trial 259 finished with value: 6.0 and parameters: {'x_0': -1, 'x_1': 0, 'x_2': -2, 'x_3': -1}. Best is trial 26 with value: 0.0.
[I 2024-11-24 16:10:12,982] Trial 247 finished with value: 5.0 and parameters: {'x_0': -2, 'x_1': 0, 'x_2': -1, 'x_3': 0}. Best is trial 16 with value: 0.0.
[I 2024-11-24 16:10:13,081] Trial 263 finished with value: 8.0 and parameters: {'x_0': 2, 'x_1': 0, 'x_2': 0, 'x_3': -2}. Best is trial 21 with value: 0.0.
[I 2024-11-24 16:10:13,130] Trial 271 finished with value: 7.0 and parameters: {'x_0': 1, 'x_1': -1, 'x_2': 1, 'x_3': 2}. Best is trial 164 with value: 0.0.
[I 2024-11-24 16:10:13,209] Trial 244 finished with value: 11.0 and parameters: {'x_0': 1, 'x_1': 1, 'x_2': 3, 'x_3': 0}. Best is trial 148 with value: 0.0.
[I 2024-11-24 16:10:13,479] Trial 248 finished with value: 6.0 and parameters: {'x_0': 1, 'x_1': -1, 'x_2': -2, 'x_3': 0}. Best is trial 16 with value: 0.0.
[I 2024-11-24 16:10:13,486] Trial 264 finished with value: 7.0 and parameters: {'x_0': 1, 'x_1': -1, 'x_2': -1, 'x_3': -2}. Best is trial 21 with value: 0.0.
[I 2024-11-24 16:10:13,533] Trial 248 finished with value: 11.0 and parameters: {'x_0': -1, 'x_1': 0, 'x_2': 1, 'x_3': -3}. Best is trial 99 with value: 0.0.
[I 2024-11-24 16:10:13,607] Trial 248 finished with value: 12.0 and parameters: {'x_0': -1, 'x_1': -1, 'x_2': -3, 'x_3': 1}. Best is trial 41 with value: 0.0.
[I 2024-11-24 16:10:13,746] Trial 260 finished with value: 8.0 and parameters: {'x_0': 0, 'x_1': 0, 'x_2': -2, 'x_3': 2}. Best is trial 26 with value: 0.0.
[I 2024-11-24 16:10:13,800] Trial 252 finished with value: 11.0 and parameters: {'x_0': 0, 'x_1': -1, 'x_2': 3, 'x_3': -1}. Best is trial 56 with value: 0.0.
[I 2024-11-24 16:10:13,870] Trial 253 finished with value: 10.0 and parameters: {'x_0': 0, 'x_1': 1, 'x_2': -3, 'x_3': 0}. Best is trial 25 with value: 0.0.
[I 2024-11-24 16:10:14,023] Trial 265 finished with value: 5.0 and parameters: {'x_0': -2, 'x_1': 1, 'x_2': 0, 'x_3': 0}. Best is trial 21 with value: 0.0.
[I 2024-11-24 16:10:14,168] Trial 249 finished with value: 6.0 and parameters: {'x_0': -1, 'x_1': -2, 'x_2': 0, 'x_3': 1}. Best is trial 99 with value: 0.0.
[I 2024-11-24 16:10:14,182] Trial 249 finished with value: 6.0 and parameters: {'x_0': -1, 'x_1': -2, 'x_2': 1, 'x_3': 0}. Best is trial 41 with value: 0.0.
[I 2024-11-24 16:10:14,239] Trial 245 finished with value: 10.0 and parameters: {'x_0': 1, 'x_1': 0, 'x_2': 3, 'x_3': 0}. Best is trial 148 with value: 0.0.
[I 2024-11-24 16:10:14,256] Trial 272 finished with value: 5.0 and parameters: {'x_0': -2, 'x_1': -1, 'x_2': 0, 'x_3': 0}. Best is trial 164 with value: 0.0.
[I 2024-11-24 16:10:14,339] Trial 253 finished with value: 6.0 and parameters: {'x_0': -1, 'x_1': -1, 'x_2': 2, 'x_3': 0}. Best is trial 56 with value: 0.0.
[I 2024-11-24 16:10:14,359] Trial 261 finished with value: 6.0 and parameters: {'x_0': -2, 'x_1': 0, 'x_2': -1, 'x_3': -1}. Best is trial 26 with value: 0.0.
[I 2024-11-24 16:10:14,478] Trial 274 finished with value: 10.0 and parameters: {'x_0': 3, 'x_1': 1, 'x_2': 0, 'x_3': 0}. Best is trial 29 with value: 0.0.
[I 2024-11-24 16:10:14,488] Trial 254 finished with value: 6.0 and parameters: {'x_0': -1, 'x_1': 1, 'x_2': -2, 'x_3': 0}. Best is trial 25 with value: 0.0.
[I 2024-11-24 16:10:14,539] Trial 249 finished with value: 6.0 and parameters: {'x_0': -1, 'x_1': 1, 'x_2': 2, 'x_3': 0}. Best is trial 16 with value: 0.0.
[I 2024-11-24 16:10:14,656] Trial 250 finished with value: 12.0 and parameters: {'x_0': 1, 'x_1': -1, 'x_2': -1, 'x_3': -3}. Best is trial 99 with value: 0.0.
[I 2024-11-24 16:10:14,746] Trial 246 finished with value: 7.0 and parameters: {'x_0': 1, 'x_1': -2, 'x_2': 1, 'x_3': 1}. Best is trial 148 with value: 0.0.
[I 2024-11-24 16:10:14,748] Trial 273 finished with value: 6.0 and parameters: {'x_0': 1, 'x_1': 0, 'x_2': 2, 'x_3': -1}. Best is trial 164 with value: 0.0.
[I 2024-11-24 16:10:14,758] Trial 254 finished with value: 10.0 and parameters: {'x_0': -3, 'x_1': -1, 'x_2': 0, 'x_3': 0}. Best is trial 56 with value: 0.0.
[I 2024-11-24 16:10:14,775] Trial 262 finished with value: 11.0 and parameters: {'x_0': 0, 'x_1': -1, 'x_2': -1, 'x_3': 3}. Best is trial 26 with value: 0.0.
[I 2024-11-24 16:10:15,011] Trial 255 finished with value: 6.0 and parameters: {'x_0': -1, 'x_1': -2, 'x_2': 0, 'x_3': 1}. Best is trial 25 with value: 0.0.
[I 2024-11-24 16:10:15,029] Trial 266 finished with value: 6.0 and parameters: {'x_0': -1, 'x_1': 2, 'x_2': 1, 'x_3': 0}. Best is trial 21 with value: 0.0.
[I 2024-11-24 16:10:15,073] Trial 250 finished with value: 11.0 and parameters: {'x_0': -3, 'x_1': -1, 'x_2': -1, 'x_3': 0}. Best is trial 16 with value: 0.0.
[I 2024-11-24 16:10:15,145] Trial 274 finished with value: 7.0 and parameters: {'x_0': -2, 'x_1': 1, 'x_2': 1, 'x_3': 1}. Best is trial 164 with value: 0.0.
[I 2024-11-24 16:10:15,147] Trial 247 finished with value: 5.0 and parameters: {'x_0': 0, 'x_1': 2, 'x_2': 1, 'x_3': 0}. Best is trial 148 with value: 0.0.
[I 2024-11-24 16:10:15,303] Trial 267 finished with value: 5.0 and parameters: {'x_0': 2, 'x_1': 1, 'x_2': 0, 'x_3': 0}. Best is trial 21 with value: 0.0.
[I 2024-11-24 16:10:15,432] Trial 275 finished with value: 5.0 and parameters: {'x_0': -2, 'x_1': 0, 'x_2': -1, 'x_3': 0}. Best is trial 29 with value: 0.0.
[I 2024-11-24 16:10:15,453] Trial 250 finished with value: 9.0 and parameters: {'x_0': -2, 'x_1': -2, 'x_2': -1, 'x_3': 0}. Best is trial 41 with value: 0.0.
[I 2024-11-24 16:10:15,584] Trial 255 finished with value: 7.0 and parameters: {'x_0': -1, 'x_1': -1, 'x_2': 1, 'x_3': -2}. Best is trial 56 with value: 0.0.
[I 2024-11-24 16:10:15,624] Trial 251 finished with value: 6.0 and parameters: {'x_0': -2, 'x_1': 1, 'x_2': 0, 'x_3': 1}. Best is trial 16 with value: 0.0.
[I 2024-11-24 16:10:15,698] Trial 251 finished with value: 7.0 and parameters: {'x_0': -1, 'x_1': -1, 'x_2': 1, 'x_3': 2}. Best is trial 99 with value: 0.0.
[I 2024-11-24 16:10:15,698] Trial 268 finished with value: 11.0 and parameters: {'x_0': -1, 'x_1': 1, 'x_2': 3, 'x_3': 0}. Best is trial 21 with value: 0.0.
[I 2024-11-24 16:10:15,780] Trial 263 finished with value: 9.0 and parameters: {'x_0': -2, 'x_1': 2, 'x_2': -1, 'x_3': 0}. Best is trial 26 with value: 0.0.
[I 2024-11-24 16:10:15,889] Trial 256 finished with value: 10.0 and parameters: {'x_0': 1, 'x_1': -3, 'x_2': 0, 'x_3': 0}. Best is trial 25 with value: 0.0.
[I 2024-11-24 16:10:15,930] Trial 251 finished with value: 9.0 and parameters: {'x_0': -2, 'x_1': -1, 'x_2': -2, 'x_3': 0}. Best is trial 41 with value: 0.0.
[I 2024-11-24 16:10:15,945] Trial 248 finished with value: 8.0 and parameters: {'x_0': 2, 'x_1': 0, 'x_2': -2, 'x_3': 0}. Best is trial 148 with value: 0.0.
[I 2024-11-24 16:10:16,057] Trial 275 finished with value: 6.0 and parameters: {'x_0': 1, 'x_1': 0, 'x_2': -2, 'x_3': 1}. Best is trial 164 with value: 0.0.
[I 2024-11-24 16:10:16,147] Trial 256 finished with value: 6.0 and parameters: {'x_0': -2, 'x_1': 1, 'x_2': 1, 'x_3': 0}. Best is trial 56 with value: 0.0.
[I 2024-11-24 16:10:16,150] Trial 264 finished with value: 10.0 and parameters: {'x_0': 1, 'x_1': 2, 'x_2': -2, 'x_3': -1}. Best is trial 26 with value: 0.0.
[I 2024-11-24 16:10:16,281] Trial 276 finished with value: 6.0 and parameters: {'x_0': 2, 'x_1': -1, 'x_2': 1, 'x_3': 0}. Best is trial 29 with value: 0.0.
[I 2024-11-24 16:10:16,309] Trial 252 finished with value: 8.0 and parameters: {'x_0': 0, 'x_1': 0, 'x_2': -2, 'x_3': 2}. Best is trial 99 with value: 0.0.
