[I 2024-11-24 16:15:55,539] Trial 482 finished with value: 14.0 and parameters: {'x_0': 3, 'x_1': 2, 'x_2': 0, 'x_3': -1}. Best is trial 99 with value: 0.0.
[I 2024-11-24 16:15:55,762] Trial 488 finished with value: 9.0 and parameters: {'x_0': -1, 'x_1': 0, 'x_2': 2, 'x_3': -2}. Best is trial 26 with value: 0.0.
[I 2024-11-24 16:15:55,829] Trial 497 finished with value: 15.0 and parameters: {'x_0': 3, 'x_1': 2, 'x_2': -1, 'x_3': 1}. Best is trial 56 with value: 0.0.
[I 2024-11-24 16:15:56,057] Trial 482 finished with value: 9.0 and parameters: {'x_0': 0, 'x_1': -2, 'x_2': 2, 'x_3': 1}. Best is trial 16 with value: 0.0.
[I 2024-11-24 16:15:56,124] Trial 498 finished with value: 9.0 and parameters: {'x_0': 1, 'x_1': -2, 'x_2': 2, 'x_3': 0}. Best is trial 164 with value: 0.0.
[I 2024-11-24 16:15:56,541] Trial 490 finished with value: 9.0 and parameters: {'x_0': 0, 'x_1': -1, 'x_2': -2, 'x_3': -2}. Best is trial 25 with value: 0.0.
[I 2024-11-24 16:15:57,133] Trial 448 finished with value: 7.0 and parameters: {'x_0': 2, 'x_1': 1, 'x_2': -1, 'x_3': 1}. Best is trial 29 with value: 0.0.
[I 2024-11-24 16:15:57,512] Trial 489 finished with value: 9.0 and parameters: {'x_0': 1, 'x_1': 2, 'x_2': 0, 'x_3': -2}. Best is trial 26 with value: 0.0.
[I 2024-11-24 16:15:57,818] Trial 498 finished with value: 8.0 and parameters: {'x_0': -2, 'x_1': 0, 'x_2': 0, 'x_3': -2}. Best is trial 56 with value: 0.0.
[I 2024-11-24 16:15:57,972] Trial 481 finished with value: 9.0 and parameters: {'x_0': 1, 'x_1': 0, 'x_2': 2, 'x_3': -2}. Best is trial 41 with value: 0.0.
[I 2024-11-24 16:15:57,972] Trial 491 finished with value: 12.0 and parameters: {'x_0': -1, 'x_1': -1, 'x_2': -1, 'x_3': -3}. Best is trial 25 with value: 0.0.
[I 2024-11-24 16:15:58,751] Trial 476 finished with value: 9.0 and parameters: {'x_0': 2, 'x_1': 0, 'x_2': -1, 'x_3': 2}. Best is trial 148 with value: 0.0.
[I 2024-11-24 16:15:59,272] Trial 483 finished with value: 9.0 and parameters: {'x_0': -2, 'x_1': 0, 'x_2': -2, 'x_3': 1}. Best is trial 16 with value: 0.0.
[I 2024-11-24 16:15:59,613] Trial 483 finished with value: 9.0 and parameters: {'x_0': 2, 'x_1': 0, 'x_2': -1, 'x_3': -2}. Best is trial 99 with value: 0.0.
[I 2024-11-24 16:15:59,704] Trial 499 finished with value: 9.0 and parameters: {'x_0': -2, 'x_1': 0, 'x_2': 2, 'x_3': -1}. Best is trial 164 with value: 0.0.
independent sampling
independent sampling
independent sampling
independent sampling
2024-11-24 16:15:59,715 - INFO - Best value: 0.0
2024-11-24 16:15:59,721 - INFO - Best params: {'x_0': 0, 'x_1': 0, 'x_2': 0, 'x_3': 0}
[I 2024-11-24 16:15:59,790] Trial 482 finished with value: 15.0 and parameters: {'x_0': 3, 'x_1': -2, 'x_2': -1, 'x_3': -1}. Best is trial 41 with value: 0.0.
[I 2024-11-24 16:16:00,579] Trial 499 finished with value: 9.0 and parameters: {'x_0': 2, 'x_1': 0, 'x_2': 2, 'x_3': 1}. Best is trial 56 with value: 0.0.
independent sampling
independent sampling
independent sampling
independent sampling
2024-11-24 16:16:00,583 - INFO - Best value: 0.0
2024-11-24 16:16:00,587 - INFO - Best params: {'x_0': 0, 'x_1': 0, 'x_2': 0, 'x_3': 0}
[I 2024-11-24 16:16:00,637] Trial 449 finished with value: 10.0 and parameters: {'x_0': 1, 'x_1': 0, 'x_2': 3, 'x_3': 0}. Best is trial 29 with value: 0.0.
[I 2024-11-24 16:16:00,723] Trial 477 finished with value: 13.0 and parameters: {'x_0': 0, 'x_1': -2, 'x_2': 0, 'x_3': 3}. Best is trial 148 with value: 0.0.
[I 2024-11-24 16:16:01,059] Trial 484 finished with value: 7.0 and parameters: {'x_0': 1, 'x_1': -1, 'x_2': 2, 'x_3': 1}. Best is trial 16 with value: 0.0.
[I 2024-11-24 16:16:01,124] Trial 490 finished with value: 14.0 and parameters: {'x_0': -3, 'x_1': 1, 'x_2': -2, 'x_3': 0}. Best is trial 26 with value: 0.0.
[I 2024-11-24 16:16:01,412] Trial 484 finished with value: 14.0 and parameters: {'x_0': 0, 'x_1': 2, 'x_2': 3, 'x_3': 1}. Best is trial 99 with value: 0.0.
[I 2024-11-24 16:16:01,715] Trial 483 finished with value: 13.0 and parameters: {'x_0': -2, 'x_1': 0, 'x_2': 3, 'x_3': 0}. Best is trial 41 with value: 0.0.
[I 2024-11-24 16:16:01,929] Trial 492 finished with value: 9.0 and parameters: {'x_0': 0, 'x_1': -2, 'x_2': 2, 'x_3': 1}. Best is trial 25 with value: 0.0.
[I 2024-11-24 16:16:02,762] Trial 485 finished with value: 9.0 and parameters: {'x_0': 0, 'x_1': -1, 'x_2': 2, 'x_3': -2}. Best is trial 16 with value: 0.0.
[I 2024-11-24 16:16:03,103] Trial 491 finished with value: 9.0 and parameters: {'x_0': 0, 'x_1': 3, 'x_2': 0, 'x_3': 0}. Best is trial 26 with value: 0.0.
[I 2024-11-24 16:16:03,184] Trial 485 finished with value: 9.0 and parameters: {'x_0': 0, 'x_1': -2, 'x_2': 2, 'x_3': -1}. Best is trial 99 with value: 0.0.
[I 2024-11-24 16:16:03,283] Trial 493 finished with value: 14.0 and parameters: {'x_0': -3, 'x_1': -1, 'x_2': 2, 'x_3': 0}. Best is trial 25 with value: 0.0.
[I 2024-11-24 16:16:03,783] Trial 450 finished with value: 7.0 and parameters: {'x_0': 1, 'x_1': 2, 'x_2': -1, 'x_3': -1}. Best is trial 29 with value: 0.0.
[I 2024-11-24 16:16:04,316] Trial 492 finished with value: 9.0 and parameters: {'x_0': 2, 'x_1': 0, 'x_2': -1, 'x_3': 2}. Best is trial 26 with value: 0.0.
[I 2024-11-24 16:16:04,431] Trial 494 finished with value: 12.0 and parameters: {'x_0': 1, 'x_1': -3, 'x_2': -1, 'x_3': 1}. Best is trial 25 with value: 0.0.
[I 2024-11-24 16:16:04,438] Trial 478 finished with value: 7.0 and parameters: {'x_0': 1, 'x_1': 2, 'x_2': -1, 'x_3': 1}. Best is trial 148 with value: 0.0.
[I 2024-11-24 16:16:04,462] Trial 484 finished with value: 9.0 and parameters: {'x_0': 2, 'x_1': 0, 'x_2': 2, 'x_3': -1}. Best is trial 41 with value: 0.0.
[I 2024-11-24 16:16:05,591] Trial 486 finished with value: 9.0 and parameters: {'x_0': 2, 'x_1': 2, 'x_2': 0, 'x_3': 1}. Best is trial 16 with value: 0.0.
[I 2024-11-24 16:16:06,255] Trial 485 finished with value: 15.0 and parameters: {'x_0': 1, 'x_1': -2, 'x_2': 3, 'x_3': 1}. Best is trial 41 with value: 0.0.
[I 2024-11-24 16:16:06,278] Trial 486 finished with value: 9.0 and parameters: {'x_0': 0, 'x_1': 0, 'x_2': 3, 'x_3': 0}. Best is trial 99 with value: 0.0.
[I 2024-11-24 16:16:06,419] Trial 479 finished with value: 10.0 and parameters: {'x_0': 0, 'x_1': 3, 'x_2': 0, 'x_3': 1}. Best is trial 148 with value: 0.0.
[I 2024-11-24 16:16:06,597] Trial 451 finished with value: 9.0 and parameters: {'x_0': 2, 'x_1': -2, 'x_2': 1, 'x_3': 0}. Best is trial 29 with value: 0.0.
[I 2024-11-24 16:16:07,219] Trial 487 finished with value: 9.0 and parameters: {'x_0': -2, 'x_1': -2, 'x_2': 0, 'x_3': 1}. Best is trial 16 with value: 0.0.
[I 2024-11-24 16:16:07,309] Trial 487 finished with value: 13.0 and parameters: {'x_0': 0, 'x_1': -2, 'x_2': -3, 'x_3': 0}. Best is trial 99 with value: 0.0.
[I 2024-11-24 16:16:07,789] Trial 493 finished with value: 9.0 and parameters: {'x_0': -2, 'x_1': 2, 'x_2': 0, 'x_3': -1}. Best is trial 26 with value: 0.0.
[I 2024-11-24 16:16:07,817] Trial 480 finished with value: 9.0 and parameters: {'x_0': 0, 'x_1': 2, 'x_2': 1, 'x_3': -2}. Best is trial 148 with value: 0.0.
[I 2024-11-24 16:16:07,898] Trial 495 finished with value: 9.0 and parameters: {'x_0': 2, 'x_1': 0, 'x_2': 2, 'x_3': 1}. Best is trial 25 with value: 0.0.
[I 2024-11-24 16:16:07,905] Trial 486 finished with value: 10.0 and parameters: {'x_0': 1, 'x_1': 3, 'x_2': 0, 'x_3': 0}. Best is trial 41 with value: 0.0.
[I 2024-11-24 16:16:08,281] Trial 488 finished with value: 7.0 and parameters: {'x_0': -2, 'x_1': -1, 'x_2': -1, 'x_3': 1}. Best is trial 16 with value: 0.0.
[I 2024-11-24 16:16:08,762] Trial 452 finished with value: 7.0 and parameters: {'x_0': 1, 'x_1': -1, 'x_2': -2, 'x_3': -1}. Best is trial 29 with value: 0.0.
[I 2024-11-24 16:16:08,810] Trial 488 finished with value: 9.0 and parameters: {'x_0': 3, 'x_1': 0, 'x_2': 0, 'x_3': 0}. Best is trial 99 with value: 0.0.
[I 2024-11-24 16:16:08,862] Trial 494 finished with value: 9.0 and parameters: {'x_0': -2, 'x_1': 0, 'x_2': 1, 'x_3': -2}. Best is trial 26 with value: 0.0.
[I 2024-11-24 16:16:09,026] Trial 496 finished with value: 9.0 and parameters: {'x_0': 2, 'x_1': 2, 'x_2': 0, 'x_3': -1}. Best is trial 25 with value: 0.0.
[I 2024-11-24 16:16:09,983] Trial 487 finished with value: 7.0 and parameters: {'x_0': 1, 'x_1': 1, 'x_2': 2, 'x_3': 1}. Best is trial 41 with value: 0.0.
[I 2024-11-24 16:16:10,033] Trial 495 finished with value: 15.0 and parameters: {'x_0': -3, 'x_1': -1, 'x_2': 2, 'x_3': 1}. Best is trial 26 with value: 0.0.
[I 2024-11-24 16:16:10,279] Trial 497 finished with value: 9.0 and parameters: {'x_0': -2, 'x_1': -2, 'x_2': 0, 'x_3': -1}. Best is trial 25 with value: 0.0.
[I 2024-11-24 16:16:10,488] Trial 453 finished with value: 6.0 and parameters: {'x_0': 0, 'x_1': 2, 'x_2': 1, 'x_3': -1}. Best is trial 29 with value: 0.0.
[I 2024-11-24 16:16:10,749] Trial 481 finished with value: 13.0 and parameters: {'x_0': 0, 'x_1': 2, 'x_2': -3, 'x_3': 0}. Best is trial 148 with value: 0.0.
[I 2024-11-24 16:16:11,009] Trial 489 finished with value: 15.0 and parameters: {'x_0': 1, 'x_1': -2, 'x_2': -3, 'x_3': -1}. Best is trial 16 with value: 0.0.
[I 2024-11-24 16:16:11,261] Trial 488 finished with value: 7.0 and parameters: {'x_0': -1, 'x_1': -1, 'x_2': -2, 'x_3': 1}. Best is trial 41 with value: 0.0.
[I 2024-11-24 16:16:11,880] Trial 489 finished with value: 10.0 and parameters: {'x_0': 1, 'x_1': 0, 'x_2': 0, 'x_3': 3}. Best is trial 99 with value: 0.0.
[I 2024-11-24 16:16:12,041] Trial 482 finished with value: 13.0 and parameters: {'x_0': 3, 'x_1': 0, 'x_2': 2, 'x_3': 0}. Best is trial 148 with value: 0.0.
[I 2024-11-24 16:16:12,400] Trial 490 finished with value: 6.0 and parameters: {'x_0': 0, 'x_1': -2, 'x_2': 1, 'x_3': 1}. Best is trial 16 with value: 0.0.
[I 2024-11-24 16:16:12,598] Trial 498 finished with value: 14.0 and parameters: {'x_0': 0, 'x_1': 2, 'x_2': 3, 'x_3': 1}. Best is trial 25 with value: 0.0.
[I 2024-11-24 16:16:12,637] Trial 489 finished with value: 9.0 and parameters: {'x_0': 0, 'x_1': 0, 'x_2': -3, 'x_3': 0}. Best is trial 41 with value: 0.0.
[I 2024-11-24 16:16:12,666] Trial 454 finished with value: 7.0 and parameters: {'x_0': -1, 'x_1': -2, 'x_2': -1, 'x_3': 1}. Best is trial 29 with value: 0.0.
[I 2024-11-24 16:16:12,835] Trial 496 finished with value: 12.0 and parameters: {'x_0': -1, 'x_1': -3, 'x_2': -1, 'x_3': 1}. Best is trial 26 with value: 0.0.
[I 2024-11-24 16:16:13,300] Trial 490 finished with value: 9.0 and parameters: {'x_0': 2, 'x_1': 0, 'x_2': 1, 'x_3': 2}. Best is trial 99 with value: 0.0.
[I 2024-11-24 16:16:13,590] Trial 483 finished with value: 15.0 and parameters: {'x_0': -1, 'x_1': -2, 'x_2': 3, 'x_3': -1}. Best is trial 148 with value: 0.0.
[I 2024-11-24 16:16:13,966] Trial 499 finished with value: 13.0 and parameters: {'x_0': 0, 'x_1': 2, 'x_2': 0, 'x_3': -3}. Best is trial 25 with value: 0.0.
independent sampling
independent sampling
independent sampling
independent sampling
2024-11-24 16:16:13,970 - INFO - Best value: 0.0
2024-11-24 16:16:13,975 - INFO - Best params: {'x_0': 0, 'x_1': 0, 'x_2': 0, 'x_3': 0}
[I 2024-11-24 16:16:14,067] Trial 491 finished with value: 9.0 and parameters: {'x_0': -1, 'x_1': 2, 'x_2': 0, 'x_3': 2}. Best is trial 16 with value: 0.0.
[I 2024-11-24 16:16:14,379] Trial 497 finished with value: 8.0 and parameters: {'x_0': 0, 'x_1': -2, 'x_2': 2, 'x_3': 0}. Best is trial 26 with value: 0.0.
[I 2024-11-24 16:16:14,684] Trial 491 finished with value: 9.0 and parameters: {'x_0': 0, 'x_1': 1, 'x_2': 2, 'x_3': 2}. Best is trial 99 with value: 0.0.
[I 2024-11-24 16:16:15,407] Trial 455 finished with value: 9.0 and parameters: {'x_0': 1, 'x_1': -2, 'x_2': 2, 'x_3': 0}. Best is trial 29 with value: 0.0.
[I 2024-11-24 16:16:15,461] Trial 498 finished with value: 12.0 and parameters: {'x_0': -1, 'x_1': 1, 'x_2': 1, 'x_3': -3}. Best is trial 26 with value: 0.0.
[I 2024-11-24 16:16:15,652] Trial 490 finished with value: 9.0 and parameters: {'x_0': 2, 'x_1': 0, 'x_2': 1, 'x_3': -2}. Best is trial 41 with value: 0.0.
[I 2024-11-24 16:16:16,294] Trial 484 finished with value: 9.0 and parameters: {'x_0': 2, 'x_1': 0, 'x_2': -2, 'x_3': -1}. Best is trial 148 with value: 0.0.
[I 2024-11-24 16:16:16,763] Trial 492 finished with value: 12.0 and parameters: {'x_0': 1, 'x_1': 3, 'x_2': -1, 'x_3': -1}. Best is trial 16 with value: 0.0.
[I 2024-11-24 16:16:16,922] Trial 491 finished with value: 14.0 and parameters: {'x_0': -3, 'x_1': 1, 'x_2': -2, 'x_3': 0}. Best is trial 41 with value: 0.0.
[I 2024-11-24 16:16:17,611] Trial 485 finished with value: 9.0 and parameters: {'x_0': 0, 'x_1': -2, 'x_2': -1, 'x_3': -2}. Best is trial 148 with value: 0.0.
[I 2024-11-24 16:16:17,746] Trial 492 finished with value: 9.0 and parameters: {'x_0': 1, 'x_1': -2, 'x_2': 0, 'x_3': 2}. Best is trial 99 with value: 0.0.
[I 2024-11-24 16:16:17,877] Trial 456 finished with value: 7.0 and parameters: {'x_0': -2, 'x_1': 1, 'x_2': -1, 'x_3': -1}. Best is trial 29 with value: 0.0.
[I 2024-11-24 16:16:18,405] Trial 493 finished with value: 14.0 and parameters: {'x_0': 0, 'x_1': -2, 'x_2': 1, 'x_3': 3}. Best is trial 16 with value: 0.0.
[I 2024-11-24 16:16:18,581] Trial 499 finished with value: 15.0 and parameters: {'x_0': -1, 'x_1': -2, 'x_2': 3, 'x_3': 1}. Best is trial 26 with value: 0.0.
independent sampling
independent sampling
independent sampling
independent sampling
2024-11-24 16:16:18,590 - INFO - Best value: 0.0
2024-11-24 16:16:18,599 - INFO - Best params: {'x_0': 0, 'x_1': 0, 'x_2': 0, 'x_3': 0}
[I 2024-11-24 16:16:18,705] Trial 486 finished with value: 12.0 and parameters: {'x_0': -1, 'x_1': 3, 'x_2': -1, 'x_3': 1}. Best is trial 148 with value: 0.0.
[I 2024-11-24 16:16:19,014] Trial 493 finished with value: 9.0 and parameters: {'x_0': 2, 'x_1': -1, 'x_2': 0, 'x_3': -2}. Best is trial 99 with value: 0.0.
[I 2024-11-24 16:16:19,472] Trial 494 finished with value: 8.0 and parameters: {'x_0': -2, 'x_1': 0, 'x_2': 2, 'x_3': 0}. Best is trial 16 with value: 0.0.
[I 2024-11-24 16:16:19,739] Trial 492 finished with value: 9.0 and parameters: {'x_0': -2, 'x_1': 2, 'x_2': 0, 'x_3': -1}. Best is trial 41 with value: 0.0.
[I 2024-11-24 16:16:20,020] Trial 457 finished with value: 7.0 and parameters: {'x_0': 1, 'x_1': 1, 'x_2': -1, 'x_3': 2}. Best is trial 29 with value: 0.0.
[I 2024-11-24 16:16:20,192] Trial 494 finished with value: 11.0 and parameters: {'x_0': 3, 'x_1': 1, 'x_2': 0, 'x_3': 1}. Best is trial 99 with value: 0.0.
[I 2024-11-24 16:16:20,817] Trial 487 finished with value: 9.0 and parameters: {'x_0': 1, 'x_1': -2, 'x_2': 0, 'x_3': 2}. Best is trial 148 with value: 0.0.
[I 2024-11-24 16:16:20,823] Trial 493 finished with value: 9.0 and parameters: {'x_0': 0, 'x_1': -1, 'x_2': 2, 'x_3': -2}. Best is trial 41 with value: 0.0.
[I 2024-11-24 16:16:22,013] Trial 488 finished with value: 9.0 and parameters: {'x_0': -3, 'x_1': 0, 'x_2': 0, 'x_3': 0}. Best is trial 148 with value: 0.0.
[I 2024-11-24 16:16:22,167] Trial 494 finished with value: 9.0 and parameters: {'x_0': -2, 'x_1': 0, 'x_2': -2, 'x_3': 1}. Best is trial 41 with value: 0.0.
[I 2024-11-24 16:16:22,197] Trial 495 finished with value: 9.0 and parameters: {'x_0': 2, 'x_1': -2, 'x_2': 0, 'x_3': -1}. Best is trial 16 with value: 0.0.
[I 2024-11-24 16:16:22,372] Trial 458 finished with value: 6.0 and parameters: {'x_0': 0, 'x_1': -1, 'x_2': 2, 'x_3': 1}. Best is trial 29 with value: 0.0.
[I 2024-11-24 16:16:22,999] Trial 495 finished with value: 10.0 and parameters: {'x_0': -1, 'x_1': 0, 'x_2': 0, 'x_3': -3}. Best is trial 99 with value: 0.0.
[I 2024-11-24 16:16:23,046] Trial 496 finished with value: 9.0 and parameters: {'x_0': 2, 'x_1': 0, 'x_2': 2, 'x_3': -1}. Best is trial 16 with value: 0.0.
[I 2024-11-24 16:16:23,926] Trial 497 finished with value: 7.0 and parameters: {'x_0': -1, 'x_1': -2, 'x_2': 1, 'x_3': 1}. Best is trial 16 with value: 0.0.
[I 2024-11-24 16:16:24,391] Trial 489 finished with value: 9.0 and parameters: {'x_0': -2, 'x_1': 0, 'x_2': -1, 'x_3': -2}. Best is trial 148 with value: 0.0.
[I 2024-11-24 16:16:24,398] Trial 495 finished with value: 9.0 and parameters: {'x_0': -2, 'x_1': 0, 'x_2': -1, 'x_3': 2}. Best is trial 41 with value: 0.0.
[I 2024-11-24 16:16:24,438] Trial 496 finished with value: 12.0 and parameters: {'x_0': -1, 'x_1': -1, 'x_2': -1, 'x_3': 3}. Best is trial 99 with value: 0.0.
[I 2024-11-24 16:16:24,450] Trial 459 finished with value: 9.0 and parameters: {'x_0': 1, 'x_1': 2, 'x_2': 2, 'x_3': 0}. Best is trial 29 with value: 0.0.
[I 2024-11-24 16:16:25,350] Trial 490 finished with value: 9.0 and parameters: {'x_0': 2, 'x_1': 0, 'x_2': 1, 'x_3': 2}. Best is trial 148 with value: 0.0.
[I 2024-11-24 16:16:25,451] Trial 496 finished with value: 12.0 and parameters: {'x_0': 1, 'x_1': -3, 'x_2': 1, 'x_3': -1}. Best is trial 41 with value: 0.0.
[I 2024-11-24 16:16:25,811] Trial 497 finished with value: 9.0 and parameters: {'x_0': -2, 'x_1': 0, 'x_2': -2, 'x_3': 1}. Best is trial 99 with value: 0.0.
[I 2024-11-24 16:16:25,987] Trial 498 finished with value: 10.0 and parameters: {'x_0': 0, 'x_1': 3, 'x_2': 0, 'x_3': 1}. Best is trial 16 with value: 0.0.
[I 2024-11-24 16:16:26,458] Trial 491 finished with value: 9.0 and parameters: {'x_0': 0, 'x_1': -1, 'x_2': 2, 'x_3': -2}. Best is trial 148 with value: 0.0.
[I 2024-11-24 16:16:26,580] Trial 460 finished with value: 7.0 and parameters: {'x_0': -1, 'x_1': 2, 'x_2': 1, 'x_3': -1}. Best is trial 29 with value: 0.0.
[I 2024-11-24 16:16:26,681] Trial 497 finished with value: 13.0 and parameters: {'x_0': 0, 'x_1': 2, 'x_2': 0, 'x_3': -3}. Best is trial 41 with value: 0.0.
[I 2024-11-24 16:16:27,183] Trial 499 finished with value: 15.0 and parameters: {'x_0': -1, 'x_1': 2, 'x_2': -1, 'x_3': -3}. Best is trial 16 with value: 0.0.
independent sampling
independent sampling
independent sampling
independent sampling
2024-11-24 16:16:27,187 - INFO - Best value: 0.0
2024-11-24 16:16:27,191 - INFO - Best params: {'x_0': 0, 'x_1': 0, 'x_2': 0, 'x_3': 0}
[I 2024-11-24 16:16:28,036] Trial 498 finished with value: 14.0 and parameters: {'x_0': 0, 'x_1': -2, 'x_2': 1, 'x_3': 3}. Best is trial 99 with value: 0.0.
[I 2024-11-24 16:16:28,571] Trial 461 finished with value: 9.0 and parameters: {'x_0': -1, 'x_1': 2, 'x_2': -2, 'x_3': 0}. Best is trial 29 with value: 0.0.
[I 2024-11-24 16:16:28,910] Trial 492 finished with value: 9.0 and parameters: {'x_0': 0, 'x_1': 1, 'x_2': -2, 'x_3': 2}. Best is trial 148 with value: 0.0.
[I 2024-11-24 16:16:29,078] Trial 498 finished with value: 12.0 and parameters: {'x_0': -1, 'x_1': 3, 'x_2': 1, 'x_3': -1}. Best is trial 41 with value: 0.0.
[I 2024-11-24 16:16:29,325] Trial 499 finished with value: 9.0 and parameters: {'x_0': 0, 'x_1': 2, 'x_2': 2, 'x_3': -1}. Best is trial 99 with value: 0.0.
independent sampling
independent sampling
independent sampling
independent sampling
2024-11-24 16:16:29,335 - INFO - Best value: 0.0
2024-11-24 16:16:29,345 - INFO - Best params: {'x_0': 0, 'x_1': 0, 'x_2': 0, 'x_3': 0}
[I 2024-11-24 16:16:29,935] Trial 493 finished with value: 9.0 and parameters: {'x_0': -2, 'x_1': 0, 'x_2': 2, 'x_3': -1}. Best is trial 148 with value: 0.0.
[I 2024-11-24 16:16:29,967] Trial 499 finished with value: 15.0 and parameters: {'x_0': 1, 'x_1': 2, 'x_2': -3, 'x_3': -1}. Best is trial 41 with value: 0.0.
independent sampling
independent sampling
independent sampling
independent sampling
2024-11-24 16:16:29,972 - INFO - Best value: 0.0
2024-11-24 16:16:29,976 - INFO - Best params: {'x_0': 0, 'x_1': 0, 'x_2': 0, 'x_3': 0}
[I 2024-11-24 16:16:30,080] Trial 462 finished with value: 7.0 and parameters: {'x_0': 1, 'x_1': 2, 'x_2': 1, 'x_3': 1}. Best is trial 29 with value: 0.0.
[I 2024-11-24 16:16:30,446] Trial 494 finished with value: 9.0 and parameters: {'x_0': 0, 'x_1': -1, 'x_2': -2, 'x_3': 2}. Best is trial 148 with value: 0.0.
[I 2024-11-24 16:16:31,145] Trial 463 finished with value: 12.0 and parameters: {'x_0': -1, 'x_1': 3, 'x_2': 1, 'x_3': 1}. Best is trial 29 with value: 0.0.
[I 2024-11-24 16:16:31,761] Trial 495 finished with value: 9.0 and parameters: {'x_0': 0, 'x_1': 1, 'x_2': 2, 'x_3': -2}. Best is trial 148 with value: 0.0.
[I 2024-11-24 16:16:32,271] Trial 464 finished with value: 7.0 and parameters: {'x_0': -1, 'x_1': -1, 'x_2': 2, 'x_3': -1}. Best is trial 29 with value: 0.0.
[I 2024-11-24 16:16:32,341] Trial 496 finished with value: 12.0 and parameters: {'x_0': -1, 'x_1': -1, 'x_2': -1, 'x_3': 3}. Best is trial 148 with value: 0.0.
[I 2024-11-24 16:16:33,222] Trial 465 finished with value: 6.0 and parameters: {'x_0': 0, 'x_1': -2, 'x_2': 1, 'x_3': -1}. Best is trial 29 with value: 0.0.
[I 2024-11-24 16:16:33,526] Trial 497 finished with value: 10.0 and parameters: {'x_0': 3, 'x_1': 0, 'x_2': 0, 'x_3': 1}. Best is trial 148 with value: 0.0.
[I 2024-11-24 16:16:34,022] Trial 466 finished with value: 9.0 and parameters: {'x_0': 2, 'x_1': 1, 'x_2': 2, 'x_3': 0}. Best is trial 29 with value: 0.0.
[I 2024-11-24 16:16:34,088] Trial 498 finished with value: 12.0 and parameters: {'x_0': -1, 'x_1': -1, 'x_2': 1, 'x_3': -3}. Best is trial 148 with value: 0.0.
[I 2024-11-24 16:16:34,761] Trial 499 finished with value: 12.0 and parameters: {'x_0': 1, 'x_1': 1, 'x_2': -1, 'x_3': 3}. Best is trial 148 with value: 0.0.
independent sampling
independent sampling
independent sampling
independent sampling
2024-11-24 16:16:34,766 - INFO - Best value: 0.0
2024-11-24 16:16:34,769 - INFO - Best params: {'x_0': 0, 'x_1': 0, 'x_2': 0, 'x_3': 0}
[I 2024-11-24 16:16:34,866] Trial 467 finished with value: 7.0 and parameters: {'x_0': -1, 'x_1': -2, 'x_2': 1, 'x_3': -1}. Best is trial 29 with value: 0.0.
[I 2024-11-24 16:16:35,610] Trial 468 finished with value: 9.0 and parameters: {'x_0': -2, 'x_1': -1, 'x_2': 2, 'x_3': 0}. Best is trial 29 with value: 0.0.
[I 2024-11-24 16:16:36,344] Trial 469 finished with value: 9.0 and parameters: {'x_0': 2, 'x_1': -1, 'x_2': -2, 'x_3': 0}. Best is trial 29 with value: 0.0.
