/Users/keisukeonoue/ws/constrained_BO_v3/experiments/benchmark.py:130: ExperimentalWarning: CustomGPSampler is experimental (supported from v3.6.0). The interface can change in the future.
  return GPSampler(seed=seed, n_startup_trials=args.n_startup_trials)
/Users/keisukeonoue/ws/constrained_BO_v3/experiments/benchmark.py:130: ExperimentalWarning: CustomGPSampler is experimental (supported from v3.6.0). The interface can change in the future.
  return GPSampler(seed=seed, n_startup_trials=args.n_startup_trials)
/Users/keisukeonoue/ws/constrained_BO_v3/experiments/benchmark.py:130: ExperimentalWarning: CustomGPSampler is experimental (supported from v3.6.0). The interface can change in the future.
  return GPSampler(seed=seed, n_startup_trials=args.n_startup_trials)
/Users/keisukeonoue/ws/constrained_BO_v3/experiments/benchmark.py:130: ExperimentalWarning: CustomGPSampler is experimental (supported from v3.6.0). The interface can change in the future.
  return GPSampler(seed=seed, n_startup_trials=args.n_startup_trials)
/Users/keisukeonoue/ws/constrained_BO_v3/experiments/benchmark.py:130: ExperimentalWarning: CustomGPSampler is experimental (supported from v3.6.0). The interface can change in the future.
  return GPSampler(seed=seed, n_startup_trials=args.n_startup_trials)
/Users/keisukeonoue/ws/constrained_BO_v3/experiments/benchmark.py:130: ExperimentalWarning: CustomGPSampler is experimental (supported from v3.6.0). The interface can change in the future.
  return GPSampler(seed=seed, n_startup_trials=args.n_startup_trials)
/Users/keisukeonoue/ws/constrained_BO_v3/experiments/benchmark.py:130: ExperimentalWarning: CustomGPSampler is experimental (supported from v3.6.0). The interface can change in the future.
  return GPSampler(seed=seed, n_startup_trials=args.n_startup_trials)
/Users/keisukeonoue/ws/constrained_BO_v3/experiments/benchmark.py:130: ExperimentalWarning: CustomGPSampler is experimental (supported from v3.6.0). The interface can change in the future.
  return GPSampler(seed=seed, n_startup_trials=args.n_startup_trials)
/Users/keisukeonoue/ws/constrained_BO_v3/experiments/benchmark.py:130: ExperimentalWarning: CustomGPSampler is experimental (supported from v3.6.0). The interface can change in the future.
  return GPSampler(seed=seed, n_startup_trials=args.n_startup_trials)
/Users/keisukeonoue/ws/constrained_BO_v3/experiments/benchmark.py:130: ExperimentalWarning: CustomGPSampler is experimental (supported from v3.6.0). The interface can change in the future.
  return GPSampler(seed=seed, n_startup_trials=args.n_startup_trials)
2024-11-24 16:08:46,915 - INFO - Experiment settings: {'name': '2024-11-24_16-08-44_sphere_dim4_gp_seed0', 'seed': 0, 'dimension': 4, 'function': 'sphere', 'map': None, 'iter_bo': 500, 'storage': 'sqlite:///results/2024-11-24_16-08-44/sphere_dim4_gp_seed0.db', 'sampler': <optuna.samplers._gp_custom.sampler.CustomGPSampler object at 0x1126270e0>, 'acqf_settings': {'trade_off_param': 3.0, 'batch_size': 10, 'maximize': False}}
2024-11-24 16:08:46,923 - INFO - Experiment settings: {'name': '2024-11-24_16-08-44_sphere_dim4_gp_seed1', 'seed': 1, 'dimension': 4, 'function': 'sphere', 'map': None, 'iter_bo': 500, 'storage': 'sqlite:///results/2024-11-24_16-08-44/sphere_dim4_gp_seed1.db', 'sampler': <optuna.samplers._gp_custom.sampler.CustomGPSampler object at 0x1099bb3b0>, 'acqf_settings': {'trade_off_param': 3.0, 'batch_size': 10, 'maximize': False}}
2024-11-24 16:08:46,942 - INFO - Experiment settings: {'name': '2024-11-24_16-08-44_sphere_dim4_gp_seed3', 'seed': 3, 'dimension': 4, 'function': 'sphere', 'map': None, 'iter_bo': 500, 'storage': 'sqlite:///results/2024-11-24_16-08-44/sphere_dim4_gp_seed3.db', 'sampler': <optuna.samplers._gp_custom.sampler.CustomGPSampler object at 0x1389e30b0>, 'acqf_settings': {'trade_off_param': 3.0, 'batch_size': 10, 'maximize': False}}
2024-11-24 16:08:46,953 - INFO - Experiment settings: {'name': '2024-11-24_16-08-44_sphere_dim4_gp_seed9', 'seed': 9, 'dimension': 4, 'function': 'sphere', 'map': None, 'iter_bo': 500, 'storage': 'sqlite:///results/2024-11-24_16-08-44/sphere_dim4_gp_seed9.db', 'sampler': <optuna.samplers._gp_custom.sampler.CustomGPSampler object at 0x11512f620>, 'acqf_settings': {'trade_off_param': 3.0, 'batch_size': 10, 'maximize': False}}
2024-11-24 16:08:46,966 - INFO - Experiment settings: {'name': '2024-11-24_16-08-44_sphere_dim4_gp_seed8', 'seed': 8, 'dimension': 4, 'function': 'sphere', 'map': None, 'iter_bo': 500, 'storage': 'sqlite:///results/2024-11-24_16-08-44/sphere_dim4_gp_seed8.db', 'sampler': <optuna.samplers._gp_custom.sampler.CustomGPSampler object at 0x121b1c260>, 'acqf_settings': {'trade_off_param': 3.0, 'batch_size': 10, 'maximize': False}}
2024-11-24 16:08:46,979 - INFO - Experiment settings: {'name': '2024-11-24_16-08-44_sphere_dim4_gp_seed5', 'seed': 5, 'dimension': 4, 'function': 'sphere', 'map': None, 'iter_bo': 500, 'storage': 'sqlite:///results/2024-11-24_16-08-44/sphere_dim4_gp_seed5.db', 'sampler': <optuna.samplers._gp_custom.sampler.CustomGPSampler object at 0x10655b380>, 'acqf_settings': {'trade_off_param': 3.0, 'batch_size': 10, 'maximize': False}}
2024-11-24 16:08:46,988 - INFO - Experiment settings: {'name': '2024-11-24_16-08-44_sphere_dim4_gp_seed2', 'seed': 2, 'dimension': 4, 'function': 'sphere', 'map': None, 'iter_bo': 500, 'storage': 'sqlite:///results/2024-11-24_16-08-44/sphere_dim4_gp_seed2.db', 'sampler': <optuna.samplers._gp_custom.sampler.CustomGPSampler object at 0x108c989e0>, 'acqf_settings': {'trade_off_param': 3.0, 'batch_size': 10, 'maximize': False}}
2024-11-24 16:08:46,993 - INFO - Experiment settings: {'name': '2024-11-24_16-08-44_sphere_dim4_gp_seed6', 'seed': 6, 'dimension': 4, 'function': 'sphere', 'map': None, 'iter_bo': 500, 'storage': 'sqlite:///results/2024-11-24_16-08-44/sphere_dim4_gp_seed6.db', 'sampler': <optuna.samplers._gp_custom.sampler.CustomGPSampler object at 0x108de8890>, 'acqf_settings': {'trade_off_param': 3.0, 'batch_size': 10, 'maximize': False}}
2024-11-24 16:08:47,019 - INFO - Experiment settings: {'name': '2024-11-24_16-08-44_sphere_dim4_gp_seed4', 'seed': 4, 'dimension': 4, 'function': 'sphere', 'map': None, 'iter_bo': 500, 'storage': 'sqlite:///results/2024-11-24_16-08-44/sphere_dim4_gp_seed4.db', 'sampler': <optuna.samplers._gp_custom.sampler.CustomGPSampler object at 0x11845ae40>, 'acqf_settings': {'trade_off_param': 3.0, 'batch_size': 10, 'maximize': False}}
2024-11-24 16:08:47,056 - INFO - Experiment settings: {'name': '2024-11-24_16-08-44_sphere_dim4_gp_seed7', 'seed': 7, 'dimension': 4, 'function': 'sphere', 'map': None, 'iter_bo': 500, 'storage': 'sqlite:///results/2024-11-24_16-08-44/sphere_dim4_gp_seed7.db', 'sampler': <optuna.samplers._gp_custom.sampler.CustomGPSampler object at 0x10ce8b230>, 'acqf_settings': {'trade_off_param': 3.0, 'batch_size': 10, 'maximize': False}}
[I 2024-11-24 16:08:47,480] A new study created in RDB with name: 2024-11-24_16-08-44_sphere_dim4_gp_seed1
2024-11-24 16:08:47,481 - INFO - Created new study '2024-11-24_16-08-44_sphere_dim4_gp_seed1' in sqlite:///results/2024-11-24_16-08-44/sphere_dim4_gp_seed1.db
[I 2024-11-24 16:08:47,541] Trial 0 finished with value: 31.0 and parameters: {'x_0': -3, 'x_1': 2, 'x_2': 3, 'x_3': -3}. Best is trial 0 with value: 31.0.
[I 2024-11-24 16:08:47,587] A new study created in RDB with name: 2024-11-24_16-08-44_sphere_dim4_gp_seed0
2024-11-24 16:08:47,589 - INFO - Created new study '2024-11-24_16-08-44_sphere_dim4_gp_seed0' in sqlite:///results/2024-11-24_16-08-44/sphere_dim4_gp_seed0.db
[I 2024-11-24 16:08:47,597] A new study created in RDB with name: 2024-11-24_16-08-44_sphere_dim4_gp_seed2
2024-11-24 16:08:47,598 - INFO - Created new study '2024-11-24_16-08-44_sphere_dim4_gp_seed2' in sqlite:///results/2024-11-24_16-08-44/sphere_dim4_gp_seed2.db
[I 2024-11-24 16:08:47,635] A new study created in RDB with name: 2024-11-24_16-08-44_sphere_dim4_gp_seed5
2024-11-24 16:08:47,637 - INFO - Created new study '2024-11-24_16-08-44_sphere_dim4_gp_seed5' in sqlite:///results/2024-11-24_16-08-44/sphere_dim4_gp_seed5.db
[I 2024-11-24 16:08:47,640] Trial 0 finished with value: 36.0 and parameters: {'x_0': -3, 'x_1': -3, 'x_2': 3, 'x_3': 3}. Best is trial 0 with value: 36.0.
[I 2024-11-24 16:08:47,654] A new study created in RDB with name: 2024-11-24_16-08-44_sphere_dim4_gp_seed8
2024-11-24 16:08:47,657 - INFO - Created new study '2024-11-24_16-08-44_sphere_dim4_gp_seed8' in sqlite:///results/2024-11-24_16-08-44/sphere_dim4_gp_seed8.db
[I 2024-11-24 16:08:47,670] Trial 0 finished with value: 11.0 and parameters: {'x_0': 1, 'x_1': -1, 'x_2': 0, 'x_3': 3}. Best is trial 0 with value: 11.0.
[I 2024-11-24 16:08:47,680] A new study created in RDB with name: 2024-11-24_16-08-44_sphere_dim4_gp_seed6
2024-11-24 16:08:47,682 - INFO - Created new study '2024-11-24_16-08-44_sphere_dim4_gp_seed6' in sqlite:///results/2024-11-24_16-08-44/sphere_dim4_gp_seed6.db
[I 2024-11-24 16:08:47,690] Trial 0 finished with value: 31.0 and parameters: {'x_0': -3, 'x_1': -2, 'x_2': -3, 'x_3': -3}. Best is trial 0 with value: 31.0.
[I 2024-11-24 16:08:47,710] Trial 0 finished with value: 14.0 and parameters: {'x_0': 2, 'x_1': 3, 'x_2': -1, 'x_3': 0}. Best is trial 0 with value: 14.0.
[I 2024-11-24 16:08:47,713] A new study created in RDB with name: 2024-11-24_16-08-44_sphere_dim4_gp_seed4
2024-11-24 16:08:47,715 - INFO - Created new study '2024-11-24_16-08-44_sphere_dim4_gp_seed4' in sqlite:///results/2024-11-24_16-08-44/sphere_dim4_gp_seed4.db
[I 2024-11-24 16:08:47,719] A new study created in RDB with name: 2024-11-24_16-08-44_sphere_dim4_gp_seed9
2024-11-24 16:08:47,721 - INFO - Created new study '2024-11-24_16-08-44_sphere_dim4_gp_seed9' in sqlite:///results/2024-11-24_16-08-44/sphere_dim4_gp_seed9.db
[I 2024-11-24 16:08:47,729] A new study created in RDB with name: 2024-11-24_16-08-44_sphere_dim4_gp_seed7
2024-11-24 16:08:47,731 - INFO - Created new study '2024-11-24_16-08-44_sphere_dim4_gp_seed7' in sqlite:///results/2024-11-24_16-08-44/sphere_dim4_gp_seed7.db
[I 2024-11-24 16:08:47,754] Trial 0 finished with value: 18.0 and parameters: {'x_0': -2, 'x_1': -1, 'x_2': 2, 'x_3': 3}. Best is trial 0 with value: 18.0.
[I 2024-11-24 16:08:47,764] Trial 0 finished with value: 17.0 and parameters: {'x_0': 0, 'x_1': 2, 'x_2': -2, 'x_3': -3}. Best is trial 0 with value: 17.0.
[I 2024-11-24 16:08:47,782] A new study created in RDB with name: 2024-11-24_16-08-44_sphere_dim4_gp_seed3
2024-11-24 16:08:47,783 - INFO - Created new study '2024-11-24_16-08-44_sphere_dim4_gp_seed3' in sqlite:///results/2024-11-24_16-08-44/sphere_dim4_gp_seed3.db
[I 2024-11-24 16:08:47,783] Trial 1 finished with value: 10.0 and parameters: {'x_0': 1, 'x_1': -2, 'x_2': 1, 'x_3': -2}. Best is trial 1 with value: 10.0.
[I 2024-11-24 16:08:47,786] Trial 0 finished with value: 18.0 and parameters: {'x_0': -3, 'x_1': -2, 'x_2': -1, 'x_3': -2}. Best is trial 0 with value: 18.0.
[I 2024-11-24 16:08:47,801] Trial 1 finished with value: 12.0 and parameters: {'x_0': -3, 'x_1': 1, 'x_2': 1, 'x_3': -1}. Best is trial 0 with value: 11.0.
[I 2024-11-24 16:08:47,818] Trial 0 finished with value: 12.0 and parameters: {'x_0': -1, 'x_1': -1, 'x_2': 1, 'x_3': -3}. Best is trial 0 with value: 12.0.
[I 2024-11-24 16:08:47,831] Trial 1 finished with value: 17.0 and parameters: {'x_0': 0, 'x_1': 3, 'x_2': 2, 'x_3': -2}. Best is trial 1 with value: 17.0.
[I 2024-11-24 16:08:47,836] Trial 1 finished with value: 7.0 and parameters: {'x_0': 1, 'x_1': 1, 'x_2': 2, 'x_3': -1}. Best is trial 1 with value: 7.0.
[I 2024-11-24 16:08:47,850] Trial 0 finished with value: 13.0 and parameters: {'x_0': 3, 'x_1': -2, 'x_2': 0, 'x_3': 0}. Best is trial 0 with value: 13.0.
[I 2024-11-24 16:08:47,890] Trial 2 finished with value: 14.0 and parameters: {'x_0': -2, 'x_1': -1, 'x_2': 0, 'x_3': 3}. Best is trial 0 with value: 11.0.
[I 2024-11-24 16:08:47,905] Trial 2 finished with value: 9.0 and parameters: {'x_0': 0, 'x_1': 1, 'x_2': 2, 'x_3': -2}. Best is trial 2 with value: 9.0.
[I 2024-11-24 16:08:47,907] Trial 1 finished with value: 22.0 and parameters: {'x_0': -2, 'x_1': 0, 'x_2': 3, 'x_3': -3}. Best is trial 0 with value: 14.0.
[I 2024-11-24 16:08:47,914] Trial 1 finished with value: 14.0 and parameters: {'x_0': 3, 'x_1': 1, 'x_2': 0, 'x_3': 2}. Best is trial 1 with value: 14.0.
[I 2024-11-24 16:08:47,922] Trial 1 finished with value: 20.0 and parameters: {'x_0': 1, 'x_1': -3, 'x_2': 3, 'x_3': -1}. Best is trial 0 with value: 18.0.
[I 2024-11-24 16:08:47,927] Trial 1 finished with value: 23.0 and parameters: {'x_0': -3, 'x_1': 1, 'x_2': 2, 'x_3': 3}. Best is trial 0 with value: 17.0.
[I 2024-11-24 16:08:47,934] Trial 2 finished with value: 15.0 and parameters: {'x_0': 1, 'x_1': -2, 'x_2': 1, 'x_3': -3}. Best is trial 1 with value: 10.0.
[I 2024-11-24 16:08:47,959] Trial 1 finished with value: 8.0 and parameters: {'x_0': 0, 'x_1': 0, 'x_2': -2, 'x_3': -2}. Best is trial 1 with value: 8.0.
[I 2024-11-24 16:08:47,963] Trial 1 finished with value: 26.0 and parameters: {'x_0': -3, 'x_1': -3, 'x_2': -2, 'x_3': 2}. Best is trial 0 with value: 13.0.
[I 2024-11-24 16:08:47,977] Trial 2 finished with value: 6.0 and parameters: {'x_0': 1, 'x_1': 1, 'x_2': 2, 'x_3': 0}. Best is trial 2 with value: 6.0.
[I 2024-11-24 16:08:47,991] Trial 3 finished with value: 12.0 and parameters: {'x_0': 1, 'x_1': -1, 'x_2': 1, 'x_3': 3}. Best is trial 0 with value: 11.0.
[I 2024-11-24 16:08:47,994] Trial 3 finished with value: 10.0 and parameters: {'x_0': -1, 'x_1': -2, 'x_2': 1, 'x_3': -2}. Best is trial 1 with value: 10.0.
[I 2024-11-24 16:08:47,995] Trial 3 finished with value: 10.0 and parameters: {'x_0': 1, 'x_1': 1, 'x_2': 2, 'x_3': -2}. Best is trial 2 with value: 9.0.
[I 2024-11-24 16:08:47,995] Trial 2 finished with value: 9.0 and parameters: {'x_0': 2, 'x_1': 2, 'x_2': -1, 'x_3': 0}. Best is trial 2 with value: 9.0.
[I 2024-11-24 16:08:48,003] Trial 2 finished with value: 18.0 and parameters: {'x_0': 3, 'x_1': 1, 'x_2': 2, 'x_3': 2}. Best is trial 1 with value: 14.0.
[I 2024-11-24 16:08:48,011] Trial 2 finished with value: 13.0 and parameters: {'x_0': 0, 'x_1': 2, 'x_2': 0, 'x_3': -3}. Best is trial 2 with value: 13.0.
[I 2024-11-24 16:08:48,042] Trial 4 finished with value: 11.0 and parameters: {'x_0': 1, 'x_1': 1, 'x_2': 0, 'x_3': 3}. Best is trial 0 with value: 11.0.
[I 2024-11-24 16:08:48,054] Trial 3 finished with value: 14.0 and parameters: {'x_0': 1, 'x_1': 2, 'x_2': 0, 'x_3': -3}. Best is trial 2 with value: 13.0.
[I 2024-11-24 16:08:48,055] Trial 4 finished with value: 18.0 and parameters: {'x_0': 3, 'x_1': 1, 'x_2': 2, 'x_3': -2}. Best is trial 2 with value: 9.0.
[I 2024-11-24 16:08:48,071] Trial 2 finished with value: 23.0 and parameters: {'x_0': 3, 'x_1': -1, 'x_2': 2, 'x_3': 3}. Best is trial 0 with value: 18.0.
[I 2024-11-24 16:08:48,085] Trial 5 finished with value: 19.0 and parameters: {'x_0': 1, 'x_1': 3, 'x_2': 0, 'x_3': 3}. Best is trial 0 with value: 11.0.
[I 2024-11-24 16:08:48,089] Trial 2 finished with value: 14.0 and parameters: {'x_0': 3, 'x_1': -2, 'x_2': 0, 'x_3': -1}. Best is trial 0 with value: 13.0.
[I 2024-11-24 16:08:48,096] Trial 4 finished with value: 14.0 and parameters: {'x_0': -1, 'x_1': 2, 'x_2': 0, 'x_3': -3}. Best is trial 2 with value: 13.0.
[I 2024-11-24 16:08:48,107] Trial 3 finished with value: 6.0 and parameters: {'x_0': 1, 'x_1': 2, 'x_2': -1, 'x_3': 0}. Best is trial 3 with value: 6.0.
[I 2024-11-24 16:08:48,108] Trial 3 finished with value: 10.0 and parameters: {'x_0': 1, 'x_1': 1, 'x_2': 2, 'x_3': 2}. Best is trial 2 with value: 6.0.
[I 2024-11-24 16:08:48,113] Trial 2 finished with value: 13.0 and parameters: {'x_0': 0, 'x_1': 0, 'x_2': -3, 'x_3': -2}. Best is trial 1 with value: 8.0.
[I 2024-11-24 16:08:48,114] Trial 5 finished with value: 6.0 and parameters: {'x_0': 0, 'x_1': 1, 'x_2': 1, 'x_3': -2}. Best is trial 5 with value: 6.0.
[I 2024-11-24 16:08:48,120] Trial 3 finished with value: 14.0 and parameters: {'x_0': 3, 'x_1': -1, 'x_2': 0, 'x_3': 2}. Best is trial 1 with value: 14.0.
[I 2024-11-24 16:08:48,135] Trial 4 finished with value: 13.0 and parameters: {'x_0': -2, 'x_1': -2, 'x_2': 1, 'x_3': -2}. Best is trial 1 with value: 10.0.
[I 2024-11-24 16:08:48,165] Trial 6 finished with value: 12.0 and parameters: {'x_0': 1, 'x_1': 1, 'x_2': 1, 'x_3': 3}. Best is trial 0 with value: 11.0.
[I 2024-11-24 16:08:48,165] Trial 6 finished with value: 9.0 and parameters: {'x_0': 0, 'x_1': 1, 'x_2': -2, 'x_3': -2}. Best is trial 5 with value: 6.0.
[I 2024-11-24 16:08:48,170] Trial 5 finished with value: 8.0 and parameters: {'x_0': 0, 'x_1': 2, 'x_2': 0, 'x_3': 2}. Best is trial 5 with value: 8.0.
[I 2024-11-24 16:08:48,174] Trial 4 finished with value: 7.0 and parameters: {'x_0': 1, 'x_1': 2, 'x_2': -1, 'x_3': -1}. Best is trial 3 with value: 6.0.
[I 2024-11-24 16:08:48,198] Trial 3 finished with value: 10.0 and parameters: {'x_0': -2, 'x_1': -1, 'x_2': 2, 'x_3': -1}. Best is trial 3 with value: 10.0.
[I 2024-11-24 16:08:48,210] Trial 3 finished with value: 22.0 and parameters: {'x_0': 3, 'x_1': -2, 'x_2': 0, 'x_3': -3}. Best is trial 0 with value: 13.0.
[I 2024-11-24 16:08:48,210] Trial 7 finished with value: 3.0 and parameters: {'x_0': 1, 'x_1': 1, 'x_2': 0, 'x_3': -1}. Best is trial 7 with value: 3.0.
[I 2024-11-24 16:08:48,225] Trial 6 finished with value: 12.0 and parameters: {'x_0': 2, 'x_1': 2, 'x_2': 0, 'x_3': 2}. Best is trial 5 with value: 8.0.
[I 2024-11-24 16:08:48,225] Trial 7 finished with value: 3.0 and parameters: {'x_0': 0, 'x_1': 1, 'x_2': 1, 'x_3': -1}. Best is trial 7 with value: 3.0.
[I 2024-11-24 16:08:48,237] Trial 5 finished with value: 7.0 and parameters: {'x_0': 1, 'x_1': 2, 'x_2': -1, 'x_3': 1}. Best is trial 3 with value: 6.0.
[I 2024-11-24 16:08:48,242] Trial 4 finished with value: 13.0 and parameters: {'x_0': 3, 'x_1': 0, 'x_2': 0, 'x_3': 2}. Best is trial 4 with value: 13.0.
[I 2024-11-24 16:08:48,272] Trial 7 finished with value: 5.0 and parameters: {'x_0': 0, 'x_1': -1, 'x_2': 0, 'x_3': 2}. Best is trial 7 with value: 5.0.
[I 2024-11-24 16:08:48,272] Trial 8 finished with value: 11.0 and parameters: {'x_0': 3, 'x_1': 1, 'x_2': 0, 'x_3': -1}. Best is trial 7 with value: 3.0.
[I 2024-11-24 16:08:48,273] Trial 4 finished with value: 6.0 and parameters: {'x_0': -1, 'x_1': 1, 'x_2': 2, 'x_3': 0}. Best is trial 2 with value: 6.0.
[I 2024-11-24 16:08:48,274] Trial 3 finished with value: 17.0 and parameters: {'x_0': 0, 'x_1': 3, 'x_2': -2, 'x_3': -2}. Best is trial 1 with value: 8.0.
[I 2024-11-24 16:08:48,278] Trial 8 finished with value: 3.0 and parameters: {'x_0': 0, 'x_1': 1, 'x_2': 1, 'x_3': 1}. Best is trial 7 with value: 3.0.
[I 2024-11-24 16:08:48,295] Trial 5 finished with value: 9.0 and parameters: {'x_0': -1, 'x_1': -2, 'x_2': 0, 'x_3': -2}. Best is trial 5 with value: 9.0.
[I 2024-11-24 16:08:48,312] Trial 6 finished with value: 5.0 and parameters: {'x_0': 1, 'x_1': 2, 'x_2': 0, 'x_3': 0}. Best is trial 6 with value: 5.0.
[I 2024-11-24 16:08:48,324] Trial 9 finished with value: 7.0 and parameters: {'x_0': 1, 'x_1': 1, 'x_2': -2, 'x_3': -1}. Best is trial 7 with value: 3.0.
[I 2024-11-24 16:08:48,327] Trial 8 finished with value: 13.0 and parameters: {'x_0': 0, 'x_1': -3, 'x_2': 0, 'x_3': 2}. Best is trial 7 with value: 5.0.
[I 2024-11-24 16:08:48,334] Trial 4 finished with value: 9.0 and parameters: {'x_0': -2, 'x_1': 0, 'x_2': 2, 'x_3': -1}. Best is trial 4 with value: 9.0.
[I 2024-11-24 16:08:48,345] Trial 4 finished with value: 13.0 and parameters: {'x_0': 3, 'x_1': 2, 'x_2': 0, 'x_3': 0}. Best is trial 0 with value: 13.0.
[I 2024-11-24 16:08:48,357] Trial 9 finished with value: 11.0 and parameters: {'x_0': 0, 'x_1': 1, 'x_2': 1, 'x_3': 3}. Best is trial 7 with value: 3.0.
[I 2024-11-24 16:08:48,382] Trial 9 finished with value: 14.0 and parameters: {'x_0': 3, 'x_1': -1, 'x_2': 0, 'x_3': 2}. Best is trial 7 with value: 5.0.
[I 2024-11-24 16:08:48,388] Trial 10 finished with value: 12.0 and parameters: {'x_0': 1, 'x_1': 1, 'x_2': -3, 'x_3': -1}. Best is trial 7 with value: 3.0.
[I 2024-11-24 16:08:48,414] Trial 10 finished with value: 3.0 and parameters: {'x_0': 0, 'x_1': 1, 'x_2': -1, 'x_3': -1}. Best is trial 7 with value: 3.0.
[I 2024-11-24 16:08:48,422] Trial 5 finished with value: 5.0 and parameters: {'x_0': -1, 'x_1': 0, 'x_2': 0, 'x_3': 2}. Best is trial 5 with value: 5.0.
[I 2024-11-24 16:08:48,446] Trial 11 finished with value: 3.0 and parameters: {'x_0': 1, 'x_1': 1, 'x_2': 0, 'x_3': -1}. Best is trial 7 with value: 3.0.
[I 2024-11-24 16:08:48,451] Trial 10 finished with value: 14.0 and parameters: {'x_0': 0, 'x_1': -1, 'x_2': 3, 'x_3': 2}. Best is trial 7 with value: 5.0.
[I 2024-11-24 16:08:48,464] Trial 6 finished with value: 13.0 and parameters: {'x_0': -1, 'x_1': -2, 'x_2': -2, 'x_3': -2}. Best is trial 5 with value: 9.0.
[I 2024-11-24 16:08:48,468] Trial 4 finished with value: 9.0 and parameters: {'x_0': -1, 'x_1': 0, 'x_2': -2, 'x_3': -2}. Best is trial 1 with value: 8.0.
[I 2024-11-24 16:08:48,472] Trial 11 finished with value: 3.0 and parameters: {'x_0': 0, 'x_1': 1, 'x_2': -1, 'x_3': 1}. Best is trial 7 with value: 3.0.
[I 2024-11-24 16:08:48,478] Trial 5 finished with value: 9.0 and parameters: {'x_0': -2, 'x_1': 1, 'x_2': 2, 'x_3': 0}. Best is trial 2 with value: 6.0.
[I 2024-11-24 16:08:48,484] Trial 7 finished with value: 9.0 and parameters: {'x_0': 1, 'x_1': 2, 'x_2': -2, 'x_3': 0}. Best is trial 6 with value: 5.0.
[I 2024-11-24 16:08:48,507] Trial 5 finished with value: 9.0 and parameters: {'x_0': 3, 'x_1': 0, 'x_2': 0, 'x_3': 0}. Best is trial 5 with value: 9.0.
[I 2024-11-24 16:08:48,507] Trial 5 finished with value: 10.0 and parameters: {'x_0': -2, 'x_1': 1, 'x_2': 2, 'x_3': -1}. Best is trial 4 with value: 9.0.
[I 2024-11-24 16:08:48,521] Trial 11 finished with value: 2.0 and parameters: {'x_0': 0, 'x_1': -1, 'x_2': 0, 'x_3': -1}. Best is trial 11 with value: 2.0.
