[I 2024-11-24 16:09:04,501] Trial 106 finished with value: 6.0 and parameters: {'x_0': 2, 'x_1': -1, 'x_2': 0, 'x_3': -1}. Best is trial 42 with value: 1.0.
[I 2024-11-24 16:09:04,502] Trial 107 finished with value: 13.0 and parameters: {'x_0': 0, 'x_1': -2, 'x_2': -3, 'x_3': 0}. Best is trial 16 with value: 0.0.
[I 2024-11-24 16:09:04,535] Trial 99 finished with value: 0.0 and parameters: {'x_0': 0, 'x_1': 0, 'x_2': 0, 'x_3': 0}. Best is trial 99 with value: 0.0.
[I 2024-11-24 16:09:04,536] Trial 110 finished with value: 4.0 and parameters: {'x_0': 1, 'x_1': -1, 'x_2': 1, 'x_3': -1}. Best is trial 21 with value: 0.0.
[I 2024-11-24 16:09:04,588] Trial 107 finished with value: 10.0 and parameters: {'x_0': 0, 'x_1': 1, 'x_2': 0, 'x_3': -3}. Best is trial 26 with value: 0.0.
[I 2024-11-24 16:09:04,612] Trial 110 finished with value: 6.0 and parameters: {'x_0': 1, 'x_1': -1, 'x_2': -2, 'x_3': 0}. Best is trial 25 with value: 0.0.
[I 2024-11-24 16:09:04,615] Trial 107 finished with value: 13.0 and parameters: {'x_0': 0, 'x_1': 2, 'x_2': -3, 'x_3': 0}. Best is trial 29 with value: 0.0.
[I 2024-11-24 16:09:04,654] Trial 113 finished with value: 3.0 and parameters: {'x_0': -1, 'x_1': -1, 'x_2': -1, 'x_3': 0}. Best is trial 32 with value: 1.0.
[I 2024-11-24 16:09:04,662] Trial 105 finished with value: 3.0 and parameters: {'x_0': 0, 'x_1': -1, 'x_2': -1, 'x_3': 1}. Best is trial 41 with value: 0.0.
[I 2024-11-24 16:09:04,693] Trial 108 finished with value: 13.0 and parameters: {'x_0': 0, 'x_1': 3, 'x_2': -2, 'x_3': 0}. Best is trial 16 with value: 0.0.
[I 2024-11-24 16:09:04,696] Trial 111 finished with value: 11.0 and parameters: {'x_0': 0, 'x_1': -1, 'x_2': 1, 'x_3': 3}. Best is trial 21 with value: 0.0.
[I 2024-11-24 16:09:04,722] Trial 100 finished with value: 1.0 and parameters: {'x_0': 0, 'x_1': 0, 'x_2': 0, 'x_3': 1}. Best is trial 99 with value: 0.0.
[I 2024-11-24 16:09:04,804] Trial 108 finished with value: 10.0 and parameters: {'x_0': 0, 'x_1': 1, 'x_2': 0, 'x_3': -3}. Best is trial 29 with value: 0.0.
[I 2024-11-24 16:09:04,812] Trial 111 finished with value: 4.0 and parameters: {'x_0': 1, 'x_1': -1, 'x_2': 1, 'x_3': 1}. Best is trial 25 with value: 0.0.
[I 2024-11-24 16:09:04,820] Trial 103 finished with value: 3.0 and parameters: {'x_0': -1, 'x_1': 0, 'x_2': 1, 'x_3': -1}. Best is trial 56 with value: 0.0.
[I 2024-11-24 16:09:04,861] Trial 114 finished with value: 4.0 and parameters: {'x_0': -1, 'x_1': -1, 'x_2': -1, 'x_3': 1}. Best is trial 32 with value: 1.0.
[I 2024-11-24 16:09:04,891] Trial 112 finished with value: 5.0 and parameters: {'x_0': 0, 'x_1': -2, 'x_2': 1, 'x_3': 0}. Best is trial 21 with value: 0.0.
[I 2024-11-24 16:09:04,898] Trial 109 finished with value: 11.0 and parameters: {'x_0': 0, 'x_1': -1, 'x_2': -1, 'x_3': -3}. Best is trial 16 with value: 0.0.
[I 2024-11-24 16:09:04,900] Trial 108 finished with value: 5.0 and parameters: {'x_0': 0, 'x_1': 0, 'x_2': 1, 'x_3': 2}. Best is trial 26 with value: 0.0.
[I 2024-11-24 16:09:04,922] Trial 107 finished with value: 3.0 and parameters: {'x_0': 1, 'x_1': -1, 'x_2': 0, 'x_3': 1}. Best is trial 42 with value: 1.0.
[I 2024-11-24 16:09:04,963] Trial 104 finished with value: 3.0 and parameters: {'x_0': 1, 'x_1': 0, 'x_2': 1, 'x_3': 1}. Best is trial 56 with value: 0.0.
[I 2024-11-24 16:09:04,996] Trial 112 finished with value: 6.0 and parameters: {'x_0': -1, 'x_1': -1, 'x_2': 2, 'x_3': 0}. Best is trial 25 with value: 0.0.
[I 2024-11-24 16:09:04,997] Trial 106 finished with value: 6.0 and parameters: {'x_0': -2, 'x_1': -1, 'x_2': -1, 'x_3': 0}. Best is trial 41 with value: 0.0.
[I 2024-11-24 16:09:05,015] Trial 115 finished with value: 6.0 and parameters: {'x_0': -2, 'x_1': 1, 'x_2': -1, 'x_3': 0}. Best is trial 32 with value: 1.0.
[I 2024-11-24 16:09:05,034] Trial 109 finished with value: 4.0 and parameters: {'x_0': 0, 'x_1': -2, 'x_2': 0, 'x_3': 0}. Best is trial 29 with value: 0.0.
[I 2024-11-24 16:09:05,048] Trial 113 finished with value: 5.0 and parameters: {'x_0': 0, 'x_1': 2, 'x_2': 1, 'x_3': 0}. Best is trial 21 with value: 0.0.
[I 2024-11-24 16:09:05,110] Trial 101 finished with value: 1.0 and parameters: {'x_0': 0, 'x_1': 0, 'x_2': 0, 'x_3': -1}. Best is trial 99 with value: 0.0.
[I 2024-11-24 16:09:05,128] Trial 109 finished with value: 3.0 and parameters: {'x_0': -1, 'x_1': 1, 'x_2': 0, 'x_3': 1}. Best is trial 26 with value: 0.0.
[I 2024-11-24 16:09:05,130] Trial 108 finished with value: 6.0 and parameters: {'x_0': 0, 'x_1': -1, 'x_2': 1, 'x_3': 2}. Best is trial 42 with value: 1.0.
[I 2024-11-24 16:09:05,132] Trial 110 finished with value: 5.0 and parameters: {'x_0': 0, 'x_1': 2, 'x_2': 0, 'x_3': -1}. Best is trial 16 with value: 0.0.
[I 2024-11-24 16:09:05,154] Trial 105 finished with value: 5.0 and parameters: {'x_0': 2, 'x_1': 0, 'x_2': -1, 'x_3': 0}. Best is trial 56 with value: 0.0.
[I 2024-11-24 16:09:05,223] Trial 107 finished with value: 3.0 and parameters: {'x_0': 0, 'x_1': -1, 'x_2': -1, 'x_3': -1}. Best is trial 41 with value: 0.0.
[I 2024-11-24 16:09:05,224] Trial 113 finished with value: 6.0 and parameters: {'x_0': 1, 'x_1': 2, 'x_2': -1, 'x_3': 0}. Best is trial 25 with value: 0.0.
[I 2024-11-24 16:09:05,237] Trial 116 finished with value: 4.0 and parameters: {'x_0': 1, 'x_1': -1, 'x_2': -1, 'x_3': -1}. Best is trial 32 with value: 1.0.
[I 2024-11-24 16:09:05,255] Trial 114 finished with value: 11.0 and parameters: {'x_0': 1, 'x_1': -1, 'x_2': 3, 'x_3': 0}. Best is trial 21 with value: 0.0.
[I 2024-11-24 16:09:05,279] Trial 110 finished with value: 5.0 and parameters: {'x_0': 0, 'x_1': -2, 'x_2': 0, 'x_3': 1}. Best is trial 29 with value: 0.0.
[I 2024-11-24 16:09:05,322] Trial 110 finished with value: 3.0 and parameters: {'x_0': 0, 'x_1': -1, 'x_2': 1, 'x_3': 1}. Best is trial 26 with value: 0.0.
[I 2024-11-24 16:09:05,327] Trial 102 finished with value: 1.0 and parameters: {'x_0': 1, 'x_1': 0, 'x_2': 0, 'x_3': 0}. Best is trial 99 with value: 0.0.
[I 2024-11-24 16:09:05,344] Trial 109 finished with value: 6.0 and parameters: {'x_0': 0, 'x_1': 1, 'x_2': 1, 'x_3': -2}. Best is trial 42 with value: 1.0.
[I 2024-11-24 16:09:05,362] Trial 111 finished with value: 6.0 and parameters: {'x_0': 0, 'x_1': 2, 'x_2': 1, 'x_3': -1}. Best is trial 16 with value: 0.0.
[I 2024-11-24 16:09:05,420] Trial 117 finished with value: 4.0 and parameters: {'x_0': -1, 'x_1': -1, 'x_2': 1, 'x_3': -1}. Best is trial 32 with value: 1.0.
[I 2024-11-24 16:09:05,425] Trial 114 finished with value: 0.0 and parameters: {'x_0': 0, 'x_1': 0, 'x_2': 0, 'x_3': 0}. Best is trial 25 with value: 0.0.
[I 2024-11-24 16:09:05,426] Trial 115 finished with value: 6.0 and parameters: {'x_0': 1, 'x_1': -2, 'x_2': 1, 'x_3': 0}. Best is trial 21 with value: 0.0.
[I 2024-11-24 16:09:05,501] Trial 103 finished with value: 4.0 and parameters: {'x_0': -2, 'x_1': 0, 'x_2': 0, 'x_3': 0}. Best is trial 99 with value: 0.0.
[I 2024-11-24 16:09:05,502] Trial 111 finished with value: 3.0 and parameters: {'x_0': 0, 'x_1': 1, 'x_2': 1, 'x_3': 1}. Best is trial 26 with value: 0.0.
[I 2024-11-24 16:09:05,505] Trial 111 finished with value: 5.0 and parameters: {'x_0': 0, 'x_1': -2, 'x_2': 0, 'x_3': -1}. Best is trial 29 with value: 0.0.
[I 2024-11-24 16:09:05,527] Trial 112 finished with value: 8.0 and parameters: {'x_0': 0, 'x_1': 2, 'x_2': 2, 'x_3': 0}. Best is trial 16 with value: 0.0.
[I 2024-11-24 16:09:05,560] Trial 106 finished with value: 3.0 and parameters: {'x_0': 1, 'x_1': 0, 'x_2': 1, 'x_3': -1}. Best is trial 56 with value: 0.0.
[I 2024-11-24 16:09:05,567] Trial 108 finished with value: 5.0 and parameters: {'x_0': 0, 'x_1': -1, 'x_2': -2, 'x_3': 0}. Best is trial 41 with value: 0.0.
[I 2024-11-24 16:09:05,586] Trial 116 finished with value: 6.0 and parameters: {'x_0': 1, 'x_1': 1, 'x_2': 0, 'x_3': 2}. Best is trial 21 with value: 0.0.
[I 2024-11-24 16:09:05,607] Trial 118 finished with value: 6.0 and parameters: {'x_0': -2, 'x_1': -1, 'x_2': -1, 'x_3': 0}. Best is trial 32 with value: 1.0.
[I 2024-11-24 16:09:05,659] Trial 110 finished with value: 3.0 and parameters: {'x_0': 1, 'x_1': 0, 'x_2': -1, 'x_3': 1}. Best is trial 42 with value: 1.0.
[I 2024-11-24 16:09:05,673] Trial 112 finished with value: 3.0 and parameters: {'x_0': -1, 'x_1': 0, 'x_2': -1, 'x_3': 1}. Best is trial 26 with value: 0.0.
[I 2024-11-24 16:09:05,687] Trial 113 finished with value: 10.0 and parameters: {'x_0': -1, 'x_1': 1, 'x_2': -2, 'x_3': -2}. Best is trial 16 with value: 0.0.
[I 2024-11-24 16:09:05,691] Trial 112 finished with value: 5.0 and parameters: {'x_0': 0, 'x_1': -2, 'x_2': 1, 'x_3': 0}. Best is trial 29 with value: 0.0.
[I 2024-11-24 16:09:05,733] Trial 107 finished with value: 3.0 and parameters: {'x_0': -1, 'x_1': -1, 'x_2': -1, 'x_3': 0}. Best is trial 56 with value: 0.0.
[I 2024-11-24 16:09:05,757] Trial 109 finished with value: 1.0 and parameters: {'x_0': 0, 'x_1': 0, 'x_2': -1, 'x_3': 0}. Best is trial 41 with value: 0.0.
[I 2024-11-24 16:09:05,785] Trial 104 finished with value: 4.0 and parameters: {'x_0': 0, 'x_1': 0, 'x_2': 0, 'x_3': -2}. Best is trial 99 with value: 0.0.
[I 2024-11-24 16:09:05,788] Trial 115 finished with value: 5.0 and parameters: {'x_0': -1, 'x_1': 0, 'x_2': 2, 'x_3': 0}. Best is trial 25 with value: 0.0.
[I 2024-11-24 16:09:05,818] Trial 117 finished with value: 6.0 and parameters: {'x_0': 2, 'x_1': 0, 'x_2': 1, 'x_3': -1}. Best is trial 21 with value: 0.0.
[I 2024-11-24 16:09:05,818] Trial 119 finished with value: 4.0 and parameters: {'x_0': -1, 'x_1': -1, 'x_2': -1, 'x_3': -1}. Best is trial 32 with value: 1.0.
[I 2024-11-24 16:09:05,857] Trial 114 finished with value: 9.0 and parameters: {'x_0': -1, 'x_1': 2, 'x_2': 0, 'x_3': -2}. Best is trial 16 with value: 0.0.
[I 2024-11-24 16:09:05,887] Trial 113 finished with value: 3.0 and parameters: {'x_0': 1, 'x_1': 0, 'x_2': -1, 'x_3': 1}. Best is trial 26 with value: 0.0.
[I 2024-11-24 16:09:05,893] Trial 111 finished with value: 14.0 and parameters: {'x_0': 0, 'x_1': 3, 'x_2': 2, 'x_3': 1}. Best is trial 42 with value: 1.0.
[I 2024-11-24 16:09:05,898] Trial 113 finished with value: 5.0 and parameters: {'x_0': 0, 'x_1': -2, 'x_2': -1, 'x_3': 0}. Best is trial 29 with value: 0.0.
[I 2024-11-24 16:09:05,956] Trial 108 finished with value: 10.0 and parameters: {'x_0': 3, 'x_1': 0, 'x_2': 0, 'x_3': 1}. Best is trial 56 with value: 0.0.
[I 2024-11-24 16:09:05,964] Trial 118 finished with value: 6.0 and parameters: {'x_0': 0, 'x_1': 1, 'x_2': 1, 'x_3': 2}. Best is trial 21 with value: 0.0.
[I 2024-11-24 16:09:05,970] Trial 105 finished with value: 4.0 and parameters: {'x_0': 2, 'x_1': 0, 'x_2': 0, 'x_3': 0}. Best is trial 99 with value: 0.0.
[I 2024-11-24 16:09:05,989] Trial 116 finished with value: 6.0 and parameters: {'x_0': -1, 'x_1': 2, 'x_2': 0, 'x_3': -1}. Best is trial 25 with value: 0.0.
[I 2024-11-24 16:09:05,994] Trial 110 finished with value: 2.0 and parameters: {'x_0': 0, 'x_1': 0, 'x_2': -1, 'x_3': 1}. Best is trial 41 with value: 0.0.
[I 2024-11-24 16:09:06,031] Trial 120 finished with value: 11.0 and parameters: {'x_0': -3, 'x_1': 1, 'x_2': 1, 'x_3': 0}. Best is trial 32 with value: 1.0.
[I 2024-11-24 16:09:06,045] Trial 114 finished with value: 3.0 and parameters: {'x_0': -1, 'x_1': 0, 'x_2': 1, 'x_3': -1}. Best is trial 26 with value: 0.0.
[I 2024-11-24 16:09:06,080] Trial 115 finished with value: 6.0 and parameters: {'x_0': 0, 'x_1': 2, 'x_2': -1, 'x_3': -1}. Best is trial 16 with value: 0.0.
[I 2024-11-24 16:09:06,096] Trial 114 finished with value: 9.0 and parameters: {'x_0': -1, 'x_1': -2, 'x_2': 0, 'x_3': -2}. Best is trial 29 with value: 0.0.
[I 2024-11-24 16:09:06,110] Trial 112 finished with value: 2.0 and parameters: {'x_0': 0, 'x_1': -1, 'x_2': 1, 'x_3': 0}. Best is trial 42 with value: 1.0.
[I 2024-11-24 16:09:06,140] Trial 117 finished with value: 4.0 and parameters: {'x_0': -2, 'x_1': 0, 'x_2': 0, 'x_3': 0}. Best is trial 25 with value: 0.0.
[I 2024-11-24 16:09:06,148] Trial 106 finished with value: 2.0 and parameters: {'x_0': 1, 'x_1': 0, 'x_2': 0, 'x_3': -1}. Best is trial 99 with value: 0.0.
[I 2024-11-24 16:09:06,189] Trial 119 finished with value: 5.0 and parameters: {'x_0': 0, 'x_1': -2, 'x_2': 0, 'x_3': 1}. Best is trial 21 with value: 0.0.
[I 2024-11-24 16:09:06,215] Trial 116 finished with value: 8.0 and parameters: {'x_0': 0, 'x_1': -2, 'x_2': 0, 'x_3': -2}. Best is trial 16 with value: 0.0.
[I 2024-11-24 16:09:06,215] Trial 115 finished with value: 3.0 and parameters: {'x_0': 0, 'x_1': -1, 'x_2': -1, 'x_3': 1}. Best is trial 26 with value: 0.0.
[I 2024-11-24 16:09:06,223] Trial 121 finished with value: 4.0 and parameters: {'x_0': 1, 'x_1': 1, 'x_2': -1, 'x_3': 1}. Best is trial 32 with value: 1.0.
[I 2024-11-24 16:09:06,286] Trial 115 finished with value: 8.0 and parameters: {'x_0': 0, 'x_1': -2, 'x_2': -2, 'x_3': 0}. Best is trial 29 with value: 0.0.
[I 2024-11-24 16:09:06,292] Trial 109 finished with value: 5.0 and parameters: {'x_0': -1, 'x_1': 0, 'x_2': 2, 'x_3': 0}. Best is trial 56 with value: 0.0.
[I 2024-11-24 16:09:06,342] Trial 120 finished with value: 11.0 and parameters: {'x_0': 1, 'x_1': 0, 'x_2': -1, 'x_3': 3}. Best is trial 21 with value: 0.0.
[I 2024-11-24 16:09:06,371] Trial 111 finished with value: 2.0 and parameters: {'x_0': 1, 'x_1': 0, 'x_2': -1, 'x_3': 0}. Best is trial 41 with value: 0.0.
[I 2024-11-24 16:09:06,375] Trial 117 finished with value: 6.0 and parameters: {'x_0': 0, 'x_1': -2, 'x_2': -1, 'x_3': -1}. Best is trial 16 with value: 0.0.
[I 2024-11-24 16:09:06,407] Trial 116 finished with value: 3.0 and parameters: {'x_0': -1, 'x_1': 1, 'x_2': 0, 'x_3': -1}. Best is trial 26 with value: 0.0.
[I 2024-11-24 16:09:06,412] Trial 122 finished with value: 6.0 and parameters: {'x_0': -2, 'x_1': -1, 'x_2': 1, 'x_3': 0}. Best is trial 32 with value: 1.0.
[I 2024-11-24 16:09:06,468] Trial 116 finished with value: 7.0 and parameters: {'x_0': 1, 'x_1': -2, 'x_2': 1, 'x_3': -1}. Best is trial 29 with value: 0.0.
[I 2024-11-24 16:09:06,477] Trial 110 finished with value: 5.0 and parameters: {'x_0': -1, 'x_1': 0, 'x_2': -2, 'x_3': 0}. Best is trial 56 with value: 0.0.
[I 2024-11-24 16:09:06,485] Trial 118 finished with value: 7.0 and parameters: {'x_0': -1, 'x_1': 2, 'x_2': -1, 'x_3': 1}. Best is trial 25 with value: 0.0.
[I 2024-11-24 16:09:06,526] Trial 113 finished with value: 6.0 and parameters: {'x_0': 0, 'x_1': 1, 'x_2': -2, 'x_3': 1}. Best is trial 42 with value: 1.0.
[I 2024-11-24 16:09:06,530] Trial 107 finished with value: 2.0 and parameters: {'x_0': 1, 'x_1': 0, 'x_2': 0, 'x_3': 1}. Best is trial 99 with value: 0.0.
[I 2024-11-24 16:09:06,535] Trial 121 finished with value: 10.0 and parameters: {'x_0': 0, 'x_1': -1, 'x_2': -3, 'x_3': 0}. Best is trial 21 with value: 0.0.
[I 2024-11-24 16:09:06,575] Trial 118 finished with value: 6.0 and parameters: {'x_0': 0, 'x_1': 1, 'x_2': -1, 'x_3': -2}. Best is trial 16 with value: 0.0.
[I 2024-11-24 16:09:06,576] Trial 112 finished with value: 2.0 and parameters: {'x_0': -1, 'x_1': 0, 'x_2': -1, 'x_3': 0}. Best is trial 41 with value: 0.0.
[I 2024-11-24 16:09:06,612] Trial 123 finished with value: 4.0 and parameters: {'x_0': 1, 'x_1': -1, 'x_2': -1, 'x_3': 1}. Best is trial 32 with value: 1.0.
[I 2024-11-24 16:09:06,650] Trial 119 finished with value: 7.0 and parameters: {'x_0': 2, 'x_1': -1, 'x_2': 1, 'x_3': -1}. Best is trial 25 with value: 0.0.
[I 2024-11-24 16:09:06,675] Trial 117 finished with value: 6.0 and parameters: {'x_0': 0, 'x_1': -2, 'x_2': -1, 'x_3': 1}. Best is trial 29 with value: 0.0.
[I 2024-11-24 16:09:06,684] Trial 111 finished with value: 6.0 and parameters: {'x_0': 2, 'x_1': -1, 'x_2': -1, 'x_3': 0}. Best is trial 56 with value: 0.0.
[I 2024-11-24 16:09:06,686] Trial 117 finished with value: 3.0 and parameters: {'x_0': 0, 'x_1': -1, 'x_2': 1, 'x_3': -1}. Best is trial 26 with value: 0.0.
[I 2024-11-24 16:09:06,721] Trial 122 finished with value: 6.0 and parameters: {'x_0': 1, 'x_1': 0, 'x_2': 1, 'x_3': -2}. Best is trial 21 with value: 0.0.
[I 2024-11-24 16:09:06,732] Trial 108 finished with value: 9.0 and parameters: {'x_0': -3, 'x_1': 0, 'x_2': 0, 'x_3': 0}. Best is trial 99 with value: 0.0.
[I 2024-11-24 16:09:06,743] Trial 114 finished with value: 8.0 and parameters: {'x_0': 0, 'x_1': 0, 'x_2': -2, 'x_3': -2}. Best is trial 42 with value: 1.0.
[I 2024-11-24 16:09:06,765] Trial 119 finished with value: 11.0 and parameters: {'x_0': 0, 'x_1': 1, 'x_2': 1, 'x_3': 3}. Best is trial 16 with value: 0.0.
[I 2024-11-24 16:09:06,829] Trial 120 finished with value: 7.0 and parameters: {'x_0': 1, 'x_1': -1, 'x_2': 2, 'x_3': 1}. Best is trial 25 with value: 0.0.
[I 2024-11-24 16:09:06,836] Trial 113 finished with value: 2.0 and parameters: {'x_0': 0, 'x_1': 0, 'x_2': -1, 'x_3': -1}. Best is trial 41 with value: 0.0.
[I 2024-11-24 16:09:06,859] Trial 124 finished with value: 5.0 and parameters: {'x_0': 0, 'x_1': -2, 'x_2': 1, 'x_3': 0}. Best is trial 32 with value: 1.0.
[I 2024-11-24 16:09:06,881] Trial 118 finished with value: 3.0 and parameters: {'x_0': 0, 'x_1': 1, 'x_2': 1, 'x_3': -1}. Best is trial 26 with value: 0.0.
[I 2024-11-24 16:09:06,901] Trial 118 finished with value: 8.0 and parameters: {'x_0': 0, 'x_1': -2, 'x_2': 2, 'x_3': 0}. Best is trial 29 with value: 0.0.
[I 2024-11-24 16:09:06,923] Trial 123 finished with value: 6.0 and parameters: {'x_0': 0, 'x_1': 1, 'x_2': -1, 'x_3': -2}. Best is trial 21 with value: 0.0.
[I 2024-11-24 16:09:06,939] Trial 109 finished with value: 9.0 and parameters: {'x_0': 0, 'x_1': 0, 'x_2': 0, 'x_3': -3}. Best is trial 99 with value: 0.0.
[I 2024-11-24 16:09:06,957] Trial 115 finished with value: 10.0 and parameters: {'x_0': 0, 'x_1': 0, 'x_2': -1, 'x_3': 3}. Best is trial 42 with value: 1.0.
[I 2024-11-24 16:09:06,967] Trial 120 finished with value: 8.0 and parameters: {'x_0': 0, 'x_1': 0, 'x_2': -2, 'x_3': -2}. Best is trial 16 with value: 0.0.
[I 2024-11-24 16:09:07,057] Trial 119 finished with value: 7.0 and parameters: {'x_0': 1, 'x_1': 1, 'x_2': 1, 'x_3': 2}. Best is trial 29 with value: 0.0.
[I 2024-11-24 16:09:07,083] Trial 125 finished with value: 11.0 and parameters: {'x_0': 0, 'x_1': -1, 'x_2': 1, 'x_3': 3}. Best is trial 32 with value: 1.0.
[I 2024-11-24 16:09:07,095] Trial 112 finished with value: 10.0 and parameters: {'x_0': -3, 'x_1': 0, 'x_2': -1, 'x_3': 0}. Best is trial 56 with value: 0.0.
[I 2024-11-24 16:09:07,106] Trial 124 finished with value: 5.0 and parameters: {'x_0': -2, 'x_1': 0, 'x_2': 0, 'x_3': -1}. Best is trial 21 with value: 0.0.
[I 2024-11-24 16:09:07,106] Trial 119 finished with value: 3.0 and parameters: {'x_0': -1, 'x_1': 0, 'x_2': 1, 'x_3': 1}. Best is trial 26 with value: 0.0.
[I 2024-11-24 16:09:07,150] Trial 121 finished with value: 11.0 and parameters: {'x_0': 0, 'x_1': -1, 'x_2': 1, 'x_3': -3}. Best is trial 16 with value: 0.0.
[I 2024-11-24 16:09:07,192] Trial 121 finished with value: 8.0 and parameters: {'x_0': -2, 'x_1': 2, 'x_2': 0, 'x_3': 0}. Best is trial 25 with value: 0.0.
[I 2024-11-24 16:09:07,206] Trial 114 finished with value: 5.0 and parameters: {'x_0': 2, 'x_1': 0, 'x_2': -1, 'x_3': 0}. Best is trial 41 with value: 0.0.
[I 2024-11-24 16:09:07,232] Trial 120 finished with value: 7.0 and parameters: {'x_0': -2, 'x_1': -1, 'x_2': 1, 'x_3': -1}. Best is trial 29 with value: 0.0.
[I 2024-11-24 16:09:07,247] Trial 125 finished with value: 5.0 and parameters: {'x_0': 0, 'x_1': 2, 'x_2': 0, 'x_3': -1}. Best is trial 21 with value: 0.0.
[I 2024-11-24 16:09:07,259] Trial 113 finished with value: 6.0 and parameters: {'x_0': 2, 'x_1': 0, 'x_2': 1, 'x_3': -1}. Best is trial 56 with value: 0.0.
[I 2024-11-24 16:09:07,326] Trial 120 finished with value: 3.0 and parameters: {'x_0': -1, 'x_1': 0, 'x_2': -1, 'x_3': -1}. Best is trial 26 with value: 0.0.
[I 2024-11-24 16:09:07,334] Trial 122 finished with value: 6.0 and parameters: {'x_0': 0, 'x_1': 1, 'x_2': -1, 'x_3': 2}. Best is trial 16 with value: 0.0.
[I 2024-11-24 16:09:07,339] Trial 116 finished with value: 3.0 and parameters: {'x_0': 1, 'x_1': -1, 'x_2': 1, 'x_3': 0}. Best is trial 42 with value: 1.0.
[I 2024-11-24 16:09:07,380] Trial 110 finished with value: 10.0 and parameters: {'x_0': 3, 'x_1': 0, 'x_2': 0, 'x_3': -1}. Best is trial 99 with value: 0.0.
[I 2024-11-24 16:09:07,403] Trial 122 finished with value: 6.0 and parameters: {'x_0': 1, 'x_1': 0, 'x_2': -1, 'x_3': -2}. Best is trial 25 with value: 0.0.
[I 2024-11-24 16:09:07,408] Trial 121 finished with value: 10.0 and parameters: {'x_0': 0, 'x_1': 0, 'x_2': 1, 'x_3': 3}. Best is trial 29 with value: 0.0.
[I 2024-11-24 16:09:07,441] Trial 115 finished with value: 5.0 and parameters: {'x_0': 0, 'x_1': 0, 'x_2': -1, 'x_3': -2}. Best is trial 41 with value: 0.0.
[I 2024-11-24 16:09:07,446] Trial 126 finished with value: 11.0 and parameters: {'x_0': 0, 'x_1': 1, 'x_2': -1, 'x_3': 3}. Best is trial 32 with value: 1.0.
[I 2024-11-24 16:09:07,462] Trial 114 finished with value: 4.0 and parameters: {'x_0': -1, 'x_1': -1, 'x_2': -1, 'x_3': 1}. Best is trial 56 with value: 0.0.
[I 2024-11-24 16:09:07,533] Trial 123 finished with value: 9.0 and parameters: {'x_0': 0, 'x_1': 2, 'x_2': -1, 'x_3': -2}. Best is trial 16 with value: 0.0.
[I 2024-11-24 16:09:07,537] Trial 121 finished with value: 5.0 and parameters: {'x_0': 0, 'x_1': -1, 'x_2': 0, 'x_3': -2}. Best is trial 26 with value: 0.0.
[I 2024-11-24 16:09:07,539] Trial 126 finished with value: 2.0 and parameters: {'x_0': -1, 'x_1': 0, 'x_2': 0, 'x_3': 1}. Best is trial 21 with value: 0.0.
[I 2024-11-24 16:09:07,559] Trial 117 finished with value: 9.0 and parameters: {'x_0': 0, 'x_1': 2, 'x_2': -2, 'x_3': 1}. Best is trial 42 with value: 1.0.
[I 2024-11-24 16:09:07,572] Trial 111 finished with value: 5.0 and parameters: {'x_0': 1, 'x_1': 0, 'x_2': 0, 'x_3': -2}. Best is trial 99 with value: 0.0.
[I 2024-11-24 16:09:07,573] Trial 122 finished with value: 2.0 and parameters: {'x_0': -1, 'x_1': 0, 'x_2': 1, 'x_3': 0}. Best is trial 29 with value: 0.0.
