[I 2024-11-24 16:09:07,612] Trial 123 finished with value: 7.0 and parameters: {'x_0': -1, 'x_1': -1, 'x_2': -2, 'x_3': 1}. Best is trial 25 with value: 0.0.
[I 2024-11-24 16:09:07,637] Trial 116 finished with value: 3.0 and parameters: {'x_0': 1, 'x_1': 0, 'x_2': -1, 'x_3': 1}. Best is trial 41 with value: 0.0.
[I 2024-11-24 16:09:07,688] Trial 124 finished with value: 9.0 and parameters: {'x_0': 0, 'x_1': 2, 'x_2': 1, 'x_3': 2}. Best is trial 16 with value: 0.0.
[I 2024-11-24 16:09:07,715] Trial 122 finished with value: 5.0 and parameters: {'x_0': 0, 'x_1': 0, 'x_2': 1, 'x_3': -2}. Best is trial 26 with value: 0.0.
[I 2024-11-24 16:09:07,719] Trial 118 finished with value: 5.0 and parameters: {'x_0': 0, 'x_1': -1, 'x_2': -2, 'x_3': 0}. Best is trial 42 with value: 1.0.
[I 2024-11-24 16:09:07,734] Trial 112 finished with value: 5.0 and parameters: {'x_0': 0, 'x_1': 0, 'x_2': 2, 'x_3': 1}. Best is trial 99 with value: 0.0.
[I 2024-11-24 16:09:07,761] Trial 123 finished with value: 5.0 and parameters: {'x_0': 0, 'x_1': 0, 'x_2': -2, 'x_3': 1}. Best is trial 29 with value: 0.0.
[I 2024-11-24 16:09:07,821] Trial 127 finished with value: 6.0 and parameters: {'x_0': 0, 'x_1': -1, 'x_2': -1, 'x_3': 2}. Best is trial 32 with value: 1.0.
[I 2024-11-24 16:09:07,857] Trial 115 finished with value: 5.0 and parameters: {'x_0': 1, 'x_1': 0, 'x_2': -2, 'x_3': 0}. Best is trial 56 with value: 0.0.
[I 2024-11-24 16:09:07,864] Trial 127 finished with value: 2.0 and parameters: {'x_0': -1, 'x_1': 0, 'x_2': 0, 'x_3': -1}. Best is trial 21 with value: 0.0.
[I 2024-11-24 16:09:07,869] Trial 125 finished with value: 9.0 and parameters: {'x_0': 0, 'x_1': -2, 'x_2': -1, 'x_3': -2}. Best is trial 16 with value: 0.0.
[I 2024-11-24 16:09:07,933] Trial 124 finished with value: 15.0 and parameters: {'x_0': 3, 'x_1': -2, 'x_2': -1, 'x_3': -1}. Best is trial 29 with value: 0.0.
[I 2024-11-24 16:09:07,939] Trial 123 finished with value: 11.0 and parameters: {'x_0': 0, 'x_1': -1, 'x_2': 1, 'x_3': 3}. Best is trial 26 with value: 0.0.
[I 2024-11-24 16:09:07,964] Trial 124 finished with value: 11.0 and parameters: {'x_0': 3, 'x_1': -1, 'x_2': -1, 'x_3': 0}. Best is trial 25 with value: 0.0.
[I 2024-11-24 16:09:08,022] Trial 117 finished with value: 5.0 and parameters: {'x_0': -2, 'x_1': 0, 'x_2': -1, 'x_3': 0}. Best is trial 41 with value: 0.0.
[I 2024-11-24 16:09:08,032] Trial 116 finished with value: 4.0 and parameters: {'x_0': -1, 'x_1': -1, 'x_2': -1, 'x_3': -1}. Best is trial 56 with value: 0.0.
[I 2024-11-24 16:09:08,081] Trial 113 finished with value: 5.0 and parameters: {'x_0': 0, 'x_1': 0, 'x_2': -2, 'x_3': 1}. Best is trial 99 with value: 0.0.
[I 2024-11-24 16:09:08,102] Trial 119 finished with value: 9.0 and parameters: {'x_0': 0, 'x_1': 2, 'x_2': -1, 'x_3': -2}. Best is trial 42 with value: 1.0.
[I 2024-11-24 16:09:08,112] Trial 125 finished with value: 3.0 and parameters: {'x_0': 0, 'x_1': -1, 'x_2': -1, 'x_3': 1}. Best is trial 29 with value: 0.0.
[I 2024-11-24 16:09:08,115] Trial 128 finished with value: 6.0 and parameters: {'x_0': 0, 'x_1': 1, 'x_2': 1, 'x_3': 2}. Best is trial 32 with value: 1.0.
[I 2024-11-24 16:09:08,153] Trial 126 finished with value: 14.0 and parameters: {'x_0': 0, 'x_1': 2, 'x_2': 3, 'x_3': 1}. Best is trial 16 with value: 0.0.
[I 2024-11-24 16:09:08,171] Trial 125 finished with value: 5.0 and parameters: {'x_0': 1, 'x_1': 0, 'x_2': 0, 'x_3': 2}. Best is trial 25 with value: 0.0.
[I 2024-11-24 16:09:08,176] Trial 128 finished with value: 1.0 and parameters: {'x_0': -1, 'x_1': 0, 'x_2': 0, 'x_3': 0}. Best is trial 21 with value: 0.0.
[I 2024-11-24 16:09:08,193] Trial 124 finished with value: 1.0 and parameters: {'x_0': -1, 'x_1': 0, 'x_2': 0, 'x_3': 0}. Best is trial 26 with value: 0.0.
[I 2024-11-24 16:09:08,206] Trial 118 finished with value: 3.0 and parameters: {'x_0': -1, 'x_1': 0, 'x_2': -1, 'x_3': 1}. Best is trial 41 with value: 0.0.
[I 2024-11-24 16:09:08,230] Trial 117 finished with value: 5.0 and parameters: {'x_0': 1, 'x_1': 0, 'x_2': 2, 'x_3': 0}. Best is trial 56 with value: 0.0.
[I 2024-11-24 16:09:08,274] Trial 114 finished with value: 6.0 and parameters: {'x_0': 1, 'x_1': 0, 'x_2': -2, 'x_3': -1}. Best is trial 99 with value: 0.0.
[I 2024-11-24 16:09:08,288] Trial 120 finished with value: 11.0 and parameters: {'x_0': 3, 'x_1': 1, 'x_2': -1, 'x_3': 0}. Best is trial 42 with value: 1.0.
[I 2024-11-24 16:09:08,379] Trial 119 finished with value: 3.0 and parameters: {'x_0': 1, 'x_1': 0, 'x_2': -1, 'x_3': -1}. Best is trial 41 with value: 0.0.
[I 2024-11-24 16:09:08,404] Trial 125 finished with value: 2.0 and parameters: {'x_0': -1, 'x_1': 0, 'x_2': 0, 'x_3': 1}. Best is trial 26 with value: 0.0.
[I 2024-11-24 16:09:08,435] Trial 129 finished with value: 11.0 and parameters: {'x_0': 3, 'x_1': -1, 'x_2': -1, 'x_3': 0}. Best is trial 32 with value: 1.0.
[I 2024-11-24 16:09:08,436] Trial 127 finished with value: 2.0 and parameters: {'x_0': -1, 'x_1': 0, 'x_2': 0, 'x_3': 1}. Best is trial 16 with value: 0.0.
[I 2024-11-24 16:09:08,441] Trial 115 finished with value: 6.0 and parameters: {'x_0': 1, 'x_1': 0, 'x_2': 2, 'x_3': -1}. Best is trial 99 with value: 0.0.
[I 2024-11-24 16:09:08,449] Trial 126 finished with value: 6.0 and parameters: {'x_0': 0, 'x_1': -1, 'x_2': -1, 'x_3': -2}. Best is trial 29 with value: 0.0.
[I 2024-11-24 16:09:08,468] Trial 118 finished with value: 6.0 and parameters: {'x_0': -2, 'x_1': 0, 'x_2': 1, 'x_3': 1}. Best is trial 56 with value: 0.0.
[I 2024-11-24 16:09:08,473] Trial 129 finished with value: 5.0 and parameters: {'x_0': -1, 'x_1': 0, 'x_2': 0, 'x_3': 2}. Best is trial 21 with value: 0.0.
[I 2024-11-24 16:09:08,484] Trial 126 finished with value: 10.0 and parameters: {'x_0': 1, 'x_1': 0, 'x_2': -3, 'x_3': 0}. Best is trial 25 with value: 0.0.
[I 2024-11-24 16:09:08,514] Trial 121 finished with value: 3.0 and parameters: {'x_0': 1, 'x_1': 0, 'x_2': -1, 'x_3': -1}. Best is trial 42 with value: 1.0.
[I 2024-11-24 16:09:08,608] Trial 119 finished with value: 5.0 and parameters: {'x_0': -2, 'x_1': 0, 'x_2': 0, 'x_3': -1}. Best is trial 56 with value: 0.0.
[I 2024-11-24 16:09:08,633] Trial 126 finished with value: 5.0 and parameters: {'x_0': -1, 'x_1': 0, 'x_2': 0, 'x_3': 2}. Best is trial 26 with value: 0.0.
[I 2024-11-24 16:09:08,647] Trial 128 finished with value: 14.0 and parameters: {'x_0': 0, 'x_1': -3, 'x_2': -2, 'x_3': 1}. Best is trial 16 with value: 0.0.
[I 2024-11-24 16:09:08,688] Trial 127 finished with value: 6.0 and parameters: {'x_0': 0, 'x_1': -1, 'x_2': 1, 'x_3': -2}. Best is trial 29 with value: 0.0.
[I 2024-11-24 16:09:08,697] Trial 130 finished with value: 12.0 and parameters: {'x_0': -1, 'x_1': 1, 'x_2': 1, 'x_3': -3}. Best is trial 32 with value: 1.0.
[I 2024-11-24 16:09:08,717] Trial 116 finished with value: 10.0 and parameters: {'x_0': -1, 'x_1': 0, 'x_2': 0, 'x_3': 3}. Best is trial 99 with value: 0.0.
[I 2024-11-24 16:09:08,727] Trial 120 finished with value: 6.0 and parameters: {'x_0': 1, 'x_1': -2, 'x_2': -1, 'x_3': 0}. Best is trial 41 with value: 0.0.
[I 2024-11-24 16:09:08,738] Trial 130 finished with value: 2.0 and parameters: {'x_0': -1, 'x_1': 0, 'x_2': 1, 'x_3': 0}. Best is trial 21 with value: 0.0.
[I 2024-11-24 16:09:08,765] Trial 122 finished with value: 2.0 and parameters: {'x_0': 1, 'x_1': 1, 'x_2': 0, 'x_3': 0}. Best is trial 42 with value: 1.0.
[I 2024-11-24 16:09:08,769] Trial 120 finished with value: 11.0 and parameters: {'x_0': -1, 'x_1': 0, 'x_2': 1, 'x_3': -3}. Best is trial 56 with value: 0.0.
[I 2024-11-24 16:09:08,894] Trial 121 finished with value: 5.0 and parameters: {'x_0': 0, 'x_1': 0, 'x_2': -1, 'x_3': 2}. Best is trial 41 with value: 0.0.
[I 2024-11-24 16:09:08,899] Trial 117 finished with value: 6.0 and parameters: {'x_0': -1, 'x_1': -1, 'x_2': -2, 'x_3': 0}. Best is trial 99 with value: 0.0.
[I 2024-11-24 16:09:08,921] Trial 127 finished with value: 11.0 and parameters: {'x_0': 1, 'x_1': 0, 'x_2': 1, 'x_3': 3}. Best is trial 25 with value: 0.0.
[I 2024-11-24 16:09:08,942] Trial 127 finished with value: 6.0 and parameters: {'x_0': 1, 'x_1': 0, 'x_2': -1, 'x_3': 2}. Best is trial 26 with value: 0.0.
[I 2024-11-24 16:09:08,945] Trial 123 finished with value: 11.0 and parameters: {'x_0': -3, 'x_1': -1, 'x_2': 1, 'x_3': 0}. Best is trial 42 with value: 1.0.
[I 2024-11-24 16:09:08,970] Trial 131 finished with value: 7.0 and parameters: {'x_0': 1, 'x_1': -1, 'x_2': 1, 'x_3': -2}. Best is trial 32 with value: 1.0.
[I 2024-11-24 16:09:08,971] Trial 129 finished with value: 4.0 and parameters: {'x_0': 0, 'x_1': 0, 'x_2': 2, 'x_3': 0}. Best is trial 16 with value: 0.0.
[I 2024-11-24 16:09:08,995] Trial 131 finished with value: 3.0 and parameters: {'x_0': -1, 'x_1': 0, 'x_2': 1, 'x_3': 1}. Best is trial 21 with value: 0.0.
[I 2024-11-24 16:09:09,005] Trial 128 finished with value: 9.0 and parameters: {'x_0': 0, 'x_1': 2, 'x_2': -1, 'x_3': -2}. Best is trial 29 with value: 0.0.
[I 2024-11-24 16:09:09,054] Trial 122 finished with value: 11.0 and parameters: {'x_0': 0, 'x_1': -1, 'x_2': -1, 'x_3': 3}. Best is trial 41 with value: 0.0.
[I 2024-11-24 16:09:09,056] Trial 118 finished with value: 15.0 and parameters: {'x_0': 1, 'x_1': -2, 'x_2': -3, 'x_3': -1}. Best is trial 99 with value: 0.0.
[I 2024-11-24 16:09:09,063] Trial 121 finished with value: 11.0 and parameters: {'x_0': 3, 'x_1': -1, 'x_2': -1, 'x_3': 0}. Best is trial 56 with value: 0.0.
[I 2024-11-24 16:09:09,154] Trial 124 finished with value: 2.0 and parameters: {'x_0': -1, 'x_1': 1, 'x_2': 0, 'x_3': 0}. Best is trial 42 with value: 1.0.
[I 2024-11-24 16:09:09,224] Trial 128 finished with value: 3.0 and parameters: {'x_0': 0, 'x_1': -1, 'x_2': -1, 'x_3': -1}. Best is trial 26 with value: 0.0.
[I 2024-11-24 16:09:09,224] Trial 122 finished with value: 10.0 and parameters: {'x_0': -1, 'x_1': 0, 'x_2': 0, 'x_3': 3}. Best is trial 56 with value: 0.0.
[I 2024-11-24 16:09:09,237] Trial 132 finished with value: 7.0 and parameters: {'x_0': 1, 'x_1': 1, 'x_2': -1, 'x_3': -2}. Best is trial 32 with value: 1.0.
[I 2024-11-24 16:09:09,238] Trial 130 finished with value: 5.0 and parameters: {'x_0': 0, 'x_1': 0, 'x_2': 2, 'x_3': 1}. Best is trial 16 with value: 0.0.
[I 2024-11-24 16:09:09,244] Trial 128 finished with value: 9.0 and parameters: {'x_0': 0, 'x_1': 0, 'x_2': 0, 'x_3': -3}. Best is trial 25 with value: 0.0.
[I 2024-11-24 16:09:09,286] Trial 129 finished with value: 2.0 and parameters: {'x_0': -1, 'x_1': 0, 'x_2': 0, 'x_3': -1}. Best is trial 29 with value: 0.0.
[I 2024-11-24 16:09:09,302] Trial 132 finished with value: 5.0 and parameters: {'x_0': -2, 'x_1': 0, 'x_2': 1, 'x_3': 0}. Best is trial 21 with value: 0.0.
[I 2024-11-24 16:09:09,327] Trial 123 finished with value: 3.0 and parameters: {'x_0': -1, 'x_1': 0, 'x_2': -1, 'x_3': -1}. Best is trial 41 with value: 0.0.
[I 2024-11-24 16:09:09,375] Trial 123 finished with value: 10.0 and parameters: {'x_0': -1, 'x_1': 0, 'x_2': -3, 'x_3': 0}. Best is trial 56 with value: 0.0.
[I 2024-11-24 16:09:09,391] Trial 119 finished with value: 6.0 and parameters: {'x_0': -1, 'x_1': -1, 'x_2': 2, 'x_3': 0}. Best is trial 99 with value: 0.0.
[I 2024-11-24 16:09:09,476] Trial 125 finished with value: 3.0 and parameters: {'x_0': -1, 'x_1': 1, 'x_2': 0, 'x_3': -1}. Best is trial 42 with value: 1.0.
[I 2024-11-24 16:09:09,489] Trial 124 finished with value: 6.0 and parameters: {'x_0': 0, 'x_1': -1, 'x_2': 1, 'x_3': -2}. Best is trial 41 with value: 0.0.
[I 2024-11-24 16:09:09,507] Trial 133 finished with value: 1.0 and parameters: {'x_0': 0, 'x_1': 0, 'x_2': 1, 'x_3': 0}. Best is trial 32 with value: 1.0.
[I 2024-11-24 16:09:09,519] Trial 131 finished with value: 5.0 and parameters: {'x_0': 0, 'x_1': 1, 'x_2': 2, 'x_3': 0}. Best is trial 16 with value: 0.0.
[I 2024-11-24 16:09:09,521] Trial 129 finished with value: 11.0 and parameters: {'x_0': -1, 'x_1': 1, 'x_2': 0, 'x_3': 3}. Best is trial 26 with value: 0.0.
[I 2024-11-24 16:09:09,551] Trial 120 finished with value: 4.0 and parameters: {'x_0': 1, 'x_1': -1, 'x_2': -1, 'x_3': 1}. Best is trial 99 with value: 0.0.
[I 2024-11-24 16:09:09,555] Trial 129 finished with value: 8.0 and parameters: {'x_0': 2, 'x_1': 0, 'x_2': 2, 'x_3': 0}. Best is trial 25 with value: 0.0.
[I 2024-11-24 16:09:09,561] Trial 133 finished with value: 3.0 and parameters: {'x_0': -1, 'x_1': 0, 'x_2': 1, 'x_3': -1}. Best is trial 21 with value: 0.0.
[I 2024-11-24 16:09:09,625] Trial 130 finished with value: 6.0 and parameters: {'x_0': 0, 'x_1': -1, 'x_2': -1, 'x_3': 2}. Best is trial 29 with value: 0.0.
[I 2024-11-24 16:09:09,654] Trial 125 finished with value: 10.0 and parameters: {'x_0': 0, 'x_1': 1, 'x_2': 0, 'x_3': -3}. Best is trial 41 with value: 0.0.
[I 2024-11-24 16:09:09,705] Trial 124 finished with value: 6.0 and parameters: {'x_0': -1, 'x_1': 0, 'x_2': -1, 'x_3': 2}. Best is trial 56 with value: 0.0.
[I 2024-11-24 16:09:09,755] Trial 121 finished with value: 2.0 and parameters: {'x_0': 1, 'x_1': -1, 'x_2': 0, 'x_3': 0}. Best is trial 99 with value: 0.0.
[I 2024-11-24 16:09:09,762] Trial 132 finished with value: 6.0 and parameters: {'x_0': 0, 'x_1': 1, 'x_2': 2, 'x_3': 1}. Best is trial 16 with value: 0.0.
[I 2024-11-24 16:09:09,763] Trial 126 finished with value: 10.0 and parameters: {'x_0': -3, 'x_1': 1, 'x_2': 0, 'x_3': 0}. Best is trial 42 with value: 1.0.
[I 2024-11-24 16:09:09,784] Trial 130 finished with value: 1.0 and parameters: {'x_0': 1, 'x_1': 0, 'x_2': 0, 'x_3': 0}. Best is trial 26 with value: 0.0.
[I 2024-11-24 16:09:09,787] Trial 134 finished with value: 2.0 and parameters: {'x_0': 0, 'x_1': 0, 'x_2': 1, 'x_3': -1}. Best is trial 32 with value: 1.0.
[I 2024-11-24 16:09:09,861] Trial 134 finished with value: 5.0 and parameters: {'x_0': -1, 'x_1': 0, 'x_2': 0, 'x_3': -2}. Best is trial 21 with value: 0.0.
[I 2024-11-24 16:09:09,874] Trial 125 finished with value: 4.0 and parameters: {'x_0': 1, 'x_1': -1, 'x_2': -1, 'x_3': 1}. Best is trial 56 with value: 0.0.
[I 2024-11-24 16:09:09,925] Trial 131 finished with value: 8.0 and parameters: {'x_0': 0, 'x_1': 0, 'x_2': -2, 'x_3': 2}. Best is trial 29 with value: 0.0.
[I 2024-11-24 16:09:09,959] Trial 130 finished with value: 7.0 and parameters: {'x_0': -1, 'x_1': -1, 'x_2': -1, 'x_3': -2}. Best is trial 25 with value: 0.0.
[I 2024-11-24 16:09:10,002] Trial 133 finished with value: 8.0 and parameters: {'x_0': 0, 'x_1': 0, 'x_2': 2, 'x_3': 2}. Best is trial 16 with value: 0.0.
[I 2024-11-24 16:09:10,044] Trial 126 finished with value: 5.0 and parameters: {'x_0': 0, 'x_1': 0, 'x_2': 1, 'x_3': -2}. Best is trial 41 with value: 0.0.
[I 2024-11-24 16:09:10,066] Trial 122 finished with value: 3.0 and parameters: {'x_0': 1, 'x_1': -1, 'x_2': 0, 'x_3': 1}. Best is trial 99 with value: 0.0.
[I 2024-11-24 16:09:10,075] Trial 131 finished with value: 2.0 and parameters: {'x_0': 1, 'x_1': 0, 'x_2': 0, 'x_3': 1}. Best is trial 26 with value: 0.0.
[I 2024-11-24 16:09:10,088] Trial 135 finished with value: 2.0 and parameters: {'x_0': 0, 'x_1': 0, 'x_2': 1, 'x_3': 1}. Best is trial 32 with value: 1.0.
[I 2024-11-24 16:09:10,114] Trial 135 finished with value: 10.0 and parameters: {'x_0': -3, 'x_1': 0, 'x_2': 0, 'x_3': 1}. Best is trial 21 with value: 0.0.
[I 2024-11-24 16:09:10,122] Trial 127 finished with value: 2.0 and parameters: {'x_0': 0, 'x_1': 0, 'x_2': 1, 'x_3': 1}. Best is trial 42 with value: 1.0.
[I 2024-11-24 16:09:10,137] Trial 126 finished with value: 4.0 and parameters: {'x_0': 1, 'x_1': -1, 'x_2': -1, 'x_3': -1}. Best is trial 56 with value: 0.0.
[I 2024-11-24 16:09:10,216] Trial 123 finished with value: 3.0 and parameters: {'x_0': 1, 'x_1': -1, 'x_2': 0, 'x_3': -1}. Best is trial 99 with value: 0.0.
[I 2024-11-24 16:09:10,233] Trial 131 finished with value: 10.0 and parameters: {'x_0': 3, 'x_1': 0, 'x_2': 1, 'x_3': 0}. Best is trial 25 with value: 0.0.
[I 2024-11-24 16:09:10,235] Trial 132 finished with value: 6.0 and parameters: {'x_0': 0, 'x_1': -2, 'x_2': 1, 'x_3': 1}. Best is trial 29 with value: 0.0.
[I 2024-11-24 16:09:10,238] Trial 134 finished with value: 10.0 and parameters: {'x_0': 0, 'x_1': 0, 'x_2': -3, 'x_3': 1}. Best is trial 16 with value: 0.0.
[I 2024-11-24 16:09:10,293] Trial 127 finished with value: 10.0 and parameters: {'x_0': -3, 'x_1': 1, 'x_2': 0, 'x_3': 0}. Best is trial 41 with value: 0.0.
[I 2024-11-24 16:09:10,340] Trial 132 finished with value: 10.0 and parameters: {'x_0': 1, 'x_1': 0, 'x_2': 0, 'x_3': -3}. Best is trial 26 with value: 0.0.
[I 2024-11-24 16:09:10,349] Trial 124 finished with value: 2.0 and parameters: {'x_0': -1, 'x_1': -1, 'x_2': 0, 'x_3': 0}. Best is trial 99 with value: 0.0.
[I 2024-11-24 16:09:10,386] Trial 136 finished with value: 5.0 and parameters: {'x_0': 0, 'x_1': 0, 'x_2': 1, 'x_3': -2}. Best is trial 32 with value: 1.0.
[I 2024-11-24 16:09:10,401] Trial 136 finished with value: 10.0 and parameters: {'x_0': 3, 'x_1': 0, 'x_2': 1, 'x_3': 0}. Best is trial 21 with value: 0.0.
[I 2024-11-24 16:09:10,475] Trial 133 finished with value: 8.0 and parameters: {'x_0': 0, 'x_1': 0, 'x_2': 2, 'x_3': -2}. Best is trial 29 with value: 0.0.
[I 2024-11-24 16:09:10,483] Trial 132 finished with value: 11.0 and parameters: {'x_0': 1, 'x_1': 0, 'x_2': -1, 'x_3': -3}. Best is trial 25 with value: 0.0.
[I 2024-11-24 16:09:10,499] Trial 135 finished with value: 13.0 and parameters: {'x_0': 0, 'x_1': -2, 'x_2': 3, 'x_3': 0}. Best is trial 16 with value: 0.0.
[I 2024-11-24 16:09:10,520] Trial 127 finished with value: 5.0 and parameters: {'x_0': 2, 'x_1': 0, 'x_2': 0, 'x_3': -1}. Best is trial 56 with value: 0.0.
[I 2024-11-24 16:09:10,545] Trial 128 finished with value: 2.0 and parameters: {'x_0': 0, 'x_1': 0, 'x_2': 1, 'x_3': -1}. Best is trial 42 with value: 1.0.
[I 2024-11-24 16:09:10,563] Trial 128 finished with value: 2.0 and parameters: {'x_0': 0, 'x_1': -1, 'x_2': 0, 'x_3': 1}. Best is trial 41 with value: 0.0.
[I 2024-11-24 16:09:10,602] Trial 125 finished with value: 3.0 and parameters: {'x_0': -1, 'x_1': -1, 'x_2': 0, 'x_3': 1}. Best is trial 99 with value: 0.0.
[I 2024-11-24 16:09:10,623] Trial 137 finished with value: 5.0 and parameters: {'x_0': 0, 'x_1': 0, 'x_2': 1, 'x_3': 2}. Best is trial 32 with value: 1.0.
[I 2024-11-24 16:09:10,665] Trial 137 finished with value: 11.0 and parameters: {'x_0': -1, 'x_1': 0, 'x_2': 1, 'x_3': 3}. Best is trial 21 with value: 0.0.
[I 2024-11-24 16:09:10,706] Trial 133 finished with value: 4.0 and parameters: {'x_0': 1, 'x_1': 1, 'x_2': -1, 'x_3': 1}. Best is trial 26 with value: 0.0.
[I 2024-11-24 16:09:10,750] Trial 134 finished with value: 9.0 and parameters: {'x_0': 0, 'x_1': -1, 'x_2': 2, 'x_3': -2}. Best is trial 29 with value: 0.0.
[I 2024-11-24 16:09:10,775] Trial 136 finished with value: 0.0 and parameters: {'x_0': 0, 'x_1': 0, 'x_2': 0, 'x_3': 0}. Best is trial 16 with value: 0.0.
[I 2024-11-24 16:09:10,786] Trial 128 finished with value: 6.0 and parameters: {'x_0': 2, 'x_1': 0, 'x_2': -1, 'x_3': 1}. Best is trial 56 with value: 0.0.
[I 2024-11-24 16:09:10,815] Trial 129 finished with value: 1.0 and parameters: {'x_0': 0, 'x_1': 0, 'x_2': 1, 'x_3': 0}. Best is trial 42 with value: 1.0.
[I 2024-11-24 16:09:10,852] Trial 126 finished with value: 3.0 and parameters: {'x_0': -1, 'x_1': -1, 'x_2': 0, 'x_3': -1}. Best is trial 99 with value: 0.0.
[I 2024-11-24 16:09:10,897] Trial 138 finished with value: 10.0 and parameters: {'x_0': 0, 'x_1': 0, 'x_2': 1, 'x_3': -3}. Best is trial 32 with value: 1.0.
[I 2024-11-24 16:09:10,917] Trial 133 finished with value: 7.0 and parameters: {'x_0': 1, 'x_1': -1, 'x_2': 1, 'x_3': 2}. Best is trial 25 with value: 0.0.
[I 2024-11-24 16:09:10,929] Trial 138 finished with value: 10.0 and parameters: {'x_0': -1, 'x_1': 0, 'x_2': 0, 'x_3': -3}. Best is trial 21 with value: 0.0.
[I 2024-11-24 16:09:10,953] Trial 134 finished with value: 6.0 and parameters: {'x_0': 0, 'x_1': 1, 'x_2': 1, 'x_3': 2}. Best is trial 26 with value: 0.0.
[I 2024-11-24 16:09:10,980] Trial 129 finished with value: 10.0 and parameters: {'x_0': 0, 'x_1': -1, 'x_2': -3, 'x_3': 0}. Best is trial 41 with value: 0.0.
[I 2024-11-24 16:09:10,981] Trial 135 finished with value: 8.0 and parameters: {'x_0': 0, 'x_1': 2, 'x_2': 0, 'x_3': -2}. Best is trial 29 with value: 0.0.
[I 2024-11-24 16:09:11,013] Trial 130 finished with value: 3.0 and parameters: {'x_0': 1, 'x_1': 0, 'x_2': 1, 'x_3': 1}. Best is trial 42 with value: 1.0.
[I 2024-11-24 16:09:11,040] Trial 129 finished with value: 6.0 and parameters: {'x_0': -2, 'x_1': 0, 'x_2': -1, 'x_3': -1}. Best is trial 56 with value: 0.0.
[I 2024-11-24 16:09:11,087] Trial 127 finished with value: 5.0 and parameters: {'x_0': -2, 'x_1': -1, 'x_2': 0, 'x_3': 0}. Best is trial 99 with value: 0.0.
[I 2024-11-24 16:09:11,155] Trial 134 finished with value: 12.0 and parameters: {'x_0': -1, 'x_1': -1, 'x_2': 1, 'x_3': -3}. Best is trial 25 with value: 0.0.
[I 2024-11-24 16:09:11,173] Trial 139 finished with value: 2.0 and parameters: {'x_0': 1, 'x_1': 0, 'x_2': 1, 'x_3': 0}. Best is trial 32 with value: 1.0.
[I 2024-11-24 16:09:11,178] Trial 139 finished with value: 2.0 and parameters: {'x_0': -1, 'x_1': -1, 'x_2': 0, 'x_3': 0}. Best is trial 21 with value: 0.0.
[I 2024-11-24 16:09:11,200] Trial 135 finished with value: 4.0 and parameters: {'x_0': 1, 'x_1': 1, 'x_2': 1, 'x_3': 1}. Best is trial 26 with value: 0.0.
[I 2024-11-24 16:09:11,225] Trial 130 finished with value: 5.0 and parameters: {'x_0': 0, 'x_1': -1, 'x_2': 0, 'x_3': -2}. Best is trial 41 with value: 0.0.
[I 2024-11-24 16:09:11,227] Trial 136 finished with value: 7.0 and parameters: {'x_0': -1, 'x_1': 2, 'x_2': 1, 'x_3': 1}. Best is trial 29 with value: 0.0.
[I 2024-11-24 16:09:11,246] Trial 137 finished with value: 5.0 and parameters: {'x_0': -2, 'x_1': -1, 'x_2': 0, 'x_3': 0}. Best is trial 16 with value: 0.0.
[I 2024-11-24 16:09:11,366] Trial 130 finished with value: 6.0 and parameters: {'x_0': -1, 'x_1': -2, 'x_2': -1, 'x_3': 0}. Best is trial 56 with value: 0.0.
