[I 2024-11-24 16:13:20,585] Trial 431 finished with value: 7.0 and parameters: {'x_0': -1, 'x_1': 2, 'x_2': -1, 'x_3': 1}. Best is trial 164 with value: 0.0.
[I 2024-11-24 16:13:20,639] Trial 391 finished with value: 7.0 and parameters: {'x_0': -1, 'x_1': 2, 'x_2': -1, 'x_3': -1}. Best is trial 29 with value: 0.0.
[I 2024-11-24 16:13:20,719] Trial 410 finished with value: 14.0 and parameters: {'x_0': -3, 'x_1': -1, 'x_2': 2, 'x_3': 0}. Best is trial 41 with value: 0.0.
[I 2024-11-24 16:13:20,810] Trial 429 finished with value: 9.0 and parameters: {'x_0': -2, 'x_1': 1, 'x_2': 0, 'x_3': -2}. Best is trial 21 with value: 0.0.
[I 2024-11-24 16:13:21,094] Trial 424 finished with value: 7.0 and parameters: {'x_0': 1, 'x_1': 1, 'x_2': -1, 'x_3': -2}. Best is trial 56 with value: 0.0.
[I 2024-11-24 16:13:21,158] Trial 415 finished with value: 7.0 and parameters: {'x_0': 1, 'x_1': -1, 'x_2': -2, 'x_3': -1}. Best is trial 25 with value: 0.0.
[I 2024-11-24 16:13:21,268] Trial 418 finished with value: 11.0 and parameters: {'x_0': -1, 'x_1': -3, 'x_2': 1, 'x_3': 0}. Best is trial 26 with value: 0.0.
[I 2024-11-24 16:13:21,395] Trial 410 finished with value: 5.0 and parameters: {'x_0': 1, 'x_1': 0, 'x_2': -2, 'x_3': 0}. Best is trial 16 with value: 0.0.
[I 2024-11-24 16:13:21,848] Trial 432 finished with value: 7.0 and parameters: {'x_0': -1, 'x_1': -2, 'x_2': 1, 'x_3': 1}. Best is trial 164 with value: 0.0.
[I 2024-11-24 16:13:22,263] Trial 416 finished with value: 7.0 and parameters: {'x_0': -1, 'x_1': -1, 'x_2': 1, 'x_3': -2}. Best is trial 25 with value: 0.0.
[I 2024-11-24 16:13:22,466] Trial 411 finished with value: 13.0 and parameters: {'x_0': -3, 'x_1': 0, 'x_2': -2, 'x_3': 0}. Best is trial 16 with value: 0.0.
[I 2024-11-24 16:13:22,536] Trial 392 finished with value: 7.0 and parameters: {'x_0': 2, 'x_1': -1, 'x_2': -1, 'x_3': 1}. Best is trial 29 with value: 0.0.
[I 2024-11-24 16:13:22,912] Trial 405 finished with value: 6.0 and parameters: {'x_0': -1, 'x_1': 1, 'x_2': 2, 'x_3': 0}. Best is trial 148 with value: 0.0.
[I 2024-11-24 16:13:23,078] Trial 430 finished with value: 12.0 and parameters: {'x_0': -1, 'x_1': -1, 'x_2': 3, 'x_3': -1}. Best is trial 21 with value: 0.0.
[I 2024-11-24 16:13:23,157] Trial 412 finished with value: 6.0 and parameters: {'x_0': 0, 'x_1': -2, 'x_2': -1, 'x_3': 1}. Best is trial 99 with value: 0.0.
[I 2024-11-24 16:13:23,308] Trial 425 finished with value: 7.0 and parameters: {'x_0': -1, 'x_1': -1, 'x_2': -2, 'x_3': -1}. Best is trial 56 with value: 0.0.
[I 2024-11-24 16:13:23,366] Trial 433 finished with value: 7.0 and parameters: {'x_0': 1, 'x_1': -1, 'x_2': 2, 'x_3': -1}. Best is trial 164 with value: 0.0.
[I 2024-11-24 16:13:23,517] Trial 411 finished with value: 7.0 and parameters: {'x_0': 1, 'x_1': 1, 'x_2': -2, 'x_3': -1}. Best is trial 41 with value: 0.0.
[I 2024-11-24 16:13:23,581] Trial 412 finished with value: 6.0 and parameters: {'x_0': 1, 'x_1': 0, 'x_2': -2, 'x_3': 1}. Best is trial 16 with value: 0.0.
[I 2024-11-24 16:13:23,667] Trial 419 finished with value: 7.0 and parameters: {'x_0': 2, 'x_1': 1, 'x_2': 1, 'x_3': 1}. Best is trial 26 with value: 0.0.
[I 2024-11-24 16:13:24,134] Trial 413 finished with value: 7.0 and parameters: {'x_0': -1, 'x_1': 1, 'x_2': 2, 'x_3': 1}. Best is trial 99 with value: 0.0.
[I 2024-11-24 16:13:24,184] Trial 406 finished with value: 10.0 and parameters: {'x_0': 1, 'x_1': -2, 'x_2': 1, 'x_3': 2}. Best is trial 148 with value: 0.0.
[I 2024-11-24 16:13:24,268] Trial 431 finished with value: 9.0 and parameters: {'x_0': 2, 'x_1': 1, 'x_2': 0, 'x_3': 2}. Best is trial 21 with value: 0.0.
[I 2024-11-24 16:13:24,384] Trial 426 finished with value: 7.0 and parameters: {'x_0': -1, 'x_1': -2, 'x_2': -1, 'x_3': 1}. Best is trial 56 with value: 0.0.
[I 2024-11-24 16:13:24,390] Trial 417 finished with value: 14.0 and parameters: {'x_0': -3, 'x_1': 2, 'x_2': 1, 'x_3': 0}. Best is trial 25 with value: 0.0.
[I 2024-11-24 16:13:24,431] Trial 393 finished with value: 7.0 and parameters: {'x_0': 1, 'x_1': -1, 'x_2': 2, 'x_3': -1}. Best is trial 29 with value: 0.0.
[I 2024-11-24 16:13:24,722] Trial 412 finished with value: 14.0 and parameters: {'x_0': -1, 'x_1': 2, 'x_2': 0, 'x_3': 3}. Best is trial 41 with value: 0.0.
[I 2024-11-24 16:13:24,813] Trial 420 finished with value: 7.0 and parameters: {'x_0': 1, 'x_1': 1, 'x_2': -1, 'x_3': 2}. Best is trial 26 with value: 0.0.
[I 2024-11-24 16:13:25,397] Trial 413 finished with value: 7.0 and parameters: {'x_0': 1, 'x_1': -2, 'x_2': -1, 'x_3': 1}. Best is trial 16 with value: 0.0.
[I 2024-11-24 16:13:25,445] Trial 414 finished with value: 12.0 and parameters: {'x_0': 1, 'x_1': -1, 'x_2': 3, 'x_3': -1}. Best is trial 99 with value: 0.0.
[I 2024-11-24 16:13:25,485] Trial 407 finished with value: 7.0 and parameters: {'x_0': -1, 'x_1': 1, 'x_2': 1, 'x_3': -2}. Best is trial 148 with value: 0.0.
[I 2024-11-24 16:13:25,529] Trial 427 finished with value: 15.0 and parameters: {'x_0': -1, 'x_1': -3, 'x_2': 2, 'x_3': 1}. Best is trial 56 with value: 0.0.
[I 2024-11-24 16:13:25,695] Trial 418 finished with value: 7.0 and parameters: {'x_0': 2, 'x_1': 1, 'x_2': -1, 'x_3': -1}. Best is trial 25 with value: 0.0.
[I 2024-11-24 16:13:25,975] Trial 421 finished with value: 7.0 and parameters: {'x_0': 2, 'x_1': 1, 'x_2': -1, 'x_3': -1}. Best is trial 26 with value: 0.0.
[I 2024-11-24 16:13:26,053] Trial 434 finished with value: 7.0 and parameters: {'x_0': -2, 'x_1': -1, 'x_2': 1, 'x_3': 1}. Best is trial 164 with value: 0.0.
[I 2024-11-24 16:13:26,289] Trial 394 finished with value: 11.0 and parameters: {'x_0': 3, 'x_1': 1, 'x_2': -1, 'x_3': 0}. Best is trial 29 with value: 0.0.
[I 2024-11-24 16:13:26,558] Trial 414 finished with value: 6.0 and parameters: {'x_0': 0, 'x_1': 1, 'x_2': 1, 'x_3': 2}. Best is trial 16 with value: 0.0.
[I 2024-11-24 16:13:26,833] Trial 419 finished with value: 7.0 and parameters: {'x_0': 1, 'x_1': 1, 'x_2': -2, 'x_3': -1}. Best is trial 25 with value: 0.0.
[I 2024-11-24 16:13:26,899] Trial 432 finished with value: 12.0 and parameters: {'x_0': 1, 'x_1': 1, 'x_2': -1, 'x_3': 3}. Best is trial 21 with value: 0.0.
[I 2024-11-24 16:13:27,474] Trial 435 finished with value: 7.0 and parameters: {'x_0': 1, 'x_1': -2, 'x_2': -1, 'x_3': -1}. Best is trial 164 with value: 0.0.
[I 2024-11-24 16:13:27,539] Trial 428 finished with value: 12.0 and parameters: {'x_0': -1, 'x_1': 1, 'x_2': -3, 'x_3': 1}. Best is trial 56 with value: 0.0.
[I 2024-11-24 16:13:27,560] Trial 413 finished with value: 7.0 and parameters: {'x_0': 1, 'x_1': -2, 'x_2': 1, 'x_3': -1}. Best is trial 41 with value: 0.0.
[I 2024-11-24 16:13:27,702] Trial 408 finished with value: 14.0 and parameters: {'x_0': 1, 'x_1': 2, 'x_2': 0, 'x_3': 3}. Best is trial 148 with value: 0.0.
[I 2024-11-24 16:13:27,900] Trial 415 finished with value: 7.0 and parameters: {'x_0': 1, 'x_1': 1, 'x_2': 2, 'x_3': -1}. Best is trial 99 with value: 0.0.
[I 2024-11-24 16:13:27,941] Trial 415 finished with value: 7.0 and parameters: {'x_0': -1, 'x_1': 1, 'x_2': -1, 'x_3': 2}. Best is trial 16 with value: 0.0.
[I 2024-11-24 16:13:28,187] Trial 433 finished with value: 7.0 and parameters: {'x_0': -2, 'x_1': 1, 'x_2': -1, 'x_3': -1}. Best is trial 21 with value: 0.0.
[I 2024-11-24 16:13:28,335] Trial 422 finished with value: 7.0 and parameters: {'x_0': 2, 'x_1': -1, 'x_2': 1, 'x_3': -1}. Best is trial 26 with value: 0.0.
[I 2024-11-24 16:13:28,671] Trial 414 finished with value: 7.0 and parameters: {'x_0': 1, 'x_1': -1, 'x_2': 2, 'x_3': -1}. Best is trial 41 with value: 0.0.
[I 2024-11-24 16:13:28,774] Trial 436 finished with value: 7.0 and parameters: {'x_0': -2, 'x_1': -1, 'x_2': -1, 'x_3': -1}. Best is trial 164 with value: 0.0.
[I 2024-11-24 16:13:28,829] Trial 429 finished with value: 14.0 and parameters: {'x_0': -3, 'x_1': -2, 'x_2': -1, 'x_3': 0}. Best is trial 56 with value: 0.0.
[I 2024-11-24 16:13:29,028] Trial 409 finished with value: 7.0 and parameters: {'x_0': 1, 'x_1': -1, 'x_2': 2, 'x_3': -1}. Best is trial 148 with value: 0.0.
[I 2024-11-24 16:13:29,055] Trial 395 finished with value: 6.0 and parameters: {'x_0': -2, 'x_1': 0, 'x_2': 1, 'x_3': 1}. Best is trial 29 with value: 0.0.
[I 2024-11-24 16:13:29,163] Trial 420 finished with value: 9.0 and parameters: {'x_0': 2, 'x_1': -2, 'x_2': -1, 'x_3': 0}. Best is trial 25 with value: 0.0.
[I 2024-11-24 16:13:29,221] Trial 416 finished with value: 7.0 and parameters: {'x_0': -1, 'x_1': 1, 'x_2': 1, 'x_3': -2}. Best is trial 99 with value: 0.0.
[I 2024-11-24 16:13:29,409] Trial 434 finished with value: 7.0 and parameters: {'x_0': 1, 'x_1': -1, 'x_2': 2, 'x_3': 1}. Best is trial 21 with value: 0.0.
[I 2024-11-24 16:13:29,503] Trial 423 finished with value: 7.0 and parameters: {'x_0': 2, 'x_1': -1, 'x_2': -1, 'x_3': -1}. Best is trial 26 with value: 0.0.
[I 2024-11-24 16:13:29,756] Trial 415 finished with value: 9.0 and parameters: {'x_0': 0, 'x_1': -2, 'x_2': 1, 'x_3': 2}. Best is trial 41 with value: 0.0.
[I 2024-11-24 16:13:30,037] Trial 430 finished with value: 26.0 and parameters: {'x_0': 2, 'x_1': 3, 'x_2': 3, 'x_3': 2}. Best is trial 56 with value: 0.0.
[I 2024-11-24 16:13:30,359] Trial 417 finished with value: 7.0 and parameters: {'x_0': 2, 'x_1': 1, 'x_2': 1, 'x_3': 1}. Best is trial 99 with value: 0.0.
[I 2024-11-24 16:13:30,505] Trial 416 finished with value: 9.0 and parameters: {'x_0': 1, 'x_1': 0, 'x_2': 2, 'x_3': -2}. Best is trial 16 with value: 0.0.
[I 2024-11-24 16:13:30,542] Trial 421 finished with value: 11.0 and parameters: {'x_0': -1, 'x_1': -3, 'x_2': 0, 'x_3': -1}. Best is trial 25 with value: 0.0.
[I 2024-11-24 16:13:30,816] Trial 424 finished with value: 9.0 and parameters: {'x_0': 0, 'x_1': -2, 'x_2': 1, 'x_3': 2}. Best is trial 26 with value: 0.0.
[I 2024-11-24 16:13:31,129] Trial 396 finished with value: 7.0 and parameters: {'x_0': -1, 'x_1': -1, 'x_2': -1, 'x_3': -2}. Best is trial 29 with value: 0.0.
[I 2024-11-24 16:13:31,524] Trial 437 finished with value: 7.0 and parameters: {'x_0': -1, 'x_1': 1, 'x_2': -2, 'x_3': 1}. Best is trial 164 with value: 0.0.
[I 2024-11-24 16:13:31,602] Trial 417 finished with value: 6.0 and parameters: {'x_0': 0, 'x_1': -2, 'x_2': -1, 'x_3': 1}. Best is trial 16 with value: 0.0.
[I 2024-11-24 16:13:31,654] Trial 422 finished with value: 14.0 and parameters: {'x_0': 0, 'x_1': -2, 'x_2': -1, 'x_3': 3}. Best is trial 25 with value: 0.0.
[I 2024-11-24 16:13:31,719] Trial 410 finished with value: 14.0 and parameters: {'x_0': 3, 'x_1': -2, 'x_2': 1, 'x_3': 0}. Best is trial 148 with value: 0.0.
[I 2024-11-24 16:13:31,769] Trial 435 finished with value: 9.0 and parameters: {'x_0': -2, 'x_1': -1, 'x_2': 0, 'x_3': 2}. Best is trial 21 with value: 0.0.
[I 2024-11-24 16:13:32,319] Trial 416 finished with value: 14.0 and parameters: {'x_0': -3, 'x_1': -2, 'x_2': 0, 'x_3': 1}. Best is trial 41 with value: 0.0.
[I 2024-11-24 16:13:32,741] Trial 418 finished with value: 7.0 and parameters: {'x_0': -1, 'x_1': 1, 'x_2': -1, 'x_3': 2}. Best is trial 99 with value: 0.0.
[I 2024-11-24 16:13:32,941] Trial 418 finished with value: 5.0 and parameters: {'x_0': -1, 'x_1': 2, 'x_2': 0, 'x_3': 0}. Best is trial 16 with value: 0.0.
[I 2024-11-24 16:13:32,971] Trial 438 finished with value: 7.0 and parameters: {'x_0': -2, 'x_1': 1, 'x_2': -1, 'x_3': 1}. Best is trial 164 with value: 0.0.
[I 2024-11-24 16:13:33,062] Trial 436 finished with value: 7.0 and parameters: {'x_0': -1, 'x_1': 1, 'x_2': -2, 'x_3': 1}. Best is trial 21 with value: 0.0.
[I 2024-11-24 16:13:33,082] Trial 397 finished with value: 6.0 and parameters: {'x_0': 2, 'x_1': 0, 'x_2': -1, 'x_3': 1}. Best is trial 29 with value: 0.0.
[I 2024-11-24 16:13:33,214] Trial 411 finished with value: 7.0 and parameters: {'x_0': -2, 'x_1': -1, 'x_2': -1, 'x_3': -1}. Best is trial 148 with value: 0.0.
[I 2024-11-24 16:13:33,373] Trial 431 finished with value: 10.0 and parameters: {'x_0': 1, 'x_1': 2, 'x_2': -2, 'x_3': 1}. Best is trial 56 with value: 0.0.
[I 2024-11-24 16:13:33,475] Trial 425 finished with value: 11.0 and parameters: {'x_0': 0, 'x_1': -3, 'x_2': -1, 'x_3': -1}. Best is trial 26 with value: 0.0.
[I 2024-11-24 16:13:33,545] Trial 417 finished with value: 6.0 and parameters: {'x_0': -1, 'x_1': 1, 'x_2': -2, 'x_3': 0}. Best is trial 41 with value: 0.0.
[I 2024-11-24 16:13:34,021] Trial 419 finished with value: 7.0 and parameters: {'x_0': -1, 'x_1': -2, 'x_2': -1, 'x_3': 1}. Best is trial 99 with value: 0.0.
[I 2024-11-24 16:13:34,127] Trial 423 finished with value: 14.0 and parameters: {'x_0': -3, 'x_1': -2, 'x_2': 0, 'x_3': 1}. Best is trial 25 with value: 0.0.
[I 2024-11-24 16:13:34,291] Trial 439 finished with value: 7.0 and parameters: {'x_0': -2, 'x_1': 1, 'x_2': 1, 'x_3': -1}. Best is trial 164 with value: 0.0.
[I 2024-11-24 16:13:34,369] Trial 437 finished with value: 9.0 and parameters: {'x_0': 2, 'x_1': 0, 'x_2': -1, 'x_3': 2}. Best is trial 21 with value: 0.0.
[I 2024-11-24 16:13:34,380] Trial 412 finished with value: 7.0 and parameters: {'x_0': -2, 'x_1': 1, 'x_2': 1, 'x_3': -1}. Best is trial 148 with value: 0.0.
[I 2024-11-24 16:13:34,741] Trial 432 finished with value: 9.0 and parameters: {'x_0': -2, 'x_1': -1, 'x_2': 2, 'x_3': 0}. Best is trial 56 with value: 0.0.
[I 2024-11-24 16:13:34,929] Trial 418 finished with value: 6.0 and parameters: {'x_0': -1, 'x_1': 1, 'x_2': 2, 'x_3': 0}. Best is trial 41 with value: 0.0.
[I 2024-11-24 16:13:34,985] Trial 426 finished with value: 8.0 and parameters: {'x_0': 2, 'x_1': 0, 'x_2': 0, 'x_3': 2}. Best is trial 26 with value: 0.0.
[I 2024-11-24 16:13:35,179] Trial 420 finished with value: 7.0 and parameters: {'x_0': 1, 'x_1': -1, 'x_2': 1, 'x_3': -2}. Best is trial 99 with value: 0.0.
[I 2024-11-24 16:13:35,329] Trial 398 finished with value: 6.0 and parameters: {'x_0': -2, 'x_1': 1, 'x_2': 1, 'x_3': 0}. Best is trial 29 with value: 0.0.
[I 2024-11-24 16:13:35,361] Trial 419 finished with value: 6.0 and parameters: {'x_0': -1, 'x_1': 2, 'x_2': 0, 'x_3': 1}. Best is trial 16 with value: 0.0.
[I 2024-11-24 16:13:35,542] Trial 424 finished with value: 7.0 and parameters: {'x_0': 2, 'x_1': -1, 'x_2': 1, 'x_3': 1}. Best is trial 25 with value: 0.0.
[I 2024-11-24 16:13:36,079] Trial 433 finished with value: 7.0 and parameters: {'x_0': -1, 'x_1': -1, 'x_2': 2, 'x_3': -1}. Best is trial 56 with value: 0.0.
[I 2024-11-24 16:13:36,320] Trial 427 finished with value: 7.0 and parameters: {'x_0': -1, 'x_1': 1, 'x_2': 2, 'x_3': -1}. Best is trial 26 with value: 0.0.
[I 2024-11-24 16:13:36,474] Trial 413 finished with value: 12.0 and parameters: {'x_0': 1, 'x_1': -3, 'x_2': -1, 'x_3': -1}. Best is trial 148 with value: 0.0.
[I 2024-11-24 16:13:36,592] Trial 420 finished with value: 7.0 and parameters: {'x_0': 2, 'x_1': 1, 'x_2': -1, 'x_3': -1}. Best is trial 16 with value: 0.0.
[I 2024-11-24 16:13:36,604] Trial 440 finished with value: 7.0 and parameters: {'x_0': -1, 'x_1': -2, 'x_2': -1, 'x_3': 1}. Best is trial 164 with value: 0.0.
[I 2024-11-24 16:13:36,925] Trial 425 finished with value: 7.0 and parameters: {'x_0': -2, 'x_1': 1, 'x_2': 1, 'x_3': -1}. Best is trial 25 with value: 0.0.
[I 2024-11-24 16:13:37,190] Trial 438 finished with value: 7.0 and parameters: {'x_0': 1, 'x_1': 1, 'x_2': 1, 'x_3': 2}. Best is trial 21 with value: 0.0.
[I 2024-11-24 16:13:37,437] Trial 421 finished with value: 6.0 and parameters: {'x_0': 1, 'x_1': 2, 'x_2': 1, 'x_3': 0}. Best is trial 99 with value: 0.0.
[I 2024-11-24 16:13:37,724] Trial 421 finished with value: 7.0 and parameters: {'x_0': 2, 'x_1': -1, 'x_2': 1, 'x_3': -1}. Best is trial 16 with value: 0.0.
[I 2024-11-24 16:13:37,743] Trial 414 finished with value: 26.0 and parameters: {'x_0': -2, 'x_1': 3, 'x_2': -3, 'x_3': 2}. Best is trial 148 with value: 0.0.
[I 2024-11-24 16:13:37,745] Trial 419 finished with value: 12.0 and parameters: {'x_0': 1, 'x_1': 1, 'x_2': 3, 'x_3': 1}. Best is trial 41 with value: 0.0.
[I 2024-11-24 16:13:37,822] Trial 399 finished with value: 10.0 and parameters: {'x_0': -1, 'x_1': 0, 'x_2': 0, 'x_3': -3}. Best is trial 29 with value: 0.0.
[I 2024-11-24 16:13:38,025] Trial 441 finished with value: 7.0 and parameters: {'x_0': 1, 'x_1': -2, 'x_2': 1, 'x_3': -1}. Best is trial 164 with value: 0.0.
[I 2024-11-24 16:13:38,487] Trial 434 finished with value: 6.0 and parameters: {'x_0': 1, 'x_1': 2, 'x_2': 1, 'x_3': 0}. Best is trial 56 with value: 0.0.
[I 2024-11-24 16:13:38,523] Trial 439 finished with value: 6.0 and parameters: {'x_0': -1, 'x_1': 0, 'x_2': -2, 'x_3': -1}. Best is trial 21 with value: 0.0.
[I 2024-11-24 16:13:38,824] Trial 422 finished with value: 7.0 and parameters: {'x_0': 2, 'x_1': -1, 'x_2': 1, 'x_3': -1}. Best is trial 99 with value: 0.0.
[I 2024-11-24 16:13:38,859] Trial 428 finished with value: 14.0 and parameters: {'x_0': 0, 'x_1': 2, 'x_2': 3, 'x_3': -1}. Best is trial 26 with value: 0.0.
[I 2024-11-24 16:13:39,295] Trial 420 finished with value: 6.0 and parameters: {'x_0': 1, 'x_1': -1, 'x_2': -2, 'x_3': 0}. Best is trial 41 with value: 0.0.
[I 2024-11-24 16:13:39,507] Trial 415 finished with value: 4.0 and parameters: {'x_0': 0, 'x_1': 2, 'x_2': 0, 'x_3': 0}. Best is trial 148 with value: 0.0.
[I 2024-11-24 16:13:39,514] Trial 442 finished with value: 7.0 and parameters: {'x_0': 2, 'x_1': -1, 'x_2': 1, 'x_3': 1}. Best is trial 164 with value: 0.0.
[I 2024-11-24 16:13:39,637] Trial 426 finished with value: 7.0 and parameters: {'x_0': 1, 'x_1': -1, 'x_2': -1, 'x_3': -2}. Best is trial 25 with value: 0.0.
[I 2024-11-24 16:13:40,057] Trial 423 finished with value: 7.0 and parameters: {'x_0': 2, 'x_1': 1, 'x_2': -1, 'x_3': -1}. Best is trial 99 with value: 0.0.
[I 2024-11-24 16:13:40,083] Trial 435 finished with value: 14.0 and parameters: {'x_0': -3, 'x_1': 2, 'x_2': 1, 'x_3': 0}. Best is trial 56 with value: 0.0.
[I 2024-11-24 16:13:40,517] Trial 429 finished with value: 9.0 and parameters: {'x_0': 0, 'x_1': -1, 'x_2': -2, 'x_3': -2}. Best is trial 26 with value: 0.0.
[I 2024-11-24 16:13:40,658] Trial 400 finished with value: 6.0 and parameters: {'x_0': 1, 'x_1': 1, 'x_2': 0, 'x_3': -2}. Best is trial 29 with value: 0.0.
[I 2024-11-24 16:13:40,952] Trial 421 finished with value: 5.0 and parameters: {'x_0': 0, 'x_1': 1, 'x_2': 2, 'x_3': 0}. Best is trial 41 with value: 0.0.
[I 2024-11-24 16:13:41,181] Trial 422 finished with value: 6.0 and parameters: {'x_0': -2, 'x_1': -1, 'x_2': -1, 'x_3': 0}. Best is trial 16 with value: 0.0.
[I 2024-11-24 16:13:41,338] Trial 427 finished with value: 7.0 and parameters: {'x_0': 2, 'x_1': -1, 'x_2': -1, 'x_3': 1}. Best is trial 25 with value: 0.0.
[I 2024-11-24 16:13:41,554] Trial 440 finished with value: 6.0 and parameters: {'x_0': -1, 'x_1': 0, 'x_2': -2, 'x_3': 1}. Best is trial 21 with value: 0.0.
[I 2024-11-24 16:13:41,776] Trial 436 finished with value: 14.0 and parameters: {'x_0': -3, 'x_1': 0, 'x_2': -2, 'x_3': 1}. Best is trial 56 with value: 0.0.
[I 2024-11-24 16:13:42,710] Trial 428 finished with value: 9.0 and parameters: {'x_0': 2, 'x_1': 1, 'x_2': 2, 'x_3': 0}. Best is trial 25 with value: 0.0.
[I 2024-11-24 16:13:42,767] Trial 416 finished with value: 13.0 and parameters: {'x_0': 0, 'x_1': 2, 'x_2': 3, 'x_3': 0}. Best is trial 148 with value: 0.0.
[I 2024-11-24 16:13:42,776] Trial 424 finished with value: 9.0 and parameters: {'x_0': 1, 'x_1': 0, 'x_2': 2, 'x_3': 2}. Best is trial 99 with value: 0.0.
[I 2024-11-24 16:13:42,813] Trial 423 finished with value: 7.0 and parameters: {'x_0': 1, 'x_1': 2, 'x_2': -1, 'x_3': -1}. Best is trial 16 with value: 0.0.
[I 2024-11-24 16:13:42,960] Trial 441 finished with value: 5.0 and parameters: {'x_0': -1, 'x_1': 0, 'x_2': -2, 'x_3': 0}. Best is trial 21 with value: 0.0.
[I 2024-11-24 16:13:43,121] Trial 443 finished with value: 7.0 and parameters: {'x_0': -1, 'x_1': -1, 'x_2': -2, 'x_3': 1}. Best is trial 164 with value: 0.0.
[I 2024-11-24 16:13:43,133] Trial 401 finished with value: 6.0 and parameters: {'x_0': 0, 'x_1': 1, 'x_2': 2, 'x_3': -1}. Best is trial 29 with value: 0.0.
[I 2024-11-24 16:13:43,299] Trial 430 finished with value: 7.0 and parameters: {'x_0': 1, 'x_1': 2, 'x_2': 1, 'x_3': 1}. Best is trial 26 with value: 0.0.
[I 2024-11-24 16:13:43,697] Trial 422 finished with value: 5.0 and parameters: {'x_0': 0, 'x_1': 1, 'x_2': -2, 'x_3': 0}. Best is trial 41 with value: 0.0.
[I 2024-11-24 16:13:43,717] Trial 424 finished with value: 7.0 and parameters: {'x_0': 2, 'x_1': -1, 'x_2': -1, 'x_3': 1}. Best is trial 16 with value: 0.0.
[I 2024-11-24 16:13:44,156] Trial 425 finished with value: 7.0 and parameters: {'x_0': 1, 'x_1': -2, 'x_2': -1, 'x_3': 1}. Best is trial 99 with value: 0.0.
[I 2024-11-24 16:13:44,204] Trial 442 finished with value: 7.0 and parameters: {'x_0': -1, 'x_1': -1, 'x_2': -1, 'x_3': 2}. Best is trial 21 with value: 0.0.
[I 2024-11-24 16:13:44,333] Trial 417 finished with value: 5.0 and parameters: {'x_0': -1, 'x_1': 2, 'x_2': 0, 'x_3': 0}. Best is trial 148 with value: 0.0.
[I 2024-11-24 16:13:44,358] Trial 431 finished with value: 8.0 and parameters: {'x_0': -2, 'x_1': 0, 'x_2': 0, 'x_3': -2}. Best is trial 26 with value: 0.0.
[I 2024-11-24 16:13:44,462] Trial 444 finished with value: 7.0 and parameters: {'x_0': 1, 'x_1': -1, 'x_2': -1, 'x_3': -2}. Best is trial 164 with value: 0.0.
[I 2024-11-24 16:13:44,584] Trial 437 finished with value: 6.0 and parameters: {'x_0': 1, 'x_1': 1, 'x_2': 2, 'x_3': 0}. Best is trial 56 with value: 0.0.
[I 2024-11-24 16:13:45,098] Trial 429 finished with value: 7.0 and parameters: {'x_0': -2, 'x_1': 1, 'x_2': -1, 'x_3': -1}. Best is trial 25 with value: 0.0.
[I 2024-11-24 16:13:45,120] Trial 423 finished with value: 6.0 and parameters: {'x_0': 1, 'x_1': 1, 'x_2': -2, 'x_3': 0}. Best is trial 41 with value: 0.0.
[I 2024-11-24 16:13:45,552] Trial 426 finished with value: 9.0 and parameters: {'x_0': 0, 'x_1': 2, 'x_2': 1, 'x_3': 2}. Best is trial 99 with value: 0.0.
[I 2024-11-24 16:13:45,596] Trial 432 finished with value: 7.0 and parameters: {'x_0': 1, 'x_1': 1, 'x_2': -1, 'x_3': -2}. Best is trial 26 with value: 0.0.
