[I 2024-11-24 16:08:48,538] Trial 12 finished with value: 7.0 and parameters: {'x_0': 1, 'x_1': 1, 'x_2': 2, 'x_3': -1}. Best is trial 7 with value: 3.0.
[I 2024-11-24 16:08:48,548] Trial 12 finished with value: 11.0 and parameters: {'x_0': 0, 'x_1': 1, 'x_2': -3, 'x_3': 1}. Best is trial 7 with value: 3.0.
[I 2024-11-24 16:08:48,556] Trial 8 finished with value: 9.0 and parameters: {'x_0': 1, 'x_1': 2, 'x_2': 0, 'x_3': 2}. Best is trial 6 with value: 5.0.
[I 2024-11-24 16:08:48,560] Trial 6 finished with value: 2.0 and parameters: {'x_0': -1, 'x_1': 0, 'x_2': 0, 'x_3': -1}. Best is trial 6 with value: 2.0.
[I 2024-11-24 16:08:48,585] Trial 12 finished with value: 1.0 and parameters: {'x_0': 0, 'x_1': -1, 'x_2': 0, 'x_3': 0}. Best is trial 12 with value: 1.0.
[I 2024-11-24 16:08:48,592] Trial 13 finished with value: 6.0 and parameters: {'x_0': 1, 'x_1': 1, 'x_2': 0, 'x_3': -2}. Best is trial 7 with value: 3.0.
[I 2024-11-24 16:08:48,608] Trial 9 finished with value: 4.0 and parameters: {'x_0': 0, 'x_1': 2, 'x_2': 0, 'x_3': 0}. Best is trial 9 with value: 4.0.
[I 2024-11-24 16:08:48,610] Trial 13 finished with value: 11.0 and parameters: {'x_0': 0, 'x_1': -3, 'x_2': -1, 'x_3': -1}. Best is trial 7 with value: 3.0.
[I 2024-11-24 16:08:48,612] Trial 6 finished with value: 2.0 and parameters: {'x_0': 1, 'x_1': 1, 'x_2': 0, 'x_3': 0}. Best is trial 6 with value: 2.0.
[I 2024-11-24 16:08:48,619] Trial 7 finished with value: 9.0 and parameters: {'x_0': 1, 'x_1': -2, 'x_2': 0, 'x_3': -2}. Best is trial 5 with value: 9.0.
[I 2024-11-24 16:08:48,637] Trial 5 finished with value: 4.0 and parameters: {'x_0': 0, 'x_1': 0, 'x_2': -2, 'x_3': 0}. Best is trial 5 with value: 4.0.
[I 2024-11-24 16:08:48,639] Trial 6 finished with value: 4.0 and parameters: {'x_0': -2, 'x_1': 0, 'x_2': 0, 'x_3': 0}. Best is trial 6 with value: 4.0.
[I 2024-11-24 16:08:48,642] Trial 6 finished with value: 5.0 and parameters: {'x_0': -2, 'x_1': 0, 'x_2': 0, 'x_3': -1}. Best is trial 6 with value: 5.0.
[I 2024-11-24 16:08:48,660] Trial 14 finished with value: 6.0 and parameters: {'x_0': 1, 'x_1': 1, 'x_2': 0, 'x_3': 2}. Best is trial 7 with value: 3.0.
[I 2024-11-24 16:08:48,661] Trial 13 finished with value: 2.0 and parameters: {'x_0': 0, 'x_1': -1, 'x_2': 0, 'x_3': 1}. Best is trial 12 with value: 1.0.
[I 2024-11-24 16:08:48,687] Trial 10 finished with value: 13.0 and parameters: {'x_0': 3, 'x_1': 2, 'x_2': 0, 'x_3': 0}. Best is trial 9 with value: 4.0.
[I 2024-11-24 16:08:48,694] Trial 14 finished with value: 4.0 and parameters: {'x_0': 1, 'x_1': 1, 'x_2': -1, 'x_3': 1}. Best is trial 7 with value: 3.0.
[I 2024-11-24 16:08:48,732] Trial 14 finished with value: 5.0 and parameters: {'x_0': 0, 'x_1': -1, 'x_2': 0, 'x_3': -2}. Best is trial 12 with value: 1.0.
[I 2024-11-24 16:08:48,740] Trial 11 finished with value: 5.0 and parameters: {'x_0': 0, 'x_1': 2, 'x_2': -1, 'x_3': 0}. Best is trial 9 with value: 4.0.
[I 2024-11-24 16:08:48,745] Trial 15 finished with value: 4.0 and parameters: {'x_0': -1, 'x_1': 1, 'x_2': -1, 'x_3': 1}. Best is trial 7 with value: 3.0.
[I 2024-11-24 16:08:48,752] Trial 15 finished with value: 11.0 and parameters: {'x_0': 1, 'x_1': 1, 'x_2': 0, 'x_3': -3}. Best is trial 7 with value: 3.0.
[I 2024-11-24 16:08:48,791] Trial 12 finished with value: 5.0 and parameters: {'x_0': 0, 'x_1': 2, 'x_2': 0, 'x_3': -1}. Best is trial 9 with value: 4.0.
[I 2024-11-24 16:08:48,806] Trial 15 finished with value: 9.0 and parameters: {'x_0': 0, 'x_1': 3, 'x_2': 0, 'x_3': 0}. Best is trial 12 with value: 1.0.
[I 2024-11-24 16:08:48,815] Trial 16 finished with value: 7.0 and parameters: {'x_0': 2, 'x_1': 1, 'x_2': -1, 'x_3': 1}. Best is trial 7 with value: 3.0.
[I 2024-11-24 16:08:48,822] Trial 7 finished with value: 11.0 and parameters: {'x_0': -1, 'x_1': 3, 'x_2': 0, 'x_3': -1}. Best is trial 6 with value: 2.0.
[I 2024-11-24 16:08:48,851] Trial 7 finished with value: 5.0 and parameters: {'x_0': -2, 'x_1': 0, 'x_2': 1, 'x_3': 0}. Best is trial 6 with value: 4.0.
[I 2024-11-24 16:08:48,851] Trial 16 finished with value: 6.0 and parameters: {'x_0': 1, 'x_1': -2, 'x_2': 0, 'x_3': -1}. Best is trial 7 with value: 3.0.
[I 2024-11-24 16:08:48,855] Trial 7 finished with value: 14.0 and parameters: {'x_0': -2, 'x_1': 3, 'x_2': 0, 'x_3': -1}. Best is trial 6 with value: 5.0.
[I 2024-11-24 16:08:48,869] Trial 7 finished with value: 2.0 and parameters: {'x_0': -1, 'x_1': 1, 'x_2': 0, 'x_3': 0}. Best is trial 6 with value: 2.0.
[I 2024-11-24 16:08:48,878] Trial 6 finished with value: 8.0 and parameters: {'x_0': -2, 'x_1': 0, 'x_2': -2, 'x_3': 0}. Best is trial 5 with value: 4.0.
[I 2024-11-24 16:08:48,882] Trial 8 finished with value: 6.0 and parameters: {'x_0': 1, 'x_1': -1, 'x_2': 0, 'x_3': -2}. Best is trial 8 with value: 6.0.
[I 2024-11-24 16:08:48,972] Trial 13 finished with value: 5.0 and parameters: {'x_0': 0, 'x_1': 2, 'x_2': 0, 'x_3': 1}. Best is trial 9 with value: 4.0.
[I 2024-11-24 16:08:48,975] Trial 16 finished with value: 10.0 and parameters: {'x_0': 0, 'x_1': -1, 'x_2': 0, 'x_3': 3}. Best is trial 12 with value: 1.0.
[I 2024-11-24 16:08:48,987] Trial 17 finished with value: 11.0 and parameters: {'x_0': 1, 'x_1': -3, 'x_2': 0, 'x_3': -1}. Best is trial 7 with value: 3.0.
[I 2024-11-24 16:08:48,997] Trial 8 finished with value: 6.0 and parameters: {'x_0': -1, 'x_1': 1, 'x_2': 0, 'x_3': -2}. Best is trial 6 with value: 2.0.
[I 2024-11-24 16:08:48,998] Trial 7 finished with value: 5.0 and parameters: {'x_0': 0, 'x_1': 0, 'x_2': -2, 'x_3': 1}. Best is trial 5 with value: 4.0.
[I 2024-11-24 16:08:49,014] Trial 9 finished with value: 6.0 and parameters: {'x_0': -1, 'x_1': -1, 'x_2': 0, 'x_3': -2}. Best is trial 8 with value: 6.0.
[I 2024-11-24 16:08:49,015] Trial 8 finished with value: 11.0 and parameters: {'x_0': -1, 'x_1': 0, 'x_2': -3, 'x_3': -1}. Best is trial 6 with value: 2.0.
[I 2024-11-24 16:08:49,016] Trial 8 finished with value: 13.0 and parameters: {'x_0': -2, 'x_1': 0, 'x_2': -3, 'x_3': 0}. Best is trial 6 with value: 4.0.
[I 2024-11-24 16:08:49,021] Trial 17 finished with value: 4.0 and parameters: {'x_0': 1, 'x_1': 1, 'x_2': 1, 'x_3': 1}. Best is trial 7 with value: 3.0.
[I 2024-11-24 16:08:49,068] Trial 8 finished with value: 8.0 and parameters: {'x_0': -2, 'x_1': 0, 'x_2': 0, 'x_3': -2}. Best is trial 6 with value: 5.0.
[I 2024-11-24 16:08:49,068] Trial 14 finished with value: 9.0 and parameters: {'x_0': 0, 'x_1': -3, 'x_2': 0, 'x_3': 0}. Best is trial 9 with value: 4.0.
[I 2024-11-24 16:08:49,082] Trial 17 finished with value: 1.0 and parameters: {'x_0': 0, 'x_1': -1, 'x_2': 0, 'x_3': 0}. Best is trial 12 with value: 1.0.
[I 2024-11-24 16:08:49,093] Trial 9 finished with value: 5.0 and parameters: {'x_0': -2, 'x_1': -1, 'x_2': 0, 'x_3': 0}. Best is trial 6 with value: 4.0.
[I 2024-11-24 16:08:49,094] Trial 9 finished with value: 10.0 and parameters: {'x_0': -1, 'x_1': 0, 'x_2': 0, 'x_3': -3}. Best is trial 6 with value: 2.0.
[I 2024-11-24 16:08:49,109] Trial 9 finished with value: 11.0 and parameters: {'x_0': 1, 'x_1': 1, 'x_2': 0, 'x_3': 3}. Best is trial 6 with value: 2.0.
[I 2024-11-24 16:08:49,126] Trial 18 finished with value: 4.0 and parameters: {'x_0': -1, 'x_1': 1, 'x_2': 1, 'x_3': -1}. Best is trial 7 with value: 3.0.
[I 2024-11-24 16:08:49,129] Trial 10 finished with value: 10.0 and parameters: {'x_0': 1, 'x_1': -1, 'x_2': 2, 'x_3': -2}. Best is trial 8 with value: 6.0.
[I 2024-11-24 16:08:49,145] Trial 18 finished with value: 9.0 and parameters: {'x_0': 1, 'x_1': -2, 'x_2': 0, 'x_3': 2}. Best is trial 7 with value: 3.0.
[I 2024-11-24 16:08:49,169] Trial 8 finished with value: 5.0 and parameters: {'x_0': 0, 'x_1': 0, 'x_2': -2, 'x_3': -1}. Best is trial 5 with value: 4.0.
[I 2024-11-24 16:08:49,184] Trial 15 finished with value: 5.0 and parameters: {'x_0': 0, 'x_1': 2, 'x_2': 1, 'x_3': 0}. Best is trial 9 with value: 4.0.
[I 2024-11-24 16:08:49,204] Trial 9 finished with value: 13.0 and parameters: {'x_0': -2, 'x_1': 0, 'x_2': 0, 'x_3': -3}. Best is trial 6 with value: 5.0.
[I 2024-11-24 16:08:49,214] Trial 10 finished with value: 2.0 and parameters: {'x_0': -1, 'x_1': 0, 'x_2': 1, 'x_3': 0}. Best is trial 10 with value: 2.0.
[I 2024-11-24 16:08:49,216] Trial 10 finished with value: 5.0 and parameters: {'x_0': 2, 'x_1': 1, 'x_2': 0, 'x_3': 0}. Best is trial 6 with value: 2.0.
[I 2024-11-24 16:08:49,216] Trial 11 finished with value: 6.0 and parameters: {'x_0': 1, 'x_1': 1, 'x_2': 0, 'x_3': -2}. Best is trial 8 with value: 6.0.
[I 2024-11-24 16:08:49,232] Trial 10 finished with value: 2.0 and parameters: {'x_0': -1, 'x_1': 0, 'x_2': 0, 'x_3': 1}. Best is trial 6 with value: 2.0.
[I 2024-11-24 16:08:49,242] Trial 18 finished with value: 2.0 and parameters: {'x_0': 0, 'x_1': -1, 'x_2': -1, 'x_3': 0}. Best is trial 12 with value: 1.0.
[I 2024-11-24 16:08:49,254] Trial 19 finished with value: 7.0 and parameters: {'x_0': -2, 'x_1': 1, 'x_2': 1, 'x_3': -1}. Best is trial 7 with value: 3.0.
[I 2024-11-24 16:08:49,256] Trial 19 finished with value: 10.0 and parameters: {'x_0': 1, 'x_1': -2, 'x_2': 2, 'x_3': -1}. Best is trial 7 with value: 3.0.
[I 2024-11-24 16:08:49,283] Trial 16 finished with value: 13.0 and parameters: {'x_0': 0, 'x_1': 2, 'x_2': 0, 'x_3': 3}. Best is trial 9 with value: 4.0.
[I 2024-11-24 16:08:49,296] Trial 11 finished with value: 3.0 and parameters: {'x_0': -1, 'x_1': -1, 'x_2': 1, 'x_3': 0}. Best is trial 10 with value: 2.0.
[I 2024-11-24 16:08:49,301] Trial 10 finished with value: 5.0 and parameters: {'x_0': 2, 'x_1': 0, 'x_2': 0, 'x_3': -1}. Best is trial 6 with value: 5.0.
[I 2024-11-24 16:08:49,309] Trial 11 finished with value: 3.0 and parameters: {'x_0': -1, 'x_1': 1, 'x_2': 1, 'x_3': 0}. Best is trial 6 with value: 2.0.
[I 2024-11-24 16:08:49,322] Trial 9 finished with value: 5.0 and parameters: {'x_0': 1, 'x_1': 0, 'x_2': -2, 'x_3': 0}. Best is trial 5 with value: 4.0.
[I 2024-11-24 16:08:49,330] Trial 11 finished with value: 1.0 and parameters: {'x_0': -1, 'x_1': 0, 'x_2': 0, 'x_3': 0}. Best is trial 11 with value: 1.0.
[I 2024-11-24 16:08:49,355] Trial 20 finished with value: 10.0 and parameters: {'x_0': 1, 'x_1': 1, 'x_2': -2, 'x_3': -2}. Best is trial 7 with value: 3.0.
[I 2024-11-24 16:08:49,361] Trial 12 finished with value: 14.0 and parameters: {'x_0': 1, 'x_1': 3, 'x_2': 0, 'x_3': -2}. Best is trial 8 with value: 6.0.
[I 2024-11-24 16:08:49,367] Trial 20 finished with value: 2.0 and parameters: {'x_0': 0, 'x_1': 1, 'x_2': -1, 'x_3': 0}. Best is trial 20 with value: 2.0.
[I 2024-11-24 16:08:49,394] Trial 19 finished with value: 2.0 and parameters: {'x_0': 0, 'x_1': -1, 'x_2': 1, 'x_3': 0}. Best is trial 12 with value: 1.0.
[I 2024-11-24 16:08:49,395] Trial 12 finished with value: 11.0 and parameters: {'x_0': -1, 'x_1': 1, 'x_2': 3, 'x_3': 0}. Best is trial 6 with value: 2.0.
[I 2024-11-24 16:08:49,401] Trial 12 finished with value: 5.0 and parameters: {'x_0': 2, 'x_1': 0, 'x_2': 1, 'x_3': 0}. Best is trial 10 with value: 2.0.
[I 2024-11-24 16:08:49,430] Trial 17 finished with value: 2.0 and parameters: {'x_0': 1, 'x_1': 1, 'x_2': 0, 'x_3': 0}. Best is trial 17 with value: 2.0.
[I 2024-11-24 16:08:49,448] Trial 11 finished with value: 1.0 and parameters: {'x_0': 0, 'x_1': 0, 'x_2': 0, 'x_3': -1}. Best is trial 11 with value: 1.0.
[I 2024-11-24 16:08:49,449] Trial 12 finished with value: 10.0 and parameters: {'x_0': -1, 'x_1': 0, 'x_2': 0, 'x_3': 3}. Best is trial 11 with value: 1.0.
[I 2024-11-24 16:08:49,511] Trial 10 finished with value: 8.0 and parameters: {'x_0': 0, 'x_1': 0, 'x_2': -2, 'x_3': 2}. Best is trial 5 with value: 4.0.
[I 2024-11-24 16:08:49,536] Trial 12 finished with value: 2.0 and parameters: {'x_0': 0, 'x_1': 0, 'x_2': 1, 'x_3': -1}. Best is trial 11 with value: 1.0.
[I 2024-11-24 16:08:49,595] Trial 20 finished with value: 10.0 and parameters: {'x_0': 0, 'x_1': -1, 'x_2': -3, 'x_3': 0}. Best is trial 12 with value: 1.0.
[I 2024-11-24 16:08:49,609] Trial 13 finished with value: 7.0 and parameters: {'x_0': -1, 'x_1': 1, 'x_2': 1, 'x_3': -2}. Best is trial 8 with value: 6.0.
[I 2024-11-24 16:08:49,624] Trial 13 finished with value: 10.0 and parameters: {'x_0': -1, 'x_1': -3, 'x_2': 0, 'x_3': 0}. Best is trial 6 with value: 2.0.
[I 2024-11-24 16:08:49,654] Trial 18 finished with value: 3.0 and parameters: {'x_0': 1, 'x_1': 1, 'x_2': 0, 'x_3': 1}. Best is trial 17 with value: 2.0.
[I 2024-11-24 16:08:49,654] Trial 21 finished with value: 6.0 and parameters: {'x_0': -2, 'x_1': 1, 'x_2': -1, 'x_3': 0}. Best is trial 20 with value: 2.0.
[I 2024-11-24 16:08:49,690] Trial 13 finished with value: 2.0 and parameters: {'x_0': -1, 'x_1': 0, 'x_2': 1, 'x_3': 0}. Best is trial 11 with value: 1.0.
[I 2024-11-24 16:08:49,694] Trial 21 finished with value: 5.0 and parameters: {'x_0': 0, 'x_1': 1, 'x_2': 0, 'x_3': 2}. Best is trial 7 with value: 3.0.
[I 2024-11-24 16:08:49,724] Trial 13 finished with value: 6.0 and parameters: {'x_0': -1, 'x_1': 0, 'x_2': 1, 'x_3': -2}. Best is trial 10 with value: 2.0.
[I 2024-11-24 16:08:49,745] Trial 19 finished with value: 3.0 and parameters: {'x_0': 1, 'x_1': 1, 'x_2': 0, 'x_3': -1}. Best is trial 17 with value: 2.0.
[I 2024-11-24 16:08:49,748] Trial 11 finished with value: 13.0 and parameters: {'x_0': 0, 'x_1': 0, 'x_2': -2, 'x_3': 3}. Best is trial 5 with value: 4.0.
[I 2024-11-24 16:08:49,752] Trial 13 finished with value: 5.0 and parameters: {'x_0': 0, 'x_1': 0, 'x_2': -2, 'x_3': -1}. Best is trial 11 with value: 1.0.
[I 2024-11-24 16:08:49,759] Trial 22 finished with value: 3.0 and parameters: {'x_0': 0, 'x_1': -1, 'x_2': 1, 'x_3': 1}. Best is trial 20 with value: 2.0.
[I 2024-11-24 16:08:49,778] Trial 14 finished with value: 1.0 and parameters: {'x_0': 0, 'x_1': 1, 'x_2': 0, 'x_3': 0}. Best is trial 14 with value: 1.0.
[I 2024-11-24 16:08:49,793] Trial 14 finished with value: 10.0 and parameters: {'x_0': -1, 'x_1': 0, 'x_2': 3, 'x_3': 0}. Best is trial 11 with value: 1.0.
[I 2024-11-24 16:08:49,798] Trial 14 finished with value: 5.0 and parameters: {'x_0': -1, 'x_1': 0, 'x_2': 0, 'x_3': -2}. Best is trial 14 with value: 5.0.
[I 2024-11-24 16:08:49,802] Trial 22 finished with value: 9.0 and parameters: {'x_0': 2, 'x_1': 1, 'x_2': 0, 'x_3': 2}. Best is trial 7 with value: 3.0.
[I 2024-11-24 16:08:49,817] Trial 14 finished with value: 3.0 and parameters: {'x_0': -1, 'x_1': 0, 'x_2': 1, 'x_3': -1}. Best is trial 10 with value: 2.0.
[I 2024-11-24 16:08:49,833] Trial 20 finished with value: 6.0 and parameters: {'x_0': 1, 'x_1': 1, 'x_2': 0, 'x_3': -2}. Best is trial 17 with value: 2.0.
[I 2024-11-24 16:08:49,846] Trial 12 finished with value: 1.0 and parameters: {'x_0': 0, 'x_1': 0, 'x_2': -1, 'x_3': 0}. Best is trial 12 with value: 1.0.
[I 2024-11-24 16:08:49,856] Trial 23 finished with value: 4.0 and parameters: {'x_0': 1, 'x_1': -1, 'x_2': 1, 'x_3': -1}. Best is trial 20 with value: 2.0.
[I 2024-11-24 16:08:49,863] Trial 21 finished with value: 3.0 and parameters: {'x_0': 0, 'x_1': -1, 'x_2': -1, 'x_3': 1}. Best is trial 12 with value: 1.0.
[I 2024-11-24 16:08:49,879] Trial 14 finished with value: 2.0 and parameters: {'x_0': 0, 'x_1': 0, 'x_2': -1, 'x_3': -1}. Best is trial 11 with value: 1.0.
[I 2024-11-24 16:08:49,880] Trial 15 finished with value: 2.0 and parameters: {'x_0': 0, 'x_1': 1, 'x_2': -1, 'x_3': 0}. Best is trial 14 with value: 1.0.
[I 2024-11-24 16:08:49,903] Trial 15 finished with value: 3.0 and parameters: {'x_0': -1, 'x_1': 0, 'x_2': 1, 'x_3': 1}. Best is trial 11 with value: 1.0.
[I 2024-11-24 16:08:49,904] Trial 15 finished with value: 3.0 and parameters: {'x_0': -1, 'x_1': 0, 'x_2': 1, 'x_3': 1}. Best is trial 10 with value: 2.0.
[I 2024-11-24 16:08:49,919] Trial 23 finished with value: 9.0 and parameters: {'x_0': 0, 'x_1': 1, 'x_2': 2, 'x_3': 2}. Best is trial 7 with value: 3.0.
[I 2024-11-24 16:08:49,942] Trial 15 finished with value: 6.0 and parameters: {'x_0': 1, 'x_1': 0, 'x_2': 1, 'x_3': -2}. Best is trial 14 with value: 5.0.
[I 2024-11-24 16:08:49,963] Trial 13 finished with value: 2.0 and parameters: {'x_0': 1, 'x_1': 0, 'x_2': -1, 'x_3': 0}. Best is trial 12 with value: 1.0.
[I 2024-11-24 16:08:49,978] Trial 24 finished with value: 2.0 and parameters: {'x_0': 0, 'x_1': 0, 'x_2': 1, 'x_3': 1}. Best is trial 20 with value: 2.0.
[I 2024-11-24 16:08:49,996] Trial 16 finished with value: 3.0 and parameters: {'x_0': -1, 'x_1': 0, 'x_2': 1, 'x_3': -1}. Best is trial 11 with value: 1.0.
[I 2024-11-24 16:08:49,997] Trial 16 finished with value: 11.0 and parameters: {'x_0': -1, 'x_1': 0, 'x_2': 1, 'x_3': 3}. Best is trial 10 with value: 2.0.
[I 2024-11-24 16:08:49,997] Trial 16 finished with value: 5.0 and parameters: {'x_0': 0, 'x_1': 1, 'x_2': -2, 'x_3': 0}. Best is trial 14 with value: 1.0.
[I 2024-11-24 16:08:50,003] Trial 21 finished with value: 3.0 and parameters: {'x_0': 1, 'x_1': 1, 'x_2': -1, 'x_3': 0}. Best is trial 17 with value: 2.0.
[I 2024-11-24 16:08:50,013] Trial 22 finished with value: 3.0 and parameters: {'x_0': 0, 'x_1': -1, 'x_2': 1, 'x_3': 1}. Best is trial 12 with value: 1.0.
[I 2024-11-24 16:08:50,028] Trial 15 finished with value: 4.0 and parameters: {'x_0': 0, 'x_1': 0, 'x_2': 0, 'x_3': 2}. Best is trial 11 with value: 1.0.
[I 2024-11-24 16:08:50,048] Trial 24 finished with value: 5.0 and parameters: {'x_0': 0, 'x_1': 1, 'x_2': 0, 'x_3': -2}. Best is trial 7 with value: 3.0.
[I 2024-11-24 16:08:50,049] Trial 16 finished with value: 14.0 and parameters: {'x_0': -1, 'x_1': 0, 'x_2': -3, 'x_3': -2}. Best is trial 14 with value: 5.0.
[I 2024-11-24 16:08:50,069] Trial 14 finished with value: 2.0 and parameters: {'x_0': 0, 'x_1': 0, 'x_2': -1, 'x_3': 1}. Best is trial 12 with value: 1.0.
[I 2024-11-24 16:08:50,086] Trial 25 finished with value: 6.0 and parameters: {'x_0': 0, 'x_1': -2, 'x_2': 1, 'x_3': 1}. Best is trial 20 with value: 2.0.
[I 2024-11-24 16:08:50,104] Trial 22 finished with value: 2.0 and parameters: {'x_0': 1, 'x_1': -1, 'x_2': 0, 'x_3': 0}. Best is trial 17 with value: 2.0.
[I 2024-11-24 16:08:50,105] Trial 17 finished with value: 11.0 and parameters: {'x_0': -1, 'x_1': 3, 'x_2': 1, 'x_3': 0}. Best is trial 10 with value: 2.0.
[I 2024-11-24 16:08:50,126] Trial 17 finished with value: 6.0 and parameters: {'x_0': -1, 'x_1': 0, 'x_2': 1, 'x_3': -2}. Best is trial 11 with value: 1.0.
[I 2024-11-24 16:08:50,129] Trial 17 finished with value: 4.0 and parameters: {'x_0': 0, 'x_1': 2, 'x_2': 0, 'x_3': 0}. Best is trial 14 with value: 1.0.
[I 2024-11-24 16:08:50,147] Trial 16 finished with value: 0.0 and parameters: {'x_0': 0, 'x_1': 0, 'x_2': 0, 'x_3': 0}. Best is trial 16 with value: 0.0.
[I 2024-11-24 16:08:50,160] Trial 25 finished with value: 6.0 and parameters: {'x_0': -1, 'x_1': 1, 'x_2': 0, 'x_3': -2}. Best is trial 7 with value: 3.0.
[I 2024-11-24 16:08:50,174] Trial 15 finished with value: 2.0 and parameters: {'x_0': 0, 'x_1': 0, 'x_2': -1, 'x_3': -1}. Best is trial 12 with value: 1.0.
[I 2024-11-24 16:08:50,197] Trial 23 finished with value: 3.0 and parameters: {'x_0': 0, 'x_1': -1, 'x_2': -1, 'x_3': -1}. Best is trial 12 with value: 1.0.
[I 2024-11-24 16:08:50,201] Trial 17 finished with value: 7.0 and parameters: {'x_0': -1, 'x_1': -1, 'x_2': 1, 'x_3': -2}. Best is trial 14 with value: 5.0.
[I 2024-11-24 16:08:50,215] Trial 26 finished with value: 3.0 and parameters: {'x_0': -1, 'x_1': 0, 'x_2': 1, 'x_3': 1}. Best is trial 20 with value: 2.0.
[I 2024-11-24 16:08:50,215] Trial 18 finished with value: 6.0 and parameters: {'x_0': -1, 'x_1': 2, 'x_2': 1, 'x_3': 0}. Best is trial 11 with value: 1.0.
[I 2024-11-24 16:08:50,268] Trial 18 finished with value: 1.0 and parameters: {'x_0': 0, 'x_1': -1, 'x_2': 0, 'x_3': 0}. Best is trial 14 with value: 1.0.
[I 2024-11-24 16:08:50,374] Trial 18 finished with value: 7.0 and parameters: {'x_0': -2, 'x_1': -1, 'x_2': 1, 'x_3': -1}. Best is trial 10 with value: 2.0.
[I 2024-11-24 16:08:50,416] Trial 17 finished with value: 1.0 and parameters: {'x_0': 0, 'x_1': 0, 'x_2': -1, 'x_3': 0}. Best is trial 16 with value: 0.0.
[I 2024-11-24 16:08:50,420] Trial 16 finished with value: 10.0 and parameters: {'x_0': 0, 'x_1': 0, 'x_2': -1, 'x_3': -3}. Best is trial 12 with value: 1.0.
[I 2024-11-24 16:08:50,439] Trial 23 finished with value: 5.0 and parameters: {'x_0': 1, 'x_1': -2, 'x_2': 0, 'x_3': 0}. Best is trial 17 with value: 2.0.
[I 2024-11-24 16:08:50,443] Trial 26 finished with value: 8.0 and parameters: {'x_0': 0, 'x_1': -2, 'x_2': 0, 'x_3': -2}. Best is trial 7 with value: 3.0.
[I 2024-11-24 16:08:50,448] Trial 18 finished with value: 2.0 and parameters: {'x_0': -1, 'x_1': 0, 'x_2': 0, 'x_3': -1}. Best is trial 18 with value: 2.0.
[I 2024-11-24 16:08:50,464] Trial 19 finished with value: 11.0 and parameters: {'x_0': -1, 'x_1': -3, 'x_2': 1, 'x_3': 0}. Best is trial 11 with value: 1.0.
[I 2024-11-24 16:08:50,474] Trial 27 finished with value: 6.0 and parameters: {'x_0': 2, 'x_1': 0, 'x_2': 1, 'x_3': 1}. Best is trial 20 with value: 2.0.
[I 2024-11-24 16:08:50,493] Trial 24 finished with value: 3.0 and parameters: {'x_0': 0, 'x_1': -1, 'x_2': 1, 'x_3': -1}. Best is trial 12 with value: 1.0.
[I 2024-11-24 16:08:50,497] Trial 19 finished with value: 2.0 and parameters: {'x_0': 0, 'x_1': -1, 'x_2': -1, 'x_3': 0}. Best is trial 14 with value: 1.0.
[I 2024-11-24 16:08:50,534] Trial 19 finished with value: 6.0 and parameters: {'x_0': -1, 'x_1': -1, 'x_2': 2, 'x_3': 0}. Best is trial 10 with value: 2.0.
[I 2024-11-24 16:08:50,560] Trial 18 finished with value: 1.0 and parameters: {'x_0': 0, 'x_1': 0, 'x_2': 1, 'x_3': 0}. Best is trial 16 with value: 0.0.
[I 2024-11-24 16:08:50,579] Trial 17 finished with value: 5.0 and parameters: {'x_0': 0, 'x_1': 2, 'x_2': -1, 'x_3': 0}. Best is trial 12 with value: 1.0.
[I 2024-11-24 16:08:50,579] Trial 24 finished with value: 10.0 and parameters: {'x_0': 1, 'x_1': -3, 'x_2': 0, 'x_3': 0}. Best is trial 17 with value: 2.0.
[I 2024-11-24 16:08:50,596] Trial 19 finished with value: 2.0 and parameters: {'x_0': 1, 'x_1': 0, 'x_2': 0, 'x_3': -1}. Best is trial 18 with value: 2.0.
