[I 2024-11-24 16:11:21,575] Trial 326 finished with value: 6.0 and parameters: {'x_0': 0, 'x_1': -1, 'x_2': 2, 'x_3': 1}. Best is trial 41 with value: 0.0.
[I 2024-11-24 16:11:21,653] Trial 318 finished with value: 5.0 and parameters: {'x_0': 0, 'x_1': -1, 'x_2': 2, 'x_3': 0}. Best is trial 148 with value: 0.0.
[I 2024-11-24 16:11:21,818] Trial 327 finished with value: 7.0 and parameters: {'x_0': 1, 'x_1': 1, 'x_2': -2, 'x_3': 1}. Best is trial 25 with value: 0.0.
[I 2024-11-24 16:11:21,867] Trial 344 finished with value: 9.0 and parameters: {'x_0': -2, 'x_1': -2, 'x_2': 1, 'x_3': 0}. Best is trial 21 with value: 0.0.
[I 2024-11-24 16:11:21,875] Trial 331 finished with value: 9.0 and parameters: {'x_0': -1, 'x_1': 2, 'x_2': 0, 'x_3': 2}. Best is trial 56 with value: 0.0.
[I 2024-11-24 16:11:21,905] Trial 323 finished with value: 6.0 and parameters: {'x_0': 0, 'x_1': -2, 'x_2': 1, 'x_3': -1}. Best is trial 16 with value: 0.0.
[I 2024-11-24 16:11:22,026] Trial 335 finished with value: 11.0 and parameters: {'x_0': 1, 'x_1': 0, 'x_2': -1, 'x_3': 3}. Best is trial 26 with value: 0.0.
[I 2024-11-24 16:11:22,068] Trial 327 finished with value: 10.0 and parameters: {'x_0': -3, 'x_1': -1, 'x_2': 0, 'x_3': 0}. Best is trial 29 with value: 0.0.
[I 2024-11-24 16:11:22,511] Trial 327 finished with value: 6.0 and parameters: {'x_0': 0, 'x_1': -1, 'x_2': -1, 'x_3': -2}. Best is trial 41 with value: 0.0.
[I 2024-11-24 16:11:22,518] Trial 319 finished with value: 7.0 and parameters: {'x_0': -1, 'x_1': -1, 'x_2': -2, 'x_3': -1}. Best is trial 148 with value: 0.0.
[I 2024-11-24 16:11:22,572] Trial 332 finished with value: 8.0 and parameters: {'x_0': 0, 'x_1': 0, 'x_2': 2, 'x_3': 2}. Best is trial 56 with value: 0.0.
[I 2024-11-24 16:11:22,685] Trial 324 finished with value: 6.0 and parameters: {'x_0': -1, 'x_1': -2, 'x_2': 1, 'x_3': 0}. Best is trial 16 with value: 0.0.
[I 2024-11-24 16:11:22,731] Trial 328 finished with value: 6.0 and parameters: {'x_0': 0, 'x_1': -1, 'x_2': -2, 'x_3': 1}. Best is trial 25 with value: 0.0.
[I 2024-11-24 16:11:22,756] Trial 345 finished with value: 6.0 and parameters: {'x_0': 0, 'x_1': -1, 'x_2': -2, 'x_3': 1}. Best is trial 21 with value: 0.0.
[I 2024-11-24 16:11:22,854] Trial 326 finished with value: 8.0 and parameters: {'x_0': 0, 'x_1': 0, 'x_2': 2, 'x_3': 2}. Best is trial 99 with value: 0.0.
[I 2024-11-24 16:11:23,212] Trial 328 finished with value: 11.0 and parameters: {'x_0': 1, 'x_1': 1, 'x_2': -3, 'x_3': 0}. Best is trial 41 with value: 0.0.
[I 2024-11-24 16:11:23,232] Trial 350 finished with value: 9.0 and parameters: {'x_0': 0, 'x_1': 2, 'x_2': -2, 'x_3': -1}. Best is trial 164 with value: 0.0.
[I 2024-11-24 16:11:23,296] Trial 325 finished with value: 11.0 and parameters: {'x_0': -1, 'x_1': -1, 'x_2': 0, 'x_3': 3}. Best is trial 16 with value: 0.0.
[I 2024-11-24 16:11:23,368] Trial 320 finished with value: 6.0 and parameters: {'x_0': 0, 'x_1': 1, 'x_2': -1, 'x_3': -2}. Best is trial 148 with value: 0.0.
[I 2024-11-24 16:11:23,545] Trial 346 finished with value: 9.0 and parameters: {'x_0': 2, 'x_1': 2, 'x_2': -1, 'x_3': 0}. Best is trial 21 with value: 0.0.
[I 2024-11-24 16:11:23,645] Trial 327 finished with value: 6.0 and parameters: {'x_0': 1, 'x_1': 1, 'x_2': 0, 'x_3': -2}. Best is trial 99 with value: 0.0.
[I 2024-11-24 16:11:23,684] Trial 328 finished with value: 3.0 and parameters: {'x_0': 0, 'x_1': -1, 'x_2': -1, 'x_3': -1}. Best is trial 29 with value: 0.0.
[I 2024-11-24 16:11:23,920] Trial 329 finished with value: 6.0 and parameters: {'x_0': 0, 'x_1': -1, 'x_2': 2, 'x_3': 1}. Best is trial 25 with value: 0.0.
[I 2024-11-24 16:11:24,084] Trial 351 finished with value: 13.0 and parameters: {'x_0': -3, 'x_1': -2, 'x_2': 0, 'x_3': 0}. Best is trial 164 with value: 0.0.
[I 2024-11-24 16:11:24,219] Trial 336 finished with value: 11.0 and parameters: {'x_0': -1, 'x_1': 0, 'x_2': 3, 'x_3': 1}. Best is trial 26 with value: 0.0.
[I 2024-11-24 16:11:24,467] Trial 333 finished with value: 9.0 and parameters: {'x_0': 0, 'x_1': 2, 'x_2': -1, 'x_3': -2}. Best is trial 56 with value: 0.0.
[I 2024-11-24 16:11:24,510] Trial 328 finished with value: 9.0 and parameters: {'x_0': 0, 'x_1': -2, 'x_2': -2, 'x_3': 1}. Best is trial 99 with value: 0.0.
[I 2024-11-24 16:11:24,563] Trial 330 finished with value: 14.0 and parameters: {'x_0': 0, 'x_1': -2, 'x_2': -3, 'x_3': -1}. Best is trial 25 with value: 0.0.
[I 2024-11-24 16:11:24,619] Trial 329 finished with value: 18.0 and parameters: {'x_0': -2, 'x_1': -3, 'x_2': -2, 'x_3': -1}. Best is trial 41 with value: 0.0.
[I 2024-11-24 16:11:24,910] Trial 321 finished with value: 6.0 and parameters: {'x_0': 0, 'x_1': -1, 'x_2': -1, 'x_3': -2}. Best is trial 148 with value: 0.0.
[I 2024-11-24 16:11:25,119] Trial 334 finished with value: 9.0 and parameters: {'x_0': 0, 'x_1': -1, 'x_2': -2, 'x_3': 2}. Best is trial 56 with value: 0.0.
[I 2024-11-24 16:11:25,170] Trial 352 finished with value: 7.0 and parameters: {'x_0': -1, 'x_1': 2, 'x_2': 1, 'x_3': 1}. Best is trial 164 with value: 0.0.
[I 2024-11-24 16:11:25,219] Trial 326 finished with value: 6.0 and parameters: {'x_0': 1, 'x_1': -2, 'x_2': 0, 'x_3': 1}. Best is trial 16 with value: 0.0.
[I 2024-11-24 16:11:25,315] Trial 347 finished with value: 14.0 and parameters: {'x_0': 0, 'x_1': -3, 'x_2': 2, 'x_3': -1}. Best is trial 21 with value: 0.0.
[I 2024-11-24 16:11:25,328] Trial 337 finished with value: 10.0 and parameters: {'x_0': -2, 'x_1': 2, 'x_2': 1, 'x_3': 1}. Best is trial 26 with value: 0.0.
[I 2024-11-24 16:11:25,398] Trial 329 finished with value: 4.0 and parameters: {'x_0': -1, 'x_1': -1, 'x_2': -1, 'x_3': -1}. Best is trial 29 with value: 0.0.
[I 2024-11-24 16:11:25,464] Trial 331 finished with value: 7.0 and parameters: {'x_0': -1, 'x_1': -1, 'x_2': 2, 'x_3': -1}. Best is trial 25 with value: 0.0.
[I 2024-11-24 16:11:25,508] Trial 330 finished with value: 6.0 and parameters: {'x_0': 1, 'x_1': 2, 'x_2': 0, 'x_3': -1}. Best is trial 41 with value: 0.0.
[I 2024-11-24 16:11:25,712] Trial 322 finished with value: 6.0 and parameters: {'x_0': 0, 'x_1': 2, 'x_2': 1, 'x_3': 1}. Best is trial 148 with value: 0.0.
[I 2024-11-24 16:11:25,808] Trial 335 finished with value: 9.0 and parameters: {'x_0': 0, 'x_1': -2, 'x_2': 1, 'x_3': -2}. Best is trial 56 with value: 0.0.
[I 2024-11-24 16:11:25,931] Trial 327 finished with value: 12.0 and parameters: {'x_0': -1, 'x_1': 3, 'x_2': -1, 'x_3': 1}. Best is trial 16 with value: 0.0.
[I 2024-11-24 16:11:26,133] Trial 338 finished with value: 7.0 and parameters: {'x_0': -2, 'x_1': 1, 'x_2': 1, 'x_3': -1}. Best is trial 26 with value: 0.0.
[I 2024-11-24 16:11:26,261] Trial 329 finished with value: 10.0 and parameters: {'x_0': 2, 'x_1': -1, 'x_2': 2, 'x_3': 1}. Best is trial 99 with value: 0.0.
[I 2024-11-24 16:11:26,329] Trial 348 finished with value: 13.0 and parameters: {'x_0': 0, 'x_1': 2, 'x_2': 3, 'x_3': 0}. Best is trial 21 with value: 0.0.
[I 2024-11-24 16:11:26,419] Trial 323 finished with value: 7.0 and parameters: {'x_0': -2, 'x_1': -1, 'x_2': -1, 'x_3': 1}. Best is trial 148 with value: 0.0.
[I 2024-11-24 16:11:26,446] Trial 331 finished with value: 6.0 and parameters: {'x_0': 2, 'x_1': -1, 'x_2': 0, 'x_3': -1}. Best is trial 41 with value: 0.0.
[I 2024-11-24 16:11:26,817] Trial 328 finished with value: 9.0 and parameters: {'x_0': 2, 'x_1': 1, 'x_2': 2, 'x_3': 0}. Best is trial 16 with value: 0.0.
[I 2024-11-24 16:11:26,897] Trial 330 finished with value: 4.0 and parameters: {'x_0': 1, 'x_1': -1, 'x_2': -1, 'x_3': -1}. Best is trial 29 with value: 0.0.
[I 2024-11-24 16:11:26,953] Trial 353 finished with value: 10.0 and parameters: {'x_0': -3, 'x_1': 0, 'x_2': 0, 'x_3': 1}. Best is trial 164 with value: 0.0.
[I 2024-11-24 16:11:27,024] Trial 330 finished with value: 14.0 and parameters: {'x_0': -1, 'x_1': -3, 'x_2': -2, 'x_3': 0}. Best is trial 99 with value: 0.0.
[I 2024-11-24 16:11:27,276] Trial 349 finished with value: 8.0 and parameters: {'x_0': 2, 'x_1': 0, 'x_2': -2, 'x_3': 0}. Best is trial 21 with value: 0.0.
[I 2024-11-24 16:11:27,391] Trial 336 finished with value: 9.0 and parameters: {'x_0': 2, 'x_1': 0, 'x_2': -1, 'x_3': -2}. Best is trial 56 with value: 0.0.
[I 2024-11-24 16:11:27,491] Trial 332 finished with value: 7.0 and parameters: {'x_0': -2, 'x_1': 1, 'x_2': -1, 'x_3': 1}. Best is trial 25 with value: 0.0.
[I 2024-11-24 16:11:27,675] Trial 339 finished with value: 6.0 and parameters: {'x_0': -1, 'x_1': 0, 'x_2': -1, 'x_3': -2}. Best is trial 26 with value: 0.0.
[I 2024-11-24 16:11:27,842] Trial 332 finished with value: 7.0 and parameters: {'x_0': -2, 'x_1': -1, 'x_2': -1, 'x_3': -1}. Best is trial 41 with value: 0.0.
[I 2024-11-24 16:11:27,854] Trial 331 finished with value: 14.0 and parameters: {'x_0': 1, 'x_1': 2, 'x_2': -3, 'x_3': 0}. Best is trial 99 with value: 0.0.
[I 2024-11-24 16:11:28,056] Trial 354 finished with value: 21.0 and parameters: {'x_0': 2, 'x_1': -3, 'x_2': -2, 'x_3': 2}. Best is trial 164 with value: 0.0.
[I 2024-11-24 16:11:28,127] Trial 333 finished with value: 13.0 and parameters: {'x_0': 3, 'x_1': -2, 'x_2': 0, 'x_3': 0}. Best is trial 25 with value: 0.0.
[I 2024-11-24 16:11:28,168] Trial 337 finished with value: 14.0 and parameters: {'x_0': -3, 'x_1': 0, 'x_2': 2, 'x_3': -1}. Best is trial 56 with value: 0.0.
[I 2024-11-24 16:11:28,344] Trial 324 finished with value: 10.0 and parameters: {'x_0': -1, 'x_1': -2, 'x_2': 2, 'x_3': 1}. Best is trial 148 with value: 0.0.
[I 2024-11-24 16:11:28,386] Trial 331 finished with value: 6.0 and parameters: {'x_0': 1, 'x_1': -2, 'x_2': 1, 'x_3': 0}. Best is trial 29 with value: 0.0.
[I 2024-11-24 16:11:28,543] Trial 329 finished with value: 9.0 and parameters: {'x_0': 2, 'x_1': -1, 'x_2': -2, 'x_3': 0}. Best is trial 16 with value: 0.0.
[I 2024-11-24 16:11:28,553] Trial 333 finished with value: 13.0 and parameters: {'x_0': 0, 'x_1': -2, 'x_2': 3, 'x_3': 0}. Best is trial 41 with value: 0.0.
[I 2024-11-24 16:11:28,714] Trial 340 finished with value: 13.0 and parameters: {'x_0': -3, 'x_1': 0, 'x_2': 2, 'x_3': 0}. Best is trial 26 with value: 0.0.
[I 2024-11-24 16:11:28,976] Trial 338 finished with value: 12.0 and parameters: {'x_0': 1, 'x_1': -3, 'x_2': -1, 'x_3': 1}. Best is trial 56 with value: 0.0.
[I 2024-11-24 16:11:29,159] Trial 334 finished with value: 5.0 and parameters: {'x_0': 0, 'x_1': 1, 'x_2': 2, 'x_3': 0}. Best is trial 25 with value: 0.0.
[I 2024-11-24 16:11:29,163] Trial 350 finished with value: 14.0 and parameters: {'x_0': 3, 'x_1': -2, 'x_2': 0, 'x_3': 1}. Best is trial 21 with value: 0.0.
[I 2024-11-24 16:11:29,178] Trial 355 finished with value: 14.0 and parameters: {'x_0': 0, 'x_1': -2, 'x_2': -3, 'x_3': 1}. Best is trial 164 with value: 0.0.
[I 2024-11-24 16:11:29,186] Trial 325 finished with value: 6.0 and parameters: {'x_0': 0, 'x_1': -2, 'x_2': -1, 'x_3': -1}. Best is trial 148 with value: 0.0.
[I 2024-11-24 16:11:29,261] Trial 330 finished with value: 6.0 and parameters: {'x_0': -1, 'x_1': 0, 'x_2': 2, 'x_3': -1}. Best is trial 16 with value: 0.0.
[I 2024-11-24 16:11:29,402] Trial 334 finished with value: 6.0 and parameters: {'x_0': 0, 'x_1': 2, 'x_2': -1, 'x_3': -1}. Best is trial 41 with value: 0.0.
[I 2024-11-24 16:11:29,603] Trial 332 finished with value: 8.0 and parameters: {'x_0': 0, 'x_1': 0, 'x_2': -2, 'x_3': -2}. Best is trial 99 with value: 0.0.
[I 2024-11-24 16:11:29,676] Trial 341 finished with value: 7.0 and parameters: {'x_0': -1, 'x_1': -1, 'x_2': 2, 'x_3': 1}. Best is trial 26 with value: 0.0.
[I 2024-11-24 16:11:29,917] Trial 326 finished with value: 11.0 and parameters: {'x_0': 1, 'x_1': 0, 'x_2': -3, 'x_3': -1}. Best is trial 148 with value: 0.0.
[I 2024-11-24 16:11:30,133] Trial 332 finished with value: 8.0 and parameters: {'x_0': -2, 'x_1': 2, 'x_2': 0, 'x_3': 0}. Best is trial 29 with value: 0.0.
[I 2024-11-24 16:11:30,182] Trial 351 finished with value: 12.0 and parameters: {'x_0': 1, 'x_1': -3, 'x_2': -1, 'x_3': 1}. Best is trial 21 with value: 0.0.
[I 2024-11-24 16:11:30,208] Trial 331 finished with value: 10.0 and parameters: {'x_0': 1, 'x_1': -2, 'x_2': -2, 'x_3': -1}. Best is trial 16 with value: 0.0.
[I 2024-11-24 16:11:30,485] Trial 333 finished with value: 5.0 and parameters: {'x_0': 1, 'x_1': 0, 'x_2': 2, 'x_3': 0}. Best is trial 99 with value: 0.0.
[I 2024-11-24 16:11:30,576] Trial 356 finished with value: 10.0 and parameters: {'x_0': -1, 'x_1': 2, 'x_2': 2, 'x_3': 1}. Best is trial 164 with value: 0.0.
[I 2024-11-24 16:11:30,727] Trial 335 finished with value: 10.0 and parameters: {'x_0': -2, 'x_1': -2, 'x_2': 1, 'x_3': 1}. Best is trial 41 with value: 0.0.
[I 2024-11-24 16:11:30,938] Trial 339 finished with value: 9.0 and parameters: {'x_0': -1, 'x_1': -2, 'x_2': 0, 'x_3': -2}. Best is trial 56 with value: 0.0.
[I 2024-11-24 16:11:31,159] Trial 335 finished with value: 6.0 and parameters: {'x_0': -1, 'x_1': 1, 'x_2': 2, 'x_3': 0}. Best is trial 25 with value: 0.0.
[I 2024-11-24 16:11:31,412] Trial 352 finished with value: 11.0 and parameters: {'x_0': 1, 'x_1': 0, 'x_2': -3, 'x_3': 1}. Best is trial 21 with value: 0.0.
[I 2024-11-24 16:11:31,594] Trial 357 finished with value: 15.0 and parameters: {'x_0': 1, 'x_1': -2, 'x_2': 3, 'x_3': -1}. Best is trial 164 with value: 0.0.
[I 2024-11-24 16:11:31,601] Trial 336 finished with value: 10.0 and parameters: {'x_0': -1, 'x_1': 2, 'x_2': 2, 'x_3': -1}. Best is trial 41 with value: 0.0.
[I 2024-11-24 16:11:31,640] Trial 334 finished with value: 7.0 and parameters: {'x_0': -1, 'x_1': 1, 'x_2': -2, 'x_3': -1}. Best is trial 99 with value: 0.0.
[I 2024-11-24 16:11:31,669] Trial 342 finished with value: 8.0 and parameters: {'x_0': 0, 'x_1': 2, 'x_2': 0, 'x_3': -2}. Best is trial 26 with value: 0.0.
[I 2024-11-24 16:11:31,787] Trial 340 finished with value: 7.0 and parameters: {'x_0': 2, 'x_1': 1, 'x_2': 1, 'x_3': 1}. Best is trial 56 with value: 0.0.
[I 2024-11-24 16:11:31,957] Trial 332 finished with value: 6.0 and parameters: {'x_0': -2, 'x_1': -1, 'x_2': 0, 'x_3': -1}. Best is trial 16 with value: 0.0.
[I 2024-11-24 16:11:32,059] Trial 333 finished with value: 6.0 and parameters: {'x_0': -2, 'x_1': 0, 'x_2': 1, 'x_3': -1}. Best is trial 29 with value: 0.0.
[I 2024-11-24 16:11:32,173] Trial 336 finished with value: 6.0 and parameters: {'x_0': 0, 'x_1': 1, 'x_2': 2, 'x_3': 1}. Best is trial 25 with value: 0.0.
[I 2024-11-24 16:11:32,206] Trial 327 finished with value: 26.0 and parameters: {'x_0': 2, 'x_1': 3, 'x_2': 3, 'x_3': -2}. Best is trial 148 with value: 0.0.
[I 2024-11-24 16:11:32,435] Trial 341 finished with value: 9.0 and parameters: {'x_0': -2, 'x_1': 0, 'x_2': 1, 'x_3': -2}. Best is trial 56 with value: 0.0.
[I 2024-11-24 16:11:32,548] Trial 337 finished with value: 18.0 and parameters: {'x_0': 2, 'x_1': 3, 'x_2': -2, 'x_3': 1}. Best is trial 41 with value: 0.0.
[I 2024-11-24 16:11:32,584] Trial 358 finished with value: 7.0 and parameters: {'x_0': 1, 'x_1': 1, 'x_2': -2, 'x_3': 1}. Best is trial 164 with value: 0.0.
[I 2024-11-24 16:11:32,746] Trial 343 finished with value: 6.0 and parameters: {'x_0': 0, 'x_1': 1, 'x_2': -2, 'x_3': 1}. Best is trial 26 with value: 0.0.
[I 2024-11-24 16:11:32,789] Trial 333 finished with value: 13.0 and parameters: {'x_0': -3, 'x_1': 0, 'x_2': 2, 'x_3': 0}. Best is trial 16 with value: 0.0.
[I 2024-11-24 16:11:33,016] Trial 337 finished with value: 6.0 and parameters: {'x_0': 1, 'x_1': 1, 'x_2': 2, 'x_3': 0}. Best is trial 25 with value: 0.0.
[I 2024-11-24 16:11:33,268] Trial 353 finished with value: 14.0 and parameters: {'x_0': -3, 'x_1': 2, 'x_2': 0, 'x_3': -1}. Best is trial 21 with value: 0.0.
[I 2024-11-24 16:11:33,285] Trial 328 finished with value: 9.0 and parameters: {'x_0': -2, 'x_1': -1, 'x_2': 2, 'x_3': 0}. Best is trial 148 with value: 0.0.
[I 2024-11-24 16:11:33,294] Trial 335 finished with value: 7.0 and parameters: {'x_0': 2, 'x_1': -1, 'x_2': -1, 'x_3': -1}. Best is trial 99 with value: 0.0.
[I 2024-11-24 16:11:33,437] Trial 334 finished with value: 6.0 and parameters: {'x_0': 1, 'x_1': -1, 'x_2': -2, 'x_3': 0}. Best is trial 29 with value: 0.0.
[I 2024-11-24 16:11:33,553] Trial 344 finished with value: 6.0 and parameters: {'x_0': 0, 'x_1': -1, 'x_2': 1, 'x_3': 2}. Best is trial 26 with value: 0.0.
[I 2024-11-24 16:11:34,170] Trial 336 finished with value: 9.0 and parameters: {'x_0': 0, 'x_1': -2, 'x_2': -1, 'x_3': -2}. Best is trial 99 with value: 0.0.
[I 2024-11-24 16:11:34,237] Trial 329 finished with value: 10.0 and parameters: {'x_0': 1, 'x_1': -2, 'x_2': -2, 'x_3': -1}. Best is trial 148 with value: 0.0.
[I 2024-11-24 16:11:34,270] Trial 338 finished with value: 6.0 and parameters: {'x_0': 0, 'x_1': -1, 'x_2': -2, 'x_3': -1}. Best is trial 41 with value: 0.0.
[I 2024-11-24 16:11:34,361] Trial 354 finished with value: 10.0 and parameters: {'x_0': 1, 'x_1': -2, 'x_2': -2, 'x_3': -1}. Best is trial 21 with value: 0.0.
[I 2024-11-24 16:11:34,366] Trial 342 finished with value: 6.0 and parameters: {'x_0': 1, 'x_1': -1, 'x_2': 2, 'x_3': 0}. Best is trial 56 with value: 0.0.
[I 2024-11-24 16:11:34,435] Trial 359 finished with value: 13.0 and parameters: {'x_0': 0, 'x_1': 2, 'x_2': 3, 'x_3': 0}. Best is trial 164 with value: 0.0.
[I 2024-11-24 16:11:34,528] Trial 338 finished with value: 10.0 and parameters: {'x_0': 1, 'x_1': 0, 'x_2': 0, 'x_3': -3}. Best is trial 25 with value: 0.0.
[I 2024-11-24 16:11:34,593] Trial 334 finished with value: 12.0 and parameters: {'x_0': 3, 'x_1': -1, 'x_2': -1, 'x_3': 1}. Best is trial 16 with value: 0.0.
[I 2024-11-24 16:11:34,875] Trial 339 finished with value: 14.0 and parameters: {'x_0': -3, 'x_1': 0, 'x_2': 2, 'x_3': 1}. Best is trial 41 with value: 0.0.
[I 2024-11-24 16:11:34,887] Trial 337 finished with value: 7.0 and parameters: {'x_0': 2, 'x_1': 1, 'x_2': -1, 'x_3': 1}. Best is trial 99 with value: 0.0.
[I 2024-11-24 16:11:35,319] Trial 335 finished with value: 10.0 and parameters: {'x_0': 3, 'x_1': 0, 'x_2': 0, 'x_3': -1}. Best is trial 29 with value: 0.0.
[I 2024-11-24 16:11:35,355] Trial 360 finished with value: 7.0 and parameters: {'x_0': 1, 'x_1': -1, 'x_2': 2, 'x_3': 1}. Best is trial 164 with value: 0.0.
[I 2024-11-24 16:11:35,410] Trial 355 finished with value: 14.0 and parameters: {'x_0': 3, 'x_1': 0, 'x_2': 2, 'x_3': 1}. Best is trial 21 with value: 0.0.
[I 2024-11-24 16:11:35,432] Trial 343 finished with value: 6.0 and parameters: {'x_0': 1, 'x_1': -1, 'x_2': -2, 'x_3': 0}. Best is trial 56 with value: 0.0.
[I 2024-11-24 16:11:35,509] Trial 345 finished with value: 7.0 and parameters: {'x_0': -1, 'x_1': 1, 'x_2': 2, 'x_3': 1}. Best is trial 26 with value: 0.0.
[I 2024-11-24 16:11:35,515] Trial 339 finished with value: 5.0 and parameters: {'x_0': 0, 'x_1': 1, 'x_2': -2, 'x_3': 0}. Best is trial 25 with value: 0.0.
[I 2024-11-24 16:11:35,521] Trial 335 finished with value: 6.0 and parameters: {'x_0': 0, 'x_1': -1, 'x_2': -1, 'x_3': 2}. Best is trial 16 with value: 0.0.
[I 2024-11-24 16:11:35,617] Trial 340 finished with value: 13.0 and parameters: {'x_0': 0, 'x_1': 2, 'x_2': -3, 'x_3': 0}. Best is trial 41 with value: 0.0.
[I 2024-11-24 16:11:36,163] Trial 330 finished with value: 10.0 and parameters: {'x_0': -2, 'x_1': 2, 'x_2': 1, 'x_3': -1}. Best is trial 148 with value: 0.0.
[I 2024-11-24 16:11:36,259] Trial 344 finished with value: 9.0 and parameters: {'x_0': 2, 'x_1': -1, 'x_2': 2, 'x_3': 0}. Best is trial 56 with value: 0.0.
[I 2024-11-24 16:11:36,315] Trial 361 finished with value: 7.0 and parameters: {'x_0': 1, 'x_1': 2, 'x_2': 1, 'x_3': -1}. Best is trial 164 with value: 0.0.
[I 2024-11-24 16:11:36,430] Trial 336 finished with value: 12.0 and parameters: {'x_0': -1, 'x_1': -1, 'x_2': 3, 'x_3': -1}. Best is trial 16 with value: 0.0.
[I 2024-11-24 16:11:36,489] Trial 346 finished with value: 26.0 and parameters: {'x_0': -2, 'x_1': 3, 'x_2': -3, 'x_3': 2}. Best is trial 26 with value: 0.0.
[I 2024-11-24 16:11:36,607] Trial 338 finished with value: 6.0 and parameters: {'x_0': 1, 'x_1': -2, 'x_2': 0, 'x_3': -1}. Best is trial 99 with value: 0.0.
[I 2024-11-24 16:11:37,061] Trial 331 finished with value: 4.0 and parameters: {'x_0': -1, 'x_1': 1, 'x_2': 1, 'x_3': 1}. Best is trial 148 with value: 0.0.
[I 2024-11-24 16:11:37,062] Trial 336 finished with value: 8.0 and parameters: {'x_0': 2, 'x_1': 0, 'x_2': -2, 'x_3': 0}. Best is trial 29 with value: 0.0.
[I 2024-11-24 16:11:37,283] Trial 341 finished with value: 15.0 and parameters: {'x_0': -1, 'x_1': -3, 'x_2': 2, 'x_3': 1}. Best is trial 41 with value: 0.0.
[I 2024-11-24 16:11:37,403] Trial 339 finished with value: 10.0 and parameters: {'x_0': -1, 'x_1': -2, 'x_2': 2, 'x_3': -1}. Best is trial 99 with value: 0.0.
[I 2024-11-24 16:11:37,524] Trial 356 finished with value: 10.0 and parameters: {'x_0': 2, 'x_1': -2, 'x_2': 1, 'x_3': 1}. Best is trial 21 with value: 0.0.
[I 2024-11-24 16:11:37,633] Trial 340 finished with value: 6.0 and parameters: {'x_0': 2, 'x_1': -1, 'x_2': 0, 'x_3': -1}. Best is trial 25 with value: 0.0.
[I 2024-11-24 16:11:37,686] Trial 347 finished with value: 13.0 and parameters: {'x_0': 0, 'x_1': -2, 'x_2': 3, 'x_3': 0}. Best is trial 26 with value: 0.0.
[I 2024-11-24 16:11:37,764] Trial 345 finished with value: 9.0 and parameters: {'x_0': -2, 'x_1': -2, 'x_2': 0, 'x_3': -1}. Best is trial 56 with value: 0.0.
[I 2024-11-24 16:11:37,950] Trial 337 finished with value: 6.0 and parameters: {'x_0': 0, 'x_1': 1, 'x_2': 2, 'x_3': -1}. Best is trial 16 with value: 0.0.
[I 2024-11-24 16:11:37,989] Trial 332 finished with value: 7.0 and parameters: {'x_0': 2, 'x_1': 1, 'x_2': 1, 'x_3': 1}. Best is trial 148 with value: 0.0.
[I 2024-11-24 16:11:38,017] Trial 362 finished with value: 7.0 and parameters: {'x_0': -1, 'x_1': -1, 'x_2': -2, 'x_3': -1}. Best is trial 164 with value: 0.0.
[I 2024-11-24 16:11:38,280] Trial 342 finished with value: 14.0 and parameters: {'x_0': 3, 'x_1': 2, 'x_2': 0, 'x_3': 1}. Best is trial 41 with value: 0.0.
