[I 2024-11-24 16:10:37,069] Trial 279 finished with value: 5.0 and parameters: {'x_0': 2, 'x_1': 1, 'x_2': 0, 'x_3': 0}. Best is trial 16 with value: 0.0.
[I 2024-11-24 16:10:37,218] Trial 299 finished with value: 6.0 and parameters: {'x_0': 1, 'x_1': 0, 'x_2': -2, 'x_3': 1}. Best is trial 21 with value: 0.0.
[I 2024-11-24 16:10:37,293] Trial 282 finished with value: 9.0 and parameters: {'x_0': -2, 'x_1': 2, 'x_2': -1, 'x_3': 0}. Best is trial 99 with value: 0.0.
[I 2024-11-24 16:10:37,352] Trial 297 finished with value: 3.0 and parameters: {'x_0': -1, 'x_1': 0, 'x_2': 1, 'x_3': 1}. Best is trial 29 with value: 0.0.
[I 2024-11-24 16:10:37,476] Trial 284 finished with value: 12.0 and parameters: {'x_0': -1, 'x_1': 1, 'x_2': -3, 'x_3': 1}. Best is trial 25 with value: 0.0.
[I 2024-11-24 16:10:37,512] Trial 306 finished with value: 12.0 and parameters: {'x_0': 3, 'x_1': 1, 'x_2': 1, 'x_3': -1}. Best is trial 164 with value: 0.0.
[I 2024-11-24 16:10:37,522] Trial 280 finished with value: 6.0 and parameters: {'x_0': 2, 'x_1': 1, 'x_2': 0, 'x_3': -1}. Best is trial 16 with value: 0.0.
[I 2024-11-24 16:10:37,666] Trial 300 finished with value: 6.0 and parameters: {'x_0': -2, 'x_1': 0, 'x_2': 1, 'x_3': -1}. Best is trial 21 with value: 0.0.
[I 2024-11-24 16:10:37,776] Trial 288 finished with value: 10.0 and parameters: {'x_0': 0, 'x_1': -1, 'x_2': 0, 'x_3': 3}. Best is trial 56 with value: 0.0.
[I 2024-11-24 16:10:37,829] Trial 283 finished with value: 6.0 and parameters: {'x_0': 1, 'x_1': 0, 'x_2': -1, 'x_3': -2}. Best is trial 99 with value: 0.0.
[I 2024-11-24 16:10:38,009] Trial 282 finished with value: 10.0 and parameters: {'x_0': 0, 'x_1': -1, 'x_2': 0, 'x_3': 3}. Best is trial 41 with value: 0.0.
[I 2024-11-24 16:10:38,116] Trial 277 finished with value: 6.0 and parameters: {'x_0': 1, 'x_1': 0, 'x_2': 1, 'x_3': -2}. Best is trial 148 with value: 0.0.
[I 2024-11-24 16:10:38,130] Trial 307 finished with value: 10.0 and parameters: {'x_0': 1, 'x_1': 0, 'x_2': 0, 'x_3': 3}. Best is trial 164 with value: 0.0.
[I 2024-11-24 16:10:38,168] Trial 281 finished with value: 6.0 and parameters: {'x_0': -1, 'x_1': 0, 'x_2': -2, 'x_3': 1}. Best is trial 16 with value: 0.0.
[I 2024-11-24 16:10:38,169] Trial 285 finished with value: 7.0 and parameters: {'x_0': 1, 'x_1': 1, 'x_2': 1, 'x_3': 2}. Best is trial 25 with value: 0.0.
[I 2024-11-24 16:10:38,176] Trial 293 finished with value: 6.0 and parameters: {'x_0': -1, 'x_1': 0, 'x_2': -2, 'x_3': 1}. Best is trial 26 with value: 0.0.
[I 2024-11-24 16:10:38,201] Trial 301 finished with value: 6.0 and parameters: {'x_0': 0, 'x_1': 2, 'x_2': 1, 'x_3': -1}. Best is trial 21 with value: 0.0.
[I 2024-11-24 16:10:38,374] Trial 289 finished with value: 10.0 and parameters: {'x_0': -1, 'x_1': 0, 'x_2': 0, 'x_3': -3}. Best is trial 56 with value: 0.0.
[I 2024-11-24 16:10:38,502] Trial 298 finished with value: 2.0 and parameters: {'x_0': 0, 'x_1': 0, 'x_2': 1, 'x_3': 1}. Best is trial 29 with value: 0.0.
[I 2024-11-24 16:10:38,570] Trial 278 finished with value: 11.0 and parameters: {'x_0': -3, 'x_1': -1, 'x_2': -1, 'x_3': 0}. Best is trial 148 with value: 0.0.
[I 2024-11-24 16:10:38,615] Trial 283 finished with value: 6.0 and parameters: {'x_0': -1, 'x_1': -1, 'x_2': 0, 'x_3': 2}. Best is trial 41 with value: 0.0.
[I 2024-11-24 16:10:38,745] Trial 284 finished with value: 8.0 and parameters: {'x_0': 2, 'x_1': 0, 'x_2': 0, 'x_3': 2}. Best is trial 99 with value: 0.0.
[I 2024-11-24 16:10:38,804] Trial 286 finished with value: 6.0 and parameters: {'x_0': 1, 'x_1': -2, 'x_2': 0, 'x_3': -1}. Best is trial 25 with value: 0.0.
[I 2024-11-24 16:10:38,809] Trial 294 finished with value: 6.0 and parameters: {'x_0': 0, 'x_1': -2, 'x_2': -1, 'x_3': -1}. Best is trial 26 with value: 0.0.
[I 2024-11-24 16:10:38,908] Trial 290 finished with value: 12.0 and parameters: {'x_0': -1, 'x_1': -1, 'x_2': -3, 'x_3': -1}. Best is trial 56 with value: 0.0.
[I 2024-11-24 16:10:39,071] Trial 279 finished with value: 9.0 and parameters: {'x_0': 2, 'x_1': 1, 'x_2': -2, 'x_3': 0}. Best is trial 148 with value: 0.0.
[I 2024-11-24 16:10:39,175] Trial 282 finished with value: 11.0 and parameters: {'x_0': 0, 'x_1': 1, 'x_2': -1, 'x_3': -3}. Best is trial 16 with value: 0.0.
[I 2024-11-24 16:10:39,231] Trial 284 finished with value: 8.0 and parameters: {'x_0': -2, 'x_1': 0, 'x_2': 0, 'x_3': -2}. Best is trial 41 with value: 0.0.
[I 2024-11-24 16:10:39,269] Trial 308 finished with value: 11.0 and parameters: {'x_0': 1, 'x_1': 0, 'x_2': -1, 'x_3': -3}. Best is trial 164 with value: 0.0.
[I 2024-11-24 16:10:39,292] Trial 295 finished with value: 7.0 and parameters: {'x_0': 1, 'x_1': -1, 'x_2': -1, 'x_3': -2}. Best is trial 26 with value: 0.0.
[I 2024-11-24 16:10:39,323] Trial 285 finished with value: 12.0 and parameters: {'x_0': 1, 'x_1': 1, 'x_2': 3, 'x_3': 1}. Best is trial 99 with value: 0.0.
[I 2024-11-24 16:10:39,437] Trial 302 finished with value: 6.0 and parameters: {'x_0': 0, 'x_1': -1, 'x_2': 1, 'x_3': -2}. Best is trial 21 with value: 0.0.
[I 2024-11-24 16:10:39,785] Trial 299 finished with value: 3.0 and parameters: {'x_0': 1, 'x_1': 0, 'x_2': 1, 'x_3': 1}. Best is trial 29 with value: 0.0.
[I 2024-11-24 16:10:39,834] Trial 283 finished with value: 7.0 and parameters: {'x_0': 2, 'x_1': -1, 'x_2': -1, 'x_3': -1}. Best is trial 16 with value: 0.0.
[I 2024-11-24 16:10:39,851] Trial 309 finished with value: 10.0 and parameters: {'x_0': 0, 'x_1': -1, 'x_2': 0, 'x_3': 3}. Best is trial 164 with value: 0.0.
[I 2024-11-24 16:10:39,951] Trial 303 finished with value: 6.0 and parameters: {'x_0': -2, 'x_1': 0, 'x_2': -1, 'x_3': -1}. Best is trial 21 with value: 0.0.
[I 2024-11-24 16:10:39,965] Trial 291 finished with value: 10.0 and parameters: {'x_0': 0, 'x_1': 1, 'x_2': 0, 'x_3': 3}. Best is trial 56 with value: 0.0.
[I 2024-11-24 16:10:39,977] Trial 286 finished with value: 6.0 and parameters: {'x_0': -1, 'x_1': 0, 'x_2': 2, 'x_3': -1}. Best is trial 99 with value: 0.0.
[I 2024-11-24 16:10:40,101] Trial 287 finished with value: 8.0 and parameters: {'x_0': -2, 'x_1': 0, 'x_2': 2, 'x_3': 0}. Best is trial 25 with value: 0.0.
[I 2024-11-24 16:10:40,263] Trial 296 finished with value: 6.0 and parameters: {'x_0': -1, 'x_1': 0, 'x_2': -1, 'x_3': 2}. Best is trial 26 with value: 0.0.
[I 2024-11-24 16:10:40,289] Trial 280 finished with value: 3.0 and parameters: {'x_0': -1, 'x_1': 1, 'x_2': -1, 'x_3': 0}. Best is trial 148 with value: 0.0.
[I 2024-11-24 16:10:40,374] Trial 285 finished with value: 8.0 and parameters: {'x_0': 2, 'x_1': 0, 'x_2': 0, 'x_3': 2}. Best is trial 41 with value: 0.0.
[I 2024-11-24 16:10:40,377] Trial 284 finished with value: 11.0 and parameters: {'x_0': -3, 'x_1': 1, 'x_2': 0, 'x_3': 1}. Best is trial 16 with value: 0.0.
[I 2024-11-24 16:10:40,425] Trial 310 finished with value: 6.0 and parameters: {'x_0': -1, 'x_1': 0, 'x_2': 2, 'x_3': 1}. Best is trial 164 with value: 0.0.
[I 2024-11-24 16:10:40,439] Trial 304 finished with value: 6.0 and parameters: {'x_0': -1, 'x_1': 2, 'x_2': 0, 'x_3': 1}. Best is trial 21 with value: 0.0.
[I 2024-11-24 16:10:40,539] Trial 292 finished with value: 7.0 and parameters: {'x_0': -1, 'x_1': -2, 'x_2': 1, 'x_3': 1}. Best is trial 56 with value: 0.0.
[I 2024-11-24 16:10:40,728] Trial 288 finished with value: 9.0 and parameters: {'x_0': 1, 'x_1': -2, 'x_2': -2, 'x_3': 0}. Best is trial 25 with value: 0.0.
[I 2024-11-24 16:10:40,862] Trial 297 finished with value: 6.0 and parameters: {'x_0': 1, 'x_1': 0, 'x_2': 2, 'x_3': -1}. Best is trial 26 with value: 0.0.
[I 2024-11-24 16:10:40,900] Trial 286 finished with value: 11.0 and parameters: {'x_0': 0, 'x_1': -1, 'x_2': 1, 'x_3': -3}. Best is trial 41 with value: 0.0.
[I 2024-11-24 16:10:40,915] Trial 281 finished with value: 4.0 and parameters: {'x_0': -1, 'x_1': 1, 'x_2': -1, 'x_3': -1}. Best is trial 148 with value: 0.0.
[I 2024-11-24 16:10:40,933] Trial 287 finished with value: 9.0 and parameters: {'x_0': 2, 'x_1': -1, 'x_2': -2, 'x_3': 0}. Best is trial 99 with value: 0.0.
[I 2024-11-24 16:10:40,966] Trial 300 finished with value: 6.0 and parameters: {'x_0': 2, 'x_1': -1, 'x_2': -1, 'x_3': 0}. Best is trial 29 with value: 0.0.
[I 2024-11-24 16:10:41,062] Trial 293 finished with value: 9.0 and parameters: {'x_0': 2, 'x_1': -1, 'x_2': -2, 'x_3': 0}. Best is trial 56 with value: 0.0.
[I 2024-11-24 16:10:41,322] Trial 289 finished with value: 6.0 and parameters: {'x_0': -2, 'x_1': 0, 'x_2': 1, 'x_3': -1}. Best is trial 25 with value: 0.0.
[I 2024-11-24 16:10:41,442] Trial 285 finished with value: 7.0 and parameters: {'x_0': 2, 'x_1': -1, 'x_2': 1, 'x_3': 1}. Best is trial 16 with value: 0.0.
[I 2024-11-24 16:10:41,473] Trial 298 finished with value: 6.0 and parameters: {'x_0': -2, 'x_1': -1, 'x_2': 0, 'x_3': 1}. Best is trial 26 with value: 0.0.
[I 2024-11-24 16:10:41,493] Trial 311 finished with value: 5.0 and parameters: {'x_0': 0, 'x_1': 1, 'x_2': -2, 'x_3': 0}. Best is trial 164 with value: 0.0.
[I 2024-11-24 16:10:41,494] Trial 288 finished with value: 6.0 and parameters: {'x_0': 1, 'x_1': 0, 'x_2': -2, 'x_3': 1}. Best is trial 99 with value: 0.0.
[I 2024-11-24 16:10:41,495] Trial 282 finished with value: 4.0 and parameters: {'x_0': -1, 'x_1': 1, 'x_2': -1, 'x_3': 1}. Best is trial 148 with value: 0.0.
[I 2024-11-24 16:10:41,515] Trial 287 finished with value: 10.0 and parameters: {'x_0': 0, 'x_1': 1, 'x_2': 0, 'x_3': 3}. Best is trial 41 with value: 0.0.
[I 2024-11-24 16:10:41,559] Trial 305 finished with value: 6.0 and parameters: {'x_0': 2, 'x_1': 1, 'x_2': 0, 'x_3': -1}. Best is trial 21 with value: 0.0.
[I 2024-11-24 16:10:41,904] Trial 286 finished with value: 7.0 and parameters: {'x_0': 1, 'x_1': 1, 'x_2': -1, 'x_3': -2}. Best is trial 16 with value: 0.0.
[I 2024-11-24 16:10:41,933] Trial 306 finished with value: 8.0 and parameters: {'x_0': -2, 'x_1': 0, 'x_2': 2, 'x_3': 0}. Best is trial 21 with value: 0.0.
[I 2024-11-24 16:10:41,997] Trial 312 finished with value: 6.0 and parameters: {'x_0': 0, 'x_1': 1, 'x_2': -2, 'x_3': -1}. Best is trial 164 with value: 0.0.
[I 2024-11-24 16:10:42,044] Trial 289 finished with value: 6.0 and parameters: {'x_0': -2, 'x_1': 0, 'x_2': -1, 'x_3': 1}. Best is trial 99 with value: 0.0.
[I 2024-11-24 16:10:42,128] Trial 290 finished with value: 6.0 and parameters: {'x_0': 1, 'x_1': 0, 'x_2': 1, 'x_3': -2}. Best is trial 25 with value: 0.0.
[I 2024-11-24 16:10:42,159] Trial 294 finished with value: 10.0 and parameters: {'x_0': 0, 'x_1': 0, 'x_2': 1, 'x_3': -3}. Best is trial 56 with value: 0.0.
[I 2024-11-24 16:10:42,187] Trial 301 finished with value: 6.0 and parameters: {'x_0': -2, 'x_1': 1, 'x_2': -1, 'x_3': 0}. Best is trial 29 with value: 0.0.
[I 2024-11-24 16:10:42,450] Trial 307 finished with value: 10.0 and parameters: {'x_0': -1, 'x_1': 0, 'x_2': 0, 'x_3': 3}. Best is trial 21 with value: 0.0.
[I 2024-11-24 16:10:42,456] Trial 299 finished with value: 7.0 and parameters: {'x_0': 2, 'x_1': -1, 'x_2': -1, 'x_3': 1}. Best is trial 26 with value: 0.0.
[I 2024-11-24 16:10:42,481] Trial 287 finished with value: 5.0 and parameters: {'x_0': -2, 'x_1': 1, 'x_2': 0, 'x_3': 0}. Best is trial 16 with value: 0.0.
[I 2024-11-24 16:10:42,522] Trial 313 finished with value: 6.0 and parameters: {'x_0': -2, 'x_1': 1, 'x_2': 0, 'x_3': -1}. Best is trial 164 with value: 0.0.
[I 2024-11-24 16:10:42,762] Trial 283 finished with value: 9.0 and parameters: {'x_0': -2, 'x_1': 2, 'x_2': -1, 'x_3': 0}. Best is trial 148 with value: 0.0.
[I 2024-11-24 16:10:42,770] Trial 291 finished with value: 11.0 and parameters: {'x_0': -1, 'x_1': 0, 'x_2': 1, 'x_3': 3}. Best is trial 25 with value: 0.0.
[I 2024-11-24 16:10:42,781] Trial 288 finished with value: 6.0 and parameters: {'x_0': -1, 'x_1': -2, 'x_2': 0, 'x_3': 1}. Best is trial 41 with value: 0.0.
[I 2024-11-24 16:10:42,852] Trial 295 finished with value: 7.0 and parameters: {'x_0': -1, 'x_1': -2, 'x_2': -1, 'x_3': -1}. Best is trial 56 with value: 0.0.
[I 2024-11-24 16:10:42,948] Trial 300 finished with value: 6.0 and parameters: {'x_0': -1, 'x_1': 0, 'x_2': 1, 'x_3': 2}. Best is trial 26 with value: 0.0.
[I 2024-11-24 16:10:43,108] Trial 290 finished with value: 18.0 and parameters: {'x_0': -2, 'x_1': 3, 'x_2': -2, 'x_3': -1}. Best is trial 99 with value: 0.0.
[I 2024-11-24 16:10:43,194] Trial 302 finished with value: 4.0 and parameters: {'x_0': 2, 'x_1': 0, 'x_2': 0, 'x_3': 0}. Best is trial 29 with value: 0.0.
[I 2024-11-24 16:10:43,227] Trial 289 finished with value: 6.0 and parameters: {'x_0': -1, 'x_1': 0, 'x_2': 2, 'x_3': -1}. Best is trial 41 with value: 0.0.
[I 2024-11-24 16:10:43,285] Trial 284 finished with value: 7.0 and parameters: {'x_0': -1, 'x_1': 1, 'x_2': -1, 'x_3': 2}. Best is trial 148 with value: 0.0.
[I 2024-11-24 16:10:43,402] Trial 296 finished with value: 7.0 and parameters: {'x_0': -2, 'x_1': 1, 'x_2': -1, 'x_3': -1}. Best is trial 56 with value: 0.0.
[I 2024-11-24 16:10:43,467] Trial 292 finished with value: 6.0 and parameters: {'x_0': 0, 'x_1': -2, 'x_2': 1, 'x_3': 1}. Best is trial 25 with value: 0.0.
[I 2024-11-24 16:10:43,526] Trial 308 finished with value: 6.0 and parameters: {'x_0': 0, 'x_1': 1, 'x_2': 2, 'x_3': -1}. Best is trial 21 with value: 0.0.
[I 2024-11-24 16:10:43,577] Trial 288 finished with value: 12.0 and parameters: {'x_0': 1, 'x_1': -1, 'x_2': 1, 'x_3': 3}. Best is trial 16 with value: 0.0.
[I 2024-11-24 16:10:43,663] Trial 314 finished with value: 6.0 and parameters: {'x_0': 0, 'x_1': -1, 'x_2': 1, 'x_3': -2}. Best is trial 164 with value: 0.0.
[I 2024-11-24 16:10:43,720] Trial 290 finished with value: 10.0 and parameters: {'x_0': 0, 'x_1': 0, 'x_2': -1, 'x_3': -3}. Best is trial 41 with value: 0.0.
[I 2024-11-24 16:10:43,747] Trial 291 finished with value: 13.0 and parameters: {'x_0': 0, 'x_1': -2, 'x_2': 3, 'x_3': 0}. Best is trial 99 with value: 0.0.
[I 2024-11-24 16:10:43,971] Trial 285 finished with value: 10.0 and parameters: {'x_0': 2, 'x_1': -1, 'x_2': 2, 'x_3': -1}. Best is trial 148 with value: 0.0.
[I 2024-11-24 16:10:44,066] Trial 309 finished with value: 6.0 and parameters: {'x_0': -2, 'x_1': -1, 'x_2': 0, 'x_3': -1}. Best is trial 21 with value: 0.0.
[I 2024-11-24 16:10:44,159] Trial 303 finished with value: 6.0 and parameters: {'x_0': 1, 'x_1': -1, 'x_2': 2, 'x_3': 0}. Best is trial 29 with value: 0.0.
[I 2024-11-24 16:10:44,237] Trial 301 finished with value: 6.0 and parameters: {'x_0': 2, 'x_1': 0, 'x_2': 1, 'x_3': -1}. Best is trial 26 with value: 0.0.
[I 2024-11-24 16:10:44,262] Trial 315 finished with value: 10.0 and parameters: {'x_0': 0, 'x_1': 0, 'x_2': 1, 'x_3': 3}. Best is trial 164 with value: 0.0.
[I 2024-11-24 16:10:44,319] Trial 292 finished with value: 6.0 and parameters: {'x_0': 1, 'x_1': 0, 'x_2': 2, 'x_3': 1}. Best is trial 99 with value: 0.0.
[I 2024-11-24 16:10:44,440] Trial 297 finished with value: 7.0 and parameters: {'x_0': -1, 'x_1': 2, 'x_2': 1, 'x_3': -1}. Best is trial 56 with value: 0.0.
[I 2024-11-24 16:10:44,695] Trial 310 finished with value: 5.0 and parameters: {'x_0': 0, 'x_1': -2, 'x_2': -1, 'x_3': 0}. Best is trial 21 with value: 0.0.
[I 2024-11-24 16:10:44,798] Trial 293 finished with value: 6.0 and parameters: {'x_0': 1, 'x_1': 2, 'x_2': 0, 'x_3': -1}. Best is trial 25 with value: 0.0.
[I 2024-11-24 16:10:44,821] Trial 316 finished with value: 7.0 and parameters: {'x_0': -1, 'x_1': 1, 'x_2': 2, 'x_3': 1}. Best is trial 164 with value: 0.0.
[I 2024-11-24 16:10:44,843] Trial 291 finished with value: 6.0 and parameters: {'x_0': -1, 'x_1': 0, 'x_2': -2, 'x_3': -1}. Best is trial 41 with value: 0.0.
[I 2024-11-24 16:10:44,881] Trial 302 finished with value: 6.0 and parameters: {'x_0': -2, 'x_1': 1, 'x_2': 0, 'x_3': -1}. Best is trial 26 with value: 0.0.
[I 2024-11-24 16:10:44,893] Trial 286 finished with value: 6.0 and parameters: {'x_0': -1, 'x_1': 0, 'x_2': -2, 'x_3': -1}. Best is trial 148 with value: 0.0.
[I 2024-11-24 16:10:45,000] Trial 298 finished with value: 11.0 and parameters: {'x_0': 0, 'x_1': 1, 'x_2': 3, 'x_3': 1}. Best is trial 56 with value: 0.0.
[I 2024-11-24 16:10:45,085] Trial 289 finished with value: 7.0 and parameters: {'x_0': -2, 'x_1': 1, 'x_2': 1, 'x_3': 1}. Best is trial 16 with value: 0.0.
[I 2024-11-24 16:10:45,230] Trial 304 finished with value: 4.0 and parameters: {'x_0': 1, 'x_1': -1, 'x_2': 1, 'x_3': -1}. Best is trial 29 with value: 0.0.
[I 2024-11-24 16:10:45,517] Trial 294 finished with value: 6.0 and parameters: {'x_0': 1, 'x_1': 0, 'x_2': -2, 'x_3': -1}. Best is trial 25 with value: 0.0.
[I 2024-11-24 16:10:45,589] Trial 292 finished with value: 6.0 and parameters: {'x_0': -1, 'x_1': 0, 'x_2': 1, 'x_3': 2}. Best is trial 41 with value: 0.0.
[I 2024-11-24 16:10:45,657] Trial 303 finished with value: 9.0 and parameters: {'x_0': -2, 'x_1': 1, 'x_2': -2, 'x_3': 0}. Best is trial 26 with value: 0.0.
[I 2024-11-24 16:10:45,758] Trial 299 finished with value: 7.0 and parameters: {'x_0': -1, 'x_1': 2, 'x_2': -1, 'x_3': 1}. Best is trial 56 with value: 0.0.
[I 2024-11-24 16:10:45,798] Trial 290 finished with value: 9.0 and parameters: {'x_0': 2, 'x_1': -2, 'x_2': -1, 'x_3': 0}. Best is trial 16 with value: 0.0.
[I 2024-11-24 16:10:45,817] Trial 287 finished with value: 4.0 and parameters: {'x_0': 0, 'x_1': 0, 'x_2': -2, 'x_3': 0}. Best is trial 148 with value: 0.0.
[I 2024-11-24 16:10:46,027] Trial 293 finished with value: 6.0 and parameters: {'x_0': -1, 'x_1': -2, 'x_2': 0, 'x_3': -1}. Best is trial 99 with value: 0.0.
[I 2024-11-24 16:10:46,083] Trial 295 finished with value: 15.0 and parameters: {'x_0': 1, 'x_1': 3, 'x_2': -2, 'x_3': -1}. Best is trial 25 with value: 0.0.
[I 2024-11-24 16:10:46,149] Trial 311 finished with value: 6.0 and parameters: {'x_0': 0, 'x_1': -2, 'x_2': -1, 'x_3': 1}. Best is trial 21 with value: 0.0.
[I 2024-11-24 16:10:46,393] Trial 317 finished with value: 10.0 and parameters: {'x_0': -1, 'x_1': 3, 'x_2': 0, 'x_3': 0}. Best is trial 164 with value: 0.0.
[I 2024-11-24 16:10:46,429] Trial 293 finished with value: 6.0 and parameters: {'x_0': -1, 'x_1': -1, 'x_2': 0, 'x_3': -2}. Best is trial 41 with value: 0.0.
[I 2024-11-24 16:10:46,522] Trial 291 finished with value: 6.0 and parameters: {'x_0': 1, 'x_1': -2, 'x_2': 0, 'x_3': -1}. Best is trial 16 with value: 0.0.
[I 2024-11-24 16:10:46,616] Trial 305 finished with value: 5.0 and parameters: {'x_0': 1, 'x_1': 0, 'x_2': 0, 'x_3': 2}. Best is trial 29 with value: 0.0.
[I 2024-11-24 16:10:46,633] Trial 294 finished with value: 7.0 and parameters: {'x_0': 1, 'x_1': 2, 'x_2': 1, 'x_3': -1}. Best is trial 99 with value: 0.0.
[I 2024-11-24 16:10:46,709] Trial 312 finished with value: 6.0 and parameters: {'x_0': -1, 'x_1': -2, 'x_2': 0, 'x_3': 1}. Best is trial 21 with value: 0.0.
[I 2024-11-24 16:10:47,285] Trial 300 finished with value: 10.0 and parameters: {'x_0': -3, 'x_1': 1, 'x_2': 0, 'x_3': 0}. Best is trial 56 with value: 0.0.
[I 2024-11-24 16:10:47,417] Trial 313 finished with value: 6.0 and parameters: {'x_0': -1, 'x_1': 0, 'x_2': 1, 'x_3': -2}. Best is trial 21 with value: 0.0.
[I 2024-11-24 16:10:47,430] Trial 318 finished with value: 6.0 and parameters: {'x_0': 2, 'x_1': 0, 'x_2': -1, 'x_3': 1}. Best is trial 164 with value: 0.0.
[I 2024-11-24 16:10:47,433] Trial 304 finished with value: 6.0 and parameters: {'x_0': -1, 'x_1': 1, 'x_2': 0, 'x_3': 2}. Best is trial 26 with value: 0.0.
[I 2024-11-24 16:10:47,491] Trial 295 finished with value: 5.0 and parameters: {'x_0': 0, 'x_1': -1, 'x_2': 2, 'x_3': 0}. Best is trial 99 with value: 0.0.
[I 2024-11-24 16:10:47,660] Trial 288 finished with value: 8.0 and parameters: {'x_0': 0, 'x_1': -2, 'x_2': -2, 'x_3': 0}. Best is trial 148 with value: 0.0.
[I 2024-11-24 16:10:47,839] Trial 296 finished with value: 9.0 and parameters: {'x_0': -2, 'x_1': 2, 'x_2': 1, 'x_3': 0}. Best is trial 25 with value: 0.0.
[I 2024-11-24 16:10:47,855] Trial 294 finished with value: 6.0 and parameters: {'x_0': 1, 'x_1': 0, 'x_2': -1, 'x_3': 2}. Best is trial 41 with value: 0.0.
[I 2024-11-24 16:10:47,914] Trial 301 finished with value: 7.0 and parameters: {'x_0': 2, 'x_1': -1, 'x_2': -1, 'x_3': -1}. Best is trial 56 with value: 0.0.
[I 2024-11-24 16:10:47,963] Trial 292 finished with value: 6.0 and parameters: {'x_0': 1, 'x_1': 2, 'x_2': 0, 'x_3': -1}. Best is trial 16 with value: 0.0.
[I 2024-11-24 16:10:48,060] Trial 319 finished with value: 9.0 and parameters: {'x_0': -2, 'x_1': 1, 'x_2': -2, 'x_3': 0}. Best is trial 164 with value: 0.0.
[I 2024-11-24 16:10:48,197] Trial 305 finished with value: 6.0 and parameters: {'x_0': 1, 'x_1': 0, 'x_2': -2, 'x_3': -1}. Best is trial 26 with value: 0.0.
[I 2024-11-24 16:10:48,323] Trial 289 finished with value: 5.0 and parameters: {'x_0': -2, 'x_1': 0, 'x_2': -1, 'x_3': 0}. Best is trial 148 with value: 0.0.
[I 2024-11-24 16:10:48,405] Trial 306 finished with value: 5.0 and parameters: {'x_0': -2, 'x_1': 0, 'x_2': 0, 'x_3': 1}. Best is trial 29 with value: 0.0.
[I 2024-11-24 16:10:48,469] Trial 295 finished with value: 6.0 and parameters: {'x_0': 1, 'x_1': -1, 'x_2': 0, 'x_3': 2}. Best is trial 41 with value: 0.0.
[I 2024-11-24 16:10:48,510] Trial 297 finished with value: 9.0 and parameters: {'x_0': -2, 'x_1': -1, 'x_2': 2, 'x_3': 0}. Best is trial 25 with value: 0.0.
[I 2024-11-24 16:10:48,515] Trial 293 finished with value: 9.0 and parameters: {'x_0': -2, 'x_1': 2, 'x_2': -1, 'x_3': 0}. Best is trial 16 with value: 0.0.
[I 2024-11-24 16:10:48,626] Trial 302 finished with value: 7.0 and parameters: {'x_0': -1, 'x_1': 1, 'x_2': -2, 'x_3': -1}. Best is trial 56 with value: 0.0.
[I 2024-11-24 16:10:49,514] Trial 306 finished with value: 6.0 and parameters: {'x_0': 2, 'x_1': 0, 'x_2': -1, 'x_3': 1}. Best is trial 26 with value: 0.0.
[I 2024-11-24 16:10:49,576] Trial 314 finished with value: 12.0 and parameters: {'x_0': -3, 'x_1': -1, 'x_2': -1, 'x_3': 1}. Best is trial 21 with value: 0.0.
[I 2024-11-24 16:10:49,639] Trial 294 finished with value: 7.0 and parameters: {'x_0': -1, 'x_1': 1, 'x_2': 1, 'x_3': 2}. Best is trial 16 with value: 0.0.
