[I 2024-11-24 16:09:11,390] Trial 131 finished with value: 2.0 and parameters: {'x_0': 1, 'x_1': 0, 'x_2': 1, 'x_3': 0}. Best is trial 42 with value: 1.0.
[I 2024-11-24 16:09:11,419] Trial 136 finished with value: 6.0 and parameters: {'x_0': 0, 'x_1': -1, 'x_2': -1, 'x_3': 2}. Best is trial 26 with value: 0.0.
[I 2024-11-24 16:09:11,420] Trial 140 finished with value: 3.0 and parameters: {'x_0': 1, 'x_1': 0, 'x_2': 1, 'x_3': 1}. Best is trial 32 with value: 1.0.
[I 2024-11-24 16:09:11,438] Trial 135 finished with value: 5.0 and parameters: {'x_0': 2, 'x_1': 0, 'x_2': 0, 'x_3': -1}. Best is trial 25 with value: 0.0.
[I 2024-11-24 16:09:11,454] Trial 137 finished with value: 8.0 and parameters: {'x_0': 0, 'x_1': -2, 'x_2': 0, 'x_3': 2}. Best is trial 29 with value: 0.0.
[I 2024-11-24 16:09:11,464] Trial 140 finished with value: 3.0 and parameters: {'x_0': -1, 'x_1': -1, 'x_2': 0, 'x_3': -1}. Best is trial 21 with value: 0.0.
[I 2024-11-24 16:09:11,468] Trial 128 finished with value: 5.0 and parameters: {'x_0': 2, 'x_1': -1, 'x_2': 0, 'x_3': 0}. Best is trial 99 with value: 0.0.
[I 2024-11-24 16:09:11,491] Trial 138 finished with value: 14.0 and parameters: {'x_0': 0, 'x_1': 3, 'x_2': 2, 'x_3': 1}. Best is trial 16 with value: 0.0.
[I 2024-11-24 16:09:11,512] Trial 131 finished with value: 10.0 and parameters: {'x_0': -3, 'x_1': 0, 'x_2': -1, 'x_3': 0}. Best is trial 41 with value: 0.0.
[I 2024-11-24 16:09:11,589] Trial 131 finished with value: 10.0 and parameters: {'x_0': 0, 'x_1': 0, 'x_2': 1, 'x_3': 3}. Best is trial 56 with value: 0.0.
[I 2024-11-24 16:09:11,636] Trial 132 finished with value: 3.0 and parameters: {'x_0': 1, 'x_1': 0, 'x_2': 1, 'x_3': -1}. Best is trial 42 with value: 1.0.
[I 2024-11-24 16:09:11,669] Trial 141 finished with value: 3.0 and parameters: {'x_0': 1, 'x_1': 0, 'x_2': 1, 'x_3': -1}. Best is trial 32 with value: 1.0.
[I 2024-11-24 16:09:11,691] Trial 138 finished with value: 9.0 and parameters: {'x_0': 0, 'x_1': -1, 'x_2': -2, 'x_3': 2}. Best is trial 29 with value: 0.0.
[I 2024-11-24 16:09:11,693] Trial 137 finished with value: 10.0 and parameters: {'x_0': 0, 'x_1': -1, 'x_2': 0, 'x_3': -3}. Best is trial 26 with value: 0.0.
[I 2024-11-24 16:09:11,714] Trial 129 finished with value: 7.0 and parameters: {'x_0': 1, 'x_1': -1, 'x_2': -2, 'x_3': 1}. Best is trial 99 with value: 0.0.
[I 2024-11-24 16:09:11,742] Trial 141 finished with value: 3.0 and parameters: {'x_0': -1, 'x_1': -1, 'x_2': 0, 'x_3': 1}. Best is trial 21 with value: 0.0.
[I 2024-11-24 16:09:11,754] Trial 139 finished with value: 14.0 and parameters: {'x_0': -1, 'x_1': -2, 'x_2': 0, 'x_3': 3}. Best is trial 16 with value: 0.0.
[I 2024-11-24 16:09:11,846] Trial 132 finished with value: 6.0 and parameters: {'x_0': 1, 'x_1': 0, 'x_2': 1, 'x_3': 2}. Best is trial 56 with value: 0.0.
[I 2024-11-24 16:09:11,860] Trial 136 finished with value: 12.0 and parameters: {'x_0': 1, 'x_1': -1, 'x_2': -1, 'x_3': 3}. Best is trial 25 with value: 0.0.
[I 2024-11-24 16:09:11,898] Trial 133 finished with value: 3.0 and parameters: {'x_0': 0, 'x_1': 1, 'x_2': 1, 'x_3': -1}. Best is trial 42 with value: 1.0.
[I 2024-11-24 16:09:11,913] Trial 139 finished with value: 9.0 and parameters: {'x_0': 0, 'x_1': 0, 'x_2': 3, 'x_3': 0}. Best is trial 29 with value: 0.0.
[I 2024-11-24 16:09:11,915] Trial 142 finished with value: 6.0 and parameters: {'x_0': 1, 'x_1': 0, 'x_2': 1, 'x_3': 2}. Best is trial 32 with value: 1.0.
[I 2024-11-24 16:09:11,950] Trial 132 finished with value: 3.0 and parameters: {'x_0': 1, 'x_1': -1, 'x_2': 0, 'x_3': 1}. Best is trial 41 with value: 0.0.
[I 2024-11-24 16:09:11,970] Trial 138 finished with value: 3.0 and parameters: {'x_0': 0, 'x_1': 1, 'x_2': -1, 'x_3': 1}. Best is trial 26 with value: 0.0.
[I 2024-11-24 16:09:11,974] Trial 142 finished with value: 3.0 and parameters: {'x_0': -1, 'x_1': 1, 'x_2': -1, 'x_3': 0}. Best is trial 21 with value: 0.0.
[I 2024-11-24 16:09:11,977] Trial 130 finished with value: 10.0 and parameters: {'x_0': -3, 'x_1': -1, 'x_2': 0, 'x_3': 0}. Best is trial 99 with value: 0.0.
[I 2024-11-24 16:09:12,113] Trial 137 finished with value: 4.0 and parameters: {'x_0': 0, 'x_1': 0, 'x_2': -2, 'x_3': 0}. Best is trial 25 with value: 0.0.
[I 2024-11-24 16:09:12,132] Trial 140 finished with value: 6.0 and parameters: {'x_0': 0, 'x_1': -1, 'x_2': -2, 'x_3': -1}. Best is trial 16 with value: 0.0.
[I 2024-11-24 16:09:12,147] Trial 140 finished with value: 2.0 and parameters: {'x_0': 1, 'x_1': 0, 'x_2': 0, 'x_3': 1}. Best is trial 29 with value: 0.0.
[I 2024-11-24 16:09:12,163] Trial 133 finished with value: 6.0 and parameters: {'x_0': -1, 'x_1': 2, 'x_2': -1, 'x_3': 0}. Best is trial 56 with value: 0.0.
[I 2024-11-24 16:09:12,185] Trial 143 finished with value: 2.0 and parameters: {'x_0': -1, 'x_1': 0, 'x_2': 1, 'x_3': 0}. Best is trial 32 with value: 1.0.
[I 2024-11-24 16:09:12,206] Trial 143 finished with value: 6.0 and parameters: {'x_0': -2, 'x_1': 1, 'x_2': -1, 'x_3': 0}. Best is trial 21 with value: 0.0.
[I 2024-11-24 16:09:12,264] Trial 133 finished with value: 3.0 and parameters: {'x_0': -1, 'x_1': -1, 'x_2': 0, 'x_3': 1}. Best is trial 41 with value: 0.0.
[I 2024-11-24 16:09:12,296] Trial 139 finished with value: 3.0 and parameters: {'x_0': 0, 'x_1': 1, 'x_2': -1, 'x_3': -1}. Best is trial 26 with value: 0.0.
[I 2024-11-24 16:09:12,399] Trial 134 finished with value: 4.0 and parameters: {'x_0': -1, 'x_1': -1, 'x_2': -1, 'x_3': 1}. Best is trial 42 with value: 1.0.
[I 2024-11-24 16:09:12,408] Trial 141 finished with value: 10.0 and parameters: {'x_0': -1, 'x_1': 2, 'x_2': -2, 'x_3': -1}. Best is trial 16 with value: 0.0.
[I 2024-11-24 16:09:12,410] Trial 138 finished with value: 6.0 and parameters: {'x_0': 1, 'x_1': 0, 'x_2': -2, 'x_3': 1}. Best is trial 25 with value: 0.0.
[I 2024-11-24 16:09:12,423] Trial 134 finished with value: 6.0 and parameters: {'x_0': -1, 'x_1': 0, 'x_2': -2, 'x_3': -1}. Best is trial 56 with value: 0.0.
[I 2024-11-24 16:09:12,432] Trial 131 finished with value: 2.0 and parameters: {'x_0': 0, 'x_1': 1, 'x_2': -1, 'x_3': 0}. Best is trial 99 with value: 0.0.
[I 2024-11-24 16:09:12,450] Trial 141 finished with value: 9.0 and parameters: {'x_0': 0, 'x_1': 1, 'x_2': -2, 'x_3': -2}. Best is trial 29 with value: 0.0.
[I 2024-11-24 16:09:12,493] Trial 144 finished with value: 4.0 and parameters: {'x_0': -1, 'x_1': 1, 'x_2': -1, 'x_3': 1}. Best is trial 21 with value: 0.0.
[I 2024-11-24 16:09:12,526] Trial 144 finished with value: 3.0 and parameters: {'x_0': -1, 'x_1': 0, 'x_2': 1, 'x_3': 1}. Best is trial 32 with value: 1.0.
[I 2024-11-24 16:09:12,530] Trial 140 finished with value: 4.0 and parameters: {'x_0': 1, 'x_1': 1, 'x_2': -1, 'x_3': -1}. Best is trial 26 with value: 0.0.
[I 2024-11-24 16:09:12,551] Trial 134 finished with value: 4.0 and parameters: {'x_0': -1, 'x_1': -1, 'x_2': 1, 'x_3': 1}. Best is trial 41 with value: 0.0.
[I 2024-11-24 16:09:12,633] Trial 135 finished with value: 6.0 and parameters: {'x_0': -2, 'x_1': -1, 'x_2': 0, 'x_3': 1}. Best is trial 42 with value: 1.0.
[I 2024-11-24 16:09:12,653] Trial 135 finished with value: 6.0 and parameters: {'x_0': -1, 'x_1': 0, 'x_2': 2, 'x_3': 1}. Best is trial 56 with value: 0.0.
[I 2024-11-24 16:09:12,665] Trial 142 finished with value: 10.0 and parameters: {'x_0': 3, 'x_1': 1, 'x_2': 0, 'x_3': 0}. Best is trial 16 with value: 0.0.
[I 2024-11-24 16:09:12,673] Trial 132 finished with value: 3.0 and parameters: {'x_0': 0, 'x_1': 1, 'x_2': -1, 'x_3': 1}. Best is trial 99 with value: 0.0.
[I 2024-11-24 16:09:12,684] Trial 142 finished with value: 9.0 and parameters: {'x_0': 0, 'x_1': 2, 'x_2': 1, 'x_3': 2}. Best is trial 29 with value: 0.0.
[I 2024-11-24 16:09:12,724] Trial 145 finished with value: 4.0 and parameters: {'x_0': -1, 'x_1': 1, 'x_2': -1, 'x_3': -1}. Best is trial 21 with value: 0.0.
[I 2024-11-24 16:09:12,750] Trial 141 finished with value: 11.0 and parameters: {'x_0': -1, 'x_1': 0, 'x_2': -1, 'x_3': 3}. Best is trial 26 with value: 0.0.
[I 2024-11-24 16:09:12,755] Trial 139 finished with value: 5.0 and parameters: {'x_0': -2, 'x_1': 0, 'x_2': 0, 'x_3': 1}. Best is trial 25 with value: 0.0.
[I 2024-11-24 16:09:12,787] Trial 145 finished with value: 3.0 and parameters: {'x_0': -1, 'x_1': 0, 'x_2': 1, 'x_3': -1}. Best is trial 32 with value: 1.0.
[I 2024-11-24 16:09:12,916] Trial 136 finished with value: 1.0 and parameters: {'x_0': 0, 'x_1': -1, 'x_2': 0, 'x_3': 0}. Best is trial 42 with value: 1.0.
[I 2024-11-24 16:09:12,920] Trial 143 finished with value: 7.0 and parameters: {'x_0': -1, 'x_1': 1, 'x_2': 2, 'x_3': 1}. Best is trial 29 with value: 0.0.
[I 2024-11-24 16:09:12,922] Trial 133 finished with value: 3.0 and parameters: {'x_0': 0, 'x_1': 1, 'x_2': -1, 'x_3': -1}. Best is trial 99 with value: 0.0.
[I 2024-11-24 16:09:12,955] Trial 135 finished with value: 4.0 and parameters: {'x_0': -1, 'x_1': -1, 'x_2': -1, 'x_3': 1}. Best is trial 41 with value: 0.0.
[I 2024-11-24 16:09:12,956] Trial 146 finished with value: 11.0 and parameters: {'x_0': -3, 'x_1': -1, 'x_2': 0, 'x_3': -1}. Best is trial 21 with value: 0.0.
[I 2024-11-24 16:09:12,997] Trial 136 finished with value: 6.0 and parameters: {'x_0': 1, 'x_1': 0, 'x_2': -1, 'x_3': 2}. Best is trial 56 with value: 0.0.
[I 2024-11-24 16:09:13,014] Trial 140 finished with value: 8.0 and parameters: {'x_0': -2, 'x_1': 0, 'x_2': -2, 'x_3': 0}. Best is trial 25 with value: 0.0.
[I 2024-11-24 16:09:13,056] Trial 146 finished with value: 10.0 and parameters: {'x_0': 3, 'x_1': 0, 'x_2': 1, 'x_3': 0}. Best is trial 32 with value: 1.0.
[I 2024-11-24 16:09:13,076] Trial 142 finished with value: 5.0 and parameters: {'x_0': 0, 'x_1': 0, 'x_2': 2, 'x_3': 1}. Best is trial 26 with value: 0.0.
[I 2024-11-24 16:09:13,141] Trial 143 finished with value: 2.0 and parameters: {'x_0': -1, 'x_1': 0, 'x_2': 0, 'x_3': -1}. Best is trial 16 with value: 0.0.
[I 2024-11-24 16:09:13,147] Trial 144 finished with value: 10.0 and parameters: {'x_0': 0, 'x_1': 0, 'x_2': -3, 'x_3': -1}. Best is trial 29 with value: 0.0.
[I 2024-11-24 16:09:13,217] Trial 147 finished with value: 3.0 and parameters: {'x_0': -1, 'x_1': 0, 'x_2': -1, 'x_3': -1}. Best is trial 21 with value: 0.0.
[I 2024-11-24 16:09:13,231] Trial 136 finished with value: 3.0 and parameters: {'x_0': 1, 'x_1': 1, 'x_2': 0, 'x_3': 1}. Best is trial 41 with value: 0.0.
[I 2024-11-24 16:09:13,241] Trial 137 finished with value: 5.0 and parameters: {'x_0': 2, 'x_1': 0, 'x_2': 1, 'x_3': 0}. Best is trial 56 with value: 0.0.
[I 2024-11-24 16:09:13,285] Trial 141 finished with value: 5.0 and parameters: {'x_0': 0, 'x_1': 0, 'x_2': 1, 'x_3': 2}. Best is trial 25 with value: 0.0.
[I 2024-11-24 16:09:13,289] Trial 137 finished with value: 2.0 and parameters: {'x_0': 1, 'x_1': -1, 'x_2': 0, 'x_3': 0}. Best is trial 42 with value: 1.0.
[I 2024-11-24 16:09:13,307] Trial 147 finished with value: 6.0 and parameters: {'x_0': -1, 'x_1': 0, 'x_2': 1, 'x_3': -2}. Best is trial 32 with value: 1.0.
[I 2024-11-24 16:09:13,315] Trial 134 finished with value: 3.0 and parameters: {'x_0': 1, 'x_1': 1, 'x_2': -1, 'x_3': 0}. Best is trial 99 with value: 0.0.
[I 2024-11-24 16:09:13,366] Trial 143 finished with value: 2.0 and parameters: {'x_0': 0, 'x_1': 0, 'x_2': -1, 'x_3': -1}. Best is trial 26 with value: 0.0.
[I 2024-11-24 16:09:13,403] Trial 145 finished with value: 13.0 and parameters: {'x_0': 0, 'x_1': -2, 'x_2': 3, 'x_3': 0}. Best is trial 29 with value: 0.0.
[I 2024-11-24 16:09:13,413] Trial 144 finished with value: 5.0 and parameters: {'x_0': -1, 'x_1': 0, 'x_2': 0, 'x_3': 2}. Best is trial 16 with value: 0.0.
[I 2024-11-24 16:09:13,515] Trial 138 finished with value: 7.0 and parameters: {'x_0': -1, 'x_1': -1, 'x_2': -1, 'x_3': -2}. Best is trial 56 with value: 0.0.
[I 2024-11-24 16:09:13,515] Trial 148 finished with value: 3.0 and parameters: {'x_0': -1, 'x_1': 1, 'x_2': 1, 'x_3': 0}. Best is trial 21 with value: 0.0.
[I 2024-11-24 16:09:13,584] Trial 137 finished with value: 11.0 and parameters: {'x_0': -1, 'x_1': -3, 'x_2': 1, 'x_3': 0}. Best is trial 41 with value: 0.0.
[I 2024-11-24 16:09:13,586] Trial 148 finished with value: 11.0 and parameters: {'x_0': 1, 'x_1': 0, 'x_2': 1, 'x_3': 3}. Best is trial 32 with value: 1.0.
[I 2024-11-24 16:09:13,589] Trial 138 finished with value: 2.0 and parameters: {'x_0': -1, 'x_1': -1, 'x_2': 0, 'x_3': 0}. Best is trial 42 with value: 1.0.
[I 2024-11-24 16:09:13,619] Trial 135 finished with value: 3.0 and parameters: {'x_0': -1, 'x_1': 1, 'x_2': -1, 'x_3': 0}. Best is trial 99 with value: 0.0.
[I 2024-11-24 16:09:13,711] Trial 144 finished with value: 2.0 and parameters: {'x_0': 1, 'x_1': 0, 'x_2': 1, 'x_3': 0}. Best is trial 26 with value: 0.0.
[I 2024-11-24 16:09:13,724] Trial 145 finished with value: 3.0 and parameters: {'x_0': -1, 'x_1': 0, 'x_2': 1, 'x_3': -1}. Best is trial 16 with value: 0.0.
[I 2024-11-24 16:09:13,757] Trial 142 finished with value: 6.0 and parameters: {'x_0': 1, 'x_1': 0, 'x_2': 2, 'x_3': -1}. Best is trial 25 with value: 0.0.
[I 2024-11-24 16:09:13,801] Trial 146 finished with value: 3.0 and parameters: {'x_0': 1, 'x_1': 1, 'x_2': -1, 'x_3': 0}. Best is trial 29 with value: 0.0.
[I 2024-11-24 16:09:13,810] Trial 149 finished with value: 4.0 and parameters: {'x_0': -1, 'x_1': 1, 'x_2': 1, 'x_3': 1}. Best is trial 21 with value: 0.0.
[I 2024-11-24 16:09:13,882] Trial 149 finished with value: 6.0 and parameters: {'x_0': -1, 'x_1': 0, 'x_2': 1, 'x_3': 2}. Best is trial 32 with value: 1.0.
[I 2024-11-24 16:09:13,895] Trial 139 finished with value: 10.0 and parameters: {'x_0': 3, 'x_1': -1, 'x_2': 0, 'x_3': 0}. Best is trial 42 with value: 1.0.
[I 2024-11-24 16:09:13,935] Trial 139 finished with value: 11.0 and parameters: {'x_0': -1, 'x_1': 3, 'x_2': -1, 'x_3': 0}. Best is trial 56 with value: 0.0.
[I 2024-11-24 16:09:13,940] Trial 136 finished with value: 6.0 and parameters: {'x_0': 2, 'x_1': 1, 'x_2': -1, 'x_3': 0}. Best is trial 99 with value: 0.0.
[I 2024-11-24 16:09:14,010] Trial 143 finished with value: 9.0 and parameters: {'x_0': 0, 'x_1': 0, 'x_2': 0, 'x_3': 3}. Best is trial 25 with value: 0.0.
[I 2024-11-24 16:09:14,016] Trial 145 finished with value: 3.0 and parameters: {'x_0': 1, 'x_1': 0, 'x_2': 1, 'x_3': -1}. Best is trial 26 with value: 0.0.
[I 2024-11-24 16:09:14,032] Trial 150 finished with value: 3.0 and parameters: {'x_0': -1, 'x_1': 0, 'x_2': -1, 'x_3': 1}. Best is trial 21 with value: 0.0.
[I 2024-11-24 16:09:14,040] Trial 138 finished with value: 7.0 and parameters: {'x_0': 1, 'x_1': -1, 'x_2': -2, 'x_3': -1}. Best is trial 41 with value: 0.0.
[I 2024-11-24 16:09:14,054] Trial 147 finished with value: 14.0 and parameters: {'x_0': -1, 'x_1': 3, 'x_2': 2, 'x_3': 0}. Best is trial 29 with value: 0.0.
[I 2024-11-24 16:09:14,130] Trial 150 finished with value: 1.0 and parameters: {'x_0': 0, 'x_1': 0, 'x_2': -1, 'x_3': 0}. Best is trial 32 with value: 1.0.
[I 2024-11-24 16:09:14,176] Trial 146 finished with value: 3.0 and parameters: {'x_0': -1, 'x_1': 0, 'x_2': 1, 'x_3': 1}. Best is trial 16 with value: 0.0.
[I 2024-11-24 16:09:14,228] Trial 140 finished with value: 11.0 and parameters: {'x_0': 3, 'x_1': 0, 'x_2': -1, 'x_3': -1}. Best is trial 56 with value: 0.0.
[I 2024-11-24 16:09:14,271] Trial 139 finished with value: 4.0 and parameters: {'x_0': 1, 'x_1': -1, 'x_2': -1, 'x_3': -1}. Best is trial 41 with value: 0.0.
[I 2024-11-24 16:09:14,279] Trial 144 finished with value: 6.0 and parameters: {'x_0': -1, 'x_1': 0, 'x_2': -1, 'x_3': -2}. Best is trial 25 with value: 0.0.
[I 2024-11-24 16:09:14,281] Trial 151 finished with value: 4.0 and parameters: {'x_0': -1, 'x_1': 1, 'x_2': 1, 'x_3': -1}. Best is trial 21 with value: 0.0.
[I 2024-11-24 16:09:14,311] Trial 146 finished with value: 3.0 and parameters: {'x_0': 1, 'x_1': 0, 'x_2': 1, 'x_3': 1}. Best is trial 26 with value: 0.0.
[I 2024-11-24 16:09:14,345] Trial 148 finished with value: 10.0 and parameters: {'x_0': -2, 'x_1': 2, 'x_2': -1, 'x_3': 1}. Best is trial 29 with value: 0.0.
[I 2024-11-24 16:09:14,353] Trial 137 finished with value: 6.0 and parameters: {'x_0': -2, 'x_1': 1, 'x_2': -1, 'x_3': 0}. Best is trial 99 with value: 0.0.
[I 2024-11-24 16:09:14,397] Trial 140 finished with value: 3.0 and parameters: {'x_0': -1, 'x_1': -1, 'x_2': 0, 'x_3': -1}. Best is trial 42 with value: 1.0.
[I 2024-11-24 16:09:14,397] Trial 151 finished with value: 2.0 and parameters: {'x_0': 0, 'x_1': 0, 'x_2': -1, 'x_3': -1}. Best is trial 32 with value: 1.0.
[I 2024-11-24 16:09:14,459] Trial 147 finished with value: 3.0 and parameters: {'x_0': -1, 'x_1': 0, 'x_2': -1, 'x_3': 1}. Best is trial 16 with value: 0.0.
[I 2024-11-24 16:09:14,506] Trial 141 finished with value: 6.0 and parameters: {'x_0': -1, 'x_1': 0, 'x_2': -1, 'x_3': -2}. Best is trial 56 with value: 0.0.
[I 2024-11-24 16:09:14,526] Trial 140 finished with value: 5.0 and parameters: {'x_0': 0, 'x_1': 0, 'x_2': -2, 'x_3': 1}. Best is trial 41 with value: 0.0.
[I 2024-11-24 16:09:14,543] Trial 152 finished with value: 5.0 and parameters: {'x_0': 2, 'x_1': 0, 'x_2': 0, 'x_3': -1}. Best is trial 21 with value: 0.0.
[I 2024-11-24 16:09:14,608] Trial 147 finished with value: 5.0 and parameters: {'x_0': 0, 'x_1': 0, 'x_2': -2, 'x_3': -1}. Best is trial 26 with value: 0.0.
[I 2024-11-24 16:09:14,622] Trial 149 finished with value: 10.0 and parameters: {'x_0': 3, 'x_1': -1, 'x_2': 0, 'x_3': 0}. Best is trial 29 with value: 0.0.
[I 2024-11-24 16:09:14,630] Trial 138 finished with value: 6.0 and parameters: {'x_0': 0, 'x_1': 1, 'x_2': -1, 'x_3': 2}. Best is trial 99 with value: 0.0.
[I 2024-11-24 16:09:14,638] Trial 141 finished with value: 3.0 and parameters: {'x_0': 1, 'x_1': 1, 'x_2': 0, 'x_3': 1}. Best is trial 42 with value: 1.0.
[I 2024-11-24 16:09:14,641] Trial 145 finished with value: 5.0 and parameters: {'x_0': 0, 'x_1': 0, 'x_2': -1, 'x_3': 2}. Best is trial 25 with value: 0.0.
[I 2024-11-24 16:09:14,678] Trial 152 finished with value: 2.0 and parameters: {'x_0': 0, 'x_1': 0, 'x_2': -1, 'x_3': 1}. Best is trial 32 with value: 1.0.
[I 2024-11-24 16:09:14,713] Trial 148 finished with value: 3.0 and parameters: {'x_0': -1, 'x_1': 0, 'x_2': -1, 'x_3': -1}. Best is trial 16 with value: 0.0.
[I 2024-11-24 16:09:14,765] Trial 153 finished with value: 6.0 and parameters: {'x_0': -2, 'x_1': 0, 'x_2': -1, 'x_3': 1}. Best is trial 21 with value: 0.0.
[I 2024-11-24 16:09:14,853] Trial 142 finished with value: 10.0 and parameters: {'x_0': 1, 'x_1': 0, 'x_2': 0, 'x_3': -3}. Best is trial 56 with value: 0.0.
[I 2024-11-24 16:09:14,863] Trial 148 finished with value: 4.0 and parameters: {'x_0': 1, 'x_1': 1, 'x_2': 1, 'x_3': -1}. Best is trial 26 with value: 0.0.
[I 2024-11-24 16:09:14,883] Trial 142 finished with value: 4.0 and parameters: {'x_0': 1, 'x_1': 1, 'x_2': 1, 'x_3': -1}. Best is trial 42 with value: 1.0.
[I 2024-11-24 16:09:14,903] Trial 150 finished with value: 5.0 and parameters: {'x_0': 2, 'x_1': 0, 'x_2': -1, 'x_3': 0}. Best is trial 29 with value: 0.0.
[I 2024-11-24 16:09:14,907] Trial 141 finished with value: 9.0 and parameters: {'x_0': 0, 'x_1': 0, 'x_2': 3, 'x_3': 0}. Best is trial 41 with value: 0.0.
[I 2024-11-24 16:09:14,909] Trial 146 finished with value: 6.0 and parameters: {'x_0': 2, 'x_1': 0, 'x_2': 1, 'x_3': 1}. Best is trial 25 with value: 0.0.
[I 2024-11-24 16:09:14,944] Trial 139 finished with value: 4.0 and parameters: {'x_0': 1, 'x_1': 1, 'x_2': -1, 'x_3': 1}. Best is trial 99 with value: 0.0.
[I 2024-11-24 16:09:14,947] Trial 153 finished with value: 5.0 and parameters: {'x_0': 0, 'x_1': 0, 'x_2': -1, 'x_3': -2}. Best is trial 32 with value: 1.0.
[I 2024-11-24 16:09:15,013] Trial 154 finished with value: 6.0 and parameters: {'x_0': -2, 'x_1': 1, 'x_2': 1, 'x_3': 0}. Best is trial 21 with value: 0.0.
[I 2024-11-24 16:09:15,115] Trial 149 finished with value: 3.0 and parameters: {'x_0': 1, 'x_1': 1, 'x_2': 0, 'x_3': 1}. Best is trial 26 with value: 0.0.
[I 2024-11-24 16:09:15,134] Trial 143 finished with value: 6.0 and parameters: {'x_0': 1, 'x_1': 0, 'x_2': 1, 'x_3': -2}. Best is trial 56 with value: 0.0.
[I 2024-11-24 16:09:15,145] Trial 142 finished with value: 6.0 and parameters: {'x_0': -2, 'x_1': -1, 'x_2': 1, 'x_3': 0}. Best is trial 41 with value: 0.0.
[I 2024-11-24 16:09:15,146] Trial 151 finished with value: 3.0 and parameters: {'x_0': -1, 'x_1': -1, 'x_2': 0, 'x_3': 1}. Best is trial 29 with value: 0.0.
[I 2024-11-24 16:09:15,153] Trial 149 finished with value: 5.0 and parameters: {'x_0': -1, 'x_1': 0, 'x_2': 0, 'x_3': -2}. Best is trial 16 with value: 0.0.
[I 2024-11-24 16:09:15,161] Trial 147 finished with value: 6.0 and parameters: {'x_0': -1, 'x_1': 0, 'x_2': 2, 'x_3': 1}. Best is trial 25 with value: 0.0.
[I 2024-11-24 16:09:15,184] Trial 154 finished with value: 5.0 and parameters: {'x_0': 0, 'x_1': 0, 'x_2': -1, 'x_3': 2}. Best is trial 32 with value: 1.0.
[I 2024-11-24 16:09:15,276] Trial 155 finished with value: 3.0 and parameters: {'x_0': -1, 'x_1': 1, 'x_2': 0, 'x_3': 1}. Best is trial 21 with value: 0.0.
[I 2024-11-24 16:09:15,396] Trial 143 finished with value: 3.0 and parameters: {'x_0': -1, 'x_1': 1, 'x_2': 0, 'x_3': 1}. Best is trial 42 with value: 1.0.
[I 2024-11-24 16:09:15,451] Trial 140 finished with value: 4.0 and parameters: {'x_0': -1, 'x_1': 1, 'x_2': -1, 'x_3': -1}. Best is trial 99 with value: 0.0.
[I 2024-11-24 16:09:15,480] Trial 144 finished with value: 6.0 and parameters: {'x_0': 1, 'x_1': 0, 'x_2': -2, 'x_3': 1}. Best is trial 56 with value: 0.0.
[I 2024-11-24 16:09:15,488] Trial 150 finished with value: 3.0 and parameters: {'x_0': -1, 'x_1': -1, 'x_2': 0, 'x_3': 1}. Best is trial 16 with value: 0.0.
[I 2024-11-24 16:09:15,508] Trial 150 finished with value: 3.0 and parameters: {'x_0': 1, 'x_1': 1, 'x_2': 0, 'x_3': -1}. Best is trial 26 with value: 0.0.
[I 2024-11-24 16:09:15,512] Trial 143 finished with value: 6.0 and parameters: {'x_0': 2, 'x_1': -1, 'x_2': -1, 'x_3': 0}. Best is trial 41 with value: 0.0.
