[I 2024-11-24 16:09:26,263] Trial 172 finished with value: 8.0 and parameters: {'x_0': 2, 'x_1': 0, 'x_2': -2, 'x_3': 0}. Best is trial 56 with value: 0.0.
[I 2024-11-24 16:09:26,324] Trial 171 finished with value: 5.0 and parameters: {'x_0': 0, 'x_1': 0, 'x_2': 1, 'x_3': -2}. Best is trial 148 with value: 0.0.
[I 2024-11-24 16:09:26,329] Trial 175 finished with value: 2.0 and parameters: {'x_0': 0, 'x_1': -1, 'x_2': 0, 'x_3': 1}. Best is trial 25 with value: 0.0.
[I 2024-11-24 16:09:26,334] Trial 185 finished with value: 11.0 and parameters: {'x_0': 0, 'x_1': 1, 'x_2': 3, 'x_3': -1}. Best is trial 21 with value: 0.0.
[I 2024-11-24 16:09:26,355] Trial 176 finished with value: 4.0 and parameters: {'x_0': -1, 'x_1': -1, 'x_2': -1, 'x_3': 1}. Best is trial 16 with value: 0.0.
[I 2024-11-24 16:09:26,463] Trial 183 finished with value: 11.0 and parameters: {'x_0': 0, 'x_1': -1, 'x_2': -3, 'x_3': 1}. Best is trial 29 with value: 0.0.
[I 2024-11-24 16:09:26,480] Trial 169 finished with value: 11.0 and parameters: {'x_0': 1, 'x_1': -1, 'x_2': 3, 'x_3': 0}. Best is trial 41 with value: 0.0.
[I 2024-11-24 16:09:26,588] Trial 173 finished with value: 6.0 and parameters: {'x_0': 0, 'x_1': -1, 'x_2': -2, 'x_3': -1}. Best is trial 56 with value: 0.0.
[I 2024-11-24 16:09:26,711] Trial 172 finished with value: 3.0 and parameters: {'x_0': 0, 'x_1': -1, 'x_2': 1, 'x_3': -1}. Best is trial 148 with value: 0.0.
[I 2024-11-24 16:09:26,714] Trial 176 finished with value: 5.0 and parameters: {'x_0': 0, 'x_1': -1, 'x_2': 0, 'x_3': -2}. Best is trial 25 with value: 0.0.
[I 2024-11-24 16:09:26,738] Trial 187 finished with value: 4.0 and parameters: {'x_0': 0, 'x_1': 0, 'x_2': 2, 'x_3': 0}. Best is trial 164 with value: 0.0.
[I 2024-11-24 16:09:26,753] Trial 182 finished with value: 3.0 and parameters: {'x_0': -1, 'x_1': 1, 'x_2': -1, 'x_3': 0}. Best is trial 26 with value: 0.0.
[I 2024-11-24 16:09:26,842] Trial 167 finished with value: 4.0 and parameters: {'x_0': 1, 'x_1': 1, 'x_2': 1, 'x_3': -1}. Best is trial 99 with value: 0.0.
[I 2024-11-24 16:09:26,862] Trial 177 finished with value: 3.0 and parameters: {'x_0': -1, 'x_1': 1, 'x_2': 1, 'x_3': 0}. Best is trial 16 with value: 0.0.
[I 2024-11-24 16:09:26,873] Trial 186 finished with value: 6.0 and parameters: {'x_0': -2, 'x_1': 1, 'x_2': 0, 'x_3': 1}. Best is trial 21 with value: 0.0.
[I 2024-11-24 16:09:26,879] Trial 174 finished with value: 12.0 and parameters: {'x_0': -1, 'x_1': -1, 'x_2': -1, 'x_3': 3}. Best is trial 56 with value: 0.0.
[I 2024-11-24 16:09:26,911] Trial 170 finished with value: 5.0 and parameters: {'x_0': -1, 'x_1': 0, 'x_2': 2, 'x_3': 0}. Best is trial 41 with value: 0.0.
[I 2024-11-24 16:09:27,004] Trial 177 finished with value: 5.0 and parameters: {'x_0': 0, 'x_1': -1, 'x_2': 0, 'x_3': 2}. Best is trial 25 with value: 0.0.
[I 2024-11-24 16:09:27,068] Trial 184 finished with value: 11.0 and parameters: {'x_0': 0, 'x_1': -1, 'x_2': -1, 'x_3': 3}. Best is trial 29 with value: 0.0.
[I 2024-11-24 16:09:27,070] Trial 173 finished with value: 6.0 and parameters: {'x_0': 1, 'x_1': 1, 'x_2': 0, 'x_3': 2}. Best is trial 148 with value: 0.0.
[I 2024-11-24 16:09:27,138] Trial 178 finished with value: 4.0 and parameters: {'x_0': -1, 'x_1': 1, 'x_2': 1, 'x_3': -1}. Best is trial 16 with value: 0.0.
[I 2024-11-24 16:09:27,164] Trial 188 finished with value: 4.0 and parameters: {'x_0': 0, 'x_1': 0, 'x_2': -2, 'x_3': 0}. Best is trial 164 with value: 0.0.
[I 2024-11-24 16:09:27,179] Trial 171 finished with value: 4.0 and parameters: {'x_0': 0, 'x_1': 0, 'x_2': 2, 'x_3': 0}. Best is trial 41 with value: 0.0.
[I 2024-11-24 16:09:27,181] Trial 168 finished with value: 11.0 and parameters: {'x_0': -3, 'x_1': 0, 'x_2': -1, 'x_3': 1}. Best is trial 99 with value: 0.0.
[I 2024-11-24 16:09:27,182] Trial 187 finished with value: 11.0 and parameters: {'x_0': 3, 'x_1': 0, 'x_2': -1, 'x_3': -1}. Best is trial 21 with value: 0.0.
[I 2024-11-24 16:09:27,296] Trial 183 finished with value: 6.0 and parameters: {'x_0': -1, 'x_1': -1, 'x_2': 0, 'x_3': 2}. Best is trial 26 with value: 0.0.
[I 2024-11-24 16:09:27,344] Trial 175 finished with value: 9.0 and parameters: {'x_0': 2, 'x_1': 2, 'x_2': -1, 'x_3': 0}. Best is trial 56 with value: 0.0.
[I 2024-11-24 16:09:27,398] Trial 174 finished with value: 4.0 and parameters: {'x_0': -1, 'x_1': -1, 'x_2': -1, 'x_3': -1}. Best is trial 148 with value: 0.0.
[I 2024-11-24 16:09:27,451] Trial 179 finished with value: 3.0 and parameters: {'x_0': -1, 'x_1': 1, 'x_2': -1, 'x_3': 0}. Best is trial 16 with value: 0.0.
[I 2024-11-24 16:09:27,463] Trial 178 finished with value: 10.0 and parameters: {'x_0': 0, 'x_1': -1, 'x_2': 0, 'x_3': 3}. Best is trial 25 with value: 0.0.
[I 2024-11-24 16:09:27,546] Trial 169 finished with value: 6.0 and parameters: {'x_0': 0, 'x_1': 1, 'x_2': -1, 'x_3': -2}. Best is trial 99 with value: 0.0.
[I 2024-11-24 16:09:27,595] Trial 185 finished with value: 10.0 and parameters: {'x_0': 1, 'x_1': 2, 'x_2': -2, 'x_3': -1}. Best is trial 29 with value: 0.0.
[I 2024-11-24 16:09:27,635] Trial 176 finished with value: 9.0 and parameters: {'x_0': -2, 'x_1': -2, 'x_2': -1, 'x_3': 0}. Best is trial 56 with value: 0.0.
[I 2024-11-24 16:09:27,682] Trial 189 finished with value: 9.0 and parameters: {'x_0': 0, 'x_1': 0, 'x_2': -3, 'x_3': 0}. Best is trial 164 with value: 0.0.
[I 2024-11-24 16:09:27,717] Trial 175 finished with value: 5.0 and parameters: {'x_0': 2, 'x_1': 0, 'x_2': 0, 'x_3': 1}. Best is trial 148 with value: 0.0.
[I 2024-11-24 16:09:27,759] Trial 172 finished with value: 11.0 and parameters: {'x_0': 1, 'x_1': 0, 'x_2': -3, 'x_3': 1}. Best is trial 41 with value: 0.0.
[I 2024-11-24 16:09:27,850] Trial 179 finished with value: 5.0 and parameters: {'x_0': -2, 'x_1': -1, 'x_2': 0, 'x_3': 0}. Best is trial 25 with value: 0.0.
[I 2024-11-24 16:09:27,892] Trial 184 finished with value: 4.0 and parameters: {'x_0': -1, 'x_1': -1, 'x_2': -1, 'x_3': -1}. Best is trial 26 with value: 0.0.
[I 2024-11-24 16:09:27,990] Trial 180 finished with value: 4.0 and parameters: {'x_0': -1, 'x_1': 1, 'x_2': -1, 'x_3': 1}. Best is trial 16 with value: 0.0.
[I 2024-11-24 16:09:28,067] Trial 177 finished with value: 5.0 and parameters: {'x_0': -1, 'x_1': 2, 'x_2': 0, 'x_3': 0}. Best is trial 56 with value: 0.0.
[I 2024-11-24 16:09:28,068] Trial 188 finished with value: 6.0 and parameters: {'x_0': -1, 'x_1': 1, 'x_2': 0, 'x_3': -2}. Best is trial 21 with value: 0.0.
[I 2024-11-24 16:09:28,103] Trial 170 finished with value: 3.0 and parameters: {'x_0': 0, 'x_1': 1, 'x_2': 1, 'x_3': 1}. Best is trial 99 with value: 0.0.
[I 2024-11-24 16:09:28,189] Trial 190 finished with value: 10.0 and parameters: {'x_0': -1, 'x_1': 0, 'x_2': 0, 'x_3': -3}. Best is trial 164 with value: 0.0.
[I 2024-11-24 16:09:28,193] Trial 173 finished with value: 10.0 and parameters: {'x_0': 0, 'x_1': 0, 'x_2': 1, 'x_3': 3}. Best is trial 41 with value: 0.0.
[I 2024-11-24 16:09:28,200] Trial 180 finished with value: 5.0 and parameters: {'x_0': 2, 'x_1': -1, 'x_2': 0, 'x_3': 0}. Best is trial 25 with value: 0.0.
[I 2024-11-24 16:09:28,273] Trial 176 finished with value: 4.0 and parameters: {'x_0': 1, 'x_1': -1, 'x_2': 1, 'x_3': -1}. Best is trial 148 with value: 0.0.
[I 2024-11-24 16:09:28,276] Trial 186 finished with value: 9.0 and parameters: {'x_0': 0, 'x_1': -2, 'x_2': -2, 'x_3': 1}. Best is trial 29 with value: 0.0.
[I 2024-11-24 16:09:28,277] Trial 181 finished with value: 4.0 and parameters: {'x_0': -1, 'x_1': 1, 'x_2': 1, 'x_3': 1}. Best is trial 16 with value: 0.0.
[I 2024-11-24 16:09:28,452] Trial 171 finished with value: 3.0 and parameters: {'x_0': 0, 'x_1': 1, 'x_2': 1, 'x_3': -1}. Best is trial 99 with value: 0.0.
[I 2024-11-24 16:09:28,508] Trial 189 finished with value: 5.0 and parameters: {'x_0': -1, 'x_1': 0, 'x_2': 2, 'x_3': 0}. Best is trial 21 with value: 0.0.
[I 2024-11-24 16:09:28,511] Trial 178 finished with value: 6.0 and parameters: {'x_0': -1, 'x_1': 2, 'x_2': 0, 'x_3': 1}. Best is trial 56 with value: 0.0.
[I 2024-11-24 16:09:28,550] Trial 174 finished with value: 5.0 and parameters: {'x_0': -1, 'x_1': 2, 'x_2': 0, 'x_3': 0}. Best is trial 41 with value: 0.0.
[I 2024-11-24 16:09:28,552] Trial 185 finished with value: 6.0 and parameters: {'x_0': 1, 'x_1': 1, 'x_2': 0, 'x_3': 2}. Best is trial 26 with value: 0.0.
[I 2024-11-24 16:09:28,584] Trial 177 finished with value: 5.0 and parameters: {'x_0': 1, 'x_1': 0, 'x_2': -2, 'x_3': 0}. Best is trial 148 with value: 0.0.
[I 2024-11-24 16:09:28,690] Trial 187 finished with value: 10.0 and parameters: {'x_0': 1, 'x_1': 1, 'x_2': -2, 'x_3': 2}. Best is trial 29 with value: 0.0.
[I 2024-11-24 16:09:28,700] Trial 181 finished with value: 6.0 and parameters: {'x_0': -1, 'x_1': -1, 'x_2': 0, 'x_3': 2}. Best is trial 25 with value: 0.0.
[I 2024-11-24 16:09:28,710] Trial 191 finished with value: 5.0 and parameters: {'x_0': 0, 'x_1': 0, 'x_2': 2, 'x_3': 1}. Best is trial 164 with value: 0.0.
[I 2024-11-24 16:09:28,784] Trial 182 finished with value: 4.0 and parameters: {'x_0': -1, 'x_1': 1, 'x_2': -1, 'x_3': -1}. Best is trial 16 with value: 0.0.
[I 2024-11-24 16:09:28,786] Trial 179 finished with value: 9.0 and parameters: {'x_0': -1, 'x_1': 2, 'x_2': 2, 'x_3': 0}. Best is trial 56 with value: 0.0.
[I 2024-11-24 16:09:28,788] Trial 172 finished with value: 6.0 and parameters: {'x_0': 0, 'x_1': 1, 'x_2': 1, 'x_3': 2}. Best is trial 99 with value: 0.0.
[I 2024-11-24 16:09:28,836] Trial 190 finished with value: 6.0 and parameters: {'x_0': -1, 'x_1': -1, 'x_2': 0, 'x_3': -2}. Best is trial 21 with value: 0.0.
[I 2024-11-24 16:09:28,863] Trial 178 finished with value: 4.0 and parameters: {'x_0': 1, 'x_1': 1, 'x_2': 1, 'x_3': 1}. Best is trial 148 with value: 0.0.
[I 2024-11-24 16:09:28,989] Trial 175 finished with value: 8.0 and parameters: {'x_0': -2, 'x_1': 0, 'x_2': 2, 'x_3': 0}. Best is trial 41 with value: 0.0.
[I 2024-11-24 16:09:28,991] Trial 186 finished with value: 4.0 and parameters: {'x_0': 1, 'x_1': -1, 'x_2': -1, 'x_3': -1}. Best is trial 26 with value: 0.0.
[I 2024-11-24 16:09:28,999] Trial 192 finished with value: 5.0 and parameters: {'x_0': 0, 'x_1': 0, 'x_2': -2, 'x_3': 1}. Best is trial 164 with value: 0.0.
[I 2024-11-24 16:09:29,055] Trial 180 finished with value: 11.0 and parameters: {'x_0': 1, 'x_1': 0, 'x_2': -1, 'x_3': 3}. Best is trial 56 with value: 0.0.
[I 2024-11-24 16:09:29,060] Trial 188 finished with value: 9.0 and parameters: {'x_0': 0, 'x_1': -2, 'x_2': 1, 'x_3': -2}. Best is trial 29 with value: 0.0.
[I 2024-11-24 16:09:29,113] Trial 182 finished with value: 6.0 and parameters: {'x_0': -2, 'x_1': -1, 'x_2': 0, 'x_3': -1}. Best is trial 25 with value: 0.0.
[I 2024-11-24 16:09:29,192] Trial 179 finished with value: 6.0 and parameters: {'x_0': 1, 'x_1': 1, 'x_2': 2, 'x_3': 0}. Best is trial 148 with value: 0.0.
[I 2024-11-24 16:09:29,204] Trial 176 finished with value: 6.0 and parameters: {'x_0': 1, 'x_1': -2, 'x_2': 1, 'x_3': 0}. Best is trial 41 with value: 0.0.
[I 2024-11-24 16:09:29,245] Trial 173 finished with value: 5.0 and parameters: {'x_0': -2, 'x_1': 0, 'x_2': 0, 'x_3': 1}. Best is trial 99 with value: 0.0.
[I 2024-11-24 16:09:29,300] Trial 193 finished with value: 5.0 and parameters: {'x_0': -1, 'x_1': 0, 'x_2': 2, 'x_3': 0}. Best is trial 164 with value: 0.0.
[I 2024-11-24 16:09:29,439] Trial 183 finished with value: 6.0 and parameters: {'x_0': 2, 'x_1': -1, 'x_2': 0, 'x_3': 1}. Best is trial 25 with value: 0.0.
[I 2024-11-24 16:09:29,449] Trial 181 finished with value: 1.0 and parameters: {'x_0': 0, 'x_1': 1, 'x_2': 0, 'x_3': 0}. Best is trial 56 with value: 0.0.
[I 2024-11-24 16:09:29,470] Trial 189 finished with value: 9.0 and parameters: {'x_0': 0, 'x_1': -2, 'x_2': 2, 'x_3': 1}. Best is trial 29 with value: 0.0.
[I 2024-11-24 16:09:29,471] Trial 187 finished with value: 12.0 and parameters: {'x_0': 1, 'x_1': 1, 'x_2': -3, 'x_3': 1}. Best is trial 26 with value: 0.0.
[I 2024-11-24 16:09:29,475] Trial 177 finished with value: 6.0 and parameters: {'x_0': 0, 'x_1': -1, 'x_2': 1, 'x_3': 2}. Best is trial 41 with value: 0.0.
[I 2024-11-24 16:09:29,514] Trial 180 finished with value: 10.0 and parameters: {'x_0': -3, 'x_1': 0, 'x_2': 0, 'x_3': -1}. Best is trial 148 with value: 0.0.
[I 2024-11-24 16:09:29,521] Trial 191 finished with value: 11.0 and parameters: {'x_0': -1, 'x_1': -3, 'x_2': 0, 'x_3': 1}. Best is trial 21 with value: 0.0.
[I 2024-11-24 16:09:29,556] Trial 174 finished with value: 11.0 and parameters: {'x_0': 3, 'x_1': -1, 'x_2': 1, 'x_3': 0}. Best is trial 99 with value: 0.0.
[I 2024-11-24 16:09:29,566] Trial 183 finished with value: 5.0 and parameters: {'x_0': 2, 'x_1': -1, 'x_2': 0, 'x_3': 0}. Best is trial 16 with value: 0.0.
[I 2024-11-24 16:09:29,641] Trial 194 finished with value: 5.0 and parameters: {'x_0': -1, 'x_1': 0, 'x_2': -2, 'x_3': 0}. Best is trial 164 with value: 0.0.
[I 2024-11-24 16:09:29,792] Trial 181 finished with value: 6.0 and parameters: {'x_0': 1, 'x_1': 0, 'x_2': -1, 'x_3': 2}. Best is trial 148 with value: 0.0.
[I 2024-11-24 16:09:29,832] Trial 182 finished with value: 2.0 and parameters: {'x_0': 0, 'x_1': 1, 'x_2': -1, 'x_3': 0}. Best is trial 56 with value: 0.0.
[I 2024-11-24 16:09:29,846] Trial 190 finished with value: 14.0 and parameters: {'x_0': 1, 'x_1': 0, 'x_2': 2, 'x_3': 3}. Best is trial 29 with value: 0.0.
[I 2024-11-24 16:09:29,864] Trial 175 finished with value: 6.0 and parameters: {'x_0': 1, 'x_1': -1, 'x_2': 0, 'x_3': -2}. Best is trial 99 with value: 0.0.
[I 2024-11-24 16:09:29,876] Trial 195 finished with value: 5.0 and parameters: {'x_0': 1, 'x_1': 0, 'x_2': 2, 'x_3': 0}. Best is trial 164 with value: 0.0.
[I 2024-11-24 16:09:29,895] Trial 178 finished with value: 3.0 and parameters: {'x_0': 1, 'x_1': 1, 'x_2': 1, 'x_3': 0}. Best is trial 41 with value: 0.0.
[I 2024-11-24 16:09:29,904] Trial 184 finished with value: 12.0 and parameters: {'x_0': -1, 'x_1': 1, 'x_2': -1, 'x_3': 3}. Best is trial 16 with value: 0.0.
[I 2024-11-24 16:09:29,937] Trial 192 finished with value: 6.0 and parameters: {'x_0': -1, 'x_1': 1, 'x_2': 0, 'x_3': 2}. Best is trial 21 with value: 0.0.
[I 2024-11-24 16:09:29,937] Trial 188 finished with value: 10.0 and parameters: {'x_0': 0, 'x_1': 0, 'x_2': 1, 'x_3': 3}. Best is trial 26 with value: 0.0.
[I 2024-11-24 16:09:30,148] Trial 179 finished with value: 4.0 and parameters: {'x_0': 1, 'x_1': 1, 'x_2': 1, 'x_3': -1}. Best is trial 41 with value: 0.0.
[I 2024-11-24 16:09:30,151] Trial 196 finished with value: 5.0 and parameters: {'x_0': 0, 'x_1': 0, 'x_2': 2, 'x_3': -1}. Best is trial 164 with value: 0.0.
[I 2024-11-24 16:09:30,154] Trial 184 finished with value: 11.0 and parameters: {'x_0': -3, 'x_1': -1, 'x_2': 0, 'x_3': -1}. Best is trial 25 with value: 0.0.
[I 2024-11-24 16:09:30,215] Trial 183 finished with value: 2.0 and parameters: {'x_0': 0, 'x_1': 1, 'x_2': 0, 'x_3': 1}. Best is trial 56 with value: 0.0.
[I 2024-11-24 16:09:30,232] Trial 185 finished with value: 7.0 and parameters: {'x_0': -1, 'x_1': -1, 'x_2': 1, 'x_3': -2}. Best is trial 16 with value: 0.0.
[I 2024-11-24 16:09:30,267] Trial 189 finished with value: 6.0 and parameters: {'x_0': 0, 'x_1': 1, 'x_2': -1, 'x_3': 2}. Best is trial 26 with value: 0.0.
[I 2024-11-24 16:09:30,272] Trial 191 finished with value: 6.0 and parameters: {'x_0': 0, 'x_1': -1, 'x_2': -2, 'x_3': -1}. Best is trial 29 with value: 0.0.
[I 2024-11-24 16:09:30,283] Trial 176 finished with value: 11.0 and parameters: {'x_0': -1, 'x_1': -1, 'x_2': 0, 'x_3': -3}. Best is trial 99 with value: 0.0.
[I 2024-11-24 16:09:30,345] Trial 193 finished with value: 3.0 and parameters: {'x_0': -1, 'x_1': -1, 'x_2': -1, 'x_3': 0}. Best is trial 21 with value: 0.0.
[I 2024-11-24 16:09:30,390] Trial 180 finished with value: 7.0 and parameters: {'x_0': 2, 'x_1': 1, 'x_2': 1, 'x_3': 1}. Best is trial 41 with value: 0.0.
[I 2024-11-24 16:09:30,448] Trial 197 finished with value: 5.0 and parameters: {'x_0': 0, 'x_1': 0, 'x_2': -2, 'x_3': -1}. Best is trial 164 with value: 0.0.
[I 2024-11-24 16:09:30,484] Trial 185 finished with value: 11.0 and parameters: {'x_0': -1, 'x_1': -1, 'x_2': -3, 'x_3': 0}. Best is trial 25 with value: 0.0.
[I 2024-11-24 16:09:30,543] Trial 177 finished with value: 4.0 and parameters: {'x_0': 0, 'x_1': 0, 'x_2': 0, 'x_3': 2}. Best is trial 99 with value: 0.0.
[I 2024-11-24 16:09:30,575] Trial 192 finished with value: 4.0 and parameters: {'x_0': 1, 'x_1': 1, 'x_2': 1, 'x_3': -1}. Best is trial 29 with value: 0.0.
[I 2024-11-24 16:09:30,626] Trial 182 finished with value: 6.0 and parameters: {'x_0': 1, 'x_1': -1, 'x_2': 0, 'x_3': -2}. Best is trial 148 with value: 0.0.
[I 2024-11-24 16:09:30,667] Trial 190 finished with value: 6.0 and parameters: {'x_0': 0, 'x_1': -1, 'x_2': -1, 'x_3': -2}. Best is trial 26 with value: 0.0.
[I 2024-11-24 16:09:30,740] Trial 198 finished with value: 11.0 and parameters: {'x_0': -1, 'x_1': 0, 'x_2': -1, 'x_3': 3}. Best is trial 164 with value: 0.0.
[I 2024-11-24 16:09:30,783] Trial 181 finished with value: 6.0 and parameters: {'x_0': -1, 'x_1': 2, 'x_2': -1, 'x_3': 0}. Best is trial 41 with value: 0.0.
[I 2024-11-24 16:09:30,816] Trial 178 finished with value: 7.0 and parameters: {'x_0': 2, 'x_1': 1, 'x_2': 1, 'x_3': -1}. Best is trial 99 with value: 0.0.
[I 2024-11-24 16:09:30,840] Trial 186 finished with value: 6.0 and parameters: {'x_0': 2, 'x_1': 1, 'x_2': 1, 'x_3': 0}. Best is trial 16 with value: 0.0.
[I 2024-11-24 16:09:30,853] Trial 184 finished with value: 2.0 and parameters: {'x_0': 0, 'x_1': 1, 'x_2': 0, 'x_3': -1}. Best is trial 56 with value: 0.0.
[I 2024-11-24 16:09:30,892] Trial 186 finished with value: 6.0 and parameters: {'x_0': 1, 'x_1': 2, 'x_2': 0, 'x_3': 1}. Best is trial 25 with value: 0.0.
[I 2024-11-24 16:09:30,931] Trial 193 finished with value: 10.0 and parameters: {'x_0': 0, 'x_1': -3, 'x_2': 0, 'x_3': -1}. Best is trial 29 with value: 0.0.
[I 2024-11-24 16:09:31,003] Trial 183 finished with value: 6.0 and parameters: {'x_0': 2, 'x_1': -1, 'x_2': -1, 'x_3': 0}. Best is trial 148 with value: 0.0.
[I 2024-11-24 16:09:31,023] Trial 194 finished with value: 6.0 and parameters: {'x_0': -1, 'x_1': -2, 'x_2': -1, 'x_3': 0}. Best is trial 21 with value: 0.0.
[I 2024-11-24 16:09:31,062] Trial 191 finished with value: 11.0 and parameters: {'x_0': 1, 'x_1': -1, 'x_2': 0, 'x_3': 3}. Best is trial 26 with value: 0.0.
[I 2024-11-24 16:09:31,104] Trial 182 finished with value: 12.0 and parameters: {'x_0': -3, 'x_1': -1, 'x_2': -1, 'x_3': 1}. Best is trial 41 with value: 0.0.
[I 2024-11-24 16:09:31,116] Trial 199 finished with value: 6.0 and parameters: {'x_0': 2, 'x_1': 0, 'x_2': 1, 'x_3': 1}. Best is trial 164 with value: 0.0.
[I 2024-11-24 16:09:31,141] Trial 187 finished with value: 6.0 and parameters: {'x_0': 2, 'x_1': -1, 'x_2': 1, 'x_3': 0}. Best is trial 16 with value: 0.0.
[I 2024-11-24 16:09:31,209] Trial 179 finished with value: 11.0 and parameters: {'x_0': 1, 'x_1': 1, 'x_2': 0, 'x_3': 3}. Best is trial 99 with value: 0.0.
[I 2024-11-24 16:09:31,291] Trial 185 finished with value: 10.0 and parameters: {'x_0': 0, 'x_1': 1, 'x_2': 0, 'x_3': -3}. Best is trial 56 with value: 0.0.
[I 2024-11-24 16:09:31,300] Trial 194 finished with value: 22.0 and parameters: {'x_0': 0, 'x_1': 3, 'x_2': 3, 'x_3': -2}. Best is trial 29 with value: 0.0.
[I 2024-11-24 16:09:31,361] Trial 195 finished with value: 12.0 and parameters: {'x_0': 1, 'x_1': 1, 'x_2': 1, 'x_3': -3}. Best is trial 21 with value: 0.0.
[I 2024-11-24 16:09:31,418] Trial 184 finished with value: 6.0 and parameters: {'x_0': 1, 'x_1': 2, 'x_2': 1, 'x_3': 0}. Best is trial 148 with value: 0.0.
[I 2024-11-24 16:09:31,444] Trial 192 finished with value: 4.0 and parameters: {'x_0': 2, 'x_1': 0, 'x_2': 0, 'x_3': 0}. Best is trial 26 with value: 0.0.
[I 2024-11-24 16:09:31,450] Trial 200 finished with value: 5.0 and parameters: {'x_0': 1, 'x_1': 0, 'x_2': -2, 'x_3': 0}. Best is trial 164 with value: 0.0.
[I 2024-11-24 16:09:31,494] Trial 180 finished with value: 2.0 and parameters: {'x_0': 0, 'x_1': 0, 'x_2': -1, 'x_3': -1}. Best is trial 99 with value: 0.0.
[I 2024-11-24 16:09:31,495] Trial 183 finished with value: 8.0 and parameters: {'x_0': -2, 'x_1': -2, 'x_2': 0, 'x_3': 0}. Best is trial 41 with value: 0.0.
[I 2024-11-24 16:09:31,703] Trial 187 finished with value: 3.0 and parameters: {'x_0': 1, 'x_1': 1, 'x_2': 1, 'x_3': 0}. Best is trial 25 with value: 0.0.
[I 2024-11-24 16:09:31,772] Trial 186 finished with value: 3.0 and parameters: {'x_0': 0, 'x_1': 1, 'x_2': -1, 'x_3': 1}. Best is trial 56 with value: 0.0.
[I 2024-11-24 16:09:31,835] Trial 195 finished with value: 3.0 and parameters: {'x_0': -1, 'x_1': 1, 'x_2': -1, 'x_3': 0}. Best is trial 29 with value: 0.0.
[I 2024-11-24 16:09:31,852] Trial 196 finished with value: 5.0 and parameters: {'x_0': 0, 'x_1': 0, 'x_2': 2, 'x_3': 1}. Best is trial 21 with value: 0.0.
[I 2024-11-24 16:09:31,856] Trial 201 finished with value: 6.0 and parameters: {'x_0': 0, 'x_1': 1, 'x_2': 2, 'x_3': -1}. Best is trial 164 with value: 0.0.
[I 2024-11-24 16:09:31,863] Trial 181 finished with value: 7.0 and parameters: {'x_0': 1, 'x_1': -1, 'x_2': -1, 'x_3': 2}. Best is trial 99 with value: 0.0.
[I 2024-11-24 16:09:32,009] Trial 193 finished with value: 4.0 and parameters: {'x_0': -2, 'x_1': 0, 'x_2': 0, 'x_3': 0}. Best is trial 26 with value: 0.0.
[I 2024-11-24 16:09:32,034] Trial 188 finished with value: 2.0 and parameters: {'x_0': 1, 'x_1': 0, 'x_2': 1, 'x_3': 0}. Best is trial 16 with value: 0.0.
[I 2024-11-24 16:09:32,074] Trial 188 finished with value: 4.0 and parameters: {'x_0': 1, 'x_1': 1, 'x_2': 1, 'x_3': -1}. Best is trial 25 with value: 0.0.
[I 2024-11-24 16:09:32,173] Trial 185 finished with value: 6.0 and parameters: {'x_0': -1, 'x_1': -1, 'x_2': 0, 'x_3': 2}. Best is trial 148 with value: 0.0.
[I 2024-11-24 16:09:32,179] Trial 202 finished with value: 5.0 and parameters: {'x_0': -2, 'x_1': 0, 'x_2': 0, 'x_3': 1}. Best is trial 164 with value: 0.0.
