[I 2024-11-17 07:15:27,231] Trial 477 finished with value: 26.0 and parameters: {'x_0': 0, 'x_1': -1, 'x_2': -4, 'x_3': -3}. Best is trial 179 with value: 1.0.
[I 2024-11-17 07:15:27,236] Trial 413 finished with value: 12.0 and parameters: {'x_0': 1, 'x_1': -3, 'x_2': 1, 'x_3': -1}. Best is trial 320 with value: 0.0.
2024-11-17 07:15:27,327 - INFO - Candidate Mean Stats: {'Max': np.float64(100.0), 'Min': np.float64(-0.2515295973133701), 'Mean': np.float64(1.1185726849940927), 'Std': np.float64(7.486050607074269)}
2024-11-17 07:15:27,327 - INFO - Candidate Std Stats: {'Max': np.float64(0.517751544371), 'Min': np.float64(0.0), 'Mean': np.float64(0.03083125426041212), 'Std': np.float64(0.038694034083161674)}
2024-11-17 07:15:27,329 - INFO - Top 10 Mean Stats: {'Max': np.float64(-0.13330679443418686), 'Min': np.float64(-0.2515295973133701), 'Mean': np.float64(-0.1746144746790411), 'Std': np.float64(0.04419707085172431)}
2024-11-17 07:15:27,329 - INFO - Top 10 Std Stats: {'Max': np.float64(0.3586957324239729), 'Min': np.float64(0.14496211050284552), 'Mean': np.float64(0.25872912869874637), 'Std': np.float64(0.06507543635690685)}
2024-11-17 07:15:27,329 - INFO - Bottom 10 Mean Stats: {'Max': np.float64(100.0), 'Min': np.float64(91.0), 'Mean': np.float64(93.7), 'Std': np.float64(4.124318125460256)}
2024-11-17 07:15:27,329 - INFO - Bottom 10 Std Stats: {'Max': np.float64(0.0), 'Min': np.float64(0.0), 'Mean': np.float64(0.0), 'Std': np.float64(0.0)}
[I 2024-11-17 07:15:27,347] Trial 480 finished with value: 35.0 and parameters: {'x_0': 4, 'x_1': 3, 'x_2': -3, 'x_3': 1}. Best is trial 362 with value: 1.0.
2024-11-17 07:15:27,407 - INFO - Candidate Mean Stats: {'Max': np.float64(100.0), 'Min': np.float64(-0.5182108490640809), 'Mean': np.float64(1.2854043916384363), 'Std': np.float64(8.224050644666553)}
2024-11-17 07:15:27,408 - INFO - Candidate Std Stats: {'Max': np.float64(0.41959388222034383), 'Min': np.float64(0.0), 'Mean': np.float64(0.03253070435846108), 'Std': np.float64(0.03945481532506801)}
2024-11-17 07:15:27,410 - INFO - Top 10 Mean Stats: {'Max': np.float64(-0.0220818556839222), 'Min': np.float64(-0.5182108490640809), 'Mean': np.float64(-0.30950174095163013), 'Std': np.float64(0.15928049316902115)}
2024-11-17 07:15:27,410 - INFO - Top 10 Std Stats: {'Max': np.float64(0.4163044809142941), 'Min': np.float64(0.07106019058358631), 'Mean': np.float64(0.19331205422102865), 'Std': np.float64(0.11293616751620442)}
2024-11-17 07:15:27,410 - INFO - Bottom 10 Mean Stats: {'Max': np.float64(100.0), 'Min': np.float64(91.0), 'Mean': np.float64(95.5), 'Std': np.float64(4.5)}
2024-11-17 07:15:27,410 - INFO - Bottom 10 Std Stats: {'Max': np.float64(0.0), 'Min': np.float64(0.0), 'Mean': np.float64(0.0), 'Std': np.float64(0.0)}
[I 2024-11-17 07:15:27,427] Trial 478 finished with value: 26.0 and parameters: {'x_0': 0, 'x_1': 1, 'x_2': -4, 'x_3': -3}. Best is trial 179 with value: 1.0.
2024-11-17 07:15:27,490 - INFO - Candidate Mean Stats: {'Max': np.float64(91.0), 'Min': np.float64(-0.4900649089873689), 'Mean': np.float64(0.9484925143506183), 'Std': np.float64(6.781437354080845)}
2024-11-17 07:15:27,491 - INFO - Candidate Std Stats: {'Max': np.float64(0.6357682198568184), 'Min': np.float64(0.0), 'Mean': np.float64(0.037258555429528266), 'Std': np.float64(0.046155279625796554)}
2024-11-17 07:15:27,493 - INFO - Top 10 Mean Stats: {'Max': np.float64(0.0035771361476032216), 'Min': np.float64(-0.4900649089873689), 'Mean': np.float64(-0.21621617874074964), 'Std': np.float64(0.14924367741902345)}
2024-11-17 07:15:27,493 - INFO - Top 10 Std Stats: {'Max': np.float64(0.5499270378699043), 'Min': np.float64(0.20281915720117966), 'Mean': np.float64(0.3775868432570285), 'Std': np.float64(0.11056081896299887)}
2024-11-17 07:15:27,493 - INFO - Bottom 10 Mean Stats: {'Max': np.float64(91.0), 'Min': np.float64(82.0), 'Mean': np.float64(84.9), 'Std': np.float64(4.036087214122113)}
2024-11-17 07:15:27,493 - INFO - Bottom 10 Std Stats: {'Max': np.float64(0.0), 'Min': np.float64(0.0), 'Mean': np.float64(0.0), 'Std': np.float64(0.0)}
2024-11-17 07:15:27,494 - INFO - Candidate Mean Stats: {'Max': np.float64(100.0), 'Min': np.float64(-0.2622416532775773), 'Mean': np.float64(1.122767888456197), 'Std': np.float64(7.491023336958772)}
2024-11-17 07:15:27,494 - INFO - Candidate Std Stats: {'Max': np.float64(0.42359833727503987), 'Min': np.float64(0.0), 'Mean': np.float64(0.031609471029818564), 'Std': np.float64(0.03575895415266941)}
2024-11-17 07:15:27,496 - INFO - Top 10 Mean Stats: {'Max': np.float64(-0.14443901418734134), 'Min': np.float64(-0.2622416532775773), 'Mean': np.float64(-0.21734961166916822), 'Std': np.float64(0.04033940211756613)}
2024-11-17 07:15:27,496 - INFO - Top 10 Std Stats: {'Max': np.float64(0.3012663238295827), 'Min': np.float64(0.11548828424398236), 'Mean': np.float64(0.17031011364589738), 'Std': np.float64(0.06395112843208985)}
2024-11-17 07:15:27,496 - INFO - Bottom 10 Mean Stats: {'Max': np.float64(100.0), 'Min': np.float64(91.0), 'Mean': np.float64(93.7), 'Std': np.float64(4.124318125460256)}
2024-11-17 07:15:27,496 - INFO - Bottom 10 Std Stats: {'Max': np.float64(0.0), 'Min': np.float64(0.0), 'Mean': np.float64(0.0), 'Std': np.float64(0.0)}
[I 2024-11-17 07:15:27,512] Trial 414 finished with value: 39.0 and parameters: {'x_0': 1, 'x_1': 5, 'x_2': 2, 'x_3': 3}. Best is trial 320 with value: 0.0.
[I 2024-11-17 07:15:27,513] Trial 481 finished with value: 21.0 and parameters: {'x_0': -2, 'x_1': -3, 'x_2': 2, 'x_3': 2}. Best is trial 362 with value: 1.0.
2024-11-17 07:15:27,597 - INFO - Candidate Mean Stats: {'Max': np.float64(100.0), 'Min': np.float64(-0.5132550757093554), 'Mean': np.float64(1.2836086254472387), 'Std': np.float64(8.227121261776452)}
2024-11-17 07:15:27,597 - INFO - Candidate Std Stats: {'Max': np.float64(0.40231102345581105), 'Min': np.float64(0.0), 'Mean': np.float64(0.03173556004406001), 'Std': np.float64(0.039565118051955415)}
2024-11-17 07:15:27,598 - INFO - Top 10 Mean Stats: {'Max': np.float64(-0.15845044734007116), 'Min': np.float64(-0.5132550757093554), 'Mean': np.float64(-0.33657599998440463), 'Std': np.float64(0.11937360592356343)}
2024-11-17 07:15:27,599 - INFO - Top 10 Std Stats: {'Max': np.float64(0.40231102345581105), 'Min': np.float64(0.05365141627521786), 'Mean': np.float64(0.17272215973978544), 'Std': np.float64(0.1210867949059924)}
2024-11-17 07:15:27,599 - INFO - Bottom 10 Mean Stats: {'Max': np.float64(100.0), 'Min': np.float64(91.0), 'Mean': np.float64(95.5), 'Std': np.float64(4.5)}
2024-11-17 07:15:27,599 - INFO - Bottom 10 Std Stats: {'Max': np.float64(0.0), 'Min': np.float64(0.0), 'Mean': np.float64(0.0), 'Std': np.float64(0.0)}
[I 2024-11-17 07:15:27,618] Trial 479 finished with value: 26.0 and parameters: {'x_0': 0, 'x_1': -1, 'x_2': -4, 'x_3': 3}. Best is trial 179 with value: 1.0.
2024-11-17 07:15:27,654 - INFO - Candidate Mean Stats: {'Max': np.float64(100.0), 'Min': np.float64(-0.23835586792310298), 'Mean': np.float64(1.1239597478702987), 'Std': np.float64(7.492867937348328)}
2024-11-17 07:15:27,654 - INFO - Candidate Std Stats: {'Max': np.float64(0.38810705025020215), 'Min': np.float64(0.0), 'Mean': np.float64(0.025789710323598395), 'Std': np.float64(0.03487197044250264)}
2024-11-17 07:15:27,656 - INFO - Top 10 Mean Stats: {'Max': np.float64(-0.21357655498388387), 'Min': np.float64(-0.23835586792310298), 'Mean': np.float64(-0.22460720981372204), 'Std': np.float64(0.007818290707312568)}
2024-11-17 07:15:27,656 - INFO - Top 10 Std Stats: {'Max': np.float64(0.20378813859136075), 'Min': np.float64(0.18519989678640833), 'Mean': np.float64(0.19410769936679634), 'Std': np.float64(0.0060204421333815)}
2024-11-17 07:15:27,656 - INFO - Bottom 10 Mean Stats: {'Max': np.float64(100.0), 'Min': np.float64(91.0), 'Mean': np.float64(93.7), 'Std': np.float64(4.124318125460256)}
2024-11-17 07:15:27,656 - INFO - Bottom 10 Std Stats: {'Max': np.float64(0.0), 'Min': np.float64(0.0), 'Mean': np.float64(0.0), 'Std': np.float64(0.0)}
[I 2024-11-17 07:15:27,673] Trial 482 finished with value: 3.0 and parameters: {'x_0': -1, 'x_1': 1, 'x_2': 0, 'x_3': -1}. Best is trial 362 with value: 1.0.
2024-11-17 07:15:27,758 - INFO - Candidate Mean Stats: {'Max': np.float64(100.0), 'Min': np.float64(-0.48011969208514466), 'Mean': np.float64(1.2909295971955028), 'Std': np.float64(8.228841303763813)}
2024-11-17 07:15:27,758 - INFO - Candidate Std Stats: {'Max': np.float64(0.3550167884262722), 'Min': np.float64(0.0), 'Mean': np.float64(0.027490015491316737), 'Std': np.float64(0.03454099798690612)}
2024-11-17 07:15:27,760 - INFO - Top 10 Mean Stats: {'Max': np.float64(-0.0517102686460282), 'Min': np.float64(-0.48011969208514466), 'Mean': np.float64(-0.27986343041844475), 'Std': np.float64(0.12598004049197578)}
2024-11-17 07:15:27,760 - INFO - Top 10 Std Stats: {'Max': np.float64(0.3131530560278374), 'Min': np.float64(0.03717103560134705), 'Mean': np.float64(0.12866837974336265), 'Std': np.float64(0.09870999714872089)}
2024-11-17 07:15:27,760 - INFO - Bottom 10 Mean Stats: {'Max': np.float64(100.0), 'Min': np.float64(91.0), 'Mean': np.float64(95.5), 'Std': np.float64(4.5)}
2024-11-17 07:15:27,760 - INFO - Bottom 10 Std Stats: {'Max': np.float64(0.0), 'Min': np.float64(0.0), 'Mean': np.float64(0.0), 'Std': np.float64(0.0)}
[I 2024-11-17 07:15:27,777] Trial 480 finished with value: 26.0 and parameters: {'x_0': 0, 'x_1': 1, 'x_2': -4, 'x_3': 3}. Best is trial 179 with value: 1.0.
2024-11-17 07:15:27,799 - INFO - Candidate Mean Stats: {'Max': np.float64(91.0), 'Min': np.float64(-0.507408990269902), 'Mean': np.float64(0.9470264407620698), 'Std': np.float64(6.789283996539371)}
2024-11-17 07:15:27,799 - INFO - Candidate Std Stats: {'Max': np.float64(0.6841006357773955), 'Min': np.float64(0.0), 'Mean': np.float64(0.044553796064129084), 'Std': np.float64(0.04613051477194356)}
2024-11-17 07:15:27,800 - INFO - Top 10 Mean Stats: {'Max': np.float64(-0.18506872759522203), 'Min': np.float64(-0.507408990269902), 'Mean': np.float64(-0.3811191490193292), 'Std': np.float64(0.08454800157085214)}
2024-11-17 07:15:27,800 - INFO - Top 10 Std Stats: {'Max': np.float64(0.3644022538229692), 'Min': np.float64(0.18442012875623176), 'Mean': np.float64(0.23647184338513744), 'Std': np.float64(0.04602210443292239)}
2024-11-17 07:15:27,800 - INFO - Bottom 10 Mean Stats: {'Max': np.float64(91.0), 'Min': np.float64(82.0), 'Mean': np.float64(84.9), 'Std': np.float64(4.036087214122113)}
2024-11-17 07:15:27,801 - INFO - Bottom 10 Std Stats: {'Max': np.float64(0.0), 'Min': np.float64(0.0), 'Mean': np.float64(0.0), 'Std': np.float64(0.0)}
[I 2024-11-17 07:15:27,869] Trial 415 finished with value: 18.0 and parameters: {'x_0': 3, 'x_1': -3, 'x_2': 0, 'x_3': 0}. Best is trial 320 with value: 0.0.
2024-11-17 07:15:27,903 - INFO - Candidate Mean Stats: {'Max': np.float64(100.0), 'Min': np.float64(-0.2623322295512035), 'Mean': np.float64(1.1221748799660847), 'Std': np.float64(7.493152754128213)}
2024-11-17 07:15:27,903 - INFO - Candidate Std Stats: {'Max': np.float64(0.5151037392746506), 'Min': np.float64(0.0), 'Mean': np.float64(0.03128901626369534), 'Std': np.float64(0.03878736770837214)}
2024-11-17 07:15:27,905 - INFO - Top 10 Mean Stats: {'Max': np.float64(0.002754363782957536), 'Min': np.float64(-0.2528266193694636), 'Mean': np.float64(-0.1145891829275963), 'Std': np.float64(0.06547240993989707)}
2024-11-17 07:15:27,905 - INFO - Top 10 Std Stats: {'Max': np.float64(0.3988465252732877), 'Min': np.float64(0.1230851829302569), 'Mean': np.float64(0.29424373681832355), 'Std': np.float64(0.07528296431215895)}
2024-11-17 07:15:27,905 - INFO - Bottom 10 Mean Stats: {'Max': np.float64(100.0), 'Min': np.float64(91.0), 'Mean': np.float64(93.7), 'Std': np.float64(4.124318125460256)}
2024-11-17 07:15:27,905 - INFO - Bottom 10 Std Stats: {'Max': np.float64(0.0), 'Min': np.float64(0.0), 'Mean': np.float64(0.0), 'Std': np.float64(0.0)}
[I 2024-11-17 07:15:27,926] Trial 483 finished with value: 54.0 and parameters: {'x_0': -5, 'x_1': 3, 'x_2': 4, 'x_3': -2}. Best is trial 362 with value: 1.0.
2024-11-17 07:15:28,003 - INFO - Candidate Mean Stats: {'Max': np.float64(100.0), 'Min': np.float64(-0.4187620589664334), 'Mean': np.float64(1.2902954278391063), 'Std': np.float64(8.231685510712696)}
2024-11-17 07:15:28,003 - INFO - Candidate Std Stats: {'Max': np.float64(0.29989377841259185), 'Min': np.float64(0.0), 'Mean': np.float64(0.03044884780420544), 'Std': np.float64(0.03633544494665416)}
2024-11-17 07:15:28,005 - INFO - Top 10 Mean Stats: {'Max': np.float64(-0.23042011732332987), 'Min': np.float64(-0.4187620589664334), 'Mean': np.float64(-0.3360802536203816), 'Std': np.float64(0.04625515608954894)}
2024-11-17 07:15:28,005 - INFO - Top 10 Std Stats: {'Max': np.float64(0.22035298320157476), 'Min': np.float64(0.040173097906132126), 'Mean': np.float64(0.160146830392782), 'Std': np.float64(0.04340959447707824)}
2024-11-17 07:15:28,005 - INFO - Bottom 10 Mean Stats: {'Max': np.float64(100.0), 'Min': np.float64(91.0), 'Mean': np.float64(95.5), 'Std': np.float64(4.5)}
2024-11-17 07:15:28,005 - INFO - Bottom 10 Std Stats: {'Max': np.float64(0.0), 'Min': np.float64(0.0), 'Mean': np.float64(0.0), 'Std': np.float64(0.0)}
[I 2024-11-17 07:15:28,023] Trial 481 finished with value: 27.0 and parameters: {'x_0': 0, 'x_1': -1, 'x_2': 1, 'x_3': 5}. Best is trial 179 with value: 1.0.
2024-11-17 07:15:28,117 - INFO - Candidate Mean Stats: {'Max': np.float64(100.0), 'Min': np.float64(-0.342987249607795), 'Mean': np.float64(1.1257873573635628), 'Std': np.float64(7.50592476188285)}
2024-11-17 07:15:28,117 - INFO - Candidate Std Stats: {'Max': np.float64(0.6453073774347702), 'Min': np.float64(0.0), 'Mean': np.float64(0.02376428082993747), 'Std': np.float64(0.03238950722860435)}
2024-11-17 07:15:28,119 - INFO - Top 10 Mean Stats: {'Max': np.float64(-0.20047744779211712), 'Min': np.float64(-0.342987249607795), 'Mean': np.float64(-0.2897970520492293), 'Std': np.float64(0.055121086712895936)}
2024-11-17 07:15:28,119 - INFO - Top 10 Std Stats: {'Max': np.float64(0.21634584340301635), 'Min': np.float64(0.08900403301291063), 'Mean': np.float64(0.12861492825436655), 'Std': np.float64(0.05104788376629636)}
2024-11-17 07:15:28,119 - INFO - Bottom 10 Mean Stats: {'Max': np.float64(100.0), 'Min': np.float64(91.0), 'Mean': np.float64(93.7), 'Std': np.float64(4.124318125460256)}
2024-11-17 07:15:28,119 - INFO - Bottom 10 Std Stats: {'Max': np.float64(0.0), 'Min': np.float64(0.0), 'Mean': np.float64(0.0), 'Std': np.float64(0.0)}
[I 2024-11-17 07:15:28,137] Trial 484 finished with value: 21.0 and parameters: {'x_0': -1, 'x_1': -2, 'x_2': 4, 'x_3': 0}. Best is trial 362 with value: 1.0.
2024-11-17 07:15:28,148 - INFO - Candidate Mean Stats: {'Max': np.float64(91.0), 'Min': np.float64(-0.44077901247390194), 'Mean': np.float64(0.9500971748285686), 'Std': np.float64(6.790464411479556)}
2024-11-17 07:15:28,148 - INFO - Candidate Std Stats: {'Max': np.float64(0.6416091758969952), 'Min': np.float64(0.0), 'Mean': np.float64(0.04517690855434081), 'Std': np.float64(0.04800359975524607)}
2024-11-17 07:15:28,149 - INFO - Top 10 Mean Stats: {'Max': np.float64(-0.16198950892242672), 'Min': np.float64(-0.44077901247390194), 'Mean': np.float64(-0.25697868537239327), 'Std': np.float64(0.0924375938360018)}
2024-11-17 07:15:28,149 - INFO - Top 10 Std Stats: {'Max': np.float64(0.38917310925784115), 'Min': np.float64(0.1898048260891731), 'Mean': np.float64(0.3105981118737044), 'Std': np.float64(0.06358410552385003)}
2024-11-17 07:15:28,150 - INFO - Bottom 10 Mean Stats: {'Max': np.float64(91.0), 'Min': np.float64(82.0), 'Mean': np.float64(84.9), 'Std': np.float64(4.036087214122113)}
2024-11-17 07:15:28,150 - INFO - Bottom 10 Std Stats: {'Max': np.float64(0.0), 'Min': np.float64(0.0), 'Mean': np.float64(0.0), 'Std': np.float64(0.0)}
2024-11-17 07:15:28,151 - INFO - Candidate Mean Stats: {'Max': np.float64(100.0), 'Min': np.float64(-0.3777521593774299), 'Mean': np.float64(1.2937227533891602), 'Std': np.float64(8.234227988304509)}
2024-11-17 07:15:28,151 - INFO - Candidate Std Stats: {'Max': np.float64(0.2569975768346629), 'Min': np.float64(0.0), 'Mean': np.float64(0.02324868169856153), 'Std': np.float64(0.030407189682917484)}
2024-11-17 07:15:28,152 - INFO - Top 10 Mean Stats: {'Max': np.float64(-0.24115916158258172), 'Min': np.float64(-0.3777521593774299), 'Mean': np.float64(-0.30326983904395105), 'Std': np.float64(0.04072524763966053)}
2024-11-17 07:15:28,153 - INFO - Top 10 Std Stats: {'Max': np.float64(0.23900962380880394), 'Min': np.float64(0.022105728909594786), 'Mean': np.float64(0.16335446750448315), 'Std': np.float64(0.08334326768677776)}
2024-11-17 07:15:28,153 - INFO - Bottom 10 Mean Stats: {'Max': np.float64(100.0), 'Min': np.float64(91.0), 'Mean': np.float64(95.5), 'Std': np.float64(4.5)}
2024-11-17 07:15:28,153 - INFO - Bottom 10 Std Stats: {'Max': np.float64(0.0), 'Min': np.float64(0.0), 'Mean': np.float64(0.0), 'Std': np.float64(0.0)}
[I 2024-11-17 07:15:28,168] Trial 416 finished with value: 19.0 and parameters: {'x_0': 3, 'x_1': -3, 'x_2': 1, 'x_3': 0}. Best is trial 320 with value: 0.0.
[I 2024-11-17 07:15:28,170] Trial 482 finished with value: 26.0 and parameters: {'x_0': 0, 'x_1': -1, 'x_2': 0, 'x_3': 5}. Best is trial 179 with value: 1.0.
2024-11-17 07:15:28,278 - INFO - Candidate Mean Stats: {'Max': np.float64(100.0), 'Min': np.float64(-0.32226167656185134), 'Mean': np.float64(1.1312216939540527), 'Std': np.float64(7.507146271343896)}
2024-11-17 07:15:28,278 - INFO - Candidate Std Stats: {'Max': np.float64(0.48039410589048076), 'Min': np.float64(0.0), 'Mean': np.float64(0.026105240720665987), 'Std': np.float64(0.0330337529760456)}
2024-11-17 07:15:28,280 - INFO - Top 10 Mean Stats: {'Max': np.float64(-0.22957345267411142), 'Min': np.float64(-0.32226167656185134), 'Mean': np.float64(-0.295391610895593), 'Std': np.float64(0.025938925868248155)}
2024-11-17 07:15:28,280 - INFO - Top 10 Std Stats: {'Max': np.float64(0.21279796976835225), 'Min': np.float64(0.15274603048466318), 'Mean': np.float64(0.17379502444790784), 'Std': np.float64(0.016125793547984588)}
2024-11-17 07:15:28,280 - INFO - Bottom 10 Mean Stats: {'Max': np.float64(100.0), 'Min': np.float64(91.0), 'Mean': np.float64(93.7), 'Std': np.float64(4.124318125460256)}
2024-11-17 07:15:28,280 - INFO - Bottom 10 Std Stats: {'Max': np.float64(0.0), 'Min': np.float64(0.0), 'Mean': np.float64(0.0), 'Std': np.float64(0.0)}
[I 2024-11-17 07:15:28,297] Trial 485 finished with value: 22.0 and parameters: {'x_0': -1, 'x_1': 2, 'x_2': 4, 'x_3': -1}. Best is trial 362 with value: 1.0.
2024-11-17 07:15:28,350 - INFO - Candidate Mean Stats: {'Max': np.float64(100.0), 'Min': np.float64(-0.36094207867138994), 'Mean': np.float64(1.2940354280048358), 'Std': np.float64(8.236918756066686)}
2024-11-17 07:15:28,350 - INFO - Candidate Std Stats: {'Max': np.float64(0.4265125291030776), 'Min': np.float64(0.0), 'Mean': np.float64(0.031171154136269138), 'Std': np.float64(0.03832011968594053)}
2024-11-17 07:15:28,352 - INFO - Top 10 Mean Stats: {'Max': np.float64(-0.12215137081982715), 'Min': np.float64(-0.36094207867138994), 'Mean': np.float64(-0.22357200289112958), 'Std': np.float64(0.09155015864584186)}
2024-11-17 07:15:28,352 - INFO - Top 10 Std Stats: {'Max': np.float64(0.3490894288907659), 'Min': np.float64(0.06006867572852759), 'Mean': np.float64(0.2294578709529564), 'Std': np.float64(0.10505780559264534)}
2024-11-17 07:15:28,352 - INFO - Bottom 10 Mean Stats: {'Max': np.float64(100.0), 'Min': np.float64(91.0), 'Mean': np.float64(95.5), 'Std': np.float64(4.5)}
2024-11-17 07:15:28,352 - INFO - Bottom 10 Std Stats: {'Max': np.float64(0.0), 'Min': np.float64(0.0), 'Mean': np.float64(0.0), 'Std': np.float64(0.0)}
[I 2024-11-17 07:15:28,369] Trial 483 finished with value: 12.0 and parameters: {'x_0': -1, 'x_1': -1, 'x_2': 1, 'x_3': -3}. Best is trial 179 with value: 1.0.
2024-11-17 07:15:28,404 - INFO - Candidate Mean Stats: {'Max': np.float64(91.0), 'Min': np.float64(-0.2978571556736676), 'Mean': np.float64(0.9549202610844538), 'Std': np.float64(6.7916275681339)}
2024-11-17 07:15:28,404 - INFO - Candidate Std Stats: {'Max': np.float64(0.7897147932489925), 'Min': np.float64(0.0), 'Mean': np.float64(0.04036126426353478), 'Std': np.float64(0.04508748749257201)}
2024-11-17 07:15:28,405 - INFO - Top 10 Mean Stats: {'Max': np.float64(-0.14791124769290245), 'Min': np.float64(-0.2978571556736676), 'Mean': np.float64(-0.19630951627563842), 'Std': np.float64(0.04487789443971336)}
2024-11-17 07:15:28,406 - INFO - Top 10 Std Stats: {'Max': np.float64(0.44868380475460723), 'Min': np.float64(0.16490037409336689), 'Mean': np.float64(0.3250571092677749), 'Std': np.float64(0.08177300672345295)}
2024-11-17 07:15:28,406 - INFO - Bottom 10 Mean Stats: {'Max': np.float64(91.0), 'Min': np.float64(82.0), 'Mean': np.float64(84.9), 'Std': np.float64(4.036087214122113)}
2024-11-17 07:15:28,406 - INFO - Bottom 10 Std Stats: {'Max': np.float64(0.0), 'Min': np.float64(0.0), 'Mean': np.float64(0.0), 'Std': np.float64(0.0)}
