[I 2024-11-17 07:13:57,641] Trial 101 finished with value: 76.0 and parameters: {'x_0': 5, 'x_1': 1, 'x_2': -5, 'x_3': 5}. Best is trial 84 with value: 10.0.
2024-11-17 07:13:57,818 - INFO - Candidate Mean Stats: {'Max': np.float64(75.0), 'Min': np.float64(-0.20606328795672485), 'Mean': np.float64(0.24155503075691517), 'Std': np.float64(3.3038381577160103)}
2024-11-17 07:13:57,819 - INFO - Candidate Std Stats: {'Max': np.float64(0.43806313825151605), 'Min': np.float64(0.0), 'Mean': np.float64(0.06535039712500088), 'Std': np.float64(0.04458168931705768)}
2024-11-17 07:13:57,820 - INFO - Top 10 Mean Stats: {'Max': np.float64(-0.0714377702821856), 'Min': np.float64(-0.18835817197707838), 'Mean': np.float64(-0.14470764743225475), 'Std': np.float64(0.032868731646335005)}
2024-11-17 07:13:57,820 - INFO - Top 10 Std Stats: {'Max': np.float64(0.40838147074723935), 'Min': np.float64(0.2197562682029867), 'Mean': np.float64(0.2983691152353178), 'Std': np.float64(0.04842141075475055)}
2024-11-17 07:13:57,820 - INFO - Bottom 10 Mean Stats: {'Max': np.float64(75.0), 'Min': np.float64(59.0), 'Mean': np.float64(66.7), 'Std': np.float64(5.950630218724736)}
2024-11-17 07:13:57,820 - INFO - Bottom 10 Std Stats: {'Max': np.float64(0.0), 'Min': np.float64(0.0), 'Mean': np.float64(0.0), 'Std': np.float64(0.0)}
[I 2024-11-17 07:13:57,835] Trial 96 finished with value: 47.0 and parameters: {'x_0': 3, 'x_1': 5, 'x_2': -2, 'x_3': 3}. Best is trial 91 with value: 5.0.
2024-11-17 07:13:57,859 - INFO - Candidate Mean Stats: {'Max': np.float64(91.0), 'Min': np.float64(-0.2822976485774886), 'Mean': np.float64(0.29728808335042317), 'Std': np.float64(3.8726028999776267)}
2024-11-17 07:13:57,859 - INFO - Candidate Std Stats: {'Max': np.float64(0.4781999969572454), 'Min': np.float64(0.0), 'Mean': np.float64(0.06293811721278061), 'Std': np.float64(0.04479153618221706)}
2024-11-17 07:13:57,860 - INFO - Top 10 Mean Stats: {'Max': np.float64(-0.14456364953747156), 'Min': np.float64(-0.2822976485774886), 'Mean': np.float64(-0.1917682207311799), 'Std': np.float64(0.045022124791806686)}
2024-11-17 07:13:57,860 - INFO - Top 10 Std Stats: {'Max': np.float64(0.4781999969572454), 'Min': np.float64(0.28160697237513155), 'Mean': np.float64(0.34912862571900183), 'Std': np.float64(0.06635994222501233)}
2024-11-17 07:13:57,860 - INFO - Bottom 10 Mean Stats: {'Max': np.float64(91.0), 'Min': np.float64(75.0), 'Mean': np.float64(79.9), 'Std': np.float64(5.262128846769148)}
2024-11-17 07:13:57,860 - INFO - Bottom 10 Std Stats: {'Max': np.float64(0.0), 'Min': np.float64(0.0), 'Mean': np.float64(0.0), 'Std': np.float64(0.0)}
2024-11-17 07:13:57,869 - INFO - Candidate Mean Stats: {'Max': np.float64(84.0), 'Min': np.float64(-0.22571581787341172), 'Mean': np.float64(0.27277039213250925), 'Std': np.float64(3.6227854474912866)}
2024-11-17 07:13:57,869 - INFO - Candidate Std Stats: {'Max': np.float64(0.4635839864507375), 'Min': np.float64(0.0), 'Mean': np.float64(0.06236894712057896), 'Std': np.float64(0.04819203601301879)}
2024-11-17 07:13:57,871 - INFO - Top 10 Mean Stats: {'Max': np.float64(-0.10951182308454122), 'Min': np.float64(-0.22571581787341172), 'Mean': np.float64(-0.18247757222040167), 'Std': np.float64(0.029182743400546825)}
2024-11-17 07:13:57,871 - INFO - Top 10 Std Stats: {'Max': np.float64(0.4635839864507375), 'Min': np.float64(0.3575597964461758), 'Mean': np.float64(0.3863587441054956), 'Std': np.float64(0.028456512496453392)}
2024-11-17 07:13:57,871 - INFO - Bottom 10 Mean Stats: {'Max': np.float64(84.0), 'Min': np.float64(66.0), 'Mean': np.float64(71.8), 'Std': np.float64(6.64529909033446)}
2024-11-17 07:13:57,871 - INFO - Bottom 10 Std Stats: {'Max': np.float64(0.0), 'Min': np.float64(0.0), 'Mean': np.float64(0.0), 'Std': np.float64(0.0)}
[I 2024-11-17 07:13:57,873] Trial 102 finished with value: 34.0 and parameters: {'x_0': -5, 'x_1': -3, 'x_2': 0, 'x_3': 0}. Best is trial 84 with value: 10.0.
[I 2024-11-17 07:13:57,883] Trial 101 finished with value: 35.0 and parameters: {'x_0': 3, 'x_1': -3, 'x_2': 4, 'x_3': -1}. Best is trial 76 with value: 7.0.
2024-11-17 07:13:58,074 - INFO - Candidate Mean Stats: {'Max': np.float64(84.0), 'Min': np.float64(-0.26934658573897036), 'Mean': np.float64(0.27565113773001315), 'Std': np.float64(3.6341059230080326)}
2024-11-17 07:13:58,074 - INFO - Candidate Std Stats: {'Max': np.float64(0.49305375731033474), 'Min': np.float64(0.0), 'Mean': np.float64(0.06575333072403403), 'Std': np.float64(0.046243807239443824)}
2024-11-17 07:13:58,076 - INFO - Top 10 Mean Stats: {'Max': np.float64(-0.16203873810690372), 'Min': np.float64(-0.26934658573897036), 'Mean': np.float64(-0.18970287591861223), 'Std': np.float64(0.0319626553714191)}
2024-11-17 07:13:58,076 - INFO - Top 10 Std Stats: {'Max': np.float64(0.49305375731033474), 'Min': np.float64(0.2884168462695908), 'Mean': np.float64(0.353424580528292), 'Std': np.float64(0.059362801163945204)}
2024-11-17 07:13:58,076 - INFO - Bottom 10 Mean Stats: {'Max': np.float64(84.0), 'Min': np.float64(66.0), 'Mean': np.float64(71.8), 'Std': np.float64(6.64529909033446)}
2024-11-17 07:13:58,076 - INFO - Bottom 10 Std Stats: {'Max': np.float64(0.0), 'Min': np.float64(0.0), 'Mean': np.float64(0.0), 'Std': np.float64(0.0)}
[I 2024-11-17 07:13:58,094] Trial 102 finished with value: 54.0 and parameters: {'x_0': 2, 'x_1': 0, 'x_2': 5, 'x_3': -5}. Best is trial 76 with value: 7.0.
2024-11-17 07:13:58,115 - INFO - Candidate Mean Stats: {'Max': np.float64(91.0), 'Min': np.float64(-0.20417473901786326), 'Mean': np.float64(0.2983216619987756), 'Std': np.float64(3.8827090011400003)}
2024-11-17 07:13:58,115 - INFO - Candidate Std Stats: {'Max': np.float64(0.5858226455217029), 'Min': np.float64(0.0), 'Mean': np.float64(0.06371679250335933), 'Std': np.float64(0.046283101304036754)}
2024-11-17 07:13:58,117 - INFO - Top 10 Mean Stats: {'Max': np.float64(-0.1428639628741461), 'Min': np.float64(-0.1871757021937615), 'Mean': np.float64(-0.17405705128913038), 'Std': np.float64(0.012743780383338996)}
2024-11-17 07:13:58,117 - INFO - Top 10 Std Stats: {'Max': np.float64(0.3840990340825002), 'Min': np.float64(0.34094236088382135), 'Mean': np.float64(0.3634292700727445), 'Std': np.float64(0.013565070517878532)}
2024-11-17 07:13:58,117 - INFO - Bottom 10 Mean Stats: {'Max': np.float64(91.0), 'Min': np.float64(75.0), 'Mean': np.float64(79.9), 'Std': np.float64(5.262128846769148)}
2024-11-17 07:13:58,117 - INFO - Bottom 10 Std Stats: {'Max': np.float64(0.0), 'Min': np.float64(0.0), 'Mean': np.float64(0.0), 'Std': np.float64(0.0)}
2024-11-17 07:13:58,120 - INFO - Candidate Mean Stats: {'Max': np.float64(75.0), 'Min': np.float64(-0.2599696964534054), 'Mean': np.float64(0.24179873653155903), 'Std': np.float64(3.326583532161451)}
2024-11-17 07:13:58,120 - INFO - Candidate Std Stats: {'Max': np.float64(0.42382699602567925), 'Min': np.float64(0.0), 'Mean': np.float64(0.06324641871468932), 'Std': np.float64(0.04838396439504802)}
2024-11-17 07:13:58,121 - INFO - Top 10 Mean Stats: {'Max': np.float64(-0.18523904006713937), 'Min': np.float64(-0.2599696964534054), 'Mean': np.float64(-0.22123118048190094), 'Std': np.float64(0.022246432946561787)}
2024-11-17 07:13:58,122 - INFO - Top 10 Std Stats: {'Max': np.float64(0.4094447386024602), 'Min': np.float64(0.31715751330264946), 'Mean': np.float64(0.35787980291901883), 'Std': np.float64(0.026109421987404523)}
2024-11-17 07:13:58,122 - INFO - Bottom 10 Mean Stats: {'Max': np.float64(75.0), 'Min': np.float64(59.0), 'Mean': np.float64(66.7), 'Std': np.float64(5.950630218724736)}
2024-11-17 07:13:58,122 - INFO - Bottom 10 Std Stats: {'Max': np.float64(0.0), 'Min': np.float64(0.0), 'Mean': np.float64(0.0), 'Std': np.float64(0.0)}
[I 2024-11-17 07:13:58,134] Trial 103 finished with value: 16.0 and parameters: {'x_0': 2, 'x_1': 2, 'x_2': 2, 'x_3': -2}. Best is trial 84 with value: 10.0.
[I 2024-11-17 07:13:58,136] Trial 97 finished with value: 43.0 and parameters: {'x_0': 3, 'x_1': 5, 'x_2': -3, 'x_3': 0}. Best is trial 91 with value: 5.0.
2024-11-17 07:13:58,316 - INFO - Candidate Mean Stats: {'Max': np.float64(84.0), 'Min': np.float64(-0.2316454812401708), 'Mean': np.float64(0.2792342546962597), 'Std': np.float64(3.661140488924313)}
2024-11-17 07:13:58,316 - INFO - Candidate Std Stats: {'Max': np.float64(0.492337542125766), 'Min': np.float64(0.0), 'Mean': np.float64(0.06447628882943938), 'Std': np.float64(0.048897894876718535)}
2024-11-17 07:13:58,318 - INFO - Top 10 Mean Stats: {'Max': np.float64(-0.14479764967599285), 'Min': np.float64(-0.2316454812401708), 'Mean': np.float64(-0.17698003472983237), 'Std': np.float64(0.029841809194651767)}
2024-11-17 07:13:58,322 - INFO - Top 10 Std Stats: {'Max': np.float64(0.48826372783576066), 'Min': np.float64(0.3292564570294273), 'Mean': np.float64(0.3791027730276443), 'Std': np.float64(0.04754303360823662)}
2024-11-17 07:13:58,322 - INFO - Bottom 10 Mean Stats: {'Max': np.float64(84.0), 'Min': np.float64(66.0), 'Mean': np.float64(71.8), 'Std': np.float64(6.64529909033446)}
2024-11-17 07:13:58,322 - INFO - Bottom 10 Std Stats: {'Max': np.float64(0.0), 'Min': np.float64(0.0), 'Mean': np.float64(0.0), 'Std': np.float64(0.0)}
2024-11-17 07:13:58,329 - INFO - Candidate Mean Stats: {'Max': np.float64(75.0), 'Min': np.float64(-0.30096524853519074), 'Mean': np.float64(0.24751808401215578), 'Std': np.float64(3.3451015606618064)}
2024-11-17 07:13:58,329 - INFO - Candidate Std Stats: {'Max': np.float64(0.5765921551873905), 'Min': np.float64(0.0), 'Mean': np.float64(0.06336234160900915), 'Std': np.float64(0.051375883516234316)}
2024-11-17 07:13:58,331 - INFO - Top 10 Mean Stats: {'Max': np.float64(-0.06988678711767825), 'Min': np.float64(-0.30096524853519074), 'Mean': np.float64(-0.17103257498060898), 'Std': np.float64(0.05737221588009107)}
2024-11-17 07:13:58,331 - INFO - Top 10 Std Stats: {'Max': np.float64(0.5581645087902843), 'Min': np.float64(0.3360445094904542), 'Mean': np.float64(0.40336019234601206), 'Std': np.float64(0.06641728101679133)}
2024-11-17 07:13:58,331 - INFO - Bottom 10 Mean Stats: {'Max': np.float64(75.0), 'Min': np.float64(59.0), 'Mean': np.float64(66.7), 'Std': np.float64(5.950630218724736)}
2024-11-17 07:13:58,331 - INFO - Bottom 10 Std Stats: {'Max': np.float64(0.0), 'Min': np.float64(0.0), 'Mean': np.float64(0.0), 'Std': np.float64(0.0)}
[I 2024-11-17 07:13:58,340] Trial 103 finished with value: 17.0 and parameters: {'x_0': 0, 'x_1': 0, 'x_2': -4, 'x_3': -1}. Best is trial 76 with value: 7.0.
2024-11-17 07:13:58,343 - INFO - Candidate Mean Stats: {'Max': np.float64(91.0), 'Min': np.float64(-0.2747159207486312), 'Mean': np.float64(0.2991359812339065), 'Std': np.float64(3.884904654755745)}
2024-11-17 07:13:58,343 - INFO - Candidate Std Stats: {'Max': np.float64(0.5846696036694498), 'Min': np.float64(0.0), 'Mean': np.float64(0.06421760985836703), 'Std': np.float64(0.04683711990679055)}
2024-11-17 07:13:58,344 - INFO - Top 10 Mean Stats: {'Max': np.float64(-0.159830656043609), 'Min': np.float64(-0.2747159207486312), 'Mean': np.float64(-0.21682405131994584), 'Std': np.float64(0.030317535461535507)}
2024-11-17 07:13:58,344 - INFO - Top 10 Std Stats: {'Max': np.float64(0.5846696036694498), 'Min': np.float64(0.33395981434807176), 'Mean': np.float64(0.4283363564669246), 'Std': np.float64(0.08102180556278452)}
2024-11-17 07:13:58,344 - INFO - Bottom 10 Mean Stats: {'Max': np.float64(91.0), 'Min': np.float64(75.0), 'Mean': np.float64(79.9), 'Std': np.float64(5.262128846769148)}
2024-11-17 07:13:58,344 - INFO - Bottom 10 Std Stats: {'Max': np.float64(0.0), 'Min': np.float64(0.0), 'Mean': np.float64(0.0), 'Std': np.float64(0.0)}
[I 2024-11-17 07:13:58,346] Trial 98 finished with value: 7.0 and parameters: {'x_0': 1, 'x_1': 2, 'x_2': 1, 'x_3': -1}. Best is trial 91 with value: 5.0.
[I 2024-11-17 07:13:58,358] Trial 104 finished with value: 39.0 and parameters: {'x_0': -5, 'x_1': -3, 'x_2': -1, 'x_3': -2}. Best is trial 84 with value: 10.0.
2024-11-17 07:13:58,559 - INFO - Candidate Mean Stats: {'Max': np.float64(75.0), 'Min': np.float64(-0.36406359115070297), 'Mean': np.float64(0.24758004645999482), 'Std': np.float64(3.345581568844143)}
2024-11-17 07:13:58,559 - INFO - Candidate Std Stats: {'Max': np.float64(0.9677284362910061), 'Min': np.float64(0.0), 'Mean': np.float64(0.06255551504002058), 'Std': np.float64(0.04892590300221671)}
2024-11-17 07:13:58,561 - INFO - Top 10 Mean Stats: {'Max': np.float64(-0.11332008116978139), 'Min': np.float64(-0.36406359115070297), 'Mean': np.float64(-0.22543022313547176), 'Std': np.float64(0.08915055210268187)}
2024-11-17 07:13:58,561 - INFO - Top 10 Std Stats: {'Max': np.float64(0.490108985517868), 'Min': np.float64(0.2928126121884849), 'Mean': np.float64(0.4127291295957593), 'Std': np.float64(0.058849830737890026)}
2024-11-17 07:13:58,561 - INFO - Bottom 10 Mean Stats: {'Max': np.float64(75.0), 'Min': np.float64(59.0), 'Mean': np.float64(66.7), 'Std': np.float64(5.950630218724736)}
2024-11-17 07:13:58,561 - INFO - Bottom 10 Std Stats: {'Max': np.float64(0.0), 'Min': np.float64(0.0), 'Mean': np.float64(0.0), 'Std': np.float64(0.0)}
2024-11-17 07:13:58,564 - INFO - Candidate Mean Stats: {'Max': np.float64(91.0), 'Min': np.float64(-0.28629378882317036), 'Mean': np.float64(0.30355382132238695), 'Std': np.float64(3.8979195189412006)}
2024-11-17 07:13:58,565 - INFO - Candidate Std Stats: {'Max': np.float64(0.5813784610458479), 'Min': np.float64(0.0), 'Mean': np.float64(0.06272307126478517), 'Std': np.float64(0.05218834318796252)}
2024-11-17 07:13:58,566 - INFO - Top 10 Mean Stats: {'Max': np.float64(-0.18842927950899235), 'Min': np.float64(-0.28629378882317036), 'Mean': np.float64(-0.2324530256489076), 'Std': np.float64(0.03066115940272281)}
2024-11-17 07:13:58,566 - INFO - Top 10 Std Stats: {'Max': np.float64(0.5813784610458479), 'Min': np.float64(0.36197270586336466), 'Mean': np.float64(0.4302637994347672), 'Std': np.float64(0.06130117906205222)}
2024-11-17 07:13:58,566 - INFO - Bottom 10 Mean Stats: {'Max': np.float64(91.0), 'Min': np.float64(75.0), 'Mean': np.float64(79.9), 'Std': np.float64(5.262128846769148)}
2024-11-17 07:13:58,566 - INFO - Bottom 10 Std Stats: {'Max': np.float64(0.0), 'Min': np.float64(0.0), 'Mean': np.float64(0.0), 'Std': np.float64(0.0)}
2024-11-17 07:13:58,572 - INFO - Candidate Mean Stats: {'Max': np.float64(84.0), 'Min': np.float64(-0.27484153737408457), 'Mean': np.float64(0.28044392382595995), 'Std': np.float64(3.663745084216989)}
2024-11-17 07:13:58,572 - INFO - Candidate Std Stats: {'Max': np.float64(0.5485452600566132), 'Min': np.float64(0.0), 'Mean': np.float64(0.06365776214692409), 'Std': np.float64(0.04920376066490006)}
2024-11-17 07:13:58,573 - INFO - Top 10 Mean Stats: {'Max': np.float64(-0.11887854615420637), 'Min': np.float64(-0.27484153737408457), 'Mean': np.float64(-0.18047715645781762), 'Std': np.float64(0.0418921480000112)}
2024-11-17 07:13:58,573 - INFO - Top 10 Std Stats: {'Max': np.float64(0.5485452600566132), 'Min': np.float64(0.28601254737328063), 'Mean': np.float64(0.3614399398544421), 'Std': np.float64(0.07259188818106081)}
2024-11-17 07:13:58,573 - INFO - Bottom 10 Mean Stats: {'Max': np.float64(84.0), 'Min': np.float64(66.0), 'Mean': np.float64(71.8), 'Std': np.float64(6.64529909033446)}
2024-11-17 07:13:58,573 - INFO - Bottom 10 Std Stats: {'Max': np.float64(0.0), 'Min': np.float64(0.0), 'Mean': np.float64(0.0), 'Std': np.float64(0.0)}
[I 2024-11-17 07:13:58,576] Trial 99 finished with value: 18.0 and parameters: {'x_0': -1, 'x_1': -3, 'x_2': 2, 'x_3': 2}. Best is trial 91 with value: 5.0.
[I 2024-11-17 07:13:58,582] Trial 105 finished with value: 50.0 and parameters: {'x_0': -3, 'x_1': 0, 'x_2': -4, 'x_3': -5}. Best is trial 84 with value: 10.0.
[I 2024-11-17 07:13:58,591] Trial 104 finished with value: 19.0 and parameters: {'x_0': 0, 'x_1': -3, 'x_2': 1, 'x_3': 3}. Best is trial 76 with value: 7.0.
2024-11-17 07:13:58,813 - INFO - Candidate Mean Stats: {'Max': np.float64(91.0), 'Min': np.float64(-0.21349801051799827), 'Mean': np.float64(0.306233959229251), 'Std': np.float64(3.9195533536966845)}
2024-11-17 07:13:58,813 - INFO - Candidate Std Stats: {'Max': np.float64(0.48264672683879745), 'Min': np.float64(0.0), 'Mean': np.float64(0.06507525230465223), 'Std': np.float64(0.049009100533320284)}
2024-11-17 07:13:58,815 - INFO - Top 10 Mean Stats: {'Max': np.float64(-0.13540335444732543), 'Min': np.float64(-0.21349801051799827), 'Mean': np.float64(-0.18322986597550422), 'Std': np.float64(0.0218690232135004)}
2024-11-17 07:13:58,815 - INFO - Top 10 Std Stats: {'Max': np.float64(0.41802194008880406), 'Min': np.float64(0.30952972159504405), 'Mean': np.float64(0.3662868519616612), 'Std': np.float64(0.03427113496464698)}
2024-11-17 07:13:58,815 - INFO - Bottom 10 Mean Stats: {'Max': np.float64(91.0), 'Min': np.float64(75.0), 'Mean': np.float64(79.9), 'Std': np.float64(5.262128846769148)}
2024-11-17 07:13:58,815 - INFO - Bottom 10 Std Stats: {'Max': np.float64(0.0), 'Min': np.float64(0.0), 'Mean': np.float64(0.0), 'Std': np.float64(0.0)}
2024-11-17 07:13:58,818 - INFO - Candidate Mean Stats: {'Max': np.float64(75.0), 'Min': np.float64(-0.33213302937927375), 'Mean': np.float64(0.24934009842509347), 'Std': np.float64(3.348755752250313)}
2024-11-17 07:13:58,818 - INFO - Candidate Std Stats: {'Max': np.float64(0.4998014274598446), 'Min': np.float64(0.0), 'Mean': np.float64(0.06332174102040206), 'Std': np.float64(0.04612994653789132)}
2024-11-17 07:13:58,820 - INFO - Top 10 Mean Stats: {'Max': np.float64(-0.1637331865437272), 'Min': np.float64(-0.33213302937927375), 'Mean': np.float64(-0.22131658084352762), 'Std': np.float64(0.05032712450382848)}
2024-11-17 07:13:58,820 - INFO - Top 10 Std Stats: {'Max': np.float64(0.4998014274598446), 'Min': np.float64(0.29180615285833017), 'Mean': np.float64(0.3849074836633345), 'Std': np.float64(0.063988693688929)}
2024-11-17 07:13:58,820 - INFO - Bottom 10 Mean Stats: {'Max': np.float64(75.0), 'Min': np.float64(59.0), 'Mean': np.float64(66.7), 'Std': np.float64(5.950630218724736)}
2024-11-17 07:13:58,820 - INFO - Bottom 10 Std Stats: {'Max': np.float64(0.0), 'Min': np.float64(0.0), 'Mean': np.float64(0.0), 'Std': np.float64(0.0)}
[I 2024-11-17 07:13:58,829] Trial 106 finished with value: 30.0 and parameters: {'x_0': 4, 'x_1': -1, 'x_2': 2, 'x_3': 3}. Best is trial 84 with value: 10.0.
2024-11-17 07:13:58,830 - INFO - Candidate Mean Stats: {'Max': np.float64(84.0), 'Min': np.float64(-0.2638176957766077), 'Mean': np.float64(0.28166258315443743), 'Std': np.float64(3.6670027074517155)}
2024-11-17 07:13:58,831 - INFO - Candidate Std Stats: {'Max': np.float64(0.5364083006179717), 'Min': np.float64(0.0), 'Mean': np.float64(0.06444744864474854), 'Std': np.float64(0.0467391765403835)}
2024-11-17 07:13:58,832 - INFO - Top 10 Mean Stats: {'Max': np.float64(-0.12061474351801937), 'Min': np.float64(-0.2638176957766077), 'Mean': np.float64(-0.18303119170788396), 'Std': np.float64(0.03992854286968032)}
2024-11-17 07:13:58,832 - INFO - Top 10 Std Stats: {'Max': np.float64(0.5364083006179717), 'Min': np.float64(0.385948842181732), 'Mean': np.float64(0.45131503116310173), 'Std': np.float64(0.04504560904457318)}
2024-11-17 07:13:58,832 - INFO - Bottom 10 Mean Stats: {'Max': np.float64(84.0), 'Min': np.float64(66.0), 'Mean': np.float64(71.8), 'Std': np.float64(6.64529909033446)}
2024-11-17 07:13:58,832 - INFO - Bottom 10 Std Stats: {'Max': np.float64(0.0), 'Min': np.float64(0.0), 'Mean': np.float64(0.0), 'Std': np.float64(0.0)}
[I 2024-11-17 07:13:58,834] Trial 100 finished with value: 22.0 and parameters: {'x_0': -1, 'x_1': 2, 'x_2': 1, 'x_3': -4}. Best is trial 91 with value: 5.0.
[I 2024-11-17 07:13:58,844] Trial 105 finished with value: 23.0 and parameters: {'x_0': -3, 'x_1': 1, 'x_2': -2, 'x_3': -3}. Best is trial 76 with value: 7.0.
2024-11-17 07:13:59,021 - INFO - Candidate Mean Stats: {'Max': np.float64(75.0), 'Min': np.float64(-0.2633850487655022), 'Mean': np.float64(0.25067212420810214), 'Std': np.float64(3.35358892228854)}
2024-11-17 07:13:59,021 - INFO - Candidate Std Stats: {'Max': np.float64(0.6107100527714484), 'Min': np.float64(0.0), 'Mean': np.float64(0.06261766819195891), 'Std': np.float64(0.04764520100800931)}
2024-11-17 07:13:59,023 - INFO - Top 10 Mean Stats: {'Max': np.float64(-0.04911803272053552), 'Min': np.float64(-0.2633850487655022), 'Mean': np.float64(-0.2126292206559539), 'Std': np.float64(0.06094826509802564)}
2024-11-17 07:13:59,023 - INFO - Top 10 Std Stats: {'Max': np.float64(0.6107100527714484), 'Min': np.float64(0.2825104044461141), 'Mean': np.float64(0.39828476789868733), 'Std': np.float64(0.09432388071684024)}
2024-11-17 07:13:59,023 - INFO - Bottom 10 Mean Stats: {'Max': np.float64(75.0), 'Min': np.float64(59.0), 'Mean': np.float64(66.7), 'Std': np.float64(5.950630218724736)}
2024-11-17 07:13:59,023 - INFO - Bottom 10 Std Stats: {'Max': np.float64(0.0), 'Min': np.float64(0.0), 'Mean': np.float64(0.0), 'Std': np.float64(0.0)}
