[I 2024-11-17 07:13:33,762] Trial 4 finished with value: 20.0 and parameters: {'x_0': 3, 'x_1': -3, 'x_2': 1, 'x_3': 1}. Best is trial 1 with value: 20.0.
2024-11-17 07:13:33,982 - INFO - Candidate Mean Stats: {'Max': np.float64(67.0), 'Min': np.float64(-0.2447170216097012), 'Mean': np.float64(0.01408633374576267), 'Std': np.float64(0.8334718269124689)}
2024-11-17 07:13:33,982 - INFO - Candidate Std Stats: {'Max': np.float64(0.5037565245069515), 'Min': np.float64(0.0), 'Mean': np.float64(0.06346863488466574), 'Std': np.float64(0.04549780789545024)}
2024-11-17 07:13:33,985 - INFO - Top 10 Mean Stats: {'Max': np.float64(-0.12255454868753642), 'Min': np.float64(-0.2447170216097012), 'Mean': np.float64(-0.17336788972557776), 'Std': np.float64(0.040429760133906485)}
2024-11-17 07:13:33,985 - INFO - Top 10 Std Stats: {'Max': np.float64(0.42554021908847767), 'Min': np.float64(0.28035735316157784), 'Mean': np.float64(0.3485724178385264), 'Std': np.float64(0.042240873262828216)}
2024-11-17 07:13:33,986 - INFO - Bottom 10 Mean Stats: {'Max': np.float64(67.0), 'Min': np.float64(0.09040324007098888), 'Mean': np.float64(20.756552229997745), 'Std': np.float64(24.171720063746776)}
2024-11-17 07:13:33,986 - INFO - Bottom 10 Std Stats: {'Max': np.float64(0.07944711610988016), 'Min': np.float64(0.0), 'Mean': np.float64(0.03144437890771486), 'Std': np.float64(0.032610041729887726)}
2024-11-17 07:13:34,006 - INFO - Candidate Mean Stats: {'Max': np.float64(66.0), 'Min': np.float64(-0.24704264907229295), 'Mean': np.float64(0.015847099083760606), 'Std': np.float64(0.8782312460561312)}
2024-11-17 07:13:34,006 - INFO - Candidate Std Stats: {'Max': np.float64(0.4704109486929491), 'Min': np.float64(0.0), 'Mean': np.float64(0.06809030457446472), 'Std': np.float64(0.045292967158401684)}
[I 2024-11-17 07:13:34,007] Trial 5 finished with value: 46.0 and parameters: {'x_0': -4, 'x_1': -2, 'x_2': -5, 'x_3': 1}. Best is trial 3 with value: 13.0.
2024-11-17 07:13:34,007 - INFO - Top 10 Mean Stats: {'Max': np.float64(-0.13358563713062982), 'Min': np.float64(-0.24704264907229295), 'Mean': np.float64(-0.19676833693747356), 'Std': np.float64(0.029233769876559908)}
2024-11-17 07:13:34,007 - INFO - Top 10 Std Stats: {'Max': np.float64(0.46661445489980297), 'Min': np.float64(0.3406126623630806), 'Mean': np.float64(0.378908008750823), 'Std': np.float64(0.03671384167964746)}
2024-11-17 07:13:34,007 - INFO - Bottom 10 Mean Stats: {'Max': np.float64(66.0), 'Min': np.float64(0.0783037459803235), 'Mean': np.float64(22.653749720259935), 'Std': np.float64(24.779299305103827)}
2024-11-17 07:13:34,007 - INFO - Bottom 10 Std Stats: {'Max': np.float64(0.0819973948237417), 'Min': np.float64(0.0), 'Mean': np.float64(0.030203579504288685), 'Std': np.float64(0.03238436029281655)}
[I 2024-11-17 07:13:34,024] Trial 5 finished with value: 50.0 and parameters: {'x_0': 0, 'x_1': 3, 'x_2': 5, 'x_3': -4}. Best is trial 1 with value: 21.0.
2024-11-17 07:13:34,044 - INFO - Candidate Mean Stats: {'Max': np.float64(49.0), 'Min': np.float64(-0.23158522969150236), 'Mean': np.float64(0.010522142394930314), 'Std': np.float64(0.6266005349149016)}
2024-11-17 07:13:34,044 - INFO - Candidate Std Stats: {'Max': np.float64(0.4778166702855858), 'Min': np.float64(0.0), 'Mean': np.float64(0.06421218980707351), 'Std': np.float64(0.04917561671179249)}
2024-11-17 07:13:34,045 - INFO - Top 10 Mean Stats: {'Max': np.float64(-0.14988641510638595), 'Min': np.float64(-0.23158522969150236), 'Mean': np.float64(-0.20185607561121222), 'Std': np.float64(0.02471303394545618)}
2024-11-17 07:13:34,045 - INFO - Top 10 Std Stats: {'Max': np.float64(0.4778166702855858), 'Min': np.float64(0.33735435101858263), 'Mean': np.float64(0.39994983530386286), 'Std': np.float64(0.047275443221066596)}
2024-11-17 07:13:34,045 - INFO - Bottom 10 Mean Stats: {'Max': np.float64(49.0), 'Min': np.float64(0.09131229594414825), 'Mean': np.float64(16.052828516451108), 'Std': np.float64(17.74577020744652)}
2024-11-17 07:13:34,045 - INFO - Bottom 10 Std Stats: {'Max': np.float64(0.07508096215181852), 'Min': np.float64(0.0), 'Mean': np.float64(0.027082063774166117), 'Std': np.float64(0.0283360543191634)}
[I 2024-11-17 07:13:34,062] Trial 5 finished with value: 54.0 and parameters: {'x_0': 5, 'x_1': 3, 'x_2': 2, 'x_3': 4}. Best is trial 1 with value: 20.0.
2024-11-17 07:13:34,229 - INFO - Candidate Mean Stats: {'Max': np.float64(67.0), 'Min': np.float64(-0.22992660469408638), 'Mean': np.float64(0.01722218553102951), 'Std': np.float64(0.9160645977867845)}
2024-11-17 07:13:34,229 - INFO - Candidate Std Stats: {'Max': np.float64(0.4353126615592394), 'Min': np.float64(0.0), 'Mean': np.float64(0.0642745957000087), 'Std': np.float64(0.048422045913598256)}
2024-11-17 07:13:34,230 - INFO - Top 10 Mean Stats: {'Max': np.float64(-0.11864037963798446), 'Min': np.float64(-0.22992660469408638), 'Mean': np.float64(-0.17968794772092755), 'Std': np.float64(0.036051986660226)}
2024-11-17 07:13:34,230 - INFO - Top 10 Std Stats: {'Max': np.float64(0.43127254189619535), 'Min': np.float64(0.25453554468195627), 'Mean': np.float64(0.34740576108249294), 'Std': np.float64(0.055599895011991654)}
2024-11-17 07:13:34,231 - INFO - Bottom 10 Mean Stats: {'Max': np.float64(67.0), 'Min': np.float64(0.06705240965843082), 'Mean': np.float64(25.348928884804177), 'Std': np.float64(24.16895394266436)}
2024-11-17 07:13:34,231 - INFO - Bottom 10 Std Stats: {'Max': np.float64(0.1067874203055106), 'Min': np.float64(0.0), 'Mean': np.float64(0.023238357777907573), 'Std': np.float64(0.034117994602126965)}
[I 2024-11-17 07:13:34,251] Trial 6 finished with value: 26.0 and parameters: {'x_0': 0, 'x_1': -1, 'x_2': 0, 'x_3': 5}. Best is trial 3 with value: 13.0.
2024-11-17 07:13:34,307 - INFO - Candidate Mean Stats: {'Max': np.float64(54.0), 'Min': np.float64(-0.2472886620478226), 'Mean': np.float64(0.014330347131598758), 'Std': np.float64(0.7691843290046045)}
2024-11-17 07:13:34,307 - INFO - Candidate Std Stats: {'Max': np.float64(0.43983524230470983), 'Min': np.float64(0.0), 'Mean': np.float64(0.06627360212664445), 'Std': np.float64(0.0442648493559802)}
2024-11-17 07:13:34,308 - INFO - Top 10 Mean Stats: {'Max': np.float64(-0.11679650101448273), 'Min': np.float64(-0.2472886620478226), 'Mean': np.float64(-0.17174511394234432), 'Std': np.float64(0.03595948503406029)}
2024-11-17 07:13:34,308 - INFO - Top 10 Std Stats: {'Max': np.float64(0.43983524230470983), 'Min': np.float64(0.2846053435919469), 'Mean': np.float64(0.3550412714734571), 'Std': np.float64(0.043060233294669265)}
2024-11-17 07:13:34,308 - INFO - Bottom 10 Mean Stats: {'Max': np.float64(54.0), 'Min': np.float64(0.09059157346627073), 'Mean': np.float64(21.47557519532192), 'Std': np.float64(20.075296407397904)}
2024-11-17 07:13:34,308 - INFO - Bottom 10 Std Stats: {'Max': np.float64(0.240515106682514), 'Min': np.float64(0.0), 'Mean': np.float64(0.04940456029696912), 'Std': np.float64(0.08117652205621803)}
2024-11-17 07:13:34,315 - INFO - Candidate Mean Stats: {'Max': np.float64(66.0), 'Min': np.float64(-0.28079372388660595), 'Mean': np.float64(0.019799375048763734), 'Std': np.float64(0.9704853499451851)}
2024-11-17 07:13:34,315 - INFO - Candidate Std Stats: {'Max': np.float64(0.5322753981340043), 'Min': np.float64(0.0), 'Mean': np.float64(0.06182791088491921), 'Std': np.float64(0.04973704143432031)}
2024-11-17 07:13:34,317 - INFO - Top 10 Mean Stats: {'Max': np.float64(-0.15006599341510563), 'Min': np.float64(-0.28079372388660595), 'Mean': np.float64(-0.19499424202152135), 'Std': np.float64(0.03767198782262329)}
2024-11-17 07:13:34,317 - INFO - Top 10 Std Stats: {'Max': np.float64(0.5322753981340043), 'Min': np.float64(0.3151582765525932), 'Mean': np.float64(0.38023987313339097), 'Std': np.float64(0.05913028906099957)}
2024-11-17 07:13:34,317 - INFO - Bottom 10 Mean Stats: {'Max': np.float64(66.0), 'Min': np.float64(0.0759790422525933), 'Mean': np.float64(27.642405020731424), 'Std': np.float64(24.760900625862444)}
2024-11-17 07:13:34,317 - INFO - Bottom 10 Std Stats: {'Max': np.float64(0.0678883649996915), 'Min': np.float64(0.0), 'Mean': np.float64(0.016683876276923294), 'Std': np.float64(0.024049790605034316)}
[I 2024-11-17 07:13:34,325] Trial 6 finished with value: 21.0 and parameters: {'x_0': 2, 'x_1': 0, 'x_2': -4, 'x_3': -1}. Best is trial 1 with value: 20.0.
[I 2024-11-17 07:13:34,332] Trial 6 finished with value: 51.0 and parameters: {'x_0': -4, 'x_1': -1, 'x_2': 5, 'x_3': 3}. Best is trial 1 with value: 21.0.
2024-11-17 07:13:34,459 - INFO - Candidate Mean Stats: {'Max': np.float64(67.0), 'Min': np.float64(-0.25389618466449415), 'Mean': np.float64(0.01898276691911047), 'Std': np.float64(0.9408744650269097)}
2024-11-17 07:13:34,459 - INFO - Candidate Std Stats: {'Max': np.float64(0.48401594457081315), 'Min': np.float64(0.0), 'Mean': np.float64(0.06526461321002375), 'Std': np.float64(0.04612910084915805)}
2024-11-17 07:13:34,460 - INFO - Top 10 Mean Stats: {'Max': np.float64(-0.15167936140698143), 'Min': np.float64(-0.25389618466449415), 'Mean': np.float64(-0.19432512068611013), 'Std': np.float64(0.02738728014754404)}
2024-11-17 07:13:34,461 - INFO - Top 10 Std Stats: {'Max': np.float64(0.48401594457081315), 'Min': np.float64(0.28919487733935734), 'Mean': np.float64(0.3612881370534166), 'Std': np.float64(0.06643829089290482)}
2024-11-17 07:13:34,461 - INFO - Bottom 10 Mean Stats: {'Max': np.float64(67.0), 'Min': np.float64(0.09104021125196916), 'Mean': np.float64(27.938439238153023), 'Std': np.float64(22.666031381147956)}
2024-11-17 07:13:34,461 - INFO - Bottom 10 Std Stats: {'Max': np.float64(0.1208883650845683), 'Min': np.float64(0.0), 'Mean': np.float64(0.020495176126292137), 'Std': np.float64(0.0373499976747079)}
[I 2024-11-17 07:13:34,479] Trial 7 finished with value: 21.0 and parameters: {'x_0': 2, 'x_1': 0, 'x_2': 4, 'x_3': -1}. Best is trial 3 with value: 13.0.
2024-11-17 07:13:34,554 - INFO - Candidate Mean Stats: {'Max': np.float64(54.0), 'Min': np.float64(-0.2884292007363676), 'Mean': np.float64(0.015896869783958555), 'Std': np.float64(0.7885046921104367)}
2024-11-17 07:13:34,554 - INFO - Candidate Std Stats: {'Max': np.float64(0.5631299211860391), 'Min': np.float64(0.0), 'Mean': np.float64(0.0642857981061066), 'Std': np.float64(0.04851283531583877)}
2024-11-17 07:13:34,556 - INFO - Top 10 Mean Stats: {'Max': np.float64(-0.07252745717149378), 'Min': np.float64(-0.2884292007363676), 'Mean': np.float64(-0.17749261107614978), 'Std': np.float64(0.06088745235463216)}
2024-11-17 07:13:34,556 - INFO - Top 10 Std Stats: {'Max': np.float64(0.5631299211860391), 'Min': np.float64(0.29142442328240653), 'Mean': np.float64(0.3885096317353379), 'Std': np.float64(0.09347424182468024)}
2024-11-17 07:13:34,556 - INFO - Bottom 10 Mean Stats: {'Max': np.float64(54.0), 'Min': np.float64(0.09899967251572248), 'Mean': np.float64(23.539194792799766), 'Std': np.float64(18.820509689584735)}
2024-11-17 07:13:34,556 - INFO - Bottom 10 Std Stats: {'Max': np.float64(0.086345556017168), 'Min': np.float64(0.0), 'Mean': np.float64(0.02136521201378331), 'Std': np.float64(0.03356540039417479)}
2024-11-17 07:13:34,569 - INFO - Candidate Mean Stats: {'Max': np.float64(66.0), 'Min': np.float64(-0.2488373812042309), 'Mean': np.float64(0.022293031967238277), 'Std': np.float64(1.058014243430443)}
2024-11-17 07:13:34,569 - INFO - Candidate Std Stats: {'Max': np.float64(0.4939049479194612), 'Min': np.float64(0.0), 'Mean': np.float64(0.06258644035808632), 'Std': np.float64(0.04919994635693704)}
[I 2024-11-17 07:13:34,569] Trial 7 finished with value: 30.0 and parameters: {'x_0': -3, 'x_1': -4, 'x_2': 1, 'x_3': 2}. Best is trial 1 with value: 20.0.
2024-11-17 07:13:34,570 - INFO - Top 10 Mean Stats: {'Max': np.float64(-0.16461422505907272), 'Min': np.float64(-0.2488373812042309), 'Mean': np.float64(-0.20690582511745204), 'Std': np.float64(0.02906619802373127)}
2024-11-17 07:13:34,571 - INFO - Top 10 Std Stats: {'Max': np.float64(0.46109283652993505), 'Min': np.float64(0.3155148329380253), 'Mean': np.float64(0.3749012002021919), 'Std': np.float64(0.038367836391053615)}
2024-11-17 07:13:34,571 - INFO - Bottom 10 Mean Stats: {'Max': np.float64(66.0), 'Min': np.float64(0.07967056130298333), 'Mean': np.float64(32.72833431701023), 'Std': np.float64(23.79409268287145)}
2024-11-17 07:13:34,571 - INFO - Bottom 10 Std Stats: {'Max': np.float64(0.062270091370598094), 'Min': np.float64(0.0), 'Mean': np.float64(0.01525652171883644), 'Std': np.float64(0.024134137125128113)}
[I 2024-11-17 07:13:34,584] Trial 7 finished with value: 6.0 and parameters: {'x_0': -1, 'x_1': 1, 'x_2': 2, 'x_3': 0}. Best is trial 7 with value: 6.0.
2024-11-17 07:13:34,651 - INFO - Candidate Mean Stats: {'Max': np.float64(67.0), 'Min': np.float64(-0.28612058660233114), 'Mean': np.float64(0.02095045055377745), 'Std': np.float64(0.956696065807412)}
2024-11-17 07:13:34,652 - INFO - Candidate Std Stats: {'Max': np.float64(0.5563280279640994), 'Min': np.float64(0.0), 'Mean': np.float64(0.06489636400603868), 'Std': np.float64(0.046379971335805695)}
2024-11-17 07:13:34,653 - INFO - Top 10 Mean Stats: {'Max': np.float64(-0.15820984195999235), 'Min': np.float64(-0.28612058660233114), 'Mean': np.float64(-0.20602282603143335), 'Std': np.float64(0.03363023719460045)}
2024-11-17 07:13:34,653 - INFO - Top 10 Std Stats: {'Max': np.float64(0.5563280279640994), 'Min': np.float64(0.3521090543377218), 'Mean': np.float64(0.39916607326036624), 'Std': np.float64(0.05640536585965723)}
2024-11-17 07:13:34,653 - INFO - Bottom 10 Mean Stats: {'Max': np.float64(67.0), 'Min': np.float64(0.05772885211714961), 'Mean': np.float64(30.015799526304455), 'Std': np.float64(20.915379924688285)}
2024-11-17 07:13:34,653 - INFO - Bottom 10 Std Stats: {'Max': np.float64(0.03830470771121551), 'Min': np.float64(0.0), 'Mean': np.float64(0.0051221138174004106), 'Std': np.float64(0.011712063478130846)}
[I 2024-11-17 07:13:34,667] Trial 8 finished with value: 19.0 and parameters: {'x_0': -1, 'x_1': 3, 'x_2': 3, 'x_3': 0}. Best is trial 3 with value: 13.0.
2024-11-17 07:13:34,784 - INFO - Candidate Mean Stats: {'Max': np.float64(54.0), 'Min': np.float64(-0.29120391985091604), 'Mean': np.float64(0.01819702582161513), 'Std': np.float64(0.8264537076748654)}
2024-11-17 07:13:34,784 - INFO - Candidate Std Stats: {'Max': np.float64(0.6583365441329576), 'Min': np.float64(0.0), 'Mean': np.float64(0.06178151912759352), 'Std': np.float64(0.04734021923389436)}
2024-11-17 07:13:34,785 - INFO - Top 10 Mean Stats: {'Max': np.float64(-0.105901219004737), 'Min': np.float64(-0.29120391985091604), 'Mean': np.float64(-0.20223327411987152), 'Std': np.float64(0.054720009558233605)}
2024-11-17 07:13:34,785 - INFO - Top 10 Std Stats: {'Max': np.float64(0.6583365441329576), 'Min': np.float64(0.30146533051742136), 'Mean': np.float64(0.42883039749801544), 'Std': np.float64(0.0974853081184966)}
2024-11-17 07:13:34,785 - INFO - Bottom 10 Mean Stats: {'Max': np.float64(54.0), 'Min': np.float64(0.0867038074264582), 'Mean': np.float64(26.520060782602553), 'Std': np.float64(17.175227080147543)}
2024-11-17 07:13:34,785 - INFO - Bottom 10 Std Stats: {'Max': np.float64(0.06503663021300501), 'Min': np.float64(0.0), 'Mean': np.float64(0.010937553932425704), 'Std': np.float64(0.02235934093481249)}
[I 2024-11-17 07:13:34,799] Trial 8 finished with value: 42.0 and parameters: {'x_0': -1, 'x_1': -4, 'x_2': -4, 'x_3': 3}. Best is trial 1 with value: 20.0.
2024-11-17 07:13:34,822 - INFO - Candidate Mean Stats: {'Max': np.float64(66.0), 'Min': np.float64(-0.2503726411648119), 'Mean': np.float64(0.023241859882232613), 'Std': np.float64(1.0591294434376302)}
2024-11-17 07:13:34,823 - INFO - Candidate Std Stats: {'Max': np.float64(0.5372193010529819), 'Min': np.float64(0.0), 'Mean': np.float64(0.06316346356702336), 'Std': np.float64(0.048351751580608934)}
2024-11-17 07:13:34,824 - INFO - Top 10 Mean Stats: {'Max': np.float64(-0.06734245999822083), 'Min': np.float64(-0.2503726411648119), 'Mean': np.float64(-0.18803251857368705), 'Std': np.float64(0.045830620350548794)}
2024-11-17 07:13:34,824 - INFO - Top 10 Std Stats: {'Max': np.float64(0.5372193010529819), 'Min': np.float64(0.31094640768829684), 'Mean': np.float64(0.38031830435466285), 'Std': np.float64(0.0778480744717635)}
2024-11-17 07:13:34,824 - INFO - Bottom 10 Mean Stats: {'Max': np.float64(66.0), 'Min': np.float64(0.07654162661437872), 'Mean': np.float64(33.317346242923534), 'Std': np.float64(23.040311728694284)}
2024-11-17 07:13:34,824 - INFO - Bottom 10 Std Stats: {'Max': np.float64(0.032251819222433774), 'Min': np.float64(0.0), 'Mean': np.float64(0.004277518747962205), 'Std': np.float64(0.009838442235645157)}
[I 2024-11-17 07:13:34,841] Trial 8 finished with value: 36.0 and parameters: {'x_0': 1, 'x_1': -5, 'x_2': 3, 'x_3': 1}. Best is trial 7 with value: 6.0.
2024-11-17 07:13:34,921 - INFO - Candidate Mean Stats: {'Max': np.float64(67.0), 'Min': np.float64(-0.2671227779370836), 'Mean': np.float64(0.020688675625421073), 'Std': np.float64(0.9695010490736177)}
2024-11-17 07:13:34,921 - INFO - Candidate Std Stats: {'Max': np.float64(0.44265938127756804), 'Min': np.float64(0.0), 'Mean': np.float64(0.06447510346116521), 'Std': np.float64(0.04508582350757181)}
2024-11-17 07:13:34,922 - INFO - Top 10 Mean Stats: {'Max': np.float64(-0.1492295591278871), 'Min': np.float64(-0.2671227779370836), 'Mean': np.float64(-0.19174299459398156), 'Std': np.float64(0.03145038483892738)}
2024-11-17 07:13:34,922 - INFO - Top 10 Std Stats: {'Max': np.float64(0.44265938127756804), 'Min': np.float64(0.26758259716105054), 'Mean': np.float64(0.35974269939545866), 'Std': np.float64(0.04694333671150913)}
2024-11-17 07:13:34,923 - INFO - Bottom 10 Mean Stats: {'Max': np.float64(67.0), 'Min': np.float64(0.09484972584580756), 'Mean': np.float64(31.90948497258458), 'Std': np.float64(18.87553094435884)}
2024-11-17 07:13:34,923 - INFO - Bottom 10 Std Stats: {'Max': np.float64(0.042688873193222655), 'Min': np.float64(0.0), 'Mean': np.float64(0.0042688873193222655), 'Std': np.float64(0.012806661957966797)}
[I 2024-11-17 07:13:34,942] Trial 9 finished with value: 34.0 and parameters: {'x_0': 1, 'x_1': 2, 'x_2': -5, 'x_3': -2}. Best is trial 3 with value: 13.0.
2024-11-17 07:13:35,058 - INFO - Candidate Mean Stats: {'Max': np.float64(54.0), 'Min': np.float64(-0.2668462382390745), 'Mean': np.float64(0.02107047121986406), 'Std': np.float64(0.8963298436657549)}
2024-11-17 07:13:35,058 - INFO - Candidate Std Stats: {'Max': np.float64(0.5698933882916261), 'Min': np.float64(0.0), 'Mean': np.float64(0.06252195449402613), 'Std': np.float64(0.04645669896444437)}
2024-11-17 07:13:35,060 - INFO - Top 10 Mean Stats: {'Max': np.float64(-0.12627044353963443), 'Min': np.float64(-0.2668462382390745), 'Mean': np.float64(-0.19898125735971917), 'Std': np.float64(0.039013520355872806)}
2024-11-17 07:13:35,060 - INFO - Top 10 Std Stats: {'Max': np.float64(0.5539746780633128), 'Min': np.float64(0.26473033431624937), 'Mean': np.float64(0.38277776377919814), 'Std': np.float64(0.08609434697717093)}
2024-11-17 07:13:35,060 - INFO - Bottom 10 Mean Stats: {'Max': np.float64(54.0), 'Min': np.float64(0.17702212305264636), 'Mean': np.float64(30.717702212305266), 'Std': np.float64(15.202825542620072)}
2024-11-17 07:13:35,060 - INFO - Bottom 10 Std Stats: {'Max': np.float64(0.06460684900928128), 'Min': np.float64(0.0), 'Mean': np.float64(0.006460684900928128), 'Std': np.float64(0.019382054702784385)}
[I 2024-11-17 07:13:35,196] Trial 9 finished with value: 75.0 and parameters: {'x_0': 5, 'x_1': -5, 'x_2': -3, 'x_3': -4}. Best is trial 1 with value: 20.0.
2024-11-17 07:13:35,250 - INFO - Candidate Mean Stats: {'Max': np.float64(66.0), 'Min': np.float64(-0.21498916677178337), 'Mean': np.float64(0.025490195938317143), 'Std': np.float64(1.1001096258593575)}
2024-11-17 07:13:35,251 - INFO - Candidate Std Stats: {'Max': np.float64(0.4498724982696453), 'Min': np.float64(0.0), 'Mean': np.float64(0.06458688349811043), 'Std': np.float64(0.04798424957534155)}
2024-11-17 07:13:35,252 - INFO - Top 10 Mean Stats: {'Max': np.float64(-0.1200913708226039), 'Min': np.float64(-0.21498916677178337), 'Mean': np.float64(-0.1741941932720558), 'Std': np.float64(0.027500405805352696)}
2024-11-17 07:13:35,252 - INFO - Top 10 Std Stats: {'Max': np.float64(0.39901341638914284), 'Min': np.float64(0.315609911765574), 'Mean': np.float64(0.35785524330105106), 'Std': np.float64(0.028835732569763198)}
2024-11-17 07:13:35,252 - INFO - Bottom 10 Mean Stats: {'Max': np.float64(66.0), 'Min': np.float64(0.09461975018164093), 'Mean': np.float64(36.90946197501817), 'Std': np.float64(20.20377469693227)}
2024-11-17 07:13:35,252 - INFO - Bottom 10 Std Stats: {'Max': np.float64(0.03738288854447712), 'Min': np.float64(0.0), 'Mean': np.float64(0.003738288854447712), 'Std': np.float64(0.011214866563343135)}
