[I 2024-11-17 07:14:23,993] Trial 195 finished with value: 54.0 and parameters: {'x_0': 3, 'x_1': -5, 'x_2': 2, 'x_3': -4}. Best is trial 141 with value: 2.0.
2024-11-17 07:14:24,015 - INFO - Candidate Mean Stats: {'Max': np.float64(100.0), 'Min': np.float64(-0.25224810491814975), 'Mean': np.float64(0.7050991924329908), 'Std': np.float64(6.4813503008268)}
2024-11-17 07:14:24,015 - INFO - Candidate Std Stats: {'Max': np.float64(0.4711764527480734), 'Min': np.float64(0.0), 'Mean': np.float64(0.05313750799934283), 'Std': np.float64(0.04568399147363674)}
2024-11-17 07:14:24,016 - INFO - Top 10 Mean Stats: {'Max': np.float64(-0.15529128025902192), 'Min': np.float64(-0.25224810491814975), 'Mean': np.float64(-0.1914511069462514), 'Std': np.float64(0.031912946134166245)}
2024-11-17 07:14:24,017 - INFO - Top 10 Std Stats: {'Max': np.float64(0.4675596621479941), 'Min': np.float64(0.2923670518828018), 'Mean': np.float64(0.36520022052951856), 'Std': np.float64(0.055511620551908746)}
2024-11-17 07:14:24,017 - INFO - Bottom 10 Mean Stats: {'Max': np.float64(100.0), 'Min': np.float64(91.0), 'Mean': np.float64(95.5), 'Std': np.float64(4.5)}
2024-11-17 07:14:24,017 - INFO - Bottom 10 Std Stats: {'Max': np.float64(0.0), 'Min': np.float64(0.0), 'Mean': np.float64(0.0), 'Std': np.float64(0.0)}
[I 2024-11-17 07:14:24,033] Trial 206 finished with value: 39.0 and parameters: {'x_0': -3, 'x_1': -5, 'x_2': -1, 'x_3': 2}. Best is trial 179 with value: 1.0.
2024-11-17 07:14:24,095 - INFO - Candidate Mean Stats: {'Max': np.float64(91.0), 'Min': np.float64(-0.3105129720782559), 'Mean': np.float64(0.5543427350300841), 'Std': np.float64(5.240573046530807)}
2024-11-17 07:14:24,095 - INFO - Candidate Std Stats: {'Max': np.float64(0.6157066742841943), 'Min': np.float64(0.0), 'Mean': np.float64(0.05972108539717879), 'Std': np.float64(0.051614368082587785)}
2024-11-17 07:14:24,096 - INFO - Top 10 Mean Stats: {'Max': np.float64(0.09683256336590648), 'Min': np.float64(-0.3105129720782559), 'Mean': np.float64(-0.17886508711461005), 'Std': np.float64(0.11716164052630423)}
2024-11-17 07:14:24,096 - INFO - Top 10 Std Stats: {'Max': np.float64(0.6157066742841943), 'Min': np.float64(0.28297558259739874), 'Mean': np.float64(0.438688758240901), 'Std': np.float64(0.11814058456701401)}
2024-11-17 07:14:24,096 - INFO - Bottom 10 Mean Stats: {'Max': np.float64(91.0), 'Min': np.float64(75.0), 'Mean': np.float64(81.3), 'Std': np.float64(5.866003750424986)}
2024-11-17 07:14:24,096 - INFO - Bottom 10 Std Stats: {'Max': np.float64(0.0), 'Min': np.float64(0.0), 'Mean': np.float64(0.0), 'Std': np.float64(0.0)}
[I 2024-11-17 07:14:24,111] Trial 201 finished with value: 66.0 and parameters: {'x_0': -5, 'x_1': -4, 'x_2': -5, 'x_3': 0}. Best is trial 190 with value: 6.0.
2024-11-17 07:14:24,252 - INFO - Candidate Mean Stats: {'Max': np.float64(75.0), 'Min': np.float64(-0.2628383350325163), 'Mean': np.float64(0.4878840146085819), 'Std': np.float64(4.697552353610808)}
2024-11-17 07:14:24,252 - INFO - Candidate Std Stats: {'Max': np.float64(0.48418550453040166), 'Min': np.float64(0.0), 'Mean': np.float64(0.0639206068616528), 'Std': np.float64(0.04529754279775721)}
2024-11-17 07:14:24,254 - INFO - Top 10 Mean Stats: {'Max': np.float64(-0.12962284800810026), 'Min': np.float64(-0.2628383350325163), 'Mean': np.float64(-0.20261092449735202), 'Std': np.float64(0.03656885843500198)}
2024-11-17 07:14:24,254 - INFO - Top 10 Std Stats: {'Max': np.float64(0.48418550453040166), 'Min': np.float64(0.25575268202164), 'Mean': np.float64(0.39290061956096584), 'Std': np.float64(0.06527973144194844)}
2024-11-17 07:14:24,254 - INFO - Bottom 10 Mean Stats: {'Max': np.float64(75.0), 'Min': np.float64(66.0), 'Mean': np.float64(72.1), 'Std': np.float64(3.3896902513356584)}
2024-11-17 07:14:24,254 - INFO - Bottom 10 Std Stats: {'Max': np.float64(0.0), 'Min': np.float64(0.0), 'Mean': np.float64(0.0), 'Std': np.float64(0.0)}
[I 2024-11-17 07:14:24,270] Trial 196 finished with value: 44.0 and parameters: {'x_0': -3, 'x_1': 3, 'x_2': 1, 'x_3': -5}. Best is trial 141 with value: 2.0.
2024-11-17 07:14:24,295 - INFO - Candidate Mean Stats: {'Max': np.float64(100.0), 'Min': np.float64(-0.19170110304316826), 'Mean': np.float64(0.7085669478229882), 'Std': np.float64(6.488973171440102)}
2024-11-17 07:14:24,295 - INFO - Candidate Std Stats: {'Max': np.float64(0.4656826370532531), 'Min': np.float64(0.0), 'Mean': np.float64(0.054936669682075626), 'Std': np.float64(0.046078261403918686)}
2024-11-17 07:14:24,296 - INFO - Top 10 Mean Stats: {'Max': np.float64(-0.05875102377587886), 'Min': np.float64(-0.19170110304316826), 'Mean': np.float64(-0.13882486139535377), 'Std': np.float64(0.03303138554158614)}
2024-11-17 07:14:24,296 - INFO - Top 10 Std Stats: {'Max': np.float64(0.3667844860482843), 'Min': np.float64(0.26684639154726925), 'Mean': np.float64(0.318617579684105), 'Std': np.float64(0.03301356704386644)}
2024-11-17 07:14:24,296 - INFO - Bottom 10 Mean Stats: {'Max': np.float64(100.0), 'Min': np.float64(91.0), 'Mean': np.float64(95.5), 'Std': np.float64(4.5)}
2024-11-17 07:14:24,297 - INFO - Bottom 10 Std Stats: {'Max': np.float64(0.0), 'Min': np.float64(0.0), 'Mean': np.float64(0.0), 'Std': np.float64(0.0)}
[I 2024-11-17 07:14:24,313] Trial 207 finished with value: 26.0 and parameters: {'x_0': 0, 'x_1': 0, 'x_2': -1, 'x_3': -5}. Best is trial 179 with value: 1.0.
2024-11-17 07:14:24,362 - INFO - Candidate Mean Stats: {'Max': np.float64(91.0), 'Min': np.float64(-0.30637152264636164), 'Mean': np.float64(0.5583317286123964), 'Std': np.float64(5.268467924493833)}
2024-11-17 07:14:24,362 - INFO - Candidate Std Stats: {'Max': np.float64(0.6861118603957977), 'Min': np.float64(0.0), 'Mean': np.float64(0.06403264501157957), 'Std': np.float64(0.05094746588641631)}
2024-11-17 07:14:24,364 - INFO - Top 10 Mean Stats: {'Max': np.float64(-0.16073846034933909), 'Min': np.float64(-0.3052113758633431), 'Mean': np.float64(-0.23186117290347003), 'Std': np.float64(0.04221203723952787)}
2024-11-17 07:14:24,364 - INFO - Top 10 Std Stats: {'Max': np.float64(0.6861118603957977), 'Min': np.float64(0.38111450692294685), 'Mean': np.float64(0.4771164542118025), 'Std': np.float64(0.07874339374130095)}
2024-11-17 07:14:24,365 - INFO - Bottom 10 Mean Stats: {'Max': np.float64(91.0), 'Min': np.float64(75.0), 'Mean': np.float64(81.3), 'Std': np.float64(5.866003750424986)}
2024-11-17 07:14:24,365 - INFO - Bottom 10 Std Stats: {'Max': np.float64(0.0), 'Min': np.float64(0.0), 'Mean': np.float64(0.0), 'Std': np.float64(0.0)}
[I 2024-11-17 07:14:24,382] Trial 202 finished with value: 84.0 and parameters: {'x_0': -5, 'x_1': 3, 'x_2': -5, 'x_3': -5}. Best is trial 190 with value: 6.0.
2024-11-17 07:14:24,577 - INFO - Candidate Mean Stats: {'Max': np.float64(75.0), 'Min': np.float64(-0.2830566728960349), 'Mean': np.float64(0.4918246654341411), 'Std': np.float64(4.711194281445631)}
2024-11-17 07:14:24,577 - INFO - Candidate Std Stats: {'Max': np.float64(0.5620916930371003), 'Min': np.float64(0.0), 'Mean': np.float64(0.062150808269754734), 'Std': np.float64(0.04806315826878761)}
2024-11-17 07:14:24,579 - INFO - Top 10 Mean Stats: {'Max': np.float64(-0.13971881918875373), 'Min': np.float64(-0.2830566728960349), 'Mean': np.float64(-0.1912317920081663), 'Std': np.float64(0.04714691847706883)}
2024-11-17 07:14:24,579 - INFO - Top 10 Std Stats: {'Max': np.float64(0.4427058069339992), 'Min': np.float64(0.2877326699356661), 'Mean': np.float64(0.373886972200173), 'Std': np.float64(0.04753702402746069)}
2024-11-17 07:14:24,579 - INFO - Bottom 10 Mean Stats: {'Max': np.float64(75.0), 'Min': np.float64(66.0), 'Mean': np.float64(72.1), 'Std': np.float64(3.3896902513356584)}
2024-11-17 07:14:24,579 - INFO - Bottom 10 Std Stats: {'Max': np.float64(0.0), 'Min': np.float64(0.0), 'Mean': np.float64(0.0), 'Std': np.float64(0.0)}
[I 2024-11-17 07:14:24,597] Trial 197 finished with value: 70.0 and parameters: {'x_0': 2, 'x_1': 5, 'x_2': -5, 'x_3': -4}. Best is trial 141 with value: 2.0.
2024-11-17 07:14:24,599 - INFO - Candidate Mean Stats: {'Max': np.float64(100.0), 'Min': np.float64(-0.18090041176900137), 'Mean': np.float64(0.7088548534992016), 'Std': np.float64(6.492503632620592)}
2024-11-17 07:14:24,599 - INFO - Candidate Std Stats: {'Max': np.float64(0.37959049471500833), 'Min': np.float64(0.0), 'Mean': np.float64(0.05192053710628022), 'Std': np.float64(0.04277492669044675)}
2024-11-17 07:14:24,600 - INFO - Top 10 Mean Stats: {'Max': np.float64(-0.1369236796539382), 'Min': np.float64(-0.18090041176900137), 'Mean': np.float64(-0.15805393748545118), 'Std': np.float64(0.013296153172174073)}
2024-11-17 07:14:24,601 - INFO - Top 10 Std Stats: {'Max': np.float64(0.3758579626947163), 'Min': np.float64(0.2938315369486622), 'Mean': np.float64(0.3218319081249729), 'Std': np.float64(0.02609671480176855)}
2024-11-17 07:14:24,601 - INFO - Bottom 10 Mean Stats: {'Max': np.float64(100.0), 'Min': np.float64(91.0), 'Mean': np.float64(95.5), 'Std': np.float64(4.5)}
2024-11-17 07:14:24,601 - INFO - Bottom 10 Std Stats: {'Max': np.float64(0.0), 'Min': np.float64(0.0), 'Mean': np.float64(0.0), 'Std': np.float64(0.0)}
[I 2024-11-17 07:14:24,615] Trial 208 finished with value: 57.0 and parameters: {'x_0': -5, 'x_1': 4, 'x_2': 4, 'x_3': 0}. Best is trial 179 with value: 1.0.
2024-11-17 07:14:24,643 - INFO - Candidate Mean Stats: {'Max': np.float64(91.0), 'Min': np.float64(-0.19600446926317322), 'Mean': np.float64(0.5681753979760298), 'Std': np.float64(5.312964767604191)}
2024-11-17 07:14:24,644 - INFO - Candidate Std Stats: {'Max': np.float64(0.7129539971000041), 'Min': np.float64(0.0), 'Mean': np.float64(0.05752603711359019), 'Std': np.float64(0.052767713152331)}
2024-11-17 07:14:24,645 - INFO - Top 10 Mean Stats: {'Max': np.float64(0.07884077037366122), 'Min': np.float64(-0.19600446926317322), 'Mean': np.float64(-0.11924171341792913), 'Std': np.float64(0.09129908267910962)}
2024-11-17 07:14:24,645 - INFO - Top 10 Std Stats: {'Max': np.float64(0.6078657798316859), 'Min': np.float64(0.2662402360357414), 'Mean': np.float64(0.3960239440467716), 'Std': np.float64(0.11523594843866954)}
2024-11-17 07:14:24,645 - INFO - Bottom 10 Mean Stats: {'Max': np.float64(91.0), 'Min': np.float64(75.0), 'Mean': np.float64(82.2), 'Std': np.float64(5.509990925582364)}
2024-11-17 07:14:24,645 - INFO - Bottom 10 Std Stats: {'Max': np.float64(0.0), 'Min': np.float64(0.0), 'Mean': np.float64(0.0), 'Std': np.float64(0.0)}
[I 2024-11-17 07:14:24,663] Trial 203 finished with value: 84.0 and parameters: {'x_0': -5, 'x_1': -3, 'x_2': -5, 'x_3': -5}. Best is trial 190 with value: 6.0.
2024-11-17 07:14:24,817 - INFO - Candidate Mean Stats: {'Max': np.float64(75.0), 'Min': np.float64(-0.23079882399788834), 'Mean': np.float64(0.4975410880618905), 'Std': np.float64(4.745988871865599)}
2024-11-17 07:14:24,818 - INFO - Candidate Std Stats: {'Max': np.float64(0.4858723344395729), 'Min': np.float64(0.0), 'Mean': np.float64(0.06375399056904789), 'Std': np.float64(0.048187695316581604)}
2024-11-17 07:14:24,819 - INFO - Top 10 Mean Stats: {'Max': np.float64(-0.13260047615532342), 'Min': np.float64(-0.23079882399788834), 'Mean': np.float64(-0.18490586017545746), 'Std': np.float64(0.03396069765010544)}
2024-11-17 07:14:24,819 - INFO - Top 10 Std Stats: {'Max': np.float64(0.4858723344395729), 'Min': np.float64(0.271276422324523), 'Mean': np.float64(0.35999625345516784), 'Std': np.float64(0.06145994616996252)}
2024-11-17 07:14:24,819 - INFO - Bottom 10 Mean Stats: {'Max': np.float64(75.0), 'Min': np.float64(67.0), 'Mean': np.float64(72.5), 'Std': np.float64(2.8372521918222215)}
2024-11-17 07:14:24,819 - INFO - Bottom 10 Std Stats: {'Max': np.float64(0.0), 'Min': np.float64(0.0), 'Mean': np.float64(0.0), 'Std': np.float64(0.0)}
2024-11-17 07:14:24,828 - INFO - Candidate Mean Stats: {'Max': np.float64(100.0), 'Min': np.float64(-0.231045982915498), 'Mean': np.float64(0.7159464600278994), 'Std': np.float64(6.508824362137156)}
2024-11-17 07:14:24,828 - INFO - Candidate Std Stats: {'Max': np.float64(0.41989357030973107), 'Min': np.float64(0.0), 'Mean': np.float64(0.047190987232812974), 'Std': np.float64(0.04387032913476705)}
2024-11-17 07:14:24,830 - INFO - Top 10 Mean Stats: {'Max': np.float64(-0.15926167051989226), 'Min': np.float64(-0.231045982915498), 'Mean': np.float64(-0.1776736947165277), 'Std': np.float64(0.020931845799768492)}
2024-11-17 07:14:24,830 - INFO - Top 10 Std Stats: {'Max': np.float64(0.4119649633965203), 'Min': np.float64(0.28529719104634194), 'Mean': np.float64(0.3315060389724883), 'Std': np.float64(0.041880759642090884)}
2024-11-17 07:14:24,830 - INFO - Bottom 10 Mean Stats: {'Max': np.float64(100.0), 'Min': np.float64(91.0), 'Mean': np.float64(95.5), 'Std': np.float64(4.5)}
2024-11-17 07:14:24,830 - INFO - Bottom 10 Std Stats: {'Max': np.float64(0.0), 'Min': np.float64(0.0), 'Mean': np.float64(0.0), 'Std': np.float64(0.0)}
[I 2024-11-17 07:14:24,834] Trial 198 finished with value: 46.0 and parameters: {'x_0': -1, 'x_1': -5, 'x_2': 4, 'x_3': -2}. Best is trial 141 with value: 2.0.
[I 2024-11-17 07:14:24,845] Trial 209 finished with value: 59.0 and parameters: {'x_0': -5, 'x_1': -3, 'x_2': -4, 'x_3': 3}. Best is trial 179 with value: 1.0.
2024-11-17 07:14:24,940 - INFO - Candidate Mean Stats: {'Max': np.float64(91.0), 'Min': np.float64(-0.5031028493246285), 'Mean': np.float64(0.5716429343451661), 'Std': np.float64(5.357776389940872)}
2024-11-17 07:14:24,941 - INFO - Candidate Std Stats: {'Max': np.float64(0.7404789700584727), 'Min': np.float64(0.0), 'Mean': np.float64(0.057808662693474), 'Std': np.float64(0.05198247156299963)}
2024-11-17 07:14:24,942 - INFO - Top 10 Mean Stats: {'Max': np.float64(-0.16725701290489453), 'Min': np.float64(-0.5031028493246285), 'Mean': np.float64(-0.2773682346938464), 'Std': np.float64(0.09825671029177202)}
2024-11-17 07:14:24,943 - INFO - Top 10 Std Stats: {'Max': np.float64(0.7404789700584727), 'Min': np.float64(0.26169976367147646), 'Mean': np.float64(0.4005137186725788), 'Std': np.float64(0.1265494833238949)}
2024-11-17 07:14:24,943 - INFO - Bottom 10 Mean Stats: {'Max': np.float64(91.0), 'Min': np.float64(75.0), 'Mean': np.float64(83.1), 'Std': np.float64(4.968903299521938)}
2024-11-17 07:14:24,943 - INFO - Bottom 10 Std Stats: {'Max': np.float64(0.0), 'Min': np.float64(0.0), 'Mean': np.float64(0.0), 'Std': np.float64(0.0)}
[I 2024-11-17 07:14:24,960] Trial 204 finished with value: 66.0 and parameters: {'x_0': -5, 'x_1': -4, 'x_2': 0, 'x_3': -5}. Best is trial 190 with value: 6.0.
2024-11-17 07:14:25,107 - INFO - Candidate Mean Stats: {'Max': np.float64(75.0), 'Min': np.float64(-0.25521045845822093), 'Mean': np.float64(0.49712004595380455), 'Std': np.float64(4.76123887563388)}
2024-11-17 07:14:25,107 - INFO - Candidate Std Stats: {'Max': np.float64(0.5356293073801767), 'Min': np.float64(0.0), 'Mean': np.float64(0.06529628838467279), 'Std': np.float64(0.047522435217461655)}
2024-11-17 07:14:25,109 - INFO - Top 10 Mean Stats: {'Max': np.float64(-0.17255787817294427), 'Min': np.float64(-0.25521045845822093), 'Mean': np.float64(-0.20534633924256246), 'Std': np.float64(0.02336774256954221)}
2024-11-17 07:14:25,109 - INFO - Top 10 Std Stats: {'Max': np.float64(0.48023928837808033), 'Min': np.float64(0.3036790571079741), 'Mean': np.float64(0.38617181544753654), 'Std': np.float64(0.050941590319236646)}
2024-11-17 07:14:25,109 - INFO - Bottom 10 Mean Stats: {'Max': np.float64(75.0), 'Min': np.float64(67.0), 'Mean': np.float64(72.5), 'Std': np.float64(2.8372521918222215)}
2024-11-17 07:14:25,109 - INFO - Bottom 10 Std Stats: {'Max': np.float64(0.0), 'Min': np.float64(0.0), 'Mean': np.float64(0.0), 'Std': np.float64(0.0)}
2024-11-17 07:14:25,116 - INFO - Candidate Mean Stats: {'Max': np.float64(100.0), 'Min': np.float64(-0.23384508634104412), 'Mean': np.float64(0.7194222290316405), 'Std': np.float64(6.52664914858205)}
2024-11-17 07:14:25,116 - INFO - Candidate Std Stats: {'Max': np.float64(0.48582574976003723), 'Min': np.float64(0.0), 'Mean': np.float64(0.053495108999052514), 'Std': np.float64(0.041202227100395054)}
2024-11-17 07:14:25,118 - INFO - Top 10 Mean Stats: {'Max': np.float64(-0.12271926514285032), 'Min': np.float64(-0.23384508634104412), 'Mean': np.float64(-0.1662826931399844), 'Std': np.float64(0.03251367504006215)}
2024-11-17 07:14:25,118 - INFO - Top 10 Std Stats: {'Max': np.float64(0.48582574976003723), 'Min': np.float64(0.2679157517571862), 'Mean': np.float64(0.34274616875449315), 'Std': np.float64(0.06693988924195637)}
2024-11-17 07:14:25,118 - INFO - Bottom 10 Mean Stats: {'Max': np.float64(100.0), 'Min': np.float64(91.0), 'Mean': np.float64(95.5), 'Std': np.float64(4.5)}
2024-11-17 07:14:25,118 - INFO - Bottom 10 Std Stats: {'Max': np.float64(0.0), 'Min': np.float64(0.0), 'Mean': np.float64(0.0), 'Std': np.float64(0.0)}
[I 2024-11-17 07:14:25,125] Trial 199 finished with value: 6.0 and parameters: {'x_0': -1, 'x_1': 2, 'x_2': 1, 'x_3': 0}. Best is trial 141 with value: 2.0.
[I 2024-11-17 07:14:25,136] Trial 210 finished with value: 13.0 and parameters: {'x_0': -2, 'x_1': -2, 'x_2': -1, 'x_3': 2}. Best is trial 179 with value: 1.0.
2024-11-17 07:14:25,245 - INFO - Candidate Mean Stats: {'Max': np.float64(91.0), 'Min': np.float64(-0.5671033750781116), 'Mean': np.float64(0.5775992028102995), 'Std': np.float64(5.384826290985482)}
2024-11-17 07:14:25,245 - INFO - Candidate Std Stats: {'Max': np.float64(1.2443814769988377), 'Min': np.float64(0.0), 'Mean': np.float64(0.05912987270869481), 'Std': np.float64(0.050345942685731546)}
2024-11-17 07:14:25,246 - INFO - Top 10 Mean Stats: {'Max': np.float64(-0.1605410035364862), 'Min': np.float64(-0.5671033750781116), 'Mean': np.float64(-0.26969396802291384), 'Std': np.float64(0.1088109257825862)}
2024-11-17 07:14:25,247 - INFO - Top 10 Std Stats: {'Max': np.float64(1.2443814769988377), 'Min': np.float64(0.3632336958780216), 'Mean': np.float64(0.5823128272100713), 'Std': np.float64(0.25516369487721136)}
2024-11-17 07:14:25,247 - INFO - Bottom 10 Mean Stats: {'Max': np.float64(91.0), 'Min': np.float64(75.0), 'Mean': np.float64(83.1), 'Std': np.float64(4.968903299521938)}
2024-11-17 07:14:25,247 - INFO - Bottom 10 Std Stats: {'Max': np.float64(0.0), 'Min': np.float64(0.0), 'Mean': np.float64(0.0), 'Std': np.float64(0.0)}
[I 2024-11-17 07:14:25,264] Trial 205 finished with value: 91.0 and parameters: {'x_0': -5, 'x_1': -4, 'x_2': -5, 'x_3': 5}. Best is trial 190 with value: 6.0.
2024-11-17 07:14:25,357 - INFO - Candidate Mean Stats: {'Max': np.float64(100.0), 'Min': np.float64(-0.20267362007385037), 'Mean': np.float64(0.7221611895252376), 'Std': np.float64(6.527249055637942)}
2024-11-17 07:14:25,357 - INFO - Candidate Std Stats: {'Max': np.float64(0.4804073531871926), 'Min': np.float64(0.0), 'Mean': np.float64(0.050240604447801866), 'Std': np.float64(0.04229753486579638)}
2024-11-17 07:14:25,359 - INFO - Top 10 Mean Stats: {'Max': np.float64(-0.11269020965021856), 'Min': np.float64(-0.20267362007385037), 'Mean': np.float64(-0.14248578069996035), 'Std': np.float64(0.025106194393643824)}
2024-11-17 07:14:25,359 - INFO - Top 10 Std Stats: {'Max': np.float64(0.42852196132385656), 'Min': np.float64(0.26817194748081097), 'Mean': np.float64(0.31352833613471454), 'Std': np.float64(0.04258724197953995)}
2024-11-17 07:14:25,359 - INFO - Bottom 10 Mean Stats: {'Max': np.float64(100.0), 'Min': np.float64(91.0), 'Mean': np.float64(95.5), 'Std': np.float64(4.5)}
2024-11-17 07:14:25,359 - INFO - Bottom 10 Std Stats: {'Max': np.float64(0.0), 'Min': np.float64(0.0), 'Mean': np.float64(0.0), 'Std': np.float64(0.0)}
2024-11-17 07:14:25,368 - INFO - Candidate Mean Stats: {'Max': np.float64(75.0), 'Min': np.float64(-0.2915073102155013), 'Mean': np.float64(0.5007616837880254), 'Std': np.float64(4.761109879412633)}
2024-11-17 07:14:25,368 - INFO - Candidate Std Stats: {'Max': np.float64(0.5020826258471214), 'Min': np.float64(0.0), 'Mean': np.float64(0.06515434187249475), 'Std': np.float64(0.047229606779855264)}
2024-11-17 07:14:25,370 - INFO - Top 10 Mean Stats: {'Max': np.float64(-0.10175239700777872), 'Min': np.float64(-0.2915073102155013), 'Mean': np.float64(-0.19447147101403), 'Std': np.float64(0.04356847382537401)}
2024-11-17 07:14:25,370 - INFO - Top 10 Std Stats: {'Max': np.float64(0.5020826258471214), 'Min': np.float64(0.32214852177542), 'Mean': np.float64(0.39801924066718775), 'Std': np.float64(0.04553080407914878)}
2024-11-17 07:14:25,371 - INFO - Bottom 10 Mean Stats: {'Max': np.float64(75.0), 'Min': np.float64(67.0), 'Mean': np.float64(72.5), 'Std': np.float64(2.8372521918222215)}
2024-11-17 07:14:25,371 - INFO - Bottom 10 Std Stats: {'Max': np.float64(0.0), 'Min': np.float64(0.0), 'Mean': np.float64(0.0), 'Std': np.float64(0.0)}
[I 2024-11-17 07:14:25,378] Trial 211 finished with value: 30.0 and parameters: {'x_0': -2, 'x_1': 5, 'x_2': 1, 'x_3': 0}. Best is trial 179 with value: 1.0.
