[I 2024-11-17 07:14:50,581] Trial 305 finished with value: 38.0 and parameters: {'x_0': 0, 'x_1': 5, 'x_2': -2, 'x_3': 3}. Best is trial 179 with value: 1.0.
2024-11-17 07:14:50,699 - INFO - Candidate Mean Stats: {'Max': np.float64(100.0), 'Min': np.float64(-0.17373819088374767), 'Mean': np.float64(0.8919125335079663), 'Std': np.float64(6.971491493379859)}
2024-11-17 07:14:50,699 - INFO - Candidate Std Stats: {'Max': np.float64(0.729658553140573), 'Min': np.float64(0.0), 'Mean': np.float64(0.0448699366111633), 'Std': np.float64(0.04720141955536755)}
2024-11-17 07:14:50,701 - INFO - Top 10 Mean Stats: {'Max': np.float64(-0.11964040645747062), 'Min': np.float64(-0.17373819088374767), 'Mean': np.float64(-0.1491126797414473), 'Std': np.float64(0.016865511858211866)}
2024-11-17 07:14:50,701 - INFO - Top 10 Std Stats: {'Max': np.float64(0.38410491951040493), 'Min': np.float64(0.30173846210050675), 'Mean': np.float64(0.33833126581549017), 'Std': np.float64(0.02957103906060131)}
2024-11-17 07:14:50,701 - INFO - Bottom 10 Mean Stats: {'Max': np.float64(100.0), 'Min': np.float64(84.0), 'Mean': np.float64(93.0), 'Std': np.float64(5.019960159204453)}
2024-11-17 07:14:50,701 - INFO - Bottom 10 Std Stats: {'Max': np.float64(0.0), 'Min': np.float64(0.0), 'Mean': np.float64(0.0), 'Std': np.float64(0.0)}
[I 2024-11-17 07:14:50,717] Trial 298 finished with value: 70.0 and parameters: {'x_0': -4, 'x_1': 2, 'x_2': -5, 'x_3': -5}. Best is trial 290 with value: 2.0.
2024-11-17 07:14:50,730 - INFO - Candidate Mean Stats: {'Max': np.float64(91.0), 'Min': np.float64(-0.3895422565960385), 'Mean': np.float64(0.6787247731802692), 'Std': np.float64(5.579219714629815)}
2024-11-17 07:14:50,730 - INFO - Candidate Std Stats: {'Max': np.float64(0.642582856926429), 'Min': np.float64(0.0), 'Mean': np.float64(0.060149985896470366), 'Std': np.float64(0.049283849869702266)}
2024-11-17 07:14:50,732 - INFO - Top 10 Mean Stats: {'Max': np.float64(-0.04474812742292387), 'Min': np.float64(-0.3895422565960385), 'Mean': np.float64(-0.17424454020024938), 'Std': np.float64(0.10672656044929504)}
2024-11-17 07:14:50,732 - INFO - Top 10 Std Stats: {'Max': np.float64(0.642582856926429), 'Min': np.float64(0.42943003338006713), 'Mean': np.float64(0.5235405245714393), 'Std': np.float64(0.06717283080422022)}
2024-11-17 07:14:50,732 - INFO - Bottom 10 Mean Stats: {'Max': np.float64(91.0), 'Min': np.float64(73.0), 'Mean': np.float64(76.9), 'Std': np.float64(5.262128846769148)}
2024-11-17 07:14:50,732 - INFO - Bottom 10 Std Stats: {'Max': np.float64(0.0), 'Min': np.float64(0.0), 'Mean': np.float64(0.0), 'Std': np.float64(0.0)}
[I 2024-11-17 07:14:50,750] Trial 285 finished with value: 6.0 and parameters: {'x_0': -1, 'x_1': -2, 'x_2': -1, 'x_3': 0}. Best is trial 141 with value: 2.0.
2024-11-17 07:14:50,806 - INFO - Candidate Mean Stats: {'Max': np.float64(100.0), 'Min': np.float64(-0.19612906454106477), 'Mean': np.float64(1.015885203211332), 'Std': np.float64(7.6666488794398235)}
2024-11-17 07:14:50,806 - INFO - Candidate Std Stats: {'Max': np.float64(0.36071976889784363), 'Min': np.float64(0.0), 'Mean': np.float64(0.04682816000878853), 'Std': np.float64(0.03856871882132592)}
2024-11-17 07:14:50,807 - INFO - Top 10 Mean Stats: {'Max': np.float64(-0.10338503896906222), 'Min': np.float64(-0.19612906454106477), 'Mean': np.float64(-0.15279105288444625), 'Std': np.float64(0.029206589280979595)}
2024-11-17 07:14:50,807 - INFO - Top 10 Std Stats: {'Max': np.float64(0.33684025434454623), 'Min': np.float64(0.21656126298548098), 'Mean': np.float64(0.25227420992605487), 'Std': np.float64(0.03446367921003238)}
2024-11-17 07:14:50,808 - INFO - Bottom 10 Mean Stats: {'Max': np.float64(100.0), 'Min': np.float64(91.0), 'Mean': np.float64(95.5), 'Std': np.float64(4.5)}
2024-11-17 07:14:50,808 - INFO - Bottom 10 Std Stats: {'Max': np.float64(0.0), 'Min': np.float64(0.0), 'Mean': np.float64(0.0), 'Std': np.float64(0.0)}
[I 2024-11-17 07:14:50,824] Trial 306 finished with value: 42.0 and parameters: {'x_0': 5, 'x_1': 2, 'x_2': 2, 'x_3': -3}. Best is trial 179 with value: 1.0.
2024-11-17 07:14:50,959 - INFO - Candidate Mean Stats: {'Max': np.float64(100.0), 'Min': np.float64(-0.28757800793088106), 'Mean': np.float64(0.9013577479834831), 'Std': np.float64(6.994257085224967)}
2024-11-17 07:14:50,959 - INFO - Candidate Std Stats: {'Max': np.float64(0.5624797069707724), 'Min': np.float64(0.0), 'Mean': np.float64(0.04705771327197171), 'Std': np.float64(0.044245523207124514)}
2024-11-17 07:14:50,961 - INFO - Top 10 Mean Stats: {'Max': np.float64(-0.12594067325589312), 'Min': np.float64(-0.28757800793088106), 'Mean': np.float64(-0.18151740291304855), 'Std': np.float64(0.043950148569099165)}
2024-11-17 07:14:50,961 - INFO - Top 10 Std Stats: {'Max': np.float64(0.5624797069707724), 'Min': np.float64(0.3383481639129729), 'Mean': np.float64(0.39562931563206344), 'Std': np.float64(0.06679041025560019)}
2024-11-17 07:14:50,961 - INFO - Bottom 10 Mean Stats: {'Max': np.float64(100.0), 'Min': np.float64(84.0), 'Mean': np.float64(93.0), 'Std': np.float64(5.019960159204453)}
2024-11-17 07:14:50,961 - INFO - Bottom 10 Std Stats: {'Max': np.float64(0.0), 'Min': np.float64(0.0), 'Mean': np.float64(0.0), 'Std': np.float64(0.0)}
[I 2024-11-17 07:14:50,979] Trial 299 finished with value: 33.0 and parameters: {'x_0': 3, 'x_1': 2, 'x_2': 4, 'x_3': 2}. Best is trial 290 with value: 2.0.
2024-11-17 07:14:51,027 - INFO - Candidate Mean Stats: {'Max': np.float64(91.0), 'Min': np.float64(-0.8812315264867087), 'Mean': np.float64(0.6753036724006312), 'Std': np.float64(5.579866820668677)}
2024-11-17 07:14:51,028 - INFO - Candidate Std Stats: {'Max': np.float64(0.47208876973744346), 'Min': np.float64(0.0), 'Mean': np.float64(0.04771207677902319), 'Std': np.float64(0.04687907120442043)}
2024-11-17 07:14:51,029 - INFO - Top 10 Mean Stats: {'Max': np.float64(-0.2724943587613612), 'Min': np.float64(-0.8812315264867087), 'Mean': np.float64(-0.49489033512226727), 'Std': np.float64(0.2058589597660406)}
2024-11-17 07:14:51,029 - INFO - Top 10 Std Stats: {'Max': np.float64(0.44857857346566576), 'Min': np.float64(0.05006641410235006), 'Mean': np.float64(0.30873719956807766), 'Std': np.float64(0.1389522103918212)}
2024-11-17 07:14:51,029 - INFO - Bottom 10 Mean Stats: {'Max': np.float64(91.0), 'Min': np.float64(73.0), 'Mean': np.float64(76.9), 'Std': np.float64(5.262128846769148)}
2024-11-17 07:14:51,029 - INFO - Bottom 10 Std Stats: {'Max': np.float64(0.0), 'Min': np.float64(0.0), 'Mean': np.float64(0.0), 'Std': np.float64(0.0)}
[I 2024-11-17 07:14:51,047] Trial 286 finished with value: 6.0 and parameters: {'x_0': -1, 'x_1': -2, 'x_2': 1, 'x_3': 0}. Best is trial 141 with value: 2.0.
2024-11-17 07:14:51,056 - INFO - Candidate Mean Stats: {'Max': np.float64(100.0), 'Min': np.float64(-0.16285908416086034), 'Mean': np.float64(1.0186483255627046), 'Std': np.float64(7.6741109936997045)}
2024-11-17 07:14:51,056 - INFO - Candidate Std Stats: {'Max': np.float64(0.4338830092343001), 'Min': np.float64(0.0), 'Mean': np.float64(0.052059948866379116), 'Std': np.float64(0.04209498271986292)}
2024-11-17 07:14:51,058 - INFO - Top 10 Mean Stats: {'Max': np.float64(-0.08441381312842906), 'Min': np.float64(-0.16285908416086034), 'Mean': np.float64(-0.12109732886508892), 'Std': np.float64(0.020822775892173042)}
2024-11-17 07:14:51,058 - INFO - Top 10 Std Stats: {'Max': np.float64(0.3614921183123561), 'Min': np.float64(0.23953322914418995), 'Mean': np.float64(0.2836850005087965), 'Std': np.float64(0.036393276271631796)}
2024-11-17 07:14:51,058 - INFO - Bottom 10 Mean Stats: {'Max': np.float64(100.0), 'Min': np.float64(91.0), 'Mean': np.float64(95.5), 'Std': np.float64(4.5)}
2024-11-17 07:14:51,058 - INFO - Bottom 10 Std Stats: {'Max': np.float64(0.0), 'Min': np.float64(0.0), 'Mean': np.float64(0.0), 'Std': np.float64(0.0)}
[I 2024-11-17 07:14:51,074] Trial 307 finished with value: 45.0 and parameters: {'x_0': -4, 'x_1': -2, 'x_2': -5, 'x_3': 0}. Best is trial 179 with value: 1.0.
2024-11-17 07:14:51,229 - INFO - Candidate Mean Stats: {'Max': np.float64(100.0), 'Min': np.float64(-0.2856870923000049), 'Mean': np.float64(0.9019950252015102), 'Std': np.float64(6.999480563790996)}
2024-11-17 07:14:51,229 - INFO - Candidate Std Stats: {'Max': np.float64(0.651704374635683), 'Min': np.float64(0.0), 'Mean': np.float64(0.04234700694667377), 'Std': np.float64(0.047253637120512997)}
2024-11-17 07:14:51,230 - INFO - Top 10 Mean Stats: {'Max': np.float64(-0.11507211589052857), 'Min': np.float64(-0.2856870923000049), 'Mean': np.float64(-0.2138018936808949), 'Std': np.float64(0.04536222121181796)}
2024-11-17 07:14:51,230 - INFO - Top 10 Std Stats: {'Max': np.float64(0.4594533680816762), 'Min': np.float64(0.2890142302788369), 'Mean': np.float64(0.3720033916202018), 'Std': np.float64(0.062068160238728964)}
2024-11-17 07:14:51,231 - INFO - Bottom 10 Mean Stats: {'Max': np.float64(100.0), 'Min': np.float64(84.0), 'Mean': np.float64(93.0), 'Std': np.float64(5.019960159204453)}
2024-11-17 07:14:51,231 - INFO - Bottom 10 Std Stats: {'Max': np.float64(0.0), 'Min': np.float64(0.0), 'Mean': np.float64(0.0), 'Std': np.float64(0.0)}
[I 2024-11-17 07:14:51,248] Trial 300 finished with value: 17.0 and parameters: {'x_0': -2, 'x_1': 2, 'x_2': -3, 'x_3': 0}. Best is trial 290 with value: 2.0.
2024-11-17 07:14:51,301 - INFO - Candidate Mean Stats: {'Max': np.float64(100.0), 'Min': np.float64(-0.3384102578975702), 'Mean': np.float64(1.0224982222801786), 'Std': np.float64(7.682623080196539)}
2024-11-17 07:14:51,301 - INFO - Candidate Std Stats: {'Max': np.float64(0.471413714297874), 'Min': np.float64(0.0), 'Mean': np.float64(0.045606038556633706), 'Std': np.float64(0.04329087163182075)}
2024-11-17 07:14:51,302 - INFO - Top 10 Mean Stats: {'Max': np.float64(-0.13387393644745216), 'Min': np.float64(-0.3384102578975702), 'Mean': np.float64(-0.19992564434232224), 'Std': np.float64(0.051524297410237764)}
2024-11-17 07:14:51,302 - INFO - Top 10 Std Stats: {'Max': np.float64(0.471413714297874), 'Min': np.float64(0.3018170321503533), 'Mean': np.float64(0.3878997970370536), 'Std': np.float64(0.057966004995162475)}
2024-11-17 07:14:51,303 - INFO - Bottom 10 Mean Stats: {'Max': np.float64(100.0), 'Min': np.float64(91.0), 'Mean': np.float64(95.5), 'Std': np.float64(4.5)}
2024-11-17 07:14:51,303 - INFO - Bottom 10 Std Stats: {'Max': np.float64(0.0), 'Min': np.float64(0.0), 'Mean': np.float64(0.0), 'Std': np.float64(0.0)}
2024-11-17 07:14:51,319 - INFO - Candidate Mean Stats: {'Max': np.float64(91.0), 'Min': np.float64(-0.5894794179943793), 'Mean': np.float64(0.6749332712923005), 'Std': np.float64(5.580107136545823)}
2024-11-17 07:14:51,319 - INFO - Candidate Std Stats: {'Max': np.float64(0.503968852351614), 'Min': np.float64(0.0), 'Mean': np.float64(0.04855614962306169), 'Std': np.float64(0.048794373072488545)}
[I 2024-11-17 07:14:51,319] Trial 308 finished with value: 26.0 and parameters: {'x_0': 1, 'x_1': 0, 'x_2': -5, 'x_3': 0}. Best is trial 179 with value: 1.0.
2024-11-17 07:14:51,321 - INFO - Top 10 Mean Stats: {'Max': np.float64(-0.16537349787932118), 'Min': np.float64(-0.5894794179943793), 'Mean': np.float64(-0.3743340495295192), 'Std': np.float64(0.1442165503955018)}
2024-11-17 07:14:51,321 - INFO - Top 10 Std Stats: {'Max': np.float64(0.503968852351614), 'Min': np.float64(0.17913225907897926), 'Mean': np.float64(0.31641253163852257), 'Std': np.float64(0.11286101097103571)}
2024-11-17 07:14:51,321 - INFO - Bottom 10 Mean Stats: {'Max': np.float64(91.0), 'Min': np.float64(73.0), 'Mean': np.float64(76.9), 'Std': np.float64(5.262128846769148)}
2024-11-17 07:14:51,322 - INFO - Bottom 10 Std Stats: {'Max': np.float64(0.0), 'Min': np.float64(0.0), 'Mean': np.float64(0.0), 'Std': np.float64(0.0)}
[I 2024-11-17 07:14:51,341] Trial 287 finished with value: 10.0 and parameters: {'x_0': 3, 'x_1': 0, 'x_2': -1, 'x_3': 0}. Best is trial 141 with value: 2.0.
2024-11-17 07:14:51,552 - INFO - Candidate Mean Stats: {'Max': np.float64(100.0), 'Min': np.float64(-0.39291609552472), 'Mean': np.float64(0.9011942256248039), 'Std': np.float64(7.001002280928516)}
2024-11-17 07:14:51,552 - INFO - Candidate Std Stats: {'Max': np.float64(0.668391632375993), 'Min': np.float64(0.0), 'Mean': np.float64(0.044731860861179834), 'Std': np.float64(0.047268939445035324)}
2024-11-17 07:14:51,554 - INFO - Top 10 Mean Stats: {'Max': np.float64(-0.12881834077168067), 'Min': np.float64(-0.39291609552472), 'Mean': np.float64(-0.2508290302853488), 'Std': np.float64(0.07103750505650173)}
2024-11-17 07:14:51,554 - INFO - Top 10 Std Stats: {'Max': np.float64(0.5256527812735611), 'Min': np.float64(0.23234454009283395), 'Mean': np.float64(0.3892966624362596), 'Std': np.float64(0.09296847908819221)}
2024-11-17 07:14:51,554 - INFO - Bottom 10 Mean Stats: {'Max': np.float64(100.0), 'Min': np.float64(84.0), 'Mean': np.float64(93.0), 'Std': np.float64(5.019960159204453)}
2024-11-17 07:14:51,554 - INFO - Bottom 10 Std Stats: {'Max': np.float64(0.0), 'Min': np.float64(0.0), 'Mean': np.float64(0.0), 'Std': np.float64(0.0)}
[I 2024-11-17 07:14:51,571] Trial 301 finished with value: 5.0 and parameters: {'x_0': -1, 'x_1': 2, 'x_2': 0, 'x_3': 0}. Best is trial 290 with value: 2.0.
2024-11-17 07:14:51,590 - INFO - Candidate Mean Stats: {'Max': np.float64(100.0), 'Min': np.float64(-0.18029172572012553), 'Mean': np.float64(1.0236760142299848), 'Std': np.float64(7.685478316289991)}
2024-11-17 07:14:51,590 - INFO - Candidate Std Stats: {'Max': np.float64(0.4751442879870105), 'Min': np.float64(0.0), 'Mean': np.float64(0.0486395969683809), 'Std': np.float64(0.04222807226940023)}
2024-11-17 07:14:51,591 - INFO - Top 10 Mean Stats: {'Max': np.float64(-0.11539186036677021), 'Min': np.float64(-0.18029172572012553), 'Mean': np.float64(-0.14617969399093972), 'Std': np.float64(0.01941778329333168)}
2024-11-17 07:14:51,591 - INFO - Top 10 Std Stats: {'Max': np.float64(0.35820730146280666), 'Min': np.float64(0.24203984246968915), 'Mean': np.float64(0.301820144542852), 'Std': np.float64(0.03679897191729846)}
2024-11-17 07:14:51,591 - INFO - Bottom 10 Mean Stats: {'Max': np.float64(100.0), 'Min': np.float64(91.0), 'Mean': np.float64(95.5), 'Std': np.float64(4.5)}
2024-11-17 07:14:51,591 - INFO - Bottom 10 Std Stats: {'Max': np.float64(0.0), 'Min': np.float64(0.0), 'Mean': np.float64(0.0), 'Std': np.float64(0.0)}
[I 2024-11-17 07:14:51,608] Trial 309 finished with value: 6.0 and parameters: {'x_0': 0, 'x_1': -1, 'x_2': -1, 'x_3': -2}. Best is trial 179 with value: 1.0.
2024-11-17 07:14:51,660 - INFO - Candidate Mean Stats: {'Max': np.float64(91.0), 'Min': np.float64(-0.40669651146224856), 'Mean': np.float64(0.674992205171552), 'Std': np.float64(5.580723080146695)}
2024-11-17 07:14:51,660 - INFO - Candidate Std Stats: {'Max': np.float64(0.4514641922105101), 'Min': np.float64(0.0), 'Mean': np.float64(0.051312889947378496), 'Std': np.float64(0.047784813475527516)}
2024-11-17 07:14:51,662 - INFO - Top 10 Mean Stats: {'Max': np.float64(-0.1969958107174197), 'Min': np.float64(-0.40669651146224856), 'Mean': np.float64(-0.30791518325257655), 'Std': np.float64(0.06432916147866026)}
2024-11-17 07:14:51,662 - INFO - Top 10 Std Stats: {'Max': np.float64(0.3959311193193845), 'Min': np.float64(0.22738172093657127), 'Mean': np.float64(0.3203547273432248), 'Std': np.float64(0.05791779283634331)}
2024-11-17 07:14:51,662 - INFO - Bottom 10 Mean Stats: {'Max': np.float64(91.0), 'Min': np.float64(73.0), 'Mean': np.float64(76.9), 'Std': np.float64(5.262128846769148)}
2024-11-17 07:14:51,662 - INFO - Bottom 10 Std Stats: {'Max': np.float64(0.0), 'Min': np.float64(0.0), 'Mean': np.float64(0.0), 'Std': np.float64(0.0)}
[I 2024-11-17 07:14:51,679] Trial 288 finished with value: 1.0 and parameters: {'x_0': 1, 'x_1': 0, 'x_2': 0, 'x_3': 0}. Best is trial 288 with value: 1.0.
2024-11-17 07:14:51,805 - INFO - Candidate Mean Stats: {'Max': np.float64(100.0), 'Min': np.float64(-0.21222791166148042), 'Mean': np.float64(0.9032413191157094), 'Std': np.float64(7.000855427923749)}
2024-11-17 07:14:51,805 - INFO - Candidate Std Stats: {'Max': np.float64(0.5479976744475303), 'Min': np.float64(0.0), 'Mean': np.float64(0.04809958908504811), 'Std': np.float64(0.04309561655232887)}
2024-11-17 07:14:51,807 - INFO - Top 10 Mean Stats: {'Max': np.float64(-0.08277633766169891), 'Min': np.float64(-0.21222791166148042), 'Mean': np.float64(-0.14289193615750156), 'Std': np.float64(0.039948206019320885)}
2024-11-17 07:14:51,807 - INFO - Top 10 Std Stats: {'Max': np.float64(0.3648596155439001), 'Min': np.float64(0.25666444280285344), 'Mean': np.float64(0.30751350392184207), 'Std': np.float64(0.03314953879761666)}
2024-11-17 07:14:51,807 - INFO - Bottom 10 Mean Stats: {'Max': np.float64(100.0), 'Min': np.float64(84.0), 'Mean': np.float64(93.0), 'Std': np.float64(5.019960159204453)}
2024-11-17 07:14:51,807 - INFO - Bottom 10 Std Stats: {'Max': np.float64(0.0), 'Min': np.float64(0.0), 'Mean': np.float64(0.0), 'Std': np.float64(0.0)}
[I 2024-11-17 07:14:51,823] Trial 302 finished with value: 55.0 and parameters: {'x_0': -1, 'x_1': -5, 'x_2': 2, 'x_3': -5}. Best is trial 290 with value: 2.0.
2024-11-17 07:14:51,902 - INFO - Candidate Mean Stats: {'Max': np.float64(100.0), 'Min': np.float64(-0.22028090558408442), 'Mean': np.float64(1.0168731818701688), 'Std': np.float64(7.686518730161713)}
2024-11-17 07:14:51,903 - INFO - Candidate Std Stats: {'Max': np.float64(0.3750062043907045), 'Min': np.float64(0.0), 'Mean': np.float64(0.04870725515331653), 'Std': np.float64(0.04049409707308832)}
2024-11-17 07:14:51,904 - INFO - Top 10 Mean Stats: {'Max': np.float64(-0.13767734704586096), 'Min': np.float64(-0.22028090558408442), 'Mean': np.float64(-0.1716450133588226), 'Std': np.float64(0.02541612539698426)}
2024-11-17 07:14:51,904 - INFO - Top 10 Std Stats: {'Max': np.float64(0.34778252469289034), 'Min': np.float64(0.20944513990235367), 'Mean': np.float64(0.2866905591082555), 'Std': np.float64(0.04185765555498537)}
2024-11-17 07:14:51,904 - INFO - Bottom 10 Mean Stats: {'Max': np.float64(100.0), 'Min': np.float64(91.0), 'Mean': np.float64(95.5), 'Std': np.float64(4.5)}
2024-11-17 07:14:51,904 - INFO - Bottom 10 Std Stats: {'Max': np.float64(0.0), 'Min': np.float64(0.0), 'Mean': np.float64(0.0), 'Std': np.float64(0.0)}
[I 2024-11-17 07:14:51,922] Trial 310 finished with value: 25.0 and parameters: {'x_0': 1, 'x_1': -4, 'x_2': 2, 'x_3': -2}. Best is trial 179 with value: 1.0.
2024-11-17 07:14:51,932 - INFO - Candidate Mean Stats: {'Max': np.float64(91.0), 'Min': np.float64(-0.3621176778798745), 'Mean': np.float64(0.6766552318775133), 'Std': np.float64(5.580531100493639)}
2024-11-17 07:14:51,932 - INFO - Candidate Std Stats: {'Max': np.float64(0.5057011779023141), 'Min': np.float64(0.0), 'Mean': np.float64(0.055096277804592524), 'Std': np.float64(0.049147572590588745)}
2024-11-17 07:14:51,933 - INFO - Top 10 Mean Stats: {'Max': np.float64(-0.19697041001290103), 'Min': np.float64(-0.3621176778798745), 'Mean': np.float64(-0.3051834216995746), 'Std': np.float64(0.05639897880203782)}
2024-11-17 07:14:51,933 - INFO - Top 10 Std Stats: {'Max': np.float64(0.5057011779023141), 'Min': np.float64(0.27569904433551445), 'Mean': np.float64(0.3620777909634233), 'Std': np.float64(0.06548985671406728)}
2024-11-17 07:14:51,933 - INFO - Bottom 10 Mean Stats: {'Max': np.float64(91.0), 'Min': np.float64(73.0), 'Mean': np.float64(76.9), 'Std': np.float64(5.262128846769148)}
2024-11-17 07:14:51,933 - INFO - Bottom 10 Std Stats: {'Max': np.float64(0.0), 'Min': np.float64(0.0), 'Mean': np.float64(0.0), 'Std': np.float64(0.0)}
[I 2024-11-17 07:14:51,951] Trial 289 finished with value: 3.0 and parameters: {'x_0': 1, 'x_1': 0, 'x_2': 1, 'x_3': -1}. Best is trial 288 with value: 1.0.
2024-11-17 07:14:52,050 - INFO - Candidate Mean Stats: {'Max': np.float64(100.0), 'Min': np.float64(-0.28195708145167975), 'Mean': np.float64(0.9068629503601612), 'Std': np.float64(7.015131563599256)}
2024-11-17 07:14:52,050 - INFO - Candidate Std Stats: {'Max': np.float64(0.4569895165730419), 'Min': np.float64(0.0), 'Mean': np.float64(0.049596702985587535), 'Std': np.float64(0.04347200683857871)}
2024-11-17 07:14:52,052 - INFO - Top 10 Mean Stats: {'Max': np.float64(-0.08562342292888857), 'Min': np.float64(-0.28195708145167975), 'Mean': np.float64(-0.18064534840975535), 'Std': np.float64(0.061729408573546064)}
2024-11-17 07:14:52,052 - INFO - Top 10 Std Stats: {'Max': np.float64(0.4347950322870745), 'Min': np.float64(0.3257174085510656), 'Mean': np.float64(0.35475813461275524), 'Std': np.float64(0.03603728383009019)}
2024-11-17 07:14:52,052 - INFO - Bottom 10 Mean Stats: {'Max': np.float64(100.0), 'Min': np.float64(84.0), 'Mean': np.float64(93.0), 'Std': np.float64(5.019960159204453)}
2024-11-17 07:14:52,052 - INFO - Bottom 10 Std Stats: {'Max': np.float64(0.0), 'Min': np.float64(0.0), 'Mean': np.float64(0.0), 'Std': np.float64(0.0)}
