[I 2024-11-17 07:14:11,309] Trial 153 finished with value: 28.0 and parameters: {'x_0': 3, 'x_1': 1, 'x_2': -3, 'x_3': -3}. Best is trial 76 with value: 7.0.
2024-11-17 07:14:11,437 - INFO - Candidate Mean Stats: {'Max': np.float64(100.0), 'Min': np.float64(-0.20671054157535546), 'Mean': np.float64(0.5431946095453649), 'Std': np.float64(5.74051504879533)}
2024-11-17 07:14:11,437 - INFO - Candidate Std Stats: {'Max': np.float64(0.8188399078282397), 'Min': np.float64(0.0), 'Mean': np.float64(0.056580058620414084), 'Std': np.float64(0.04822501836523815)}
2024-11-17 07:14:11,438 - INFO - Top 10 Mean Stats: {'Max': np.float64(-0.15203905058442616), 'Min': np.float64(-0.20671054157535546), 'Mean': np.float64(-0.18321848779919478), 'Std': np.float64(0.017623823221636623)}
2024-11-17 07:14:11,438 - INFO - Top 10 Std Stats: {'Max': np.float64(0.5277974100086892), 'Min': np.float64(0.30509103644920293), 'Mean': np.float64(0.36565648794028044), 'Std': np.float64(0.0649036366103903)}
2024-11-17 07:14:11,438 - INFO - Bottom 10 Mean Stats: {'Max': np.float64(100.0), 'Min': np.float64(91.0), 'Mean': np.float64(95.5), 'Std': np.float64(4.5)}
2024-11-17 07:14:11,439 - INFO - Bottom 10 Std Stats: {'Max': np.float64(0.0), 'Min': np.float64(0.0), 'Mean': np.float64(0.0), 'Std': np.float64(0.0)}
[I 2024-11-17 07:14:11,453] Trial 156 finished with value: 91.0 and parameters: {'x_0': -4, 'x_1': 5, 'x_2': 5, 'x_3': -5}. Best is trial 155 with value: 5.0.
2024-11-17 07:14:11,497 - INFO - Candidate Mean Stats: {'Max': np.float64(75.0), 'Min': np.float64(-0.24243518211778955), 'Mean': np.float64(0.37540343343922533), 'Std': np.float64(4.134517099622952)}
2024-11-17 07:14:11,497 - INFO - Candidate Std Stats: {'Max': np.float64(0.5158430920443724), 'Min': np.float64(0.0), 'Mean': np.float64(0.06145219999077682), 'Std': np.float64(0.04899783961795028)}
2024-11-17 07:14:11,499 - INFO - Top 10 Mean Stats: {'Max': np.float64(-0.18095224460856946), 'Min': np.float64(-0.24243518211778955), 'Mean': np.float64(-0.21640212667305075), 'Std': np.float64(0.016579123003406686)}
2024-11-17 07:14:11,499 - INFO - Top 10 Std Stats: {'Max': np.float64(0.48306681996829454), 'Min': np.float64(0.29454032198478736), 'Mean': np.float64(0.38251495468805846), 'Std': np.float64(0.05309750912592641)}
2024-11-17 07:14:11,499 - INFO - Bottom 10 Mean Stats: {'Max': np.float64(75.0), 'Min': np.float64(63.0), 'Mean': np.float64(70.8), 'Std': np.float64(4.284857057125709)}
2024-11-17 07:14:11,499 - INFO - Bottom 10 Std Stats: {'Max': np.float64(0.0), 'Min': np.float64(0.0), 'Mean': np.float64(0.0), 'Std': np.float64(0.0)}
[I 2024-11-17 07:14:11,514] Trial 149 finished with value: 54.0 and parameters: {'x_0': 2, 'x_1': -3, 'x_2': -5, 'x_3': -4}. Best is trial 141 with value: 2.0.
2024-11-17 07:14:11,552 - INFO - Candidate Mean Stats: {'Max': np.float64(84.0), 'Min': np.float64(-0.25248086381219303), 'Mean': np.float64(0.41358171575037206), 'Std': np.float64(4.4383905720980055)}
2024-11-17 07:14:11,552 - INFO - Candidate Std Stats: {'Max': np.float64(0.5772531897036051), 'Min': np.float64(0.0), 'Mean': np.float64(0.0619869890921895), 'Std': np.float64(0.04869965244674367)}
2024-11-17 07:14:11,554 - INFO - Top 10 Mean Stats: {'Max': np.float64(-0.145811479816649), 'Min': np.float64(-0.24994595946330778), 'Mean': np.float64(-0.19998251725901878), 'Std': np.float64(0.03109155333472371)}
2024-11-17 07:14:11,554 - INFO - Top 10 Std Stats: {'Max': np.float64(0.553902013612557), 'Min': np.float64(0.26358456866424546), 'Mean': np.float64(0.35659165659622716), 'Std': np.float64(0.0854028816298464)}
2024-11-17 07:14:11,554 - INFO - Bottom 10 Mean Stats: {'Max': np.float64(84.0), 'Min': np.float64(68.0), 'Mean': np.float64(74.8), 'Std': np.float64(4.833218389437829)}
2024-11-17 07:14:11,554 - INFO - Bottom 10 Std Stats: {'Max': np.float64(0.0), 'Min': np.float64(0.0), 'Mean': np.float64(0.0), 'Std': np.float64(0.0)}
[I 2024-11-17 07:14:11,568] Trial 154 finished with value: 58.0 and parameters: {'x_0': 5, 'x_1': 1, 'x_2': 4, 'x_3': 4}. Best is trial 76 with value: 7.0.
2024-11-17 07:14:11,693 - INFO - Candidate Mean Stats: {'Max': np.float64(100.0), 'Min': np.float64(-0.38578680230014173), 'Mean': np.float64(0.5497068353104106), 'Std': np.float64(5.788969688448028)}
2024-11-17 07:14:11,693 - INFO - Candidate Std Stats: {'Max': np.float64(0.584414110266984), 'Min': np.float64(0.0), 'Mean': np.float64(0.05237848037059768), 'Std': np.float64(0.04959707317682124)}
2024-11-17 07:14:11,694 - INFO - Top 10 Mean Stats: {'Max': np.float64(-0.16309604405801542), 'Min': np.float64(-0.38578680230014173), 'Mean': np.float64(-0.21770453459776773), 'Std': np.float64(0.07429614485420982)}
2024-11-17 07:14:11,694 - INFO - Top 10 Std Stats: {'Max': np.float64(0.4350899369429424), 'Min': np.float64(0.28514463166815296), 'Mean': np.float64(0.32838108043847364), 'Std': np.float64(0.039791112369465156)}
2024-11-17 07:14:11,694 - INFO - Bottom 10 Mean Stats: {'Max': np.float64(100.0), 'Min': np.float64(91.0), 'Mean': np.float64(95.5), 'Std': np.float64(4.5)}
2024-11-17 07:14:11,694 - INFO - Bottom 10 Std Stats: {'Max': np.float64(0.0), 'Min': np.float64(0.0), 'Mean': np.float64(0.0), 'Std': np.float64(0.0)}
[I 2024-11-17 07:14:11,709] Trial 157 finished with value: 91.0 and parameters: {'x_0': 5, 'x_1': 4, 'x_2': -5, 'x_3': 5}. Best is trial 155 with value: 5.0.
2024-11-17 07:14:11,733 - INFO - Candidate Mean Stats: {'Max': np.float64(75.0), 'Min': np.float64(-0.24346858666290125), 'Mean': np.float64(0.3793538427349747), 'Std': np.float64(4.158171019499249)}
2024-11-17 07:14:11,733 - INFO - Candidate Std Stats: {'Max': np.float64(0.503654621460384), 'Min': np.float64(0.0), 'Mean': np.float64(0.0630920852895764), 'Std': np.float64(0.04711446472752261)}
2024-11-17 07:14:11,735 - INFO - Top 10 Mean Stats: {'Max': np.float64(-0.15925806281952193), 'Min': np.float64(-0.24346858666290125), 'Mean': np.float64(-0.18934561866114544), 'Std': np.float64(0.03021271100554107)}
2024-11-17 07:14:11,735 - INFO - Top 10 Std Stats: {'Max': np.float64(0.43247684953320936), 'Min': np.float64(0.25586476828423704), 'Mean': np.float64(0.33795987899731933), 'Std': np.float64(0.04671055254708785)}
2024-11-17 07:14:11,735 - INFO - Bottom 10 Mean Stats: {'Max': np.float64(75.0), 'Min': np.float64(63.0), 'Mean': np.float64(70.8), 'Std': np.float64(4.284857057125709)}
2024-11-17 07:14:11,735 - INFO - Bottom 10 Std Stats: {'Max': np.float64(0.0), 'Min': np.float64(0.0), 'Mean': np.float64(0.0), 'Std': np.float64(0.0)}
[I 2024-11-17 07:14:11,749] Trial 150 finished with value: 31.0 and parameters: {'x_0': 1, 'x_1': 5, 'x_2': 1, 'x_3': -2}. Best is trial 141 with value: 2.0.
2024-11-17 07:14:11,789 - INFO - Candidate Mean Stats: {'Max': np.float64(84.0), 'Min': np.float64(-0.2997922228991057), 'Mean': np.float64(0.4154138053708349), 'Std': np.float64(4.464030628111366)}
2024-11-17 07:14:11,789 - INFO - Candidate Std Stats: {'Max': np.float64(0.5006085754725147), 'Min': np.float64(0.0), 'Mean': np.float64(0.06261252195823311), 'Std': np.float64(0.04860115370344641)}
2024-11-17 07:14:11,790 - INFO - Top 10 Mean Stats: {'Max': np.float64(-0.12430204732404633), 'Min': np.float64(-0.2997922228991057), 'Mean': np.float64(-0.19817826210310746), 'Std': np.float64(0.04656436753536158)}
2024-11-17 07:14:11,790 - INFO - Top 10 Std Stats: {'Max': np.float64(0.5006085754725147), 'Min': np.float64(0.27266442954496506), 'Mean': np.float64(0.354457461581707), 'Std': np.float64(0.0590929467000584)}
2024-11-17 07:14:11,790 - INFO - Bottom 10 Mean Stats: {'Max': np.float64(84.0), 'Min': np.float64(68.0), 'Mean': np.float64(74.8), 'Std': np.float64(4.833218389437829)}
2024-11-17 07:14:11,790 - INFO - Bottom 10 Std Stats: {'Max': np.float64(0.0), 'Min': np.float64(0.0), 'Mean': np.float64(0.0), 'Std': np.float64(0.0)}
[I 2024-11-17 07:14:11,805] Trial 155 finished with value: 33.0 and parameters: {'x_0': 0, 'x_1': 5, 'x_2': -2, 'x_3': -2}. Best is trial 76 with value: 7.0.
2024-11-17 07:14:11,932 - INFO - Candidate Mean Stats: {'Max': np.float64(100.0), 'Min': np.float64(-0.36542303747382504), 'Mean': np.float64(0.5539490883635994), 'Std': np.float64(5.837202572053941)}
2024-11-17 07:14:11,932 - INFO - Candidate Std Stats: {'Max': np.float64(0.568474602053467), 'Min': np.float64(0.0), 'Mean': np.float64(0.05385938879372354), 'Std': np.float64(0.04737666728994075)}
2024-11-17 07:14:11,933 - INFO - Top 10 Mean Stats: {'Max': np.float64(-0.08197714728403124), 'Min': np.float64(-0.36542303747382504), 'Mean': np.float64(-0.19153237890562672), 'Std': np.float64(0.0871406961122637)}
2024-11-17 07:14:11,933 - INFO - Top 10 Std Stats: {'Max': np.float64(0.40071480899551626), 'Min': np.float64(0.2053145960272093), 'Mean': np.float64(0.3284666804373858), 'Std': np.float64(0.0602733727153626)}
2024-11-17 07:14:11,933 - INFO - Bottom 10 Mean Stats: {'Max': np.float64(100.0), 'Min': np.float64(91.0), 'Mean': np.float64(95.5), 'Std': np.float64(4.5)}
2024-11-17 07:14:11,933 - INFO - Bottom 10 Std Stats: {'Max': np.float64(0.0), 'Min': np.float64(0.0), 'Mean': np.float64(0.0), 'Std': np.float64(0.0)}
[I 2024-11-17 07:14:11,947] Trial 158 finished with value: 76.0 and parameters: {'x_0': 5, 'x_1': -5, 'x_2': 1, 'x_3': 5}. Best is trial 155 with value: 5.0.
2024-11-17 07:14:11,999 - INFO - Candidate Mean Stats: {'Max': np.float64(75.0), 'Min': np.float64(-0.2528245338459265), 'Mean': np.float64(0.38155129623379536), 'Std': np.float64(4.1658591280647315)}
2024-11-17 07:14:12,000 - INFO - Candidate Std Stats: {'Max': np.float64(0.5571079840343783), 'Min': np.float64(0.0), 'Mean': np.float64(0.0651596679077855), 'Std': np.float64(0.04562011507314247)}
2024-11-17 07:14:12,002 - INFO - Top 10 Mean Stats: {'Max': np.float64(-0.051062046130398), 'Min': np.float64(-0.2528245338459265), 'Mean': np.float64(-0.17658607398538445), 'Std': np.float64(0.05038717522473525)}
2024-11-17 07:14:12,002 - INFO - Top 10 Std Stats: {'Max': np.float64(0.5527261872915903), 'Min': np.float64(0.28686082019391357), 'Mean': np.float64(0.36419278586455867), 'Std': np.float64(0.07948353022302086)}
2024-11-17 07:14:12,002 - INFO - Bottom 10 Mean Stats: {'Max': np.float64(75.0), 'Min': np.float64(63.0), 'Mean': np.float64(70.8), 'Std': np.float64(4.284857057125709)}
2024-11-17 07:14:12,002 - INFO - Bottom 10 Std Stats: {'Max': np.float64(0.0), 'Min': np.float64(0.0), 'Mean': np.float64(0.0), 'Std': np.float64(0.0)}
[I 2024-11-17 07:14:12,016] Trial 151 finished with value: 51.0 and parameters: {'x_0': 1, 'x_1': -5, 'x_2': -5, 'x_3': 0}. Best is trial 141 with value: 2.0.
2024-11-17 07:14:12,062 - INFO - Candidate Mean Stats: {'Max': np.float64(84.0), 'Min': np.float64(-0.2253678593706101), 'Mean': np.float64(0.42108634748436574), 'Std': np.float64(4.471823526810168)}
2024-11-17 07:14:12,062 - INFO - Candidate Std Stats: {'Max': np.float64(0.5418670914130588), 'Min': np.float64(0.0), 'Mean': np.float64(0.062452185372977254), 'Std': np.float64(0.05095103490160606)}
2024-11-17 07:14:12,063 - INFO - Top 10 Mean Stats: {'Max': np.float64(-0.10334547901181443), 'Min': np.float64(-0.2253678593706101), 'Mean': np.float64(-0.16077033619157335), 'Std': np.float64(0.04259841167277259)}
2024-11-17 07:14:12,063 - INFO - Top 10 Std Stats: {'Max': np.float64(0.5418670914130588), 'Min': np.float64(0.2932522048035383), 'Mean': np.float64(0.3902258356820863), 'Std': np.float64(0.08139397816945952)}
2024-11-17 07:14:12,063 - INFO - Bottom 10 Mean Stats: {'Max': np.float64(84.0), 'Min': np.float64(68.0), 'Mean': np.float64(74.8), 'Std': np.float64(4.833218389437829)}
2024-11-17 07:14:12,063 - INFO - Bottom 10 Std Stats: {'Max': np.float64(0.0), 'Min': np.float64(0.0), 'Mean': np.float64(0.0), 'Std': np.float64(0.0)}
[I 2024-11-17 07:14:12,084] Trial 156 finished with value: 54.0 and parameters: {'x_0': -5, 'x_1': 4, 'x_2': 3, 'x_3': 2}. Best is trial 76 with value: 7.0.
2024-11-17 07:14:12,221 - INFO - Candidate Mean Stats: {'Max': np.float64(75.0), 'Min': np.float64(-0.22256435429721083), 'Mean': np.float64(0.38557174411009987), 'Std': np.float64(4.186760161305314)}
2024-11-17 07:14:12,221 - INFO - Candidate Std Stats: {'Max': np.float64(0.5456559463472138), 'Min': np.float64(0.0), 'Mean': np.float64(0.06464665706959939), 'Std': np.float64(0.04665938514409949)}
2024-11-17 07:14:12,221 - INFO - Candidate Mean Stats: {'Max': np.float64(100.0), 'Min': np.float64(-0.2033519358854154), 'Mean': np.float64(0.5598100092028591), 'Std': np.float64(5.87034161137136)}
2024-11-17 07:14:12,221 - INFO - Candidate Std Stats: {'Max': np.float64(0.6308963999830277), 'Min': np.float64(0.0), 'Mean': np.float64(0.057108720634199674), 'Std': np.float64(0.045657401370210626)}
2024-11-17 07:14:12,222 - INFO - Top 10 Mean Stats: {'Max': np.float64(-0.15031581728435148), 'Min': np.float64(-0.2162062517815911), 'Mean': np.float64(-0.17627601725590247), 'Std': np.float64(0.018407651418385445)}
2024-11-17 07:14:12,222 - INFO - Top 10 Std Stats: {'Max': np.float64(0.40226581741721085), 'Min': np.float64(0.2733343470191949), 'Mean': np.float64(0.32001771034835935), 'Std': np.float64(0.034350517720930375)}
2024-11-17 07:14:12,222 - INFO - Bottom 10 Mean Stats: {'Max': np.float64(75.0), 'Min': np.float64(63.0), 'Mean': np.float64(70.8), 'Std': np.float64(4.284857057125709)}
2024-11-17 07:14:12,222 - INFO - Bottom 10 Std Stats: {'Max': np.float64(0.0), 'Min': np.float64(0.0), 'Mean': np.float64(0.0), 'Std': np.float64(0.0)}
2024-11-17 07:14:12,223 - INFO - Top 10 Mean Stats: {'Max': np.float64(-0.07054725756575198), 'Min': np.float64(-0.2033519358854154), 'Mean': np.float64(-0.16071957046208546), 'Std': np.float64(0.036101129446087406)}
2024-11-17 07:14:12,223 - INFO - Top 10 Std Stats: {'Max': np.float64(0.6308963999830277), 'Min': np.float64(0.28757592838256923), 'Mean': np.float64(0.37562933886378097), 'Std': np.float64(0.09253152968172282)}
2024-11-17 07:14:12,223 - INFO - Bottom 10 Mean Stats: {'Max': np.float64(100.0), 'Min': np.float64(91.0), 'Mean': np.float64(95.5), 'Std': np.float64(4.5)}
2024-11-17 07:14:12,223 - INFO - Bottom 10 Std Stats: {'Max': np.float64(0.0), 'Min': np.float64(0.0), 'Mean': np.float64(0.0), 'Std': np.float64(0.0)}
[I 2024-11-17 07:14:12,237] Trial 159 finished with value: 91.0 and parameters: {'x_0': -4, 'x_1': -5, 'x_2': -5, 'x_3': 5}. Best is trial 155 with value: 5.0.
[I 2024-11-17 07:14:12,241] Trial 152 finished with value: 43.0 and parameters: {'x_0': -3, 'x_1': -4, 'x_2': 3, 'x_3': -3}. Best is trial 141 with value: 2.0.
2024-11-17 07:14:12,280 - INFO - Candidate Mean Stats: {'Max': np.float64(84.0), 'Min': np.float64(-0.21624967435602657), 'Mean': np.float64(0.42262705870183614), 'Std': np.float64(4.493882798951427)}
2024-11-17 07:14:12,280 - INFO - Candidate Std Stats: {'Max': np.float64(0.4103918533042384), 'Min': np.float64(0.0), 'Mean': np.float64(0.06332548227307315), 'Std': np.float64(0.044512297673292844)}
2024-11-17 07:14:12,282 - INFO - Top 10 Mean Stats: {'Max': np.float64(-0.14504218856879048), 'Min': np.float64(-0.21624967435602657), 'Mean': np.float64(-0.1830196073173047), 'Std': np.float64(0.019841481546807194)}
2024-11-17 07:14:12,282 - INFO - Top 10 Std Stats: {'Max': np.float64(0.39453958373415166), 'Min': np.float64(0.25649006118327733), 'Mean': np.float64(0.3279845750338982), 'Std': np.float64(0.0390903508086365)}
2024-11-17 07:14:12,282 - INFO - Bottom 10 Mean Stats: {'Max': np.float64(84.0), 'Min': np.float64(68.0), 'Mean': np.float64(74.8), 'Std': np.float64(4.833218389437829)}
2024-11-17 07:14:12,282 - INFO - Bottom 10 Std Stats: {'Max': np.float64(0.0), 'Min': np.float64(0.0), 'Mean': np.float64(0.0), 'Std': np.float64(0.0)}
[I 2024-11-17 07:14:12,298] Trial 157 finished with value: 15.0 and parameters: {'x_0': -3, 'x_1': 1, 'x_2': -2, 'x_3': 1}. Best is trial 76 with value: 7.0.
2024-11-17 07:14:12,446 - INFO - Candidate Mean Stats: {'Max': np.float64(100.0), 'Min': np.float64(-0.18047455141284166), 'Mean': np.float64(0.5666970880550256), 'Std': np.float64(5.9176743231127755)}
2024-11-17 07:14:12,446 - INFO - Candidate Std Stats: {'Max': np.float64(0.6789298366015525), 'Min': np.float64(0.0), 'Mean': np.float64(0.05376359273090496), 'Std': np.float64(0.04588455897856027)}
2024-11-17 07:14:12,448 - INFO - Top 10 Mean Stats: {'Max': np.float64(0.25773092917092844), 'Min': np.float64(-0.18047455141284166), 'Mean': np.float64(-0.07522410261374922), 'Std': np.float64(0.12025575503226697)}
2024-11-17 07:14:12,448 - INFO - Top 10 Std Stats: {'Max': np.float64(0.6789298366015525), 'Min': np.float64(0.28089402653768564), 'Mean': np.float64(0.3895409213505464), 'Std': np.float64(0.11289481285945199)}
2024-11-17 07:14:12,448 - INFO - Bottom 10 Mean Stats: {'Max': np.float64(100.0), 'Min': np.float64(91.0), 'Mean': np.float64(95.5), 'Std': np.float64(4.5)}
2024-11-17 07:14:12,448 - INFO - Bottom 10 Std Stats: {'Max': np.float64(0.0), 'Min': np.float64(0.0), 'Mean': np.float64(0.0), 'Std': np.float64(0.0)}
[I 2024-11-17 07:14:12,463] Trial 160 finished with value: 59.0 and parameters: {'x_0': 5, 'x_1': 0, 'x_2': -5, 'x_3': -3}. Best is trial 155 with value: 5.0.
2024-11-17 07:14:12,497 - INFO - Candidate Mean Stats: {'Max': np.float64(75.0), 'Min': np.float64(-0.25438051205995343), 'Mean': np.float64(0.3891210151835102), 'Std': np.float64(4.201485157769377)}
2024-11-17 07:14:12,497 - INFO - Candidate Std Stats: {'Max': np.float64(0.3777664979499915), 'Min': np.float64(0.0), 'Mean': np.float64(0.06498381912455499), 'Std': np.float64(0.045950342977865266)}
2024-11-17 07:14:12,498 - INFO - Top 10 Mean Stats: {'Max': np.float64(-0.11251364896250944), 'Min': np.float64(-0.25438051205995343), 'Mean': np.float64(-0.15925329470539418), 'Std': np.float64(0.042394688372687124)}
2024-11-17 07:14:12,498 - INFO - Top 10 Std Stats: {'Max': np.float64(0.3777664979499915), 'Min': np.float64(0.2781646036021424), 'Mean': np.float64(0.3407191830740564), 'Std': np.float64(0.03365877674811864)}
2024-11-17 07:14:12,498 - INFO - Bottom 10 Mean Stats: {'Max': np.float64(75.0), 'Min': np.float64(63.0), 'Mean': np.float64(70.8), 'Std': np.float64(4.284857057125709)}
2024-11-17 07:14:12,498 - INFO - Bottom 10 Std Stats: {'Max': np.float64(0.0), 'Min': np.float64(0.0), 'Mean': np.float64(0.0), 'Std': np.float64(0.0)}
[I 2024-11-17 07:14:12,515] Trial 153 finished with value: 55.0 and parameters: {'x_0': 1, 'x_1': 5, 'x_2': -2, 'x_3': 5}. Best is trial 141 with value: 2.0.
2024-11-17 07:14:12,555 - INFO - Candidate Mean Stats: {'Max': np.float64(84.0), 'Min': np.float64(-0.23353498127220113), 'Mean': np.float64(0.4245136183102761), 'Std': np.float64(4.495425325795236)}
2024-11-17 07:14:12,555 - INFO - Candidate Std Stats: {'Max': np.float64(0.5259419373431741), 'Min': np.float64(0.0), 'Mean': np.float64(0.06546343992936685), 'Std': np.float64(0.04342208269185042)}
2024-11-17 07:14:12,556 - INFO - Top 10 Mean Stats: {'Max': np.float64(-0.13983813161021239), 'Min': np.float64(-0.23353498127220113), 'Mean': np.float64(-0.1902035231623342), 'Std': np.float64(0.03075628933168812)}
2024-11-17 07:14:12,556 - INFO - Top 10 Std Stats: {'Max': np.float64(0.5259419373431741), 'Min': np.float64(0.2960769931958423), 'Mean': np.float64(0.36823460869520575), 'Std': np.float64(0.0658796477469003)}
2024-11-17 07:14:12,557 - INFO - Bottom 10 Mean Stats: {'Max': np.float64(84.0), 'Min': np.float64(68.0), 'Mean': np.float64(74.8), 'Std': np.float64(4.833218389437829)}
2024-11-17 07:14:12,557 - INFO - Bottom 10 Std Stats: {'Max': np.float64(0.0), 'Min': np.float64(0.0), 'Mean': np.float64(0.0), 'Std': np.float64(0.0)}
[I 2024-11-17 07:14:12,571] Trial 158 finished with value: 37.0 and parameters: {'x_0': 4, 'x_1': 1, 'x_2': -2, 'x_3': -4}. Best is trial 76 with value: 7.0.
2024-11-17 07:14:12,663 - INFO - Candidate Mean Stats: {'Max': np.float64(100.0), 'Min': np.float64(-0.1911658351038305), 'Mean': np.float64(0.5759014574082352), 'Std': np.float64(5.936853818758351)}
2024-11-17 07:14:12,663 - INFO - Candidate Std Stats: {'Max': np.float64(0.3953602123414234), 'Min': np.float64(0.0), 'Mean': np.float64(0.05186309836153068), 'Std': np.float64(0.045759119667955886)}
2024-11-17 07:14:12,664 - INFO - Top 10 Mean Stats: {'Max': np.float64(0.012150807940291853), 'Min': np.float64(-0.1911658351038305), 'Mean': np.float64(-0.11435224160970688), 'Std': np.float64(0.05891680961789193)}
2024-11-17 07:14:12,664 - INFO - Top 10 Std Stats: {'Max': np.float64(0.3953602123414234), 'Min': np.float64(0.2111862089616497), 'Mean': np.float64(0.2848076293468872), 'Std': np.float64(0.061104768483928845)}
2024-11-17 07:14:12,664 - INFO - Bottom 10 Mean Stats: {'Max': np.float64(100.0), 'Min': np.float64(91.0), 'Mean': np.float64(95.5), 'Std': np.float64(4.5)}
2024-11-17 07:14:12,664 - INFO - Bottom 10 Std Stats: {'Max': np.float64(0.0), 'Min': np.float64(0.0), 'Mean': np.float64(0.0), 'Std': np.float64(0.0)}
