[I 2024-11-17 07:15:32,770] Trial 435 finished with value: 17.0 and parameters: {'x_0': -2, 'x_1': -2, 'x_2': 3, 'x_3': 0}. Best is trial 320 with value: 0.0.
2024-11-17 07:15:32,973 - INFO - Candidate Mean Stats: {'Max': np.float64(91.0), 'Min': np.float64(-0.5395144725133278), 'Mean': np.float64(0.9846759104669659), 'Std': np.float64(6.90753315106773)}
2024-11-17 07:15:32,973 - INFO - Candidate Std Stats: {'Max': np.float64(0.6103999145917051), 'Min': np.float64(0.0), 'Mean': np.float64(0.04139087336564526), 'Std': np.float64(0.04614373006659524)}
2024-11-17 07:15:32,975 - INFO - Top 10 Mean Stats: {'Max': np.float64(-0.03187932348668663), 'Min': np.float64(-0.5395144725133278), 'Mean': np.float64(-0.31933711054559566), 'Std': np.float64(0.20605520944490863)}
2024-11-17 07:15:32,975 - INFO - Top 10 Std Stats: {'Max': np.float64(0.6103999145917051), 'Min': np.float64(0.03837591314834791), 'Mean': np.float64(0.2655105318453979), 'Std': np.float64(0.22205008872533558)}
2024-11-17 07:15:32,975 - INFO - Bottom 10 Mean Stats: {'Max': np.float64(91.0), 'Min': np.float64(82.0), 'Mean': np.float64(84.9), 'Std': np.float64(4.036087214122113)}
2024-11-17 07:15:32,975 - INFO - Bottom 10 Std Stats: {'Max': np.float64(0.0), 'Min': np.float64(0.0), 'Mean': np.float64(0.0), 'Std': np.float64(0.0)}
[I 2024-11-17 07:15:32,993] Trial 436 finished with value: 82.0 and parameters: {'x_0': 4, 'x_1': -5, 'x_2': -5, 'x_3': -4}. Best is trial 320 with value: 0.0.
2024-11-17 07:15:33,191 - INFO - Candidate Mean Stats: {'Max': np.float64(91.0), 'Min': np.float64(-0.5553864742375658), 'Mean': np.float64(0.9940640873681917), 'Std': np.float64(6.93937475400175)}
2024-11-17 07:15:33,191 - INFO - Candidate Std Stats: {'Max': np.float64(0.7446431663816669), 'Min': np.float64(0.0), 'Mean': np.float64(0.03862284597855884), 'Std': np.float64(0.04181962494444438)}
2024-11-17 07:15:33,192 - INFO - Top 10 Mean Stats: {'Max': np.float64(-0.17357393209433553), 'Min': np.float64(-0.5553864742375658), 'Mean': np.float64(-0.41618640624912695), 'Std': np.float64(0.1276708431153691)}
2024-11-17 07:15:33,192 - INFO - Top 10 Std Stats: {'Max': np.float64(0.3456243920849757), 'Min': np.float64(0.03226942338088047), 'Mean': np.float64(0.13109367166131533), 'Std': np.float64(0.12324061796327923)}
2024-11-17 07:15:33,193 - INFO - Bottom 10 Mean Stats: {'Max': np.float64(91.0), 'Min': np.float64(82.0), 'Mean': np.float64(84.9), 'Std': np.float64(4.036087214122113)}
2024-11-17 07:15:33,193 - INFO - Bottom 10 Std Stats: {'Max': np.float64(0.0), 'Min': np.float64(0.0), 'Mean': np.float64(0.0), 'Std': np.float64(0.0)}
[I 2024-11-17 07:15:33,212] Trial 437 finished with value: 75.0 and parameters: {'x_0': 4, 'x_1': 5, 'x_2': -5, 'x_3': -3}. Best is trial 320 with value: 0.0.
2024-11-17 07:15:33,400 - INFO - Candidate Mean Stats: {'Max': np.float64(91.0), 'Min': np.float64(-0.5920379691543824), 'Mean': np.float64(1.0022015723602178), 'Std': np.float64(6.965844577345141)}
2024-11-17 07:15:33,400 - INFO - Candidate Std Stats: {'Max': np.float64(0.585252799070706), 'Min': np.float64(0.0), 'Mean': np.float64(0.03324124060461145), 'Std': np.float64(0.043687947289242975)}
2024-11-17 07:15:33,401 - INFO - Top 10 Mean Stats: {'Max': np.float64(-0.04242435645007396), 'Min': np.float64(-0.5920379691543824), 'Mean': np.float64(-0.43979615196780664), 'Std': np.float64(0.16382158544042588)}
2024-11-17 07:15:33,402 - INFO - Top 10 Std Stats: {'Max': np.float64(0.4023123541219804), 'Min': np.float64(0.041040540872988314), 'Mean': np.float64(0.1244607615442849), 'Std': np.float64(0.10322579614259936)}
2024-11-17 07:15:33,402 - INFO - Bottom 10 Mean Stats: {'Max': np.float64(91.0), 'Min': np.float64(82.0), 'Mean': np.float64(84.9), 'Std': np.float64(4.036087214122113)}
2024-11-17 07:15:33,402 - INFO - Bottom 10 Std Stats: {'Max': np.float64(0.0), 'Min': np.float64(0.0), 'Mean': np.float64(0.0), 'Std': np.float64(0.0)}
[I 2024-11-17 07:15:33,424] Trial 438 finished with value: 18.0 and parameters: {'x_0': 3, 'x_1': 0, 'x_2': 3, 'x_3': 0}. Best is trial 320 with value: 0.0.
2024-11-17 07:15:33,594 - INFO - Candidate Mean Stats: {'Max': np.float64(91.0), 'Min': np.float64(-0.5747209297106244), 'Mean': np.float64(1.0020914650019812), 'Std': np.float64(6.967465933440932)}
2024-11-17 07:15:33,595 - INFO - Candidate Std Stats: {'Max': np.float64(0.4725055821971367), 'Min': np.float64(0.0), 'Mean': np.float64(0.02584304728381857), 'Std': np.float64(0.03860061594048777)}
2024-11-17 07:15:33,596 - INFO - Top 10 Mean Stats: {'Max': np.float64(-0.22461428725442406), 'Min': np.float64(-0.5747209297106244), 'Mean': np.float64(-0.42310387811729483), 'Std': np.float64(0.15260068875589217)}
2024-11-17 07:15:33,596 - INFO - Top 10 Std Stats: {'Max': np.float64(0.223475654858643), 'Min': np.float64(0.02335529039254649), 'Mean': np.float64(0.10892703774261114), 'Std': np.float64(0.08368128332144195)}
2024-11-17 07:15:33,596 - INFO - Bottom 10 Mean Stats: {'Max': np.float64(91.0), 'Min': np.float64(82.0), 'Mean': np.float64(84.9), 'Std': np.float64(4.036087214122113)}
2024-11-17 07:15:33,596 - INFO - Bottom 10 Std Stats: {'Max': np.float64(0.0), 'Min': np.float64(0.0), 'Mean': np.float64(0.0), 'Std': np.float64(0.0)}
[I 2024-11-17 07:15:33,615] Trial 439 finished with value: 19.0 and parameters: {'x_0': -1, 'x_1': -3, 'x_2': 3, 'x_3': 0}. Best is trial 320 with value: 0.0.
2024-11-17 07:15:33,816 - INFO - Candidate Mean Stats: {'Max': np.float64(91.0), 'Min': np.float64(-0.577503810480752), 'Mean': np.float64(1.0024636138193905), 'Std': np.float64(6.969147903749482)}
2024-11-17 07:15:33,816 - INFO - Candidate Std Stats: {'Max': np.float64(0.6484606428967908), 'Min': np.float64(0.0), 'Mean': np.float64(0.03463345453165629), 'Std': np.float64(0.04353098264007667)}
2024-11-17 07:15:33,817 - INFO - Top 10 Mean Stats: {'Max': np.float64(-0.1377349458331567), 'Min': np.float64(-0.577503810480752), 'Mean': np.float64(-0.34837991536122687), 'Std': np.float64(0.1854720370120551)}
2024-11-17 07:15:33,818 - INFO - Top 10 Std Stats: {'Max': np.float64(0.3336737998522387), 'Min': np.float64(0.05078729146748588), 'Mean': np.float64(0.1780905048631904), 'Std': np.float64(0.10842400968403196)}
2024-11-17 07:15:33,818 - INFO - Bottom 10 Mean Stats: {'Max': np.float64(91.0), 'Min': np.float64(82.0), 'Mean': np.float64(84.9), 'Std': np.float64(4.036087214122113)}
2024-11-17 07:15:33,818 - INFO - Bottom 10 Std Stats: {'Max': np.float64(0.0), 'Min': np.float64(0.0), 'Mean': np.float64(0.0), 'Std': np.float64(0.0)}
[I 2024-11-17 07:15:33,840] Trial 440 finished with value: 19.0 and parameters: {'x_0': 1, 'x_1': -3, 'x_2': 3, 'x_3': 0}. Best is trial 320 with value: 0.0.
2024-11-17 07:15:34,009 - INFO - Candidate Mean Stats: {'Max': np.float64(91.0), 'Min': np.float64(-0.5611298748806639), 'Mean': np.float64(1.0043286048253564), 'Std': np.float64(6.9706702485200935)}
2024-11-17 07:15:34,009 - INFO - Candidate Std Stats: {'Max': np.float64(1.125811902807103), 'Min': np.float64(0.0), 'Mean': np.float64(0.03360192698990518), 'Std': np.float64(0.04613939032699841)}
2024-11-17 07:15:34,010 - INFO - Top 10 Mean Stats: {'Max': np.float64(0.014857303949579959), 'Min': np.float64(-0.5611298748806639), 'Mean': np.float64(-0.31056399756940206), 'Std': np.float64(0.1828314527399701)}
2024-11-17 07:15:34,010 - INFO - Top 10 Std Stats: {'Max': np.float64(0.5321583581906145), 'Min': np.float64(0.04761484864770541), 'Mean': np.float64(0.2035783235721254), 'Std': np.float64(0.14490590711949425)}
2024-11-17 07:15:34,011 - INFO - Bottom 10 Mean Stats: {'Max': np.float64(91.0), 'Min': np.float64(82.0), 'Mean': np.float64(84.9), 'Std': np.float64(4.036087214122113)}
2024-11-17 07:15:34,011 - INFO - Bottom 10 Std Stats: {'Max': np.float64(0.0), 'Min': np.float64(0.0), 'Mean': np.float64(0.0), 'Std': np.float64(0.0)}
[I 2024-11-17 07:15:34,031] Trial 441 finished with value: 18.0 and parameters: {'x_0': 0, 'x_1': -3, 'x_2': 3, 'x_3': 0}. Best is trial 320 with value: 0.0.
2024-11-17 07:15:34,284 - INFO - Candidate Mean Stats: {'Max': np.float64(91.0), 'Min': np.float64(-0.4518903171689601), 'Mean': np.float64(1.007430279353293), 'Std': np.float64(6.97178943194433)}
2024-11-17 07:15:34,284 - INFO - Candidate Std Stats: {'Max': np.float64(0.553949388561232), 'Min': np.float64(0.0), 'Mean': np.float64(0.042824548873885836), 'Std': np.float64(0.04266884302389572)}
2024-11-17 07:15:34,285 - INFO - Top 10 Mean Stats: {'Max': np.float64(-0.1153009629421323), 'Min': np.float64(-0.4518903171689601), 'Mean': np.float64(-0.2455907913420229), 'Std': np.float64(0.12810765666150387)}
2024-11-17 07:15:34,285 - INFO - Top 10 Std Stats: {'Max': np.float64(0.32776864991713445), 'Min': np.float64(0.1502095388432496), 'Mean': np.float64(0.25123445994605825), 'Std': np.float64(0.0492165148877206)}
2024-11-17 07:15:34,285 - INFO - Bottom 10 Mean Stats: {'Max': np.float64(91.0), 'Min': np.float64(82.0), 'Mean': np.float64(84.9), 'Std': np.float64(4.036087214122113)}
2024-11-17 07:15:34,285 - INFO - Bottom 10 Std Stats: {'Max': np.float64(0.0), 'Min': np.float64(0.0), 'Mean': np.float64(0.0), 'Std': np.float64(0.0)}
[I 2024-11-17 07:15:34,302] Trial 442 finished with value: 19.0 and parameters: {'x_0': 3, 'x_1': 1, 'x_2': 3, 'x_3': 0}. Best is trial 320 with value: 0.0.
2024-11-17 07:15:34,493 - INFO - Candidate Mean Stats: {'Max': np.float64(91.0), 'Min': np.float64(-0.526447837702869), 'Mean': np.float64(1.0096330511507732), 'Std': np.float64(6.973243150854054)}
2024-11-17 07:15:34,493 - INFO - Candidate Std Stats: {'Max': np.float64(0.4921717066312466), 'Min': np.float64(0.0), 'Mean': np.float64(0.034131983748142886), 'Std': np.float64(0.04247691448523109)}
2024-11-17 07:15:34,494 - INFO - Top 10 Mean Stats: {'Max': np.float64(-0.15856120689588227), 'Min': np.float64(-0.526447837702869), 'Mean': np.float64(-0.2699129418998003), 'Std': np.float64(0.12081934089637854)}
2024-11-17 07:15:34,494 - INFO - Top 10 Std Stats: {'Max': np.float64(0.334174710562621), 'Min': np.float64(0.0206613899289018), 'Mean': np.float64(0.21660434434712145), 'Std': np.float64(0.09897008692727763)}
2024-11-17 07:15:34,494 - INFO - Bottom 10 Mean Stats: {'Max': np.float64(91.0), 'Min': np.float64(82.0), 'Mean': np.float64(84.9), 'Std': np.float64(4.036087214122113)}
2024-11-17 07:15:34,494 - INFO - Bottom 10 Std Stats: {'Max': np.float64(0.0), 'Min': np.float64(0.0), 'Mean': np.float64(0.0), 'Std': np.float64(0.0)}
[I 2024-11-17 07:15:34,512] Trial 443 finished with value: 22.0 and parameters: {'x_0': 3, 'x_1': 2, 'x_2': 3, 'x_3': 0}. Best is trial 320 with value: 0.0.
2024-11-17 07:15:34,724 - INFO - Candidate Mean Stats: {'Max': np.float64(91.0), 'Min': np.float64(-0.5210469800168192), 'Mean': np.float64(1.0090057273173074), 'Std': np.float64(6.975712916709228)}
2024-11-17 07:15:34,725 - INFO - Candidate Std Stats: {'Max': np.float64(0.5227636705007399), 'Min': np.float64(0.0), 'Mean': np.float64(0.033471097903637385), 'Std': np.float64(0.038518429053012344)}
2024-11-17 07:15:34,726 - INFO - Top 10 Mean Stats: {'Max': np.float64(-0.14173021322427254), 'Min': np.float64(-0.5210469800168192), 'Mean': np.float64(-0.23984686529120144), 'Std': np.float64(0.12035485301646018)}
2024-11-17 07:15:34,726 - INFO - Top 10 Std Stats: {'Max': np.float64(0.279241958221466), 'Min': np.float64(0.035306467855199086), 'Mean': np.float64(0.16530162718247066), 'Std': np.float64(0.07399504938200939)}
2024-11-17 07:15:34,726 - INFO - Bottom 10 Mean Stats: {'Max': np.float64(91.0), 'Min': np.float64(82.0), 'Mean': np.float64(84.9), 'Std': np.float64(4.036087214122113)}
2024-11-17 07:15:34,726 - INFO - Bottom 10 Std Stats: {'Max': np.float64(0.0), 'Min': np.float64(0.0), 'Mean': np.float64(0.0), 'Std': np.float64(0.0)}
[I 2024-11-17 07:15:34,744] Trial 444 finished with value: 22.0 and parameters: {'x_0': -2, 'x_1': -3, 'x_2': 3, 'x_3': 0}. Best is trial 320 with value: 0.0.
2024-11-17 07:15:34,962 - INFO - Candidate Mean Stats: {'Max': np.float64(91.0), 'Min': np.float64(-0.42672977215516167), 'Mean': np.float64(1.0059503207779046), 'Std': np.float64(6.978521167128935)}
2024-11-17 07:15:34,962 - INFO - Candidate Std Stats: {'Max': np.float64(0.6048659634167081), 'Min': np.float64(0.0), 'Mean': np.float64(0.035594739951641065), 'Std': np.float64(0.04612192640829992)}
2024-11-17 07:15:34,964 - INFO - Top 10 Mean Stats: {'Max': np.float64(0.08883587260025198), 'Min': np.float64(-0.42672977215516167), 'Mean': np.float64(-0.12211867486377108), 'Std': np.float64(0.14361452650468562)}
2024-11-17 07:15:34,964 - INFO - Top 10 Std Stats: {'Max': np.float64(0.5208719500070547), 'Min': np.float64(0.021703225780764283), 'Mean': np.float64(0.32559902362402016), 'Std': np.float64(0.1406874900824377)}
2024-11-17 07:15:34,964 - INFO - Bottom 10 Mean Stats: {'Max': np.float64(91.0), 'Min': np.float64(82.0), 'Mean': np.float64(84.9), 'Std': np.float64(4.036087214122113)}
2024-11-17 07:15:34,964 - INFO - Bottom 10 Std Stats: {'Max': np.float64(0.0), 'Min': np.float64(0.0), 'Mean': np.float64(0.0), 'Std': np.float64(0.0)}
[I 2024-11-17 07:15:34,981] Trial 445 finished with value: 67.0 and parameters: {'x_0': 1, 'x_1': 5, 'x_2': -5, 'x_3': -4}. Best is trial 320 with value: 0.0.
2024-11-17 07:15:35,159 - INFO - Candidate Mean Stats: {'Max': np.float64(91.0), 'Min': np.float64(-0.4784665298472211), 'Mean': np.float64(1.0146229462621845), 'Std': np.float64(6.999214241076364)}
2024-11-17 07:15:35,159 - INFO - Candidate Std Stats: {'Max': np.float64(0.6142384975079629), 'Min': np.float64(0.0), 'Mean': np.float64(0.0337906319375566), 'Std': np.float64(0.041681041155519696)}
2024-11-17 07:15:35,161 - INFO - Top 10 Mean Stats: {'Max': np.float64(-0.0886832598705399), 'Min': np.float64(-0.4784665298472211), 'Mean': np.float64(-0.15157958492326187), 'Std': np.float64(0.1113471267106276)}
2024-11-17 07:15:35,161 - INFO - Top 10 Std Stats: {'Max': np.float64(0.3517267692833255), 'Min': np.float64(0.05086512185814394), 'Mean': np.float64(0.29686672855832585), 'Std': np.float64(0.08520985438208706)}
2024-11-17 07:15:35,161 - INFO - Bottom 10 Mean Stats: {'Max': np.float64(91.0), 'Min': np.float64(82.0), 'Mean': np.float64(84.9), 'Std': np.float64(4.036087214122113)}
2024-11-17 07:15:35,161 - INFO - Bottom 10 Std Stats: {'Max': np.float64(0.0), 'Min': np.float64(0.0), 'Mean': np.float64(0.0), 'Std': np.float64(0.0)}
[I 2024-11-17 07:15:35,183] Trial 446 finished with value: 27.0 and parameters: {'x_0': 3, 'x_1': -3, 'x_2': 3, 'x_3': 0}. Best is trial 320 with value: 0.0.
2024-11-17 07:15:35,337 - INFO - Candidate Mean Stats: {'Max': np.float64(91.0), 'Min': np.float64(-0.17791654790640565), 'Mean': np.float64(1.0176253583131416), 'Std': np.float64(7.002321713255922)}
2024-11-17 07:15:35,337 - INFO - Candidate Std Stats: {'Max': np.float64(0.7047989643313644), 'Min': np.float64(0.0), 'Mean': np.float64(0.030141262528615077), 'Std': np.float64(0.04124152617796027)}
2024-11-17 07:15:35,339 - INFO - Top 10 Mean Stats: {'Max': np.float64(-0.05240083100287245), 'Min': np.float64(-0.17172593726320634), 'Mean': np.float64(-0.13634244288515113), 'Std': np.float64(0.03428284930518241)}
2024-11-17 07:15:35,339 - INFO - Top 10 Std Stats: {'Max': np.float64(0.428805743868583), 'Min': np.float64(0.25668962296944337), 'Mean': np.float64(0.3116509036000579), 'Std': np.float64(0.04976810043877717)}
2024-11-17 07:15:35,339 - INFO - Bottom 10 Mean Stats: {'Max': np.float64(91.0), 'Min': np.float64(82.0), 'Mean': np.float64(84.9), 'Std': np.float64(4.036087214122113)}
2024-11-17 07:15:35,339 - INFO - Bottom 10 Std Stats: {'Max': np.float64(0.0), 'Min': np.float64(0.0), 'Mean': np.float64(0.0), 'Std': np.float64(0.0)}
[I 2024-11-17 07:15:35,356] Trial 447 finished with value: 45.0 and parameters: {'x_0': 0, 'x_1': 2, 'x_2': -5, 'x_3': 4}. Best is trial 320 with value: 0.0.
2024-11-17 07:15:35,545 - INFO - Candidate Mean Stats: {'Max': np.float64(91.0), 'Min': np.float64(-0.3414833898005859), 'Mean': np.float64(1.0205348686941418), 'Std': np.float64(7.011779672120435)}
2024-11-17 07:15:35,545 - INFO - Candidate Std Stats: {'Max': np.float64(0.4876841173505296), 'Min': np.float64(0.0), 'Mean': np.float64(0.03270040841614625), 'Std': np.float64(0.04109437134358417)}
2024-11-17 07:15:35,546 - INFO - Top 10 Mean Stats: {'Max': np.float64(-0.10774975028719096), 'Min': np.float64(-0.3414833898005859), 'Mean': np.float64(-0.19054539006283777), 'Std': np.float64(0.06682707989920872)}
2024-11-17 07:15:35,546 - INFO - Top 10 Std Stats: {'Max': np.float64(0.4792324860144756), 'Min': np.float64(0.23249255010182088), 'Mean': np.float64(0.34222109869653883), 'Std': np.float64(0.0707927163394716)}
2024-11-17 07:15:35,547 - INFO - Bottom 10 Mean Stats: {'Max': np.float64(91.0), 'Min': np.float64(82.0), 'Mean': np.float64(84.9), 'Std': np.float64(4.036087214122113)}
2024-11-17 07:15:35,547 - INFO - Bottom 10 Std Stats: {'Max': np.float64(0.0), 'Min': np.float64(0.0), 'Mean': np.float64(0.0), 'Std': np.float64(0.0)}
[I 2024-11-17 07:15:35,564] Trial 448 finished with value: 70.0 and parameters: {'x_0': 4, 'x_1': 5, 'x_2': -5, 'x_3': -2}. Best is trial 320 with value: 0.0.
2024-11-17 07:15:35,754 - INFO - Candidate Mean Stats: {'Max': np.float64(91.0), 'Min': np.float64(-0.3372404641014576), 'Mean': np.float64(1.0221825495941503), 'Std': np.float64(7.035314376586953)}
2024-11-17 07:15:35,754 - INFO - Candidate Std Stats: {'Max': np.float64(0.5237939657965344), 'Min': np.float64(0.0), 'Mean': np.float64(0.04249708343349077), 'Std': np.float64(0.044395461902358685)}
2024-11-17 07:15:35,756 - INFO - Top 10 Mean Stats: {'Max': np.float64(-0.0446593705529191), 'Min': np.float64(-0.3372404641014576), 'Mean': np.float64(-0.17409306327740431), 'Std': np.float64(0.08302320912829608)}
2024-11-17 07:15:35,756 - INFO - Top 10 Std Stats: {'Max': np.float64(0.5181182084790315), 'Min': np.float64(0.10972524053804066), 'Mean': np.float64(0.31999179896116225), 'Std': np.float64(0.11844043201358387)}
2024-11-17 07:15:35,756 - INFO - Bottom 10 Mean Stats: {'Max': np.float64(91.0), 'Min': np.float64(82.0), 'Mean': np.float64(84.9), 'Std': np.float64(4.036087214122113)}
2024-11-17 07:15:35,756 - INFO - Bottom 10 Std Stats: {'Max': np.float64(0.0), 'Min': np.float64(0.0), 'Mean': np.float64(0.0), 'Std': np.float64(0.0)}
[I 2024-11-17 07:15:35,773] Trial 449 finished with value: 61.0 and parameters: {'x_0': 4, 'x_1': 5, 'x_2': 2, 'x_3': -4}. Best is trial 320 with value: 0.0.
2024-11-17 07:15:35,968 - INFO - Candidate Mean Stats: {'Max': np.float64(91.0), 'Min': np.float64(-0.22692606285167152), 'Mean': np.float64(1.0276695166221537), 'Std': np.float64(7.052580560364252)}
2024-11-17 07:15:35,968 - INFO - Candidate Std Stats: {'Max': np.float64(0.9393858102905968), 'Min': np.float64(0.0), 'Mean': np.float64(0.03729389822080594), 'Std': np.float64(0.042331495802356844)}
2024-11-17 07:15:35,970 - INFO - Top 10 Mean Stats: {'Max': np.float64(-0.08047442919566103), 'Min': np.float64(-0.17254394141854607), 'Mean': np.float64(-0.12649576965987155), 'Std': np.float64(0.028925638418682863)}
2024-11-17 07:15:35,970 - INFO - Top 10 Std Stats: {'Max': np.float64(0.3391472027561144), 'Min': np.float64(0.2313367751794937), 'Mean': np.float64(0.28084189700891615), 'Std': np.float64(0.02979034583817776)}
2024-11-17 07:15:35,970 - INFO - Bottom 10 Mean Stats: {'Max': np.float64(91.0), 'Min': np.float64(82.0), 'Mean': np.float64(84.9), 'Std': np.float64(4.036087214122113)}
2024-11-17 07:15:35,970 - INFO - Bottom 10 Std Stats: {'Max': np.float64(0.0), 'Min': np.float64(0.0), 'Mean': np.float64(0.0), 'Std': np.float64(0.0)}
[I 2024-11-17 07:15:35,987] Trial 450 finished with value: 59.0 and parameters: {'x_0': 3, 'x_1': 3, 'x_2': 4, 'x_3': -5}. Best is trial 320 with value: 0.0.
2024-11-17 07:15:36,173 - INFO - Candidate Mean Stats: {'Max': np.float64(91.0), 'Min': np.float64(-0.21590576058646302), 'Mean': np.float64(1.032954599002424), 'Std': np.float64(7.068684188538911)}
2024-11-17 07:15:36,173 - INFO - Candidate Std Stats: {'Max': np.float64(0.884918652153309), 'Min': np.float64(0.0), 'Mean': np.float64(0.03155101174379969), 'Std': np.float64(0.04287993927488211)}
2024-11-17 07:15:36,174 - INFO - Top 10 Mean Stats: {'Max': np.float64(0.16021061992400068), 'Min': np.float64(-0.21590576058646302), 'Mean': np.float64(-0.10624359485136611), 'Std': np.float64(0.12464994898449208)}
2024-11-17 07:15:36,174 - INFO - Top 10 Std Stats: {'Max': np.float64(0.6114080737738417), 'Min': np.float64(0.1651058199747271), 'Mean': np.float64(0.30008581635819886), 'Std': np.float64(0.14714856175703378)}
2024-11-17 07:15:36,174 - INFO - Bottom 10 Mean Stats: {'Max': np.float64(91.0), 'Min': np.float64(82.0), 'Mean': np.float64(84.9), 'Std': np.float64(4.036087214122113)}
2024-11-17 07:15:36,174 - INFO - Bottom 10 Std Stats: {'Max': np.float64(0.0), 'Min': np.float64(0.0), 'Mean': np.float64(0.0), 'Std': np.float64(0.0)}
