[I 2024-11-17 07:14:54,915] Trial 321 finished with value: 42.0 and parameters: {'x_0': 2, 'x_1': 5, 'x_2': -3, 'x_3': 2}. Best is trial 179 with value: 1.0.
2024-11-17 07:14:55,012 - INFO - Candidate Mean Stats: {'Max': np.float64(91.0), 'Min': np.float64(-0.393029679424395), 'Mean': np.float64(0.6797152333664133), 'Std': np.float64(5.581614356765616)}
2024-11-17 07:14:55,012 - INFO - Candidate Std Stats: {'Max': np.float64(0.5151262865447456), 'Min': np.float64(0.0), 'Mean': np.float64(0.05007073972426005), 'Std': np.float64(0.04828207733485922)}
2024-11-17 07:14:55,014 - INFO - Top 10 Mean Stats: {'Max': np.float64(-0.22570600922500828), 'Min': np.float64(-0.393029679424395), 'Mean': np.float64(-0.32415758363792213), 'Std': np.float64(0.06249234583105748)}
2024-11-17 07:14:55,014 - INFO - Top 10 Std Stats: {'Max': np.float64(0.5151262865447456), 'Min': np.float64(0.2632957705327863), 'Mean': np.float64(0.34292727103692305), 'Std': np.float64(0.08495001238872733)}
2024-11-17 07:14:55,014 - INFO - Bottom 10 Mean Stats: {'Max': np.float64(91.0), 'Min': np.float64(73.0), 'Mean': np.float64(76.9), 'Std': np.float64(5.262128846769148)}
2024-11-17 07:14:55,014 - INFO - Bottom 10 Std Stats: {'Max': np.float64(0.0), 'Min': np.float64(0.0), 'Mean': np.float64(0.0), 'Std': np.float64(0.0)}
2024-11-17 07:14:55,019 - INFO - Candidate Mean Stats: {'Max': np.float64(100.0), 'Min': np.float64(-0.32612191037184485), 'Mean': np.float64(0.9180173027972744), 'Std': np.float64(7.043406658533502)}
2024-11-17 07:14:55,019 - INFO - Candidate Std Stats: {'Max': np.float64(0.6917490129744076), 'Min': np.float64(0.0), 'Mean': np.float64(0.04688458236141853), 'Std': np.float64(0.04877096105471015)}
2024-11-17 07:14:55,020 - INFO - Top 10 Mean Stats: {'Max': np.float64(-0.05062674129357451), 'Min': np.float64(-0.32612191037184485), 'Mean': np.float64(-0.23517117392533202), 'Std': np.float64(0.07862923815687997)}
2024-11-17 07:14:55,020 - INFO - Top 10 Std Stats: {'Max': np.float64(0.6917490129744076), 'Min': np.float64(0.3210525788960559), 'Mean': np.float64(0.482955637294922), 'Std': np.float64(0.10434293310723458)}
2024-11-17 07:14:55,021 - INFO - Bottom 10 Mean Stats: {'Max': np.float64(100.0), 'Min': np.float64(84.0), 'Mean': np.float64(93.0), 'Std': np.float64(5.019960159204453)}
2024-11-17 07:14:55,021 - INFO - Bottom 10 Std Stats: {'Max': np.float64(0.0), 'Min': np.float64(0.0), 'Mean': np.float64(0.0), 'Std': np.float64(0.0)}
[I 2024-11-17 07:14:55,031] Trial 300 finished with value: 35.0 and parameters: {'x_0': -3, 'x_1': 5, 'x_2': 1, 'x_3': 0}. Best is trial 288 with value: 1.0.
[I 2024-11-17 07:14:55,038] Trial 315 finished with value: 79.0 and parameters: {'x_0': 2, 'x_1': -5, 'x_2': -5, 'x_3': -5}. Best is trial 290 with value: 2.0.
2024-11-17 07:14:55,200 - INFO - Candidate Mean Stats: {'Max': np.float64(100.0), 'Min': np.float64(-0.2572578513188245), 'Mean': np.float64(1.0514193852593652), 'Std': np.float64(7.7864715295407)}
2024-11-17 07:14:55,200 - INFO - Candidate Std Stats: {'Max': np.float64(0.5013682631885189), 'Min': np.float64(0.0), 'Mean': np.float64(0.051249362717912354), 'Std': np.float64(0.04781325329673549)}
2024-11-17 07:14:55,202 - INFO - Top 10 Mean Stats: {'Max': np.float64(-0.1921482582158028), 'Min': np.float64(-0.2572578513188245), 'Mean': np.float64(-0.2126983551884704), 'Std': np.float64(0.019788637711088283)}
2024-11-17 07:14:55,202 - INFO - Top 10 Std Stats: {'Max': np.float64(0.4274660441409138), 'Min': np.float64(0.3272294343108821), 'Mean': np.float64(0.38079508832097725), 'Std': np.float64(0.03188076718005771)}
2024-11-17 07:14:55,202 - INFO - Bottom 10 Mean Stats: {'Max': np.float64(100.0), 'Min': np.float64(91.0), 'Mean': np.float64(95.5), 'Std': np.float64(4.5)}
2024-11-17 07:14:55,202 - INFO - Bottom 10 Std Stats: {'Max': np.float64(0.0), 'Min': np.float64(0.0), 'Mean': np.float64(0.0), 'Std': np.float64(0.0)}
[I 2024-11-17 07:14:55,218] Trial 322 finished with value: 31.0 and parameters: {'x_0': 2, 'x_1': -5, 'x_2': 1, 'x_3': -1}. Best is trial 179 with value: 1.0.
2024-11-17 07:14:55,269 - INFO - Candidate Mean Stats: {'Max': np.float64(91.0), 'Min': np.float64(-0.3541319371947097), 'Mean': np.float64(0.6812846637995988), 'Std': np.float64(5.588903354586429)}
2024-11-17 07:14:55,270 - INFO - Candidate Std Stats: {'Max': np.float64(0.5135012645887023), 'Min': np.float64(0.0), 'Mean': np.float64(0.05304639598030386), 'Std': np.float64(0.04772607533803766)}
2024-11-17 07:14:55,271 - INFO - Top 10 Mean Stats: {'Max': np.float64(-0.12848570277437046), 'Min': np.float64(-0.313952036047194), 'Mean': np.float64(-0.21109844755598214), 'Std': np.float64(0.06774922004940347)}
2024-11-17 07:14:55,271 - INFO - Top 10 Std Stats: {'Max': np.float64(0.5135012645887023), 'Min': np.float64(0.31638726126218497), 'Mean': np.float64(0.42634831496983894), 'Std': np.float64(0.06982319761049989)}
2024-11-17 07:14:55,271 - INFO - Bottom 10 Mean Stats: {'Max': np.float64(91.0), 'Min': np.float64(73.0), 'Mean': np.float64(76.9), 'Std': np.float64(5.262128846769148)}
2024-11-17 07:14:55,271 - INFO - Bottom 10 Std Stats: {'Max': np.float64(0.0), 'Min': np.float64(0.0), 'Mean': np.float64(0.0), 'Std': np.float64(0.0)}
[I 2024-11-17 07:14:55,287] Trial 301 finished with value: 17.0 and parameters: {'x_0': 1, 'x_1': -4, 'x_2': 0, 'x_3': 0}. Best is trial 288 with value: 1.0.
2024-11-17 07:14:55,297 - INFO - Candidate Mean Stats: {'Max': np.float64(100.0), 'Min': np.float64(-0.407142578780164), 'Mean': np.float64(0.9253885370810118), 'Std': np.float64(7.0726695602241625)}
2024-11-17 07:14:55,297 - INFO - Candidate Std Stats: {'Max': np.float64(0.683721075713667), 'Min': np.float64(0.0), 'Mean': np.float64(0.041118101798798386), 'Std': np.float64(0.0445456463427165)}
2024-11-17 07:14:55,299 - INFO - Top 10 Mean Stats: {'Max': np.float64(-0.06403496232565074), 'Min': np.float64(-0.407142578780164), 'Mean': np.float64(-0.2526254836302146), 'Std': np.float64(0.10533845976554812)}
2024-11-17 07:14:55,299 - INFO - Top 10 Std Stats: {'Max': np.float64(0.683721075713667), 'Min': np.float64(0.28621377917245155), 'Mean': np.float64(0.42298017037757624), 'Std': np.float64(0.12715780658913464)}
2024-11-17 07:14:55,299 - INFO - Bottom 10 Mean Stats: {'Max': np.float64(100.0), 'Min': np.float64(84.0), 'Mean': np.float64(93.0), 'Std': np.float64(5.019960159204453)}
2024-11-17 07:14:55,299 - INFO - Bottom 10 Std Stats: {'Max': np.float64(0.0), 'Min': np.float64(0.0), 'Mean': np.float64(0.0), 'Std': np.float64(0.0)}
[I 2024-11-17 07:14:55,317] Trial 316 finished with value: 2.0 and parameters: {'x_0': -1, 'x_1': -1, 'x_2': 0, 'x_3': 0}. Best is trial 290 with value: 2.0.
2024-11-17 07:14:55,463 - INFO - Candidate Mean Stats: {'Max': np.float64(100.0), 'Min': np.float64(-0.31957392818187225), 'Mean': np.float64(1.0576449779009454), 'Std': np.float64(7.789881054843891)}
2024-11-17 07:14:55,463 - INFO - Candidate Std Stats: {'Max': np.float64(0.5532578471410302), 'Min': np.float64(0.0), 'Mean': np.float64(0.043934673041560866), 'Std': np.float64(0.04132532113268329)}
2024-11-17 07:14:55,465 - INFO - Top 10 Mean Stats: {'Max': np.float64(-0.12536574380143356), 'Min': np.float64(-0.31957392818187225), 'Mean': np.float64(-0.20347033792802974), 'Std': np.float64(0.05225642963927003)}
2024-11-17 07:14:55,465 - INFO - Top 10 Std Stats: {'Max': np.float64(0.5532578471410302), 'Min': np.float64(0.2885520390821939), 'Mean': np.float64(0.38993813053535087), 'Std': np.float64(0.08349012513957343)}
2024-11-17 07:14:55,465 - INFO - Bottom 10 Mean Stats: {'Max': np.float64(100.0), 'Min': np.float64(91.0), 'Mean': np.float64(95.5), 'Std': np.float64(4.5)}
2024-11-17 07:14:55,465 - INFO - Bottom 10 Std Stats: {'Max': np.float64(0.0), 'Min': np.float64(0.0), 'Mean': np.float64(0.0), 'Std': np.float64(0.0)}
[I 2024-11-17 07:14:55,484] Trial 323 finished with value: 19.0 and parameters: {'x_0': 0, 'x_1': 1, 'x_2': -3, 'x_3': -3}. Best is trial 179 with value: 1.0.
2024-11-17 07:14:55,528 - INFO - Candidate Mean Stats: {'Max': np.float64(91.0), 'Min': np.float64(-0.2802565525274032), 'Mean': np.float64(0.6864595660043312), 'Std': np.float64(5.590044096666679)}
2024-11-17 07:14:55,528 - INFO - Candidate Std Stats: {'Max': np.float64(0.733762977712077), 'Min': np.float64(0.0), 'Mean': np.float64(0.0527241520743253), 'Std': np.float64(0.04798738234625406)}
2024-11-17 07:14:55,529 - INFO - Top 10 Mean Stats: {'Max': np.float64(-0.14401463858899038), 'Min': np.float64(-0.2802565525274032), 'Mean': np.float64(-0.19859544863160788), 'Std': np.float64(0.04838163115117776)}
2024-11-17 07:14:55,530 - INFO - Top 10 Std Stats: {'Max': np.float64(0.533163894707359), 'Min': np.float64(0.33079318243603145), 'Mean': np.float64(0.4021878718692732), 'Std': np.float64(0.059251110948664865)}
2024-11-17 07:14:55,530 - INFO - Bottom 10 Mean Stats: {'Max': np.float64(91.0), 'Min': np.float64(73.0), 'Mean': np.float64(76.9), 'Std': np.float64(5.262128846769148)}
2024-11-17 07:14:55,530 - INFO - Bottom 10 Std Stats: {'Max': np.float64(0.0), 'Min': np.float64(0.0), 'Mean': np.float64(0.0), 'Std': np.float64(0.0)}
[I 2024-11-17 07:14:55,546] Trial 302 finished with value: 22.0 and parameters: {'x_0': 3, 'x_1': 0, 'x_2': 2, 'x_3': 3}. Best is trial 288 with value: 1.0.
2024-11-17 07:14:55,565 - INFO - Candidate Mean Stats: {'Max': np.float64(100.0), 'Min': np.float64(-0.2524983999791025), 'Mean': np.float64(0.9239278743379807), 'Std': np.float64(7.072856478313003)}
2024-11-17 07:14:55,566 - INFO - Candidate Std Stats: {'Max': np.float64(0.46124114597496274), 'Min': np.float64(0.0), 'Mean': np.float64(0.050755952942223084), 'Std': np.float64(0.04707155008116301)}
2024-11-17 07:14:55,567 - INFO - Top 10 Mean Stats: {'Max': np.float64(-0.14735944850405475), 'Min': np.float64(-0.2524983999791025), 'Mean': np.float64(-0.1832014706420533), 'Std': np.float64(0.02868888874561995)}
2024-11-17 07:14:55,567 - INFO - Top 10 Std Stats: {'Max': np.float64(0.426844752006995), 'Min': np.float64(0.3324982569514677), 'Mean': np.float64(0.3691673101249847), 'Std': np.float64(0.03578478957262676)}
2024-11-17 07:14:55,567 - INFO - Bottom 10 Mean Stats: {'Max': np.float64(100.0), 'Min': np.float64(84.0), 'Mean': np.float64(93.0), 'Std': np.float64(5.019960159204453)}
2024-11-17 07:14:55,567 - INFO - Bottom 10 Std Stats: {'Max': np.float64(0.0), 'Min': np.float64(0.0), 'Mean': np.float64(0.0), 'Std': np.float64(0.0)}
[I 2024-11-17 07:14:55,584] Trial 317 finished with value: 10.0 and parameters: {'x_0': -1, 'x_1': -2, 'x_2': 1, 'x_3': -2}. Best is trial 290 with value: 2.0.
2024-11-17 07:14:55,744 - INFO - Candidate Mean Stats: {'Max': np.float64(100.0), 'Min': np.float64(-0.16787764632432262), 'Mean': np.float64(1.0608583377688456), 'Std': np.float64(7.791016486093907)}
2024-11-17 07:14:55,744 - INFO - Candidate Std Stats: {'Max': np.float64(0.4776355795416593), 'Min': np.float64(0.0), 'Mean': np.float64(0.04540702577605816), 'Std': np.float64(0.04790152509096542)}
2024-11-17 07:14:55,745 - INFO - Top 10 Mean Stats: {'Max': np.float64(0.04385663230662447), 'Min': np.float64(-0.16787764632432262), 'Mean': np.float64(-0.07990358156147184), 'Std': np.float64(0.0709521681920168)}
2024-11-17 07:14:55,745 - INFO - Top 10 Std Stats: {'Max': np.float64(0.4695126604162818), 'Min': np.float64(0.240169405273467), 'Mean': np.float64(0.3319224412216583), 'Std': np.float64(0.06986123094338026)}
2024-11-17 07:14:55,746 - INFO - Bottom 10 Mean Stats: {'Max': np.float64(100.0), 'Min': np.float64(91.0), 'Mean': np.float64(95.5), 'Std': np.float64(4.5)}
2024-11-17 07:14:55,746 - INFO - Bottom 10 Std Stats: {'Max': np.float64(0.0), 'Min': np.float64(0.0), 'Mean': np.float64(0.0), 'Std': np.float64(0.0)}
[I 2024-11-17 07:14:55,763] Trial 324 finished with value: 67.0 and parameters: {'x_0': -4, 'x_1': -5, 'x_2': -5, 'x_3': -1}. Best is trial 179 with value: 1.0.
2024-11-17 07:14:55,785 - INFO - Candidate Mean Stats: {'Max': np.float64(91.0), 'Min': np.float64(-0.28725684649426925), 'Mean': np.float64(0.6832664033277699), 'Std': np.float64(5.593382810161208)}
2024-11-17 07:14:55,785 - INFO - Candidate Std Stats: {'Max': np.float64(0.5342455795629999), 'Min': np.float64(0.0), 'Mean': np.float64(0.052770531867679146), 'Std': np.float64(0.04614427827751125)}
2024-11-17 07:14:55,786 - INFO - Top 10 Mean Stats: {'Max': np.float64(-0.132078473477665), 'Min': np.float64(-0.28725684649426925), 'Mean': np.float64(-0.19092231325587464), 'Std': np.float64(0.04909358736615074)}
2024-11-17 07:14:55,787 - INFO - Top 10 Std Stats: {'Max': np.float64(0.5342455795629999), 'Min': np.float64(0.2548449903578602), 'Mean': np.float64(0.4338417960890533), 'Std': np.float64(0.07934902155334739)}
2024-11-17 07:14:55,787 - INFO - Bottom 10 Mean Stats: {'Max': np.float64(91.0), 'Min': np.float64(73.0), 'Mean': np.float64(76.9), 'Std': np.float64(5.262128846769148)}
2024-11-17 07:14:55,787 - INFO - Bottom 10 Std Stats: {'Max': np.float64(0.0), 'Min': np.float64(0.0), 'Mean': np.float64(0.0), 'Std': np.float64(0.0)}
[I 2024-11-17 07:14:55,804] Trial 303 finished with value: 3.0 and parameters: {'x_0': 1, 'x_1': 1, 'x_2': 1, 'x_3': 0}. Best is trial 288 with value: 1.0.
2024-11-17 07:14:55,816 - INFO - Candidate Mean Stats: {'Max': np.float64(100.0), 'Min': np.float64(-0.4584403415443313), 'Mean': np.float64(0.9260227757269619), 'Std': np.float64(7.073087566043148)}
2024-11-17 07:14:55,817 - INFO - Candidate Std Stats: {'Max': np.float64(0.4991400590873912), 'Min': np.float64(0.0), 'Mean': np.float64(0.036271027713721135), 'Std': np.float64(0.04447786967208434)}
2024-11-17 07:14:55,818 - INFO - Top 10 Mean Stats: {'Max': np.float64(-0.24350734301484125), 'Min': np.float64(-0.4584403415443313), 'Mean': np.float64(-0.3503067489756254), 'Std': np.float64(0.06559012405781985)}
2024-11-17 07:14:55,818 - INFO - Top 10 Std Stats: {'Max': np.float64(0.4991400590873912), 'Min': np.float64(0.3056580249146462), 'Mean': np.float64(0.37655589567817704), 'Std': np.float64(0.07180159748362955)}
2024-11-17 07:14:55,818 - INFO - Bottom 10 Mean Stats: {'Max': np.float64(100.0), 'Min': np.float64(84.0), 'Mean': np.float64(93.0), 'Std': np.float64(5.019960159204453)}
2024-11-17 07:14:55,818 - INFO - Bottom 10 Std Stats: {'Max': np.float64(0.0), 'Min': np.float64(0.0), 'Mean': np.float64(0.0), 'Std': np.float64(0.0)}
[I 2024-11-17 07:14:55,834] Trial 318 finished with value: 6.0 and parameters: {'x_0': -1, 'x_1': -2, 'x_2': 0, 'x_3': 1}. Best is trial 290 with value: 2.0.
2024-11-17 07:14:56,017 - INFO - Candidate Mean Stats: {'Max': np.float64(100.0), 'Min': np.float64(-0.19804527115873993), 'Mean': np.float64(1.0655645955002693), 'Std': np.float64(7.810029256104428)}
2024-11-17 07:14:56,017 - INFO - Candidate Std Stats: {'Max': np.float64(0.5547727899457825), 'Min': np.float64(0.0), 'Mean': np.float64(0.04673362779022423), 'Std': np.float64(0.040631731800044014)}
2024-11-17 07:14:56,019 - INFO - Top 10 Mean Stats: {'Max': np.float64(-0.11608310413244016), 'Min': np.float64(-0.19804527115873993), 'Mean': np.float64(-0.1564751562474947), 'Std': np.float64(0.026604118858732626)}
2024-11-17 07:14:56,019 - INFO - Top 10 Std Stats: {'Max': np.float64(0.3975589363133711), 'Min': np.float64(0.24916658931991026), 'Mean': np.float64(0.31507476493339415), 'Std': np.float64(0.048837259598960826)}
2024-11-17 07:14:56,019 - INFO - Bottom 10 Mean Stats: {'Max': np.float64(100.0), 'Min': np.float64(91.0), 'Mean': np.float64(95.5), 'Std': np.float64(4.5)}
2024-11-17 07:14:56,019 - INFO - Bottom 10 Std Stats: {'Max': np.float64(0.0), 'Min': np.float64(0.0), 'Mean': np.float64(0.0), 'Std': np.float64(0.0)}
[I 2024-11-17 07:14:56,038] Trial 325 finished with value: 21.0 and parameters: {'x_0': 0, 'x_1': 4, 'x_2': -1, 'x_3': -2}. Best is trial 179 with value: 1.0.
2024-11-17 07:14:56,053 - INFO - Candidate Mean Stats: {'Max': np.float64(100.0), 'Min': np.float64(-0.5302956504904053), 'Mean': np.float64(0.9253595983258593), 'Std': np.float64(7.0733382835135865)}
2024-11-17 07:14:56,053 - INFO - Candidate Std Stats: {'Max': np.float64(0.4851853510569735), 'Min': np.float64(0.0), 'Mean': np.float64(0.04081657783834788), 'Std': np.float64(0.04652864023341602)}
2024-11-17 07:14:56,055 - INFO - Top 10 Mean Stats: {'Max': np.float64(-0.22567889340541614), 'Min': np.float64(-0.5302956504904053), 'Mean': np.float64(-0.3666133193406881), 'Std': np.float64(0.09751554954953051)}
2024-11-17 07:14:56,055 - INFO - Top 10 Std Stats: {'Max': np.float64(0.4601122685542061), 'Min': np.float64(0.3142309129243805), 'Mean': np.float64(0.39089434943564577), 'Std': np.float64(0.04930726934108254)}
2024-11-17 07:14:56,055 - INFO - Bottom 10 Mean Stats: {'Max': np.float64(100.0), 'Min': np.float64(84.0), 'Mean': np.float64(93.0), 'Std': np.float64(5.019960159204453)}
2024-11-17 07:14:56,055 - INFO - Bottom 10 Std Stats: {'Max': np.float64(0.0), 'Min': np.float64(0.0), 'Mean': np.float64(0.0), 'Std': np.float64(0.0)}
2024-11-17 07:14:56,069 - INFO - Candidate Mean Stats: {'Max': np.float64(91.0), 'Min': np.float64(-0.5885769125762502), 'Mean': np.float64(0.6840456405203256), 'Std': np.float64(5.593366579653663)}
2024-11-17 07:14:56,069 - INFO - Candidate Std Stats: {'Max': np.float64(0.6288685892088242), 'Min': np.float64(0.0), 'Mean': np.float64(0.051736942290529046), 'Std': np.float64(0.046579669780568746)}
2024-11-17 07:14:56,071 - INFO - Top 10 Mean Stats: {'Max': np.float64(-0.23322458525968467), 'Min': np.float64(-0.5885769125762502), 'Mean': np.float64(-0.47145857701892924), 'Std': np.float64(0.11289052834954746)}
2024-11-17 07:14:56,071 - INFO - Top 10 Std Stats: {'Max': np.float64(0.5177443923890589), 'Min': np.float64(0.15694278486605), 'Mean': np.float64(0.24719136357382449), 'Std': np.float64(0.11088623027495627)}
2024-11-17 07:14:56,071 - INFO - Bottom 10 Mean Stats: {'Max': np.float64(91.0), 'Min': np.float64(73.0), 'Mean': np.float64(76.9), 'Std': np.float64(5.262128846769148)}
2024-11-17 07:14:56,071 - INFO - Bottom 10 Std Stats: {'Max': np.float64(0.0), 'Min': np.float64(0.0), 'Mean': np.float64(0.0), 'Std': np.float64(0.0)}
[I 2024-11-17 07:14:56,073] Trial 319 finished with value: 7.0 and parameters: {'x_0': -1, 'x_1': -2, 'x_2': -1, 'x_3': -1}. Best is trial 290 with value: 2.0.
[I 2024-11-17 07:14:56,089] Trial 304 finished with value: 9.0 and parameters: {'x_0': 3, 'x_1': 0, 'x_2': 0, 'x_3': 0}. Best is trial 288 with value: 1.0.
2024-11-17 07:14:56,303 - INFO - Candidate Mean Stats: {'Max': np.float64(100.0), 'Min': np.float64(-0.23707335377247235), 'Mean': np.float64(1.067858573397993), 'Std': np.float64(7.811653130623675)}
2024-11-17 07:14:56,303 - INFO - Candidate Std Stats: {'Max': np.float64(0.528509848513199), 'Min': np.float64(0.0), 'Mean': np.float64(0.04600357925098015), 'Std': np.float64(0.043366186944045704)}
2024-11-17 07:14:56,305 - INFO - Top 10 Mean Stats: {'Max': np.float64(-0.14681340881711083), 'Min': np.float64(-0.23707335377247235), 'Mean': np.float64(-0.1793074934783929), 'Std': np.float64(0.025642919107940455)}
2024-11-17 07:14:56,305 - INFO - Top 10 Std Stats: {'Max': np.float64(0.49699912498845006), 'Min': np.float64(0.28846313598464773), 'Mean': np.float64(0.3747603530263423), 'Std': np.float64(0.06291155330499344)}
2024-11-17 07:14:56,305 - INFO - Bottom 10 Mean Stats: {'Max': np.float64(100.0), 'Min': np.float64(91.0), 'Mean': np.float64(95.5), 'Std': np.float64(4.5)}
2024-11-17 07:14:56,305 - INFO - Bottom 10 Std Stats: {'Max': np.float64(0.0), 'Min': np.float64(0.0), 'Mean': np.float64(0.0), 'Std': np.float64(0.0)}
[I 2024-11-17 07:14:56,326] Trial 326 finished with value: 14.0 and parameters: {'x_0': 2, 'x_1': 0, 'x_2': -3, 'x_3': -1}. Best is trial 179 with value: 1.0.
2024-11-17 07:14:56,350 - INFO - Candidate Mean Stats: {'Max': np.float64(100.0), 'Min': np.float64(-0.5541957385657905), 'Mean': np.float64(0.9220249799856199), 'Std': np.float64(7.074005915628853)}
2024-11-17 07:14:56,350 - INFO - Candidate Std Stats: {'Max': np.float64(0.6479267991843903), 'Min': np.float64(0.0), 'Mean': np.float64(0.04798385399855545), 'Std': np.float64(0.04933905875691711)}
2024-11-17 07:14:56,352 - INFO - Top 10 Mean Stats: {'Max': np.float64(-0.17877605718010478), 'Min': np.float64(-0.5541957385657905), 'Mean': np.float64(-0.35044117519954365), 'Std': np.float64(0.0966059639425287)}
2024-11-17 07:14:56,352 - INFO - Top 10 Std Stats: {'Max': np.float64(0.6479267991843903), 'Min': np.float64(0.33236595456348766), 'Mean': np.float64(0.43681311953659485), 'Std': np.float64(0.10258007394465887)}
2024-11-17 07:14:56,352 - INFO - Bottom 10 Mean Stats: {'Max': np.float64(100.0), 'Min': np.float64(84.0), 'Mean': np.float64(93.0), 'Std': np.float64(5.019960159204453)}
2024-11-17 07:14:56,352 - INFO - Bottom 10 Std Stats: {'Max': np.float64(0.0), 'Min': np.float64(0.0), 'Mean': np.float64(0.0), 'Std': np.float64(0.0)}
2024-11-17 07:14:56,352 - INFO - Candidate Mean Stats: {'Max': np.float64(91.0), 'Min': np.float64(-0.3913125587897816), 'Mean': np.float64(0.6847683349585783), 'Std': np.float64(5.593757189668181)}
2024-11-17 07:14:56,352 - INFO - Candidate Std Stats: {'Max': np.float64(0.4555951736231555), 'Min': np.float64(0.0), 'Mean': np.float64(0.050597690512490405), 'Std': np.float64(0.045221410142789555)}
2024-11-17 07:14:56,354 - INFO - Top 10 Mean Stats: {'Max': np.float64(-0.1815652385300416), 'Min': np.float64(-0.3913125587897816), 'Mean': np.float64(-0.264008566643256), 'Std': np.float64(0.06834569460679672)}
2024-11-17 07:14:56,354 - INFO - Top 10 Std Stats: {'Max': np.float64(0.4555951736231555), 'Min': np.float64(0.2089731512672717), 'Mean': np.float64(0.32993996977326645), 'Std': np.float64(0.08346322917004241)}
2024-11-17 07:14:56,354 - INFO - Bottom 10 Mean Stats: {'Max': np.float64(91.0), 'Min': np.float64(73.0), 'Mean': np.float64(76.9), 'Std': np.float64(5.262128846769148)}
2024-11-17 07:14:56,354 - INFO - Bottom 10 Std Stats: {'Max': np.float64(0.0), 'Min': np.float64(0.0), 'Mean': np.float64(0.0), 'Std': np.float64(0.0)}
