[I 2024-11-17 07:15:17,800] Trial 420 finished with value: 27.0 and parameters: {'x_0': -1, 'x_1': 5, 'x_2': 0, 'x_3': -1}. Best is trial 179 with value: 1.0.
2024-11-17 07:15:17,800 - INFO - Bottom 10 Std Stats: {'Max': np.float64(0.0), 'Min': np.float64(0.0), 'Mean': np.float64(0.0), 'Std': np.float64(0.0)}
[I 2024-11-17 07:15:17,817] Trial 378 finished with value: 70.0 and parameters: {'x_0': -4, 'x_1': 5, 'x_2': -5, 'x_3': 2}. Best is trial 320 with value: 0.0.
2024-11-17 07:15:17,908 - INFO - Candidate Mean Stats: {'Max': np.float64(100.0), 'Min': np.float64(-0.3721391753997579), 'Mean': np.float64(1.0545609200876807), 'Std': np.float64(7.3580689351929)}
2024-11-17 07:15:17,909 - INFO - Candidate Std Stats: {'Max': np.float64(0.4808025356865015), 'Min': np.float64(0.0), 'Mean': np.float64(0.02299004381043836), 'Std': np.float64(0.032948760308982375)}
2024-11-17 07:15:17,910 - INFO - Top 10 Mean Stats: {'Max': np.float64(-0.24364946055695333), 'Min': np.float64(-0.3721391753997579), 'Mean': np.float64(-0.2929810867621147), 'Std': np.float64(0.05008157966505724)}
2024-11-17 07:15:17,910 - INFO - Top 10 Std Stats: {'Max': np.float64(0.20939313238677004), 'Min': np.float64(0.1265613460307909), 'Mean': np.float64(0.17780745593328043), 'Std': np.float64(0.03622996646939672)}
2024-11-17 07:15:17,910 - INFO - Bottom 10 Mean Stats: {'Max': np.float64(100.0), 'Min': np.float64(84.0), 'Mean': np.float64(93.0), 'Std': np.float64(5.019960159204453)}
2024-11-17 07:15:17,910 - INFO - Bottom 10 Std Stats: {'Max': np.float64(0.0), 'Min': np.float64(0.0), 'Mean': np.float64(0.0), 'Std': np.float64(0.0)}
2024-11-17 07:15:17,921 - INFO - Candidate Mean Stats: {'Max': np.float64(100.0), 'Min': np.float64(-0.48213876507000675), 'Mean': np.float64(1.1935734058596577), 'Std': np.float64(8.054485688896303)}
2024-11-17 07:15:17,921 - INFO - Candidate Std Stats: {'Max': np.float64(0.3605006661009209), 'Min': np.float64(0.0), 'Mean': np.float64(0.022324882439978665), 'Std': np.float64(0.033084112682558155)}
2024-11-17 07:15:17,922 - INFO - Top 10 Mean Stats: {'Max': np.float64(-0.17066156166694732), 'Min': np.float64(-0.48213876507000675), 'Mean': np.float64(-0.3154245367092902), 'Std': np.float64(0.10506985279849733)}
2024-11-17 07:15:17,922 - INFO - Top 10 Std Stats: {'Max': np.float64(0.3605006661009209), 'Min': np.float64(0.0948487962144252), 'Mean': np.float64(0.2013237953480446), 'Std': np.float64(0.10124278119731848)}
2024-11-17 07:15:17,922 - INFO - Bottom 10 Mean Stats: {'Max': np.float64(100.0), 'Min': np.float64(91.0), 'Mean': np.float64(95.5), 'Std': np.float64(4.5)}
2024-11-17 07:15:17,922 - INFO - Bottom 10 Std Stats: {'Max': np.float64(0.0), 'Min': np.float64(0.0), 'Mean': np.float64(0.0), 'Std': np.float64(0.0)}
[I 2024-11-17 07:15:17,927] Trial 428 finished with value: 12.0 and parameters: {'x_0': -1, 'x_1': -1, 'x_2': 3, 'x_3': -1}. Best is trial 362 with value: 1.0.
[I 2024-11-17 07:15:17,939] Trial 421 finished with value: 21.0 and parameters: {'x_0': 0, 'x_1': -1, 'x_2': 4, 'x_3': -2}. Best is trial 179 with value: 1.0.
2024-11-17 07:15:18,048 - INFO - Candidate Mean Stats: {'Max': np.float64(100.0), 'Min': np.float64(-0.48151946066220697), 'Mean': np.float64(1.0588768139516473), 'Std': np.float64(7.358139355080597)}
2024-11-17 07:15:18,048 - INFO - Candidate Std Stats: {'Max': np.float64(0.5475083373465061), 'Min': np.float64(0.0), 'Mean': np.float64(0.0267077842735354), 'Std': np.float64(0.034116279283543424)}
2024-11-17 07:15:18,050 - INFO - Top 10 Mean Stats: {'Max': np.float64(-0.3434642394106463), 'Min': np.float64(-0.48151946066220697), 'Mean': np.float64(-0.4113362322490336), 'Std': np.float64(0.0413483396184705)}
2024-11-17 07:15:18,050 - INFO - Top 10 Std Stats: {'Max': np.float64(0.24750848513362222), 'Min': np.float64(0.16439691462877867), 'Mean': np.float64(0.19230253919526), 'Std': np.float64(0.026933737416095022)}
2024-11-17 07:15:18,050 - INFO - Bottom 10 Mean Stats: {'Max': np.float64(100.0), 'Min': np.float64(84.0), 'Mean': np.float64(93.0), 'Std': np.float64(5.019960159204453)}
2024-11-17 07:15:18,050 - INFO - Bottom 10 Std Stats: {'Max': np.float64(0.0), 'Min': np.float64(0.0), 'Mean': np.float64(0.0), 'Std': np.float64(0.0)}
[I 2024-11-17 07:15:18,069] Trial 429 finished with value: 12.0 and parameters: {'x_0': -1, 'x_1': -1, 'x_2': 3, 'x_3': 1}. Best is trial 362 with value: 1.0.
2024-11-17 07:15:18,089 - INFO - Candidate Mean Stats: {'Max': np.float64(100.0), 'Min': np.float64(-0.5096324006574544), 'Mean': np.float64(1.1950155859105283), 'Std': np.float64(8.056142506632463)}
2024-11-17 07:15:18,089 - INFO - Candidate Std Stats: {'Max': np.float64(0.3107192144561239), 'Min': np.float64(0.0), 'Mean': np.float64(0.024010735823373434), 'Std': np.float64(0.03344931376099988)}
2024-11-17 07:15:18,091 - INFO - Top 10 Mean Stats: {'Max': np.float64(-0.3008370578168722), 'Min': np.float64(-0.5096324006574544), 'Mean': np.float64(-0.422837413961322), 'Std': np.float64(0.0654241886888484)}
2024-11-17 07:15:18,091 - INFO - Top 10 Std Stats: {'Max': np.float64(0.25524839728093546), 'Min': np.float64(0.12703081953353185), 'Mean': np.float64(0.2035090937628301), 'Std': np.float64(0.04211877248292067)}
2024-11-17 07:15:18,091 - INFO - Bottom 10 Mean Stats: {'Max': np.float64(100.0), 'Min': np.float64(91.0), 'Mean': np.float64(95.5), 'Std': np.float64(4.5)}
2024-11-17 07:15:18,091 - INFO - Bottom 10 Std Stats: {'Max': np.float64(0.0), 'Min': np.float64(0.0), 'Mean': np.float64(0.0), 'Std': np.float64(0.0)}
[I 2024-11-17 07:15:18,107] Trial 422 finished with value: 26.0 and parameters: {'x_0': 0, 'x_1': 1, 'x_2': -5, 'x_3': 0}. Best is trial 179 with value: 1.0.
2024-11-17 07:15:18,139 - INFO - Candidate Mean Stats: {'Max': np.float64(91.0), 'Min': np.float64(-0.3403512334997239), 'Mean': np.float64(0.8441725908910593), 'Std': np.float64(6.333634920273667)}
2024-11-17 07:15:18,139 - INFO - Candidate Std Stats: {'Max': np.float64(0.776707989202623), 'Min': np.float64(0.0), 'Mean': np.float64(0.047913962074990726), 'Std': np.float64(0.04681963845243645)}
2024-11-17 07:15:18,140 - INFO - Top 10 Mean Stats: {'Max': np.float64(-0.17189036131299454), 'Min': np.float64(-0.3403512334997239), 'Mean': np.float64(-0.25095389433425325), 'Std': np.float64(0.057449198240559975)}
2024-11-17 07:15:18,140 - INFO - Top 10 Std Stats: {'Max': np.float64(0.776707989202623), 'Min': np.float64(0.21489443022825483), 'Mean': np.float64(0.3834079224990507), 'Std': np.float64(0.16463529038996413)}
2024-11-17 07:15:18,140 - INFO - Bottom 10 Mean Stats: {'Max': np.float64(91.0), 'Min': np.float64(75.0), 'Mean': np.float64(82.7), 'Std': np.float64(4.960846701924985)}
2024-11-17 07:15:18,141 - INFO - Bottom 10 Std Stats: {'Max': np.float64(0.0), 'Min': np.float64(0.0), 'Mean': np.float64(0.0), 'Std': np.float64(0.0)}
[I 2024-11-17 07:15:18,158] Trial 379 finished with value: 75.0 and parameters: {'x_0': -3, 'x_1': 5, 'x_2': -5, 'x_3': -4}. Best is trial 320 with value: 0.0.
2024-11-17 07:15:18,226 - INFO - Candidate Mean Stats: {'Max': np.float64(100.0), 'Min': np.float64(-0.47475478537221305), 'Mean': np.float64(1.0536382043726977), 'Std': np.float64(7.359516120044022)}
2024-11-17 07:15:18,226 - INFO - Candidate Std Stats: {'Max': np.float64(0.4352199329085329), 'Min': np.float64(0.0), 'Mean': np.float64(0.030947284569635993), 'Std': np.float64(0.03751916069135513)}
2024-11-17 07:15:18,228 - INFO - Top 10 Mean Stats: {'Max': np.float64(-0.17736237051244877), 'Min': np.float64(-0.47475478537221305), 'Mean': np.float64(-0.3930790182524333), 'Std': np.float64(0.10716899693705585)}
2024-11-17 07:15:18,228 - INFO - Top 10 Std Stats: {'Max': np.float64(0.3566095860617849), 'Min': np.float64(0.055126605216975336), 'Mean': np.float64(0.1325038831680711), 'Std': np.float64(0.09841315587257292)}
2024-11-17 07:15:18,228 - INFO - Bottom 10 Mean Stats: {'Max': np.float64(100.0), 'Min': np.float64(84.0), 'Mean': np.float64(93.0), 'Std': np.float64(5.019960159204453)}
2024-11-17 07:15:18,228 - INFO - Bottom 10 Std Stats: {'Max': np.float64(0.0), 'Min': np.float64(0.0), 'Mean': np.float64(0.0), 'Std': np.float64(0.0)}
2024-11-17 07:15:18,237 - INFO - Candidate Mean Stats: {'Max': np.float64(100.0), 'Min': np.float64(-0.480394071652052), 'Mean': np.float64(1.1879893802967862), 'Std': np.float64(8.059997176275868)}
2024-11-17 07:15:18,237 - INFO - Candidate Std Stats: {'Max': np.float64(0.45456144676922045), 'Min': np.float64(0.0), 'Mean': np.float64(0.03220151367930696), 'Std': np.float64(0.03931120334315141)}
2024-11-17 07:15:18,239 - INFO - Top 10 Mean Stats: {'Max': np.float64(-0.15722092214219846), 'Min': np.float64(-0.480394071652052), 'Mean': np.float64(-0.30630156235799233), 'Std': np.float64(0.13919627576191246)}
2024-11-17 07:15:18,239 - INFO - Top 10 Std Stats: {'Max': np.float64(0.38136172328221785), 'Min': np.float64(0.10398520551359496), 'Mean': np.float64(0.2499377181347502), 'Std': np.float64(0.12281749006202354)}
2024-11-17 07:15:18,239 - INFO - Bottom 10 Mean Stats: {'Max': np.float64(100.0), 'Min': np.float64(91.0), 'Mean': np.float64(95.5), 'Std': np.float64(4.5)}
2024-11-17 07:15:18,239 - INFO - Bottom 10 Std Stats: {'Max': np.float64(0.0), 'Min': np.float64(0.0), 'Mean': np.float64(0.0), 'Std': np.float64(0.0)}
[I 2024-11-17 07:15:18,246] Trial 430 finished with value: 14.0 and parameters: {'x_0': -1, 'x_1': 2, 'x_2': 3, 'x_3': 0}. Best is trial 362 with value: 1.0.
[I 2024-11-17 07:15:18,257] Trial 423 finished with value: 26.0 and parameters: {'x_0': 0, 'x_1': 1, 'x_2': 4, 'x_3': 3}. Best is trial 179 with value: 1.0.
2024-11-17 07:15:18,387 - INFO - Candidate Mean Stats: {'Max': np.float64(91.0), 'Min': np.float64(-0.2843427374447719), 'Mean': np.float64(0.8530678223392828), 'Std': np.float64(6.362700469334567)}
2024-11-17 07:15:18,387 - INFO - Candidate Mean Stats: {'Max': np.float64(100.0), 'Min': np.float64(-0.3847288287293737), 'Mean': np.float64(1.055848122112648), 'Std': np.float64(7.360141587789583)}
2024-11-17 07:15:18,387 - INFO - Candidate Std Stats: {'Max': np.float64(0.6894815129715269), 'Min': np.float64(0.0), 'Mean': np.float64(0.03668224266257596), 'Std': np.float64(0.046117532564021436)}
2024-11-17 07:15:18,387 - INFO - Candidate Std Stats: {'Max': np.float64(0.6057041006392715), 'Min': np.float64(0.0), 'Mean': np.float64(0.02577923668276417), 'Std': np.float64(0.036387202333669405)}
2024-11-17 07:15:18,388 - INFO - Top 10 Mean Stats: {'Max': np.float64(-0.3027981145794921), 'Min': np.float64(-0.3847288287293737), 'Mean': np.float64(-0.3324273395848617), 'Std': np.float64(0.024646587012696723)}
2024-11-17 07:15:18,388 - INFO - Top 10 Std Stats: {'Max': np.float64(0.3371750423399004), 'Min': np.float64(0.2736922519334845), 'Mean': np.float64(0.2957675934883958), 'Std': np.float64(0.020139215971283552)}
2024-11-17 07:15:18,388 - INFO - Top 10 Mean Stats: {'Max': np.float64(0.1729177016062645), 'Min': np.float64(-0.2843427374447719), 'Mean': np.float64(-0.1686727594777731), 'Std': np.float64(0.12781969245509073)}
2024-11-17 07:15:18,388 - INFO - Top 10 Std Stats: {'Max': np.float64(0.6894815129715269), 'Min': np.float64(0.20842297752154482), 'Mean': np.float64(0.335456725754485), 'Std': np.float64(0.14443457780477234)}
2024-11-17 07:15:18,388 - INFO - Bottom 10 Mean Stats: {'Max': np.float64(100.0), 'Min': np.float64(84.0), 'Mean': np.float64(93.0), 'Std': np.float64(5.019960159204453)}
2024-11-17 07:15:18,388 - INFO - Bottom 10 Std Stats: {'Max': np.float64(0.0), 'Min': np.float64(0.0), 'Mean': np.float64(0.0), 'Std': np.float64(0.0)}
2024-11-17 07:15:18,388 - INFO - Bottom 10 Mean Stats: {'Max': np.float64(91.0), 'Min': np.float64(75.0), 'Mean': np.float64(82.7), 'Std': np.float64(4.960846701924985)}
2024-11-17 07:15:18,389 - INFO - Bottom 10 Std Stats: {'Max': np.float64(0.0), 'Min': np.float64(0.0), 'Mean': np.float64(0.0), 'Std': np.float64(0.0)}
2024-11-17 07:15:18,397 - INFO - Candidate Mean Stats: {'Max': np.float64(100.0), 'Min': np.float64(-0.5581493118497278), 'Mean': np.float64(1.1984536888376116), 'Std': np.float64(8.061363802922868)}
2024-11-17 07:15:18,397 - INFO - Candidate Std Stats: {'Max': np.float64(0.3757855209987475), 'Min': np.float64(0.0), 'Mean': np.float64(0.024512068167981335), 'Std': np.float64(0.03427850453914137)}
2024-11-17 07:15:18,399 - INFO - Top 10 Mean Stats: {'Max': np.float64(-0.3082940536512448), 'Min': np.float64(-0.5581493118497278), 'Mean': np.float64(-0.4125212427216624), 'Std': np.float64(0.09003654576734775)}
2024-11-17 07:15:18,399 - INFO - Top 10 Std Stats: {'Max': np.float64(0.28212363285616643), 'Min': np.float64(0.07504195981567949), 'Mean': np.float64(0.20690349525810964), 'Std': np.float64(0.07923348953782204)}
2024-11-17 07:15:18,399 - INFO - Bottom 10 Mean Stats: {'Max': np.float64(100.0), 'Min': np.float64(91.0), 'Mean': np.float64(95.5), 'Std': np.float64(4.5)}
2024-11-17 07:15:18,399 - INFO - Bottom 10 Std Stats: {'Max': np.float64(0.0), 'Min': np.float64(0.0), 'Mean': np.float64(0.0), 'Std': np.float64(0.0)}
[I 2024-11-17 07:15:18,408] Trial 380 finished with value: 58.0 and parameters: {'x_0': 4, 'x_1': 5, 'x_2': 1, 'x_3': -4}. Best is trial 320 with value: 0.0.
[I 2024-11-17 07:15:18,410] Trial 431 finished with value: 6.0 and parameters: {'x_0': -1, 'x_1': 0, 'x_2': 2, 'x_3': -1}. Best is trial 362 with value: 1.0.
[I 2024-11-17 07:15:18,416] Trial 424 finished with value: 26.0 and parameters: {'x_0': 0, 'x_1': -1, 'x_2': 0, 'x_3': -5}. Best is trial 179 with value: 1.0.
2024-11-17 07:15:18,591 - INFO - Candidate Mean Stats: {'Max': np.float64(100.0), 'Min': np.float64(-0.5284554912920585), 'Mean': np.float64(1.2000480191365261), 'Std': np.float64(8.063983391375375)}
2024-11-17 07:15:18,591 - INFO - Candidate Std Stats: {'Max': np.float64(0.44833345647006784), 'Min': np.float64(0.0), 'Mean': np.float64(0.023780672823549256), 'Std': np.float64(0.03419600720853646)}
2024-11-17 07:15:18,593 - INFO - Top 10 Mean Stats: {'Max': np.float64(-0.2547755712437961), 'Min': np.float64(-0.5284554912920585), 'Mean': np.float64(-0.35842807373671703), 'Std': np.float64(0.08517667723514494)}
2024-11-17 07:15:18,593 - INFO - Top 10 Std Stats: {'Max': np.float64(0.44833345647006784), 'Min': np.float64(0.11376613400897455), 'Mean': np.float64(0.3414832260213674), 'Std': np.float64(0.11837067840820091)}
2024-11-17 07:15:18,593 - INFO - Bottom 10 Mean Stats: {'Max': np.float64(100.0), 'Min': np.float64(91.0), 'Mean': np.float64(95.5), 'Std': np.float64(4.5)}
2024-11-17 07:15:18,593 - INFO - Bottom 10 Std Stats: {'Max': np.float64(0.0), 'Min': np.float64(0.0), 'Mean': np.float64(0.0), 'Std': np.float64(0.0)}
[I 2024-11-17 07:15:18,613] Trial 425 finished with value: 5.0 and parameters: {'x_0': 0, 'x_1': 1, 'x_2': -2, 'x_3': 0}. Best is trial 179 with value: 1.0.
2024-11-17 07:15:18,641 - INFO - Candidate Mean Stats: {'Max': np.float64(100.0), 'Min': np.float64(-0.411134786868595), 'Mean': np.float64(1.0513817765628446), 'Std': np.float64(7.36088650081228)}
2024-11-17 07:15:18,641 - INFO - Candidate Std Stats: {'Max': np.float64(0.6382845372000656), 'Min': np.float64(0.0), 'Mean': np.float64(0.04602219860844852), 'Std': np.float64(0.04547127160344058)}
2024-11-17 07:15:18,643 - INFO - Top 10 Mean Stats: {'Max': np.float64(-0.21941742912348494), 'Min': np.float64(-0.411134786868595), 'Mean': np.float64(-0.3341355978782102), 'Std': np.float64(0.05029274057276677)}
2024-11-17 07:15:18,643 - INFO - Top 10 Std Stats: {'Max': np.float64(0.47225646026950774), 'Min': np.float64(0.19268415086479904), 'Mean': np.float64(0.25268106371461674), 'Std': np.float64(0.0816706568451083)}
2024-11-17 07:15:18,643 - INFO - Bottom 10 Mean Stats: {'Max': np.float64(100.0), 'Min': np.float64(84.0), 'Mean': np.float64(93.0), 'Std': np.float64(5.019960159204453)}
2024-11-17 07:15:18,643 - INFO - Bottom 10 Std Stats: {'Max': np.float64(0.0), 'Min': np.float64(0.0), 'Mean': np.float64(0.0), 'Std': np.float64(0.0)}
[I 2024-11-17 07:15:18,660] Trial 432 finished with value: 43.0 and parameters: {'x_0': -1, 'x_1': -5, 'x_2': -1, 'x_3': 4}. Best is trial 362 with value: 1.0.
2024-11-17 07:15:18,711 - INFO - Candidate Mean Stats: {'Max': np.float64(91.0), 'Min': np.float64(-0.2946139286620344), 'Mean': np.float64(0.8521502374449432), 'Std': np.float64(6.3808329538344255)}
2024-11-17 07:15:18,711 - INFO - Candidate Std Stats: {'Max': np.float64(0.6983201622954844), 'Min': np.float64(0.0), 'Mean': np.float64(0.04122895948576699), 'Std': np.float64(0.04982998743271366)}
2024-11-17 07:15:18,712 - INFO - Top 10 Mean Stats: {'Max': np.float64(0.14346578460830217), 'Min': np.float64(-0.22843683024974903), 'Mean': np.float64(-0.10753678372463893), 'Std': np.float64(0.1124058765332728)}
2024-11-17 07:15:18,712 - INFO - Top 10 Std Stats: {'Max': np.float64(0.6718186447239481), 'Min': np.float64(0.31041075527918993), 'Mean': np.float64(0.4463076078008076), 'Std': np.float64(0.11289772571662952)}
2024-11-17 07:15:18,713 - INFO - Bottom 10 Mean Stats: {'Max': np.float64(91.0), 'Min': np.float64(75.0), 'Mean': np.float64(82.7), 'Std': np.float64(4.960846701924985)}
2024-11-17 07:15:18,713 - INFO - Bottom 10 Std Stats: {'Max': np.float64(0.0), 'Min': np.float64(0.0), 'Mean': np.float64(0.0), 'Std': np.float64(0.0)}
[I 2024-11-17 07:15:18,733] Trial 381 finished with value: 66.0 and parameters: {'x_0': 0, 'x_1': 5, 'x_2': -5, 'x_3': -4}. Best is trial 320 with value: 0.0.
2024-11-17 07:15:18,785 - INFO - Candidate Mean Stats: {'Max': np.float64(100.0), 'Min': np.float64(-0.41660703586920383), 'Mean': np.float64(1.1938574870010843), 'Std': np.float64(8.064968710143255)}
2024-11-17 07:15:18,785 - INFO - Candidate Std Stats: {'Max': np.float64(0.35953760813389846), 'Min': np.float64(0.0), 'Mean': np.float64(0.03789363667435369), 'Std': np.float64(0.03983129289968541)}
2024-11-17 07:15:18,786 - INFO - Top 10 Mean Stats: {'Max': np.float64(-0.130617979057266), 'Min': np.float64(-0.41660703586920383), 'Mean': np.float64(-0.26155023531983124), 'Std': np.float64(0.0921359016560356)}
2024-11-17 07:15:18,786 - INFO - Top 10 Std Stats: {'Max': np.float64(0.3303090201756948), 'Min': np.float64(0.1490943932859049), 'Mean': np.float64(0.23280324227075408), 'Std': np.float64(0.05554867725317832)}
2024-11-17 07:15:18,787 - INFO - Bottom 10 Mean Stats: {'Max': np.float64(100.0), 'Min': np.float64(91.0), 'Mean': np.float64(95.5), 'Std': np.float64(4.5)}
2024-11-17 07:15:18,787 - INFO - Bottom 10 Std Stats: {'Max': np.float64(0.0), 'Min': np.float64(0.0), 'Mean': np.float64(0.0), 'Std': np.float64(0.0)}
[I 2024-11-17 07:15:18,803] Trial 426 finished with value: 26.0 and parameters: {'x_0': 0, 'x_1': -1, 'x_2': 4, 'x_3': -3}. Best is trial 179 with value: 1.0.
2024-11-17 07:15:18,840 - INFO - Candidate Mean Stats: {'Max': np.float64(100.0), 'Min': np.float64(-0.5130968579978086), 'Mean': np.float64(1.0563671762583609), 'Std': np.float64(7.368772324303783)}
2024-11-17 07:15:18,840 - INFO - Candidate Std Stats: {'Max': np.float64(0.47320013906413433), 'Min': np.float64(0.0), 'Mean': np.float64(0.030752843117364217), 'Std': np.float64(0.038388811988771476)}
2024-11-17 07:15:18,841 - INFO - Top 10 Mean Stats: {'Max': np.float64(-0.4350853143364688), 'Min': np.float64(-0.5130968579978086), 'Mean': np.float64(-0.4725410248185157), 'Std': np.float64(0.027457159504743964)}
2024-11-17 07:15:18,841 - INFO - Top 10 Std Stats: {'Max': np.float64(0.12708667331925463), 'Min': np.float64(0.08602806360424564), 'Mean': np.float64(0.10507889602901374), 'Std': np.float64(0.010640858838268975)}
2024-11-17 07:15:18,842 - INFO - Bottom 10 Mean Stats: {'Max': np.float64(100.0), 'Min': np.float64(84.0), 'Mean': np.float64(93.0), 'Std': np.float64(5.019960159204453)}
2024-11-17 07:15:18,842 - INFO - Bottom 10 Std Stats: {'Max': np.float64(0.0), 'Min': np.float64(0.0), 'Mean': np.float64(0.0), 'Std': np.float64(0.0)}
[I 2024-11-17 07:15:18,859] Trial 433 finished with value: 9.0 and parameters: {'x_0': -1, 'x_1': 0, 'x_2': 2, 'x_3': 2}. Best is trial 362 with value: 1.0.
2024-11-17 07:15:18,940 - INFO - Candidate Mean Stats: {'Max': np.float64(100.0), 'Min': np.float64(-0.4882983478028069), 'Mean': np.float64(1.2017808316285166), 'Std': np.float64(8.066694958256857)}
2024-11-17 07:15:18,940 - INFO - Candidate Std Stats: {'Max': np.float64(0.395136815092503), 'Min': np.float64(0.0), 'Mean': np.float64(0.023110481891593263), 'Std': np.float64(0.03268927482057552)}
2024-11-17 07:15:18,941 - INFO - Top 10 Mean Stats: {'Max': np.float64(-0.3335403486908489), 'Min': np.float64(-0.4882983478028069), 'Mean': np.float64(-0.41323357852123743), 'Std': np.float64(0.05564881503491414)}
2024-11-17 07:15:18,941 - INFO - Top 10 Std Stats: {'Max': np.float64(0.2878349762227506), 'Min': np.float64(0.07020424527349957), 'Mean': np.float64(0.23756995344839682), 'Std': np.float64(0.06143284790564206)}
2024-11-17 07:15:18,942 - INFO - Bottom 10 Mean Stats: {'Max': np.float64(100.0), 'Min': np.float64(91.0), 'Mean': np.float64(95.5), 'Std': np.float64(4.5)}
2024-11-17 07:15:18,942 - INFO - Bottom 10 Std Stats: {'Max': np.float64(0.0), 'Min': np.float64(0.0), 'Mean': np.float64(0.0), 'Std': np.float64(0.0)}
