[I 2024-11-17 07:14:12,678] Trial 161 finished with value: 91.0 and parameters: {'x_0': 4, 'x_1': -5, 'x_2': -5, 'x_3': 5}. Best is trial 155 with value: 5.0.
2024-11-17 07:14:12,735 - INFO - Candidate Mean Stats: {'Max': np.float64(75.0), 'Min': np.float64(-0.2607849535007821), 'Mean': np.float64(0.391397194663087), 'Std': np.float64(4.225794870607218)}
2024-11-17 07:14:12,735 - INFO - Candidate Std Stats: {'Max': np.float64(0.503351291788592), 'Min': np.float64(0.0), 'Mean': np.float64(0.06434098114273498), 'Std': np.float64(0.04732288343275802)}
2024-11-17 07:14:12,736 - INFO - Top 10 Mean Stats: {'Max': np.float64(-0.15189866901089247), 'Min': np.float64(-0.2607849535007821), 'Mean': np.float64(-0.186736786977923), 'Std': np.float64(0.02993444750113687)}
2024-11-17 07:14:12,737 - INFO - Top 10 Std Stats: {'Max': np.float64(0.503351291788592), 'Min': np.float64(0.3247081729472314), 'Mean': np.float64(0.3883464174431873), 'Std': np.float64(0.05598925712181141)}
2024-11-17 07:14:12,737 - INFO - Bottom 10 Mean Stats: {'Max': np.float64(75.0), 'Min': np.float64(63.0), 'Mean': np.float64(70.8), 'Std': np.float64(4.284857057125709)}
2024-11-17 07:14:12,737 - INFO - Bottom 10 Std Stats: {'Max': np.float64(0.0), 'Min': np.float64(0.0), 'Mean': np.float64(0.0), 'Std': np.float64(0.0)}
[I 2024-11-17 07:14:12,759] Trial 154 finished with value: 35.0 and parameters: {'x_0': 1, 'x_1': -5, 'x_2': 0, 'x_3': -3}. Best is trial 141 with value: 2.0.
2024-11-17 07:14:12,820 - INFO - Candidate Mean Stats: {'Max': np.float64(84.0), 'Min': np.float64(-0.25876302360455494), 'Mean': np.float64(0.42653288703163916), 'Std': np.float64(4.505635117569246)}
2024-11-17 07:14:12,820 - INFO - Candidate Std Stats: {'Max': np.float64(0.5022642463394851), 'Min': np.float64(0.0), 'Mean': np.float64(0.06763524863725374), 'Std': np.float64(0.04733246925457767)}
2024-11-17 07:14:12,821 - INFO - Top 10 Mean Stats: {'Max': np.float64(-0.1345135251944436), 'Min': np.float64(-0.25876302360455494), 'Mean': np.float64(-0.18837228488472563), 'Std': np.float64(0.037522774121705765)}
2024-11-17 07:14:12,821 - INFO - Top 10 Std Stats: {'Max': np.float64(0.5022642463394851), 'Min': np.float64(0.2692658860920243), 'Mean': np.float64(0.3540458252902135), 'Std': np.float64(0.06353437923833183)}
2024-11-17 07:14:12,822 - INFO - Bottom 10 Mean Stats: {'Max': np.float64(84.0), 'Min': np.float64(68.0), 'Mean': np.float64(74.8), 'Std': np.float64(4.833218389437829)}
2024-11-17 07:14:12,822 - INFO - Bottom 10 Std Stats: {'Max': np.float64(0.0), 'Min': np.float64(0.0), 'Mean': np.float64(0.0), 'Std': np.float64(0.0)}
[I 2024-11-17 07:14:12,839] Trial 159 finished with value: 30.0 and parameters: {'x_0': -3, 'x_1': 1, 'x_2': -2, 'x_3': 4}. Best is trial 76 with value: 7.0.
2024-11-17 07:14:12,916 - INFO - Candidate Mean Stats: {'Max': np.float64(100.0), 'Min': np.float64(-0.2128438005922953), 'Mean': np.float64(0.5791238234796852), 'Std': np.float64(5.983981628224237)}
2024-11-17 07:14:12,916 - INFO - Candidate Std Stats: {'Max': np.float64(0.43522046675650317), 'Min': np.float64(0.0), 'Mean': np.float64(0.05038347463306928), 'Std': np.float64(0.04785999408495332)}
2024-11-17 07:14:12,918 - INFO - Top 10 Mean Stats: {'Max': np.float64(-0.10859306999457992), 'Min': np.float64(-0.2128438005922953), 'Mean': np.float64(-0.16149116102281966), 'Std': np.float64(0.038408730380326196)}
2024-11-17 07:14:12,918 - INFO - Top 10 Std Stats: {'Max': np.float64(0.43522046675650317), 'Min': np.float64(0.26219842584422565), 'Mean': np.float64(0.32846886378175605), 'Std': np.float64(0.059876610483517057)}
2024-11-17 07:14:12,918 - INFO - Bottom 10 Mean Stats: {'Max': np.float64(100.0), 'Min': np.float64(91.0), 'Mean': np.float64(95.5), 'Std': np.float64(4.5)}
2024-11-17 07:14:12,918 - INFO - Bottom 10 Std Stats: {'Max': np.float64(0.0), 'Min': np.float64(0.0), 'Mean': np.float64(0.0), 'Std': np.float64(0.0)}
[I 2024-11-17 07:14:12,931] Trial 162 finished with value: 36.0 and parameters: {'x_0': 1, 'x_1': 1, 'x_2': 3, 'x_3': 5}. Best is trial 155 with value: 5.0.
2024-11-17 07:14:12,993 - INFO - Candidate Mean Stats: {'Max': np.float64(75.0), 'Min': np.float64(-0.21621640449659138), 'Mean': np.float64(0.3936498862864267), 'Std': np.float64(4.235472544658185)}
2024-11-17 07:14:12,993 - INFO - Candidate Std Stats: {'Max': np.float64(0.44544740471265076), 'Min': np.float64(0.0), 'Mean': np.float64(0.0643653625890722), 'Std': np.float64(0.04584835858477476)}
2024-11-17 07:14:12,995 - INFO - Top 10 Mean Stats: {'Max': np.float64(-0.15524069206516367), 'Min': np.float64(-0.21621640449659138), 'Mean': np.float64(-0.18625167385450067), 'Std': np.float64(0.019637000083378285)}
2024-11-17 07:14:12,995 - INFO - Top 10 Std Stats: {'Max': np.float64(0.44544740471265076), 'Min': np.float64(0.316483807850576), 'Mean': np.float64(0.36160601313971497), 'Std': np.float64(0.04007966708250519)}
2024-11-17 07:14:12,995 - INFO - Bottom 10 Mean Stats: {'Max': np.float64(75.0), 'Min': np.float64(63.0), 'Mean': np.float64(70.8), 'Std': np.float64(4.284857057125709)}
2024-11-17 07:14:12,995 - INFO - Bottom 10 Std Stats: {'Max': np.float64(0.0), 'Min': np.float64(0.0), 'Mean': np.float64(0.0), 'Std': np.float64(0.0)}
[I 2024-11-17 07:14:13,010] Trial 155 finished with value: 43.0 and parameters: {'x_0': -5, 'x_1': 0, 'x_2': 3, 'x_3': 3}. Best is trial 141 with value: 2.0.
2024-11-17 07:14:13,119 - INFO - Candidate Mean Stats: {'Max': np.float64(84.0), 'Min': np.float64(-0.23540426615934112), 'Mean': np.float64(0.4285374693629987), 'Std': np.float64(4.512247151408559)}
2024-11-17 07:14:13,119 - INFO - Candidate Std Stats: {'Max': np.float64(0.5248236525943236), 'Min': np.float64(0.0), 'Mean': np.float64(0.059818535520847295), 'Std': np.float64(0.05213018499365256)}
2024-11-17 07:14:13,121 - INFO - Top 10 Mean Stats: {'Max': np.float64(-0.15959586546135257), 'Min': np.float64(-0.23370815831119315), 'Mean': np.float64(-0.2070496196907181), 'Std': np.float64(0.02258881961574183)}
2024-11-17 07:14:13,121 - INFO - Top 10 Std Stats: {'Max': np.float64(0.4464274273639162), 'Min': np.float64(0.29744835568236416), 'Mean': np.float64(0.373653181487548), 'Std': np.float64(0.03808923187218347)}
2024-11-17 07:14:13,121 - INFO - Bottom 10 Mean Stats: {'Max': np.float64(84.0), 'Min': np.float64(68.0), 'Mean': np.float64(74.8), 'Std': np.float64(4.833218389437829)}
2024-11-17 07:14:13,121 - INFO - Bottom 10 Std Stats: {'Max': np.float64(0.0), 'Min': np.float64(0.0), 'Mean': np.float64(0.0), 'Std': np.float64(0.0)}
[I 2024-11-17 07:14:13,135] Trial 160 finished with value: 33.0 and parameters: {'x_0': 5, 'x_1': -2, 'x_2': 2, 'x_3': 0}. Best is trial 76 with value: 7.0.
2024-11-17 07:14:13,180 - INFO - Candidate Mean Stats: {'Max': np.float64(100.0), 'Min': np.float64(-0.24285521639943597), 'Mean': np.float64(0.582045035573506), 'Std': np.float64(5.991096770995608)}
2024-11-17 07:14:13,181 - INFO - Candidate Std Stats: {'Max': np.float64(0.4441401704591814), 'Min': np.float64(0.0), 'Mean': np.float64(0.052057181481645724), 'Std': np.float64(0.049027607249369935)}
2024-11-17 07:14:13,182 - INFO - Top 10 Mean Stats: {'Max': np.float64(-0.1535913607808511), 'Min': np.float64(-0.24285521639943597), 'Mean': np.float64(-0.1963068048963205), 'Std': np.float64(0.029475072066067615)}
2024-11-17 07:14:13,182 - INFO - Top 10 Std Stats: {'Max': np.float64(0.4441401704591814), 'Min': np.float64(0.33890467730334595), 'Mean': np.float64(0.38654123153075765), 'Std': np.float64(0.03610401825756668)}
2024-11-17 07:14:13,182 - INFO - Bottom 10 Mean Stats: {'Max': np.float64(100.0), 'Min': np.float64(91.0), 'Mean': np.float64(95.5), 'Std': np.float64(4.5)}
2024-11-17 07:14:13,182 - INFO - Bottom 10 Std Stats: {'Max': np.float64(0.0), 'Min': np.float64(0.0), 'Mean': np.float64(0.0), 'Std': np.float64(0.0)}
[I 2024-11-17 07:14:13,198] Trial 163 finished with value: 30.0 and parameters: {'x_0': 4, 'x_1': -2, 'x_2': -3, 'x_3': -1}. Best is trial 155 with value: 5.0.
2024-11-17 07:14:13,271 - INFO - Candidate Mean Stats: {'Max': np.float64(75.0), 'Min': np.float64(-0.2693009407436015), 'Mean': np.float64(0.39593533491959326), 'Std': np.float64(4.250137584101597)}
2024-11-17 07:14:13,271 - INFO - Candidate Std Stats: {'Max': np.float64(0.4358000689827793), 'Min': np.float64(0.0), 'Mean': np.float64(0.059593279379308424), 'Std': np.float64(0.04970166612089242)}
2024-11-17 07:14:13,272 - INFO - Top 10 Mean Stats: {'Max': np.float64(-0.1352831921030671), 'Min': np.float64(-0.2693009407436015), 'Mean': np.float64(-0.190169890579869), 'Std': np.float64(0.03825339334061816)}
2024-11-17 07:14:13,272 - INFO - Top 10 Std Stats: {'Max': np.float64(0.4358000689827793), 'Min': np.float64(0.2587548155595264), 'Mean': np.float64(0.34405084539750136), 'Std': np.float64(0.051621625028305945)}
2024-11-17 07:14:13,273 - INFO - Bottom 10 Mean Stats: {'Max': np.float64(75.0), 'Min': np.float64(63.0), 'Mean': np.float64(70.8), 'Std': np.float64(4.284857057125709)}
2024-11-17 07:14:13,273 - INFO - Bottom 10 Std Stats: {'Max': np.float64(0.0), 'Min': np.float64(0.0), 'Mean': np.float64(0.0), 'Std': np.float64(0.0)}
[I 2024-11-17 07:14:13,289] Trial 156 finished with value: 9.0 and parameters: {'x_0': -2, 'x_1': 0, 'x_2': 1, 'x_3': -2}. Best is trial 141 with value: 2.0.
2024-11-17 07:14:13,361 - INFO - Candidate Mean Stats: {'Max': np.float64(84.0), 'Min': np.float64(-0.19915450717927224), 'Mean': np.float64(0.4338690861539809), 'Std': np.float64(4.519966009491032)}
2024-11-17 07:14:13,361 - INFO - Candidate Std Stats: {'Max': np.float64(0.38801590430272875), 'Min': np.float64(0.0), 'Mean': np.float64(0.061159224474245856), 'Std': np.float64(0.04763498151656461)}
2024-11-17 07:14:13,362 - INFO - Top 10 Mean Stats: {'Max': np.float64(-0.1549870743416551), 'Min': np.float64(-0.19815132319898315), 'Mean': np.float64(-0.1740154955361622), 'Std': np.float64(0.013370984502558237)}
2024-11-17 07:14:13,362 - INFO - Top 10 Std Stats: {'Max': np.float64(0.38568870773065933), 'Min': np.float64(0.29903892233351653), 'Mean': np.float64(0.3331919426288812), 'Std': np.float64(0.029136638053852786)}
2024-11-17 07:14:13,362 - INFO - Bottom 10 Mean Stats: {'Max': np.float64(84.0), 'Min': np.float64(68.0), 'Mean': np.float64(74.8), 'Std': np.float64(4.833218389437829)}
2024-11-17 07:14:13,362 - INFO - Bottom 10 Std Stats: {'Max': np.float64(0.0), 'Min': np.float64(0.0), 'Mean': np.float64(0.0), 'Std': np.float64(0.0)}
[I 2024-11-17 07:14:13,376] Trial 161 finished with value: 46.0 and parameters: {'x_0': 1, 'x_1': 2, 'x_2': -5, 'x_3': -4}. Best is trial 76 with value: 7.0.
2024-11-17 07:14:13,453 - INFO - Candidate Mean Stats: {'Max': np.float64(100.0), 'Min': np.float64(-0.18427671133409054), 'Mean': np.float64(0.5860044794363233), 'Std': np.float64(5.995849583179653)}
2024-11-17 07:14:13,454 - INFO - Candidate Std Stats: {'Max': np.float64(0.40898690333987375), 'Min': np.float64(0.0), 'Mean': np.float64(0.052640333301399465), 'Std': np.float64(0.04432681374948215)}
2024-11-17 07:14:13,455 - INFO - Top 10 Mean Stats: {'Max': np.float64(-0.0909287456803259), 'Min': np.float64(-0.18427671133409054), 'Mean': np.float64(-0.14679242044337096), 'Std': np.float64(0.029206403480494494)}
2024-11-17 07:14:13,455 - INFO - Top 10 Std Stats: {'Max': np.float64(0.39735347839684265), 'Min': np.float64(0.28061409891496464), 'Mean': np.float64(0.330401603363545), 'Std': np.float64(0.034962397011816713)}
2024-11-17 07:14:13,456 - INFO - Bottom 10 Mean Stats: {'Max': np.float64(100.0), 'Min': np.float64(91.0), 'Mean': np.float64(95.5), 'Std': np.float64(4.5)}
2024-11-17 07:14:13,456 - INFO - Bottom 10 Std Stats: {'Max': np.float64(0.0), 'Min': np.float64(0.0), 'Mean': np.float64(0.0), 'Std': np.float64(0.0)}
[I 2024-11-17 07:14:13,471] Trial 164 finished with value: 14.0 and parameters: {'x_0': 1, 'x_1': 2, 'x_2': 0, 'x_3': 3}. Best is trial 155 with value: 5.0.
2024-11-17 07:14:13,550 - INFO - Candidate Mean Stats: {'Max': np.float64(75.0), 'Min': np.float64(-0.25637623367362933), 'Mean': np.float64(0.39726531584105823), 'Std': np.float64(4.250665930593934)}
2024-11-17 07:14:13,550 - INFO - Candidate Std Stats: {'Max': np.float64(0.5188404356659393), 'Min': np.float64(0.0), 'Mean': np.float64(0.06047288636372319), 'Std': np.float64(0.04960005832414551)}
2024-11-17 07:14:13,551 - INFO - Top 10 Mean Stats: {'Max': np.float64(-0.12195443376012463), 'Min': np.float64(-0.23247244245101636), 'Mean': np.float64(-0.18417762335947668), 'Std': np.float64(0.031179876362556147)}
2024-11-17 07:14:13,551 - INFO - Top 10 Std Stats: {'Max': np.float64(0.5188404356659393), 'Min': np.float64(0.30903173897262853), 'Mean': np.float64(0.4064387666080944), 'Std': np.float64(0.06710254378809556)}
2024-11-17 07:14:13,551 - INFO - Bottom 10 Mean Stats: {'Max': np.float64(75.0), 'Min': np.float64(63.0), 'Mean': np.float64(70.8), 'Std': np.float64(4.284857057125709)}
2024-11-17 07:14:13,551 - INFO - Bottom 10 Std Stats: {'Max': np.float64(0.0), 'Min': np.float64(0.0), 'Mean': np.float64(0.0), 'Std': np.float64(0.0)}
[I 2024-11-17 07:14:13,566] Trial 157 finished with value: 6.0 and parameters: {'x_0': -1, 'x_1': 2, 'x_2': -1, 'x_3': 0}. Best is trial 141 with value: 2.0.
2024-11-17 07:14:13,612 - INFO - Candidate Mean Stats: {'Max': np.float64(84.0), 'Min': np.float64(-0.2657783251887413), 'Mean': np.float64(0.43492281357462964), 'Std': np.float64(4.53584344229708)}
2024-11-17 07:14:13,612 - INFO - Candidate Std Stats: {'Max': np.float64(0.5376890872706883), 'Min': np.float64(0.0), 'Mean': np.float64(0.06606986542699711), 'Std': np.float64(0.04609070840632622)}
2024-11-17 07:14:13,613 - INFO - Top 10 Mean Stats: {'Max': np.float64(-0.16682350244574531), 'Min': np.float64(-0.2657783251887413), 'Mean': np.float64(-0.204662253601682), 'Std': np.float64(0.03324951869817943)}
2024-11-17 07:14:13,613 - INFO - Top 10 Std Stats: {'Max': np.float64(0.48399620457016207), 'Min': np.float64(0.29895526626633534), 'Mean': np.float64(0.4037089394856629), 'Std': np.float64(0.05536903337010891)}
2024-11-17 07:14:13,613 - INFO - Bottom 10 Mean Stats: {'Max': np.float64(84.0), 'Min': np.float64(68.0), 'Mean': np.float64(74.8), 'Std': np.float64(4.833218389437829)}
2024-11-17 07:14:13,613 - INFO - Bottom 10 Std Stats: {'Max': np.float64(0.0), 'Min': np.float64(0.0), 'Mean': np.float64(0.0), 'Std': np.float64(0.0)}
[I 2024-11-17 07:14:13,628] Trial 162 finished with value: 12.0 and parameters: {'x_0': 2, 'x_1': -2, 'x_2': 0, 'x_3': -2}. Best is trial 76 with value: 7.0.
2024-11-17 07:14:13,730 - INFO - Candidate Mean Stats: {'Max': np.float64(100.0), 'Min': np.float64(-0.2314968572126021), 'Mean': np.float64(0.5826420087559817), 'Std': np.float64(5.997268866603896)}
2024-11-17 07:14:13,731 - INFO - Candidate Std Stats: {'Max': np.float64(0.508951389020868), 'Min': np.float64(0.0), 'Mean': np.float64(0.054365118002825646), 'Std': np.float64(0.04912731962165788)}
2024-11-17 07:14:13,732 - INFO - Top 10 Mean Stats: {'Max': np.float64(-0.11009491895824511), 'Min': np.float64(-0.2314968572126021), 'Mean': np.float64(-0.18400116421727275), 'Std': np.float64(0.030818134384531397)}
2024-11-17 07:14:13,732 - INFO - Top 10 Std Stats: {'Max': np.float64(0.42469224346326456), 'Min': np.float64(0.3174036610891137), 'Mean': np.float64(0.3701069160423154), 'Std': np.float64(0.030811228794925396)}
2024-11-17 07:14:13,732 - INFO - Bottom 10 Mean Stats: {'Max': np.float64(100.0), 'Min': np.float64(91.0), 'Mean': np.float64(95.5), 'Std': np.float64(4.5)}
2024-11-17 07:14:13,732 - INFO - Bottom 10 Std Stats: {'Max': np.float64(0.0), 'Min': np.float64(0.0), 'Mean': np.float64(0.0), 'Std': np.float64(0.0)}
[I 2024-11-17 07:14:13,746] Trial 165 finished with value: 35.0 and parameters: {'x_0': -3, 'x_1': 0, 'x_2': 5, 'x_3': 1}. Best is trial 155 with value: 5.0.
2024-11-17 07:14:13,854 - INFO - Candidate Mean Stats: {'Max': np.float64(75.0), 'Min': np.float64(-0.2580735649913909), 'Mean': np.float64(0.3965319988668078), 'Std': np.float64(4.251034892560938)}
2024-11-17 07:14:13,854 - INFO - Candidate Std Stats: {'Max': np.float64(0.4363069656239421), 'Min': np.float64(0.0), 'Mean': np.float64(0.06400608280485424), 'Std': np.float64(0.046833122490650345)}
2024-11-17 07:14:13,855 - INFO - Top 10 Mean Stats: {'Max': np.float64(-0.1372073104444143), 'Min': np.float64(-0.2580735649913909), 'Mean': np.float64(-0.19380200818127863), 'Std': np.float64(0.039530440647088154)}
2024-11-17 07:14:13,855 - INFO - Top 10 Std Stats: {'Max': np.float64(0.43152494557040505), 'Min': np.float64(0.28029020201772414), 'Mean': np.float64(0.3597230621458466), 'Std': np.float64(0.04348813484805904)}
2024-11-17 07:14:13,856 - INFO - Bottom 10 Mean Stats: {'Max': np.float64(75.0), 'Min': np.float64(63.0), 'Mean': np.float64(70.8), 'Std': np.float64(4.284857057125709)}
2024-11-17 07:14:13,856 - INFO - Bottom 10 Std Stats: {'Max': np.float64(0.0), 'Min': np.float64(0.0), 'Mean': np.float64(0.0), 'Std': np.float64(0.0)}
[I 2024-11-17 07:14:13,871] Trial 158 finished with value: 35.0 and parameters: {'x_0': -3, 'x_1': -5, 'x_2': -1, 'x_3': 0}. Best is trial 141 with value: 2.0.
2024-11-17 07:14:13,881 - INFO - Candidate Mean Stats: {'Max': np.float64(84.0), 'Min': np.float64(-0.24215711906883403), 'Mean': np.float64(0.4331454155479904), 'Std': np.float64(4.537083500754657)}
2024-11-17 07:14:13,881 - INFO - Candidate Std Stats: {'Max': np.float64(0.5073490240567747), 'Min': np.float64(0.0), 'Mean': np.float64(0.06347339520892895), 'Std': np.float64(0.04697358629561997)}
2024-11-17 07:14:13,883 - INFO - Top 10 Mean Stats: {'Max': np.float64(-0.1540771039921063), 'Min': np.float64(-0.24215711906883403), 'Mean': np.float64(-0.17964407225886236), 'Std': np.float64(0.025485590436918854)}
2024-11-17 07:14:13,883 - INFO - Top 10 Std Stats: {'Max': np.float64(0.5073490240567747), 'Min': np.float64(0.3064794000314729), 'Mean': np.float64(0.36875991364975597), 'Std': np.float64(0.052988882003150044)}
2024-11-17 07:14:13,884 - INFO - Bottom 10 Mean Stats: {'Max': np.float64(84.0), 'Min': np.float64(68.0), 'Mean': np.float64(74.8), 'Std': np.float64(4.833218389437829)}
2024-11-17 07:14:13,884 - INFO - Bottom 10 Std Stats: {'Max': np.float64(0.0), 'Min': np.float64(0.0), 'Mean': np.float64(0.0), 'Std': np.float64(0.0)}
[I 2024-11-17 07:14:13,899] Trial 163 finished with value: 19.0 and parameters: {'x_0': 1, 'x_1': 0, 'x_2': -3, 'x_3': -3}. Best is trial 76 with value: 7.0.
2024-11-17 07:14:14,006 - INFO - Candidate Mean Stats: {'Max': np.float64(100.0), 'Min': np.float64(-0.20375473251345116), 'Mean': np.float64(0.5862916065461486), 'Std': np.float64(6.003889713396421)}
2024-11-17 07:14:14,007 - INFO - Candidate Std Stats: {'Max': np.float64(0.5975363187633504), 'Min': np.float64(0.0), 'Mean': np.float64(0.0529538897858413), 'Std': np.float64(0.046969918030213935)}
2024-11-17 07:14:14,008 - INFO - Top 10 Mean Stats: {'Max': np.float64(-0.10457905540435349), 'Min': np.float64(-0.20375473251345116), 'Mean': np.float64(-0.15477880313721873), 'Std': np.float64(0.03180295022096472)}
2024-11-17 07:14:14,008 - INFO - Top 10 Std Stats: {'Max': np.float64(0.5975363187633504), 'Min': np.float64(0.2537671435372203), 'Mean': np.float64(0.3611114456398325), 'Std': np.float64(0.09077983968064136)}
2024-11-17 07:14:14,008 - INFO - Bottom 10 Mean Stats: {'Max': np.float64(100.0), 'Min': np.float64(91.0), 'Mean': np.float64(95.5), 'Std': np.float64(4.5)}
2024-11-17 07:14:14,008 - INFO - Bottom 10 Std Stats: {'Max': np.float64(0.0), 'Min': np.float64(0.0), 'Mean': np.float64(0.0), 'Std': np.float64(0.0)}
