[I 2024-11-17 07:14:09,977] Trial 143 finished with value: 59.0 and parameters: {'x_0': -4, 'x_1': -5, 'x_2': -3, 'x_3': 3}. Best is trial 141 with value: 2.0.
2024-11-17 07:14:09,986 - INFO - Candidate Mean Stats: {'Max': np.float64(84.0), 'Min': np.float64(-0.25683370579165177), 'Mean': np.float64(0.398330930858803), 'Std': np.float64(4.341652884546439)}
2024-11-17 07:14:09,986 - INFO - Candidate Std Stats: {'Max': np.float64(0.46290679287063136), 'Min': np.float64(0.0), 'Mean': np.float64(0.06195253417748468), 'Std': np.float64(0.0470660744250691)}
2024-11-17 07:14:09,988 - INFO - Top 10 Mean Stats: {'Max': np.float64(-0.15983998585832285), 'Min': np.float64(-0.25683370579165177), 'Mean': np.float64(-0.1983617648014867), 'Std': np.float64(0.02533440136720511)}
2024-11-17 07:14:09,988 - INFO - Top 10 Std Stats: {'Max': np.float64(0.4361210941281904), 'Min': np.float64(0.30996612929883605), 'Mean': np.float64(0.3672314980232178), 'Std': np.float64(0.039044963850197276)}
2024-11-17 07:14:09,988 - INFO - Bottom 10 Mean Stats: {'Max': np.float64(84.0), 'Min': np.float64(66.0), 'Mean': np.float64(73.6), 'Std': np.float64(5.782732917920384)}
2024-11-17 07:14:09,988 - INFO - Bottom 10 Std Stats: {'Max': np.float64(0.0), 'Min': np.float64(0.0), 'Mean': np.float64(0.0), 'Std': np.float64(0.0)}
[I 2024-11-17 07:14:10,001] Trial 148 finished with value: 15.0 and parameters: {'x_0': 1, 'x_1': 2, 'x_2': 3, 'x_3': 1}. Best is trial 76 with value: 7.0.
2024-11-17 07:14:10,103 - INFO - Candidate Mean Stats: {'Max': np.float64(100.0), 'Min': np.float64(-0.29756384761927857), 'Mean': np.float64(0.5210085616737193), 'Std': np.float64(5.605123289706484)}
2024-11-17 07:14:10,103 - INFO - Candidate Std Stats: {'Max': np.float64(0.6080932029605242), 'Min': np.float64(0.0), 'Mean': np.float64(0.05792277703336307), 'Std': np.float64(0.04658223839792115)}
2024-11-17 07:14:10,105 - INFO - Top 10 Mean Stats: {'Max': np.float64(-0.17725110624098572), 'Min': np.float64(-0.29756384761927857), 'Mean': np.float64(-0.22080136491832109), 'Std': np.float64(0.043187260839934766)}
2024-11-17 07:14:10,105 - INFO - Top 10 Std Stats: {'Max': np.float64(0.6080932029605242), 'Min': np.float64(0.3314974454560449), 'Mean': np.float64(0.4233388493684842), 'Std': np.float64(0.08127172622262345)}
2024-11-17 07:14:10,105 - INFO - Bottom 10 Mean Stats: {'Max': np.float64(100.0), 'Min': np.float64(91.0), 'Mean': np.float64(95.5), 'Std': np.float64(4.5)}
2024-11-17 07:14:10,105 - INFO - Bottom 10 Std Stats: {'Max': np.float64(0.0), 'Min': np.float64(0.0), 'Mean': np.float64(0.0), 'Std': np.float64(0.0)}
[I 2024-11-17 07:14:10,121] Trial 151 finished with value: 66.0 and parameters: {'x_0': -5, 'x_1': 4, 'x_2': -4, 'x_3': -3}. Best is trial 84 with value: 10.0.
2024-11-17 07:14:10,210 - INFO - Candidate Mean Stats: {'Max': np.float64(75.0), 'Min': np.float64(-0.2345441612343367), 'Mean': np.float64(0.365345283240921), 'Std': np.float64(4.091425750843834)}
2024-11-17 07:14:10,210 - INFO - Candidate Std Stats: {'Max': np.float64(0.45997216289470677), 'Min': np.float64(0.0), 'Mean': np.float64(0.06181337397384837), 'Std': np.float64(0.04697829475920003)}
2024-11-17 07:14:10,211 - INFO - Top 10 Mean Stats: {'Max': np.float64(-0.11489709439366995), 'Min': np.float64(-0.2345441612343367), 'Mean': np.float64(-0.17582605934113887), 'Std': np.float64(0.03793467871019773)}
2024-11-17 07:14:10,211 - INFO - Top 10 Std Stats: {'Max': np.float64(0.45997216289470677), 'Min': np.float64(0.2492631705791582), 'Mean': np.float64(0.3195050593073498), 'Std': np.float64(0.05613365716809071)}
2024-11-17 07:14:10,211 - INFO - Bottom 10 Mean Stats: {'Max': np.float64(75.0), 'Min': np.float64(63.0), 'Mean': np.float64(70.8), 'Std': np.float64(4.284857057125709)}
2024-11-17 07:14:10,211 - INFO - Bottom 10 Std Stats: {'Max': np.float64(0.0), 'Min': np.float64(0.0), 'Mean': np.float64(0.0), 'Std': np.float64(0.0)}
2024-11-17 07:14:10,221 - INFO - Candidate Mean Stats: {'Max': np.float64(84.0), 'Min': np.float64(-0.23285475145170156), 'Mean': np.float64(0.39818521955240943), 'Std': np.float64(4.343441972636586)}
2024-11-17 07:14:10,221 - INFO - Candidate Std Stats: {'Max': np.float64(0.48303801216549436), 'Min': np.float64(0.0), 'Mean': np.float64(0.06288192963712744), 'Std': np.float64(0.04959352110423519)}
2024-11-17 07:14:10,223 - INFO - Top 10 Mean Stats: {'Max': np.float64(-0.09871339808190427), 'Min': np.float64(-0.20713509073934397), 'Mean': np.float64(-0.17308347101870641), 'Std': np.float64(0.0309645668082754)}
2024-11-17 07:14:10,223 - INFO - Top 10 Std Stats: {'Max': np.float64(0.3921849606534849), 'Min': np.float64(0.2568976966313937), 'Mean': np.float64(0.3194800080501405), 'Std': np.float64(0.05083495749612676)}
2024-11-17 07:14:10,223 - INFO - Bottom 10 Mean Stats: {'Max': np.float64(84.0), 'Min': np.float64(66.0), 'Mean': np.float64(73.6), 'Std': np.float64(5.782732917920384)}
2024-11-17 07:14:10,223 - INFO - Bottom 10 Std Stats: {'Max': np.float64(0.0), 'Min': np.float64(0.0), 'Mean': np.float64(0.0), 'Std': np.float64(0.0)}
[I 2024-11-17 07:14:10,226] Trial 144 finished with value: 14.0 and parameters: {'x_0': -2, 'x_1': 0, 'x_2': 1, 'x_3': -3}. Best is trial 141 with value: 2.0.
[I 2024-11-17 07:14:10,237] Trial 149 finished with value: 11.0 and parameters: {'x_0': 1, 'x_1': 1, 'x_2': 0, 'x_3': 3}. Best is trial 76 with value: 7.0.
2024-11-17 07:14:10,351 - INFO - Candidate Mean Stats: {'Max': np.float64(100.0), 'Min': np.float64(-0.2122188057942455), 'Mean': np.float64(0.527894309010023), 'Std': np.float64(5.630958525078869)}
2024-11-17 07:14:10,351 - INFO - Candidate Std Stats: {'Max': np.float64(0.6072351603606918), 'Min': np.float64(0.0), 'Mean': np.float64(0.053481202606585315), 'Std': np.float64(0.04619426649033104)}
2024-11-17 07:14:10,353 - INFO - Top 10 Mean Stats: {'Max': np.float64(0.022852612105610345), 'Min': np.float64(-0.2122188057942455), 'Mean': np.float64(-0.13597875044907448), 'Std': np.float64(0.08095529393962937)}
2024-11-17 07:14:10,353 - INFO - Top 10 Std Stats: {'Max': np.float64(0.5896710652084596), 'Min': np.float64(0.34331018228703836), 'Mean': np.float64(0.45265474852381926), 'Std': np.float64(0.08974544360980574)}
2024-11-17 07:14:10,353 - INFO - Bottom 10 Mean Stats: {'Max': np.float64(100.0), 'Min': np.float64(91.0), 'Mean': np.float64(95.5), 'Std': np.float64(4.5)}
2024-11-17 07:14:10,353 - INFO - Bottom 10 Std Stats: {'Max': np.float64(0.0), 'Min': np.float64(0.0), 'Mean': np.float64(0.0), 'Std': np.float64(0.0)}
[I 2024-11-17 07:14:10,367] Trial 152 finished with value: 76.0 and parameters: {'x_0': 5, 'x_1': -1, 'x_2': -5, 'x_3': 5}. Best is trial 84 with value: 10.0.
2024-11-17 07:14:10,425 - INFO - Candidate Mean Stats: {'Max': np.float64(75.0), 'Min': np.float64(-0.25437246761100824), 'Mean': np.float64(0.36682664339204546), 'Std': np.float64(4.092939633170476)}
2024-11-17 07:14:10,425 - INFO - Candidate Std Stats: {'Max': np.float64(0.5225787236613056), 'Min': np.float64(0.0), 'Mean': np.float64(0.061501165351527165), 'Std': np.float64(0.04978217400514183)}
2024-11-17 07:14:10,426 - INFO - Top 10 Mean Stats: {'Max': np.float64(-0.18554874702333418), 'Min': np.float64(-0.25437246761100824), 'Mean': np.float64(-0.21343006629759378), 'Std': np.float64(0.02621171048918277)}
2024-11-17 07:14:10,426 - INFO - Top 10 Std Stats: {'Max': np.float64(0.4773760328317243), 'Min': np.float64(0.3860235032112385), 'Mean': np.float64(0.4278983695684837), 'Std': np.float64(0.03178898626223967)}
2024-11-17 07:14:10,426 - INFO - Bottom 10 Mean Stats: {'Max': np.float64(75.0), 'Min': np.float64(63.0), 'Mean': np.float64(70.8), 'Std': np.float64(4.284857057125709)}
2024-11-17 07:14:10,426 - INFO - Bottom 10 Std Stats: {'Max': np.float64(0.0), 'Min': np.float64(0.0), 'Mean': np.float64(0.0), 'Std': np.float64(0.0)}
[I 2024-11-17 07:14:10,441] Trial 145 finished with value: 20.0 and parameters: {'x_0': 3, 'x_1': 1, 'x_2': -3, 'x_3': 1}. Best is trial 141 with value: 2.0.
2024-11-17 07:14:10,504 - INFO - Candidate Mean Stats: {'Max': np.float64(84.0), 'Min': np.float64(-0.240783762259723), 'Mean': np.float64(0.39865506249724064), 'Std': np.float64(4.344343018260437)}
2024-11-17 07:14:10,504 - INFO - Candidate Std Stats: {'Max': np.float64(0.5227121109104655), 'Min': np.float64(0.0), 'Mean': np.float64(0.06266317073114183), 'Std': np.float64(0.04591252574892515)}
2024-11-17 07:14:10,506 - INFO - Top 10 Mean Stats: {'Max': np.float64(-0.10043527768660479), 'Min': np.float64(-0.240783762259723), 'Mean': np.float64(-0.159906571672437), 'Std': np.float64(0.03621773565756152)}
2024-11-17 07:14:10,506 - INFO - Top 10 Std Stats: {'Max': np.float64(0.4618868028412471), 'Min': np.float64(0.30388247516667716), 'Mean': np.float64(0.36241829945236487), 'Std': np.float64(0.052344855306220364)}
2024-11-17 07:14:10,506 - INFO - Bottom 10 Mean Stats: {'Max': np.float64(84.0), 'Min': np.float64(66.0), 'Mean': np.float64(73.6), 'Std': np.float64(5.782732917920384)}
2024-11-17 07:14:10,507 - INFO - Bottom 10 Std Stats: {'Max': np.float64(0.0), 'Min': np.float64(0.0), 'Mean': np.float64(0.0), 'Std': np.float64(0.0)}
[I 2024-11-17 07:14:10,526] Trial 150 finished with value: 70.0 and parameters: {'x_0': -5, 'x_1': 4, 'x_2': -5, 'x_3': -2}. Best is trial 76 with value: 7.0.
2024-11-17 07:14:10,580 - INFO - Candidate Mean Stats: {'Max': np.float64(100.0), 'Min': np.float64(-0.17495577050781852), 'Mean': np.float64(0.5328845080683169), 'Std': np.float64(5.6654169733443185)}
2024-11-17 07:14:10,580 - INFO - Candidate Std Stats: {'Max': np.float64(0.7968940329064591), 'Min': np.float64(0.0), 'Mean': np.float64(0.046435664174410855), 'Std': np.float64(0.042753053130248325)}
2024-11-17 07:14:10,582 - INFO - Top 10 Mean Stats: {'Max': np.float64(0.1783412863570028), 'Min': np.float64(-0.17495577050781852), 'Mean': np.float64(-0.10811577135231479), 'Std': np.float64(0.09762676819697014)}
2024-11-17 07:14:10,582 - INFO - Top 10 Std Stats: {'Max': np.float64(0.7968940329064591), 'Min': np.float64(0.29662074648436376), 'Mean': np.float64(0.38406554073981647), 'Std': np.float64(0.14088945266759767)}
2024-11-17 07:14:10,582 - INFO - Bottom 10 Mean Stats: {'Max': np.float64(100.0), 'Min': np.float64(91.0), 'Mean': np.float64(95.5), 'Std': np.float64(4.5)}
2024-11-17 07:14:10,582 - INFO - Bottom 10 Std Stats: {'Max': np.float64(0.0), 'Min': np.float64(0.0), 'Mean': np.float64(0.0), 'Std': np.float64(0.0)}
[I 2024-11-17 07:14:10,598] Trial 153 finished with value: 75.0 and parameters: {'x_0': 0, 'x_1': -5, 'x_2': -5, 'x_3': 5}. Best is trial 84 with value: 10.0.
2024-11-17 07:14:10,695 - INFO - Candidate Mean Stats: {'Max': np.float64(75.0), 'Min': np.float64(-0.2355164372684957), 'Mean': np.float64(0.3700051766598349), 'Std': np.float64(4.095979164031994)}
2024-11-17 07:14:10,695 - INFO - Candidate Std Stats: {'Max': np.float64(0.46810251630468636), 'Min': np.float64(0.0), 'Mean': np.float64(0.06244412046246359), 'Std': np.float64(0.04852910239588409)}
2024-11-17 07:14:10,696 - INFO - Top 10 Mean Stats: {'Max': np.float64(-0.0660150862959274), 'Min': np.float64(-0.2355164372684957), 'Mean': np.float64(-0.16615849937218333), 'Std': np.float64(0.049135433688066076)}
2024-11-17 07:14:10,696 - INFO - Top 10 Std Stats: {'Max': np.float64(0.46810251630468636), 'Min': np.float64(0.24471172779928102), 'Mean': np.float64(0.3272189732945689), 'Std': np.float64(0.06890663303264574)}
2024-11-17 07:14:10,696 - INFO - Bottom 10 Mean Stats: {'Max': np.float64(75.0), 'Min': np.float64(63.0), 'Mean': np.float64(70.8), 'Std': np.float64(4.284857057125709)}
2024-11-17 07:14:10,697 - INFO - Bottom 10 Std Stats: {'Max': np.float64(0.0), 'Min': np.float64(0.0), 'Mean': np.float64(0.0), 'Std': np.float64(0.0)}
[I 2024-11-17 07:14:10,711] Trial 146 finished with value: 42.0 and parameters: {'x_0': -4, 'x_1': 1, 'x_2': 3, 'x_3': 4}. Best is trial 141 with value: 2.0.
2024-11-17 07:14:10,737 - INFO - Candidate Mean Stats: {'Max': np.float64(84.0), 'Min': np.float64(-0.35922957685795026), 'Mean': np.float64(0.40358688272513527), 'Std': np.float64(4.382257956135457)}
2024-11-17 07:14:10,737 - INFO - Candidate Std Stats: {'Max': np.float64(0.5387356202788636), 'Min': np.float64(0.0), 'Mean': np.float64(0.06274747607100341), 'Std': np.float64(0.05153329631822752)}
2024-11-17 07:14:10,738 - INFO - Top 10 Mean Stats: {'Max': np.float64(-0.12427026597569764), 'Min': np.float64(-0.35922957685795026), 'Mean': np.float64(-0.2171214954458589), 'Std': np.float64(0.05995118024792257)}
2024-11-17 07:14:10,738 - INFO - Top 10 Std Stats: {'Max': np.float64(0.5387356202788636), 'Min': np.float64(0.32496221233269773), 'Mean': np.float64(0.39756582116383393), 'Std': np.float64(0.05582342775521262)}
2024-11-17 07:14:10,739 - INFO - Bottom 10 Mean Stats: {'Max': np.float64(84.0), 'Min': np.float64(67.0), 'Mean': np.float64(74.0), 'Std': np.float64(5.366563145999495)}
2024-11-17 07:14:10,739 - INFO - Bottom 10 Std Stats: {'Max': np.float64(0.0), 'Min': np.float64(0.0), 'Mean': np.float64(0.0), 'Std': np.float64(0.0)}
[I 2024-11-17 07:14:10,755] Trial 151 finished with value: 31.0 and parameters: {'x_0': 5, 'x_1': 2, 'x_2': 1, 'x_3': 1}. Best is trial 76 with value: 7.0.
2024-11-17 07:14:10,881 - INFO - Candidate Mean Stats: {'Max': np.float64(100.0), 'Min': np.float64(-0.41909488497000114), 'Mean': np.float64(0.5365448506392902), 'Std': np.float64(5.6988709664961625)}
2024-11-17 07:14:10,881 - INFO - Candidate Std Stats: {'Max': np.float64(1.016786208503788), 'Min': np.float64(0.0), 'Mean': np.float64(0.06007304475565769), 'Std': np.float64(0.04666558123619983)}
2024-11-17 07:14:10,883 - INFO - Top 10 Mean Stats: {'Max': np.float64(0.19545147026339796), 'Min': np.float64(-0.41909488497000114), 'Mean': np.float64(-0.11064397642851231), 'Std': np.float64(0.16485734862999696)}
2024-11-17 07:14:10,883 - INFO - Top 10 Std Stats: {'Max': np.float64(1.016786208503788), 'Min': np.float64(0.23225623365044246), 'Mean': np.float64(0.4429565177027025), 'Std': np.float64(0.24128467992629787)}
2024-11-17 07:14:10,883 - INFO - Bottom 10 Mean Stats: {'Max': np.float64(100.0), 'Min': np.float64(91.0), 'Mean': np.float64(95.5), 'Std': np.float64(4.5)}
2024-11-17 07:14:10,883 - INFO - Bottom 10 Std Stats: {'Max': np.float64(0.0), 'Min': np.float64(0.0), 'Mean': np.float64(0.0), 'Std': np.float64(0.0)}
[I 2024-11-17 07:14:10,947] Trial 154 finished with value: 84.0 and parameters: {'x_0': 5, 'x_1': -5, 'x_2': 3, 'x_3': 5}. Best is trial 84 with value: 10.0.
2024-11-17 07:14:10,995 - INFO - Candidate Mean Stats: {'Max': np.float64(75.0), 'Min': np.float64(-0.32484163879280603), 'Mean': np.float64(0.37051441424118603), 'Std': np.float64(4.110626263749249)}
2024-11-17 07:14:10,995 - INFO - Candidate Std Stats: {'Max': np.float64(0.45028531298026886), 'Min': np.float64(0.0), 'Mean': np.float64(0.06429218619232087), 'Std': np.float64(0.04762147609806478)}
2024-11-17 07:14:10,996 - INFO - Top 10 Mean Stats: {'Max': np.float64(-0.16347909327883248), 'Min': np.float64(-0.32484163879280603), 'Mean': np.float64(-0.20494813733530176), 'Std': np.float64(0.04495161463944993)}
2024-11-17 07:14:10,997 - INFO - Top 10 Std Stats: {'Max': np.float64(0.42923773018958133), 'Min': np.float64(0.33626428237040645), 'Mean': np.float64(0.37358158882817405), 'Std': np.float64(0.03429899997278087)}
2024-11-17 07:14:10,997 - INFO - Bottom 10 Mean Stats: {'Max': np.float64(75.0), 'Min': np.float64(63.0), 'Mean': np.float64(70.8), 'Std': np.float64(4.284857057125709)}
2024-11-17 07:14:10,997 - INFO - Bottom 10 Std Stats: {'Max': np.float64(0.0), 'Min': np.float64(0.0), 'Mean': np.float64(0.0), 'Std': np.float64(0.0)}
[I 2024-11-17 07:14:11,012] Trial 147 finished with value: 27.0 and parameters: {'x_0': 1, 'x_1': -5, 'x_2': 1, 'x_3': 0}. Best is trial 141 with value: 2.0.
2024-11-17 07:14:11,082 - INFO - Candidate Mean Stats: {'Max': np.float64(84.0), 'Min': np.float64(-0.24820988580953068), 'Mean': np.float64(0.4064108240115357), 'Std': np.float64(4.389471929241626)}
2024-11-17 07:14:11,082 - INFO - Candidate Std Stats: {'Max': np.float64(0.497870408790146), 'Min': np.float64(0.0), 'Mean': np.float64(0.06124057517192459), 'Std': np.float64(0.050335133593752183)}
2024-11-17 07:14:11,084 - INFO - Top 10 Mean Stats: {'Max': np.float64(-0.15154131741740143), 'Min': np.float64(-0.24820988580953068), 'Mean': np.float64(-0.1873699064713879), 'Std': np.float64(0.029709387723842358)}
2024-11-17 07:14:11,084 - INFO - Top 10 Std Stats: {'Max': np.float64(0.497870408790146), 'Min': np.float64(0.3563141177014517), 'Mean': np.float64(0.40025048860945345), 'Std': np.float64(0.053909291693280854)}
2024-11-17 07:14:11,084 - INFO - Bottom 10 Mean Stats: {'Max': np.float64(84.0), 'Min': np.float64(67.0), 'Mean': np.float64(74.0), 'Std': np.float64(5.366563145999495)}
2024-11-17 07:14:11,084 - INFO - Bottom 10 Std Stats: {'Max': np.float64(0.0), 'Min': np.float64(0.0), 'Mean': np.float64(0.0), 'Std': np.float64(0.0)}
[I 2024-11-17 07:14:11,099] Trial 152 finished with value: 75.0 and parameters: {'x_0': -5, 'x_1': -4, 'x_2': -5, 'x_3': 3}. Best is trial 76 with value: 7.0.
2024-11-17 07:14:11,193 - INFO - Candidate Mean Stats: {'Max': np.float64(100.0), 'Min': np.float64(-0.18756046728764922), 'Mean': np.float64(0.5468757457223395), 'Std': np.float64(5.7400431729043415)}
2024-11-17 07:14:11,193 - INFO - Candidate Std Stats: {'Max': np.float64(0.7129758641763736), 'Min': np.float64(0.0), 'Mean': np.float64(0.05187787802108165), 'Std': np.float64(0.043122380835559394)}
2024-11-17 07:14:11,194 - INFO - Top 10 Mean Stats: {'Max': np.float64(0.1639776605122224), 'Min': np.float64(-0.18756046728764922), 'Mean': np.float64(-0.10418572520072819), 'Std': np.float64(0.11147630525016121)}
2024-11-17 07:14:11,194 - INFO - Top 10 Std Stats: {'Max': np.float64(0.7129758641763736), 'Min': np.float64(0.30807740464497646), 'Mean': np.float64(0.41888100510837634), 'Std': np.float64(0.12409748329600503)}
2024-11-17 07:14:11,195 - INFO - Bottom 10 Mean Stats: {'Max': np.float64(100.0), 'Min': np.float64(91.0), 'Mean': np.float64(95.5), 'Std': np.float64(4.5)}
2024-11-17 07:14:11,195 - INFO - Bottom 10 Std Stats: {'Max': np.float64(0.0), 'Min': np.float64(0.0), 'Mean': np.float64(0.0), 'Std': np.float64(0.0)}
[I 2024-11-17 07:14:11,209] Trial 155 finished with value: 5.0 and parameters: {'x_0': 0, 'x_1': -1, 'x_2': 0, 'x_3': -2}. Best is trial 155 with value: 5.0.
2024-11-17 07:14:11,237 - INFO - Candidate Mean Stats: {'Max': np.float64(75.0), 'Min': np.float64(-0.22780011385202323), 'Mean': np.float64(0.3714341697833783), 'Std': np.float64(4.116582395604769)}
2024-11-17 07:14:11,238 - INFO - Candidate Std Stats: {'Max': np.float64(0.5103395734893953), 'Min': np.float64(0.0), 'Mean': np.float64(0.06291280666220914), 'Std': np.float64(0.04645035417812047)}
2024-11-17 07:14:11,239 - INFO - Top 10 Mean Stats: {'Max': np.float64(-0.16288250437098625), 'Min': np.float64(-0.19773362418383417), 'Mean': np.float64(-0.1738229656869787), 'Std': np.float64(0.01076073750282087)}
2024-11-17 07:14:11,239 - INFO - Top 10 Std Stats: {'Max': np.float64(0.4171367288616553), 'Min': np.float64(0.32912149713634636), 'Mean': np.float64(0.3555566826793799), 'Std': np.float64(0.026036240810893424)}
2024-11-17 07:14:11,239 - INFO - Bottom 10 Mean Stats: {'Max': np.float64(75.0), 'Min': np.float64(63.0), 'Mean': np.float64(70.8), 'Std': np.float64(4.284857057125709)}
2024-11-17 07:14:11,239 - INFO - Bottom 10 Std Stats: {'Max': np.float64(0.0), 'Min': np.float64(0.0), 'Mean': np.float64(0.0), 'Std': np.float64(0.0)}
[I 2024-11-17 07:14:11,254] Trial 148 finished with value: 47.0 and parameters: {'x_0': -2, 'x_1': 3, 'x_2': -5, 'x_3': -3}. Best is trial 141 with value: 2.0.
2024-11-17 07:14:11,294 - INFO - Candidate Mean Stats: {'Max': np.float64(84.0), 'Min': np.float64(-0.31297963953794095), 'Mean': np.float64(0.41039664950043003), 'Std': np.float64(4.432653612630907)}
2024-11-17 07:14:11,294 - INFO - Candidate Std Stats: {'Max': np.float64(0.5068425783303088), 'Min': np.float64(0.0), 'Mean': np.float64(0.06486374606454352), 'Std': np.float64(0.04676149667352343)}
2024-11-17 07:14:11,295 - INFO - Top 10 Mean Stats: {'Max': np.float64(-0.16458127255494642), 'Min': np.float64(-0.31297963953794095), 'Mean': np.float64(-0.2211504854411955), 'Std': np.float64(0.04331651260123357)}
2024-11-17 07:14:11,295 - INFO - Top 10 Std Stats: {'Max': np.float64(0.5068425783303088), 'Min': np.float64(0.3303775136301672), 'Mean': np.float64(0.39185301410741236), 'Std': np.float64(0.05006920795745381)}
2024-11-17 07:14:11,295 - INFO - Bottom 10 Mean Stats: {'Max': np.float64(84.0), 'Min': np.float64(68.0), 'Mean': np.float64(74.8), 'Std': np.float64(4.833218389437829)}
2024-11-17 07:14:11,295 - INFO - Bottom 10 Std Stats: {'Max': np.float64(0.0), 'Min': np.float64(0.0), 'Mean': np.float64(0.0), 'Std': np.float64(0.0)}
