[I 2024-11-17 07:13:39,443] Trial 24 finished with value: 54.0 and parameters: {'x_0': 5, 'x_1': 2, 'x_2': 3, 'x_3': 4}. Best is trial 7 with value: 6.0.
2024-11-17 07:13:39,565 - INFO - Candidate Mean Stats: {'Max': np.float64(84.0), 'Min': np.float64(-0.26087470827276105), 'Mean': np.float64(0.06953283179133186), 'Std': np.float64(1.7959884077916506)}
2024-11-17 07:13:39,565 - INFO - Candidate Std Stats: {'Max': np.float64(0.48727664059428155), 'Min': np.float64(0.0), 'Mean': np.float64(0.06365480896300338), 'Std': np.float64(0.04884300204720481)}
2024-11-17 07:13:39,566 - INFO - Top 10 Mean Stats: {'Max': np.float64(-0.14670679292666622), 'Min': np.float64(-0.26087470827276105), 'Mean': np.float64(-0.20575810748631826), 'Std': np.float64(0.037312893588369)}
2024-11-17 07:13:39,566 - INFO - Top 10 Std Stats: {'Max': np.float64(0.48727664059428155), 'Min': np.float64(0.30200425716802365), 'Mean': np.float64(0.3709026307503802), 'Std': np.float64(0.05749440181168868)}
2024-11-17 07:13:39,566 - INFO - Bottom 10 Mean Stats: {'Max': np.float64(84.0), 'Min': np.float64(42.0), 'Mean': np.float64(55.7), 'Std': np.float64(13.266876045248933)}
2024-11-17 07:13:39,566 - INFO - Bottom 10 Std Stats: {'Max': np.float64(0.0), 'Min': np.float64(0.0), 'Mean': np.float64(0.0), 'Std': np.float64(0.0)}
2024-11-17 07:13:39,569 - INFO - Candidate Mean Stats: {'Max': np.float64(67.0), 'Min': np.float64(-0.2890607812574934), 'Mean': np.float64(0.06587296207162131), 'Std': np.float64(1.6833339572209387)}
2024-11-17 07:13:39,570 - INFO - Candidate Std Stats: {'Max': np.float64(0.5856772603103397), 'Min': np.float64(0.0), 'Mean': np.float64(0.06345027779885296), 'Std': np.float64(0.04907285770223133)}
2024-11-17 07:13:39,571 - INFO - Top 10 Mean Stats: {'Max': np.float64(-0.17172012827626026), 'Min': np.float64(-0.2890607812574934), 'Mean': np.float64(-0.2166630711497644), 'Std': np.float64(0.03984579192662531)}
2024-11-17 07:13:39,571 - INFO - Top 10 Std Stats: {'Max': np.float64(0.5856772603103397), 'Min': np.float64(0.36844468574304284), 'Mean': np.float64(0.4457447201693457), 'Std': np.float64(0.06328726601299806)}
2024-11-17 07:13:39,572 - INFO - Bottom 10 Mean Stats: {'Max': np.float64(67.0), 'Min': np.float64(37.0), 'Mean': np.float64(52.8), 'Std': np.float64(10.166612021711067)}
2024-11-17 07:13:39,572 - INFO - Bottom 10 Std Stats: {'Max': np.float64(0.0), 'Min': np.float64(0.0), 'Mean': np.float64(0.0), 'Std': np.float64(0.0)}
[I 2024-11-17 07:13:39,583] Trial 26 finished with value: 54.0 and parameters: {'x_0': 3, 'x_1': 2, 'x_2': 5, 'x_3': -4}. Best is trial 1 with value: 20.0.
[I 2024-11-17 07:13:39,589] Trial 26 finished with value: 14.0 and parameters: {'x_0': 3, 'x_1': 0, 'x_2': 1, 'x_3': 2}. Best is trial 3 with value: 13.0.
2024-11-17 07:13:39,672 - INFO - Candidate Mean Stats: {'Max': np.float64(70.0), 'Min': np.float64(-0.3061027967330017), 'Mean': np.float64(0.07224496905983267), 'Std': np.float64(1.893179641971619)}
2024-11-17 07:13:39,672 - INFO - Candidate Std Stats: {'Max': np.float64(0.4937132176226287), 'Min': np.float64(0.0), 'Mean': np.float64(0.06619009632585575), 'Std': np.float64(0.04522687149494721)}
2024-11-17 07:13:39,674 - INFO - Top 10 Mean Stats: {'Max': np.float64(0.025364533956992407), 'Min': np.float64(-0.3061027967330017), 'Mean': np.float64(-0.1633311289910235), 'Std': np.float64(0.07899550783856817)}
2024-11-17 07:13:39,674 - INFO - Top 10 Std Stats: {'Max': np.float64(0.4543431254065953), 'Min': np.float64(0.24059257595501476), 'Mean': np.float64(0.32644638390767333), 'Std': np.float64(0.06345212185934314)}
2024-11-17 07:13:39,674 - INFO - Bottom 10 Mean Stats: {'Max': np.float64(70.0), 'Min': np.float64(51.0), 'Mean': np.float64(58.7), 'Std': np.float64(5.622277118748239)}
2024-11-17 07:13:39,674 - INFO - Bottom 10 Std Stats: {'Max': np.float64(0.0), 'Min': np.float64(0.0), 'Mean': np.float64(0.0), 'Std': np.float64(0.0)}
[I 2024-11-17 07:13:39,692] Trial 25 finished with value: 39.0 and parameters: {'x_0': -3, 'x_1': -5, 'x_2': 1, 'x_3': -2}. Best is trial 7 with value: 6.0.
2024-11-17 07:13:39,787 - INFO - Candidate Mean Stats: {'Max': np.float64(67.0), 'Min': np.float64(-0.2943886473962124), 'Mean': np.float64(0.06645431345587442), 'Std': np.float64(1.6872880937577683)}
2024-11-17 07:13:39,787 - INFO - Candidate Std Stats: {'Max': np.float64(0.4442982150833655), 'Min': np.float64(0.0), 'Mean': np.float64(0.06612480062783187), 'Std': np.float64(0.045741814226068406)}
2024-11-17 07:13:39,788 - INFO - Top 10 Mean Stats: {'Max': np.float64(-0.05788797013971432), 'Min': np.float64(-0.2943886473962124), 'Mean': np.float64(-0.16816633067898923), 'Std': np.float64(0.05985586613425461)}
2024-11-17 07:13:39,788 - INFO - Top 10 Std Stats: {'Max': np.float64(0.4442982150833655), 'Min': np.float64(0.23665221762558675), 'Mean': np.float64(0.33428376767629764), 'Std': np.float64(0.06119259650613327)}
2024-11-17 07:13:39,788 - INFO - Bottom 10 Mean Stats: {'Max': np.float64(67.0), 'Min': np.float64(37.0), 'Mean': np.float64(52.8), 'Std': np.float64(10.166612021711067)}
2024-11-17 07:13:39,788 - INFO - Bottom 10 Std Stats: {'Max': np.float64(0.0), 'Min': np.float64(0.0), 'Mean': np.float64(0.0), 'Std': np.float64(0.0)}
[I 2024-11-17 07:13:39,800] Trial 27 finished with value: 63.0 and parameters: {'x_0': 2, 'x_1': -5, 'x_2': 5, 'x_3': 3}. Best is trial 3 with value: 13.0.
2024-11-17 07:13:39,842 - INFO - Candidate Mean Stats: {'Max': np.float64(84.0), 'Min': np.float64(-0.26103668824583803), 'Mean': np.float64(0.07262960573285185), 'Std': np.float64(1.8505025901512888)}
2024-11-17 07:13:39,842 - INFO - Candidate Std Stats: {'Max': np.float64(0.43067178111402954), 'Min': np.float64(0.0), 'Mean': np.float64(0.0655161049595656), 'Std': np.float64(0.04826467986141216)}
2024-11-17 07:13:39,844 - INFO - Top 10 Mean Stats: {'Max': np.float64(-0.10820222917668612), 'Min': np.float64(-0.26103668824583803), 'Mean': np.float64(-0.18403990963306333), 'Std': np.float64(0.048708464971058345)}
2024-11-17 07:13:39,844 - INFO - Top 10 Std Stats: {'Max': np.float64(0.43067178111402954), 'Min': np.float64(0.31702281992475806), 'Mean': np.float64(0.3789528406737737), 'Std': np.float64(0.03781683839946166)}
2024-11-17 07:13:39,844 - INFO - Bottom 10 Mean Stats: {'Max': np.float64(84.0), 'Min': np.float64(45.0), 'Mean': np.float64(56.9), 'Std': np.float64(12.493598360760602)}
2024-11-17 07:13:39,844 - INFO - Bottom 10 Std Stats: {'Max': np.float64(0.0), 'Min': np.float64(0.0), 'Mean': np.float64(0.0), 'Std': np.float64(0.0)}
[I 2024-11-17 07:13:39,857] Trial 27 finished with value: 37.0 and parameters: {'x_0': 2, 'x_1': 2, 'x_2': 2, 'x_3': -5}. Best is trial 1 with value: 20.0.
2024-11-17 07:13:39,880 - INFO - Candidate Mean Stats: {'Max': np.float64(70.0), 'Min': np.float64(-0.2344106874734424), 'Mean': np.float64(0.07503273834408959), 'Std': np.float64(1.920288331434581)}
2024-11-17 07:13:39,880 - INFO - Candidate Std Stats: {'Max': np.float64(0.5484591499400682), 'Min': np.float64(0.0), 'Mean': np.float64(0.06423441506931904), 'Std': np.float64(0.04504091627205218)}
2024-11-17 07:13:39,881 - INFO - Top 10 Mean Stats: {'Max': np.float64(-0.13866968504560898), 'Min': np.float64(-0.2344106874734424), 'Mean': np.float64(-0.17277738490872116), 'Std': np.float64(0.028073442663232282)}
2024-11-17 07:13:39,881 - INFO - Top 10 Std Stats: {'Max': np.float64(0.38319881834389663), 'Min': np.float64(0.24296960259175548), 'Mean': np.float64(0.3201513222667198), 'Std': np.float64(0.043242918883722684)}
2024-11-17 07:13:39,881 - INFO - Bottom 10 Mean Stats: {'Max': np.float64(70.0), 'Min': np.float64(51.0), 'Mean': np.float64(58.7), 'Std': np.float64(5.622277118748239)}
2024-11-17 07:13:39,881 - INFO - Bottom 10 Std Stats: {'Max': np.float64(0.0), 'Min': np.float64(0.0), 'Mean': np.float64(0.0), 'Std': np.float64(0.0)}
[I 2024-11-17 07:13:39,897] Trial 26 finished with value: 29.0 and parameters: {'x_0': 2, 'x_1': 0, 'x_2': 4, 'x_3': 3}. Best is trial 7 with value: 6.0.
2024-11-17 07:13:40,036 - INFO - Candidate Mean Stats: {'Max': np.float64(67.0), 'Min': np.float64(-0.37948067561194854), 'Mean': np.float64(0.07075466508840374), 'Std': np.float64(1.7656416243302109)}
2024-11-17 07:13:40,036 - INFO - Candidate Std Stats: {'Max': np.float64(0.528607164946809), 'Min': np.float64(0.0), 'Mean': np.float64(0.06426331473322285), 'Std': np.float64(0.04905330242879602)}
2024-11-17 07:13:40,037 - INFO - Top 10 Mean Stats: {'Max': np.float64(-0.1730093156535804), 'Min': np.float64(-0.37948067561194854), 'Mean': np.float64(-0.23500993476783089), 'Std': np.float64(0.05351649531161831)}
2024-11-17 07:13:40,037 - INFO - Top 10 Std Stats: {'Max': np.float64(0.46187900259526504), 'Min': np.float64(0.2675276347328686), 'Mean': np.float64(0.35828303110407594), 'Std': np.float64(0.06120487525399686)}
2024-11-17 07:13:40,037 - INFO - Bottom 10 Mean Stats: {'Max': np.float64(67.0), 'Min': np.float64(44.0), 'Mean': np.float64(55.4), 'Std': np.float64(9.0575934993794)}
2024-11-17 07:13:40,037 - INFO - Bottom 10 Std Stats: {'Max': np.float64(0.0), 'Min': np.float64(0.0), 'Mean': np.float64(0.0), 'Std': np.float64(0.0)}
[I 2024-11-17 07:13:40,055] Trial 28 finished with value: 49.0 and parameters: {'x_0': -4, 'x_1': 4, 'x_2': 4, 'x_3': -1}. Best is trial 3 with value: 13.0.
2024-11-17 07:13:40,057 - INFO - Candidate Mean Stats: {'Max': np.float64(70.0), 'Min': np.float64(-0.2610959817530295), 'Mean': np.float64(0.07764229246848263), 'Std': np.float64(1.935099995994661)}
2024-11-17 07:13:40,057 - INFO - Candidate Std Stats: {'Max': np.float64(0.4613769522061123), 'Min': np.float64(0.0), 'Mean': np.float64(0.06357010372874006), 'Std': np.float64(0.048134195757234495)}
2024-11-17 07:13:40,059 - INFO - Top 10 Mean Stats: {'Max': np.float64(-0.1588246026092578), 'Min': np.float64(-0.2610959817530295), 'Mean': np.float64(-0.21620117030047553), 'Std': np.float64(0.028416799970514335)}
2024-11-17 07:13:40,059 - INFO - Top 10 Std Stats: {'Max': np.float64(0.4613769522061123), 'Min': np.float64(0.3432254620817576), 'Mean': np.float64(0.3933339727966493), 'Std': np.float64(0.03589943355024575)}
2024-11-17 07:13:40,059 - INFO - Bottom 10 Mean Stats: {'Max': np.float64(70.0), 'Min': np.float64(51.0), 'Mean': np.float64(58.7), 'Std': np.float64(5.622277118748239)}
2024-11-17 07:13:40,059 - INFO - Bottom 10 Std Stats: {'Max': np.float64(0.0), 'Min': np.float64(0.0), 'Mean': np.float64(0.0), 'Std': np.float64(0.0)}
[I 2024-11-17 07:13:40,076] Trial 27 finished with value: 43.0 and parameters: {'x_0': -1, 'x_1': 5, 'x_2': 4, 'x_3': -1}. Best is trial 7 with value: 6.0.
2024-11-17 07:13:40,091 - INFO - Candidate Mean Stats: {'Max': np.float64(84.0), 'Min': np.float64(-0.24836183008725538), 'Mean': np.float64(0.0756394077104399), 'Std': np.float64(1.8754649109181483)}
2024-11-17 07:13:40,091 - INFO - Candidate Std Stats: {'Max': np.float64(0.42873246283526123), 'Min': np.float64(0.0), 'Mean': np.float64(0.06409827107114552), 'Std': np.float64(0.04992862624697632)}
2024-11-17 07:13:40,092 - INFO - Top 10 Mean Stats: {'Max': np.float64(-0.1367755815190395), 'Min': np.float64(-0.24836183008725538), 'Mean': np.float64(-0.19507516954031692), 'Std': np.float64(0.03881388767434706)}
2024-11-17 07:13:40,092 - INFO - Top 10 Std Stats: {'Max': np.float64(0.4167809987710378), 'Min': np.float64(0.24740809415787546), 'Mean': np.float64(0.3459057749114349), 'Std': np.float64(0.052891757310523146)}
2024-11-17 07:13:40,092 - INFO - Bottom 10 Mean Stats: {'Max': np.float64(84.0), 'Min': np.float64(45.0), 'Mean': np.float64(56.9), 'Std': np.float64(12.493598360760602)}
2024-11-17 07:13:40,092 - INFO - Bottom 10 Std Stats: {'Max': np.float64(0.0), 'Min': np.float64(0.0), 'Mean': np.float64(0.0), 'Std': np.float64(0.0)}
[I 2024-11-17 07:13:40,108] Trial 28 finished with value: 51.0 and parameters: {'x_0': 0, 'x_1': 1, 'x_2': 5, 'x_3': 5}. Best is trial 1 with value: 20.0.
2024-11-17 07:13:40,266 - INFO - Candidate Mean Stats: {'Max': np.float64(67.0), 'Min': np.float64(-0.21263296109283547), 'Mean': np.float64(0.07488853261616372), 'Std': np.float64(1.8113141973103544)}
2024-11-17 07:13:40,266 - INFO - Candidate Std Stats: {'Max': np.float64(0.5090976927779451), 'Min': np.float64(0.0), 'Mean': np.float64(0.06773325979976422), 'Std': np.float64(0.04561432409163603)}
2024-11-17 07:13:40,267 - INFO - Top 10 Mean Stats: {'Max': np.float64(-0.11792827206968289), 'Min': np.float64(-0.21263296109283547), 'Mean': np.float64(-0.1606409593811214), 'Std': np.float64(0.02995178945591844)}
2024-11-17 07:13:40,267 - INFO - Top 10 Std Stats: {'Max': np.float64(0.41822426966454024), 'Min': np.float64(0.30170715382112945), 'Mean': np.float64(0.3418794621941103), 'Std': np.float64(0.03452640139714812)}
2024-11-17 07:13:40,267 - INFO - Bottom 10 Mean Stats: {'Max': np.float64(67.0), 'Min': np.float64(45.0), 'Mean': np.float64(55.9), 'Std': np.float64(8.537564055396597)}
2024-11-17 07:13:40,267 - INFO - Bottom 10 Std Stats: {'Max': np.float64(0.0), 'Min': np.float64(0.0), 'Mean': np.float64(0.0), 'Std': np.float64(0.0)}
[I 2024-11-17 07:13:40,280] Trial 29 finished with value: 38.0 and parameters: {'x_0': 0, 'x_1': -2, 'x_2': -5, 'x_3': -3}. Best is trial 3 with value: 13.0.
2024-11-17 07:13:40,334 - INFO - Candidate Mean Stats: {'Max': np.float64(70.0), 'Min': np.float64(-0.2919001266903247), 'Mean': np.float64(0.07904605812544897), 'Std': np.float64(1.9674041520303325)}
2024-11-17 07:13:40,334 - INFO - Candidate Std Stats: {'Max': np.float64(0.5362929886650851), 'Min': np.float64(0.0), 'Mean': np.float64(0.0663266002490337), 'Std': np.float64(0.04500256875104695)}
2024-11-17 07:13:40,335 - INFO - Candidate Mean Stats: {'Max': np.float64(84.0), 'Min': np.float64(-0.27133712646341185), 'Mean': np.float64(0.07931318794184841), 'Std': np.float64(1.922111017883289)}
2024-11-17 07:13:40,335 - INFO - Top 10 Mean Stats: {'Max': np.float64(-0.1446892765650716), 'Min': np.float64(-0.2919001266903247), 'Mean': np.float64(-0.2035396702922426), 'Std': np.float64(0.040406516088851964)}
2024-11-17 07:13:40,335 - INFO - Candidate Std Stats: {'Max': np.float64(0.4272230018638416), 'Min': np.float64(0.0), 'Mean': np.float64(0.06541704427257998), 'Std': np.float64(0.047487908679279996)}
2024-11-17 07:13:40,335 - INFO - Top 10 Std Stats: {'Max': np.float64(0.5148339876967883), 'Min': np.float64(0.2584283152199965), 'Mean': np.float64(0.3669202087649178), 'Std': np.float64(0.07229838572670103)}
2024-11-17 07:13:40,335 - INFO - Bottom 10 Mean Stats: {'Max': np.float64(70.0), 'Min': np.float64(51.0), 'Mean': np.float64(58.7), 'Std': np.float64(5.622277118748239)}
2024-11-17 07:13:40,335 - INFO - Bottom 10 Std Stats: {'Max': np.float64(0.0), 'Min': np.float64(0.0), 'Mean': np.float64(0.0), 'Std': np.float64(0.0)}
2024-11-17 07:13:40,337 - INFO - Top 10 Mean Stats: {'Max': np.float64(-0.11276137119878862), 'Min': np.float64(-0.27133712646341185), 'Mean': np.float64(-0.1873596883881003), 'Std': np.float64(0.03937654257979956)}
2024-11-17 07:13:40,337 - INFO - Top 10 Std Stats: {'Max': np.float64(0.4272230018638416), 'Min': np.float64(0.319720523903876), 'Mean': np.float64(0.36625229448047847), 'Std': np.float64(0.02654018150562091)}
2024-11-17 07:13:40,337 - INFO - Bottom 10 Mean Stats: {'Max': np.float64(84.0), 'Min': np.float64(46.0), 'Mean': np.float64(57.5), 'Std': np.float64(12.043670536842164)}
2024-11-17 07:13:40,337 - INFO - Bottom 10 Std Stats: {'Max': np.float64(0.0), 'Min': np.float64(0.0), 'Mean': np.float64(0.0), 'Std': np.float64(0.0)}
[I 2024-11-17 07:13:40,350] Trial 29 finished with value: 79.0 and parameters: {'x_0': 5, 'x_1': -5, 'x_2': -2, 'x_3': -5}. Best is trial 1 with value: 20.0.
[I 2024-11-17 07:13:40,352] Trial 28 finished with value: 47.0 and parameters: {'x_0': 2, 'x_1': -3, 'x_2': -3, 'x_3': 5}. Best is trial 7 with value: 6.0.
2024-11-17 07:13:40,471 - INFO - Candidate Mean Stats: {'Max': np.float64(67.0), 'Min': np.float64(-0.20112677440538454), 'Mean': np.float64(0.07717356656248524), 'Std': np.float64(1.8382265153813668)}
2024-11-17 07:13:40,471 - INFO - Candidate Std Stats: {'Max': np.float64(0.47750901903069876), 'Min': np.float64(0.0), 'Mean': np.float64(0.0638596613282408), 'Std': np.float64(0.04786887065201291)}
2024-11-17 07:13:40,472 - INFO - Top 10 Mean Stats: {'Max': np.float64(-0.12245924496973551), 'Min': np.float64(-0.1867794148408596), 'Mean': np.float64(-0.16774113791229592), 'Std': np.float64(0.018197094173229473)}
2024-11-17 07:13:40,472 - INFO - Top 10 Std Stats: {'Max': np.float64(0.4561160154647328), 'Min': np.float64(0.3142075784191474), 'Mean': np.float64(0.3549603680430064), 'Std': np.float64(0.03993844411326297)}
2024-11-17 07:13:40,472 - INFO - Bottom 10 Mean Stats: {'Max': np.float64(67.0), 'Min': np.float64(45.0), 'Mean': np.float64(55.9), 'Std': np.float64(8.537564055396597)}
2024-11-17 07:13:40,472 - INFO - Bottom 10 Std Stats: {'Max': np.float64(0.0), 'Min': np.float64(0.0), 'Mean': np.float64(0.0), 'Std': np.float64(0.0)}
[I 2024-11-17 07:13:40,485] Trial 30 finished with value: 54.0 and parameters: {'x_0': -4, 'x_1': 5, 'x_2': 3, 'x_3': 2}. Best is trial 3 with value: 13.0.
2024-11-17 07:13:40,530 - INFO - Candidate Mean Stats: {'Max': np.float64(84.0), 'Min': np.float64(-0.3005855868760293), 'Mean': np.float64(0.08479536276841497), 'Std': np.float64(2.0297297244378867)}
2024-11-17 07:13:40,530 - INFO - Candidate Std Stats: {'Max': np.float64(0.771121164150033), 'Min': np.float64(0.0), 'Mean': np.float64(0.06335890879327176), 'Std': np.float64(0.05023640283576218)}
2024-11-17 07:13:40,531 - INFO - Top 10 Mean Stats: {'Max': np.float64(-0.13198725591753763), 'Min': np.float64(-0.3005855868760293), 'Mean': np.float64(-0.21558938645651718), 'Std': np.float64(0.05850701252792407)}
2024-11-17 07:13:40,531 - INFO - Top 10 Std Stats: {'Max': np.float64(0.5463200415882843), 'Min': np.float64(0.3616104087814017), 'Mean': np.float64(0.45990596128863653), 'Std': np.float64(0.05086675935853328)}
2024-11-17 07:13:40,531 - INFO - Bottom 10 Mean Stats: {'Max': np.float64(84.0), 'Min': np.float64(47.0), 'Mean': np.float64(60.8), 'Std': np.float64(12.929037087115189)}
2024-11-17 07:13:40,531 - INFO - Bottom 10 Std Stats: {'Max': np.float64(0.0), 'Min': np.float64(0.0), 'Mean': np.float64(0.0), 'Std': np.float64(0.0)}
[I 2024-11-17 07:13:40,545] Trial 30 finished with value: 42.0 and parameters: {'x_0': 4, 'x_1': 3, 'x_2': -4, 'x_3': -1}. Best is trial 1 with value: 20.0.
2024-11-17 07:13:40,578 - INFO - Candidate Mean Stats: {'Max': np.float64(70.0), 'Min': np.float64(-0.2928733321632479), 'Mean': np.float64(0.08344903854332192), 'Std': np.float64(2.0051975782761553)}
2024-11-17 07:13:40,579 - INFO - Candidate Std Stats: {'Max': np.float64(0.5391367810723835), 'Min': np.float64(0.0), 'Mean': np.float64(0.062424366251180405), 'Std': np.float64(0.04903326038278227)}
2024-11-17 07:13:40,580 - INFO - Top 10 Mean Stats: {'Max': np.float64(-0.1435964646929889), 'Min': np.float64(-0.2928733321632479), 'Mean': np.float64(-0.21428174815871542), 'Std': np.float64(0.041853585747069245)}
2024-11-17 07:13:40,580 - INFO - Top 10 Std Stats: {'Max': np.float64(0.5391367810723835), 'Min': np.float64(0.31803270759171437), 'Mean': np.float64(0.41982273720543184), 'Std': np.float64(0.06663212817927992)}
2024-11-17 07:13:40,580 - INFO - Bottom 10 Mean Stats: {'Max': np.float64(70.0), 'Min': np.float64(51.0), 'Mean': np.float64(58.7), 'Std': np.float64(5.622277118748239)}
2024-11-17 07:13:40,580 - INFO - Bottom 10 Std Stats: {'Max': np.float64(0.0), 'Min': np.float64(0.0), 'Mean': np.float64(0.0), 'Std': np.float64(0.0)}
[I 2024-11-17 07:13:40,593] Trial 29 finished with value: 31.0 and parameters: {'x_0': -3, 'x_1': -2, 'x_2': 3, 'x_3': -3}. Best is trial 7 with value: 6.0.
2024-11-17 07:13:40,695 - INFO - Candidate Mean Stats: {'Max': np.float64(67.0), 'Min': np.float64(-0.22407476192800146), 'Mean': np.float64(0.08099332538834066), 'Std': np.float64(1.89147091598909)}
2024-11-17 07:13:40,695 - INFO - Candidate Std Stats: {'Max': np.float64(0.5410220851418928), 'Min': np.float64(0.0), 'Mean': np.float64(0.06543757079456405), 'Std': np.float64(0.046682662159945924)}
2024-11-17 07:13:40,697 - INFO - Top 10 Mean Stats: {'Max': np.float64(-0.12222872710564311), 'Min': np.float64(-0.22407476192800146), 'Mean': np.float64(-0.17504301857393978), 'Std': np.float64(0.03314490241632322)}
2024-11-17 07:13:40,697 - INFO - Top 10 Std Stats: {'Max': np.float64(0.40535779210824874), 'Min': np.float64(0.30147730039888315), 'Mean': np.float64(0.3594929878075932), 'Std': np.float64(0.02994996447279985)}
2024-11-17 07:13:40,697 - INFO - Bottom 10 Mean Stats: {'Max': np.float64(67.0), 'Min': np.float64(46.0), 'Mean': np.float64(56.8), 'Std': np.float64(7.782030583337488)}
2024-11-17 07:13:40,698 - INFO - Bottom 10 Std Stats: {'Max': np.float64(0.0), 'Min': np.float64(0.0), 'Mean': np.float64(0.0), 'Std': np.float64(0.0)}
