[I 2024-11-17 07:14:00,412] Trial 106 finished with value: 17.0 and parameters: {'x_0': 0, 'x_1': 4, 'x_2': -1, 'x_3': 0}. Best is trial 91 with value: 5.0.
2024-11-17 07:14:00,443 - INFO - Candidate Mean Stats: {'Max': np.float64(91.0), 'Min': np.float64(-0.20928508375398605), 'Mean': np.float64(0.3212680246314535), 'Std': np.float64(3.9998466908245045)}
2024-11-17 07:14:00,443 - INFO - Candidate Std Stats: {'Max': np.float64(0.4758519940147029), 'Min': np.float64(0.0), 'Mean': np.float64(0.06379698557792766), 'Std': np.float64(0.04728285631224071)}
2024-11-17 07:14:00,444 - INFO - Top 10 Mean Stats: {'Max': np.float64(-0.11821446610722956), 'Min': np.float64(-0.20928508375398605), 'Mean': np.float64(-0.15388135985705736), 'Std': np.float64(0.02359250596419343)}
2024-11-17 07:14:00,444 - INFO - Top 10 Std Stats: {'Max': np.float64(0.44498942331198926), 'Min': np.float64(0.2628284804346957), 'Mean': np.float64(0.3170377769776061), 'Std': np.float64(0.050329620309379534)}
2024-11-17 07:14:00,444 - INFO - Bottom 10 Mean Stats: {'Max': np.float64(91.0), 'Min': np.float64(75.0), 'Mean': np.float64(79.9), 'Std': np.float64(5.262128846769148)}
2024-11-17 07:14:00,444 - INFO - Bottom 10 Std Stats: {'Max': np.float64(0.0), 'Min': np.float64(0.0), 'Mean': np.float64(0.0), 'Std': np.float64(0.0)}
[I 2024-11-17 07:14:00,459] Trial 112 finished with value: 26.0 and parameters: {'x_0': 2, 'x_1': 3, 'x_2': -3, 'x_3': -2}. Best is trial 84 with value: 10.0.
2024-11-17 07:14:00,630 - INFO - Candidate Mean Stats: {'Max': np.float64(84.0), 'Min': np.float64(-0.28370832302638793), 'Mean': np.float64(0.29789027261495793), 'Std': np.float64(3.7514810722851917)}
2024-11-17 07:14:00,630 - INFO - Candidate Std Stats: {'Max': np.float64(0.46178588625451233), 'Min': np.float64(0.0), 'Mean': np.float64(0.06368705221949517), 'Std': np.float64(0.04941495459605048)}
2024-11-17 07:14:00,631 - INFO - Top 10 Mean Stats: {'Max': np.float64(-0.15389801597417663), 'Min': np.float64(-0.28370832302638793), 'Mean': np.float64(-0.2123392788557749), 'Std': np.float64(0.03446303901001808)}
2024-11-17 07:14:00,631 - INFO - Top 10 Std Stats: {'Max': np.float64(0.46178588625451233), 'Min': np.float64(0.31809129472108927), 'Mean': np.float64(0.37003605117321164), 'Std': np.float64(0.03955035648860946)}
2024-11-17 07:14:00,632 - INFO - Bottom 10 Mean Stats: {'Max': np.float64(84.0), 'Min': np.float64(66.0), 'Mean': np.float64(71.8), 'Std': np.float64(6.64529909033446)}
2024-11-17 07:14:00,632 - INFO - Bottom 10 Std Stats: {'Max': np.float64(0.0), 'Min': np.float64(0.0), 'Mean': np.float64(0.0), 'Std': np.float64(0.0)}
2024-11-17 07:14:00,633 - INFO - Candidate Mean Stats: {'Max': np.float64(75.0), 'Min': np.float64(-0.2646773018990167), 'Mean': np.float64(0.2676208746803195), 'Std': np.float64(3.4572354034264374)}
2024-11-17 07:14:00,633 - INFO - Candidate Std Stats: {'Max': np.float64(0.46364994110857954), 'Min': np.float64(0.0), 'Mean': np.float64(0.06573288394555807), 'Std': np.float64(0.04465707692131204)}
2024-11-17 07:14:00,635 - INFO - Top 10 Mean Stats: {'Max': np.float64(-0.14326053018283796), 'Min': np.float64(-0.2646773018990167), 'Mean': np.float64(-0.1820261565511381), 'Std': np.float64(0.03445383367357199)}
2024-11-17 07:14:00,635 - INFO - Top 10 Std Stats: {'Max': np.float64(0.39376184676356063), 'Min': np.float64(0.2664588382169371), 'Mean': np.float64(0.3268395696923438), 'Std': np.float64(0.04007763048049141)}
2024-11-17 07:14:00,635 - INFO - Bottom 10 Mean Stats: {'Max': np.float64(75.0), 'Min': np.float64(59.0), 'Mean': np.float64(66.9), 'Std': np.float64(5.717516943569122)}
2024-11-17 07:14:00,635 - INFO - Bottom 10 Std Stats: {'Max': np.float64(0.0), 'Min': np.float64(0.0), 'Mean': np.float64(0.0), 'Std': np.float64(0.0)}
[I 2024-11-17 07:14:00,647] Trial 112 finished with value: 26.0 and parameters: {'x_0': 3, 'x_1': -2, 'x_2': 3, 'x_3': -2}. Best is trial 76 with value: 7.0.
[I 2024-11-17 07:14:00,649] Trial 107 finished with value: 27.0 and parameters: {'x_0': 1, 'x_1': -3, 'x_2': 4, 'x_3': -1}. Best is trial 91 with value: 5.0.
2024-11-17 07:14:00,710 - INFO - Candidate Mean Stats: {'Max': np.float64(91.0), 'Min': np.float64(-0.24978989606932886), 'Mean': np.float64(0.3224726023474425), 'Std': np.float64(4.005507642204178)}
2024-11-17 07:14:00,710 - INFO - Candidate Std Stats: {'Max': np.float64(0.42541780220081005), 'Min': np.float64(0.0), 'Mean': np.float64(0.061078816428646675), 'Std': np.float64(0.04807150806148627)}
2024-11-17 07:14:00,712 - INFO - Top 10 Mean Stats: {'Max': np.float64(-0.13989317782003954), 'Min': np.float64(-0.24567393962776415), 'Mean': np.float64(-0.1872476823092071), 'Std': np.float64(0.031214149686468427)}
2024-11-17 07:14:00,712 - INFO - Top 10 Std Stats: {'Max': np.float64(0.42541780220081005), 'Min': np.float64(0.27695371478160646), 'Mean': np.float64(0.3558012296795442), 'Std': np.float64(0.03631001272285594)}
2024-11-17 07:14:00,712 - INFO - Bottom 10 Mean Stats: {'Max': np.float64(91.0), 'Min': np.float64(75.0), 'Mean': np.float64(79.9), 'Std': np.float64(5.262128846769148)}
2024-11-17 07:14:00,713 - INFO - Bottom 10 Std Stats: {'Max': np.float64(0.0), 'Min': np.float64(0.0), 'Mean': np.float64(0.0), 'Std': np.float64(0.0)}
[I 2024-11-17 07:14:00,729] Trial 113 finished with value: 31.0 and parameters: {'x_0': 2, 'x_1': -1, 'x_2': 5, 'x_3': -1}. Best is trial 84 with value: 10.0.
2024-11-17 07:14:00,861 - INFO - Candidate Mean Stats: {'Max': np.float64(84.0), 'Min': np.float64(-0.26386712550617974), 'Mean': np.float64(0.29724970179164706), 'Std': np.float64(3.7576682289990364)}
2024-11-17 07:14:00,862 - INFO - Candidate Std Stats: {'Max': np.float64(0.5047698683874369), 'Min': np.float64(0.0), 'Mean': np.float64(0.06270750646020867), 'Std': np.float64(0.04725307929585484)}
2024-11-17 07:14:00,863 - INFO - Top 10 Mean Stats: {'Max': np.float64(-0.1505525992301942), 'Min': np.float64(-0.26386712550617974), 'Mean': np.float64(-0.19240249309633647), 'Std': np.float64(0.037244188284131174)}
2024-11-17 07:14:00,863 - INFO - Top 10 Std Stats: {'Max': np.float64(0.4785926175871522), 'Min': np.float64(0.262116708931658), 'Mean': np.float64(0.3753490464511594), 'Std': np.float64(0.05947691945908494)}
2024-11-17 07:14:00,863 - INFO - Bottom 10 Mean Stats: {'Max': np.float64(84.0), 'Min': np.float64(66.0), 'Mean': np.float64(71.8), 'Std': np.float64(6.64529909033446)}
2024-11-17 07:14:00,863 - INFO - Bottom 10 Std Stats: {'Max': np.float64(0.0), 'Min': np.float64(0.0), 'Mean': np.float64(0.0), 'Std': np.float64(0.0)}
[I 2024-11-17 07:14:00,877] Trial 113 finished with value: 75.0 and parameters: {'x_0': 5, 'x_1': -5, 'x_2': -5, 'x_3': 0}. Best is trial 76 with value: 7.0.
2024-11-17 07:14:00,917 - INFO - Candidate Mean Stats: {'Max': np.float64(75.0), 'Min': np.float64(-0.28773778271179995), 'Mean': np.float64(0.2681892162397652), 'Std': np.float64(3.4643735805972424)}
2024-11-17 07:14:00,917 - INFO - Candidate Std Stats: {'Max': np.float64(0.5900688970174278), 'Min': np.float64(0.0), 'Mean': np.float64(0.0616322732760321), 'Std': np.float64(0.04967674036778495)}
2024-11-17 07:14:00,918 - INFO - Top 10 Mean Stats: {'Max': np.float64(-0.14116166231965016), 'Min': np.float64(-0.28773778271179995), 'Mean': np.float64(-0.2094414406795718), 'Std': np.float64(0.040211782970308016)}
2024-11-17 07:14:00,918 - INFO - Top 10 Std Stats: {'Max': np.float64(0.5900688970174278), 'Min': np.float64(0.34973495720438963), 'Mean': np.float64(0.4242005137046485), 'Std': np.float64(0.06851050552516512)}
2024-11-17 07:14:00,918 - INFO - Bottom 10 Mean Stats: {'Max': np.float64(75.0), 'Min': np.float64(59.0), 'Mean': np.float64(66.9), 'Std': np.float64(5.717516943569122)}
2024-11-17 07:14:00,918 - INFO - Bottom 10 Std Stats: {'Max': np.float64(0.0), 'Min': np.float64(0.0), 'Mean': np.float64(0.0), 'Std': np.float64(0.0)}
[I 2024-11-17 07:14:00,932] Trial 108 finished with value: 59.0 and parameters: {'x_0': -4, 'x_1': -5, 'x_2': 3, 'x_3': 3}. Best is trial 91 with value: 5.0.
2024-11-17 07:14:00,946 - INFO - Candidate Mean Stats: {'Max': np.float64(91.0), 'Min': np.float64(-0.2853881375026851), 'Mean': np.float64(0.32556662592188884), 'Std': np.float64(4.01344260883591)}
2024-11-17 07:14:00,946 - INFO - Candidate Std Stats: {'Max': np.float64(0.6266603762030988), 'Min': np.float64(0.0), 'Mean': np.float64(0.06116896636979692), 'Std': np.float64(0.04787483907744947)}
2024-11-17 07:14:00,948 - INFO - Top 10 Mean Stats: {'Max': np.float64(-0.1387943140629026), 'Min': np.float64(-0.2853881375026851), 'Mean': np.float64(-0.2064440760956449), 'Std': np.float64(0.042585246834387)}
2024-11-17 07:14:00,948 - INFO - Top 10 Std Stats: {'Max': np.float64(0.6266603762030988), 'Min': np.float64(0.31170269263503675), 'Mean': np.float64(0.4015864525695118), 'Std': np.float64(0.09329417615576405)}
2024-11-17 07:14:00,948 - INFO - Bottom 10 Mean Stats: {'Max': np.float64(91.0), 'Min': np.float64(75.0), 'Mean': np.float64(79.9), 'Std': np.float64(5.262128846769148)}
2024-11-17 07:14:00,948 - INFO - Bottom 10 Std Stats: {'Max': np.float64(0.0), 'Min': np.float64(0.0), 'Mean': np.float64(0.0), 'Std': np.float64(0.0)}
[I 2024-11-17 07:14:00,962] Trial 114 finished with value: 54.0 and parameters: {'x_0': 5, 'x_1': 5, 'x_2': 0, 'x_3': 2}. Best is trial 84 with value: 10.0.
2024-11-17 07:14:01,107 - INFO - Candidate Mean Stats: {'Max': np.float64(84.0), 'Min': np.float64(-0.209374721298273), 'Mean': np.float64(0.3038023781340777), 'Std': np.float64(3.8079376327811567)}
2024-11-17 07:14:01,107 - INFO - Candidate Std Stats: {'Max': np.float64(0.47099473393460667), 'Min': np.float64(0.0), 'Mean': np.float64(0.06492002675472373), 'Std': np.float64(0.04650500198437025)}
2024-11-17 07:14:01,108 - INFO - Top 10 Mean Stats: {'Max': np.float64(-0.1467474587426521), 'Min': np.float64(-0.209374721298273), 'Mean': np.float64(-0.17943103151208056), 'Std': np.float64(0.01852020754196361)}
2024-11-17 07:14:01,108 - INFO - Top 10 Std Stats: {'Max': np.float64(0.41591028583012885), 'Min': np.float64(0.2905082438192273), 'Mean': np.float64(0.3664777221513087), 'Std': np.float64(0.03323065829806185)}
2024-11-17 07:14:01,108 - INFO - Bottom 10 Mean Stats: {'Max': np.float64(84.0), 'Min': np.float64(66.0), 'Mean': np.float64(72.7), 'Std': np.float64(6.403905058634146)}
2024-11-17 07:14:01,108 - INFO - Bottom 10 Std Stats: {'Max': np.float64(0.0), 'Min': np.float64(0.0), 'Mean': np.float64(0.0), 'Std': np.float64(0.0)}
[I 2024-11-17 07:14:01,125] Trial 114 finished with value: 52.0 and parameters: {'x_0': -5, 'x_1': -1, 'x_2': -1, 'x_3': 5}. Best is trial 76 with value: 7.0.
2024-11-17 07:14:01,183 - INFO - Candidate Mean Stats: {'Max': np.float64(75.0), 'Min': np.float64(-0.30484276121926746), 'Mean': np.float64(0.2729927415698248), 'Std': np.float64(3.4981548328799716)}
2024-11-17 07:14:01,183 - INFO - Candidate Std Stats: {'Max': np.float64(0.3702937255357312), 'Min': np.float64(0.0), 'Mean': np.float64(0.06374003777972981), 'Std': np.float64(0.04652825385193544)}
2024-11-17 07:14:01,184 - INFO - Top 10 Mean Stats: {'Max': np.float64(-0.11853907583586502), 'Min': np.float64(-0.30484276121926746), 'Mean': np.float64(-0.18931843152430347), 'Std': np.float64(0.057086144175420614)}
2024-11-17 07:14:01,184 - INFO - Top 10 Std Stats: {'Max': np.float64(0.3702937255357312), 'Min': np.float64(0.26309445835306444), 'Mean': np.float64(0.32130042669004394), 'Std': np.float64(0.03225649464323743)}
2024-11-17 07:14:01,184 - INFO - Bottom 10 Mean Stats: {'Max': np.float64(75.0), 'Min': np.float64(59.0), 'Mean': np.float64(66.9), 'Std': np.float64(5.717516943569122)}
2024-11-17 07:14:01,184 - INFO - Bottom 10 Std Stats: {'Max': np.float64(0.0), 'Min': np.float64(0.0), 'Mean': np.float64(0.0), 'Std': np.float64(0.0)}
2024-11-17 07:14:01,184 - INFO - Candidate Mean Stats: {'Max': np.float64(91.0), 'Min': np.float64(-0.2884797013577619), 'Mean': np.float64(0.32906639889123473), 'Std': np.float64(4.037907429144103)}
2024-11-17 07:14:01,185 - INFO - Candidate Std Stats: {'Max': np.float64(0.6284964471416403), 'Min': np.float64(0.0), 'Mean': np.float64(0.06401787325811954), 'Std': np.float64(0.048785474706788914)}
2024-11-17 07:14:01,186 - INFO - Top 10 Mean Stats: {'Max': np.float64(-0.14902921651240972), 'Min': np.float64(-0.2884797013577619), 'Mean': np.float64(-0.20716910264223137), 'Std': np.float64(0.042508315467223654)}
2024-11-17 07:14:01,186 - INFO - Top 10 Std Stats: {'Max': np.float64(0.6284964471416403), 'Min': np.float64(0.3126954297979262), 'Mean': np.float64(0.42744809597395567), 'Std': np.float64(0.08979209780479962)}
2024-11-17 07:14:01,186 - INFO - Bottom 10 Mean Stats: {'Max': np.float64(91.0), 'Min': np.float64(75.0), 'Mean': np.float64(79.9), 'Std': np.float64(5.262128846769148)}
2024-11-17 07:14:01,186 - INFO - Bottom 10 Std Stats: {'Max': np.float64(0.0), 'Min': np.float64(0.0), 'Mean': np.float64(0.0), 'Std': np.float64(0.0)}
[I 2024-11-17 07:14:01,199] Trial 109 finished with value: 36.0 and parameters: {'x_0': 1, 'x_1': -5, 'x_2': -1, 'x_3': 3}. Best is trial 91 with value: 5.0.
[I 2024-11-17 07:14:01,200] Trial 115 finished with value: 100.0 and parameters: {'x_0': 5, 'x_1': -5, 'x_2': -5, 'x_3': 5}. Best is trial 84 with value: 10.0.
2024-11-17 07:14:01,337 - INFO - Candidate Mean Stats: {'Max': np.float64(84.0), 'Min': np.float64(-0.2635065140546389), 'Mean': np.float64(0.3080535202931176), 'Std': np.float64(3.831771036506914)}
2024-11-17 07:14:01,337 - INFO - Candidate Std Stats: {'Max': np.float64(0.5174608240324471), 'Min': np.float64(0.0), 'Mean': np.float64(0.06296087238980201), 'Std': np.float64(0.04868731378683583)}
2024-11-17 07:14:01,338 - INFO - Top 10 Mean Stats: {'Max': np.float64(-0.16580324989537137), 'Min': np.float64(-0.2635065140546389), 'Mean': np.float64(-0.2100803662672383), 'Std': np.float64(0.025516334922507163)}
2024-11-17 07:14:01,338 - INFO - Top 10 Std Stats: {'Max': np.float64(0.5174608240324471), 'Min': np.float64(0.33852463548600886), 'Mean': np.float64(0.4041908342446116), 'Std': np.float64(0.0600135278280917)}
2024-11-17 07:14:01,338 - INFO - Bottom 10 Mean Stats: {'Max': np.float64(84.0), 'Min': np.float64(66.0), 'Mean': np.float64(72.7), 'Std': np.float64(6.403905058634146)}
2024-11-17 07:14:01,338 - INFO - Bottom 10 Std Stats: {'Max': np.float64(0.0), 'Min': np.float64(0.0), 'Mean': np.float64(0.0), 'Std': np.float64(0.0)}
[I 2024-11-17 07:14:01,355] Trial 115 finished with value: 45.0 and parameters: {'x_0': 5, 'x_1': 0, 'x_2': 4, 'x_3': 2}. Best is trial 76 with value: 7.0.
2024-11-17 07:14:01,409 - INFO - Candidate Mean Stats: {'Max': np.float64(75.0), 'Min': np.float64(-0.3446020207728676), 'Mean': np.float64(0.2753943954556749), 'Std': np.float64(3.510601512047128)}
2024-11-17 07:14:01,409 - INFO - Candidate Std Stats: {'Max': np.float64(0.4975251315173107), 'Min': np.float64(0.0), 'Mean': np.float64(0.06161078742145238), 'Std': np.float64(0.0532314196238258)}
2024-11-17 07:14:01,411 - INFO - Top 10 Mean Stats: {'Max': np.float64(-0.16258560035931097), 'Min': np.float64(-0.3446020207728676), 'Mean': np.float64(-0.2143586191605314), 'Std': np.float64(0.04997711345242873)}
2024-11-17 07:14:01,411 - INFO - Top 10 Std Stats: {'Max': np.float64(0.4975251315173107), 'Min': np.float64(0.31159693805532934), 'Mean': np.float64(0.38395705991671275), 'Std': np.float64(0.05624776849122382)}
2024-11-17 07:14:01,411 - INFO - Bottom 10 Mean Stats: {'Max': np.float64(75.0), 'Min': np.float64(59.0), 'Mean': np.float64(66.9), 'Std': np.float64(5.717516943569122)}
2024-11-17 07:14:01,411 - INFO - Bottom 10 Std Stats: {'Max': np.float64(0.0), 'Min': np.float64(0.0), 'Mean': np.float64(0.0), 'Std': np.float64(0.0)}
[I 2024-11-17 07:14:01,425] Trial 110 finished with value: 22.0 and parameters: {'x_0': -1, 'x_1': -1, 'x_2': -2, 'x_3': -4}. Best is trial 91 with value: 5.0.
2024-11-17 07:14:01,449 - INFO - Candidate Mean Stats: {'Max': np.float64(100.0), 'Min': np.float64(-0.2255937897655002), 'Mean': np.float64(0.3358865246433192), 'Std': np.float64(4.121066137418465)}
2024-11-17 07:14:01,449 - INFO - Candidate Std Stats: {'Max': np.float64(0.527851754156789), 'Min': np.float64(0.0), 'Mean': np.float64(0.06118124252861792), 'Std': np.float64(0.05144166986644481)}
2024-11-17 07:14:01,450 - INFO - Top 10 Mean Stats: {'Max': np.float64(-0.1634585377746093), 'Min': np.float64(-0.22078909278273134), 'Mean': np.float64(-0.19759197465779865), 'Std': np.float64(0.016578387314891477)}
2024-11-17 07:14:01,450 - INFO - Top 10 Std Stats: {'Max': np.float64(0.5088006499924659), 'Min': np.float64(0.350076950053964), 'Mean': np.float64(0.41226000651382416), 'Std': np.float64(0.057041253093827106)}
2024-11-17 07:14:01,450 - INFO - Bottom 10 Mean Stats: {'Max': np.float64(100.0), 'Min': np.float64(75.0), 'Mean': np.float64(82.4), 'Std': np.float64(7.709734106958554)}
2024-11-17 07:14:01,450 - INFO - Bottom 10 Std Stats: {'Max': np.float64(0.0), 'Min': np.float64(0.0), 'Mean': np.float64(0.0), 'Std': np.float64(0.0)}
[I 2024-11-17 07:14:01,470] Trial 116 finished with value: 58.0 and parameters: {'x_0': -5, 'x_1': -1, 'x_2': 4, 'x_3': 4}. Best is trial 84 with value: 10.0.
2024-11-17 07:14:01,591 - INFO - Candidate Mean Stats: {'Max': np.float64(84.0), 'Min': np.float64(-0.3343003384279863), 'Mean': np.float64(0.31150395644261425), 'Std': np.float64(3.8494969968227584)}
2024-11-17 07:14:01,591 - INFO - Candidate Std Stats: {'Max': np.float64(0.43366329976571616), 'Min': np.float64(0.0), 'Mean': np.float64(0.06386974681784514), 'Std': np.float64(0.04739792661267578)}
2024-11-17 07:14:01,592 - INFO - Top 10 Mean Stats: {'Max': np.float64(-0.07750273626769084), 'Min': np.float64(-0.3343003384279863), 'Mean': np.float64(-0.18233470970162377), 'Std': np.float64(0.081593937452557)}
2024-11-17 07:14:01,592 - INFO - Top 10 Std Stats: {'Max': np.float64(0.3807505701958882), 'Min': np.float64(0.29011053326334746), 'Mean': np.float64(0.33922982791842327), 'Std': np.float64(0.034198372594929936)}
2024-11-17 07:14:01,593 - INFO - Bottom 10 Mean Stats: {'Max': np.float64(84.0), 'Min': np.float64(66.0), 'Mean': np.float64(72.7), 'Std': np.float64(6.403905058634146)}
2024-11-17 07:14:01,593 - INFO - Bottom 10 Std Stats: {'Max': np.float64(0.0), 'Min': np.float64(0.0), 'Mean': np.float64(0.0), 'Std': np.float64(0.0)}
[I 2024-11-17 07:14:01,607] Trial 116 finished with value: 41.0 and parameters: {'x_0': 0, 'x_1': 3, 'x_2': 4, 'x_3': 4}. Best is trial 76 with value: 7.0.
2024-11-17 07:14:01,689 - INFO - Candidate Mean Stats: {'Max': np.float64(75.0), 'Min': np.float64(-0.21460058715968788), 'Mean': np.float64(0.27682194039052554), 'Std': np.float64(3.5151988029043335)}
2024-11-17 07:14:01,690 - INFO - Candidate Std Stats: {'Max': np.float64(0.4349459189172551), 'Min': np.float64(0.0), 'Mean': np.float64(0.06528430006244271), 'Std': np.float64(0.04680771395291294)}
2024-11-17 07:14:01,691 - INFO - Top 10 Mean Stats: {'Max': np.float64(-0.11921993723418096), 'Min': np.float64(-0.21460058715968788), 'Mean': np.float64(-0.1850879892244709), 'Std': np.float64(0.02615533582076335)}
2024-11-17 07:14:01,691 - INFO - Top 10 Std Stats: {'Max': np.float64(0.39844500168233776), 'Min': np.float64(0.2525383879484649), 'Mean': np.float64(0.341358933688387), 'Std': np.float64(0.047646938502286594)}
2024-11-17 07:14:01,691 - INFO - Bottom 10 Mean Stats: {'Max': np.float64(75.0), 'Min': np.float64(59.0), 'Mean': np.float64(66.9), 'Std': np.float64(5.717516943569122)}
2024-11-17 07:14:01,691 - INFO - Bottom 10 Std Stats: {'Max': np.float64(0.0), 'Min': np.float64(0.0), 'Mean': np.float64(0.0), 'Std': np.float64(0.0)}
2024-11-17 07:14:01,705 - INFO - Candidate Mean Stats: {'Max': np.float64(100.0), 'Min': np.float64(-0.23774729579258738), 'Mean': np.float64(0.3384892797255657), 'Std': np.float64(4.1486389607501275)}
2024-11-17 07:14:01,705 - INFO - Candidate Std Stats: {'Max': np.float64(0.5188288173378591), 'Min': np.float64(0.0), 'Mean': np.float64(0.06514079587631857), 'Std': np.float64(0.047077653138345346)}
[I 2024-11-17 07:14:01,705] Trial 111 finished with value: 54.0 and parameters: {'x_0': 2, 'x_1': -5, 'x_2': -5, 'x_3': 0}. Best is trial 91 with value: 5.0.
2024-11-17 07:14:01,706 - INFO - Top 10 Mean Stats: {'Max': np.float64(-0.13247550618920872), 'Min': np.float64(-0.23774729579258738), 'Mean': np.float64(-0.16975848893747808), 'Std': np.float64(0.02929938717057871)}
2024-11-17 07:14:01,706 - INFO - Top 10 Std Stats: {'Max': np.float64(0.4547963340527082), 'Min': np.float64(0.30576099515611793), 'Mean': np.float64(0.3475491519505811), 'Std': np.float64(0.04129995115150436)}
2024-11-17 07:14:01,707 - INFO - Bottom 10 Mean Stats: {'Max': np.float64(100.0), 'Min': np.float64(75.0), 'Mean': np.float64(82.4), 'Std': np.float64(7.709734106958554)}
2024-11-17 07:14:01,707 - INFO - Bottom 10 Std Stats: {'Max': np.float64(0.0), 'Min': np.float64(0.0), 'Mean': np.float64(0.0), 'Std': np.float64(0.0)}
