[I 2024-11-17 07:13:38,043] Trial 20 finished with value: 47.0 and parameters: {'x_0': 5, 'x_1': 3, 'x_2': 3, 'x_3': 2}. Best is trial 1 with value: 20.0.
2024-11-17 07:13:38,241 - INFO - Candidate Mean Stats: {'Max': np.float64(67.0), 'Min': np.float64(-0.26204740762849277), 'Mean': np.float64(0.05568200534567047), 'Std': np.float64(1.574023846339299)}
2024-11-17 07:13:38,241 - INFO - Candidate Std Stats: {'Max': np.float64(0.5850806797713272), 'Min': np.float64(0.0), 'Mean': np.float64(0.0663654451140505), 'Std': np.float64(0.045817763059355955)}
2024-11-17 07:13:38,243 - INFO - Top 10 Mean Stats: {'Max': np.float64(-0.15207787822277483), 'Min': np.float64(-0.26204740762849277), 'Mean': np.float64(-0.210362928911369), 'Std': np.float64(0.03478367763239215)}
2024-11-17 07:13:38,243 - INFO - Top 10 Std Stats: {'Max': np.float64(0.5850806797713272), 'Min': np.float64(0.38654579430934477), 'Mean': np.float64(0.4443450859877712), 'Std': np.float64(0.0545694209471315)}
2024-11-17 07:13:38,243 - INFO - Bottom 10 Mean Stats: {'Max': np.float64(67.0), 'Min': np.float64(36.0), 'Mean': np.float64(52.7), 'Std': np.float64(10.325211862233143)}
2024-11-17 07:13:38,243 - INFO - Bottom 10 Std Stats: {'Max': np.float64(0.0), 'Min': np.float64(0.0), 'Mean': np.float64(0.0), 'Std': np.float64(0.0)}
[I 2024-11-17 07:13:38,260] Trial 21 finished with value: 33.0 and parameters: {'x_0': -3, 'x_1': -2, 'x_2': -4, 'x_3': 2}. Best is trial 3 with value: 13.0.
2024-11-17 07:13:38,286 - INFO - Candidate Mean Stats: {'Max': np.float64(75.0), 'Min': np.float64(-0.22191334245460656), 'Mean': np.float64(0.05475513727361931), 'Std': np.float64(1.5418436652918612)}
2024-11-17 07:13:38,287 - INFO - Candidate Std Stats: {'Max': np.float64(0.4433300563326663), 'Min': np.float64(0.0), 'Mean': np.float64(0.06432032168806219), 'Std': np.float64(0.04592703506533085)}
2024-11-17 07:13:38,288 - INFO - Top 10 Mean Stats: {'Max': np.float64(-0.13475755267095124), 'Min': np.float64(-0.2155679668445504), 'Mean': np.float64(-0.17841628878928822), 'Std': np.float64(0.022238848359571177)}
2024-11-17 07:13:38,288 - INFO - Top 10 Std Stats: {'Max': np.float64(0.40128009358059), 'Min': np.float64(0.26543176968464244), 'Mean': np.float64(0.3352050494894499), 'Std': np.float64(0.03573721076916299)}
2024-11-17 07:13:38,288 - INFO - Bottom 10 Mean Stats: {'Max': np.float64(75.0), 'Min': np.float64(37.0), 'Mean': np.float64(49.7), 'Std': np.float64(11.018620603324175)}
2024-11-17 07:13:38,288 - INFO - Bottom 10 Std Stats: {'Max': np.float64(0.0), 'Min': np.float64(0.0), 'Mean': np.float64(0.0), 'Std': np.float64(0.0)}
[I 2024-11-17 07:13:38,301] Trial 21 finished with value: 33.0 and parameters: {'x_0': 2, 'x_1': -2, 'x_2': -3, 'x_3': 4}. Best is trial 1 with value: 20.0.
2024-11-17 07:13:38,304 - INFO - Candidate Mean Stats: {'Max': np.float64(66.0), 'Min': np.float64(-0.2957936170091088), 'Mean': np.float64(0.0598154492665092), 'Std': np.float64(1.7260737447848253)}
2024-11-17 07:13:38,304 - INFO - Candidate Std Stats: {'Max': np.float64(0.5677666720748549), 'Min': np.float64(0.0), 'Mean': np.float64(0.062299182532835874), 'Std': np.float64(0.048666588969697576)}
2024-11-17 07:13:38,305 - INFO - Top 10 Mean Stats: {'Max': np.float64(-0.16890413937720375), 'Min': np.float64(-0.2957936170091088), 'Mean': np.float64(-0.2032896838917746), 'Std': np.float64(0.03644969766814149)}
2024-11-17 07:13:38,306 - INFO - Top 10 Std Stats: {'Max': np.float64(0.5677666720748549), 'Min': np.float64(0.36136247587025755), 'Mean': np.float64(0.4139315073354982), 'Std': np.float64(0.05671217908130891)}
2024-11-17 07:13:38,306 - INFO - Bottom 10 Mean Stats: {'Max': np.float64(66.0), 'Min': np.float64(50.0), 'Mean': np.float64(56.4), 'Std': np.float64(4.983974317750845)}
2024-11-17 07:13:38,306 - INFO - Bottom 10 Std Stats: {'Max': np.float64(0.0), 'Min': np.float64(0.0), 'Mean': np.float64(0.0), 'Std': np.float64(0.0)}
[I 2024-11-17 07:13:38,324] Trial 20 finished with value: 22.0 and parameters: {'x_0': -1, 'x_1': -1, 'x_2': 2, 'x_3': 4}. Best is trial 7 with value: 6.0.
2024-11-17 07:13:38,578 - INFO - Candidate Mean Stats: {'Max': np.float64(75.0), 'Min': np.float64(-0.21820990867432694), 'Mean': np.float64(0.057090436371594416), 'Std': np.float64(1.565705421697225)}
2024-11-17 07:13:38,578 - INFO - Candidate Std Stats: {'Max': np.float64(0.42500810307054454), 'Min': np.float64(0.0), 'Mean': np.float64(0.06509463087998), 'Std': np.float64(0.04593985621336425)}
2024-11-17 07:13:38,579 - INFO - Top 10 Mean Stats: {'Max': np.float64(-0.13457950079585507), 'Min': np.float64(-0.21820990867432694), 'Mean': np.float64(-0.1859891331838976), 'Std': np.float64(0.024467914166723143)}
2024-11-17 07:13:38,579 - INFO - Top 10 Std Stats: {'Max': np.float64(0.3715604945997672), 'Min': np.float64(0.23969811669873364), 'Mean': np.float64(0.30880723915517444), 'Std': np.float64(0.03841592556616421)}
2024-11-17 07:13:38,579 - INFO - Bottom 10 Mean Stats: {'Max': np.float64(75.0), 'Min': np.float64(37.0), 'Mean': np.float64(49.7), 'Std': np.float64(11.018620603324175)}
2024-11-17 07:13:38,579 - INFO - Bottom 10 Std Stats: {'Max': np.float64(0.0), 'Min': np.float64(0.0), 'Mean': np.float64(0.0), 'Std': np.float64(0.0)}
[I 2024-11-17 07:13:38,593] Trial 22 finished with value: 84.0 and parameters: {'x_0': 5, 'x_1': -3, 'x_2': -5, 'x_3': 5}. Best is trial 1 with value: 20.0.
2024-11-17 07:13:38,606 - INFO - Candidate Mean Stats: {'Max': np.float64(67.0), 'Min': np.float64(-0.3909279723246149), 'Mean': np.float64(0.05831585776503518), 'Std': np.float64(1.597370394767276)}
2024-11-17 07:13:38,607 - INFO - Candidate Std Stats: {'Max': np.float64(0.4466721411525807), 'Min': np.float64(0.0), 'Mean': np.float64(0.06360390553908722), 'Std': np.float64(0.048975498154575435)}
2024-11-17 07:13:38,608 - INFO - Top 10 Mean Stats: {'Max': np.float64(-0.0733174186446414), 'Min': np.float64(-0.3909279723246149), 'Mean': np.float64(-0.21000932660124777), 'Std': np.float64(0.07343680520070289)}
2024-11-17 07:13:38,608 - INFO - Top 10 Std Stats: {'Max': np.float64(0.4466721411525807), 'Min': np.float64(0.29184750075491034), 'Mean': np.float64(0.34699903207233457), 'Std': np.float64(0.0400319703265635)}
2024-11-17 07:13:38,608 - INFO - Bottom 10 Mean Stats: {'Max': np.float64(67.0), 'Min': np.float64(36.0), 'Mean': np.float64(52.7), 'Std': np.float64(10.325211862233143)}
2024-11-17 07:13:38,608 - INFO - Bottom 10 Std Stats: {'Max': np.float64(0.0), 'Min': np.float64(0.0), 'Mean': np.float64(0.0), 'Std': np.float64(0.0)}
[I 2024-11-17 07:13:38,625] Trial 22 finished with value: 37.0 and parameters: {'x_0': -5, 'x_1': 2, 'x_2': -2, 'x_3': -2}. Best is trial 3 with value: 13.0.
2024-11-17 07:13:38,693 - INFO - Candidate Mean Stats: {'Max': np.float64(66.0), 'Min': np.float64(-0.2849196339752905), 'Mean': np.float64(0.060983454922523155), 'Std': np.float64(1.7355879855581773)}
2024-11-17 07:13:38,693 - INFO - Candidate Std Stats: {'Max': np.float64(0.5346881575618507), 'Min': np.float64(0.0), 'Mean': np.float64(0.06291277305546196), 'Std': np.float64(0.04767267576152131)}
2024-11-17 07:13:38,695 - INFO - Top 10 Mean Stats: {'Max': np.float64(-0.14821380496697506), 'Min': np.float64(-0.2849196339752905), 'Mean': np.float64(-0.2072797781464018), 'Std': np.float64(0.039358607304863916)}
2024-11-17 07:13:38,695 - INFO - Top 10 Std Stats: {'Max': np.float64(0.5346881575618507), 'Min': np.float64(0.286092679440472), 'Mean': np.float64(0.3683169393515215), 'Std': np.float64(0.06906133105573144)}
2024-11-17 07:13:38,695 - INFO - Bottom 10 Mean Stats: {'Max': np.float64(66.0), 'Min': np.float64(50.0), 'Mean': np.float64(56.4), 'Std': np.float64(4.983974317750845)}
2024-11-17 07:13:38,696 - INFO - Bottom 10 Std Stats: {'Max': np.float64(0.0), 'Min': np.float64(0.0), 'Mean': np.float64(0.0), 'Std': np.float64(0.0)}
[I 2024-11-17 07:13:38,712] Trial 21 finished with value: 7.0 and parameters: {'x_0': 1, 'x_1': 1, 'x_2': -1, 'x_3': -2}. Best is trial 7 with value: 6.0.
2024-11-17 07:13:38,827 - INFO - Candidate Mean Stats: {'Max': np.float64(84.0), 'Min': np.float64(-0.3330696231706502), 'Mean': np.float64(0.06282637367297626), 'Std': np.float64(1.712499479592247)}
2024-11-17 07:13:38,827 - INFO - Candidate Std Stats: {'Max': np.float64(0.5220782924914654), 'Min': np.float64(0.0), 'Mean': np.float64(0.06492144119408218), 'Std': np.float64(0.04428242408901161)}
2024-11-17 07:13:38,828 - INFO - Top 10 Mean Stats: {'Max': np.float64(-0.13109948356999587), 'Min': np.float64(-0.3330696231706502), 'Mean': np.float64(-0.20651836867169399), 'Std': np.float64(0.05650926390540827)}
2024-11-17 07:13:38,828 - INFO - Top 10 Std Stats: {'Max': np.float64(0.3876310511162114), 'Min': np.float64(0.26448415586120244), 'Mean': np.float64(0.3304163692396068), 'Std': np.float64(0.04156895228706147)}
2024-11-17 07:13:38,828 - INFO - Bottom 10 Mean Stats: {'Max': np.float64(84.0), 'Min': np.float64(39.0), 'Mean': np.float64(54.4), 'Std': np.float64(14.1718029904455)}
2024-11-17 07:13:38,828 - INFO - Bottom 10 Std Stats: {'Max': np.float64(0.0), 'Min': np.float64(0.0), 'Mean': np.float64(0.0), 'Std': np.float64(0.0)}
[I 2024-11-17 07:13:38,842] Trial 23 finished with value: 21.0 and parameters: {'x_0': -2, 'x_1': 0, 'x_2': 4, 'x_3': 1}. Best is trial 1 with value: 20.0.
2024-11-17 07:13:38,843 - INFO - Candidate Mean Stats: {'Max': np.float64(67.0), 'Min': np.float64(-0.23716537342699412), 'Mean': np.float64(0.05854853616730995), 'Std': np.float64(1.6263704005836985)}
2024-11-17 07:13:38,843 - INFO - Candidate Std Stats: {'Max': np.float64(0.44691557730090853), 'Min': np.float64(0.0), 'Mean': np.float64(0.0647043760860037), 'Std': np.float64(0.04733031608284633)}
2024-11-17 07:13:38,845 - INFO - Top 10 Mean Stats: {'Max': np.float64(-0.1277342305459029), 'Min': np.float64(-0.23716537342699412), 'Mean': np.float64(-0.18967456591691972), 'Std': np.float64(0.033419479800869935)}
2024-11-17 07:13:38,845 - INFO - Top 10 Std Stats: {'Max': np.float64(0.44691557730090853), 'Min': np.float64(0.2845906197774495), 'Mean': np.float64(0.33795839804467864), 'Std': np.float64(0.045674878765148585)}
2024-11-17 07:13:38,845 - INFO - Bottom 10 Mean Stats: {'Max': np.float64(67.0), 'Min': np.float64(37.0), 'Mean': np.float64(52.8), 'Std': np.float64(10.166612021711067)}
2024-11-17 07:13:38,845 - INFO - Bottom 10 Std Stats: {'Max': np.float64(0.0), 'Min': np.float64(0.0), 'Mean': np.float64(0.0), 'Std': np.float64(0.0)}
[I 2024-11-17 07:13:38,857] Trial 23 finished with value: 35.0 and parameters: {'x_0': -5, 'x_1': 1, 'x_2': 3, 'x_3': 0}. Best is trial 3 with value: 13.0.
2024-11-17 07:13:38,935 - INFO - Candidate Mean Stats: {'Max': np.float64(66.0), 'Min': np.float64(-0.23786415780726844), 'Mean': np.float64(0.062248532329556586), 'Std': np.float64(1.7364975237580378)}
2024-11-17 07:13:38,935 - INFO - Candidate Std Stats: {'Max': np.float64(0.43079980303955817), 'Min': np.float64(0.0), 'Mean': np.float64(0.06364851485214948), 'Std': np.float64(0.04498948754308176)}
2024-11-17 07:13:38,936 - INFO - Top 10 Mean Stats: {'Max': np.float64(-0.1322060629155878), 'Min': np.float64(-0.23786415780726844), 'Mean': np.float64(-0.1912910389901588), 'Std': np.float64(0.03156819814528999)}
2024-11-17 07:13:38,936 - INFO - Top 10 Std Stats: {'Max': np.float64(0.43079980303955817), 'Min': np.float64(0.25399278448855395), 'Mean': np.float64(0.3260952621012284), 'Std': np.float64(0.05114748108142348)}
2024-11-17 07:13:38,936 - INFO - Bottom 10 Mean Stats: {'Max': np.float64(66.0), 'Min': np.float64(50.0), 'Mean': np.float64(56.4), 'Std': np.float64(4.983974317750845)}
2024-11-17 07:13:38,936 - INFO - Bottom 10 Std Stats: {'Max': np.float64(0.0), 'Min': np.float64(0.0), 'Mean': np.float64(0.0), 'Std': np.float64(0.0)}
[I 2024-11-17 07:13:38,949] Trial 22 finished with value: 23.0 and parameters: {'x_0': -3, 'x_1': 3, 'x_2': -1, 'x_3': -2}. Best is trial 7 with value: 6.0.
2024-11-17 07:13:39,060 - INFO - Candidate Mean Stats: {'Max': np.float64(84.0), 'Min': np.float64(-0.2456464775253699), 'Mean': np.float64(0.06481207103395965), 'Std': np.float64(1.7212047005982705)}
2024-11-17 07:13:39,060 - INFO - Candidate Std Stats: {'Max': np.float64(0.4398878068176313), 'Min': np.float64(0.0), 'Mean': np.float64(0.062485952774855934), 'Std': np.float64(0.050116740747068914)}
2024-11-17 07:13:39,062 - INFO - Top 10 Mean Stats: {'Max': np.float64(-0.09052016529740375), 'Min': np.float64(-0.2456464775253699), 'Mean': np.float64(-0.17285436376444796), 'Std': np.float64(0.04118885772307176)}
2024-11-17 07:13:39,062 - INFO - Top 10 Std Stats: {'Max': np.float64(0.3977251473920786), 'Min': np.float64(0.3070298253335484), 'Mean': np.float64(0.34670659645493657), 'Std': np.float64(0.030948579403149865)}
2024-11-17 07:13:39,062 - INFO - Bottom 10 Mean Stats: {'Max': np.float64(84.0), 'Min': np.float64(39.0), 'Mean': np.float64(54.4), 'Std': np.float64(14.1718029904455)}
2024-11-17 07:13:39,062 - INFO - Bottom 10 Std Stats: {'Max': np.float64(0.0), 'Min': np.float64(0.0), 'Mean': np.float64(0.0), 'Std': np.float64(0.0)}
[I 2024-11-17 07:13:39,078] Trial 24 finished with value: 52.0 and parameters: {'x_0': 3, 'x_1': 5, 'x_2': 3, 'x_3': -3}. Best is trial 1 with value: 20.0.
2024-11-17 07:13:39,092 - INFO - Candidate Mean Stats: {'Max': np.float64(67.0), 'Min': np.float64(-0.23382608584526793), 'Mean': np.float64(0.060100392414581774), 'Std': np.float64(1.6518128694494858)}
2024-11-17 07:13:39,092 - INFO - Candidate Std Stats: {'Max': np.float64(0.43229633036178405), 'Min': np.float64(0.0), 'Mean': np.float64(0.062341706040913374), 'Std': np.float64(0.04706908277807152)}
2024-11-17 07:13:39,093 - INFO - Top 10 Mean Stats: {'Max': np.float64(-0.17409833148313614), 'Min': np.float64(-0.23382608584526793), 'Mean': np.float64(-0.20724059485299423), 'Std': np.float64(0.017804919093541524)}
2024-11-17 07:13:39,093 - INFO - Top 10 Std Stats: {'Max': np.float64(0.43229633036178405), 'Min': np.float64(0.3447781075587575), 'Mean': np.float64(0.3875824572329577), 'Std': np.float64(0.03316178416140539)}
2024-11-17 07:13:39,093 - INFO - Bottom 10 Mean Stats: {'Max': np.float64(67.0), 'Min': np.float64(37.0), 'Mean': np.float64(52.8), 'Std': np.float64(10.166612021711067)}
2024-11-17 07:13:39,093 - INFO - Bottom 10 Std Stats: {'Max': np.float64(0.0), 'Min': np.float64(0.0), 'Mean': np.float64(0.0), 'Std': np.float64(0.0)}
[I 2024-11-17 07:13:39,114] Trial 24 finished with value: 18.0 and parameters: {'x_0': 3, 'x_1': 1, 'x_2': -2, 'x_3': -2}. Best is trial 3 with value: 13.0.
2024-11-17 07:13:39,190 - INFO - Candidate Mean Stats: {'Max': np.float64(66.0), 'Min': np.float64(-0.26283759714123595), 'Mean': np.float64(0.06331102247319746), 'Std': np.float64(1.7468491342553958)}
2024-11-17 07:13:39,190 - INFO - Candidate Std Stats: {'Max': np.float64(0.52706621215312), 'Min': np.float64(0.0), 'Mean': np.float64(0.062450290253646484), 'Std': np.float64(0.04971478724403722)}
2024-11-17 07:13:39,191 - INFO - Top 10 Mean Stats: {'Max': np.float64(-0.1551029022646572), 'Min': np.float64(-0.26283759714123595), 'Mean': np.float64(-0.20073633008427966), 'Std': np.float64(0.03543187630673592)}
2024-11-17 07:13:39,191 - INFO - Top 10 Std Stats: {'Max': np.float64(0.5118022893111377), 'Min': np.float64(0.3469467866901981), 'Mean': np.float64(0.40812746682462436), 'Std': np.float64(0.049946138535100375)}
2024-11-17 07:13:39,191 - INFO - Bottom 10 Mean Stats: {'Max': np.float64(66.0), 'Min': np.float64(50.0), 'Mean': np.float64(56.4), 'Std': np.float64(4.983974317750845)}
2024-11-17 07:13:39,191 - INFO - Bottom 10 Std Stats: {'Max': np.float64(0.0), 'Min': np.float64(0.0), 'Mean': np.float64(0.0), 'Std': np.float64(0.0)}
[I 2024-11-17 07:13:39,204] Trial 23 finished with value: 70.0 and parameters: {'x_0': -5, 'x_1': -4, 'x_2': -2, 'x_3': -5}. Best is trial 7 with value: 6.0.
2024-11-17 07:13:39,311 - INFO - Candidate Mean Stats: {'Max': np.float64(84.0), 'Min': np.float64(-0.2668871547045616), 'Mean': np.float64(0.06753323961626292), 'Std': np.float64(1.7739727662223592)}
2024-11-17 07:13:39,311 - INFO - Candidate Std Stats: {'Max': np.float64(0.4450592386614724), 'Min': np.float64(0.0), 'Mean': np.float64(0.06481745071747907), 'Std': np.float64(0.05045915842794769)}
2024-11-17 07:13:39,312 - INFO - Top 10 Mean Stats: {'Max': np.float64(-0.06800601962633838), 'Min': np.float64(-0.2668871547045616), 'Mean': np.float64(-0.16783562353936235), 'Std': np.float64(0.05260872959287264)}
2024-11-17 07:13:39,312 - INFO - Top 10 Std Stats: {'Max': np.float64(0.4450592386614724), 'Min': np.float64(0.27083494327048396), 'Mean': np.float64(0.36372053575667146), 'Std': np.float64(0.054630761966290325)}
2024-11-17 07:13:39,312 - INFO - Bottom 10 Mean Stats: {'Max': np.float64(84.0), 'Min': np.float64(42.0), 'Mean': np.float64(55.7), 'Std': np.float64(13.266876045248933)}
2024-11-17 07:13:39,312 - INFO - Bottom 10 Std Stats: {'Max': np.float64(0.0), 'Min': np.float64(0.0), 'Mean': np.float64(0.0), 'Std': np.float64(0.0)}
2024-11-17 07:13:39,324 - INFO - Candidate Mean Stats: {'Max': np.float64(67.0), 'Min': np.float64(-0.22645596803036055), 'Mean': np.float64(0.06318083026543217), 'Std': np.float64(1.6583876029665328)}
2024-11-17 07:13:39,324 - INFO - Candidate Std Stats: {'Max': np.float64(0.42608364071941807), 'Min': np.float64(0.0), 'Mean': np.float64(0.0652291691441977), 'Std': np.float64(0.04572437368803622)}
[I 2024-11-17 07:13:39,325] Trial 25 finished with value: 34.0 and parameters: {'x_0': 3, 'x_1': 4, 'x_2': 0, 'x_3': -3}. Best is trial 1 with value: 20.0.
2024-11-17 07:13:39,325 - INFO - Top 10 Mean Stats: {'Max': np.float64(-0.1284564582992579), 'Min': np.float64(-0.21625035041567725), 'Mean': np.float64(-0.18615234265459613), 'Std': np.float64(0.02965897524844715)}
2024-11-17 07:13:39,325 - INFO - Top 10 Std Stats: {'Max': np.float64(0.42608364071941807), 'Min': np.float64(0.2716863193480115), 'Mean': np.float64(0.3723505439620334), 'Std': np.float64(0.04854220312838621)}
2024-11-17 07:13:39,325 - INFO - Bottom 10 Mean Stats: {'Max': np.float64(67.0), 'Min': np.float64(37.0), 'Mean': np.float64(52.8), 'Std': np.float64(10.166612021711067)}
2024-11-17 07:13:39,325 - INFO - Bottom 10 Std Stats: {'Max': np.float64(0.0), 'Min': np.float64(0.0), 'Mean': np.float64(0.0), 'Std': np.float64(0.0)}
[I 2024-11-17 07:13:39,338] Trial 25 finished with value: 35.0 and parameters: {'x_0': -1, 'x_1': 5, 'x_2': 0, 'x_3': 3}. Best is trial 3 with value: 13.0.
2024-11-17 07:13:39,428 - INFO - Candidate Mean Stats: {'Max': np.float64(70.0), 'Min': np.float64(-0.2250049795786731), 'Mean': np.float64(0.06745535710164384), 'Std': np.float64(1.8399789505483124)}
2024-11-17 07:13:39,428 - INFO - Candidate Std Stats: {'Max': np.float64(0.455368609630369), 'Min': np.float64(0.0), 'Mean': np.float64(0.06217587492532822), 'Std': np.float64(0.04765289089317528)}
2024-11-17 07:13:39,429 - INFO - Top 10 Mean Stats: {'Max': np.float64(-0.14834728567802652), 'Min': np.float64(-0.2250049795786731), 'Mean': np.float64(-0.19425564555419259), 'Std': np.float64(0.023656457681665487)}
2024-11-17 07:13:39,429 - INFO - Top 10 Std Stats: {'Max': np.float64(0.455368609630369), 'Min': np.float64(0.3020618074363552), 'Mean': np.float64(0.37197334718446606), 'Std': np.float64(0.054062781882929505)}
2024-11-17 07:13:39,429 - INFO - Bottom 10 Mean Stats: {'Max': np.float64(70.0), 'Min': np.float64(51.0), 'Mean': np.float64(58.4), 'Std': np.float64(5.9363288318623315)}
2024-11-17 07:13:39,429 - INFO - Bottom 10 Std Stats: {'Max': np.float64(0.0), 'Min': np.float64(0.0), 'Mean': np.float64(0.0), 'Std': np.float64(0.0)}
