[I 2024-11-17 07:14:41,636] Trial 272 finished with value: 84.0 and parameters: {'x_0': -3, 'x_1': -5, 'x_2': -5, 'x_3': -5}. Best is trial 179 with value: 1.0.
2024-11-17 07:14:41,755 - INFO - Candidate Mean Stats: {'Max': np.float64(91.0), 'Min': np.float64(-0.243733598400626), 'Mean': np.float64(0.6387743161520539), 'Std': np.float64(5.450137305238321)}
2024-11-17 07:14:41,755 - INFO - Candidate Std Stats: {'Max': np.float64(0.4837280671562652), 'Min': np.float64(0.0), 'Mean': np.float64(0.05984096711177409), 'Std': np.float64(0.05342850917690237)}
2024-11-17 07:14:41,757 - INFO - Top 10 Mean Stats: {'Max': np.float64(-0.08414417160618466), 'Min': np.float64(-0.24229444494597244), 'Mean': np.float64(-0.1811797197989356), 'Std': np.float64(0.04049181634492887)}
2024-11-17 07:14:41,757 - INFO - Top 10 Std Stats: {'Max': np.float64(0.48149849599925665), 'Min': np.float64(0.34522742678538054), 'Mean': np.float64(0.3991357965602821), 'Std': np.float64(0.037035176338621405)}
2024-11-17 07:14:41,757 - INFO - Bottom 10 Mean Stats: {'Max': np.float64(91.0), 'Min': np.float64(73.0), 'Mean': np.float64(76.9), 'Std': np.float64(5.262128846769148)}
2024-11-17 07:14:41,757 - INFO - Bottom 10 Std Stats: {'Max': np.float64(0.0), 'Min': np.float64(0.0), 'Mean': np.float64(0.0), 'Std': np.float64(0.0)}
[I 2024-11-17 07:14:41,773] Trial 255 finished with value: 6.0 and parameters: {'x_0': -2, 'x_1': -1, 'x_2': -1, 'x_3': 0}. Best is trial 141 with value: 2.0.
2024-11-17 07:14:41,869 - INFO - Candidate Mean Stats: {'Max': np.float64(100.0), 'Min': np.float64(-0.1452958250753795), 'Mean': np.float64(0.9168563627794264), 'Std': np.float64(7.331950161819084)}
2024-11-17 07:14:41,869 - INFO - Candidate Std Stats: {'Max': np.float64(0.5714449551489467), 'Min': np.float64(0.0), 'Mean': np.float64(0.04648915155966619), 'Std': np.float64(0.044385054240927854)}
2024-11-17 07:14:41,870 - INFO - Top 10 Mean Stats: {'Max': np.float64(0.17042291218079328), 'Min': np.float64(-0.1452958250753795), 'Mean': np.float64(-0.10013213566677466), 'Std': np.float64(0.09079381099474546)}
2024-11-17 07:14:41,870 - INFO - Top 10 Std Stats: {'Max': np.float64(0.5714449551489467), 'Min': np.float64(0.26385446978567756), 'Mean': np.float64(0.3393678065096554), 'Std': np.float64(0.11350993636209777)}
2024-11-17 07:14:41,870 - INFO - Bottom 10 Mean Stats: {'Max': np.float64(100.0), 'Min': np.float64(91.0), 'Mean': np.float64(95.5), 'Std': np.float64(4.5)}
2024-11-17 07:14:41,870 - INFO - Bottom 10 Std Stats: {'Max': np.float64(0.0), 'Min': np.float64(0.0), 'Mean': np.float64(0.0), 'Std': np.float64(0.0)}
2024-11-17 07:14:41,878 - INFO - Candidate Mean Stats: {'Max': np.float64(100.0), 'Min': np.float64(-0.26120624709790574), 'Mean': np.float64(0.820229089892377), 'Std': np.float64(6.729381930354821)}
2024-11-17 07:14:41,878 - INFO - Candidate Std Stats: {'Max': np.float64(0.5110404462878171), 'Min': np.float64(0.0), 'Mean': np.float64(0.04459673006585119), 'Std': np.float64(0.04401833978218576)}
2024-11-17 07:14:41,880 - INFO - Top 10 Mean Stats: {'Max': np.float64(-0.15745247798708273), 'Min': np.float64(-0.26120624709790574), 'Mean': np.float64(-0.2109220862064393), 'Std': np.float64(0.026416437051096843)}
2024-11-17 07:14:41,880 - INFO - Top 10 Std Stats: {'Max': np.float64(0.5110404462878171), 'Min': np.float64(0.32282522489876264), 'Mean': np.float64(0.3863015285879882), 'Std': np.float64(0.05305600286691482)}
2024-11-17 07:14:41,880 - INFO - Bottom 10 Mean Stats: {'Max': np.float64(100.0), 'Min': np.float64(84.0), 'Mean': np.float64(92.3), 'Std': np.float64(5.692978130996113)}
2024-11-17 07:14:41,880 - INFO - Bottom 10 Std Stats: {'Max': np.float64(0.0), 'Min': np.float64(0.0), 'Mean': np.float64(0.0), 'Std': np.float64(0.0)}
[I 2024-11-17 07:14:41,889] Trial 273 finished with value: 76.0 and parameters: {'x_0': 1, 'x_1': 5, 'x_2': -5, 'x_3': 5}. Best is trial 179 with value: 1.0.
[I 2024-11-17 07:14:41,899] Trial 265 finished with value: 30.0 and parameters: {'x_0': -1, 'x_1': -2, 'x_2': 5, 'x_3': 0}. Best is trial 248 with value: 5.0.
2024-11-17 07:14:42,069 - INFO - Candidate Mean Stats: {'Max': np.float64(91.0), 'Min': np.float64(-0.29818115285910685), 'Mean': np.float64(0.6398080061153121), 'Std': np.float64(5.4502446391870665)}
2024-11-17 07:14:42,069 - INFO - Candidate Std Stats: {'Max': np.float64(0.6823072815182795), 'Min': np.float64(0.0), 'Mean': np.float64(0.06092852209682623), 'Std': np.float64(0.05072305051232567)}
2024-11-17 07:14:42,071 - INFO - Top 10 Mean Stats: {'Max': np.float64(-0.049685976728759185), 'Min': np.float64(-0.29818115285910685), 'Mean': np.float64(-0.2147758088810959), 'Std': np.float64(0.07257102221812547)}
2024-11-17 07:14:42,071 - INFO - Top 10 Std Stats: {'Max': np.float64(0.6823072815182795), 'Min': np.float64(0.29288554009767165), 'Mean': np.float64(0.4220687472153468), 'Std': np.float64(0.11887279750466968)}
2024-11-17 07:14:42,071 - INFO - Bottom 10 Mean Stats: {'Max': np.float64(91.0), 'Min': np.float64(73.0), 'Mean': np.float64(76.9), 'Std': np.float64(5.262128846769148)}
2024-11-17 07:14:42,071 - INFO - Bottom 10 Std Stats: {'Max': np.float64(0.0), 'Min': np.float64(0.0), 'Mean': np.float64(0.0), 'Std': np.float64(0.0)}
[I 2024-11-17 07:14:42,087] Trial 256 finished with value: 6.0 and parameters: {'x_0': -2, 'x_1': 0, 'x_2': 1, 'x_3': -1}. Best is trial 141 with value: 2.0.
2024-11-17 07:14:42,148 - INFO - Candidate Mean Stats: {'Max': np.float64(100.0), 'Min': np.float64(-0.27633092785627855), 'Mean': np.float64(0.9279628850464399), 'Std': np.float64(7.357432157963816)}
2024-11-17 07:14:42,148 - INFO - Candidate Std Stats: {'Max': np.float64(0.5553371762682048), 'Min': np.float64(0.0), 'Mean': np.float64(0.04630446378837461), 'Std': np.float64(0.04560795749734806)}
2024-11-17 07:14:42,150 - INFO - Top 10 Mean Stats: {'Max': np.float64(-0.14698107553309622), 'Min': np.float64(-0.27633092785627855), 'Mean': np.float64(-0.20539006085720174), 'Std': np.float64(0.03891093433374819)}
2024-11-17 07:14:42,150 - INFO - Top 10 Std Stats: {'Max': np.float64(0.5553371762682048), 'Min': np.float64(0.2500148660961953), 'Mean': np.float64(0.4163079422818721), 'Std': np.float64(0.09832640500273089)}
2024-11-17 07:14:42,150 - INFO - Bottom 10 Mean Stats: {'Max': np.float64(100.0), 'Min': np.float64(91.0), 'Mean': np.float64(95.5), 'Std': np.float64(4.5)}
2024-11-17 07:14:42,150 - INFO - Bottom 10 Std Stats: {'Max': np.float64(0.0), 'Min': np.float64(0.0), 'Mean': np.float64(0.0), 'Std': np.float64(0.0)}
2024-11-17 07:14:42,150 - INFO - Candidate Mean Stats: {'Max': np.float64(100.0), 'Min': np.float64(-0.3350168248890342), 'Mean': np.float64(0.8210339306325131), 'Std': np.float64(6.733850360612267)}
2024-11-17 07:14:42,151 - INFO - Candidate Std Stats: {'Max': np.float64(0.687329222328134), 'Min': np.float64(0.0), 'Mean': np.float64(0.04631186583346093), 'Std': np.float64(0.04752693269426238)}
2024-11-17 07:14:42,152 - INFO - Top 10 Mean Stats: {'Max': np.float64(-0.12941524624107675), 'Min': np.float64(-0.3350168248890342), 'Mean': np.float64(-0.197080663143845), 'Std': np.float64(0.0498584128499606)}
2024-11-17 07:14:42,152 - INFO - Top 10 Std Stats: {'Max': np.float64(0.5678211917503609), 'Min': np.float64(0.3061858184164856), 'Mean': np.float64(0.3781632804785424), 'Std': np.float64(0.07331610806991994)}
2024-11-17 07:14:42,152 - INFO - Bottom 10 Mean Stats: {'Max': np.float64(100.0), 'Min': np.float64(84.0), 'Mean': np.float64(92.3), 'Std': np.float64(5.692978130996113)}
2024-11-17 07:14:42,152 - INFO - Bottom 10 Std Stats: {'Max': np.float64(0.0), 'Min': np.float64(0.0), 'Mean': np.float64(0.0), 'Std': np.float64(0.0)}
[I 2024-11-17 07:14:42,165] Trial 274 finished with value: 60.0 and parameters: {'x_0': 3, 'x_1': -5, 'x_2': -5, 'x_3': 1}. Best is trial 179 with value: 1.0.
[I 2024-11-17 07:14:42,166] Trial 266 finished with value: 30.0 and parameters: {'x_0': -3, 'x_1': -4, 'x_2': -2, 'x_3': 1}. Best is trial 248 with value: 5.0.
2024-11-17 07:14:42,335 - INFO - Candidate Mean Stats: {'Max': np.float64(91.0), 'Min': np.float64(-0.26956529622229375), 'Mean': np.float64(0.639785970835445), 'Std': np.float64(5.450469186382988)}
2024-11-17 07:14:42,335 - INFO - Candidate Std Stats: {'Max': np.float64(0.5913050219990874), 'Min': np.float64(0.0), 'Mean': np.float64(0.06280004915299316), 'Std': np.float64(0.04812745523827182)}
2024-11-17 07:14:42,337 - INFO - Top 10 Mean Stats: {'Max': np.float64(-0.1595253984622725), 'Min': np.float64(-0.26956529622229375), 'Mean': np.float64(-0.2086969202579913), 'Std': np.float64(0.0331883857235922)}
2024-11-17 07:14:42,337 - INFO - Top 10 Std Stats: {'Max': np.float64(0.5913050219990874), 'Min': np.float64(0.3733742988482029), 'Mean': np.float64(0.42839197468235657), 'Std': np.float64(0.06736792275505318)}
2024-11-17 07:14:42,337 - INFO - Bottom 10 Mean Stats: {'Max': np.float64(91.0), 'Min': np.float64(73.0), 'Mean': np.float64(76.9), 'Std': np.float64(5.262128846769148)}
2024-11-17 07:14:42,337 - INFO - Bottom 10 Std Stats: {'Max': np.float64(0.0), 'Min': np.float64(0.0), 'Mean': np.float64(0.0), 'Std': np.float64(0.0)}
[I 2024-11-17 07:14:42,352] Trial 257 finished with value: 17.0 and parameters: {'x_0': -2, 'x_1': -2, 'x_2': 0, 'x_3': 3}. Best is trial 141 with value: 2.0.
2024-11-17 07:14:42,405 - INFO - Candidate Mean Stats: {'Max': np.float64(100.0), 'Min': np.float64(-0.2148731598493673), 'Mean': np.float64(0.9314702512932094), 'Std': np.float64(7.373658035919789)}
2024-11-17 07:14:42,405 - INFO - Candidate Std Stats: {'Max': np.float64(0.5136261073291573), 'Min': np.float64(0.0), 'Mean': np.float64(0.0440800075927262), 'Std': np.float64(0.04388508600997215)}
2024-11-17 07:14:42,407 - INFO - Top 10 Mean Stats: {'Max': np.float64(-0.14604059333694946), 'Min': np.float64(-0.2148731598493673), 'Mean': np.float64(-0.1686144091671418), 'Std': np.float64(0.02144798558573473)}
2024-11-17 07:14:42,407 - INFO - Top 10 Std Stats: {'Max': np.float64(0.4334505326488284), 'Min': np.float64(0.2898144165915873), 'Mean': np.float64(0.34171763018447854), 'Std': np.float64(0.045762943645367524)}
2024-11-17 07:14:42,407 - INFO - Bottom 10 Mean Stats: {'Max': np.float64(100.0), 'Min': np.float64(91.0), 'Mean': np.float64(95.5), 'Std': np.float64(4.5)}
2024-11-17 07:14:42,408 - INFO - Bottom 10 Std Stats: {'Max': np.float64(0.0), 'Min': np.float64(0.0), 'Mean': np.float64(0.0), 'Std': np.float64(0.0)}
2024-11-17 07:14:42,417 - INFO - Candidate Mean Stats: {'Max': np.float64(100.0), 'Min': np.float64(-0.21091398651341015), 'Mean': np.float64(0.8265864728104422), 'Std': np.float64(6.737746668531778)}
2024-11-17 07:14:42,417 - INFO - Candidate Std Stats: {'Max': np.float64(0.6718127617202516), 'Min': np.float64(0.0), 'Mean': np.float64(0.05012947465805675), 'Std': np.float64(0.04714207719781778)}
2024-11-17 07:14:42,418 - INFO - Top 10 Mean Stats: {'Max': np.float64(0.17526172520358047), 'Min': np.float64(-0.21091398651341015), 'Mean': np.float64(-0.13613208550499817), 'Std': np.float64(0.10622034131235979)}
2024-11-17 07:14:42,418 - INFO - Top 10 Std Stats: {'Max': np.float64(0.6718127617202516), 'Min': np.float64(0.30122082273553125), 'Mean': np.float64(0.3841089499786788), 'Std': np.float64(0.1033134458581544)}
2024-11-17 07:14:42,419 - INFO - Bottom 10 Mean Stats: {'Max': np.float64(100.0), 'Min': np.float64(84.0), 'Mean': np.float64(92.3), 'Std': np.float64(5.692978130996113)}
2024-11-17 07:14:42,419 - INFO - Bottom 10 Std Stats: {'Max': np.float64(0.0), 'Min': np.float64(0.0), 'Mean': np.float64(0.0), 'Std': np.float64(0.0)}
[I 2024-11-17 07:14:42,427] Trial 275 finished with value: 21.0 and parameters: {'x_0': 4, 'x_1': 0, 'x_2': 2, 'x_3': -1}. Best is trial 179 with value: 1.0.
[I 2024-11-17 07:14:42,437] Trial 267 finished with value: 6.0 and parameters: {'x_0': -1, 'x_1': 2, 'x_2': 0, 'x_3': 1}. Best is trial 248 with value: 5.0.
2024-11-17 07:14:42,655 - INFO - Candidate Mean Stats: {'Max': np.float64(100.0), 'Min': np.float64(-0.2619403730985826), 'Mean': np.float64(0.9354338424401781), 'Std': np.float64(7.3752302725385315)}
2024-11-17 07:14:42,655 - INFO - Candidate Std Stats: {'Max': np.float64(0.6552409439631085), 'Min': np.float64(0.0), 'Mean': np.float64(0.04639959512546058), 'Std': np.float64(0.04510549280692357)}
2024-11-17 07:14:42,657 - INFO - Top 10 Mean Stats: {'Max': np.float64(-0.06437190549348852), 'Min': np.float64(-0.2619403730985826), 'Mean': np.float64(-0.1660602859318501), 'Std': np.float64(0.05728015461114983)}
2024-11-17 07:14:42,657 - INFO - Top 10 Std Stats: {'Max': np.float64(0.4648287102605995), 'Min': np.float64(0.28013157300719366), 'Mean': np.float64(0.3606405644144829), 'Std': np.float64(0.07898373991208033)}
2024-11-17 07:14:42,657 - INFO - Bottom 10 Mean Stats: {'Max': np.float64(100.0), 'Min': np.float64(91.0), 'Mean': np.float64(95.5), 'Std': np.float64(4.5)}
2024-11-17 07:14:42,657 - INFO - Bottom 10 Std Stats: {'Max': np.float64(0.0), 'Min': np.float64(0.0), 'Mean': np.float64(0.0), 'Std': np.float64(0.0)}
2024-11-17 07:14:42,658 - INFO - Candidate Mean Stats: {'Max': np.float64(91.0), 'Min': np.float64(-0.2706589662567037), 'Mean': np.float64(0.6397161288575596), 'Std': np.float64(5.452285354531078)}
2024-11-17 07:14:42,658 - INFO - Candidate Std Stats: {'Max': np.float64(0.5248719861258389), 'Min': np.float64(0.0), 'Mean': np.float64(0.062445966395130524), 'Std': np.float64(0.04671293476534527)}
2024-11-17 07:14:42,660 - INFO - Top 10 Mean Stats: {'Max': np.float64(-0.18497340835724113), 'Min': np.float64(-0.2706589662567037), 'Mean': np.float64(-0.23584898302407892), 'Std': np.float64(0.024778506166982246)}
2024-11-17 07:14:42,660 - INFO - Top 10 Std Stats: {'Max': np.float64(0.5248719861258389), 'Min': np.float64(0.3004064293545788), 'Mean': np.float64(0.40953981697287567), 'Std': np.float64(0.06280625481299619)}
2024-11-17 07:14:42,660 - INFO - Bottom 10 Mean Stats: {'Max': np.float64(91.0), 'Min': np.float64(73.0), 'Mean': np.float64(76.9), 'Std': np.float64(5.262128846769148)}
2024-11-17 07:14:42,660 - INFO - Bottom 10 Std Stats: {'Max': np.float64(0.0), 'Min': np.float64(0.0), 'Mean': np.float64(0.0), 'Std': np.float64(0.0)}
[I 2024-11-17 07:14:42,673] Trial 276 finished with value: 30.0 and parameters: {'x_0': -1, 'x_1': 4, 'x_2': 2, 'x_3': -3}. Best is trial 179 with value: 1.0.
[I 2024-11-17 07:14:42,676] Trial 258 finished with value: 51.0 and parameters: {'x_0': -3, 'x_1': 5, 'x_2': -1, 'x_3': 4}. Best is trial 141 with value: 2.0.
2024-11-17 07:14:42,735 - INFO - Candidate Mean Stats: {'Max': np.float64(100.0), 'Min': np.float64(-0.23420908211644398), 'Mean': np.float64(0.8200749298234485), 'Std': np.float64(6.7386942956960745)}
2024-11-17 07:14:42,736 - INFO - Candidate Std Stats: {'Max': np.float64(0.8473299754914676), 'Min': np.float64(0.0), 'Mean': np.float64(0.05132633610694827), 'Std': np.float64(0.04590921628097925)}
2024-11-17 07:14:42,737 - INFO - Top 10 Mean Stats: {'Max': np.float64(-0.138128644357779), 'Min': np.float64(-0.23420908211644398), 'Mean': np.float64(-0.17650920079619753), 'Std': np.float64(0.029744759156202335)}
2024-11-17 07:14:42,737 - INFO - Top 10 Std Stats: {'Max': np.float64(0.40465886120231703), 'Min': np.float64(0.26249094894032193), 'Mean': np.float64(0.3217753042640029), 'Std': np.float64(0.046555000805060885)}
2024-11-17 07:14:42,737 - INFO - Bottom 10 Mean Stats: {'Max': np.float64(100.0), 'Min': np.float64(84.0), 'Mean': np.float64(92.3), 'Std': np.float64(5.692978130996113)}
2024-11-17 07:14:42,737 - INFO - Bottom 10 Std Stats: {'Max': np.float64(0.0), 'Min': np.float64(0.0), 'Mean': np.float64(0.0), 'Std': np.float64(0.0)}
[I 2024-11-17 07:14:42,753] Trial 268 finished with value: 27.0 and parameters: {'x_0': 3, 'x_1': 1, 'x_2': 4, 'x_3': 1}. Best is trial 248 with value: 5.0.
2024-11-17 07:14:42,854 - INFO - Candidate Mean Stats: {'Max': np.float64(100.0), 'Min': np.float64(-0.19527626579545518), 'Mean': np.float64(0.9345017290129505), 'Std': np.float64(7.379479896805583)}
2024-11-17 07:14:42,854 - INFO - Candidate Std Stats: {'Max': np.float64(0.4019627819601435), 'Min': np.float64(0.0), 'Mean': np.float64(0.052925064781197295), 'Std': np.float64(0.04136154671191859)}
2024-11-17 07:14:42,855 - INFO - Top 10 Mean Stats: {'Max': np.float64(-0.1081789196989221), 'Min': np.float64(-0.19527626579545518), 'Mean': np.float64(-0.1287135020228965), 'Std': np.float64(0.023497763108828625)}
2024-11-17 07:14:42,855 - INFO - Top 10 Std Stats: {'Max': np.float64(0.28518931973628164), 'Min': np.float64(0.2391573553095476), 'Mean': np.float64(0.26041040084902506), 'Std': np.float64(0.014517162022133682)}
2024-11-17 07:14:42,856 - INFO - Bottom 10 Mean Stats: {'Max': np.float64(100.0), 'Min': np.float64(91.0), 'Mean': np.float64(95.5), 'Std': np.float64(4.5)}
2024-11-17 07:14:42,856 - INFO - Bottom 10 Std Stats: {'Max': np.float64(0.0), 'Min': np.float64(0.0), 'Mean': np.float64(0.0), 'Std': np.float64(0.0)}
[I 2024-11-17 07:14:42,871] Trial 277 finished with value: 30.0 and parameters: {'x_0': -4, 'x_1': 1, 'x_2': 3, 'x_3': -2}. Best is trial 179 with value: 1.0.
2024-11-17 07:14:42,955 - INFO - Candidate Mean Stats: {'Max': np.float64(91.0), 'Min': np.float64(-0.28122558242427614), 'Mean': np.float64(0.645590411450687), 'Std': np.float64(5.467859410409135)}
2024-11-17 07:14:42,956 - INFO - Candidate Std Stats: {'Max': np.float64(0.4449574449780795), 'Min': np.float64(0.0), 'Mean': np.float64(0.061189946438176095), 'Std': np.float64(0.048329529560512556)}
2024-11-17 07:14:42,957 - INFO - Top 10 Mean Stats: {'Max': np.float64(-0.17659267531354134), 'Min': np.float64(-0.27917788001157945), 'Mean': np.float64(-0.22351650096680248), 'Std': np.float64(0.028456943577614267)}
2024-11-17 07:14:42,957 - INFO - Top 10 Std Stats: {'Max': np.float64(0.4449574449780795), 'Min': np.float64(0.30711352537223763), 'Mean': np.float64(0.38517316319577255), 'Std': np.float64(0.03740209161275208)}
2024-11-17 07:14:42,957 - INFO - Bottom 10 Mean Stats: {'Max': np.float64(91.0), 'Min': np.float64(73.0), 'Mean': np.float64(76.9), 'Std': np.float64(5.262128846769148)}
2024-11-17 07:14:42,957 - INFO - Bottom 10 Std Stats: {'Max': np.float64(0.0), 'Min': np.float64(0.0), 'Mean': np.float64(0.0), 'Std': np.float64(0.0)}
[I 2024-11-17 07:14:42,974] Trial 259 finished with value: 30.0 and parameters: {'x_0': -2, 'x_1': 0, 'x_2': -1, 'x_3': -5}. Best is trial 141 with value: 2.0.
2024-11-17 07:14:42,999 - INFO - Candidate Mean Stats: {'Max': np.float64(100.0), 'Min': np.float64(-0.273633511905362), 'Mean': np.float64(0.8264771544776455), 'Std': np.float64(6.741616509297485)}
2024-11-17 07:14:42,999 - INFO - Candidate Std Stats: {'Max': np.float64(0.49869012727073875), 'Min': np.float64(0.0), 'Mean': np.float64(0.050826912877251204), 'Std': np.float64(0.04647473267121858)}
2024-11-17 07:14:43,000 - INFO - Top 10 Mean Stats: {'Max': np.float64(-0.07921519037228393), 'Min': np.float64(-0.273633511905362), 'Mean': np.float64(-0.15919052885156776), 'Std': np.float64(0.05360655328713343)}
2024-11-17 07:14:43,000 - INFO - Top 10 Std Stats: {'Max': np.float64(0.49869012727073875), 'Min': np.float64(0.26974386883187196), 'Mean': np.float64(0.34977483936919185), 'Std': np.float64(0.06030946686672221)}
2024-11-17 07:14:43,000 - INFO - Bottom 10 Mean Stats: {'Max': np.float64(100.0), 'Min': np.float64(84.0), 'Mean': np.float64(92.3), 'Std': np.float64(5.692978130996113)}
2024-11-17 07:14:43,000 - INFO - Bottom 10 Std Stats: {'Max': np.float64(0.0), 'Min': np.float64(0.0), 'Mean': np.float64(0.0), 'Std': np.float64(0.0)}
[I 2024-11-17 07:14:43,016] Trial 269 finished with value: 76.0 and parameters: {'x_0': -5, 'x_1': -1, 'x_2': 5, 'x_3': -5}. Best is trial 248 with value: 5.0.
2024-11-17 07:14:43,114 - INFO - Candidate Mean Stats: {'Max': np.float64(100.0), 'Min': np.float64(-0.23250791676963756), 'Mean': np.float64(0.9350043323336849), 'Std': np.float64(7.383584533590824)}
2024-11-17 07:14:43,114 - INFO - Candidate Std Stats: {'Max': np.float64(0.4406802540710291), 'Min': np.float64(0.0), 'Mean': np.float64(0.05198886853899674), 'Std': np.float64(0.047198518196095066)}
2024-11-17 07:14:43,116 - INFO - Top 10 Mean Stats: {'Max': np.float64(-0.14445436294037678), 'Min': np.float64(-0.23250791676963756), 'Mean': np.float64(-0.1711861058244017), 'Std': np.float64(0.024218378795153376)}
2024-11-17 07:14:43,116 - INFO - Top 10 Std Stats: {'Max': np.float64(0.4279847207095636), 'Min': np.float64(0.31392542005142), 'Mean': np.float64(0.35901722520035173), 'Std': np.float64(0.03906097615484036)}
2024-11-17 07:14:43,116 - INFO - Bottom 10 Mean Stats: {'Max': np.float64(100.0), 'Min': np.float64(91.0), 'Mean': np.float64(95.5), 'Std': np.float64(4.5)}
2024-11-17 07:14:43,116 - INFO - Bottom 10 Std Stats: {'Max': np.float64(0.0), 'Min': np.float64(0.0), 'Mean': np.float64(0.0), 'Std': np.float64(0.0)}
