[I 2024-11-17 07:13:45,697] Trial 50 finished with value: 25.0 and parameters: {'x_0': -2, 'x_1': 1, 'x_2': 2, 'x_3': 4}. Best is trial 7 with value: 6.0.
2024-11-17 07:13:45,704 - INFO - Candidate Mean Stats: {'Max': np.float64(91.0), 'Min': np.float64(-0.23589594151251383), 'Mean': np.float64(0.14270725662351358), 'Std': np.float64(2.5953335204305694)}
2024-11-17 07:13:45,704 - INFO - Candidate Std Stats: {'Max': np.float64(0.41755781453951224), 'Min': np.float64(0.0), 'Mean': np.float64(0.06231942980239409), 'Std': np.float64(0.04986956120934633)}
2024-11-17 07:13:45,705 - INFO - Top 10 Mean Stats: {'Max': np.float64(-0.10783925316542471), 'Min': np.float64(-0.23589594151251383), 'Mean': np.float64(-0.17619623834288362), 'Std': np.float64(0.03876367912803352)}
2024-11-17 07:13:45,705 - INFO - Top 10 Std Stats: {'Max': np.float64(0.41755781453951224), 'Min': np.float64(0.2823873226718479), 'Mean': np.float64(0.3369068889116175), 'Std': np.float64(0.040709593559546724)}
2024-11-17 07:13:45,705 - INFO - Bottom 10 Mean Stats: {'Max': np.float64(91.0), 'Min': np.float64(52.0), 'Mean': np.float64(66.5), 'Std': np.float64(13.720422734012244)}
2024-11-17 07:13:45,705 - INFO - Bottom 10 Std Stats: {'Max': np.float64(0.0), 'Min': np.float64(0.0), 'Mean': np.float64(0.0), 'Std': np.float64(0.0)}
[I 2024-11-17 07:13:45,718] Trial 52 finished with value: 33.0 and parameters: {'x_0': -3, 'x_1': 2, 'x_2': 4, 'x_3': -2}. Best is trial 39 with value: 11.0.
2024-11-17 07:13:45,889 - INFO - Candidate Mean Stats: {'Max': np.float64(82.0), 'Min': np.float64(-0.26643190624896496), 'Mean': np.float64(0.14309689748657484), 'Std': np.float64(2.592360743318579)}
2024-11-17 07:13:45,889 - INFO - Candidate Std Stats: {'Max': np.float64(0.493894607023895), 'Min': np.float64(0.0), 'Mean': np.float64(0.06568232722010406), 'Std': np.float64(0.04812960365184672)}
2024-11-17 07:13:45,891 - INFO - Top 10 Mean Stats: {'Max': np.float64(-0.16676736325693908), 'Min': np.float64(-0.26643190624896496), 'Mean': np.float64(-0.20472678028380847), 'Std': np.float64(0.02902135475456472)}
2024-11-17 07:13:45,891 - INFO - Top 10 Std Stats: {'Max': np.float64(0.4598861549986859), 'Min': np.float64(0.2939207306204689), 'Mean': np.float64(0.3905164669416007), 'Std': np.float64(0.05297163011158988)}
2024-11-17 07:13:45,891 - INFO - Bottom 10 Mean Stats: {'Max': np.float64(82.0), 'Min': np.float64(58.0), 'Mean': np.float64(66.3), 'Std': np.float64(6.277738446287803)}
2024-11-17 07:13:45,891 - INFO - Bottom 10 Std Stats: {'Max': np.float64(0.0), 'Min': np.float64(0.0), 'Mean': np.float64(0.0), 'Std': np.float64(0.0)}
[I 2024-11-17 07:13:45,910] Trial 53 finished with value: 84.0 and parameters: {'x_0': -5, 'x_1': 3, 'x_2': 5, 'x_3': -5}. Best is trial 3 with value: 13.0.
2024-11-17 07:13:45,938 - INFO - Candidate Mean Stats: {'Max': np.float64(75.0), 'Min': np.float64(-0.21493866145784696), 'Mean': np.float64(0.13009404510494144), 'Std': np.float64(2.4363752832965093)}
2024-11-17 07:13:45,939 - INFO - Candidate Std Stats: {'Max': np.float64(0.4144351178010346), 'Min': np.float64(0.0), 'Mean': np.float64(0.06576564215616058), 'Std': np.float64(0.04606319865651775)}
2024-11-17 07:13:45,941 - INFO - Top 10 Mean Stats: {'Max': np.float64(-0.12799481122369388), 'Min': np.float64(-0.21493866145784696), 'Mean': np.float64(-0.16863569651484747), 'Std': np.float64(0.024017842584926372)}
2024-11-17 07:13:45,941 - INFO - Top 10 Std Stats: {'Max': np.float64(0.4093592146614175), 'Min': np.float64(0.3069499532779677), 'Mean': np.float64(0.3563383540730017), 'Std': np.float64(0.02979363910553314)}
2024-11-17 07:13:45,941 - INFO - Bottom 10 Mean Stats: {'Max': np.float64(75.0), 'Min': np.float64(55.0), 'Mean': np.float64(61.8), 'Std': np.float64(6.11228271597445)}
2024-11-17 07:13:45,942 - INFO - Bottom 10 Std Stats: {'Max': np.float64(0.0), 'Min': np.float64(0.0), 'Mean': np.float64(0.0), 'Std': np.float64(0.0)}
[I 2024-11-17 07:13:45,961] Trial 51 finished with value: 11.0 and parameters: {'x_0': 0, 'x_1': -1, 'x_2': -1, 'x_3': -3}. Best is trial 7 with value: 6.0.
2024-11-17 07:13:46,027 - INFO - Candidate Mean Stats: {'Max': np.float64(91.0), 'Min': np.float64(-0.2659327694334468), 'Mean': np.float64(0.1437688905948092), 'Std': np.float64(2.6095638466764974)}
2024-11-17 07:13:46,028 - INFO - Candidate Std Stats: {'Max': np.float64(0.4871742557377637), 'Min': np.float64(0.0), 'Mean': np.float64(0.06321641419287302), 'Std': np.float64(0.04783600799858544)}
2024-11-17 07:13:46,029 - INFO - Top 10 Mean Stats: {'Max': np.float64(-0.1705166424811156), 'Min': np.float64(-0.2659327694334468), 'Mean': np.float64(-0.20173970877218733), 'Std': np.float64(0.0309668324495543)}
2024-11-17 07:13:46,029 - INFO - Top 10 Std Stats: {'Max': np.float64(0.4132670228757757), 'Min': np.float64(0.27978976761343266), 'Mean': np.float64(0.3594925208927458), 'Std': np.float64(0.03843800953786248)}
2024-11-17 07:13:46,029 - INFO - Bottom 10 Mean Stats: {'Max': np.float64(91.0), 'Min': np.float64(52.0), 'Mean': np.float64(66.5), 'Std': np.float64(13.720422734012244)}
2024-11-17 07:13:46,029 - INFO - Bottom 10 Std Stats: {'Max': np.float64(0.0), 'Min': np.float64(0.0), 'Mean': np.float64(0.0), 'Std': np.float64(0.0)}
[I 2024-11-17 07:13:46,048] Trial 53 finished with value: 14.0 and parameters: {'x_0': 2, 'x_1': -1, 'x_2': 0, 'x_3': -3}. Best is trial 39 with value: 11.0.
2024-11-17 07:13:46,166 - INFO - Candidate Mean Stats: {'Max': np.float64(84.0), 'Min': np.float64(-0.25810093894622765), 'Mean': np.float64(0.1502009615603989), 'Std': np.float64(2.683314556513371)}
2024-11-17 07:13:46,166 - INFO - Candidate Std Stats: {'Max': np.float64(0.5510094894118344), 'Min': np.float64(0.0), 'Mean': np.float64(0.0637835306312774), 'Std': np.float64(0.04827850579466337)}
2024-11-17 07:13:46,167 - INFO - Top 10 Mean Stats: {'Max': np.float64(-0.10245112660609505), 'Min': np.float64(-0.25810093894622765), 'Mean': np.float64(-0.183273120680439), 'Std': np.float64(0.03950048342681485)}
2024-11-17 07:13:46,167 - INFO - Top 10 Std Stats: {'Max': np.float64(0.4679508526422904), 'Min': np.float64(0.319538849123311), 'Mean': np.float64(0.3698805066613139), 'Std': np.float64(0.04541695329451245)}
2024-11-17 07:13:46,167 - INFO - Bottom 10 Mean Stats: {'Max': np.float64(84.0), 'Min': np.float64(59.0), 'Mean': np.float64(68.9), 'Std': np.float64(7.555792479945437)}
2024-11-17 07:13:46,167 - INFO - Bottom 10 Std Stats: {'Max': np.float64(0.0), 'Min': np.float64(0.0), 'Mean': np.float64(0.0), 'Std': np.float64(0.0)}
[I 2024-11-17 07:13:46,191] Trial 54 finished with value: 38.0 and parameters: {'x_0': -3, 'x_1': 5, 'x_2': -2, 'x_3': 0}. Best is trial 3 with value: 13.0.
2024-11-17 07:13:46,263 - INFO - Candidate Mean Stats: {'Max': np.float64(75.0), 'Min': np.float64(-0.26222024092573026), 'Mean': np.float64(0.1303997736775801), 'Std': np.float64(2.438036987428041)}
2024-11-17 07:13:46,264 - INFO - Candidate Std Stats: {'Max': np.float64(0.46090070008632783), 'Min': np.float64(0.0), 'Mean': np.float64(0.06362734639124612), 'Std': np.float64(0.046523145425778324)}
2024-11-17 07:13:46,265 - INFO - Top 10 Mean Stats: {'Max': np.float64(-0.11973935706464744), 'Min': np.float64(-0.26222024092573026), 'Mean': np.float64(-0.18266324640499587), 'Std': np.float64(0.03598520039593738)}
2024-11-17 07:13:46,265 - INFO - Top 10 Std Stats: {'Max': np.float64(0.44855528398469663), 'Min': np.float64(0.34617232762030686), 'Mean': np.float64(0.3910742232833905), 'Std': np.float64(0.033531017621249694)}
2024-11-17 07:13:46,265 - INFO - Bottom 10 Mean Stats: {'Max': np.float64(75.0), 'Min': np.float64(55.0), 'Mean': np.float64(61.8), 'Std': np.float64(6.11228271597445)}
2024-11-17 07:13:46,265 - INFO - Bottom 10 Std Stats: {'Max': np.float64(0.0), 'Min': np.float64(0.0), 'Mean': np.float64(0.0), 'Std': np.float64(0.0)}
[I 2024-11-17 07:13:46,281] Trial 52 finished with value: 54.0 and parameters: {'x_0': 5, 'x_1': -4, 'x_2': 3, 'x_3': 2}. Best is trial 7 with value: 6.0.
2024-11-17 07:13:46,299 - INFO - Candidate Mean Stats: {'Max': np.float64(91.0), 'Min': np.float64(-0.24565469028486725), 'Mean': np.float64(0.14566140061590588), 'Std': np.float64(2.6120125944811923)}
2024-11-17 07:13:46,299 - INFO - Candidate Std Stats: {'Max': np.float64(0.43287638342500756), 'Min': np.float64(0.0), 'Mean': np.float64(0.0629819731693309), 'Std': np.float64(0.04652253592622086)}
2024-11-17 07:13:46,300 - INFO - Top 10 Mean Stats: {'Max': np.float64(-0.13932163381035498), 'Min': np.float64(-0.24565469028486725), 'Mean': np.float64(-0.17177306152328395), 'Std': np.float64(0.03032066280075092)}
2024-11-17 07:13:46,300 - INFO - Top 10 Std Stats: {'Max': np.float64(0.38924857245195005), 'Min': np.float64(0.31241482765629536), 'Mean': np.float64(0.3383431723768048), 'Std': np.float64(0.024089660695724036)}
2024-11-17 07:13:46,300 - INFO - Bottom 10 Mean Stats: {'Max': np.float64(91.0), 'Min': np.float64(52.0), 'Mean': np.float64(66.5), 'Std': np.float64(13.720422734012244)}
2024-11-17 07:13:46,300 - INFO - Bottom 10 Std Stats: {'Max': np.float64(0.0), 'Min': np.float64(0.0), 'Mean': np.float64(0.0), 'Std': np.float64(0.0)}
[I 2024-11-17 07:13:46,315] Trial 54 finished with value: 36.0 and parameters: {'x_0': -3, 'x_1': 1, 'x_2': -1, 'x_3': 5}. Best is trial 39 with value: 11.0.
2024-11-17 07:13:46,412 - INFO - Candidate Mean Stats: {'Max': np.float64(84.0), 'Min': np.float64(-0.21780869610875436), 'Mean': np.float64(0.15102324095575648), 'Std': np.float64(2.70157611870985)}
2024-11-17 07:13:46,413 - INFO - Candidate Std Stats: {'Max': np.float64(0.4231203639224593), 'Min': np.float64(0.0), 'Mean': np.float64(0.06453834066891381), 'Std': np.float64(0.04764937748329209)}
2024-11-17 07:13:46,414 - INFO - Top 10 Mean Stats: {'Max': np.float64(-0.11724590232224066), 'Min': np.float64(-0.21780869610875436), 'Mean': np.float64(-0.17106338369193047), 'Std': np.float64(0.028637647449592973)}
2024-11-17 07:13:46,414 - INFO - Top 10 Std Stats: {'Max': np.float64(0.4231203639224593), 'Min': np.float64(0.3083071345237982), 'Mean': np.float64(0.3383953741269194), 'Std': np.float64(0.03079222131751208)}
2024-11-17 07:13:46,414 - INFO - Bottom 10 Mean Stats: {'Max': np.float64(84.0), 'Min': np.float64(59.0), 'Mean': np.float64(68.9), 'Std': np.float64(7.555792479945437)}
2024-11-17 07:13:46,414 - INFO - Bottom 10 Std Stats: {'Max': np.float64(0.0), 'Min': np.float64(0.0), 'Mean': np.float64(0.0), 'Std': np.float64(0.0)}
[I 2024-11-17 07:13:46,427] Trial 55 finished with value: 17.0 and parameters: {'x_0': 0, 'x_1': -2, 'x_2': -3, 'x_3': 2}. Best is trial 3 with value: 13.0.
2024-11-17 07:13:46,556 - INFO - Candidate Mean Stats: {'Max': np.float64(75.0), 'Min': np.float64(-0.2666914519713971), 'Mean': np.float64(0.13428331665289886), 'Std': np.float64(2.47835595032699)}
2024-11-17 07:13:46,556 - INFO - Candidate Std Stats: {'Max': np.float64(0.6088041797740256), 'Min': np.float64(0.0), 'Mean': np.float64(0.06619358530110121), 'Std': np.float64(0.04702058267663356)}
2024-11-17 07:13:46,558 - INFO - Top 10 Mean Stats: {'Max': np.float64(-0.15778088233246707), 'Min': np.float64(-0.2666914519713971), 'Mean': np.float64(-0.19868304089834676), 'Std': np.float64(0.02944054742658963)}
2024-11-17 07:13:46,558 - INFO - Top 10 Std Stats: {'Max': np.float64(0.43684060649880796), 'Min': np.float64(0.3321813311798004), 'Mean': np.float64(0.380304866930271), 'Std': np.float64(0.030002163729339254)}
2024-11-17 07:13:46,558 - INFO - Bottom 10 Mean Stats: {'Max': np.float64(75.0), 'Min': np.float64(55.0), 'Mean': np.float64(61.8), 'Std': np.float64(6.11228271597445)}
2024-11-17 07:13:46,558 - INFO - Bottom 10 Std Stats: {'Max': np.float64(0.0), 'Min': np.float64(0.0), 'Mean': np.float64(0.0), 'Std': np.float64(0.0)}
[I 2024-11-17 07:13:46,571] Trial 53 finished with value: 49.0 and parameters: {'x_0': 5, 'x_1': -2, 'x_2': -4, 'x_3': 2}. Best is trial 7 with value: 6.0.
2024-11-17 07:13:46,575 - INFO - Candidate Mean Stats: {'Max': np.float64(91.0), 'Min': np.float64(-0.2263941753773279), 'Mean': np.float64(0.14854151947398359), 'Std': np.float64(2.6287308151397992)}
2024-11-17 07:13:46,575 - INFO - Candidate Std Stats: {'Max': np.float64(0.5818147628404793), 'Min': np.float64(0.0), 'Mean': np.float64(0.061951224474097726), 'Std': np.float64(0.04604552947045471)}
2024-11-17 07:13:46,577 - INFO - Top 10 Mean Stats: {'Max': np.float64(-0.13289203601906938), 'Min': np.float64(-0.2263941753773279), 'Mean': np.float64(-0.18636153685672224), 'Std': np.float64(0.03423363074444486)}
2024-11-17 07:13:46,577 - INFO - Top 10 Std Stats: {'Max': np.float64(0.45927803128992895), 'Min': np.float64(0.2984545755784844), 'Mean': np.float64(0.36272215197651925), 'Std': np.float64(0.05291407183996116)}
2024-11-17 07:13:46,577 - INFO - Bottom 10 Mean Stats: {'Max': np.float64(91.0), 'Min': np.float64(52.0), 'Mean': np.float64(66.5), 'Std': np.float64(13.720422734012244)}
2024-11-17 07:13:46,577 - INFO - Bottom 10 Std Stats: {'Max': np.float64(0.0), 'Min': np.float64(0.0), 'Mean': np.float64(0.0), 'Std': np.float64(0.0)}
[I 2024-11-17 07:13:46,590] Trial 55 finished with value: 29.0 and parameters: {'x_0': 0, 'x_1': -2, 'x_2': -4, 'x_3': 3}. Best is trial 39 with value: 11.0.
2024-11-17 07:13:46,645 - INFO - Candidate Mean Stats: {'Max': np.float64(84.0), 'Min': np.float64(-0.2974820089161446), 'Mean': np.float64(0.15128380300319852), 'Std': np.float64(2.7052096686803875)}
2024-11-17 07:13:46,645 - INFO - Candidate Std Stats: {'Max': np.float64(0.5136361274534722), 'Min': np.float64(0.0), 'Mean': np.float64(0.06341084714479087), 'Std': np.float64(0.04880260487052981)}
2024-11-17 07:13:46,646 - INFO - Top 10 Mean Stats: {'Max': np.float64(-0.1284747962650868), 'Min': np.float64(-0.2974820089161446), 'Mean': np.float64(-0.20629882498676455), 'Std': np.float64(0.05126125349265019)}
2024-11-17 07:13:46,646 - INFO - Top 10 Std Stats: {'Max': np.float64(0.4166152965781406), 'Min': np.float64(0.28630848952732596), 'Mean': np.float64(0.3709534348668056), 'Std': np.float64(0.03943119318618023)}
2024-11-17 07:13:46,647 - INFO - Bottom 10 Mean Stats: {'Max': np.float64(84.0), 'Min': np.float64(59.0), 'Mean': np.float64(68.9), 'Std': np.float64(7.555792479945437)}
2024-11-17 07:13:46,647 - INFO - Bottom 10 Std Stats: {'Max': np.float64(0.0), 'Min': np.float64(0.0), 'Mean': np.float64(0.0), 'Std': np.float64(0.0)}
[I 2024-11-17 07:13:46,663] Trial 56 finished with value: 11.0 and parameters: {'x_0': 0, 'x_1': -1, 'x_2': -3, 'x_3': -1}. Best is trial 56 with value: 11.0.
2024-11-17 07:13:46,776 - INFO - Candidate Mean Stats: {'Max': np.float64(91.0), 'Min': np.float64(-0.3161233517712985), 'Mean': np.float64(0.15000598417461994), 'Std': np.float64(2.639560140268789)}
2024-11-17 07:13:46,776 - INFO - Candidate Std Stats: {'Max': np.float64(0.6037370678904376), 'Min': np.float64(0.0), 'Mean': np.float64(0.062268402964473925), 'Std': np.float64(0.04783739902739543)}
2024-11-17 07:13:46,778 - INFO - Top 10 Mean Stats: {'Max': np.float64(-0.16073197087665614), 'Min': np.float64(-0.3161233517712985), 'Mean': np.float64(-0.21203097675864221), 'Std': np.float64(0.043013604803560854)}
2024-11-17 07:13:46,778 - INFO - Top 10 Std Stats: {'Max': np.float64(0.6037370678904376), 'Min': np.float64(0.29326030887112325), 'Mean': np.float64(0.3776790250837982), 'Std': np.float64(0.0825009068418332)}
2024-11-17 07:13:46,778 - INFO - Bottom 10 Mean Stats: {'Max': np.float64(91.0), 'Min': np.float64(52.0), 'Mean': np.float64(66.5), 'Std': np.float64(13.720422734012244)}
2024-11-17 07:13:46,778 - INFO - Bottom 10 Std Stats: {'Max': np.float64(0.0), 'Min': np.float64(0.0), 'Mean': np.float64(0.0), 'Std': np.float64(0.0)}
2024-11-17 07:13:46,795 - INFO - Candidate Mean Stats: {'Max': np.float64(75.0), 'Min': np.float64(-0.24567875080657955), 'Mean': np.float64(0.13947661163310932), 'Std': np.float64(2.5109348360182064)}
2024-11-17 07:13:46,795 - INFO - Candidate Std Stats: {'Max': np.float64(0.5665446630726471), 'Min': np.float64(0.0), 'Mean': np.float64(0.06345885507219497), 'Std': np.float64(0.04804610209613013)}
2024-11-17 07:13:46,796 - INFO - Top 10 Mean Stats: {'Max': np.float64(-0.17938641291011426), 'Min': np.float64(-0.24567875080657955), 'Mean': np.float64(-0.22003959011478108), 'Std': np.float64(0.02045879603336383)}
2024-11-17 07:13:46,796 - INFO - Top 10 Std Stats: {'Max': np.float64(0.5665446630726471), 'Min': np.float64(0.3299046702040266), 'Mean': np.float64(0.41384613174559526), 'Std': np.float64(0.059239754015549116)}
2024-11-17 07:13:46,796 - INFO - Bottom 10 Mean Stats: {'Max': np.float64(75.0), 'Min': np.float64(55.0), 'Mean': np.float64(61.8), 'Std': np.float64(6.11228271597445)}
2024-11-17 07:13:46,796 - INFO - Bottom 10 Std Stats: {'Max': np.float64(0.0), 'Min': np.float64(0.0), 'Mean': np.float64(0.0), 'Std': np.float64(0.0)}
[I 2024-11-17 07:13:46,796] Trial 56 finished with value: 42.0 and parameters: {'x_0': 4, 'x_1': 3, 'x_2': -1, 'x_3': 4}. Best is trial 39 with value: 11.0.
[I 2024-11-17 07:13:46,809] Trial 54 finished with value: 38.0 and parameters: {'x_0': -2, 'x_1': 3, 'x_2': 3, 'x_3': -4}. Best is trial 7 with value: 6.0.
2024-11-17 07:13:46,890 - INFO - Candidate Mean Stats: {'Max': np.float64(84.0), 'Min': np.float64(-0.28281233445397513), 'Mean': np.float64(0.1529326495595206), 'Std': np.float64(2.706652904677148)}
2024-11-17 07:13:46,890 - INFO - Candidate Std Stats: {'Max': np.float64(0.4602408338238511), 'Min': np.float64(0.0), 'Mean': np.float64(0.06506594252860216), 'Std': np.float64(0.0481266434971897)}
2024-11-17 07:13:46,892 - INFO - Top 10 Mean Stats: {'Max': np.float64(-0.08696195664286102), 'Min': np.float64(-0.28281233445397513), 'Mean': np.float64(-0.20460412261904648), 'Std': np.float64(0.04826632606410455)}
2024-11-17 07:13:46,892 - INFO - Top 10 Std Stats: {'Max': np.float64(0.4602408338238511), 'Min': np.float64(0.3013282621899056), 'Mean': np.float64(0.36979630233081257), 'Std': np.float64(0.04989000536656645)}
2024-11-17 07:13:46,892 - INFO - Bottom 10 Mean Stats: {'Max': np.float64(84.0), 'Min': np.float64(59.0), 'Mean': np.float64(68.9), 'Std': np.float64(7.555792479945437)}
2024-11-17 07:13:46,892 - INFO - Bottom 10 Std Stats: {'Max': np.float64(0.0), 'Min': np.float64(0.0), 'Mean': np.float64(0.0), 'Std': np.float64(0.0)}
[I 2024-11-17 07:13:46,908] Trial 57 finished with value: 35.0 and parameters: {'x_0': -3, 'x_1': -1, 'x_2': 0, 'x_3': 5}. Best is trial 56 with value: 11.0.
2024-11-17 07:13:46,987 - INFO - Candidate Mean Stats: {'Max': np.float64(91.0), 'Min': np.float64(-0.23626503152168138), 'Mean': np.float64(0.15364509435861443), 'Std': np.float64(2.6620888796816087)}
2024-11-17 07:13:46,987 - INFO - Candidate Std Stats: {'Max': np.float64(0.4283479264150951), 'Min': np.float64(0.0), 'Mean': np.float64(0.06513721642408289), 'Std': np.float64(0.046107434574605026)}
2024-11-17 07:13:46,989 - INFO - Top 10 Mean Stats: {'Max': np.float64(-0.09570413819488406), 'Min': np.float64(-0.23626503152168138), 'Mean': np.float64(-0.16977855804986663), 'Std': np.float64(0.03590864743408713)}
2024-11-17 07:13:46,989 - INFO - Top 10 Std Stats: {'Max': np.float64(0.3871597747969525), 'Min': np.float64(0.24774162949712858), 'Mean': np.float64(0.3051115099548246), 'Std': np.float64(0.04840152592483479)}
2024-11-17 07:13:46,989 - INFO - Bottom 10 Mean Stats: {'Max': np.float64(91.0), 'Min': np.float64(52.0), 'Mean': np.float64(66.5), 'Std': np.float64(13.720422734012244)}
2024-11-17 07:13:46,989 - INFO - Bottom 10 Std Stats: {'Max': np.float64(0.0), 'Min': np.float64(0.0), 'Mean': np.float64(0.0), 'Std': np.float64(0.0)}
[I 2024-11-17 07:13:47,003] Trial 57 finished with value: 14.0 and parameters: {'x_0': 2, 'x_1': 3, 'x_2': 0, 'x_3': -1}. Best is trial 39 with value: 11.0.
2024-11-17 07:13:47,035 - INFO - Candidate Mean Stats: {'Max': np.float64(75.0), 'Min': np.float64(-0.2537703286567136), 'Mean': np.float64(0.1400263519361473), 'Std': np.float64(2.5304609248163272)}
2024-11-17 07:13:47,035 - INFO - Candidate Std Stats: {'Max': np.float64(0.5669983076830932), 'Min': np.float64(0.0), 'Mean': np.float64(0.0639583490549766), 'Std': np.float64(0.04676423342363946)}
2024-11-17 07:13:47,036 - INFO - Top 10 Mean Stats: {'Max': np.float64(-0.12686476387518927), 'Min': np.float64(-0.2537703286567136), 'Mean': np.float64(-0.18439771380002634), 'Std': np.float64(0.03973537773117513)}
2024-11-17 07:13:47,036 - INFO - Top 10 Std Stats: {'Max': np.float64(0.5669983076830932), 'Min': np.float64(0.3065791090371309), 'Mean': np.float64(0.3683149430785356), 'Std': np.float64(0.07109103910804826)}
2024-11-17 07:13:47,036 - INFO - Bottom 10 Mean Stats: {'Max': np.float64(75.0), 'Min': np.float64(55.0), 'Mean': np.float64(61.8), 'Std': np.float64(6.11228271597445)}
2024-11-17 07:13:47,036 - INFO - Bottom 10 Std Stats: {'Max': np.float64(0.0), 'Min': np.float64(0.0), 'Mean': np.float64(0.0), 'Std': np.float64(0.0)}
