[I 2024-11-17 07:13:59,038] Trial 101 finished with value: 41.0 and parameters: {'x_0': -4, 'x_1': -5, 'x_2': 0, 'x_3': 0}. Best is trial 91 with value: 5.0.
2024-11-17 07:13:59,084 - INFO - Candidate Mean Stats: {'Max': np.float64(91.0), 'Min': np.float64(-0.2282126997501947), 'Mean': np.float64(0.30743689872432545), 'Std': np.float64(3.92728221925078)}
2024-11-17 07:13:59,084 - INFO - Candidate Std Stats: {'Max': np.float64(0.47864647488224077), 'Min': np.float64(0.0), 'Mean': np.float64(0.06264647885672274), 'Std': np.float64(0.04846086834416382)}
2024-11-17 07:13:59,086 - INFO - Top 10 Mean Stats: {'Max': np.float64(-0.07274926833748521), 'Min': np.float64(-0.2282126997501947), 'Mean': np.float64(-0.17559241356991598), 'Std': np.float64(0.046658056604829544)}
2024-11-17 07:13:59,086 - INFO - Top 10 Std Stats: {'Max': np.float64(0.4697744385956143), 'Min': np.float64(0.31680581847411504), 'Mean': np.float64(0.3889376750818575), 'Std': np.float64(0.04341430337654918)}
2024-11-17 07:13:59,086 - INFO - Bottom 10 Mean Stats: {'Max': np.float64(91.0), 'Min': np.float64(75.0), 'Mean': np.float64(79.9), 'Std': np.float64(5.262128846769148)}
2024-11-17 07:13:59,086 - INFO - Bottom 10 Std Stats: {'Max': np.float64(0.0), 'Min': np.float64(0.0), 'Mean': np.float64(0.0), 'Std': np.float64(0.0)}
[I 2024-11-17 07:13:59,099] Trial 107 finished with value: 30.0 and parameters: {'x_0': 2, 'x_1': -1, 'x_2': 0, 'x_3': -5}. Best is trial 84 with value: 10.0.
2024-11-17 07:13:59,100 - INFO - Candidate Mean Stats: {'Max': np.float64(84.0), 'Min': np.float64(-0.2768969150696598), 'Mean': np.float64(0.2836321579436439), 'Std': np.float64(3.6717726859015114)}
2024-11-17 07:13:59,101 - INFO - Candidate Std Stats: {'Max': np.float64(0.4165355577296404), 'Min': np.float64(0.0), 'Mean': np.float64(0.06190128461278355), 'Std': np.float64(0.04781940180741862)}
2024-11-17 07:13:59,102 - INFO - Top 10 Mean Stats: {'Max': np.float64(-0.17290715434182063), 'Min': np.float64(-0.2768969150696598), 'Mean': np.float64(-0.20765311399179837), 'Std': np.float64(0.03797908944884596)}
2024-11-17 07:13:59,102 - INFO - Top 10 Std Stats: {'Max': np.float64(0.41437256807455936), 'Min': np.float64(0.26005314306369115), 'Mean': np.float64(0.3515951413184453), 'Std': np.float64(0.04458105922204274)}
2024-11-17 07:13:59,102 - INFO - Bottom 10 Mean Stats: {'Max': np.float64(84.0), 'Min': np.float64(66.0), 'Mean': np.float64(71.8), 'Std': np.float64(6.64529909033446)}
2024-11-17 07:13:59,102 - INFO - Bottom 10 Std Stats: {'Max': np.float64(0.0), 'Min': np.float64(0.0), 'Mean': np.float64(0.0), 'Std': np.float64(0.0)}
[I 2024-11-17 07:13:59,117] Trial 106 finished with value: 31.0 and parameters: {'x_0': -1, 'x_1': -2, 'x_2': -5, 'x_3': -1}. Best is trial 76 with value: 7.0.
2024-11-17 07:13:59,274 - INFO - Candidate Mean Stats: {'Max': np.float64(75.0), 'Min': np.float64(-0.2362686607703129), 'Mean': np.float64(0.25373129630201907), 'Std': np.float64(3.3704465109014756)}
2024-11-17 07:13:59,274 - INFO - Candidate Std Stats: {'Max': np.float64(0.44056319662354554), 'Min': np.float64(0.0), 'Mean': np.float64(0.0651091185747927), 'Std': np.float64(0.04841950041766879)}
2024-11-17 07:13:59,275 - INFO - Top 10 Mean Stats: {'Max': np.float64(-0.10472841455086364), 'Min': np.float64(-0.2362686607703129), 'Mean': np.float64(-0.18735330938123376), 'Std': np.float64(0.034181383193610894)}
2024-11-17 07:13:59,275 - INFO - Top 10 Std Stats: {'Max': np.float64(0.40843566909250756), 'Min': np.float64(0.296429775359165), 'Mean': np.float64(0.3651243228762703), 'Std': np.float64(0.0380449142962467)}
2024-11-17 07:13:59,276 - INFO - Bottom 10 Mean Stats: {'Max': np.float64(75.0), 'Min': np.float64(59.0), 'Mean': np.float64(66.7), 'Std': np.float64(5.950630218724736)}
2024-11-17 07:13:59,276 - INFO - Bottom 10 Std Stats: {'Max': np.float64(0.0), 'Min': np.float64(0.0), 'Mean': np.float64(0.0), 'Std': np.float64(0.0)}
[I 2024-11-17 07:13:59,290] Trial 102 finished with value: 44.0 and parameters: {'x_0': -3, 'x_1': -1, 'x_2': -3, 'x_3': 5}. Best is trial 91 with value: 5.0.
2024-11-17 07:13:59,324 - INFO - Candidate Mean Stats: {'Max': np.float64(91.0), 'Min': np.float64(-0.2517239513688394), 'Mean': np.float64(0.3099943092970811), 'Std': np.float64(3.934909244373358)}
2024-11-17 07:13:59,324 - INFO - Candidate Std Stats: {'Max': np.float64(0.4438066997747928), 'Min': np.float64(0.0), 'Mean': np.float64(0.06541460601297319), 'Std': np.float64(0.04676884619234084)}
2024-11-17 07:13:59,325 - INFO - Top 10 Mean Stats: {'Max': np.float64(-0.12262125897977764), 'Min': np.float64(-0.2517239513688394), 'Mean': np.float64(-0.1731909074494376), 'Std': np.float64(0.03766696908946219)}
2024-11-17 07:13:59,325 - INFO - Top 10 Std Stats: {'Max': np.float64(0.4438066997747928), 'Min': np.float64(0.32175755550976043), 'Mean': np.float64(0.3752455497712226), 'Std': np.float64(0.045116861509404006)}
2024-11-17 07:13:59,325 - INFO - Bottom 10 Mean Stats: {'Max': np.float64(91.0), 'Min': np.float64(75.0), 'Mean': np.float64(79.9), 'Std': np.float64(5.262128846769148)}
2024-11-17 07:13:59,325 - INFO - Bottom 10 Std Stats: {'Max': np.float64(0.0), 'Min': np.float64(0.0), 'Mean': np.float64(0.0), 'Std': np.float64(0.0)}
[I 2024-11-17 07:13:59,339] Trial 108 finished with value: 61.0 and parameters: {'x_0': 4, 'x_1': -2, 'x_2': 4, 'x_3': -5}. Best is trial 84 with value: 10.0.
2024-11-17 07:13:59,360 - INFO - Candidate Mean Stats: {'Max': np.float64(84.0), 'Min': np.float64(-0.2246428560329729), 'Mean': np.float64(0.2848413036215003), 'Std': np.float64(3.6806221786506916)}
2024-11-17 07:13:59,361 - INFO - Candidate Std Stats: {'Max': np.float64(0.43605313271008644), 'Min': np.float64(0.0), 'Mean': np.float64(0.06292922864140071), 'Std': np.float64(0.048826895678773935)}
2024-11-17 07:13:59,362 - INFO - Top 10 Mean Stats: {'Max': np.float64(-0.15071196387527486), 'Min': np.float64(-0.2246428560329729), 'Mean': np.float64(-0.1890229264556455), 'Std': np.float64(0.024374717633093273)}
2024-11-17 07:13:59,362 - INFO - Top 10 Std Stats: {'Max': np.float64(0.43397278879006823), 'Min': np.float64(0.29459042573229066), 'Mean': np.float64(0.36740377394736806), 'Std': np.float64(0.04380703217394707)}
2024-11-17 07:13:59,362 - INFO - Bottom 10 Mean Stats: {'Max': np.float64(84.0), 'Min': np.float64(66.0), 'Mean': np.float64(71.8), 'Std': np.float64(6.64529909033446)}
2024-11-17 07:13:59,362 - INFO - Bottom 10 Std Stats: {'Max': np.float64(0.0), 'Min': np.float64(0.0), 'Mean': np.float64(0.0), 'Std': np.float64(0.0)}
[I 2024-11-17 07:13:59,376] Trial 107 finished with value: 34.0 and parameters: {'x_0': 1, 'x_1': -1, 'x_2': 4, 'x_3': 4}. Best is trial 76 with value: 7.0.
2024-11-17 07:13:59,510 - INFO - Candidate Mean Stats: {'Max': np.float64(75.0), 'Min': np.float64(-0.2917040018908563), 'Mean': np.float64(0.25594953866846637), 'Std': np.float64(3.389833160086973)}
2024-11-17 07:13:59,510 - INFO - Candidate Std Stats: {'Max': np.float64(0.4061474696107048), 'Min': np.float64(0.0), 'Mean': np.float64(0.06379766682660284), 'Std': np.float64(0.04801113335125465)}
2024-11-17 07:13:59,512 - INFO - Top 10 Mean Stats: {'Max': np.float64(-0.14614080478299812), 'Min': np.float64(-0.2917040018908563), 'Mean': np.float64(-0.19570958315672407), 'Std': np.float64(0.04202325319237328)}
2024-11-17 07:13:59,512 - INFO - Top 10 Std Stats: {'Max': np.float64(0.4005836453169049), 'Min': np.float64(0.2620427640373172), 'Mean': np.float64(0.3342191032480284), 'Std': np.float64(0.041324722490565305)}
2024-11-17 07:13:59,512 - INFO - Bottom 10 Mean Stats: {'Max': np.float64(75.0), 'Min': np.float64(59.0), 'Mean': np.float64(66.7), 'Std': np.float64(5.950630218724736)}
2024-11-17 07:13:59,512 - INFO - Bottom 10 Std Stats: {'Max': np.float64(0.0), 'Min': np.float64(0.0), 'Mean': np.float64(0.0), 'Std': np.float64(0.0)}
[I 2024-11-17 07:13:59,541] Trial 103 finished with value: 30.0 and parameters: {'x_0': -1, 'x_1': 3, 'x_2': -4, 'x_3': 2}. Best is trial 91 with value: 5.0.
2024-11-17 07:13:59,574 - INFO - Candidate Mean Stats: {'Max': np.float64(84.0), 'Min': np.float64(-0.3030127543608069), 'Mean': np.float64(0.2871916076489565), 'Std': np.float64(3.691130309107235)}
2024-11-17 07:13:59,574 - INFO - Candidate Std Stats: {'Max': np.float64(0.5338990141299729), 'Min': np.float64(0.0), 'Mean': np.float64(0.062117534723460946), 'Std': np.float64(0.04742765053046757)}
2024-11-17 07:13:59,575 - INFO - Top 10 Mean Stats: {'Max': np.float64(-0.15943009554843118), 'Min': np.float64(-0.3030127543608069), 'Mean': np.float64(-0.2100361522882795), 'Std': np.float64(0.04435348787680357)}
2024-11-17 07:13:59,575 - INFO - Top 10 Std Stats: {'Max': np.float64(0.5338990141299729), 'Min': np.float64(0.31156996236797085), 'Mean': np.float64(0.389568088177937), 'Std': np.float64(0.06690954148484726)}
2024-11-17 07:13:59,575 - INFO - Bottom 10 Mean Stats: {'Max': np.float64(84.0), 'Min': np.float64(66.0), 'Mean': np.float64(71.8), 'Std': np.float64(6.64529909033446)}
2024-11-17 07:13:59,575 - INFO - Bottom 10 Std Stats: {'Max': np.float64(0.0), 'Min': np.float64(0.0), 'Mean': np.float64(0.0), 'Std': np.float64(0.0)}
2024-11-17 07:13:59,591 - INFO - Candidate Mean Stats: {'Max': np.float64(91.0), 'Min': np.float64(-0.24926872299490183), 'Mean': np.float64(0.3143556379208318), 'Std': np.float64(3.9667226143065784)}
2024-11-17 07:13:59,591 - INFO - Candidate Std Stats: {'Max': np.float64(0.45170509110161544), 'Min': np.float64(0.0), 'Mean': np.float64(0.06466834200718617), 'Std': np.float64(0.04714026874866607)}
2024-11-17 07:13:59,592 - INFO - Top 10 Mean Stats: {'Max': np.float64(-0.13349638208170478), 'Min': np.float64(-0.24926872299490183), 'Mean': np.float64(-0.1814554171034016), 'Std': np.float64(0.030679738273378252)}
2024-11-17 07:13:59,592 - INFO - Top 10 Std Stats: {'Max': np.float64(0.45170509110161544), 'Min': np.float64(0.25876043723730835), 'Mean': np.float64(0.3455574044884685), 'Std': np.float64(0.04884571737310427)}
2024-11-17 07:13:59,592 - INFO - Bottom 10 Mean Stats: {'Max': np.float64(91.0), 'Min': np.float64(75.0), 'Mean': np.float64(79.9), 'Std': np.float64(5.262128846769148)}
2024-11-17 07:13:59,592 - INFO - Bottom 10 Std Stats: {'Max': np.float64(0.0), 'Min': np.float64(0.0), 'Mean': np.float64(0.0), 'Std': np.float64(0.0)}
[I 2024-11-17 07:13:59,593] Trial 108 finished with value: 59.0 and parameters: {'x_0': 3, 'x_1': -4, 'x_2': 3, 'x_3': -5}. Best is trial 76 with value: 7.0.
[I 2024-11-17 07:13:59,607] Trial 109 finished with value: 20.0 and parameters: {'x_0': -1, 'x_1': -3, 'x_2': -3, 'x_3': -1}. Best is trial 84 with value: 10.0.
2024-11-17 07:13:59,774 - INFO - Candidate Mean Stats: {'Max': np.float64(75.0), 'Min': np.float64(-0.25124564101208496), 'Mean': np.float64(0.25933654889216207), 'Std': np.float64(3.398636475859029)}
2024-11-17 07:13:59,774 - INFO - Candidate Std Stats: {'Max': np.float64(0.5008155723609296), 'Min': np.float64(0.0), 'Mean': np.float64(0.06388524264405632), 'Std': np.float64(0.04984188159860863)}
2024-11-17 07:13:59,775 - INFO - Top 10 Mean Stats: {'Max': np.float64(-0.1580520806810427), 'Min': np.float64(-0.25124564101208496), 'Mean': np.float64(-0.1976330977524025), 'Std': np.float64(0.024764503465938188)}
2024-11-17 07:13:59,775 - INFO - Top 10 Std Stats: {'Max': np.float64(0.46955581320065953), 'Min': np.float64(0.2871641768998984), 'Mean': np.float64(0.36749832543751143), 'Std': np.float64(0.05532933583562003)}
2024-11-17 07:13:59,776 - INFO - Bottom 10 Mean Stats: {'Max': np.float64(75.0), 'Min': np.float64(59.0), 'Mean': np.float64(66.7), 'Std': np.float64(5.950630218724736)}
2024-11-17 07:13:59,776 - INFO - Bottom 10 Std Stats: {'Max': np.float64(0.0), 'Min': np.float64(0.0), 'Mean': np.float64(0.0), 'Std': np.float64(0.0)}
[I 2024-11-17 07:13:59,790] Trial 104 finished with value: 61.0 and parameters: {'x_0': 4, 'x_1': -2, 'x_2': 5, 'x_3': -4}. Best is trial 91 with value: 5.0.
2024-11-17 07:13:59,842 - INFO - Candidate Mean Stats: {'Max': np.float64(84.0), 'Min': np.float64(-0.26068216264709626), 'Mean': np.float64(0.29138305585241864), 'Std': np.float64(3.7228815641609176)}
2024-11-17 07:13:59,842 - INFO - Candidate Std Stats: {'Max': np.float64(0.4975983529063951), 'Min': np.float64(0.0), 'Mean': np.float64(0.06423466709333311), 'Std': np.float64(0.04693361138441287)}
2024-11-17 07:13:59,843 - INFO - Top 10 Mean Stats: {'Max': np.float64(-0.11331337571594666), 'Min': np.float64(-0.26068216264709626), 'Mean': np.float64(-0.17667478827634647), 'Std': np.float64(0.04113185840890492)}
2024-11-17 07:13:59,844 - INFO - Top 10 Std Stats: {'Max': np.float64(0.4845227316441853), 'Min': np.float64(0.2988870459500609), 'Mean': np.float64(0.3721181733506741), 'Std': np.float64(0.052460459193119036)}
2024-11-17 07:13:59,844 - INFO - Bottom 10 Mean Stats: {'Max': np.float64(84.0), 'Min': np.float64(66.0), 'Mean': np.float64(71.8), 'Std': np.float64(6.64529909033446)}
2024-11-17 07:13:59,844 - INFO - Bottom 10 Std Stats: {'Max': np.float64(0.0), 'Min': np.float64(0.0), 'Mean': np.float64(0.0), 'Std': np.float64(0.0)}
2024-11-17 07:13:59,851 - INFO - Candidate Mean Stats: {'Max': np.float64(91.0), 'Min': np.float64(-0.3021967434354754), 'Mean': np.float64(0.3155743570807518), 'Std': np.float64(3.9700646966180595)}
2024-11-17 07:13:59,851 - INFO - Candidate Std Stats: {'Max': np.float64(0.6034348159522502), 'Min': np.float64(0.0), 'Mean': np.float64(0.06353873542797081), 'Std': np.float64(0.0473396199292939)}
2024-11-17 07:13:59,852 - INFO - Top 10 Mean Stats: {'Max': np.float64(-0.14858159761013884), 'Min': np.float64(-0.3021967434354754), 'Mean': np.float64(-0.2097396820878406), 'Std': np.float64(0.039588862471819884)}
2024-11-17 07:13:59,852 - INFO - Top 10 Std Stats: {'Max': np.float64(0.46103445234345813), 'Min': np.float64(0.33881568417333974), 'Mean': np.float64(0.37746059982490104), 'Std': np.float64(0.04221205941358209)}
2024-11-17 07:13:59,852 - INFO - Bottom 10 Mean Stats: {'Max': np.float64(91.0), 'Min': np.float64(75.0), 'Mean': np.float64(79.9), 'Std': np.float64(5.262128846769148)}
2024-11-17 07:13:59,852 - INFO - Bottom 10 Std Stats: {'Max': np.float64(0.0), 'Min': np.float64(0.0), 'Mean': np.float64(0.0), 'Std': np.float64(0.0)}
[I 2024-11-17 07:13:59,859] Trial 109 finished with value: 42.0 and parameters: {'x_0': 3, 'x_1': -2, 'x_2': 2, 'x_3': -5}. Best is trial 76 with value: 7.0.
[I 2024-11-17 07:13:59,866] Trial 110 finished with value: 42.0 and parameters: {'x_0': 1, 'x_1': 4, 'x_2': 0, 'x_3': -5}. Best is trial 84 with value: 10.0.
2024-11-17 07:14:00,105 - INFO - Candidate Mean Stats: {'Max': np.float64(75.0), 'Min': np.float64(-0.2936343140423016), 'Mean': np.float64(0.2624332249492026), 'Std': np.float64(3.435575248874751)}
2024-11-17 07:14:00,106 - INFO - Candidate Std Stats: {'Max': np.float64(0.5539046271397752), 'Min': np.float64(0.0), 'Mean': np.float64(0.06381056449305467), 'Std': np.float64(0.046126825232256946)}
2024-11-17 07:14:00,107 - INFO - Top 10 Mean Stats: {'Max': np.float64(-0.15423971481970158), 'Min': np.float64(-0.2936343140423016), 'Mean': np.float64(-0.21654810795936713), 'Std': np.float64(0.0366839322170557)}
2024-11-17 07:14:00,107 - INFO - Top 10 Std Stats: {'Max': np.float64(0.5539046271397752), 'Min': np.float64(0.3266159119633089), 'Mean': np.float64(0.42032458848312293), 'Std': np.float64(0.05812304474037454)}
2024-11-17 07:14:00,107 - INFO - Bottom 10 Mean Stats: {'Max': np.float64(75.0), 'Min': np.float64(59.0), 'Mean': np.float64(66.9), 'Std': np.float64(5.717516943569122)}
2024-11-17 07:14:00,107 - INFO - Bottom 10 Std Stats: {'Max': np.float64(0.0), 'Min': np.float64(0.0), 'Mean': np.float64(0.0), 'Std': np.float64(0.0)}
2024-11-17 07:14:00,112 - INFO - Candidate Mean Stats: {'Max': np.float64(84.0), 'Min': np.float64(-0.2798390510081744), 'Mean': np.float64(0.2947899292794941), 'Std': np.float64(3.7387671640837823)}
2024-11-17 07:14:00,112 - INFO - Candidate Std Stats: {'Max': np.float64(0.52294307388959), 'Min': np.float64(0.0), 'Mean': np.float64(0.061988522023802735), 'Std': np.float64(0.04959115543431028)}
2024-11-17 07:14:00,114 - INFO - Top 10 Mean Stats: {'Max': np.float64(-0.0320444475063828), 'Min': np.float64(-0.2798390510081744), 'Mean': np.float64(-0.17673158046841325), 'Std': np.float64(0.06390440409862992)}
2024-11-17 07:14:00,114 - INFO - Top 10 Std Stats: {'Max': np.float64(0.52294307388959), 'Min': np.float64(0.26255598560197163), 'Mean': np.float64(0.3495714773696976), 'Std': np.float64(0.0698336223659541)}
2024-11-17 07:14:00,114 - INFO - Bottom 10 Mean Stats: {'Max': np.float64(84.0), 'Min': np.float64(66.0), 'Mean': np.float64(71.8), 'Std': np.float64(6.64529909033446)}
2024-11-17 07:14:00,114 - INFO - Bottom 10 Std Stats: {'Max': np.float64(0.0), 'Min': np.float64(0.0), 'Mean': np.float64(0.0), 'Std': np.float64(0.0)}
[I 2024-11-17 07:14:00,123] Trial 105 finished with value: 44.0 and parameters: {'x_0': 3, 'x_1': -1, 'x_2': -5, 'x_3': -3}. Best is trial 91 with value: 5.0.
[I 2024-11-17 07:14:00,130] Trial 110 finished with value: 35.0 and parameters: {'x_0': 3, 'x_1': -1, 'x_2': -4, 'x_3': 3}. Best is trial 76 with value: 7.0.
2024-11-17 07:14:00,170 - INFO - Candidate Mean Stats: {'Max': np.float64(91.0), 'Min': np.float64(-0.2712764826556632), 'Mean': np.float64(0.3185040782287893), 'Std': np.float64(3.984972530003723)}
2024-11-17 07:14:00,170 - INFO - Candidate Std Stats: {'Max': np.float64(0.5550069632158406), 'Min': np.float64(0.0), 'Mean': np.float64(0.06282290165995286), 'Std': np.float64(0.048774990779864726)}
2024-11-17 07:14:00,171 - INFO - Top 10 Mean Stats: {'Max': np.float64(-0.12459140099134228), 'Min': np.float64(-0.2712764826556632), 'Mean': np.float64(-0.19295697439139167), 'Std': np.float64(0.040947923798259685)}
2024-11-17 07:14:00,171 - INFO - Top 10 Std Stats: {'Max': np.float64(0.5550069632158406), 'Min': np.float64(0.3438793944566514), 'Mean': np.float64(0.4062747942451622), 'Std': np.float64(0.06407780987718326)}
2024-11-17 07:14:00,171 - INFO - Bottom 10 Mean Stats: {'Max': np.float64(91.0), 'Min': np.float64(75.0), 'Mean': np.float64(79.9), 'Std': np.float64(5.262128846769148)}
2024-11-17 07:14:00,171 - INFO - Bottom 10 Std Stats: {'Max': np.float64(0.0), 'Min': np.float64(0.0), 'Mean': np.float64(0.0), 'Std': np.float64(0.0)}
[I 2024-11-17 07:14:00,186] Trial 111 finished with value: 42.0 and parameters: {'x_0': -2, 'x_1': -3, 'x_2': 2, 'x_3': -5}. Best is trial 84 with value: 10.0.
2024-11-17 07:14:00,366 - INFO - Candidate Mean Stats: {'Max': np.float64(84.0), 'Min': np.float64(-0.3041507447875325), 'Mean': np.float64(0.29728879719602214), 'Std': np.float64(3.7497363865445528)}
2024-11-17 07:14:00,366 - INFO - Candidate Std Stats: {'Max': np.float64(0.6008073692498923), 'Min': np.float64(0.0), 'Mean': np.float64(0.06582915102539409), 'Std': np.float64(0.04534306236589931)}
2024-11-17 07:14:00,368 - INFO - Top 10 Mean Stats: {'Max': np.float64(-0.1426110395074636), 'Min': np.float64(-0.3041507447875325), 'Mean': np.float64(-0.20269636498228535), 'Std': np.float64(0.051617910098147084)}
2024-11-17 07:14:00,368 - INFO - Top 10 Std Stats: {'Max': np.float64(0.5114234902681983), 'Min': np.float64(0.3417397415744714), 'Mean': np.float64(0.39589925973937684), 'Std': np.float64(0.045426273535773144)}
2024-11-17 07:14:00,368 - INFO - Bottom 10 Mean Stats: {'Max': np.float64(84.0), 'Min': np.float64(66.0), 'Mean': np.float64(71.8), 'Std': np.float64(6.64529909033446)}
2024-11-17 07:14:00,368 - INFO - Bottom 10 Std Stats: {'Max': np.float64(0.0), 'Min': np.float64(0.0), 'Mean': np.float64(0.0), 'Std': np.float64(0.0)}
[I 2024-11-17 07:14:00,386] Trial 111 finished with value: 14.0 and parameters: {'x_0': -2, 'x_1': 0, 'x_2': -3, 'x_3': -1}. Best is trial 76 with value: 7.0.
2024-11-17 07:14:00,396 - INFO - Candidate Mean Stats: {'Max': np.float64(75.0), 'Min': np.float64(-0.24753119339245072), 'Mean': np.float64(0.2671715769861635), 'Std': np.float64(3.4544171382632896)}
2024-11-17 07:14:00,396 - INFO - Candidate Std Stats: {'Max': np.float64(0.42181953135057937), 'Min': np.float64(0.0), 'Mean': np.float64(0.064614779055042), 'Std': np.float64(0.04899289994078042)}
2024-11-17 07:14:00,397 - INFO - Top 10 Mean Stats: {'Max': np.float64(-0.15872007632797244), 'Min': np.float64(-0.24753119339245072), 'Mean': np.float64(-0.19966103677448516), 'Std': np.float64(0.027776521959306296)}
2024-11-17 07:14:00,397 - INFO - Top 10 Std Stats: {'Max': np.float64(0.39831653080068025), 'Min': np.float64(0.2725627163203639), 'Mean': np.float64(0.3401109107408523), 'Std': np.float64(0.034478049369064706)}
2024-11-17 07:14:00,397 - INFO - Bottom 10 Mean Stats: {'Max': np.float64(75.0), 'Min': np.float64(59.0), 'Mean': np.float64(66.9), 'Std': np.float64(5.717516943569122)}
2024-11-17 07:14:00,397 - INFO - Bottom 10 Std Stats: {'Max': np.float64(0.0), 'Min': np.float64(0.0), 'Mean': np.float64(0.0), 'Std': np.float64(0.0)}
