[I 2024-11-17 07:14:59,105] Trial 333 finished with value: 6.0 and parameters: {'x_0': -1, 'x_1': -1, 'x_2': -2, 'x_3': 0}. Best is trial 290 with value: 2.0.
2024-11-17 07:14:59,159 - INFO - Candidate Mean Stats: {'Max': np.float64(100.0), 'Min': np.float64(-0.17597582692229763), 'Mean': np.float64(1.0959308549936033), 'Std': np.float64(7.884601274781739)}
2024-11-17 07:14:59,159 - INFO - Candidate Std Stats: {'Max': np.float64(0.4596142020709342), 'Min': np.float64(0.0), 'Mean': np.float64(0.045355842685836034), 'Std': np.float64(0.041203472716422065)}
2024-11-17 07:14:59,161 - INFO - Top 10 Mean Stats: {'Max': np.float64(-0.12063596874228544), 'Min': np.float64(-0.17597582692229763), 'Mean': np.float64(-0.15321187881151271), 'Std': np.float64(0.01474314727894002)}
2024-11-17 07:14:59,161 - INFO - Top 10 Std Stats: {'Max': np.float64(0.390801792341395), 'Min': np.float64(0.291702081728489), 'Mean': np.float64(0.3319659753764429), 'Std': np.float64(0.036205508023099485)}
2024-11-17 07:14:59,161 - INFO - Bottom 10 Mean Stats: {'Max': np.float64(100.0), 'Min': np.float64(91.0), 'Mean': np.float64(95.5), 'Std': np.float64(4.5)}
2024-11-17 07:14:59,161 - INFO - Bottom 10 Std Stats: {'Max': np.float64(0.0), 'Min': np.float64(0.0), 'Mean': np.float64(0.0), 'Std': np.float64(0.0)}
[I 2024-11-17 07:14:59,180] Trial 336 finished with value: 43.0 and parameters: {'x_0': 4, 'x_1': -5, 'x_2': -1, 'x_3': 1}. Best is trial 179 with value: 1.0.
2024-11-17 07:14:59,277 - INFO - Candidate Mean Stats: {'Max': np.float64(100.0), 'Min': np.float64(-0.40286950256272436), 'Mean': np.float64(0.9358230817513354), 'Std': np.float64(7.077346166842288)}
2024-11-17 07:14:59,277 - INFO - Candidate Std Stats: {'Max': np.float64(0.5867110375035904), 'Min': np.float64(0.0), 'Mean': np.float64(0.028771792987385168), 'Std': np.float64(0.04180888223701079)}
2024-11-17 07:14:59,279 - INFO - Top 10 Mean Stats: {'Max': np.float64(-0.2032938607217012), 'Min': np.float64(-0.40286950256272436), 'Mean': np.float64(-0.33676871695306926), 'Std': np.float64(0.06481714590093275)}
2024-11-17 07:14:59,279 - INFO - Top 10 Std Stats: {'Max': np.float64(0.4392163291941211), 'Min': np.float64(0.2090537907407686), 'Mean': np.float64(0.26763201074031173), 'Std': np.float64(0.07890675370470197)}
2024-11-17 07:14:59,279 - INFO - Bottom 10 Mean Stats: {'Max': np.float64(100.0), 'Min': np.float64(84.0), 'Mean': np.float64(93.0), 'Std': np.float64(5.019960159204453)}
2024-11-17 07:14:59,279 - INFO - Bottom 10 Std Stats: {'Max': np.float64(0.0), 'Min': np.float64(0.0), 'Mean': np.float64(0.0), 'Std': np.float64(0.0)}
[I 2024-11-17 07:14:59,299] Trial 334 finished with value: 39.0 and parameters: {'x_0': 1, 'x_1': -3, 'x_2': 5, 'x_3': -2}. Best is trial 290 with value: 2.0.
2024-11-17 07:14:59,345 - INFO - Candidate Mean Stats: {'Max': np.float64(91.0), 'Min': np.float64(-0.42774851974333633), 'Mean': np.float64(0.6965476798479993), 'Std': np.float64(5.6210593891867955)}
2024-11-17 07:14:59,345 - INFO - Candidate Std Stats: {'Max': np.float64(0.44153580548458066), 'Min': np.float64(0.0), 'Mean': np.float64(0.04818382909429118), 'Std': np.float64(0.04717334266797752)}
2024-11-17 07:14:59,346 - INFO - Top 10 Mean Stats: {'Max': np.float64(-0.17254282493424192), 'Min': np.float64(-0.42774851974333633), 'Mean': np.float64(-0.317592060215853), 'Std': np.float64(0.06869239182674829)}
2024-11-17 07:14:59,346 - INFO - Top 10 Std Stats: {'Max': np.float64(0.44153580548458066), 'Min': np.float64(0.18935390260164628), 'Mean': np.float64(0.2805163228689927), 'Std': np.float64(0.08747437358962197)}
2024-11-17 07:14:59,347 - INFO - Bottom 10 Mean Stats: {'Max': np.float64(91.0), 'Min': np.float64(73.0), 'Mean': np.float64(76.9), 'Std': np.float64(5.262128846769148)}
2024-11-17 07:14:59,347 - INFO - Bottom 10 Std Stats: {'Max': np.float64(0.0), 'Min': np.float64(0.0), 'Mean': np.float64(0.0), 'Std': np.float64(0.0)}
[I 2024-11-17 07:14:59,365] Trial 316 finished with value: 82.0 and parameters: {'x_0': 4, 'x_1': 5, 'x_2': -5, 'x_3': -4}. Best is trial 288 with value: 1.0.
2024-11-17 07:14:59,461 - INFO - Candidate Mean Stats: {'Max': np.float64(100.0), 'Min': np.float64(-0.33333879596392074), 'Mean': np.float64(1.0933594202206436), 'Std': np.float64(7.892942591718172)}
2024-11-17 07:14:59,461 - INFO - Candidate Std Stats: {'Max': np.float64(0.5525221878328466), 'Min': np.float64(0.0), 'Mean': np.float64(0.04518438314962361), 'Std': np.float64(0.04423933993892893)}
2024-11-17 07:14:59,463 - INFO - Top 10 Mean Stats: {'Max': np.float64(-0.07808690422455042), 'Min': np.float64(-0.33333879596392074), 'Mean': np.float64(-0.17492310794698226), 'Std': np.float64(0.06219148100071457)}
2024-11-17 07:14:59,463 - INFO - Top 10 Std Stats: {'Max': np.float64(0.4211457034967413), 'Min': np.float64(0.272445259157825), 'Mean': np.float64(0.35483226254137545), 'Std': np.float64(0.04532544807052232)}
2024-11-17 07:14:59,463 - INFO - Bottom 10 Mean Stats: {'Max': np.float64(100.0), 'Min': np.float64(91.0), 'Mean': np.float64(95.5), 'Std': np.float64(4.5)}
2024-11-17 07:14:59,463 - INFO - Bottom 10 Std Stats: {'Max': np.float64(0.0), 'Min': np.float64(0.0), 'Mean': np.float64(0.0), 'Std': np.float64(0.0)}
2024-11-17 07:14:59,478 - INFO - Candidate Mean Stats: {'Max': np.float64(100.0), 'Min': np.float64(-0.45524378506241997), 'Mean': np.float64(0.9376203993063306), 'Std': np.float64(7.084459463023617)}
2024-11-17 07:14:59,478 - INFO - Candidate Std Stats: {'Max': np.float64(0.5274103187997742), 'Min': np.float64(0.0), 'Mean': np.float64(0.02486452146787131), 'Std': np.float64(0.03737862835020964)}
2024-11-17 07:14:59,479 - INFO - Top 10 Mean Stats: {'Max': np.float64(-0.36645380094310775), 'Min': np.float64(-0.45524378506241997), 'Mean': np.float64(-0.41339319332086655), 'Std': np.float64(0.02767919019632482)}
2024-11-17 07:14:59,479 - INFO - Top 10 Std Stats: {'Max': np.float64(0.28087231239478927), 'Min': np.float64(0.1784728090468249), 'Mean': np.float64(0.22884922863516866), 'Std': np.float64(0.03700366889541454)}
2024-11-17 07:14:59,479 - INFO - Bottom 10 Mean Stats: {'Max': np.float64(100.0), 'Min': np.float64(84.0), 'Mean': np.float64(93.0), 'Std': np.float64(5.019960159204453)}
2024-11-17 07:14:59,479 - INFO - Bottom 10 Std Stats: {'Max': np.float64(0.0), 'Min': np.float64(0.0), 'Mean': np.float64(0.0), 'Std': np.float64(0.0)}
[I 2024-11-17 07:14:59,482] Trial 337 finished with value: 12.0 and parameters: {'x_0': -1, 'x_1': -3, 'x_2': -1, 'x_3': -1}. Best is trial 179 with value: 1.0.
[I 2024-11-17 07:14:59,503] Trial 335 finished with value: 7.0 and parameters: {'x_0': -1, 'x_1': -1, 'x_2': 1, 'x_3': -2}. Best is trial 290 with value: 2.0.
2024-11-17 07:14:59,615 - INFO - Candidate Mean Stats: {'Max': np.float64(91.0), 'Min': np.float64(-0.3272136553119984), 'Mean': np.float64(0.7048885414528113), 'Std': np.float64(5.660728243194342)}
2024-11-17 07:14:59,616 - INFO - Candidate Std Stats: {'Max': np.float64(0.4363421238817535), 'Min': np.float64(0.0), 'Mean': np.float64(0.052018251742195584), 'Std': np.float64(0.04705594051078903)}
2024-11-17 07:14:59,617 - INFO - Top 10 Mean Stats: {'Max': np.float64(-0.1809014691459207), 'Min': np.float64(-0.3272136553119984), 'Mean': np.float64(-0.24483813003655786), 'Std': np.float64(0.056048614121905635)}
2024-11-17 07:14:59,617 - INFO - Top 10 Std Stats: {'Max': np.float64(0.4004287236216492), 'Min': np.float64(0.19825091194764163), 'Mean': np.float64(0.2972726091090774), 'Std': np.float64(0.07024108291935234)}
2024-11-17 07:14:59,617 - INFO - Bottom 10 Mean Stats: {'Max': np.float64(91.0), 'Min': np.float64(73.0), 'Mean': np.float64(77.8), 'Std': np.float64(5.287721626560915)}
2024-11-17 07:14:59,617 - INFO - Bottom 10 Std Stats: {'Max': np.float64(0.0), 'Min': np.float64(0.0), 'Mean': np.float64(0.0), 'Std': np.float64(0.0)}
[I 2024-11-17 07:14:59,635] Trial 317 finished with value: 76.0 and parameters: {'x_0': 5, 'x_1': -5, 'x_2': -5, 'x_3': 1}. Best is trial 288 with value: 1.0.
2024-11-17 07:14:59,697 - INFO - Candidate Mean Stats: {'Max': np.float64(100.0), 'Min': np.float64(-0.6004122027480043), 'Mean': np.float64(0.934070021361897), 'Std': np.float64(7.085115138631219)}
2024-11-17 07:14:59,697 - INFO - Candidate Std Stats: {'Max': np.float64(0.5314898924004507), 'Min': np.float64(0.0), 'Mean': np.float64(0.04451089132139408), 'Std': np.float64(0.04755622255842947)}
2024-11-17 07:14:59,699 - INFO - Top 10 Mean Stats: {'Max': np.float64(-0.3682157069439908), 'Min': np.float64(-0.6004122027480043), 'Mean': np.float64(-0.4917938049589162), 'Std': np.float64(0.06942425605090795)}
2024-11-17 07:14:59,699 - INFO - Top 10 Std Stats: {'Max': np.float64(0.34529163830669357), 'Min': np.float64(0.21822996993461113), 'Mean': np.float64(0.2699938124766314), 'Std': np.float64(0.03907083472760759)}
2024-11-17 07:14:59,699 - INFO - Bottom 10 Mean Stats: {'Max': np.float64(100.0), 'Min': np.float64(84.0), 'Mean': np.float64(93.0), 'Std': np.float64(5.019960159204453)}
2024-11-17 07:14:59,699 - INFO - Bottom 10 Std Stats: {'Max': np.float64(0.0), 'Min': np.float64(0.0), 'Mean': np.float64(0.0), 'Std': np.float64(0.0)}
[I 2024-11-17 07:14:59,715] Trial 336 finished with value: 10.0 and parameters: {'x_0': -1, 'x_1': 2, 'x_2': 1, 'x_3': 2}. Best is trial 290 with value: 2.0.
2024-11-17 07:14:59,733 - INFO - Candidate Mean Stats: {'Max': np.float64(100.0), 'Min': np.float64(-0.208451487172918), 'Mean': np.float64(1.0964742959014797), 'Std': np.float64(7.893142409327141)}
2024-11-17 07:14:59,733 - INFO - Candidate Std Stats: {'Max': np.float64(0.41860506906177264), 'Min': np.float64(0.0), 'Mean': np.float64(0.04454604248644806), 'Std': np.float64(0.040886958864385696)}
2024-11-17 07:14:59,734 - INFO - Top 10 Mean Stats: {'Max': np.float64(-0.136254400369532), 'Min': np.float64(-0.208451487172918), 'Mean': np.float64(-0.16430347211096655), 'Std': np.float64(0.02364649460594584)}
2024-11-17 07:14:59,735 - INFO - Top 10 Std Stats: {'Max': np.float64(0.41860506906177264), 'Min': np.float64(0.28375417468540143), 'Mean': np.float64(0.3441580127594317), 'Std': np.float64(0.04118342050472379)}
2024-11-17 07:14:59,735 - INFO - Bottom 10 Mean Stats: {'Max': np.float64(100.0), 'Min': np.float64(91.0), 'Mean': np.float64(95.5), 'Std': np.float64(4.5)}
2024-11-17 07:14:59,735 - INFO - Bottom 10 Std Stats: {'Max': np.float64(0.0), 'Min': np.float64(0.0), 'Mean': np.float64(0.0), 'Std': np.float64(0.0)}
[I 2024-11-17 07:14:59,750] Trial 338 finished with value: 35.0 and parameters: {'x_0': 5, 'x_1': 1, 'x_2': -3, 'x_3': 0}. Best is trial 179 with value: 1.0.
2024-11-17 07:14:59,874 - INFO - Candidate Mean Stats: {'Max': np.float64(91.0), 'Min': np.float64(-0.20458880837550394), 'Mean': np.float64(0.711034211944125), 'Std': np.float64(5.694663411339358)}
2024-11-17 07:14:59,874 - INFO - Candidate Std Stats: {'Max': np.float64(0.6577029677739792), 'Min': np.float64(0.0), 'Mean': np.float64(0.04676674011096637), 'Std': np.float64(0.04821755192018981)}
2024-11-17 07:14:59,875 - INFO - Top 10 Mean Stats: {'Max': np.float64(-0.1496574674488294), 'Min': np.float64(-0.20458880837550394), 'Mean': np.float64(-0.17417688613277718), 'Std': np.float64(0.01689928892336556)}
2024-11-17 07:14:59,876 - INFO - Top 10 Std Stats: {'Max': np.float64(0.41040318723673624), 'Min': np.float64(0.3439132468811068), 'Mean': np.float64(0.38006748962878534), 'Std': np.float64(0.021937892244159412)}
2024-11-17 07:14:59,876 - INFO - Bottom 10 Mean Stats: {'Max': np.float64(91.0), 'Min': np.float64(75.0), 'Mean': np.float64(78.1), 'Std': np.float64(5.08822169328342)}
2024-11-17 07:14:59,876 - INFO - Bottom 10 Std Stats: {'Max': np.float64(0.0), 'Min': np.float64(0.0), 'Mean': np.float64(0.0), 'Std': np.float64(0.0)}
2024-11-17 07:14:59,882 - INFO - Candidate Mean Stats: {'Max': np.float64(100.0), 'Min': np.float64(-0.6324194184677648), 'Mean': np.float64(0.9331633749816624), 'Std': np.float64(7.085699753750262)}
2024-11-17 07:14:59,883 - INFO - Candidate Std Stats: {'Max': np.float64(0.44771008717101657), 'Min': np.float64(0.0), 'Mean': np.float64(0.03810161504678184), 'Std': np.float64(0.04469608473860592)}
2024-11-17 07:14:59,884 - INFO - Top 10 Mean Stats: {'Max': np.float64(-0.33488222212393315), 'Min': np.float64(-0.6324194184677648), 'Mean': np.float64(-0.5022913982673864), 'Std': np.float64(0.08741159882183165)}
2024-11-17 07:14:59,885 - INFO - Top 10 Std Stats: {'Max': np.float64(0.32557365210870076), 'Min': np.float64(0.15299355955432908), 'Mean': np.float64(0.23051067226557814), 'Std': np.float64(0.060656568570059466)}
2024-11-17 07:14:59,885 - INFO - Bottom 10 Mean Stats: {'Max': np.float64(100.0), 'Min': np.float64(84.0), 'Mean': np.float64(93.0), 'Std': np.float64(5.019960159204453)}
2024-11-17 07:14:59,885 - INFO - Bottom 10 Std Stats: {'Max': np.float64(0.0), 'Min': np.float64(0.0), 'Mean': np.float64(0.0), 'Std': np.float64(0.0)}
[I 2024-11-17 07:14:59,893] Trial 318 finished with value: 27.0 and parameters: {'x_0': -1, 'x_1': -1, 'x_2': -4, 'x_3': 3}. Best is trial 288 with value: 1.0.
[I 2024-11-17 07:14:59,904] Trial 337 finished with value: 7.0 and parameters: {'x_0': -1, 'x_1': -1, 'x_2': -1, 'x_3': 2}. Best is trial 290 with value: 2.0.
2024-11-17 07:15:00,007 - INFO - Candidate Mean Stats: {'Max': np.float64(100.0), 'Min': np.float64(-0.2578541919932994), 'Mean': np.float64(1.0921427787242373), 'Std': np.float64(7.89901424175417)}
2024-11-17 07:15:00,007 - INFO - Candidate Std Stats: {'Max': np.float64(0.5614492437305193), 'Min': np.float64(0.0), 'Mean': np.float64(0.04854723915374868), 'Std': np.float64(0.048566985250579425)}
2024-11-17 07:15:00,008 - INFO - Top 10 Mean Stats: {'Max': np.float64(-0.042391209250095103), 'Min': np.float64(-0.2578541919932994), 'Mean': np.float64(-0.17162868658628014), 'Std': np.float64(0.057437036696529706)}
2024-11-17 07:15:00,008 - INFO - Top 10 Std Stats: {'Max': np.float64(0.5614492437305193), 'Min': np.float64(0.32984722460174143), 'Mean': np.float64(0.4038538974287026), 'Std': np.float64(0.07078529961096419)}
2024-11-17 07:15:00,009 - INFO - Bottom 10 Mean Stats: {'Max': np.float64(100.0), 'Min': np.float64(91.0), 'Mean': np.float64(95.5), 'Std': np.float64(4.5)}
2024-11-17 07:15:00,009 - INFO - Bottom 10 Std Stats: {'Max': np.float64(0.0), 'Min': np.float64(0.0), 'Mean': np.float64(0.0), 'Std': np.float64(0.0)}
[I 2024-11-17 07:15:00,026] Trial 339 finished with value: 18.0 and parameters: {'x_0': 2, 'x_1': -2, 'x_2': -1, 'x_3': -3}. Best is trial 179 with value: 1.0.
2024-11-17 07:15:00,055 - INFO - Candidate Mean Stats: {'Max': np.float64(100.0), 'Min': np.float64(-0.7275299963673516), 'Mean': np.float64(0.93417975997723), 'Std': np.float64(7.085810905407204)}
2024-11-17 07:15:00,055 - INFO - Candidate Std Stats: {'Max': np.float64(0.6126350345665775), 'Min': np.float64(0.0), 'Mean': np.float64(0.03948750539067132), 'Std': np.float64(0.04651101538711067)}
2024-11-17 07:15:00,056 - INFO - Top 10 Mean Stats: {'Max': np.float64(-0.22153712716581317), 'Min': np.float64(-0.7275299963673516), 'Mean': np.float64(-0.5237590455454939), 'Std': np.float64(0.1651603400177428)}
2024-11-17 07:15:00,056 - INFO - Top 10 Std Stats: {'Max': np.float64(0.48948432208473835), 'Min': np.float64(0.10550320340677873), 'Mean': np.float64(0.20898299199425105), 'Std': np.float64(0.12466984237683039)}
2024-11-17 07:15:00,056 - INFO - Bottom 10 Mean Stats: {'Max': np.float64(100.0), 'Min': np.float64(84.0), 'Mean': np.float64(93.0), 'Std': np.float64(5.019960159204453)}
2024-11-17 07:15:00,056 - INFO - Bottom 10 Std Stats: {'Max': np.float64(0.0), 'Min': np.float64(0.0), 'Mean': np.float64(0.0), 'Std': np.float64(0.0)}
[I 2024-11-17 07:15:00,078] Trial 338 finished with value: 10.0 and parameters: {'x_0': -1, 'x_1': -2, 'x_2': 1, 'x_3': 2}. Best is trial 290 with value: 2.0.
2024-11-17 07:15:00,104 - INFO - Candidate Mean Stats: {'Max': np.float64(91.0), 'Min': np.float64(-0.3228609653562212), 'Mean': np.float64(0.7099440341324765), 'Std': np.float64(5.699206718542715)}
2024-11-17 07:15:00,104 - INFO - Candidate Std Stats: {'Max': np.float64(0.6677335594986238), 'Min': np.float64(0.0), 'Mean': np.float64(0.0456180448847635), 'Std': np.float64(0.047732963438012345)}
2024-11-17 07:15:00,106 - INFO - Top 10 Mean Stats: {'Max': np.float64(-0.09728980198535506), 'Min': np.float64(-0.3228609653562212), 'Mean': np.float64(-0.18968187692063593), 'Std': np.float64(0.07162489653141657)}
2024-11-17 07:15:00,106 - INFO - Top 10 Std Stats: {'Max': np.float64(0.6677335594986238), 'Min': np.float64(0.3360787708100367), 'Mean': np.float64(0.4740259095976548), 'Std': np.float64(0.0782443801984541)}
2024-11-17 07:15:00,106 - INFO - Bottom 10 Mean Stats: {'Max': np.float64(91.0), 'Min': np.float64(75.0), 'Mean': np.float64(78.1), 'Std': np.float64(5.08822169328342)}
2024-11-17 07:15:00,106 - INFO - Bottom 10 Std Stats: {'Max': np.float64(0.0), 'Min': np.float64(0.0), 'Mean': np.float64(0.0), 'Std': np.float64(0.0)}
[I 2024-11-17 07:15:00,123] Trial 319 finished with value: 33.0 and parameters: {'x_0': 4, 'x_1': 0, 'x_2': 1, 'x_3': 4}. Best is trial 288 with value: 1.0.
2024-11-17 07:15:00,297 - INFO - Candidate Mean Stats: {'Max': np.float64(100.0), 'Min': np.float64(-0.4313535811630572), 'Mean': np.float64(0.9363412235440098), 'Std': np.float64(7.086014736393125)}
2024-11-17 07:15:00,298 - INFO - Candidate Std Stats: {'Max': np.float64(0.4695450677821402), 'Min': np.float64(0.0), 'Mean': np.float64(0.04258692209386552), 'Std': np.float64(0.04319494755453376)}
2024-11-17 07:15:00,299 - INFO - Top 10 Mean Stats: {'Max': np.float64(-0.08347625172497422), 'Min': np.float64(-0.4313535811630572), 'Mean': np.float64(-0.2919907410988844), 'Std': np.float64(0.09935428343187416)}
2024-11-17 07:15:00,299 - INFO - Top 10 Std Stats: {'Max': np.float64(0.42813068319969133), 'Min': np.float64(0.27220533673986086), 'Mean': np.float64(0.34060288317863946), 'Std': np.float64(0.05295173031963624)}
2024-11-17 07:15:00,299 - INFO - Bottom 10 Mean Stats: {'Max': np.float64(100.0), 'Min': np.float64(84.0), 'Mean': np.float64(93.0), 'Std': np.float64(5.019960159204453)}
2024-11-17 07:15:00,299 - INFO - Bottom 10 Std Stats: {'Max': np.float64(0.0), 'Min': np.float64(0.0), 'Mean': np.float64(0.0), 'Std': np.float64(0.0)}
2024-11-17 07:15:00,303 - INFO - Candidate Mean Stats: {'Max': np.float64(100.0), 'Min': np.float64(-0.17239980213934086), 'Mean': np.float64(1.0997828715608853), 'Std': np.float64(7.899369540444388)}
2024-11-17 07:15:00,303 - INFO - Candidate Std Stats: {'Max': np.float64(0.5504284529460423), 'Min': np.float64(0.0), 'Mean': np.float64(0.042218697988635194), 'Std': np.float64(0.047167831929673144)}
2024-11-17 07:15:00,304 - INFO - Top 10 Mean Stats: {'Max': np.float64(-0.007702912601930026), 'Min': np.float64(-0.17239980213934086), 'Mean': np.float64(-0.10320387286740071), 'Std': np.float64(0.04945030477596661)}
2024-11-17 07:15:00,304 - INFO - Top 10 Std Stats: {'Max': np.float64(0.5504284529460423), 'Min': np.float64(0.26708115185003384), 'Mean': np.float64(0.37124702298430173), 'Std': np.float64(0.0881883079867815)}
2024-11-17 07:15:00,305 - INFO - Bottom 10 Mean Stats: {'Max': np.float64(100.0), 'Min': np.float64(91.0), 'Mean': np.float64(95.5), 'Std': np.float64(4.5)}
2024-11-17 07:15:00,305 - INFO - Bottom 10 Std Stats: {'Max': np.float64(0.0), 'Min': np.float64(0.0), 'Mean': np.float64(0.0), 'Std': np.float64(0.0)}
[I 2024-11-17 07:15:00,317] Trial 339 finished with value: 9.0 and parameters: {'x_0': -1, 'x_1': -2, 'x_2': 0, 'x_3': 2}. Best is trial 290 with value: 2.0.
[I 2024-11-17 07:15:00,321] Trial 340 finished with value: 63.0 and parameters: {'x_0': -2, 'x_1': -5, 'x_2': -5, 'x_3': -3}. Best is trial 179 with value: 1.0.
2024-11-17 07:15:00,420 - INFO - Candidate Mean Stats: {'Max': np.float64(91.0), 'Min': np.float64(-0.43963673090238586), 'Mean': np.float64(0.7109200709012122), 'Std': np.float64(5.705608549538253)}
2024-11-17 07:15:00,420 - INFO - Candidate Std Stats: {'Max': np.float64(0.4197368769039602), 'Min': np.float64(0.0), 'Mean': np.float64(0.04805462650780571), 'Std': np.float64(0.046033739042250464)}
2024-11-17 07:15:00,422 - INFO - Top 10 Mean Stats: {'Max': np.float64(-0.21305332013906794), 'Min': np.float64(-0.43963673090238586), 'Mean': np.float64(-0.301211247993708), 'Std': np.float64(0.07380005539529641)}
2024-11-17 07:15:00,422 - INFO - Top 10 Std Stats: {'Max': np.float64(0.3425827950440845), 'Min': np.float64(0.2716157825599691), 'Mean': np.float64(0.29651154856113787), 'Std': np.float64(0.022593660507379803)}
2024-11-17 07:15:00,422 - INFO - Bottom 10 Mean Stats: {'Max': np.float64(91.0), 'Min': np.float64(75.0), 'Mean': np.float64(78.1), 'Std': np.float64(5.08822169328342)}
2024-11-17 07:15:00,422 - INFO - Bottom 10 Std Stats: {'Max': np.float64(0.0), 'Min': np.float64(0.0), 'Mean': np.float64(0.0), 'Std': np.float64(0.0)}
