[I 2024-11-17 07:15:29,409] Trial 491 finished with value: 11.0 and parameters: {'x_0': -1, 'x_1': -3, 'x_2': 0, 'x_3': -1}. Best is trial 362 with value: 1.0.
2024-11-17 07:15:29,448 - INFO - Candidate Mean Stats: {'Max': np.float64(100.0), 'Min': np.float64(-0.40027674274195124), 'Mean': np.float64(1.31265480868039), 'Std': np.float64(8.276360310148902)}
2024-11-17 07:15:29,448 - INFO - Candidate Std Stats: {'Max': np.float64(0.251509815686536), 'Min': np.float64(0.0), 'Mean': np.float64(0.022278674643019965), 'Std': np.float64(0.028039641433336496)}
2024-11-17 07:15:29,450 - INFO - Top 10 Mean Stats: {'Max': np.float64(-0.16391312744367798), 'Min': np.float64(-0.40027674274195124), 'Mean': np.float64(-0.2407782993320508), 'Std': np.float64(0.09129968617375053)}
2024-11-17 07:15:29,450 - INFO - Top 10 Std Stats: {'Max': np.float64(0.2200185796737887), 'Min': np.float64(0.027104421377200014), 'Mean': np.float64(0.14921075085309685), 'Std': np.float64(0.077535931451336)}
2024-11-17 07:15:29,450 - INFO - Bottom 10 Mean Stats: {'Max': np.float64(100.0), 'Min': np.float64(91.0), 'Mean': np.float64(95.5), 'Std': np.float64(4.5)}
2024-11-17 07:15:29,450 - INFO - Bottom 10 Std Stats: {'Max': np.float64(0.0), 'Min': np.float64(0.0), 'Mean': np.float64(0.0), 'Std': np.float64(0.0)}
[I 2024-11-17 07:15:29,468] Trial 490 finished with value: 33.0 and parameters: {'x_0': 0, 'x_1': 1, 'x_2': 4, 'x_3': 4}. Best is trial 179 with value: 1.0.
2024-11-17 07:15:29,542 - INFO - Candidate Mean Stats: {'Max': np.float64(100.0), 'Min': np.float64(-0.41925381348909985), 'Mean': np.float64(1.1391475636519635), 'Std': np.float64(7.5195680933590525)}
2024-11-17 07:15:29,543 - INFO - Candidate Std Stats: {'Max': np.float64(0.5011258031978222), 'Min': np.float64(0.0), 'Mean': np.float64(0.023333836848486292), 'Std': np.float64(0.030315090701519734)}
2024-11-17 07:15:29,544 - INFO - Top 10 Mean Stats: {'Max': np.float64(-0.28310687225897846), 'Min': np.float64(-0.41925381348909985), 'Mean': np.float64(-0.35806463865849325), 'Std': np.float64(0.04188318634824987)}
2024-11-17 07:15:29,544 - INFO - Top 10 Std Stats: {'Max': np.float64(0.1733268257496668), 'Min': np.float64(0.07403803169472288), 'Mean': np.float64(0.11411536366724584), 'Std': np.float64(0.039169244762857464)}
2024-11-17 07:15:29,544 - INFO - Bottom 10 Mean Stats: {'Max': np.float64(100.0), 'Min': np.float64(91.0), 'Mean': np.float64(93.7), 'Std': np.float64(4.124318125460256)}
2024-11-17 07:15:29,544 - INFO - Bottom 10 Std Stats: {'Max': np.float64(0.0), 'Min': np.float64(0.0), 'Mean': np.float64(0.0), 'Std': np.float64(0.0)}
[I 2024-11-17 07:15:29,562] Trial 492 finished with value: 3.0 and parameters: {'x_0': -1, 'x_1': 1, 'x_2': 1, 'x_3': 0}. Best is trial 362 with value: 1.0.
2024-11-17 07:15:29,585 - INFO - Candidate Mean Stats: {'Max': np.float64(91.0), 'Min': np.float64(-0.4393424814107596), 'Mean': np.float64(0.9692307254013169), 'Std': np.float64(6.8743250389348685)}
2024-11-17 07:15:29,586 - INFO - Candidate Std Stats: {'Max': np.float64(0.9881941189966789), 'Min': np.float64(0.0), 'Mean': np.float64(0.04242372565829059), 'Std': np.float64(0.043593465476125796)}
2024-11-17 07:15:29,587 - INFO - Top 10 Mean Stats: {'Max': np.float64(-0.3412031443446123), 'Min': np.float64(-0.4393424814107596), 'Mean': np.float64(-0.39814271016699454), 'Std': np.float64(0.034371472866577164)}
2024-11-17 07:15:29,587 - INFO - Top 10 Std Stats: {'Max': np.float64(0.21259820950783814), 'Min': np.float64(0.08753414741695235), 'Mean': np.float64(0.14612447101197007), 'Std': np.float64(0.044764778983505255)}
2024-11-17 07:15:29,587 - INFO - Bottom 10 Mean Stats: {'Max': np.float64(91.0), 'Min': np.float64(82.0), 'Mean': np.float64(84.9), 'Std': np.float64(4.036087214122113)}
2024-11-17 07:15:29,587 - INFO - Bottom 10 Std Stats: {'Max': np.float64(0.0), 'Min': np.float64(0.0), 'Mean': np.float64(0.0), 'Std': np.float64(0.0)}
[I 2024-11-17 07:15:29,605] Trial 422 finished with value: 16.0 and parameters: {'x_0': 0, 'x_1': -4, 'x_2': 0, 'x_3': 0}. Best is trial 320 with value: 0.0.
2024-11-17 07:15:29,631 - INFO - Candidate Mean Stats: {'Max': np.float64(100.0), 'Min': np.float64(-0.424058447603964), 'Mean': np.float64(1.3167411398150841), 'Std': np.float64(8.280204529837643)}
2024-11-17 07:15:29,631 - INFO - Candidate Std Stats: {'Max': np.float64(0.3135185788752762), 'Min': np.float64(0.0), 'Mean': np.float64(0.023753124831786196), 'Std': np.float64(0.03021509731833242)}
2024-11-17 07:15:29,632 - INFO - Top 10 Mean Stats: {'Max': np.float64(-0.08048325576886059), 'Min': np.float64(-0.424058447603964), 'Mean': np.float64(-0.2419942419139156), 'Std': np.float64(0.1294945964087133)}
2024-11-17 07:15:29,632 - INFO - Top 10 Std Stats: {'Max': np.float64(0.296624791992236), 'Min': np.float64(0.03589923828808796), 'Mean': np.float64(0.16086024592806605), 'Std': np.float64(0.10404789405364408)}
2024-11-17 07:15:29,632 - INFO - Bottom 10 Mean Stats: {'Max': np.float64(100.0), 'Min': np.float64(91.0), 'Mean': np.float64(95.5), 'Std': np.float64(4.5)}
2024-11-17 07:15:29,632 - INFO - Bottom 10 Std Stats: {'Max': np.float64(0.0), 'Min': np.float64(0.0), 'Mean': np.float64(0.0), 'Std': np.float64(0.0)}
[I 2024-11-17 07:15:29,651] Trial 491 finished with value: 33.0 and parameters: {'x_0': 0, 'x_1': 1, 'x_2': -4, 'x_3': -4}. Best is trial 179 with value: 1.0.
2024-11-17 07:15:29,780 - INFO - Candidate Mean Stats: {'Max': np.float64(100.0), 'Min': np.float64(-0.4749355486725511), 'Mean': np.float64(1.136702826388799), 'Std': np.float64(7.51992640160519)}
2024-11-17 07:15:29,780 - INFO - Candidate Std Stats: {'Max': np.float64(0.46158233388889164), 'Min': np.float64(0.0), 'Mean': np.float64(0.03104533382444341), 'Std': np.float64(0.03703877112069934)}
2024-11-17 07:15:29,781 - INFO - Top 10 Mean Stats: {'Max': np.float64(-0.38349648206596065), 'Min': np.float64(-0.4749355486725511), 'Mean': np.float64(-0.42029141354138416), 'Std': np.float64(0.03338215376988646)}
2024-11-17 07:15:29,781 - INFO - Top 10 Std Stats: {'Max': np.float64(0.08959567233236733), 'Min': np.float64(0.05606237925342472), 'Mean': np.float64(0.07334971832611063), 'Std': np.float64(0.011774199066244804)}
2024-11-17 07:15:29,782 - INFO - Bottom 10 Mean Stats: {'Max': np.float64(100.0), 'Min': np.float64(91.0), 'Mean': np.float64(93.7), 'Std': np.float64(4.124318125460256)}
2024-11-17 07:15:29,782 - INFO - Bottom 10 Std Stats: {'Max': np.float64(0.0), 'Min': np.float64(0.0), 'Mean': np.float64(0.0), 'Std': np.float64(0.0)}
[I 2024-11-17 07:15:29,801] Trial 493 finished with value: 4.0 and parameters: {'x_0': -1, 'x_1': 1, 'x_2': 1, 'x_3': -1}. Best is trial 362 with value: 1.0.
2024-11-17 07:15:29,813 - INFO - Candidate Mean Stats: {'Max': np.float64(100.0), 'Min': np.float64(-0.38222371271139444), 'Mean': np.float64(1.3142878020357158), 'Std': np.float64(8.285046014930604)}
2024-11-17 07:15:29,813 - INFO - Candidate Std Stats: {'Max': np.float64(0.34420844805137835), 'Min': np.float64(0.0), 'Mean': np.float64(0.03036876556869455), 'Std': np.float64(0.037280739682592996)}
2024-11-17 07:15:29,814 - INFO - Top 10 Mean Stats: {'Max': np.float64(-0.22490384984845785), 'Min': np.float64(-0.38222371271139444), 'Mean': np.float64(-0.30838622211349803), 'Std': np.float64(0.03719866915733196)}
2024-11-17 07:15:29,814 - INFO - Top 10 Std Stats: {'Max': np.float64(0.1359753796935657), 'Min': np.float64(0.025718564581015724), 'Mean': np.float64(0.10597751673951401), 'Std': np.float64(0.03427958140640584)}
2024-11-17 07:15:29,814 - INFO - Bottom 10 Mean Stats: {'Max': np.float64(100.0), 'Min': np.float64(91.0), 'Mean': np.float64(95.5), 'Std': np.float64(4.5)}
2024-11-17 07:15:29,814 - INFO - Bottom 10 Std Stats: {'Max': np.float64(0.0), 'Min': np.float64(0.0), 'Mean': np.float64(0.0), 'Std': np.float64(0.0)}
[I 2024-11-17 07:15:29,830] Trial 492 finished with value: 30.0 and parameters: {'x_0': 0, 'x_1': 1, 'x_2': 2, 'x_3': 5}. Best is trial 179 with value: 1.0.
2024-11-17 07:15:29,842 - INFO - Candidate Mean Stats: {'Max': np.float64(91.0), 'Min': np.float64(-0.4967942762683948), 'Mean': np.float64(0.9718443596406986), 'Std': np.float64(6.875232684016726)}
2024-11-17 07:15:29,843 - INFO - Candidate Std Stats: {'Max': np.float64(0.5650895300017971), 'Min': np.float64(0.0), 'Mean': np.float64(0.03251245928059375), 'Std': np.float64(0.04293866976171845)}
2024-11-17 07:15:29,844 - INFO - Top 10 Mean Stats: {'Max': np.float64(-0.36390229217579406), 'Min': np.float64(-0.4967942762683948), 'Mean': np.float64(-0.44595169476419033), 'Std': np.float64(0.03623350207466153)}
2024-11-17 07:15:29,844 - INFO - Top 10 Std Stats: {'Max': np.float64(0.16038599593832734), 'Min': np.float64(0.12912725139520442), 'Mean': np.float64(0.1421796309751827), 'Std': np.float64(0.010233768943232961)}
2024-11-17 07:15:29,844 - INFO - Bottom 10 Mean Stats: {'Max': np.float64(91.0), 'Min': np.float64(82.0), 'Mean': np.float64(84.9), 'Std': np.float64(4.036087214122113)}
2024-11-17 07:15:29,844 - INFO - Bottom 10 Std Stats: {'Max': np.float64(0.0), 'Min': np.float64(0.0), 'Mean': np.float64(0.0), 'Std': np.float64(0.0)}
[I 2024-11-17 07:15:29,861] Trial 423 finished with value: 10.0 and parameters: {'x_0': 0, 'x_1': -1, 'x_2': 3, 'x_3': 0}. Best is trial 320 with value: 0.0.
2024-11-17 07:15:29,930 - INFO - Candidate Mean Stats: {'Max': np.float64(100.0), 'Min': np.float64(-0.5421797313911836), 'Mean': np.float64(1.1427314615709285), 'Std': np.float64(7.519133614555169)}
2024-11-17 07:15:29,930 - INFO - Candidate Std Stats: {'Max': np.float64(0.5209394271655247), 'Min': np.float64(0.0), 'Mean': np.float64(0.024290972961523945), 'Std': np.float64(0.030782922560087505)}
2024-11-17 07:15:29,932 - INFO - Top 10 Mean Stats: {'Max': np.float64(-0.4419209823776128), 'Min': np.float64(-0.5421797313911836), 'Mean': np.float64(-0.48098650305907437), 'Std': np.float64(0.031034050756174096)}
2024-11-17 07:15:29,932 - INFO - Top 10 Std Stats: {'Max': np.float64(0.10835684675860247), 'Min': np.float64(0.07805865858592939), 'Mean': np.float64(0.09596240392752482), 'Std': np.float64(0.00971827815015242)}
2024-11-17 07:15:29,932 - INFO - Bottom 10 Mean Stats: {'Max': np.float64(100.0), 'Min': np.float64(91.0), 'Mean': np.float64(93.7), 'Std': np.float64(4.124318125460256)}
2024-11-17 07:15:29,932 - INFO - Bottom 10 Std Stats: {'Max': np.float64(0.0), 'Min': np.float64(0.0), 'Mean': np.float64(0.0), 'Std': np.float64(0.0)}
[I 2024-11-17 07:15:29,952] Trial 494 finished with value: 4.0 and parameters: {'x_0': -1, 'x_1': 1, 'x_2': 1, 'x_3': 1}. Best is trial 362 with value: 1.0.
2024-11-17 07:15:29,985 - INFO - Candidate Mean Stats: {'Max': np.float64(100.0), 'Min': np.float64(-0.38550566695226135), 'Mean': np.float64(1.3192389166373186), 'Std': np.float64(8.287991957389009)}
2024-11-17 07:15:29,985 - INFO - Candidate Std Stats: {'Max': np.float64(0.35447073795602596), 'Min': np.float64(0.0), 'Mean': np.float64(0.026156727906769157), 'Std': np.float64(0.03341490092107274)}
2024-11-17 07:15:29,987 - INFO - Top 10 Mean Stats: {'Max': np.float64(-0.18496501411731212), 'Min': np.float64(-0.23130365544857664), 'Mean': np.float64(-0.20765019640014057), 'Std': np.float64(0.01627151563454851)}
2024-11-17 07:15:29,987 - INFO - Top 10 Std Stats: {'Max': np.float64(0.332063766867185), 'Min': np.float64(0.2682846775202186), 'Mean': np.float64(0.3006252594486939), 'Std': np.float64(0.02196138091976726)}
2024-11-17 07:15:29,987 - INFO - Bottom 10 Mean Stats: {'Max': np.float64(100.0), 'Min': np.float64(91.0), 'Mean': np.float64(95.5), 'Std': np.float64(4.5)}
2024-11-17 07:15:29,987 - INFO - Bottom 10 Std Stats: {'Max': np.float64(0.0), 'Min': np.float64(0.0), 'Mean': np.float64(0.0), 'Std': np.float64(0.0)}
[I 2024-11-17 07:15:30,006] Trial 493 finished with value: 2.0 and parameters: {'x_0': 0, 'x_1': 1, 'x_2': 0, 'x_3': 1}. Best is trial 179 with value: 1.0.
2024-11-17 07:15:30,088 - INFO - Candidate Mean Stats: {'Max': np.float64(91.0), 'Min': np.float64(-0.49037160042446964), 'Mean': np.float64(0.972583205553138), 'Std': np.float64(6.875617297548398)}
2024-11-17 07:15:30,089 - INFO - Candidate Std Stats: {'Max': np.float64(0.6600017441210041), 'Min': np.float64(0.0), 'Mean': np.float64(0.03951743921309478), 'Std': np.float64(0.044069982448147964)}
2024-11-17 07:15:30,090 - INFO - Top 10 Mean Stats: {'Max': np.float64(-0.22825927546244146), 'Min': np.float64(-0.49037160042446964), 'Mean': np.float64(-0.4182158948915456), 'Std': np.float64(0.0727988641842726)}
2024-11-17 07:15:30,090 - INFO - Top 10 Std Stats: {'Max': np.float64(0.20536863051835338), 'Min': np.float64(0.0373138458602336), 'Mean': np.float64(0.0733095509374905), 'Std': np.float64(0.04654717699037166)}
2024-11-17 07:15:30,090 - INFO - Bottom 10 Mean Stats: {'Max': np.float64(91.0), 'Min': np.float64(82.0), 'Mean': np.float64(84.9), 'Std': np.float64(4.036087214122113)}
2024-11-17 07:15:30,090 - INFO - Bottom 10 Std Stats: {'Max': np.float64(0.0), 'Min': np.float64(0.0), 'Mean': np.float64(0.0), 'Std': np.float64(0.0)}
[I 2024-11-17 07:15:30,108] Trial 424 finished with value: 11.0 and parameters: {'x_0': 1, 'x_1': -1, 'x_2': 3, 'x_3': 0}. Best is trial 320 with value: 0.0.
2024-11-17 07:15:30,137 - INFO - Candidate Mean Stats: {'Max': np.float64(100.0), 'Min': np.float64(-0.36968704322002155), 'Mean': np.float64(1.317709073128518), 'Std': np.float64(8.288259692360958)}
2024-11-17 07:15:30,137 - INFO - Candidate Std Stats: {'Max': np.float64(0.403678816958309), 'Min': np.float64(0.0), 'Mean': np.float64(0.02355723844312573), 'Std': np.float64(0.030851664557043603)}
2024-11-17 07:15:30,139 - INFO - Top 10 Mean Stats: {'Max': np.float64(-0.023618571353914496), 'Min': np.float64(-0.36968704322002155), 'Mean': np.float64(-0.18374618566906048), 'Std': np.float64(0.12579282887309481)}
2024-11-17 07:15:30,139 - INFO - Top 10 Std Stats: {'Max': np.float64(0.403678816958309), 'Min': np.float64(0.018681979102270124), 'Mean': np.float64(0.24627574731801177), 'Std': np.float64(0.12355181445172668)}
2024-11-17 07:15:30,139 - INFO - Bottom 10 Mean Stats: {'Max': np.float64(100.0), 'Min': np.float64(91.0), 'Mean': np.float64(95.5), 'Std': np.float64(4.5)}
2024-11-17 07:15:30,139 - INFO - Bottom 10 Std Stats: {'Max': np.float64(0.0), 'Min': np.float64(0.0), 'Mean': np.float64(0.0), 'Std': np.float64(0.0)}
2024-11-17 07:15:30,145 - INFO - Candidate Mean Stats: {'Max': np.float64(100.0), 'Min': np.float64(-0.46412152349052177), 'Mean': np.float64(1.1413188182611531), 'Std': np.float64(7.519427031251749)}
2024-11-17 07:15:30,146 - INFO - Candidate Std Stats: {'Max': np.float64(0.5825953525012537), 'Min': np.float64(0.0), 'Mean': np.float64(0.026777284151067983), 'Std': np.float64(0.03406370505551811)}
2024-11-17 07:15:30,147 - INFO - Top 10 Mean Stats: {'Max': np.float64(-0.38713779126065456), 'Min': np.float64(-0.46412152349052177), 'Mean': np.float64(-0.4105414648996469), 'Std': np.float64(0.02717649126322855)}
2024-11-17 07:15:30,147 - INFO - Top 10 Std Stats: {'Max': np.float64(0.11213980578188393), 'Min': np.float64(0.0877313624211593), 'Mean': np.float64(0.1004999662729327), 'Std': np.float64(0.008068659991026737)}
2024-11-17 07:15:30,147 - INFO - Bottom 10 Mean Stats: {'Max': np.float64(100.0), 'Min': np.float64(91.0), 'Mean': np.float64(93.7), 'Std': np.float64(4.124318125460256)}
2024-11-17 07:15:30,147 - INFO - Bottom 10 Std Stats: {'Max': np.float64(0.0), 'Min': np.float64(0.0), 'Mean': np.float64(0.0), 'Std': np.float64(0.0)}
[I 2024-11-17 07:15:30,163] Trial 494 finished with value: 30.0 and parameters: {'x_0': 0, 'x_1': 1, 'x_2': -2, 'x_3': 5}. Best is trial 179 with value: 1.0.
[I 2024-11-17 07:15:30,167] Trial 495 finished with value: 4.0 and parameters: {'x_0': -1, 'x_1': 1, 'x_2': -1, 'x_3': -1}. Best is trial 362 with value: 1.0.
2024-11-17 07:15:30,296 - INFO - Candidate Mean Stats: {'Max': np.float64(100.0), 'Min': np.float64(-0.3628226381256801), 'Mean': np.float64(1.3224527635189551), 'Std': np.float64(8.29121197419653)}
2024-11-17 07:15:30,296 - INFO - Candidate Std Stats: {'Max': np.float64(0.29209045354259533), 'Min': np.float64(0.0), 'Mean': np.float64(0.022414512520893853), 'Std': np.float64(0.030615953350921533)}
2024-11-17 07:15:30,297 - INFO - Top 10 Mean Stats: {'Max': np.float64(-0.234989717971958), 'Min': np.float64(-0.3628226381256801), 'Mean': np.float64(-0.28068501541845314), 'Std': np.float64(0.03903808033085025)}
2024-11-17 07:15:30,297 - INFO - Top 10 Std Stats: {'Max': np.float64(0.16087358521818887), 'Min': np.float64(0.09908046165836465), 'Mean': np.float64(0.13942375875369778), 'Std': np.float64(0.01746287459669694)}
2024-11-17 07:15:30,297 - INFO - Bottom 10 Mean Stats: {'Max': np.float64(100.0), 'Min': np.float64(91.0), 'Mean': np.float64(95.5), 'Std': np.float64(4.5)}
2024-11-17 07:15:30,297 - INFO - Bottom 10 Std Stats: {'Max': np.float64(0.0), 'Min': np.float64(0.0), 'Mean': np.float64(0.0), 'Std': np.float64(0.0)}
[I 2024-11-17 07:15:30,319] Trial 495 finished with value: 30.0 and parameters: {'x_0': 0, 'x_1': -1, 'x_2': 2, 'x_3': 5}. Best is trial 179 with value: 1.0.
2024-11-17 07:15:30,337 - INFO - Candidate Mean Stats: {'Max': np.float64(91.0), 'Min': np.float64(-0.6303534691745263), 'Mean': np.float64(0.9710281294238866), 'Std': np.float64(6.876430951352143)}
2024-11-17 07:15:30,337 - INFO - Candidate Std Stats: {'Max': np.float64(0.7563739365974316), 'Min': np.float64(0.0), 'Mean': np.float64(0.03852996358016511), 'Std': np.float64(0.042676939698428486)}
2024-11-17 07:15:30,339 - INFO - Top 10 Mean Stats: {'Max': np.float64(-0.39623434339015173), 'Min': np.float64(-0.6303534691745263), 'Mean': np.float64(-0.5291968676419583), 'Std': np.float64(0.07371865952023098)}
2024-11-17 07:15:30,339 - INFO - Top 10 Std Stats: {'Max': np.float64(0.1874228036759899), 'Min': np.float64(0.07080176554770402), 'Mean': np.float64(0.13381294878388617), 'Std': np.float64(0.036979957673204604)}
2024-11-17 07:15:30,339 - INFO - Bottom 10 Mean Stats: {'Max': np.float64(91.0), 'Min': np.float64(82.0), 'Mean': np.float64(84.9), 'Std': np.float64(4.036087214122113)}
2024-11-17 07:15:30,339 - INFO - Bottom 10 Std Stats: {'Max': np.float64(0.0), 'Min': np.float64(0.0), 'Mean': np.float64(0.0), 'Std': np.float64(0.0)}
2024-11-17 07:15:30,341 - INFO - Candidate Mean Stats: {'Max': np.float64(100.0), 'Min': np.float64(-0.43854555618485), 'Mean': np.float64(1.1361749937773702), 'Std': np.float64(7.520205668704408)}
2024-11-17 07:15:30,341 - INFO - Candidate Std Stats: {'Max': np.float64(0.6257751419069915), 'Min': np.float64(0.0), 'Mean': np.float64(0.030096437235624402), 'Std': np.float64(0.04139004430680296)}
2024-11-17 07:15:30,342 - INFO - Top 10 Mean Stats: {'Max': np.float64(-0.058501769625719166), 'Min': np.float64(-0.43854555618485), 'Mean': np.float64(-0.32942861253573125), 'Std': np.float64(0.13891914052840557)}
2024-11-17 07:15:30,342 - INFO - Top 10 Std Stats: {'Max': np.float64(0.5529670631317591), 'Min': np.float64(0.1080562677332304), 'Mean': np.float64(0.22522315551953756), 'Std': np.float64(0.17095811111297957)}
2024-11-17 07:15:30,342 - INFO - Bottom 10 Mean Stats: {'Max': np.float64(100.0), 'Min': np.float64(91.0), 'Mean': np.float64(93.7), 'Std': np.float64(4.124318125460256)}
2024-11-17 07:15:30,342 - INFO - Bottom 10 Std Stats: {'Max': np.float64(0.0), 'Min': np.float64(0.0), 'Mean': np.float64(0.0), 'Std': np.float64(0.0)}
[I 2024-11-17 07:15:30,360] Trial 425 finished with value: 11.0 and parameters: {'x_0': -1, 'x_1': -1, 'x_2': 3, 'x_3': 0}. Best is trial 320 with value: 0.0.
[I 2024-11-17 07:15:30,360] Trial 496 finished with value: 52.0 and parameters: {'x_0': -5, 'x_1': -1, 'x_2': 1, 'x_3': -5}. Best is trial 362 with value: 1.0.
2024-11-17 07:15:30,460 - INFO - Candidate Mean Stats: {'Max': np.float64(100.0), 'Min': np.float64(-0.36236342472377353), 'Mean': np.float64(1.3202013344387298), 'Std': np.float64(8.29522889744527)}
2024-11-17 07:15:30,460 - INFO - Candidate Std Stats: {'Max': np.float64(0.3823190888147264), 'Min': np.float64(0.0), 'Mean': np.float64(0.031125252012270614), 'Std': np.float64(0.03599179299733153)}
2024-11-17 07:15:30,462 - INFO - Top 10 Mean Stats: {'Max': np.float64(-0.14055718015799756), 'Min': np.float64(-0.36236342472377353), 'Mean': np.float64(-0.20198806995228039), 'Std': np.float64(0.08480363728778695)}
2024-11-17 07:15:30,462 - INFO - Top 10 Std Stats: {'Max': np.float64(0.20908415618901247), 'Min': np.float64(0.04629631938053403), 'Mean': np.float64(0.1567666016430061), 'Std': np.float64(0.06449933806194215)}
2024-11-17 07:15:30,462 - INFO - Bottom 10 Mean Stats: {'Max': np.float64(100.0), 'Min': np.float64(91.0), 'Mean': np.float64(95.5), 'Std': np.float64(4.5)}
2024-11-17 07:15:30,462 - INFO - Bottom 10 Std Stats: {'Max': np.float64(0.0), 'Min': np.float64(0.0), 'Mean': np.float64(0.0), 'Std': np.float64(0.0)}
