[I 2024-11-17 07:14:47,642] Trial 294 finished with value: 54.0 and parameters: {'x_0': 3, 'x_1': 4, 'x_2': -2, 'x_3': 5}. Best is trial 179 with value: 1.0.
2024-11-17 07:14:47,731 - INFO - Candidate Mean Stats: {'Max': np.float64(91.0), 'Min': np.float64(-0.2745940246308148), 'Mean': np.float64(0.6718882034745862), 'Std': np.float64(5.577718811474006)}
2024-11-17 07:14:47,731 - INFO - Candidate Std Stats: {'Max': np.float64(0.7072335881552408), 'Min': np.float64(0.0), 'Mean': np.float64(0.06152841258359204), 'Std': np.float64(0.05098753369507231)}
2024-11-17 07:14:47,733 - INFO - Top 10 Mean Stats: {'Max': np.float64(-0.17968313950257703), 'Min': np.float64(-0.27428013705985316), 'Mean': np.float64(-0.21932461074480533), 'Std': np.float64(0.02942855142723986)}
2024-11-17 07:14:47,733 - INFO - Top 10 Std Stats: {'Max': np.float64(0.5955374998794836), 'Min': np.float64(0.3114249054536707), 'Mean': np.float64(0.38671061753517005), 'Std': np.float64(0.08177348018708805)}
2024-11-17 07:14:47,733 - INFO - Bottom 10 Mean Stats: {'Max': np.float64(91.0), 'Min': np.float64(73.0), 'Mean': np.float64(76.9), 'Std': np.float64(5.262128846769148)}
2024-11-17 07:14:47,733 - INFO - Bottom 10 Std Stats: {'Max': np.float64(0.0), 'Min': np.float64(0.0), 'Mean': np.float64(0.0), 'Std': np.float64(0.0)}
[I 2024-11-17 07:14:47,752] Trial 275 finished with value: 3.0 and parameters: {'x_0': 1, 'x_1': -1, 'x_2': 1, 'x_3': 0}. Best is trial 141 with value: 2.0.
2024-11-17 07:14:47,802 - INFO - Candidate Mean Stats: {'Max': np.float64(100.0), 'Min': np.float64(-0.2963187754882707), 'Mean': np.float64(0.8742892147512564), 'Std': np.float64(6.903303345513343)}
2024-11-17 07:14:47,802 - INFO - Candidate Std Stats: {'Max': np.float64(0.494404932243936), 'Min': np.float64(0.0), 'Mean': np.float64(0.05091480069203641), 'Std': np.float64(0.04702773419114924)}
2024-11-17 07:14:47,803 - INFO - Top 10 Mean Stats: {'Max': np.float64(-0.15854356461395752), 'Min': np.float64(-0.2963187754882707), 'Mean': np.float64(-0.19700297846105114), 'Std': np.float64(0.04582283082293021)}
2024-11-17 07:14:47,803 - INFO - Top 10 Std Stats: {'Max': np.float64(0.494404932243936), 'Min': np.float64(0.3267571486111892), 'Mean': np.float64(0.40589038979218967), 'Std': np.float64(0.06523117650593148)}
2024-11-17 07:14:47,803 - INFO - Bottom 10 Mean Stats: {'Max': np.float64(100.0), 'Min': np.float64(84.0), 'Mean': np.float64(93.0), 'Std': np.float64(5.019960159204453)}
2024-11-17 07:14:47,803 - INFO - Bottom 10 Std Stats: {'Max': np.float64(0.0), 'Min': np.float64(0.0), 'Mean': np.float64(0.0), 'Std': np.float64(0.0)}
[I 2024-11-17 07:14:47,818] Trial 287 finished with value: 30.0 and parameters: {'x_0': -1, 'x_1': 2, 'x_2': -5, 'x_3': 0}. Best is trial 248 with value: 5.0.
2024-11-17 07:14:47,894 - INFO - Candidate Mean Stats: {'Max': np.float64(100.0), 'Min': np.float64(-0.1796577527300725), 'Mean': np.float64(0.977330047292183), 'Std': np.float64(7.55948770279511)}
2024-11-17 07:14:47,894 - INFO - Candidate Std Stats: {'Max': np.float64(0.5497236824596288), 'Min': np.float64(0.0), 'Mean': np.float64(0.05232991568687735), 'Std': np.float64(0.0443682158481831)}
2024-11-17 07:14:47,896 - INFO - Top 10 Mean Stats: {'Max': np.float64(-0.10602170066125663), 'Min': np.float64(-0.1796577527300725), 'Mean': np.float64(-0.1423007565823371), 'Std': np.float64(0.026163762897089136)}
2024-11-17 07:14:47,896 - INFO - Top 10 Std Stats: {'Max': np.float64(0.39407853757242145), 'Min': np.float64(0.24363546616906476), 'Mean': np.float64(0.2995075508813555), 'Std': np.float64(0.0413286242476687)}
2024-11-17 07:14:47,896 - INFO - Bottom 10 Mean Stats: {'Max': np.float64(100.0), 'Min': np.float64(91.0), 'Mean': np.float64(95.5), 'Std': np.float64(4.5)}
2024-11-17 07:14:47,897 - INFO - Bottom 10 Std Stats: {'Max': np.float64(0.0), 'Min': np.float64(0.0), 'Mean': np.float64(0.0), 'Std': np.float64(0.0)}
[I 2024-11-17 07:14:47,917] Trial 295 finished with value: 59.0 and parameters: {'x_0': 5, 'x_1': -5, 'x_2': 0, 'x_3': 3}. Best is trial 179 with value: 1.0.
2024-11-17 07:14:48,007 - INFO - Candidate Mean Stats: {'Max': np.float64(100.0), 'Min': np.float64(-0.19320978074668468), 'Mean': np.float64(0.8774180167181219), 'Std': np.float64(6.907353165889091)}
2024-11-17 07:14:48,008 - INFO - Candidate Std Stats: {'Max': np.float64(0.5391650670778747), 'Min': np.float64(0.0), 'Mean': np.float64(0.047797561041366766), 'Std': np.float64(0.047206232761381424)}
2024-11-17 07:14:48,009 - INFO - Top 10 Mean Stats: {'Max': np.float64(-0.1438697934658136), 'Min': np.float64(-0.19320978074668468), 'Mean': np.float64(-0.16427257892918073), 'Std': np.float64(0.01556426184725271)}
2024-11-17 07:14:48,009 - INFO - Top 10 Std Stats: {'Max': np.float64(0.39767404250113636), 'Min': np.float64(0.3281529604562627), 'Mean': np.float64(0.3619217583862802), 'Std': np.float64(0.018003019070109025)}
2024-11-17 07:14:48,010 - INFO - Bottom 10 Mean Stats: {'Max': np.float64(100.0), 'Min': np.float64(84.0), 'Mean': np.float64(93.0), 'Std': np.float64(5.019960159204453)}
2024-11-17 07:14:48,010 - INFO - Bottom 10 Std Stats: {'Max': np.float64(0.0), 'Min': np.float64(0.0), 'Mean': np.float64(0.0), 'Std': np.float64(0.0)}
[I 2024-11-17 07:14:48,026] Trial 288 finished with value: 52.0 and parameters: {'x_0': -1, 'x_1': 5, 'x_2': -5, 'x_3': -1}. Best is trial 248 with value: 5.0.
2024-11-17 07:14:48,036 - INFO - Candidate Mean Stats: {'Max': np.float64(91.0), 'Min': np.float64(-0.42248589684727567), 'Mean': np.float64(0.6719885102703713), 'Std': np.float64(5.5777585597348445)}
2024-11-17 07:14:48,036 - INFO - Candidate Std Stats: {'Max': np.float64(0.7195757438701286), 'Min': np.float64(0.0), 'Mean': np.float64(0.057708648189310895), 'Std': np.float64(0.047754349172499544)}
2024-11-17 07:14:48,037 - INFO - Top 10 Mean Stats: {'Max': np.float64(-0.18542361133090773), 'Min': np.float64(-0.42248589684727567), 'Mean': np.float64(-0.3292080662965124), 'Std': np.float64(0.07432598129156825)}
2024-11-17 07:14:48,037 - INFO - Top 10 Std Stats: {'Max': np.float64(0.42216347065535365), 'Min': np.float64(0.24657625932375776), 'Mean': np.float64(0.35475552258214715), 'Std': np.float64(0.05279551469561703)}
2024-11-17 07:14:48,037 - INFO - Bottom 10 Mean Stats: {'Max': np.float64(91.0), 'Min': np.float64(73.0), 'Mean': np.float64(76.9), 'Std': np.float64(5.262128846769148)}
2024-11-17 07:14:48,037 - INFO - Bottom 10 Std Stats: {'Max': np.float64(0.0), 'Min': np.float64(0.0), 'Mean': np.float64(0.0), 'Std': np.float64(0.0)}
[I 2024-11-17 07:14:48,053] Trial 276 finished with value: 3.0 and parameters: {'x_0': -1, 'x_1': -1, 'x_2': 1, 'x_3': 0}. Best is trial 141 with value: 2.0.
2024-11-17 07:14:48,150 - INFO - Candidate Mean Stats: {'Max': np.float64(100.0), 'Min': np.float64(-0.209169297395477), 'Mean': np.float64(0.9907540126655361), 'Std': np.float64(7.573475237981531)}
2024-11-17 07:14:48,150 - INFO - Candidate Std Stats: {'Max': np.float64(0.4497308902838763), 'Min': np.float64(0.0), 'Mean': np.float64(0.04623084768410845), 'Std': np.float64(0.04287673154778823)}
2024-11-17 07:14:48,152 - INFO - Top 10 Mean Stats: {'Max': np.float64(-0.12965762599686445), 'Min': np.float64(-0.209169297395477), 'Mean': np.float64(-0.16951035943044407), 'Std': np.float64(0.02315122700778431)}
2024-11-17 07:14:48,152 - INFO - Top 10 Std Stats: {'Max': np.float64(0.4497308902838763), 'Min': np.float64(0.308524188230262), 'Mean': np.float64(0.3564878492028648), 'Std': np.float64(0.044694094568103394)}
2024-11-17 07:14:48,152 - INFO - Bottom 10 Mean Stats: {'Max': np.float64(100.0), 'Min': np.float64(91.0), 'Mean': np.float64(95.5), 'Std': np.float64(4.5)}
2024-11-17 07:14:48,152 - INFO - Bottom 10 Std Stats: {'Max': np.float64(0.0), 'Min': np.float64(0.0), 'Mean': np.float64(0.0), 'Std': np.float64(0.0)}
[I 2024-11-17 07:14:48,168] Trial 296 finished with value: 34.0 and parameters: {'x_0': 3, 'x_1': 0, 'x_2': -4, 'x_3': -3}. Best is trial 179 with value: 1.0.
2024-11-17 07:14:48,307 - INFO - Candidate Mean Stats: {'Max': np.float64(100.0), 'Min': np.float64(-0.19213619626422757), 'Mean': np.float64(0.8752240331967015), 'Std': np.float64(6.920967904717923)}
2024-11-17 07:14:48,307 - INFO - Candidate Std Stats: {'Max': np.float64(0.49003959389092294), 'Min': np.float64(0.0), 'Mean': np.float64(0.05067506601900031), 'Std': np.float64(0.04657098128133485)}
2024-11-17 07:14:48,309 - INFO - Top 10 Mean Stats: {'Max': np.float64(-0.1269052229742607), 'Min': np.float64(-0.19213619626422757), 'Mean': np.float64(-0.16572260912629944), 'Std': np.float64(0.01779057830971923)}
2024-11-17 07:14:48,309 - INFO - Top 10 Std Stats: {'Max': np.float64(0.3830914374121765), 'Min': np.float64(0.28659449524797526), 'Mean': np.float64(0.3354924415040116), 'Std': np.float64(0.029310953634128216)}
2024-11-17 07:14:48,310 - INFO - Bottom 10 Mean Stats: {'Max': np.float64(100.0), 'Min': np.float64(84.0), 'Mean': np.float64(93.0), 'Std': np.float64(5.019960159204453)}
2024-11-17 07:14:48,310 - INFO - Bottom 10 Std Stats: {'Max': np.float64(0.0), 'Min': np.float64(0.0), 'Mean': np.float64(0.0), 'Std': np.float64(0.0)}
[I 2024-11-17 07:14:48,328] Trial 289 finished with value: 15.0 and parameters: {'x_0': -1, 'x_1': 1, 'x_2': 2, 'x_3': -3}. Best is trial 248 with value: 5.0.
2024-11-17 07:14:48,345 - INFO - Candidate Mean Stats: {'Max': np.float64(91.0), 'Min': np.float64(-0.6497706438988512), 'Mean': np.float64(0.6709281542307136), 'Std': np.float64(5.577945356705024)}
2024-11-17 07:14:48,345 - INFO - Candidate Std Stats: {'Max': np.float64(0.6616908896233533), 'Min': np.float64(0.0), 'Mean': np.float64(0.05686606595086281), 'Std': np.float64(0.052385441761047334)}
2024-11-17 07:14:48,347 - INFO - Top 10 Mean Stats: {'Max': np.float64(-0.21030549895691414), 'Min': np.float64(-0.6497706438988512), 'Mean': np.float64(-0.34702277803857556), 'Std': np.float64(0.12082622073100345)}
2024-11-17 07:14:48,347 - INFO - Top 10 Std Stats: {'Max': np.float64(0.6616908896233533), 'Min': np.float64(0.2971630134613699), 'Mean': np.float64(0.46055114509145695), 'Std': np.float64(0.10030004826427458)}
2024-11-17 07:14:48,347 - INFO - Bottom 10 Mean Stats: {'Max': np.float64(91.0), 'Min': np.float64(73.0), 'Mean': np.float64(76.9), 'Std': np.float64(5.262128846769148)}
2024-11-17 07:14:48,347 - INFO - Bottom 10 Std Stats: {'Max': np.float64(0.0), 'Min': np.float64(0.0), 'Mean': np.float64(0.0), 'Std': np.float64(0.0)}
[I 2024-11-17 07:14:48,364] Trial 277 finished with value: 3.0 and parameters: {'x_0': -1, 'x_1': -1, 'x_2': -1, 'x_3': 0}. Best is trial 141 with value: 2.0.
2024-11-17 07:14:48,430 - INFO - Candidate Mean Stats: {'Max': np.float64(100.0), 'Min': np.float64(-0.18506492980454886), 'Mean': np.float64(0.9921191128025384), 'Std': np.float64(7.5785082080844965)}
2024-11-17 07:14:48,430 - INFO - Candidate Std Stats: {'Max': np.float64(0.4314825520718508), 'Min': np.float64(0.0), 'Mean': np.float64(0.04870946707789435), 'Std': np.float64(0.04271032462659182)}
2024-11-17 07:14:48,432 - INFO - Top 10 Mean Stats: {'Max': np.float64(-0.13788142513223184), 'Min': np.float64(-0.18506492980454886), 'Mean': np.float64(-0.16296392266561094), 'Std': np.float64(0.014333347970809224)}
2024-11-17 07:14:48,432 - INFO - Top 10 Std Stats: {'Max': np.float64(0.4314825520718508), 'Min': np.float64(0.260082943201317), 'Mean': np.float64(0.3171653034306636), 'Std': np.float64(0.04858512010327293)}
2024-11-17 07:14:48,432 - INFO - Bottom 10 Mean Stats: {'Max': np.float64(100.0), 'Min': np.float64(91.0), 'Mean': np.float64(95.5), 'Std': np.float64(4.5)}
2024-11-17 07:14:48,432 - INFO - Bottom 10 Std Stats: {'Max': np.float64(0.0), 'Min': np.float64(0.0), 'Mean': np.float64(0.0), 'Std': np.float64(0.0)}
[I 2024-11-17 07:14:48,449] Trial 297 finished with value: 67.0 and parameters: {'x_0': -4, 'x_1': 1, 'x_2': -5, 'x_3': -5}. Best is trial 179 with value: 1.0.
2024-11-17 07:14:48,593 - INFO - Candidate Mean Stats: {'Max': np.float64(100.0), 'Min': np.float64(-0.25983794035014185), 'Mean': np.float64(0.8778416069365349), 'Std': np.float64(6.92174165656752)}
2024-11-17 07:14:48,593 - INFO - Candidate Std Stats: {'Max': np.float64(0.5554934801411694), 'Min': np.float64(0.0), 'Mean': np.float64(0.04408445334490571), 'Std': np.float64(0.045839357856400996)}
2024-11-17 07:14:48,595 - INFO - Top 10 Mean Stats: {'Max': np.float64(-0.16666182029655316), 'Min': np.float64(-0.25983794035014185), 'Mean': np.float64(-0.21031564622016305), 'Std': np.float64(0.026992837426819655)}
2024-11-17 07:14:48,595 - INFO - Top 10 Std Stats: {'Max': np.float64(0.4895763934720735), 'Min': np.float64(0.3013081218563419), 'Mean': np.float64(0.3806726881182187), 'Std': np.float64(0.05880807051171672)}
2024-11-17 07:14:48,595 - INFO - Bottom 10 Mean Stats: {'Max': np.float64(100.0), 'Min': np.float64(84.0), 'Mean': np.float64(93.0), 'Std': np.float64(5.019960159204453)}
2024-11-17 07:14:48,595 - INFO - Bottom 10 Std Stats: {'Max': np.float64(0.0), 'Min': np.float64(0.0), 'Mean': np.float64(0.0), 'Std': np.float64(0.0)}
2024-11-17 07:14:48,608 - INFO - Candidate Mean Stats: {'Max': np.float64(91.0), 'Min': np.float64(-0.6824294348400123), 'Mean': np.float64(0.6716114424473043), 'Std': np.float64(5.577922470270973)}
2024-11-17 07:14:48,608 - INFO - Candidate Std Stats: {'Max': np.float64(0.6442095883938257), 'Min': np.float64(0.0), 'Mean': np.float64(0.056313556185038825), 'Std': np.float64(0.05126529144996254)}
2024-11-17 07:14:48,610 - INFO - Top 10 Mean Stats: {'Max': np.float64(-0.29471941366578414), 'Min': np.float64(-0.6824294348400123), 'Mean': np.float64(-0.4840657167247538), 'Std': np.float64(0.10774319048592572)}
2024-11-17 07:14:48,610 - INFO - Top 10 Std Stats: {'Max': np.float64(0.5275735017054798), 'Min': np.float64(0.28563492654539774), 'Mean': np.float64(0.40796311391207507), 'Std': np.float64(0.07208351480552137)}
2024-11-17 07:14:48,610 - INFO - Bottom 10 Mean Stats: {'Max': np.float64(91.0), 'Min': np.float64(73.0), 'Mean': np.float64(76.9), 'Std': np.float64(5.262128846769148)}
2024-11-17 07:14:48,610 - INFO - Bottom 10 Std Stats: {'Max': np.float64(0.0), 'Min': np.float64(0.0), 'Mean': np.float64(0.0), 'Std': np.float64(0.0)}
[I 2024-11-17 07:14:48,613] Trial 290 finished with value: 2.0 and parameters: {'x_0': -1, 'x_1': 0, 'x_2': 1, 'x_3': 0}. Best is trial 290 with value: 2.0.
[I 2024-11-17 07:14:48,630] Trial 278 finished with value: 3.0 and parameters: {'x_0': 1, 'x_1': -1, 'x_2': -1, 'x_3': 0}. Best is trial 141 with value: 2.0.
2024-11-17 07:14:48,676 - INFO - Candidate Mean Stats: {'Max': np.float64(100.0), 'Min': np.float64(-0.22160565463379087), 'Mean': np.float64(0.9909335234425891), 'Std': np.float64(7.598840079894654)}
2024-11-17 07:14:48,676 - INFO - Candidate Std Stats: {'Max': np.float64(0.44348253347001654), 'Min': np.float64(0.0), 'Mean': np.float64(0.05786818416793155), 'Std': np.float64(0.04390916324108534)}
2024-11-17 07:14:48,677 - INFO - Top 10 Mean Stats: {'Max': np.float64(-0.05283134336551978), 'Min': np.float64(-0.22160565463379087), 'Mean': np.float64(-0.13081737130994636), 'Std': np.float64(0.057806366501471626)}
2024-11-17 07:14:48,677 - INFO - Top 10 Std Stats: {'Max': np.float64(0.3794349169412435), 'Min': np.float64(0.22341240973631357), 'Mean': np.float64(0.30048724090124057), 'Std': np.float64(0.043463562336825544)}
2024-11-17 07:14:48,678 - INFO - Bottom 10 Mean Stats: {'Max': np.float64(100.0), 'Min': np.float64(91.0), 'Mean': np.float64(95.5), 'Std': np.float64(4.5)}
2024-11-17 07:14:48,678 - INFO - Bottom 10 Std Stats: {'Max': np.float64(0.0), 'Min': np.float64(0.0), 'Mean': np.float64(0.0), 'Std': np.float64(0.0)}
[I 2024-11-17 07:14:48,695] Trial 298 finished with value: 26.0 and parameters: {'x_0': 0, 'x_1': -4, 'x_2': -1, 'x_3': 3}. Best is trial 179 with value: 1.0.
2024-11-17 07:14:48,835 - INFO - Candidate Mean Stats: {'Max': np.float64(100.0), 'Min': np.float64(-0.25013700237635944), 'Mean': np.float64(0.8778775776025789), 'Std': np.float64(6.921765612524931)}
2024-11-17 07:14:48,835 - INFO - Candidate Std Stats: {'Max': np.float64(0.47084632512148406), 'Min': np.float64(0.0), 'Mean': np.float64(0.04481441387916896), 'Std': np.float64(0.04512539729123099)}
2024-11-17 07:14:48,837 - INFO - Top 10 Mean Stats: {'Max': np.float64(-0.07776206700533485), 'Min': np.float64(-0.25013700237635944), 'Mean': np.float64(-0.18121584598794233), 'Std': np.float64(0.04892897437554424)}
2024-11-17 07:14:48,837 - INFO - Top 10 Std Stats: {'Max': np.float64(0.47084632512148406), 'Min': np.float64(0.24675531088910632), 'Mean': np.float64(0.3380464073574084), 'Std': np.float64(0.0639143088825737)}
2024-11-17 07:14:48,837 - INFO - Bottom 10 Mean Stats: {'Max': np.float64(100.0), 'Min': np.float64(84.0), 'Mean': np.float64(93.0), 'Std': np.float64(5.019960159204453)}
2024-11-17 07:14:48,837 - INFO - Bottom 10 Std Stats: {'Max': np.float64(0.0), 'Min': np.float64(0.0), 'Mean': np.float64(0.0), 'Std': np.float64(0.0)}
[I 2024-11-17 07:14:48,859] Trial 291 finished with value: 54.0 and parameters: {'x_0': 5, 'x_1': 3, 'x_2': 4, 'x_3': -2}. Best is trial 290 with value: 2.0.
2024-11-17 07:14:48,897 - INFO - Candidate Mean Stats: {'Max': np.float64(91.0), 'Min': np.float64(-0.5561227611463718), 'Mean': np.float64(0.6733672357964936), 'Std': np.float64(5.577758819048516)}
2024-11-17 07:14:48,897 - INFO - Candidate Std Stats: {'Max': np.float64(0.653261224353693), 'Min': np.float64(0.0), 'Mean': np.float64(0.05355703334396688), 'Std': np.float64(0.051094395940119344)}
2024-11-17 07:14:48,898 - INFO - Top 10 Mean Stats: {'Max': np.float64(-0.30384922863000974), 'Min': np.float64(-0.5561227611463718), 'Mean': np.float64(-0.40443271506318484), 'Std': np.float64(0.08633876376670759)}
2024-11-17 07:14:48,898 - INFO - Top 10 Std Stats: {'Max': np.float64(0.653261224353693), 'Min': np.float64(0.3394288109392915), 'Mean': np.float64(0.44115445971337), 'Std': np.float64(0.08191486793770714)}
2024-11-17 07:14:48,898 - INFO - Bottom 10 Mean Stats: {'Max': np.float64(91.0), 'Min': np.float64(73.0), 'Mean': np.float64(76.9), 'Std': np.float64(5.262128846769148)}
2024-11-17 07:14:48,898 - INFO - Bottom 10 Std Stats: {'Max': np.float64(0.0), 'Min': np.float64(0.0), 'Mean': np.float64(0.0), 'Std': np.float64(0.0)}
[I 2024-11-17 07:14:48,914] Trial 279 finished with value: 11.0 and parameters: {'x_0': 3, 'x_1': -1, 'x_2': -1, 'x_3': 0}. Best is trial 141 with value: 2.0.
2024-11-17 07:14:48,915 - INFO - Candidate Mean Stats: {'Max': np.float64(100.0), 'Min': np.float64(-0.18889436082562108), 'Mean': np.float64(0.9974893174383281), 'Std': np.float64(7.6010484666113)}
2024-11-17 07:14:48,915 - INFO - Candidate Std Stats: {'Max': np.float64(0.4049177023770539), 'Min': np.float64(0.0), 'Mean': np.float64(0.048675791615303186), 'Std': np.float64(0.039684895080096656)}
2024-11-17 07:14:48,916 - INFO - Top 10 Mean Stats: {'Max': np.float64(-0.11333988361606642), 'Min': np.float64(-0.18889436082562108), 'Mean': np.float64(-0.14818676303473058), 'Std': np.float64(0.01989853994788176)}
2024-11-17 07:14:48,916 - INFO - Top 10 Std Stats: {'Max': np.float64(0.3810496308310062), 'Min': np.float64(0.24849679044593018), 'Mean': np.float64(0.294333830965292), 'Std': np.float64(0.04202388131304632)}
2024-11-17 07:14:48,916 - INFO - Bottom 10 Mean Stats: {'Max': np.float64(100.0), 'Min': np.float64(91.0), 'Mean': np.float64(95.5), 'Std': np.float64(4.5)}
2024-11-17 07:14:48,916 - INFO - Bottom 10 Std Stats: {'Max': np.float64(0.0), 'Min': np.float64(0.0), 'Mean': np.float64(0.0), 'Std': np.float64(0.0)}
[I 2024-11-17 07:14:48,931] Trial 299 finished with value: 25.0 and parameters: {'x_0': 0, 'x_1': 4, 'x_2': -3, 'x_3': 0}. Best is trial 179 with value: 1.0.
2024-11-17 07:14:49,111 - INFO - Candidate Mean Stats: {'Max': np.float64(100.0), 'Min': np.float64(-0.3473598559581705), 'Mean': np.float64(0.8866232922591365), 'Std': np.float64(6.935052162104043)}
2024-11-17 07:14:49,111 - INFO - Candidate Std Stats: {'Max': np.float64(0.47539650163864633), 'Min': np.float64(0.0), 'Mean': np.float64(0.046090470024246495), 'Std': np.float64(0.045623498068231)}
2024-11-17 07:14:49,112 - INFO - Top 10 Mean Stats: {'Max': np.float64(-0.08918604489193387), 'Min': np.float64(-0.3473598559581705), 'Mean': np.float64(-0.18973355815865262), 'Std': np.float64(0.06298554026416522)}
2024-11-17 07:14:49,112 - INFO - Top 10 Std Stats: {'Max': np.float64(0.4641856964676224), 'Min': np.float64(0.30794519129126924), 'Mean': np.float64(0.3795103028564588), 'Std': np.float64(0.04940325747906937)}
2024-11-17 07:14:49,113 - INFO - Bottom 10 Mean Stats: {'Max': np.float64(100.0), 'Min': np.float64(84.0), 'Mean': np.float64(93.0), 'Std': np.float64(5.019960159204453)}
2024-11-17 07:14:49,113 - INFO - Bottom 10 Std Stats: {'Max': np.float64(0.0), 'Min': np.float64(0.0), 'Mean': np.float64(0.0), 'Std': np.float64(0.0)}
