[I 2024-11-17 07:13:48,525] Trial 63 finished with value: 58.0 and parameters: {'x_0': 4, 'x_1': 1, 'x_2': 5, 'x_3': -4}. Best is trial 56 with value: 11.0.
2024-11-17 07:13:48,596 - INFO - Candidate Mean Stats: {'Max': np.float64(91.0), 'Min': np.float64(-0.21750141193764194), 'Mean': np.float64(0.16629481788992886), 'Std': np.float64(2.767495560984226)}
2024-11-17 07:13:48,596 - INFO - Candidate Std Stats: {'Max': np.float64(0.45723605925202626), 'Min': np.float64(0.0), 'Mean': np.float64(0.06419120829913967), 'Std': np.float64(0.04376695534631692)}
2024-11-17 07:13:48,598 - INFO - Top 10 Mean Stats: {'Max': np.float64(-0.13157856445436808), 'Min': np.float64(-0.21750141193764194), 'Mean': np.float64(-0.17823136422248534), 'Std': np.float64(0.030813123765783455)}
2024-11-17 07:13:48,598 - INFO - Top 10 Std Stats: {'Max': np.float64(0.45723605925202626), 'Min': np.float64(0.27365928325659333), 'Mean': np.float64(0.33184887796527257), 'Std': np.float64(0.0543897977281991)}
2024-11-17 07:13:48,598 - INFO - Bottom 10 Mean Stats: {'Max': np.float64(91.0), 'Min': np.float64(52.0), 'Mean': np.float64(66.5), 'Std': np.float64(13.720422734012244)}
2024-11-17 07:13:48,598 - INFO - Bottom 10 Std Stats: {'Max': np.float64(0.0), 'Min': np.float64(0.0), 'Mean': np.float64(0.0), 'Std': np.float64(0.0)}
[I 2024-11-17 07:13:48,619] Trial 63 finished with value: 54.0 and parameters: {'x_0': -3, 'x_1': 4, 'x_2': -5, 'x_3': 2}. Best is trial 39 with value: 11.0.
2024-11-17 07:13:48,732 - INFO - Candidate Mean Stats: {'Max': np.float64(75.0), 'Min': np.float64(-0.2820390089113519), 'Mean': np.float64(0.16101000909280166), 'Std': np.float64(2.721974141300105)}
2024-11-17 07:13:48,732 - INFO - Candidate Std Stats: {'Max': np.float64(0.6362071695036322), 'Min': np.float64(0.0), 'Mean': np.float64(0.06635209579167207), 'Std': np.float64(0.04812282744123543)}
2024-11-17 07:13:48,734 - INFO - Top 10 Mean Stats: {'Max': np.float64(-0.12951236473655578), 'Min': np.float64(-0.2820390089113519), 'Mean': np.float64(-0.20130377399228733), 'Std': np.float64(0.041262406034617644)}
2024-11-17 07:13:48,734 - INFO - Top 10 Std Stats: {'Max': np.float64(0.5458678359616466), 'Min': np.float64(0.3694530618474433), 'Mean': np.float64(0.44113794287905483), 'Std': np.float64(0.06152433807087336)}
2024-11-17 07:13:48,734 - INFO - Bottom 10 Mean Stats: {'Max': np.float64(75.0), 'Min': np.float64(58.0), 'Mean': np.float64(62.8), 'Std': np.float64(5.509990925582365)}
2024-11-17 07:13:48,734 - INFO - Bottom 10 Std Stats: {'Max': np.float64(0.0), 'Min': np.float64(0.0), 'Mean': np.float64(0.0), 'Std': np.float64(0.0)}
[I 2024-11-17 07:13:48,763] Trial 61 finished with value: 30.0 and parameters: {'x_0': 0, 'x_1': -5, 'x_2': -2, 'x_3': 1}. Best is trial 7 with value: 6.0.
2024-11-17 07:13:48,769 - INFO - Candidate Mean Stats: {'Max': np.float64(84.0), 'Min': np.float64(-0.29868409044269334), 'Mean': np.float64(0.17135551490628056), 'Std': np.float64(2.8786914402782973)}
2024-11-17 07:13:48,770 - INFO - Candidate Std Stats: {'Max': np.float64(0.7321492784110258), 'Min': np.float64(0.0), 'Mean': np.float64(0.06414981080523914), 'Std': np.float64(0.04888146307379624)}
2024-11-17 07:13:48,772 - INFO - Top 10 Mean Stats: {'Max': np.float64(0.197820383440894), 'Min': np.float64(-0.29868409044269334), 'Mean': np.float64(-0.17405031490430312), 'Std': np.float64(0.12925841677462552)}
2024-11-17 07:13:48,772 - INFO - Top 10 Std Stats: {'Max': np.float64(0.7321492784110258), 'Min': np.float64(0.32505867737725097), 'Mean': np.float64(0.44255491226604676), 'Std': np.float64(0.11206261221054374)}
2024-11-17 07:13:48,772 - INFO - Bottom 10 Mean Stats: {'Max': np.float64(84.0), 'Min': np.float64(63.0), 'Mean': np.float64(70.5), 'Std': np.float64(6.960603422117942)}
2024-11-17 07:13:48,772 - INFO - Bottom 10 Std Stats: {'Max': np.float64(0.0), 'Min': np.float64(0.0), 'Mean': np.float64(0.0), 'Std': np.float64(0.0)}
[I 2024-11-17 07:13:48,792] Trial 64 finished with value: 76.0 and parameters: {'x_0': -5, 'x_1': -1, 'x_2': -5, 'x_3': -5}. Best is trial 56 with value: 11.0.
2024-11-17 07:13:48,881 - INFO - Candidate Mean Stats: {'Max': np.float64(91.0), 'Min': np.float64(-0.26286316427321876), 'Mean': np.float64(0.17086479578241748), 'Std': np.float64(2.8029789501540456)}
2024-11-17 07:13:48,881 - INFO - Candidate Std Stats: {'Max': np.float64(0.5329719358078355), 'Min': np.float64(0.0), 'Mean': np.float64(0.06348374765134103), 'Std': np.float64(0.04900641842229781)}
2024-11-17 07:13:48,882 - INFO - Top 10 Mean Stats: {'Max': np.float64(-0.14187298900229753), 'Min': np.float64(-0.26286316427321876), 'Mean': np.float64(-0.17541436077618075), 'Std': np.float64(0.033139991197407216)}
2024-11-17 07:13:48,882 - INFO - Top 10 Std Stats: {'Max': np.float64(0.5329719358078355), 'Min': np.float64(0.34680287373022406), 'Mean': np.float64(0.3881655770932163), 'Std': np.float64(0.05436375488321852)}
2024-11-17 07:13:48,882 - INFO - Bottom 10 Mean Stats: {'Max': np.float64(91.0), 'Min': np.float64(54.0), 'Mean': np.float64(66.7), 'Std': np.float64(13.520724832641186)}
2024-11-17 07:13:48,882 - INFO - Bottom 10 Std Stats: {'Max': np.float64(0.0), 'Min': np.float64(0.0), 'Mean': np.float64(0.0), 'Std': np.float64(0.0)}
[I 2024-11-17 07:13:48,902] Trial 64 finished with value: 46.0 and parameters: {'x_0': -4, 'x_1': -1, 'x_2': 5, 'x_3': 2}. Best is trial 39 with value: 11.0.
2024-11-17 07:13:49,027 - INFO - Candidate Mean Stats: {'Max': np.float64(84.0), 'Min': np.float64(-0.3232160646503579), 'Mean': np.float64(0.17755767202340597), 'Std': np.float64(2.9460503998671075)}
2024-11-17 07:13:49,027 - INFO - Candidate Std Stats: {'Max': np.float64(0.6199246274019712), 'Min': np.float64(0.0), 'Mean': np.float64(0.06309779643341433), 'Std': np.float64(0.05017885935027488)}
2024-11-17 07:13:49,028 - INFO - Top 10 Mean Stats: {'Max': np.float64(-0.10496202507661076), 'Min': np.float64(-0.3232160646503579), 'Mean': np.float64(-0.2094746605979691), 'Std': np.float64(0.06526940473320327)}
2024-11-17 07:13:49,028 - INFO - Top 10 Std Stats: {'Max': np.float64(0.5126594043442039), 'Min': np.float64(0.3682094892635943), 'Mean': np.float64(0.4437509079840571), 'Std': np.float64(0.0437791699490967)}
2024-11-17 07:13:49,028 - INFO - Bottom 10 Mean Stats: {'Max': np.float64(84.0), 'Min': np.float64(66.0), 'Mean': np.float64(71.8), 'Std': np.float64(6.64529909033446)}
2024-11-17 07:13:49,028 - INFO - Bottom 10 Std Stats: {'Max': np.float64(0.0), 'Min': np.float64(0.0), 'Mean': np.float64(0.0), 'Std': np.float64(0.0)}
[I 2024-11-17 07:13:49,042] Trial 65 finished with value: 26.0 and parameters: {'x_0': -2, 'x_1': -3, 'x_2': -3, 'x_3': -2}. Best is trial 56 with value: 11.0.
2024-11-17 07:13:49,053 - INFO - Candidate Mean Stats: {'Max': np.float64(75.0), 'Min': np.float64(-0.2365448209393252), 'Mean': np.float64(0.16126861795024638), 'Std': np.float64(2.7332338684110216)}
2024-11-17 07:13:49,053 - INFO - Candidate Std Stats: {'Max': np.float64(0.528102756491519), 'Min': np.float64(0.0), 'Mean': np.float64(0.06695997236058382), 'Std': np.float64(0.04602205105557534)}
2024-11-17 07:13:49,054 - INFO - Top 10 Mean Stats: {'Max': np.float64(-0.15120447750464003), 'Min': np.float64(-0.2365448209393252), 'Mean': np.float64(-0.18158112815310484), 'Std': np.float64(0.0264117060105593)}
2024-11-17 07:13:49,054 - INFO - Top 10 Std Stats: {'Max': np.float64(0.528102756491519), 'Min': np.float64(0.2886216822076098), 'Mean': np.float64(0.3464032249511999), 'Std': np.float64(0.06740430986304498)}
2024-11-17 07:13:49,054 - INFO - Bottom 10 Mean Stats: {'Max': np.float64(75.0), 'Min': np.float64(58.0), 'Mean': np.float64(62.8), 'Std': np.float64(5.509990925582365)}
2024-11-17 07:13:49,054 - INFO - Bottom 10 Std Stats: {'Max': np.float64(0.0), 'Min': np.float64(0.0), 'Mean': np.float64(0.0), 'Std': np.float64(0.0)}
[I 2024-11-17 07:13:49,069] Trial 62 finished with value: 8.0 and parameters: {'x_0': 0, 'x_1': 0, 'x_2': 2, 'x_3': -2}. Best is trial 7 with value: 6.0.
2024-11-17 07:13:49,107 - INFO - Candidate Mean Stats: {'Max': np.float64(91.0), 'Min': np.float64(-0.22379135830202931), 'Mean': np.float64(0.17432857383043013), 'Std': np.float64(2.828428503999198)}
2024-11-17 07:13:49,107 - INFO - Candidate Std Stats: {'Max': np.float64(0.48600671800718603), 'Min': np.float64(0.0), 'Mean': np.float64(0.06480774923174307), 'Std': np.float64(0.04623624787271187)}
2024-11-17 07:13:49,109 - INFO - Top 10 Mean Stats: {'Max': np.float64(-0.10297486476992439), 'Min': np.float64(-0.22379135830202931), 'Mean': np.float64(-0.18260067793100482), 'Std': np.float64(0.031726427657813194)}
2024-11-17 07:13:49,109 - INFO - Top 10 Std Stats: {'Max': np.float64(0.4759329859354238), 'Min': np.float64(0.28983362428716614), 'Mean': np.float64(0.38283365646492223), 'Std': np.float64(0.05230966318023415)}
2024-11-17 07:13:49,109 - INFO - Bottom 10 Mean Stats: {'Max': np.float64(91.0), 'Min': np.float64(54.0), 'Mean': np.float64(66.7), 'Std': np.float64(13.520724832641186)}
2024-11-17 07:13:49,109 - INFO - Bottom 10 Std Stats: {'Max': np.float64(0.0), 'Min': np.float64(0.0), 'Mean': np.float64(0.0), 'Std': np.float64(0.0)}
[I 2024-11-17 07:13:49,125] Trial 65 finished with value: 52.0 and parameters: {'x_0': 2, 'x_1': 4, 'x_2': 4, 'x_3': -4}. Best is trial 39 with value: 11.0.
2024-11-17 07:13:49,259 - INFO - Candidate Mean Stats: {'Max': np.float64(84.0), 'Min': np.float64(-0.27734438724227073), 'Mean': np.float64(0.17930417975935026), 'Std': np.float64(2.9537604901872028)}
2024-11-17 07:13:49,259 - INFO - Candidate Std Stats: {'Max': np.float64(0.5836601112692316), 'Min': np.float64(0.0), 'Mean': np.float64(0.06318940072960746), 'Std': np.float64(0.04797889011184099)}
2024-11-17 07:13:49,260 - INFO - Top 10 Mean Stats: {'Max': np.float64(-0.13949879340168955), 'Min': np.float64(-0.27734438724227073), 'Mean': np.float64(-0.19852825824023662), 'Std': np.float64(0.04546496897759386)}
2024-11-17 07:13:49,260 - INFO - Top 10 Std Stats: {'Max': np.float64(0.5836601112692316), 'Min': np.float64(0.2897225614136216), 'Mean': np.float64(0.3789584050316139), 'Std': np.float64(0.08910728288058051)}
2024-11-17 07:13:49,260 - INFO - Bottom 10 Mean Stats: {'Max': np.float64(84.0), 'Min': np.float64(66.0), 'Mean': np.float64(71.8), 'Std': np.float64(6.64529909033446)}
2024-11-17 07:13:49,260 - INFO - Bottom 10 Std Stats: {'Max': np.float64(0.0), 'Min': np.float64(0.0), 'Mean': np.float64(0.0), 'Std': np.float64(0.0)}
[I 2024-11-17 07:13:49,279] Trial 66 finished with value: 59.0 and parameters: {'x_0': -5, 'x_1': 3, 'x_2': -4, 'x_3': -3}. Best is trial 56 with value: 11.0.
2024-11-17 07:13:49,297 - INFO - Candidate Mean Stats: {'Max': np.float64(75.0), 'Min': np.float64(-0.24776281030568903), 'Mean': np.float64(0.16215500995799847), 'Std': np.float64(2.7339638881298813)}
2024-11-17 07:13:49,297 - INFO - Candidate Std Stats: {'Max': np.float64(0.42255496505036166), 'Min': np.float64(0.0), 'Mean': np.float64(0.06297004022754256), 'Std': np.float64(0.04754394838998521)}
2024-11-17 07:13:49,299 - INFO - Top 10 Mean Stats: {'Max': np.float64(-0.1509866225469691), 'Min': np.float64(-0.24776281030568903), 'Mean': np.float64(-0.19935142321338067), 'Std': np.float64(0.030053096355527126)}
2024-11-17 07:13:49,299 - INFO - Top 10 Std Stats: {'Max': np.float64(0.42255496505036166), 'Min': np.float64(0.32499187982593913), 'Mean': np.float64(0.35901588579228044), 'Std': np.float64(0.029861597930645602)}
2024-11-17 07:13:49,299 - INFO - Bottom 10 Mean Stats: {'Max': np.float64(75.0), 'Min': np.float64(58.0), 'Mean': np.float64(62.8), 'Std': np.float64(5.509990925582365)}
2024-11-17 07:13:49,299 - INFO - Bottom 10 Std Stats: {'Max': np.float64(0.0), 'Min': np.float64(0.0), 'Mean': np.float64(0.0), 'Std': np.float64(0.0)}
[I 2024-11-17 07:13:49,314] Trial 63 finished with value: 52.0 and parameters: {'x_0': 1, 'x_1': 5, 'x_2': -5, 'x_3': -1}. Best is trial 7 with value: 6.0.
2024-11-17 07:13:49,365 - INFO - Candidate Mean Stats: {'Max': np.float64(91.0), 'Min': np.float64(-0.24231626384286192), 'Mean': np.float64(0.17550983286500282), 'Std': np.float64(2.860810742099852)}
2024-11-17 07:13:49,365 - INFO - Candidate Std Stats: {'Max': np.float64(0.37700867466334975), 'Min': np.float64(0.0), 'Mean': np.float64(0.06575895684585187), 'Std': np.float64(0.04326079371575688)}
2024-11-17 07:13:49,366 - INFO - Top 10 Mean Stats: {'Max': np.float64(-0.13847841320884582), 'Min': np.float64(-0.24231626384286192), 'Mean': np.float64(-0.17199000349588858), 'Std': np.float64(0.031821076095896295)}
2024-11-17 07:13:49,366 - INFO - Top 10 Std Stats: {'Max': np.float64(0.37700867466334975), 'Min': np.float64(0.28412634142189597), 'Mean': np.float64(0.315383884253975), 'Std': np.float64(0.025316197726505042)}
2024-11-17 07:13:49,366 - INFO - Bottom 10 Mean Stats: {'Max': np.float64(91.0), 'Min': np.float64(54.0), 'Mean': np.float64(66.7), 'Std': np.float64(13.520724832641186)}
2024-11-17 07:13:49,366 - INFO - Bottom 10 Std Stats: {'Max': np.float64(0.0), 'Min': np.float64(0.0), 'Mean': np.float64(0.0), 'Std': np.float64(0.0)}
[I 2024-11-17 07:13:49,384] Trial 66 finished with value: 12.0 and parameters: {'x_0': 1, 'x_1': -1, 'x_2': -1, 'x_3': -3}. Best is trial 39 with value: 11.0.
2024-11-17 07:13:49,506 - INFO - Candidate Mean Stats: {'Max': np.float64(84.0), 'Min': np.float64(-0.23343048211668233), 'Mean': np.float64(0.18208997863954737), 'Std': np.float64(2.9935637893338893)}
2024-11-17 07:13:49,506 - INFO - Candidate Std Stats: {'Max': np.float64(0.6080474029407887), 'Min': np.float64(0.0), 'Mean': np.float64(0.06231531936883575), 'Std': np.float64(0.04748555017009188)}
2024-11-17 07:13:49,508 - INFO - Top 10 Mean Stats: {'Max': np.float64(-0.1458879463017158), 'Min': np.float64(-0.23343048211668233), 'Mean': np.float64(-0.18395797963344354), 'Std': np.float64(0.02370266886955641)}
2024-11-17 07:13:49,508 - INFO - Top 10 Std Stats: {'Max': np.float64(0.42891429313157925), 'Min': np.float64(0.3031547369933489), 'Mean': np.float64(0.3442192049102334), 'Std': np.float64(0.03359277008105648)}
2024-11-17 07:13:49,508 - INFO - Bottom 10 Mean Stats: {'Max': np.float64(84.0), 'Min': np.float64(66.0), 'Mean': np.float64(71.8), 'Std': np.float64(6.64529909033446)}
2024-11-17 07:13:49,508 - INFO - Bottom 10 Std Stats: {'Max': np.float64(0.0), 'Min': np.float64(0.0), 'Mean': np.float64(0.0), 'Std': np.float64(0.0)}
[I 2024-11-17 07:13:49,523] Trial 67 finished with value: 16.0 and parameters: {'x_0': 2, 'x_1': -2, 'x_2': -2, 'x_3': -2}. Best is trial 56 with value: 11.0.
2024-11-17 07:13:49,583 - INFO - Candidate Mean Stats: {'Max': np.float64(75.0), 'Min': np.float64(-0.25582441535899314), 'Mean': np.float64(0.16711771865640968), 'Std': np.float64(2.767249876360613)}
2024-11-17 07:13:49,583 - INFO - Candidate Std Stats: {'Max': np.float64(0.5524483450600368), 'Min': np.float64(0.0), 'Mean': np.float64(0.062133930792560674), 'Std': np.float64(0.05132425694720035)}
2024-11-17 07:13:49,585 - INFO - Top 10 Mean Stats: {'Max': np.float64(-0.12759740700498728), 'Min': np.float64(-0.25582441535899314), 'Mean': np.float64(-0.21394153838976085), 'Std': np.float64(0.04085401425749995)}
2024-11-17 07:13:49,585 - INFO - Top 10 Std Stats: {'Max': np.float64(0.5524483450600368), 'Min': np.float64(0.35557118394528076), 'Mean': np.float64(0.45013065957760323), 'Std': np.float64(0.06409427934010212)}
2024-11-17 07:13:49,585 - INFO - Bottom 10 Mean Stats: {'Max': np.float64(75.0), 'Min': np.float64(58.0), 'Mean': np.float64(62.8), 'Std': np.float64(5.509990925582365)}
2024-11-17 07:13:49,585 - INFO - Bottom 10 Std Stats: {'Max': np.float64(0.0), 'Min': np.float64(0.0), 'Mean': np.float64(0.0), 'Std': np.float64(0.0)}
[I 2024-11-17 07:13:49,606] Trial 64 finished with value: 24.0 and parameters: {'x_0': -2, 'x_1': 4, 'x_2': 0, 'x_3': -2}. Best is trial 7 with value: 6.0.
2024-11-17 07:13:49,632 - INFO - Candidate Mean Stats: {'Max': np.float64(91.0), 'Min': np.float64(-0.31320702284626706), 'Mean': np.float64(0.1788654293873686), 'Std': np.float64(2.862338649977567)}
2024-11-17 07:13:49,632 - INFO - Candidate Std Stats: {'Max': np.float64(0.575064460537926), 'Min': np.float64(0.0), 'Mean': np.float64(0.06247236216915573), 'Std': np.float64(0.048959916082144894)}
2024-11-17 07:13:49,634 - INFO - Top 10 Mean Stats: {'Max': np.float64(-0.09839056798488398), 'Min': np.float64(-0.31320702284626706), 'Mean': np.float64(-0.2178873816675714), 'Std': np.float64(0.06324617409114214)}
2024-11-17 07:13:49,634 - INFO - Top 10 Std Stats: {'Max': np.float64(0.4962230818923128), 'Min': np.float64(0.3594397701417428), 'Mean': np.float64(0.43638839460481255), 'Std': np.float64(0.0448185525989559)}
2024-11-17 07:13:49,634 - INFO - Bottom 10 Mean Stats: {'Max': np.float64(91.0), 'Min': np.float64(54.0), 'Mean': np.float64(66.7), 'Std': np.float64(13.520724832641186)}
2024-11-17 07:13:49,634 - INFO - Bottom 10 Std Stats: {'Max': np.float64(0.0), 'Min': np.float64(0.0), 'Mean': np.float64(0.0), 'Std': np.float64(0.0)}
[I 2024-11-17 07:13:49,649] Trial 67 finished with value: 51.0 and parameters: {'x_0': 1, 'x_1': -4, 'x_2': 5, 'x_3': 3}. Best is trial 39 with value: 11.0.
2024-11-17 07:13:49,766 - INFO - Candidate Mean Stats: {'Max': np.float64(84.0), 'Min': np.float64(-0.26645266945120205), 'Mean': np.float64(0.18368006352842708), 'Std': np.float64(2.996382967790684)}
2024-11-17 07:13:49,766 - INFO - Candidate Std Stats: {'Max': np.float64(0.6006029027574101), 'Min': np.float64(0.0), 'Mean': np.float64(0.05962567349547366), 'Std': np.float64(0.051220773338427575)}
2024-11-17 07:13:49,767 - INFO - Top 10 Mean Stats: {'Max': np.float64(-0.16857083050071778), 'Min': np.float64(-0.26645266945120205), 'Mean': np.float64(-0.1978722958171048), 'Std': np.float64(0.026429084510753695)}
2024-11-17 07:13:49,767 - INFO - Top 10 Std Stats: {'Max': np.float64(0.49995391584352256), 'Min': np.float64(0.3388288810720399), 'Mean': np.float64(0.39398203453729586), 'Std': np.float64(0.04809211349242541)}
2024-11-17 07:13:49,767 - INFO - Bottom 10 Mean Stats: {'Max': np.float64(84.0), 'Min': np.float64(66.0), 'Mean': np.float64(71.8), 'Std': np.float64(6.64529909033446)}
2024-11-17 07:13:49,767 - INFO - Bottom 10 Std Stats: {'Max': np.float64(0.0), 'Min': np.float64(0.0), 'Mean': np.float64(0.0), 'Std': np.float64(0.0)}
[I 2024-11-17 07:13:49,791] Trial 68 finished with value: 58.0 and parameters: {'x_0': -4, 'x_1': -5, 'x_2': -1, 'x_3': 4}. Best is trial 56 with value: 11.0.
2024-11-17 07:13:49,841 - INFO - Candidate Mean Stats: {'Max': np.float64(75.0), 'Min': np.float64(-0.26855823139987284), 'Mean': np.float64(0.1683742197310103), 'Std': np.float64(2.7742788798456766)}
2024-11-17 07:13:49,841 - INFO - Candidate Std Stats: {'Max': np.float64(0.540873823753867), 'Min': np.float64(0.0), 'Mean': np.float64(0.06463383422678771), 'Std': np.float64(0.04837750489327902)}
2024-11-17 07:13:49,842 - INFO - Top 10 Mean Stats: {'Max': np.float64(-0.17992514823429293), 'Min': np.float64(-0.26855823139987284), 'Mean': np.float64(-0.22473959898011336), 'Std': np.float64(0.025207475265178206)}
2024-11-17 07:13:49,842 - INFO - Top 10 Std Stats: {'Max': np.float64(0.540873823753867), 'Min': np.float64(0.353378577635615), 'Mean': np.float64(0.42442776041812325), 'Std': np.float64(0.058486167405183566)}
2024-11-17 07:13:49,842 - INFO - Bottom 10 Mean Stats: {'Max': np.float64(75.0), 'Min': np.float64(58.0), 'Mean': np.float64(62.8), 'Std': np.float64(5.509990925582365)}
2024-11-17 07:13:49,843 - INFO - Bottom 10 Std Stats: {'Max': np.float64(0.0), 'Min': np.float64(0.0), 'Mean': np.float64(0.0), 'Std': np.float64(0.0)}
[I 2024-11-17 07:13:49,857] Trial 65 finished with value: 51.0 and parameters: {'x_0': 5, 'x_1': 3, 'x_2': 4, 'x_3': 1}. Best is trial 7 with value: 6.0.
2024-11-17 07:13:49,900 - INFO - Candidate Mean Stats: {'Max': np.float64(91.0), 'Min': np.float64(-0.30546991462041145), 'Mean': np.float64(0.1814646821454561), 'Std': np.float64(2.8930247793028196)}
2024-11-17 07:13:49,900 - INFO - Candidate Std Stats: {'Max': np.float64(0.7270475048209478), 'Min': np.float64(0.0), 'Mean': np.float64(0.062306259867376215), 'Std': np.float64(0.04796870531651985)}
2024-11-17 07:13:49,902 - INFO - Top 10 Mean Stats: {'Max': np.float64(-0.1561773100587677), 'Min': np.float64(-0.30546991462041145), 'Mean': np.float64(-0.20327901393319303), 'Std': np.float64(0.040435257379134476)}
2024-11-17 07:13:49,902 - INFO - Top 10 Std Stats: {'Max': np.float64(0.581172064500998), 'Min': np.float64(0.3207444738154588), 'Mean': np.float64(0.41411882147860724), 'Std': np.float64(0.07723662747745191)}
2024-11-17 07:13:49,902 - INFO - Bottom 10 Mean Stats: {'Max': np.float64(91.0), 'Min': np.float64(54.0), 'Mean': np.float64(66.7), 'Std': np.float64(13.520724832641186)}
2024-11-17 07:13:49,902 - INFO - Bottom 10 Std Stats: {'Max': np.float64(0.0), 'Min': np.float64(0.0), 'Mean': np.float64(0.0), 'Std': np.float64(0.0)}
