[I 2024-11-17 07:15:23,140] Trial 457 finished with value: 18.0 and parameters: {'x_0': -1, 'x_1': -2, 'x_2': 3, 'x_3': -2}. Best is trial 362 with value: 1.0.
2024-11-17 07:15:23,177 - INFO - Candidate Mean Stats: {'Max': np.float64(100.0), 'Min': np.float64(-0.2886782663054852), 'Mean': np.float64(1.242940225962975), 'Std': np.float64(8.156342294750301)}
2024-11-17 07:15:23,177 - INFO - Candidate Std Stats: {'Max': np.float64(0.290371166686133), 'Min': np.float64(0.0), 'Mean': np.float64(0.02277850393824016), 'Std': np.float64(0.0315105951743682)}
2024-11-17 07:15:23,178 - INFO - Candidate Mean Stats: {'Max': np.float64(91.0), 'Min': np.float64(-0.4278972856220083), 'Mean': np.float64(0.9060491200938164), 'Std': np.float64(6.6276559471814975)}
2024-11-17 07:15:23,178 - INFO - Candidate Std Stats: {'Max': np.float64(0.7088419311761684), 'Min': np.float64(0.0), 'Mean': np.float64(0.04534346277278338), 'Std': np.float64(0.04850507027442978)}
2024-11-17 07:15:23,179 - INFO - Top 10 Mean Stats: {'Max': np.float64(-0.22772559325385186), 'Min': np.float64(-0.2886782663054852), 'Mean': np.float64(-0.2525285565614249), 'Std': np.float64(0.021798841615891983)}
2024-11-17 07:15:23,179 - INFO - Top 10 Std Stats: {'Max': np.float64(0.284236017788672), 'Min': np.float64(0.23401704661048792), 'Mean': np.float64(0.25630066390251627), 'Std': np.float64(0.01969451802359521)}
2024-11-17 07:15:23,179 - INFO - Bottom 10 Mean Stats: {'Max': np.float64(100.0), 'Min': np.float64(91.0), 'Mean': np.float64(95.5), 'Std': np.float64(4.5)}
2024-11-17 07:15:23,179 - INFO - Bottom 10 Std Stats: {'Max': np.float64(0.0), 'Min': np.float64(0.0), 'Mean': np.float64(0.0), 'Std': np.float64(0.0)}
2024-11-17 07:15:23,180 - INFO - Top 10 Mean Stats: {'Max': np.float64(-0.19725932471268814), 'Min': np.float64(-0.4278972856220083), 'Mean': np.float64(-0.3535685513328216), 'Std': np.float64(0.08069286108095214)}
2024-11-17 07:15:23,180 - INFO - Top 10 Std Stats: {'Max': np.float64(0.44554680502330024), 'Min': np.float64(0.2777397054452359), 'Mean': np.float64(0.33394234578079346), 'Std': np.float64(0.054597701992559027)}
2024-11-17 07:15:23,180 - INFO - Bottom 10 Mean Stats: {'Max': np.float64(91.0), 'Min': np.float64(76.0), 'Mean': np.float64(83.4), 'Std': np.float64(4.2708313008125245)}
2024-11-17 07:15:23,180 - INFO - Bottom 10 Std Stats: {'Max': np.float64(0.0), 'Min': np.float64(0.0), 'Mean': np.float64(0.0), 'Std': np.float64(0.0)}
[I 2024-11-17 07:15:23,200] Trial 398 finished with value: 10.0 and parameters: {'x_0': 0, 'x_1': -3, 'x_2': -1, 'x_3': 0}. Best is trial 320 with value: 0.0.
[I 2024-11-17 07:15:23,200] Trial 452 finished with value: 18.0 and parameters: {'x_0': 0, 'x_1': 1, 'x_2': -1, 'x_3': 4}. Best is trial 179 with value: 1.0.
2024-11-17 07:15:23,297 - INFO - Candidate Mean Stats: {'Max': np.float64(100.0), 'Min': np.float64(-0.6295595446501282), 'Mean': np.float64(1.0777847968154781), 'Std': np.float64(7.383852972703089)}
2024-11-17 07:15:23,297 - INFO - Candidate Std Stats: {'Max': np.float64(0.5527920833677605), 'Min': np.float64(0.0), 'Mean': np.float64(0.03017491315501888), 'Std': np.float64(0.03444113790310577)}
2024-11-17 07:15:23,298 - INFO - Top 10 Mean Stats: {'Max': np.float64(-0.10911801728862396), 'Min': np.float64(-0.6295595446501282), 'Mean': np.float64(-0.24624340780251502), 'Std': np.float64(0.1890076425639291)}
2024-11-17 07:15:23,299 - INFO - Top 10 Std Stats: {'Max': np.float64(0.22098878844144498), 'Min': np.float64(0.03972493764120847), 'Mean': np.float64(0.15098124001582247), 'Std': np.float64(0.057107738243420574)}
2024-11-17 07:15:23,299 - INFO - Bottom 10 Mean Stats: {'Max': np.float64(100.0), 'Min': np.float64(84.0), 'Mean': np.float64(93.0), 'Std': np.float64(5.019960159204453)}
2024-11-17 07:15:23,299 - INFO - Bottom 10 Std Stats: {'Max': np.float64(0.0), 'Min': np.float64(0.0), 'Mean': np.float64(0.0), 'Std': np.float64(0.0)}
[I 2024-11-17 07:15:23,317] Trial 458 finished with value: 18.0 and parameters: {'x_0': -1, 'x_1': 2, 'x_2': 3, 'x_3': -2}. Best is trial 362 with value: 1.0.
2024-11-17 07:15:23,323 - INFO - Candidate Mean Stats: {'Max': np.float64(100.0), 'Min': np.float64(-0.21109422878518416), 'Mean': np.float64(1.2437013955820324), 'Std': np.float64(8.157590497659237)}
2024-11-17 07:15:23,323 - INFO - Candidate Std Stats: {'Max': np.float64(0.3649792454850548), 'Min': np.float64(0.0), 'Mean': np.float64(0.02428798195521475), 'Std': np.float64(0.033751914974398056)}
2024-11-17 07:15:23,325 - INFO - Top 10 Mean Stats: {'Max': np.float64(-0.12382547636334226), 'Min': np.float64(-0.15934281707523096), 'Mean': np.float64(-0.14590359028810715), 'Std': np.float64(0.01120042844851269)}
2024-11-17 07:15:23,325 - INFO - Top 10 Std Stats: {'Max': np.float64(0.2867399146362205), 'Min': np.float64(0.2367417532427105), 'Mean': np.float64(0.26259836408880466), 'Std': np.float64(0.016482467016970346)}
2024-11-17 07:15:23,325 - INFO - Bottom 10 Mean Stats: {'Max': np.float64(100.0), 'Min': np.float64(91.0), 'Mean': np.float64(95.5), 'Std': np.float64(4.5)}
2024-11-17 07:15:23,325 - INFO - Bottom 10 Std Stats: {'Max': np.float64(0.0), 'Min': np.float64(0.0), 'Mean': np.float64(0.0), 'Std': np.float64(0.0)}
[I 2024-11-17 07:15:23,343] Trial 453 finished with value: 26.0 and parameters: {'x_0': 0, 'x_1': -1, 'x_2': 5, 'x_3': 0}. Best is trial 179 with value: 1.0.
2024-11-17 07:15:23,447 - INFO - Candidate Mean Stats: {'Max': np.float64(100.0), 'Min': np.float64(-0.610636518056681), 'Mean': np.float64(1.0805788962792886), 'Std': np.float64(7.384995889925085)}
2024-11-17 07:15:23,447 - INFO - Candidate Std Stats: {'Max': np.float64(0.3099464762817186), 'Min': np.float64(0.0), 'Mean': np.float64(0.02551402405904246), 'Std': np.float64(0.03456862393884681)}
2024-11-17 07:15:23,449 - INFO - Top 10 Mean Stats: {'Max': np.float64(-0.1532418442593304), 'Min': np.float64(-0.610636518056681), 'Mean': np.float64(-0.22148740839076653), 'Std': np.float64(0.1302947462162923)}
2024-11-17 07:15:23,449 - INFO - Top 10 Std Stats: {'Max': np.float64(0.2311590603916522), 'Min': np.float64(0.057105693309956296), 'Mean': np.float64(0.20230434812222037), 'Std': np.float64(0.049432490115569154)}
2024-11-17 07:15:23,449 - INFO - Bottom 10 Mean Stats: {'Max': np.float64(100.0), 'Min': np.float64(84.0), 'Mean': np.float64(93.0), 'Std': np.float64(5.019960159204453)}
2024-11-17 07:15:23,449 - INFO - Bottom 10 Std Stats: {'Max': np.float64(0.0), 'Min': np.float64(0.0), 'Mean': np.float64(0.0), 'Std': np.float64(0.0)}
2024-11-17 07:15:23,457 - INFO - Candidate Mean Stats: {'Max': np.float64(91.0), 'Min': np.float64(-0.40092920618094247), 'Mean': np.float64(0.9055695601228769), 'Std': np.float64(6.628248649181021)}
2024-11-17 07:15:23,457 - INFO - Candidate Std Stats: {'Max': np.float64(0.7195943111194995), 'Min': np.float64(0.0), 'Mean': np.float64(0.04263862053997229), 'Std': np.float64(0.044972978035351746)}
2024-11-17 07:15:23,459 - INFO - Top 10 Mean Stats: {'Max': np.float64(-0.18242203485918118), 'Min': np.float64(-0.40092920618094247), 'Mean': np.float64(-0.320857372904794), 'Std': np.float64(0.08763228486169758)}
2024-11-17 07:15:23,459 - INFO - Top 10 Std Stats: {'Max': np.float64(0.41004160537920176), 'Min': np.float64(0.12761875977463702), 'Mean': np.float64(0.2189688951304578), 'Std': np.float64(0.11116897705138347)}
2024-11-17 07:15:23,459 - INFO - Bottom 10 Mean Stats: {'Max': np.float64(91.0), 'Min': np.float64(76.0), 'Mean': np.float64(83.4), 'Std': np.float64(4.2708313008125245)}
2024-11-17 07:15:23,459 - INFO - Bottom 10 Std Stats: {'Max': np.float64(0.0), 'Min': np.float64(0.0), 'Mean': np.float64(0.0), 'Std': np.float64(0.0)}
[I 2024-11-17 07:15:23,467] Trial 459 finished with value: 18.0 and parameters: {'x_0': -1, 'x_1': -2, 'x_2': 3, 'x_3': 2}. Best is trial 362 with value: 1.0.
2024-11-17 07:15:23,473 - INFO - Candidate Mean Stats: {'Max': np.float64(100.0), 'Min': np.float64(-0.2940690340973655), 'Mean': np.float64(1.2446534960338904), 'Std': np.float64(8.16024537972907)}
2024-11-17 07:15:23,473 - INFO - Candidate Std Stats: {'Max': np.float64(0.4551717324163953), 'Min': np.float64(0.0), 'Mean': np.float64(0.03223010499948098), 'Std': np.float64(0.038868446065188904)}
2024-11-17 07:15:23,475 - INFO - Top 10 Mean Stats: {'Max': np.float64(-0.25987219933180067), 'Min': np.float64(-0.2940690340973655), 'Mean': np.float64(-0.2731614454614001), 'Std': np.float64(0.011785153489893938)}
2024-11-17 07:15:23,475 - INFO - Top 10 Std Stats: {'Max': np.float64(0.2580839836391992), 'Min': np.float64(0.20764004755926457), 'Mean': np.float64(0.22947624163998004), 'Std': np.float64(0.01552793575974981)}
2024-11-17 07:15:23,475 - INFO - Bottom 10 Mean Stats: {'Max': np.float64(100.0), 'Min': np.float64(91.0), 'Mean': np.float64(95.5), 'Std': np.float64(4.5)}
2024-11-17 07:15:23,475 - INFO - Bottom 10 Std Stats: {'Max': np.float64(0.0), 'Min': np.float64(0.0), 'Mean': np.float64(0.0), 'Std': np.float64(0.0)}
[I 2024-11-17 07:15:23,480] Trial 399 finished with value: 54.0 and parameters: {'x_0': 4, 'x_1': -3, 'x_2': 5, 'x_3': -2}. Best is trial 320 with value: 0.0.
[I 2024-11-17 07:15:23,493] Trial 454 finished with value: 18.0 and parameters: {'x_0': 0, 'x_1': 1, 'x_2': 1, 'x_3': 4}. Best is trial 179 with value: 1.0.
2024-11-17 07:15:23,595 - INFO - Candidate Mean Stats: {'Max': np.float64(100.0), 'Min': np.float64(-0.12400807741803035), 'Mean': np.float64(1.086693503277188), 'Std': np.float64(7.385575581018155)}
2024-11-17 07:15:23,595 - INFO - Candidate Std Stats: {'Max': np.float64(0.7032084217534889), 'Min': np.float64(0.0), 'Mean': np.float64(0.024254660165937518), 'Std': np.float64(0.03345830012885972)}
2024-11-17 07:15:23,597 - INFO - Top 10 Mean Stats: {'Max': np.float64(-0.0954366594521997), 'Min': np.float64(-0.12400807741803035), 'Mean': np.float64(-0.10861609677537032), 'Std': np.float64(0.008118182001934772)}
2024-11-17 07:15:23,597 - INFO - Top 10 Std Stats: {'Max': np.float64(0.21907263871339316), 'Min': np.float64(0.19174203239629595), 'Mean': np.float64(0.20457086738268018), 'Std': np.float64(0.008554347923455996)}
2024-11-17 07:15:23,597 - INFO - Bottom 10 Mean Stats: {'Max': np.float64(100.0), 'Min': np.float64(84.0), 'Mean': np.float64(93.0), 'Std': np.float64(5.019960159204453)}
2024-11-17 07:15:23,597 - INFO - Bottom 10 Std Stats: {'Max': np.float64(0.0), 'Min': np.float64(0.0), 'Mean': np.float64(0.0), 'Std': np.float64(0.0)}
[I 2024-11-17 07:15:23,615] Trial 460 finished with value: 26.0 and parameters: {'x_0': -1, 'x_1': 0, 'x_2': -5, 'x_3': 0}. Best is trial 362 with value: 1.0.
2024-11-17 07:15:23,637 - INFO - Candidate Mean Stats: {'Max': np.float64(100.0), 'Min': np.float64(-0.49191320068597905), 'Mean': np.float64(1.2465922416236657), 'Std': np.float64(8.161345413908913)}
2024-11-17 07:15:23,637 - INFO - Candidate Std Stats: {'Max': np.float64(0.2971388098435395), 'Min': np.float64(0.0), 'Mean': np.float64(0.025640533762769833), 'Std': np.float64(0.03350686469817225)}
2024-11-17 07:15:23,638 - INFO - Top 10 Mean Stats: {'Max': np.float64(-0.29480252889348757), 'Min': np.float64(-0.49191320068597905), 'Mean': np.float64(-0.39810947075619463), 'Std': np.float64(0.0718980774459542)}
2024-11-17 07:15:23,639 - INFO - Top 10 Std Stats: {'Max': np.float64(0.22379477936194223), 'Min': np.float64(0.05586521391934209), 'Mean': np.float64(0.12555667948665142), 'Std': np.float64(0.07012480035314572)}
2024-11-17 07:15:23,639 - INFO - Bottom 10 Mean Stats: {'Max': np.float64(100.0), 'Min': np.float64(91.0), 'Mean': np.float64(95.5), 'Std': np.float64(4.5)}
2024-11-17 07:15:23,639 - INFO - Bottom 10 Std Stats: {'Max': np.float64(0.0), 'Min': np.float64(0.0), 'Mean': np.float64(0.0), 'Std': np.float64(0.0)}
[I 2024-11-17 07:15:23,657] Trial 455 finished with value: 18.0 and parameters: {'x_0': 0, 'x_1': -1, 'x_2': 1, 'x_3': 4}. Best is trial 179 with value: 1.0.
2024-11-17 07:15:23,735 - INFO - Candidate Mean Stats: {'Max': np.float64(91.0), 'Min': np.float64(-0.5409434449442508), 'Mean': np.float64(0.9133150586352549), 'Std': np.float64(6.64223357199037)}
2024-11-17 07:15:23,735 - INFO - Candidate Std Stats: {'Max': np.float64(0.7034474846233022), 'Min': np.float64(0.0), 'Mean': np.float64(0.04311765285246904), 'Std': np.float64(0.046580022063403545)}
2024-11-17 07:15:23,737 - INFO - Top 10 Mean Stats: {'Max': np.float64(-0.19618244304935661), 'Min': np.float64(-0.5409434449442508), 'Mean': np.float64(-0.41115703835217143), 'Std': np.float64(0.11468840325940396)}
2024-11-17 07:15:23,737 - INFO - Top 10 Std Stats: {'Max': np.float64(0.4223366252032735), 'Min': np.float64(0.16422502204244355), 'Mean': np.float64(0.2591378089466175), 'Std': np.float64(0.08995592302708101)}
2024-11-17 07:15:23,737 - INFO - Bottom 10 Mean Stats: {'Max': np.float64(91.0), 'Min': np.float64(76.0), 'Mean': np.float64(83.4), 'Std': np.float64(4.2708313008125245)}
2024-11-17 07:15:23,737 - INFO - Bottom 10 Std Stats: {'Max': np.float64(0.0), 'Min': np.float64(0.0), 'Mean': np.float64(0.0), 'Std': np.float64(0.0)}
[I 2024-11-17 07:15:23,756] Trial 400 finished with value: 11.0 and parameters: {'x_0': 1, 'x_1': -3, 'x_2': -1, 'x_3': 0}. Best is trial 320 with value: 0.0.
2024-11-17 07:15:23,777 - INFO - Candidate Mean Stats: {'Max': np.float64(100.0), 'Min': np.float64(-0.16934796944089492), 'Mean': np.float64(1.0890040736328315), 'Std': np.float64(7.388366223211225)}
2024-11-17 07:15:23,777 - INFO - Candidate Std Stats: {'Max': np.float64(0.41035355518194444), 'Min': np.float64(0.0), 'Mean': np.float64(0.024379937756411885), 'Std': np.float64(0.0342995146208124)}
2024-11-17 07:15:23,778 - INFO - Top 10 Mean Stats: {'Max': np.float64(-0.13416886875890066), 'Min': np.float64(-0.16934796944089492), 'Mean': np.float64(-0.15176985716710184), 'Std': np.float64(0.01402036906619832)}
2024-11-17 07:15:23,778 - INFO - Top 10 Std Stats: {'Max': np.float64(0.288463969163332), 'Min': np.float64(0.25366550927799864), 'Mean': np.float64(0.26851227970598157), 'Std': np.float64(0.010949134093895316)}
2024-11-17 07:15:23,779 - INFO - Bottom 10 Mean Stats: {'Max': np.float64(100.0), 'Min': np.float64(84.0), 'Mean': np.float64(93.0), 'Std': np.float64(5.019960159204453)}
2024-11-17 07:15:23,779 - INFO - Bottom 10 Std Stats: {'Max': np.float64(0.0), 'Min': np.float64(0.0), 'Mean': np.float64(0.0), 'Std': np.float64(0.0)}
[I 2024-11-17 07:15:23,795] Trial 461 finished with value: 18.0 and parameters: {'x_0': -1, 'x_1': 0, 'x_2': -1, 'x_3': -4}. Best is trial 362 with value: 1.0.
2024-11-17 07:15:23,798 - INFO - Candidate Mean Stats: {'Max': np.float64(100.0), 'Min': np.float64(-0.5465963810660653), 'Mean': np.float64(1.2450034780025276), 'Std': np.float64(8.162927013923591)}
2024-11-17 07:15:23,798 - INFO - Candidate Std Stats: {'Max': np.float64(0.24333998027717021), 'Min': np.float64(0.0), 'Mean': np.float64(0.022893711424832618), 'Std': np.float64(0.03028827050189892)}
2024-11-17 07:15:23,799 - INFO - Top 10 Mean Stats: {'Max': np.float64(-0.34706195894230446), 'Min': np.float64(-0.5465963810660653), 'Mean': np.float64(-0.43295697596062716), 'Std': np.float64(0.06405012642166434)}
2024-11-17 07:15:23,800 - INFO - Top 10 Std Stats: {'Max': np.float64(0.1499918334647981), 'Min': np.float64(0.09475335512567618), 'Mean': np.float64(0.12023378994769959), 'Std': np.float64(0.017744383407150812)}
2024-11-17 07:15:23,800 - INFO - Bottom 10 Mean Stats: {'Max': np.float64(100.0), 'Min': np.float64(91.0), 'Mean': np.float64(95.5), 'Std': np.float64(4.5)}
2024-11-17 07:15:23,800 - INFO - Bottom 10 Std Stats: {'Max': np.float64(0.0), 'Min': np.float64(0.0), 'Mean': np.float64(0.0), 'Std': np.float64(0.0)}
[I 2024-11-17 07:15:23,816] Trial 456 finished with value: 18.0 and parameters: {'x_0': 0, 'x_1': -1, 'x_2': -1, 'x_3': 4}. Best is trial 179 with value: 1.0.
2024-11-17 07:15:23,959 - INFO - Candidate Mean Stats: {'Max': np.float64(100.0), 'Min': np.float64(-0.18139881494582216), 'Mean': np.float64(1.0823049570134586), 'Std': np.float64(7.390812303404155)}
2024-11-17 07:15:23,960 - INFO - Candidate Std Stats: {'Max': np.float64(0.7935704052562143), 'Min': np.float64(0.0), 'Mean': np.float64(0.026180934189793725), 'Std': np.float64(0.037948622522200826)}
2024-11-17 07:15:23,961 - INFO - Top 10 Mean Stats: {'Max': np.float64(0.05447903637290956), 'Min': np.float64(-0.10339235372200813), 'Mean': np.float64(-0.013926813731249044), 'Std': np.float64(0.05583849863232955)}
2024-11-17 07:15:23,961 - INFO - Top 10 Std Stats: {'Max': np.float64(0.7935704052562143), 'Min': np.float64(0.2722899382694484), 'Mean': np.float64(0.45217909615241475), 'Std': np.float64(0.13770135658411894)}
2024-11-17 07:15:23,962 - INFO - Bottom 10 Mean Stats: {'Max': np.float64(100.0), 'Min': np.float64(84.0), 'Mean': np.float64(93.0), 'Std': np.float64(5.019960159204453)}
2024-11-17 07:15:23,962 - INFO - Bottom 10 Std Stats: {'Max': np.float64(0.0), 'Min': np.float64(0.0), 'Mean': np.float64(0.0), 'Std': np.float64(0.0)}
[I 2024-11-17 07:15:23,981] Trial 462 finished with value: 91.0 and parameters: {'x_0': 4, 'x_1': 5, 'x_2': -5, 'x_3': -5}. Best is trial 362 with value: 1.0.
2024-11-17 07:15:24,000 - INFO - Candidate Mean Stats: {'Max': np.float64(100.0), 'Min': np.float64(-0.4009203813060195), 'Mean': np.float64(1.2452308724535244), 'Std': np.float64(8.164214640152892)}
2024-11-17 07:15:24,001 - INFO - Candidate Std Stats: {'Max': np.float64(0.4561998716002375), 'Min': np.float64(0.0), 'Mean': np.float64(0.03243071088862242), 'Std': np.float64(0.038245739262079956)}
2024-11-17 07:15:24,002 - INFO - Top 10 Mean Stats: {'Max': np.float64(-0.1344091372230503), 'Min': np.float64(-0.4009203813060195), 'Mean': np.float64(-0.2617377144315983), 'Std': np.float64(0.10609001972815556)}
2024-11-17 07:15:24,003 - INFO - Top 10 Std Stats: {'Max': np.float64(0.4561998716002375), 'Min': np.float64(0.10332510960934847), 'Mean': np.float64(0.26555129674377637), 'Std': np.float64(0.13877512376987416)}
2024-11-17 07:15:24,003 - INFO - Bottom 10 Mean Stats: {'Max': np.float64(100.0), 'Min': np.float64(91.0), 'Mean': np.float64(95.5), 'Std': np.float64(4.5)}
2024-11-17 07:15:24,003 - INFO - Bottom 10 Std Stats: {'Max': np.float64(0.0), 'Min': np.float64(0.0), 'Mean': np.float64(0.0), 'Std': np.float64(0.0)}
2024-11-17 07:15:24,011 - INFO - Candidate Mean Stats: {'Max': np.float64(91.0), 'Min': np.float64(-0.4175680575872561), 'Mean': np.float64(0.9151024161300118), 'Std': np.float64(6.642570835439702)}
2024-11-17 07:15:24,011 - INFO - Candidate Std Stats: {'Max': np.float64(0.6679771265040091), 'Min': np.float64(0.0), 'Mean': np.float64(0.040535059579166755), 'Std': np.float64(0.04824215523702535)}
2024-11-17 07:15:24,013 - INFO - Top 10 Mean Stats: {'Max': np.float64(-0.06929903177278066), 'Min': np.float64(-0.4175680575872561), 'Mean': np.float64(-0.3198700348928104), 'Std': np.float64(0.12027954146537714)}
2024-11-17 07:15:24,013 - INFO - Top 10 Std Stats: {'Max': np.float64(0.5750565384458324), 'Min': np.float64(0.19628825502093103), 'Mean': np.float64(0.3120888842278292), 'Std': np.float64(0.13051158766478602)}
2024-11-17 07:15:24,013 - INFO - Bottom 10 Mean Stats: {'Max': np.float64(91.0), 'Min': np.float64(76.0), 'Mean': np.float64(83.4), 'Std': np.float64(4.2708313008125245)}
2024-11-17 07:15:24,013 - INFO - Bottom 10 Std Stats: {'Max': np.float64(0.0), 'Min': np.float64(0.0), 'Mean': np.float64(0.0), 'Std': np.float64(0.0)}
[I 2024-11-17 07:15:24,024] Trial 457 finished with value: 45.0 and parameters: {'x_0': 2, 'x_1': -4, 'x_2': 0, 'x_3': -5}. Best is trial 179 with value: 1.0.
[I 2024-11-17 07:15:24,031] Trial 401 finished with value: 70.0 and parameters: {'x_0': -2, 'x_1': 5, 'x_2': -5, 'x_3': -4}. Best is trial 320 with value: 0.0.
2024-11-17 07:15:24,125 - INFO - Candidate Mean Stats: {'Max': np.float64(100.0), 'Min': np.float64(-0.19441746539464327), 'Mean': np.float64(1.0987105451487098), 'Std': np.float64(7.426640807807793)}
2024-11-17 07:15:24,125 - INFO - Candidate Std Stats: {'Max': np.float64(0.4522865068049818), 'Min': np.float64(0.0), 'Mean': np.float64(0.0246807678617794), 'Std': np.float64(0.032558948090979846)}
2024-11-17 07:15:24,127 - INFO - Top 10 Mean Stats: {'Max': np.float64(-0.16504414966577233), 'Min': np.float64(-0.19441746539464327), 'Mean': np.float64(-0.17815685534622427), 'Std': np.float64(0.010856529097075003)}
2024-11-17 07:15:24,127 - INFO - Top 10 Std Stats: {'Max': np.float64(0.19743900664576666), 'Min': np.float64(0.17241736459206214), 'Mean': np.float64(0.1834258690612896), 'Std': np.float64(0.009341223764831907)}
2024-11-17 07:15:24,127 - INFO - Bottom 10 Mean Stats: {'Max': np.float64(100.0), 'Min': np.float64(91.0), 'Mean': np.float64(93.7), 'Std': np.float64(4.124318125460256)}
2024-11-17 07:15:24,127 - INFO - Bottom 10 Std Stats: {'Max': np.float64(0.0), 'Min': np.float64(0.0), 'Mean': np.float64(0.0), 'Std': np.float64(0.0)}
