[I 2024-11-17 07:15:19,973] Trial 439 finished with value: 10.0 and parameters: {'x_0': -1, 'x_1': -2, 'x_2': 2, 'x_3': 1}. Best is trial 362 with value: 1.0.
2024-11-17 07:15:20,034 - INFO - Candidate Mean Stats: {'Max': np.float64(91.0), 'Min': np.float64(-0.4041649997083209), 'Mean': np.float64(0.8763460636351241), 'Std': np.float64(6.476053464887316)}
2024-11-17 07:15:20,034 - INFO - Candidate Std Stats: {'Max': np.float64(0.702982331601994), 'Min': np.float64(0.0), 'Mean': np.float64(0.0416603262622133), 'Std': np.float64(0.04696030189866999)}
2024-11-17 07:15:20,035 - INFO - Top 10 Mean Stats: {'Max': np.float64(-0.1989637649499316), 'Min': np.float64(-0.4041649997083209), 'Mean': np.float64(-0.35055865726440705), 'Std': np.float64(0.05611949988370874)}
2024-11-17 07:15:20,036 - INFO - Top 10 Std Stats: {'Max': np.float64(0.4096837881100242), 'Min': np.float64(0.21188128136730539), 'Mean': np.float64(0.2562364158603675), 'Std': np.float64(0.052896394317635556)}
2024-11-17 07:15:20,036 - INFO - Bottom 10 Mean Stats: {'Max': np.float64(91.0), 'Min': np.float64(76.0), 'Mean': np.float64(82.8), 'Std': np.float64(4.812483766206387)}
2024-11-17 07:15:20,036 - INFO - Bottom 10 Std Stats: {'Max': np.float64(0.0), 'Min': np.float64(0.0), 'Mean': np.float64(0.0), 'Std': np.float64(0.0)}
[I 2024-11-17 07:15:20,055] Trial 386 finished with value: 10.0 and parameters: {'x_0': 0, 'x_1': 1, 'x_2': 3, 'x_3': 0}. Best is trial 320 with value: 0.0.
2024-11-17 07:15:20,077 - INFO - Candidate Mean Stats: {'Max': np.float64(100.0), 'Min': np.float64(-0.791228706924166), 'Mean': np.float64(1.2077195981798232), 'Std': np.float64(8.07283411738655)}
2024-11-17 07:15:20,077 - INFO - Candidate Std Stats: {'Max': np.float64(0.33688530730525285), 'Min': np.float64(0.0), 'Mean': np.float64(0.023096966193204886), 'Std': np.float64(0.031042789660064542)}
2024-11-17 07:15:20,078 - INFO - Top 10 Mean Stats: {'Max': np.float64(-0.3940445303080442), 'Min': np.float64(-0.791228706924166), 'Mean': np.float64(-0.5421667807515235), 'Std': np.float64(0.13663404944926366)}
2024-11-17 07:15:20,078 - INFO - Top 10 Std Stats: {'Max': np.float64(0.1451131467822159), 'Min': np.float64(0.08284865316668377), 'Mean': np.float64(0.10745782794939421), 'Std': np.float64(0.021713205387585675)}
2024-11-17 07:15:20,078 - INFO - Bottom 10 Mean Stats: {'Max': np.float64(100.0), 'Min': np.float64(91.0), 'Mean': np.float64(95.5), 'Std': np.float64(4.5)}
2024-11-17 07:15:20,078 - INFO - Bottom 10 Std Stats: {'Max': np.float64(0.0), 'Min': np.float64(0.0), 'Mean': np.float64(0.0), 'Std': np.float64(0.0)}
[I 2024-11-17 07:15:20,095] Trial 434 finished with value: 9.0 and parameters: {'x_0': 0, 'x_1': -1, 'x_2': -2, 'x_3': -2}. Best is trial 179 with value: 1.0.
2024-11-17 07:15:20,105 - INFO - Candidate Mean Stats: {'Max': np.float64(100.0), 'Min': np.float64(-0.6253947879431854), 'Mean': np.float64(1.0658734603643272), 'Std': np.float64(7.370027507317171)}
2024-11-17 07:15:20,105 - INFO - Candidate Std Stats: {'Max': np.float64(0.9869828448708232), 'Min': np.float64(0.0), 'Mean': np.float64(0.025759628627677143), 'Std': np.float64(0.03761943203164878)}
2024-11-17 07:15:20,107 - INFO - Top 10 Mean Stats: {'Max': np.float64(0.04253405824007565), 'Min': np.float64(-0.6253947879431854), 'Mean': np.float64(-0.4864630734884113), 'Std': np.float64(0.18371791392651657)}
2024-11-17 07:15:20,107 - INFO - Top 10 Std Stats: {'Max': np.float64(0.6416935584673913), 'Min': np.float64(0.05603175684630163), 'Mean': np.float64(0.14665182949049965), 'Std': np.float64(0.16627575585198776)}
2024-11-17 07:15:20,107 - INFO - Bottom 10 Mean Stats: {'Max': np.float64(100.0), 'Min': np.float64(84.0), 'Mean': np.float64(93.0), 'Std': np.float64(5.019960159204453)}
2024-11-17 07:15:20,107 - INFO - Bottom 10 Std Stats: {'Max': np.float64(0.0), 'Min': np.float64(0.0), 'Mean': np.float64(0.0), 'Std': np.float64(0.0)}
[I 2024-11-17 07:15:20,123] Trial 440 finished with value: 10.0 and parameters: {'x_0': -1, 'x_1': -2, 'x_2': 2, 'x_3': -1}. Best is trial 362 with value: 1.0.
2024-11-17 07:15:20,222 - INFO - Candidate Mean Stats: {'Max': np.float64(100.0), 'Min': np.float64(-0.7627461741584479), 'Mean': np.float64(1.2040748575513622), 'Std': np.float64(8.073716005817936)}
2024-11-17 07:15:20,222 - INFO - Candidate Std Stats: {'Max': np.float64(0.32910522909080314), 'Min': np.float64(0.0), 'Mean': np.float64(0.02222983207792767), 'Std': np.float64(0.03038500857177391)}
2024-11-17 07:15:20,223 - INFO - Top 10 Mean Stats: {'Max': np.float64(-0.2453665301179091), 'Min': np.float64(-0.7627461741584479), 'Mean': np.float64(-0.49315132250078647), 'Std': np.float64(0.21841493372225682)}
2024-11-17 07:15:20,223 - INFO - Top 10 Std Stats: {'Max': np.float64(0.32910522909080314), 'Min': np.float64(0.09094247491839032), 'Mean': np.float64(0.19905942881732944), 'Std': np.float64(0.09932623270591344)}
2024-11-17 07:15:20,223 - INFO - Bottom 10 Mean Stats: {'Max': np.float64(100.0), 'Min': np.float64(91.0), 'Mean': np.float64(95.5), 'Std': np.float64(4.5)}
2024-11-17 07:15:20,224 - INFO - Bottom 10 Std Stats: {'Max': np.float64(0.0), 'Min': np.float64(0.0), 'Mean': np.float64(0.0), 'Std': np.float64(0.0)}
[I 2024-11-17 07:15:20,240] Trial 435 finished with value: 14.0 and parameters: {'x_0': 0, 'x_1': -1, 'x_2': -2, 'x_3': -3}. Best is trial 179 with value: 1.0.
2024-11-17 07:15:20,268 - INFO - Candidate Mean Stats: {'Max': np.float64(91.0), 'Min': np.float64(-0.40986600523579886), 'Mean': np.float64(0.8725556915067231), 'Std': np.float64(6.477087636498444)}
2024-11-17 07:15:20,268 - INFO - Candidate Std Stats: {'Max': np.float64(0.6336447551384019), 'Min': np.float64(0.0), 'Mean': np.float64(0.040452696137452136), 'Std': np.float64(0.04430757004685019)}
2024-11-17 07:15:20,269 - INFO - Top 10 Mean Stats: {'Max': np.float64(-0.16815293932871406), 'Min': np.float64(-0.40986600523579886), 'Mean': np.float64(-0.24825456265009213), 'Std': np.float64(0.07694696195360154)}
2024-11-17 07:15:20,269 - INFO - Top 10 Std Stats: {'Max': np.float64(0.5994711325394414), 'Min': np.float64(0.1757875416560673), 'Mean': np.float64(0.34729700605578345), 'Std': np.float64(0.11662260481801527)}
2024-11-17 07:15:20,270 - INFO - Bottom 10 Mean Stats: {'Max': np.float64(91.0), 'Min': np.float64(76.0), 'Mean': np.float64(82.8), 'Std': np.float64(4.812483766206387)}
2024-11-17 07:15:20,270 - INFO - Bottom 10 Std Stats: {'Max': np.float64(0.0), 'Min': np.float64(0.0), 'Mean': np.float64(0.0), 'Std': np.float64(0.0)}
[I 2024-11-17 07:15:20,286] Trial 387 finished with value: 52.0 and parameters: {'x_0': 3, 'x_1': -5, 'x_2': 3, 'x_3': 3}. Best is trial 320 with value: 0.0.
2024-11-17 07:15:20,286 - INFO - Candidate Mean Stats: {'Max': np.float64(100.0), 'Min': np.float64(-0.7180894511248123), 'Mean': np.float64(1.0637937683500716), 'Std': np.float64(7.3707618966064885)}
2024-11-17 07:15:20,287 - INFO - Candidate Std Stats: {'Max': np.float64(0.4957672179535908), 'Min': np.float64(0.0), 'Mean': np.float64(0.03424592355781454), 'Std': np.float64(0.040958345925786545)}
2024-11-17 07:15:20,288 - INFO - Top 10 Mean Stats: {'Max': np.float64(-0.4153698050678556), 'Min': np.float64(-0.7180894511248123), 'Mean': np.float64(-0.592840402002456), 'Std': np.float64(0.09739553323635589)}
2024-11-17 07:15:20,288 - INFO - Top 10 Std Stats: {'Max': np.float64(0.08311026536190202), 'Min': np.float64(0.008627039183189291), 'Mean': np.float64(0.06411737930312857), 'Std': np.float64(0.022669033370106503)}
2024-11-17 07:15:20,288 - INFO - Bottom 10 Mean Stats: {'Max': np.float64(100.0), 'Min': np.float64(84.0), 'Mean': np.float64(93.0), 'Std': np.float64(5.019960159204453)}
2024-11-17 07:15:20,288 - INFO - Bottom 10 Std Stats: {'Max': np.float64(0.0), 'Min': np.float64(0.0), 'Mean': np.float64(0.0), 'Std': np.float64(0.0)}
[I 2024-11-17 07:15:20,304] Trial 441 finished with value: 10.0 and parameters: {'x_0': -1, 'x_1': -1, 'x_2': 2, 'x_3': -2}. Best is trial 362 with value: 1.0.
2024-11-17 07:15:20,380 - INFO - Candidate Mean Stats: {'Max': np.float64(100.0), 'Min': np.float64(-0.7909428042662172), 'Mean': np.float64(1.2094078785942692), 'Std': np.float64(8.073723920986662)}
2024-11-17 07:15:20,380 - INFO - Candidate Std Stats: {'Max': np.float64(0.37511055285041806), 'Min': np.float64(0.0), 'Mean': np.float64(0.02217942519626329), 'Std': np.float64(0.032269848548978936)}
2024-11-17 07:15:20,381 - INFO - Top 10 Mean Stats: {'Max': np.float64(-0.10553000041944169), 'Min': np.float64(-0.7909428042662172), 'Mean': np.float64(-0.4883871685655167), 'Std': np.float64(0.26894678412424783)}
2024-11-17 07:15:20,381 - INFO - Top 10 Std Stats: {'Max': np.float64(0.37511055285041806), 'Min': np.float64(0.06525887421256231), 'Mean': np.float64(0.17573156051221955), 'Std': np.float64(0.12668250872480016)}
2024-11-17 07:15:20,381 - INFO - Bottom 10 Mean Stats: {'Max': np.float64(100.0), 'Min': np.float64(91.0), 'Mean': np.float64(95.5), 'Std': np.float64(4.5)}
2024-11-17 07:15:20,381 - INFO - Bottom 10 Std Stats: {'Max': np.float64(0.0), 'Min': np.float64(0.0), 'Mean': np.float64(0.0), 'Std': np.float64(0.0)}
[I 2024-11-17 07:15:20,399] Trial 436 finished with value: 14.0 and parameters: {'x_0': 0, 'x_1': -1, 'x_2': -2, 'x_3': 3}. Best is trial 179 with value: 1.0.
2024-11-17 07:15:20,452 - INFO - Candidate Mean Stats: {'Max': np.float64(100.0), 'Min': np.float64(-0.7858194278367963), 'Mean': np.float64(1.0670961102518082), 'Std': np.float64(7.370800464012684)}
2024-11-17 07:15:20,452 - INFO - Candidate Std Stats: {'Max': np.float64(0.5864033194913513), 'Min': np.float64(0.0), 'Mean': np.float64(0.0268642366296987), 'Std': np.float64(0.036853213323621806)}
2024-11-17 07:15:20,454 - INFO - Top 10 Mean Stats: {'Max': np.float64(-0.49484602438480324), 'Min': np.float64(-0.7858194278367963), 'Mean': np.float64(-0.6363617097935622), 'Std': np.float64(0.10153691827790934)}
2024-11-17 07:15:20,454 - INFO - Top 10 Std Stats: {'Max': np.float64(0.17166754210835766), 'Min': np.float64(0.12162363547215947), 'Mean': np.float64(0.151479174886166), 'Std': np.float64(0.016809280903841286)}
2024-11-17 07:15:20,454 - INFO - Bottom 10 Mean Stats: {'Max': np.float64(100.0), 'Min': np.float64(84.0), 'Mean': np.float64(93.0), 'Std': np.float64(5.019960159204453)}
2024-11-17 07:15:20,454 - INFO - Bottom 10 Std Stats: {'Max': np.float64(0.0), 'Min': np.float64(0.0), 'Mean': np.float64(0.0), 'Std': np.float64(0.0)}
[I 2024-11-17 07:15:20,471] Trial 442 finished with value: 10.0 and parameters: {'x_0': -1, 'x_1': 2, 'x_2': 2, 'x_3': -1}. Best is trial 362 with value: 1.0.
2024-11-17 07:15:20,524 - INFO - Candidate Mean Stats: {'Max': np.float64(100.0), 'Min': np.float64(-0.8303704209483278), 'Mean': np.float64(1.2122606987058766), 'Std': np.float64(8.074137662615726)}
2024-11-17 07:15:20,524 - INFO - Candidate Std Stats: {'Max': np.float64(0.3078036936503075), 'Min': np.float64(0.0), 'Mean': np.float64(0.02542760338936648), 'Std': np.float64(0.03447584262970411)}
2024-11-17 07:15:20,526 - INFO - Top 10 Mean Stats: {'Max': np.float64(-0.12127114166387602), 'Min': np.float64(-0.8303704209483278), 'Mean': np.float64(-0.46892601509264625), 'Std': np.float64(0.23970332172307174)}
2024-11-17 07:15:20,526 - INFO - Top 10 Std Stats: {'Max': np.float64(0.27383826347816564), 'Min': np.float64(0.07324487127076316), 'Mean': np.float64(0.12905739554056161), 'Std': np.float64(0.05604299115430672)}
2024-11-17 07:15:20,526 - INFO - Bottom 10 Mean Stats: {'Max': np.float64(100.0), 'Min': np.float64(91.0), 'Mean': np.float64(95.5), 'Std': np.float64(4.5)}
2024-11-17 07:15:20,526 - INFO - Bottom 10 Std Stats: {'Max': np.float64(0.0), 'Min': np.float64(0.0), 'Mean': np.float64(0.0), 'Std': np.float64(0.0)}
[I 2024-11-17 07:15:20,544] Trial 437 finished with value: 14.0 and parameters: {'x_0': 0, 'x_1': 1, 'x_2': -2, 'x_3': 3}. Best is trial 179 with value: 1.0.
2024-11-17 07:15:20,582 - INFO - Candidate Mean Stats: {'Max': np.float64(91.0), 'Min': np.float64(-0.3238223588353966), 'Mean': np.float64(0.8759178811523792), 'Std': np.float64(6.490871470836082)}
2024-11-17 07:15:20,582 - INFO - Candidate Std Stats: {'Max': np.float64(0.5414139903406626), 'Min': np.float64(0.0), 'Mean': np.float64(0.042982958543156355), 'Std': np.float64(0.045613965266075536)}
2024-11-17 07:15:20,584 - INFO - Top 10 Mean Stats: {'Max': np.float64(-0.1932560753390641), 'Min': np.float64(-0.3238223588353966), 'Mean': np.float64(-0.2696622469996442), 'Std': np.float64(0.0471326056771858)}
2024-11-17 07:15:20,584 - INFO - Top 10 Std Stats: {'Max': np.float64(0.4471145050062256), 'Min': np.float64(0.19258698510566555), 'Mean': np.float64(0.2844817594587565), 'Std': np.float64(0.10008264581061019)}
2024-11-17 07:15:20,584 - INFO - Bottom 10 Mean Stats: {'Max': np.float64(91.0), 'Min': np.float64(76.0), 'Mean': np.float64(82.8), 'Std': np.float64(4.812483766206387)}
2024-11-17 07:15:20,584 - INFO - Bottom 10 Std Stats: {'Max': np.float64(0.0), 'Min': np.float64(0.0), 'Mean': np.float64(0.0), 'Std': np.float64(0.0)}
[I 2024-11-17 07:15:20,601] Trial 388 finished with value: 67.0 and parameters: {'x_0': -5, 'x_1': 4, 'x_2': 5, 'x_3': 1}. Best is trial 320 with value: 0.0.
2024-11-17 07:15:20,638 - INFO - Candidate Mean Stats: {'Max': np.float64(100.0), 'Min': np.float64(-0.6210668695944289), 'Mean': np.float64(1.0700568484641988), 'Std': np.float64(7.3708321462907405)}
2024-11-17 07:15:20,638 - INFO - Candidate Std Stats: {'Max': np.float64(0.5354308969230126), 'Min': np.float64(0.0), 'Mean': np.float64(0.028774163239048987), 'Std': np.float64(0.03938375497533189)}
2024-11-17 07:15:20,640 - INFO - Top 10 Mean Stats: {'Max': np.float64(-0.4090109973978596), 'Min': np.float64(-0.6210668695944289), 'Mean': np.float64(-0.4910480096447795), 'Std': np.float64(0.07469241903235732)}
2024-11-17 07:15:20,640 - INFO - Top 10 Std Stats: {'Max': np.float64(0.3129678073815114), 'Min': np.float64(0.21035553632293513), 'Mean': np.float64(0.2534521421566405), 'Std': np.float64(0.034866745407865496)}
2024-11-17 07:15:20,640 - INFO - Bottom 10 Mean Stats: {'Max': np.float64(100.0), 'Min': np.float64(84.0), 'Mean': np.float64(93.0), 'Std': np.float64(5.019960159204453)}
2024-11-17 07:15:20,640 - INFO - Bottom 10 Std Stats: {'Max': np.float64(0.0), 'Min': np.float64(0.0), 'Mean': np.float64(0.0), 'Std': np.float64(0.0)}
[I 2024-11-17 07:15:20,663] Trial 443 finished with value: 10.0 and parameters: {'x_0': -1, 'x_1': 2, 'x_2': 2, 'x_3': 1}. Best is trial 362 with value: 1.0.
2024-11-17 07:15:20,678 - INFO - Candidate Mean Stats: {'Max': np.float64(100.0), 'Min': np.float64(-0.8535008209910145), 'Mean': np.float64(1.212204169799102), 'Std': np.float64(8.07496111786285)}
2024-11-17 07:15:20,678 - INFO - Candidate Std Stats: {'Max': np.float64(0.28301472809495365), 'Min': np.float64(0.0), 'Mean': np.float64(0.022015721513493947), 'Std': np.float64(0.031605324534034064)}
2024-11-17 07:15:20,680 - INFO - Top 10 Mean Stats: {'Max': np.float64(-0.06719965052549837), 'Min': np.float64(-0.8535008209910145), 'Mean': np.float64(-0.3362938865573423), 'Std': np.float64(0.26538678450360187)}
2024-11-17 07:15:20,680 - INFO - Top 10 Std Stats: {'Max': np.float64(0.24992569615696442), 'Min': np.float64(0.06278130495948099), 'Mean': np.float64(0.15489586064507416), 'Std': np.float64(0.07186201224266718)}
2024-11-17 07:15:20,680 - INFO - Bottom 10 Mean Stats: {'Max': np.float64(100.0), 'Min': np.float64(91.0), 'Mean': np.float64(95.5), 'Std': np.float64(4.5)}
2024-11-17 07:15:20,680 - INFO - Bottom 10 Std Stats: {'Max': np.float64(0.0), 'Min': np.float64(0.0), 'Mean': np.float64(0.0), 'Std': np.float64(0.0)}
[I 2024-11-17 07:15:20,699] Trial 438 finished with value: 14.0 and parameters: {'x_0': 0, 'x_1': 1, 'x_2': -2, 'x_3': -3}. Best is trial 179 with value: 1.0.
2024-11-17 07:15:20,811 - INFO - Candidate Mean Stats: {'Max': np.float64(91.0), 'Min': np.float64(-0.3229513731058039), 'Mean': np.float64(0.8851402500209398), 'Std': np.float64(6.513221887555434)}
2024-11-17 07:15:20,811 - INFO - Candidate Std Stats: {'Max': np.float64(0.5200521230614488), 'Min': np.float64(0.0), 'Mean': np.float64(0.04077166825574814), 'Std': np.float64(0.04607277035680719)}
2024-11-17 07:15:20,813 - INFO - Top 10 Mean Stats: {'Max': np.float64(-0.15260989329295388), 'Min': np.float64(-0.3229513731058039), 'Mean': np.float64(-0.22696437364357158), 'Std': np.float64(0.07455700117605728)}
2024-11-17 07:15:20,813 - INFO - Top 10 Std Stats: {'Max': np.float64(0.39412814527543416), 'Min': np.float64(0.14195000458469426), 'Mean': np.float64(0.2501601213664374), 'Std': np.float64(0.08801652439417543)}
2024-11-17 07:15:20,813 - INFO - Bottom 10 Mean Stats: {'Max': np.float64(91.0), 'Min': np.float64(76.0), 'Mean': np.float64(82.8), 'Std': np.float64(4.812483766206387)}
2024-11-17 07:15:20,813 - INFO - Bottom 10 Std Stats: {'Max': np.float64(0.0), 'Min': np.float64(0.0), 'Mean': np.float64(0.0), 'Std': np.float64(0.0)}
2024-11-17 07:15:20,821 - INFO - Candidate Mean Stats: {'Max': np.float64(100.0), 'Min': np.float64(-0.7265010836002568), 'Mean': np.float64(1.068124396209429), 'Std': np.float64(7.371586244114205)}
2024-11-17 07:15:20,821 - INFO - Candidate Std Stats: {'Max': np.float64(0.5581682092942675), 'Min': np.float64(0.0), 'Mean': np.float64(0.025697066263461906), 'Std': np.float64(0.03383945942995043)}
2024-11-17 07:15:20,823 - INFO - Top 10 Mean Stats: {'Max': np.float64(-0.3108856152432497), 'Min': np.float64(-0.7265010836002568), 'Mean': np.float64(-0.5486305507818517), 'Std': np.float64(0.13927649838340503)}
2024-11-17 07:15:20,823 - INFO - Top 10 Std Stats: {'Max': np.float64(0.21548310645242158), 'Min': np.float64(0.053195312907188604), 'Mean': np.float64(0.08306736159237482), 'Std': np.float64(0.04504844900128892)}
2024-11-17 07:15:20,823 - INFO - Bottom 10 Mean Stats: {'Max': np.float64(100.0), 'Min': np.float64(84.0), 'Mean': np.float64(93.0), 'Std': np.float64(5.019960159204453)}
2024-11-17 07:15:20,823 - INFO - Bottom 10 Std Stats: {'Max': np.float64(0.0), 'Min': np.float64(0.0), 'Mean': np.float64(0.0), 'Std': np.float64(0.0)}
[I 2024-11-17 07:15:20,838] Trial 389 finished with value: 75.0 and parameters: {'x_0': 3, 'x_1': -5, 'x_2': -4, 'x_3': 5}. Best is trial 320 with value: 0.0.
[I 2024-11-17 07:15:20,846] Trial 444 finished with value: 10.0 and parameters: {'x_0': -1, 'x_1': -1, 'x_2': 2, 'x_3': 2}. Best is trial 362 with value: 1.0.
2024-11-17 07:15:20,885 - INFO - Candidate Mean Stats: {'Max': np.float64(100.0), 'Min': np.float64(-0.42321376574585107), 'Mean': np.float64(1.2106787742783385), 'Std': np.float64(8.076046827210936)}
2024-11-17 07:15:20,885 - INFO - Candidate Std Stats: {'Max': np.float64(0.35507856116326136), 'Min': np.float64(0.0), 'Mean': np.float64(0.03203803129866463), 'Std': np.float64(0.03859551030690882)}
2024-11-17 07:15:20,887 - INFO - Top 10 Mean Stats: {'Max': np.float64(-0.12362754617041354), 'Min': np.float64(-0.42321376574585107), 'Mean': np.float64(-0.2272288957686071), 'Std': np.float64(0.10737592344583159)}
2024-11-17 07:15:20,887 - INFO - Top 10 Std Stats: {'Max': np.float64(0.3447216695482215), 'Min': np.float64(0.16995065434819395), 'Mean': np.float64(0.28113878199809644), 'Std': np.float64(0.04975769575428564)}
2024-11-17 07:15:20,887 - INFO - Bottom 10 Mean Stats: {'Max': np.float64(100.0), 'Min': np.float64(91.0), 'Mean': np.float64(95.5), 'Std': np.float64(4.5)}
2024-11-17 07:15:20,887 - INFO - Bottom 10 Std Stats: {'Max': np.float64(0.0), 'Min': np.float64(0.0), 'Mean': np.float64(0.0), 'Std': np.float64(0.0)}
[I 2024-11-17 07:15:20,904] Trial 439 finished with value: 21.0 and parameters: {'x_0': 0, 'x_1': -1, 'x_2': -2, 'x_3': -4}. Best is trial 179 with value: 1.0.
2024-11-17 07:15:20,981 - INFO - Candidate Mean Stats: {'Max': np.float64(100.0), 'Min': np.float64(-0.6786723336474604), 'Mean': np.float64(1.0705457388798374), 'Std': np.float64(7.371693595791476)}
2024-11-17 07:15:20,981 - INFO - Candidate Std Stats: {'Max': np.float64(0.5046580828266201), 'Min': np.float64(0.0), 'Mean': np.float64(0.02688435366713796), 'Std': np.float64(0.03613523300637085)}
2024-11-17 07:15:20,983 - INFO - Top 10 Mean Stats: {'Max': np.float64(-0.45741216020856995), 'Min': np.float64(-0.6786723336474604), 'Mean': np.float64(-0.5421475112804796), 'Std': np.float64(0.09391291112234118)}
2024-11-17 07:15:20,983 - INFO - Top 10 Std Stats: {'Max': np.float64(0.15407880654519346), 'Min': np.float64(0.051312045267352835), 'Mean': np.float64(0.08718664314930277), 'Std': np.float64(0.02866312239983427)}
2024-11-17 07:15:20,983 - INFO - Bottom 10 Mean Stats: {'Max': np.float64(100.0), 'Min': np.float64(84.0), 'Mean': np.float64(93.0), 'Std': np.float64(5.019960159204453)}
2024-11-17 07:15:20,983 - INFO - Bottom 10 Std Stats: {'Max': np.float64(0.0), 'Min': np.float64(0.0), 'Mean': np.float64(0.0), 'Std': np.float64(0.0)}
