[I 2024-11-17 07:13:51,236] Trial 74 finished with value: 51.0 and parameters: {'x_0': 3, 'x_1': -4, 'x_2': 1, 'x_3': 5}. Best is trial 39 with value: 11.0.
2024-11-17 07:13:51,294 - INFO - Candidate Mean Stats: {'Max': np.float64(84.0), 'Min': np.float64(-0.21154966949755227), 'Mean': np.float64(0.20056955630291748), 'Std': np.float64(3.1288627618761367)}
2024-11-17 07:13:51,294 - INFO - Candidate Std Stats: {'Max': np.float64(0.540420104242871), 'Min': np.float64(0.0), 'Mean': np.float64(0.064102486120221), 'Std': np.float64(0.046048922424463186)}
2024-11-17 07:13:51,296 - INFO - Top 10 Mean Stats: {'Max': np.float64(-0.1252908054900417), 'Min': np.float64(-0.21154966949755227), 'Mean': np.float64(-0.15611784187179453), 'Std': np.float64(0.026335043408826864)}
2024-11-17 07:13:51,296 - INFO - Top 10 Std Stats: {'Max': np.float64(0.37828287062165433), 'Min': np.float64(0.27615199628384446), 'Mean': np.float64(0.3345142037389129), 'Std': np.float64(0.03090295394913757)}
2024-11-17 07:13:51,296 - INFO - Bottom 10 Mean Stats: {'Max': np.float64(84.0), 'Min': np.float64(66.0), 'Mean': np.float64(71.8), 'Std': np.float64(6.64529909033446)}
2024-11-17 07:13:51,296 - INFO - Bottom 10 Std Stats: {'Max': np.float64(0.0), 'Min': np.float64(0.0), 'Mean': np.float64(0.0), 'Std': np.float64(0.0)}
[I 2024-11-17 07:13:51,310] Trial 74 finished with value: 42.0 and parameters: {'x_0': 4, 'x_1': 1, 'x_2': 0, 'x_3': -5}. Best is trial 73 with value: 10.0.
2024-11-17 07:13:51,402 - INFO - Candidate Mean Stats: {'Max': np.float64(75.0), 'Min': np.float64(-0.25255257304529677), 'Mean': np.float64(0.18683815747285146), 'Std': np.float64(2.954278976077513)}
2024-11-17 07:13:51,402 - INFO - Candidate Std Stats: {'Max': np.float64(0.4861120223325041), 'Min': np.float64(0.0), 'Mean': np.float64(0.061352155940903735), 'Std': np.float64(0.04806490222202918)}
2024-11-17 07:13:51,403 - INFO - Top 10 Mean Stats: {'Max': np.float64(-0.16076793747121393), 'Min': np.float64(-0.25255257304529677), 'Mean': np.float64(-0.20163399697769976), 'Std': np.float64(0.031152646474386408)}
2024-11-17 07:13:51,403 - INFO - Top 10 Std Stats: {'Max': np.float64(0.4861120223325041), 'Min': np.float64(0.28196433641932533), 'Mean': np.float64(0.3467389754087551), 'Std': np.float64(0.053406744039802896)}
2024-11-17 07:13:51,403 - INFO - Bottom 10 Mean Stats: {'Max': np.float64(75.0), 'Min': np.float64(58.0), 'Mean': np.float64(64.5), 'Std': np.float64(6.328506932918696)}
2024-11-17 07:13:51,403 - INFO - Bottom 10 Std Stats: {'Max': np.float64(0.0), 'Min': np.float64(0.0), 'Mean': np.float64(0.0), 'Std': np.float64(0.0)}
[I 2024-11-17 07:13:51,416] Trial 71 finished with value: 26.0 and parameters: {'x_0': 0, 'x_1': -5, 'x_2': 1, 'x_3': 0}. Best is trial 7 with value: 6.0.
2024-11-17 07:13:51,462 - INFO - Candidate Mean Stats: {'Max': np.float64(91.0), 'Min': np.float64(-0.23354346523974287), 'Mean': np.float64(0.20299392099699368), 'Std': np.float64(3.0912357204751855)}
2024-11-17 07:13:51,462 - INFO - Candidate Std Stats: {'Max': np.float64(0.4873981582428722), 'Min': np.float64(0.0), 'Mean': np.float64(0.0644293977664822), 'Std': np.float64(0.04730827765900964)}
2024-11-17 07:13:51,463 - INFO - Top 10 Mean Stats: {'Max': np.float64(-0.09682800138618665), 'Min': np.float64(-0.23354346523974287), 'Mean': np.float64(-0.17311519649452306), 'Std': np.float64(0.033909649223198175)}
2024-11-17 07:13:51,463 - INFO - Top 10 Std Stats: {'Max': np.float64(0.4873981582428722), 'Min': np.float64(0.32321185554066245), 'Mean': np.float64(0.3804253423462842), 'Std': np.float64(0.05214399284918425)}
2024-11-17 07:13:51,463 - INFO - Bottom 10 Mean Stats: {'Max': np.float64(91.0), 'Min': np.float64(54.0), 'Mean': np.float64(71.8), 'Std': np.float64(12.702755606560334)}
2024-11-17 07:13:51,463 - INFO - Bottom 10 Std Stats: {'Max': np.float64(0.0), 'Min': np.float64(0.0), 'Mean': np.float64(0.0), 'Std': np.float64(0.0)}
[I 2024-11-17 07:13:51,478] Trial 75 finished with value: 42.0 and parameters: {'x_0': -3, 'x_1': -4, 'x_2': 4, 'x_3': 1}. Best is trial 39 with value: 11.0.
2024-11-17 07:13:51,495 - INFO - Candidate Mean Stats: {'Max': np.float64(84.0), 'Min': np.float64(-0.232441606402144), 'Mean': np.float64(0.20336467488101959), 'Std': np.float64(3.147893249381675)}
2024-11-17 07:13:51,496 - INFO - Candidate Std Stats: {'Max': np.float64(0.4298434348403955), 'Min': np.float64(0.0), 'Mean': np.float64(0.06424727006939372), 'Std': np.float64(0.04963112051909598)}
2024-11-17 07:13:51,497 - INFO - Top 10 Mean Stats: {'Max': np.float64(-0.14818961193350144), 'Min': np.float64(-0.232441606402144), 'Mean': np.float64(-0.19465151212465637), 'Std': np.float64(0.02277694913644601)}
2024-11-17 07:13:51,497 - INFO - Top 10 Std Stats: {'Max': np.float64(0.4041980162639665), 'Min': np.float64(0.3064150957577302), 'Mean': np.float64(0.35299976775267194), 'Std': np.float64(0.035285027695203)}
2024-11-17 07:13:51,497 - INFO - Bottom 10 Mean Stats: {'Max': np.float64(84.0), 'Min': np.float64(66.0), 'Mean': np.float64(71.8), 'Std': np.float64(6.64529909033446)}
2024-11-17 07:13:51,497 - INFO - Bottom 10 Std Stats: {'Max': np.float64(0.0), 'Min': np.float64(0.0), 'Mean': np.float64(0.0), 'Std': np.float64(0.0)}
[I 2024-11-17 07:13:51,513] Trial 75 finished with value: 42.0 and parameters: {'x_0': 4, 'x_1': 4, 'x_2': 3, 'x_3': -1}. Best is trial 73 with value: 10.0.
2024-11-17 07:13:51,675 - INFO - Candidate Mean Stats: {'Max': np.float64(75.0), 'Min': np.float64(-0.2356690896528127), 'Mean': np.float64(0.18882519814033114), 'Std': np.float64(2.961954538844928)}
2024-11-17 07:13:51,676 - INFO - Candidate Std Stats: {'Max': np.float64(0.37235791526097917), 'Min': np.float64(0.0), 'Mean': np.float64(0.062625422393568), 'Std': np.float64(0.04784846336854667)}
2024-11-17 07:13:51,677 - INFO - Top 10 Mean Stats: {'Max': np.float64(-0.11851166898445986), 'Min': np.float64(-0.2356690896528127), 'Mean': np.float64(-0.17439472668525346), 'Std': np.float64(0.02940150391451004)}
2024-11-17 07:13:51,677 - INFO - Top 10 Std Stats: {'Max': np.float64(0.33666920153484664), 'Min': np.float64(0.22907544223613754), 'Mean': np.float64(0.2875592991634278), 'Std': np.float64(0.03746206455203893)}
2024-11-17 07:13:51,677 - INFO - Bottom 10 Mean Stats: {'Max': np.float64(75.0), 'Min': np.float64(58.0), 'Mean': np.float64(64.5), 'Std': np.float64(6.328506932918696)}
2024-11-17 07:13:51,677 - INFO - Bottom 10 Std Stats: {'Max': np.float64(0.0), 'Min': np.float64(0.0), 'Mean': np.float64(0.0), 'Std': np.float64(0.0)}
[I 2024-11-17 07:13:51,700] Trial 72 finished with value: 38.0 and parameters: {'x_0': 5, 'x_1': 2, 'x_2': 0, 'x_3': 3}. Best is trial 7 with value: 6.0.
2024-11-17 07:13:51,714 - INFO - Candidate Mean Stats: {'Max': np.float64(91.0), 'Min': np.float64(-0.3181201519075166), 'Mean': np.float64(0.20486953307395206), 'Std': np.float64(3.110542496124675)}
2024-11-17 07:13:51,714 - INFO - Candidate Std Stats: {'Max': np.float64(0.5540853716302726), 'Min': np.float64(0.0), 'Mean': np.float64(0.06203615348825457), 'Std': np.float64(0.04951949995040849)}
2024-11-17 07:13:51,715 - INFO - Top 10 Mean Stats: {'Max': np.float64(-0.12000833069406466), 'Min': np.float64(-0.3181201519075166), 'Mean': np.float64(-0.20224290607151946), 'Std': np.float64(0.055416417824364975)}
2024-11-17 07:13:51,715 - INFO - Top 10 Std Stats: {'Max': np.float64(0.439462084775455), 'Min': np.float64(0.2833259722625005), 'Mean': np.float64(0.3702262325522424), 'Std': np.float64(0.04734435291641197)}
2024-11-17 07:13:51,715 - INFO - Bottom 10 Mean Stats: {'Max': np.float64(91.0), 'Min': np.float64(54.0), 'Mean': np.float64(71.8), 'Std': np.float64(12.702755606560334)}
2024-11-17 07:13:51,715 - INFO - Bottom 10 Std Stats: {'Max': np.float64(0.0), 'Min': np.float64(0.0), 'Mean': np.float64(0.0), 'Std': np.float64(0.0)}
[I 2024-11-17 07:13:51,728] Trial 76 finished with value: 43.0 and parameters: {'x_0': -5, 'x_1': 4, 'x_2': -1, 'x_3': -1}. Best is trial 39 with value: 11.0.
2024-11-17 07:13:51,760 - INFO - Candidate Mean Stats: {'Max': np.float64(84.0), 'Min': np.float64(-0.20313831126187926), 'Mean': np.float64(0.20649994009900202), 'Std': np.float64(3.166747254354899)}
2024-11-17 07:13:51,760 - INFO - Candidate Std Stats: {'Max': np.float64(0.46636683475130136), 'Min': np.float64(0.0), 'Mean': np.float64(0.0638803526074215), 'Std': np.float64(0.04701500202089416)}
2024-11-17 07:13:51,761 - INFO - Top 10 Mean Stats: {'Max': np.float64(-0.11867282649827804), 'Min': np.float64(-0.20296181313576742), 'Mean': np.float64(-0.15900384001087225), 'Std': np.float64(0.021315478748872643)}
2024-11-17 07:13:51,761 - INFO - Top 10 Std Stats: {'Max': np.float64(0.3929785234372133), 'Min': np.float64(0.2769257040743499), 'Mean': np.float64(0.3229770910636904), 'Std': np.float64(0.02922536789711196)}
2024-11-17 07:13:51,761 - INFO - Bottom 10 Mean Stats: {'Max': np.float64(84.0), 'Min': np.float64(66.0), 'Mean': np.float64(71.8), 'Std': np.float64(6.64529909033446)}
2024-11-17 07:13:51,761 - INFO - Bottom 10 Std Stats: {'Max': np.float64(0.0), 'Min': np.float64(0.0), 'Mean': np.float64(0.0), 'Std': np.float64(0.0)}
[I 2024-11-17 07:13:51,775] Trial 76 finished with value: 7.0 and parameters: {'x_0': -1, 'x_1': -2, 'x_2': 1, 'x_3': 1}. Best is trial 76 with value: 7.0.
2024-11-17 07:13:51,942 - INFO - Candidate Mean Stats: {'Max': np.float64(75.0), 'Min': np.float64(-0.3517989409323597), 'Mean': np.float64(0.19147175399780833), 'Std': np.float64(2.978410745865558)}
2024-11-17 07:13:51,942 - INFO - Candidate Std Stats: {'Max': np.float64(0.6293072245285126), 'Min': np.float64(0.0), 'Mean': np.float64(0.06467446463770195), 'Std': np.float64(0.04836010590211778)}
2024-11-17 07:13:51,943 - INFO - Top 10 Mean Stats: {'Max': np.float64(-0.165272164079636), 'Min': np.float64(-0.3517989409323597), 'Mean': np.float64(-0.211510361859811), 'Std': np.float64(0.04947413136506512)}
2024-11-17 07:13:51,943 - INFO - Top 10 Std Stats: {'Max': np.float64(0.6293072245285126), 'Min': np.float64(0.32404459654178275), 'Mean': np.float64(0.40897151070712773), 'Std': np.float64(0.08655021820119636)}
2024-11-17 07:13:51,943 - INFO - Bottom 10 Mean Stats: {'Max': np.float64(75.0), 'Min': np.float64(58.0), 'Mean': np.float64(64.5), 'Std': np.float64(6.328506932918696)}
2024-11-17 07:13:51,943 - INFO - Bottom 10 Std Stats: {'Max': np.float64(0.0), 'Min': np.float64(0.0), 'Mean': np.float64(0.0), 'Std': np.float64(0.0)}
[I 2024-11-17 07:13:51,956] Trial 73 finished with value: 34.0 and parameters: {'x_0': -1, 'x_1': -1, 'x_2': -4, 'x_3': -4}. Best is trial 7 with value: 6.0.
2024-11-17 07:13:51,966 - INFO - Candidate Mean Stats: {'Max': np.float64(84.0), 'Min': np.float64(-0.2462839423061601), 'Mean': np.float64(0.20811412926191789), 'Std': np.float64(3.1671633644307935)}
2024-11-17 07:13:51,966 - INFO - Candidate Std Stats: {'Max': np.float64(0.7327775995391896), 'Min': np.float64(0.0), 'Mean': np.float64(0.0640249056885684), 'Std': np.float64(0.04361117269510741)}
2024-11-17 07:13:51,967 - INFO - Top 10 Mean Stats: {'Max': np.float64(-0.12094323195042618), 'Min': np.float64(-0.2462839423061601), 'Mean': np.float64(-0.18762929121281577), 'Std': np.float64(0.04513693567363271)}
2024-11-17 07:13:51,967 - INFO - Top 10 Std Stats: {'Max': np.float64(0.45562753373742265), 'Min': np.float64(0.30244457253519585), 'Mean': np.float64(0.3700504731552837), 'Std': np.float64(0.051452572855112906)}
2024-11-17 07:13:51,968 - INFO - Bottom 10 Mean Stats: {'Max': np.float64(84.0), 'Min': np.float64(66.0), 'Mean': np.float64(71.8), 'Std': np.float64(6.64529909033446)}
2024-11-17 07:13:51,968 - INFO - Bottom 10 Std Stats: {'Max': np.float64(0.0), 'Min': np.float64(0.0), 'Mean': np.float64(0.0), 'Std': np.float64(0.0)}
2024-11-17 07:13:51,967 - INFO - Candidate Mean Stats: {'Max': np.float64(91.0), 'Min': np.float64(-0.2819707098785168), 'Mean': np.float64(0.20693344855038825), 'Std': np.float64(3.13063844320304)}
2024-11-17 07:13:51,968 - INFO - Candidate Std Stats: {'Max': np.float64(0.5397475259337822), 'Min': np.float64(0.0), 'Mean': np.float64(0.06535650077751387), 'Std': np.float64(0.045756310308132424)}
2024-11-17 07:13:51,970 - INFO - Top 10 Mean Stats: {'Max': np.float64(-0.1508147542621437), 'Min': np.float64(-0.2819707098785168), 'Mean': np.float64(-0.19440892143293598), 'Std': np.float64(0.039712513967337874)}
2024-11-17 07:13:51,970 - INFO - Top 10 Std Stats: {'Max': np.float64(0.5397475259337822), 'Min': np.float64(0.2882508916525733), 'Mean': np.float64(0.3731299167622658), 'Std': np.float64(0.07255312658133811)}
2024-11-17 07:13:51,970 - INFO - Bottom 10 Mean Stats: {'Max': np.float64(91.0), 'Min': np.float64(54.0), 'Mean': np.float64(71.8), 'Std': np.float64(12.702755606560334)}
2024-11-17 07:13:51,970 - INFO - Bottom 10 Std Stats: {'Max': np.float64(0.0), 'Min': np.float64(0.0), 'Mean': np.float64(0.0), 'Std': np.float64(0.0)}
[I 2024-11-17 07:13:51,983] Trial 77 finished with value: 54.0 and parameters: {'x_0': -3, 'x_1': 4, 'x_2': -2, 'x_3': 5}. Best is trial 76 with value: 7.0.
[I 2024-11-17 07:13:51,984] Trial 77 finished with value: 32.0 and parameters: {'x_0': 4, 'x_1': 4, 'x_2': 0, 'x_3': 0}. Best is trial 39 with value: 11.0.
2024-11-17 07:13:52,125 - INFO - Candidate Mean Stats: {'Max': np.float64(75.0), 'Min': np.float64(-0.2343599534747475), 'Mean': np.float64(0.19440062091121293), 'Std': np.float64(2.9914266313826863)}
2024-11-17 07:13:52,125 - INFO - Candidate Std Stats: {'Max': np.float64(0.3954441732627784), 'Min': np.float64(0.0), 'Mean': np.float64(0.06280377150392893), 'Std': np.float64(0.04617203609261666)}
2024-11-17 07:13:52,127 - INFO - Top 10 Mean Stats: {'Max': np.float64(-0.11540307671343901), 'Min': np.float64(-0.2343599534747475), 'Mean': np.float64(-0.16400990719244318), 'Std': np.float64(0.033039919074160144)}
2024-11-17 07:13:52,127 - INFO - Top 10 Std Stats: {'Max': np.float64(0.3538752833739832), 'Min': np.float64(0.2708611843319738), 'Mean': np.float64(0.31090757269888436), 'Std': np.float64(0.030825374160987525)}
2024-11-17 07:13:52,127 - INFO - Bottom 10 Mean Stats: {'Max': np.float64(75.0), 'Min': np.float64(58.0), 'Mean': np.float64(64.5), 'Std': np.float64(6.328506932918696)}
2024-11-17 07:13:52,127 - INFO - Bottom 10 Std Stats: {'Max': np.float64(0.0), 'Min': np.float64(0.0), 'Mean': np.float64(0.0), 'Std': np.float64(0.0)}
[I 2024-11-17 07:13:52,141] Trial 74 finished with value: 26.0 and parameters: {'x_0': 3, 'x_1': 3, 'x_2': 2, 'x_3': -2}. Best is trial 7 with value: 6.0.
2024-11-17 07:13:52,203 - INFO - Candidate Mean Stats: {'Max': np.float64(91.0), 'Min': np.float64(-0.24712232012861252), 'Mean': np.float64(0.2099194144664029), 'Std': np.float64(3.1415942979700713)}
2024-11-17 07:13:52,203 - INFO - Candidate Std Stats: {'Max': np.float64(0.5721723941249232), 'Min': np.float64(0.0), 'Mean': np.float64(0.06446034020554621), 'Std': np.float64(0.04773359780058259)}
2024-11-17 07:13:52,204 - INFO - Top 10 Mean Stats: {'Max': np.float64(0.032954157657432356), 'Min': np.float64(-0.2470834805781355), 'Mean': np.float64(-0.17032575540768174), 'Std': np.float64(0.0814684602405986)}
2024-11-17 07:13:52,204 - INFO - Top 10 Std Stats: {'Max': np.float64(0.5615016387576921), 'Min': np.float64(0.3318546580398172), 'Mean': np.float64(0.42775718109437444), 'Std': np.float64(0.08560094856518445)}
2024-11-17 07:13:52,204 - INFO - Bottom 10 Mean Stats: {'Max': np.float64(91.0), 'Min': np.float64(54.0), 'Mean': np.float64(71.8), 'Std': np.float64(12.702755606560334)}
2024-11-17 07:13:52,204 - INFO - Bottom 10 Std Stats: {'Max': np.float64(0.0), 'Min': np.float64(0.0), 'Mean': np.float64(0.0), 'Std': np.float64(0.0)}
[I 2024-11-17 07:13:52,217] Trial 78 finished with value: 63.0 and parameters: {'x_0': 5, 'x_1': -3, 'x_2': -2, 'x_3': 5}. Best is trial 39 with value: 11.0.
2024-11-17 07:13:52,222 - INFO - Candidate Mean Stats: {'Max': np.float64(84.0), 'Min': np.float64(-0.20088341144223082), 'Mean': np.float64(0.2095547904305741), 'Std': np.float64(3.1983642195695334)}
2024-11-17 07:13:52,222 - INFO - Candidate Std Stats: {'Max': np.float64(0.4023505147848551), 'Min': np.float64(0.0), 'Mean': np.float64(0.06406664849351576), 'Std': np.float64(0.0451994443556408)}
2024-11-17 07:13:52,223 - INFO - Top 10 Mean Stats: {'Max': np.float64(-0.1280131844250012), 'Min': np.float64(-0.20088341144223082), 'Mean': np.float64(-0.16348291933607045), 'Std': np.float64(0.020666574102570275)}
2024-11-17 07:13:52,223 - INFO - Top 10 Std Stats: {'Max': np.float64(0.4023505147848551), 'Min': np.float64(0.2715017039925492), 'Mean': np.float64(0.32477092713150146), 'Std': np.float64(0.0353342312773616)}
2024-11-17 07:13:52,223 - INFO - Bottom 10 Mean Stats: {'Max': np.float64(84.0), 'Min': np.float64(66.0), 'Mean': np.float64(71.8), 'Std': np.float64(6.64529909033446)}
2024-11-17 07:13:52,223 - INFO - Bottom 10 Std Stats: {'Max': np.float64(0.0), 'Min': np.float64(0.0), 'Mean': np.float64(0.0), 'Std': np.float64(0.0)}
[I 2024-11-17 07:13:52,239] Trial 78 finished with value: 39.0 and parameters: {'x_0': -3, 'x_1': -1, 'x_2': -2, 'x_3': 5}. Best is trial 76 with value: 7.0.
2024-11-17 07:13:52,380 - INFO - Candidate Mean Stats: {'Max': np.float64(75.0), 'Min': np.float64(-0.3055836067980983), 'Mean': np.float64(0.19712413231259807), 'Std': np.float64(2.99894795381681)}
2024-11-17 07:13:52,380 - INFO - Candidate Std Stats: {'Max': np.float64(0.46100190173090344), 'Min': np.float64(0.0), 'Mean': np.float64(0.061520282926354065), 'Std': np.float64(0.046374752015246434)}
2024-11-17 07:13:52,382 - INFO - Top 10 Mean Stats: {'Max': np.float64(-0.10888363509167584), 'Min': np.float64(-0.3055836067980983), 'Mean': np.float64(-0.19399202163483473), 'Std': np.float64(0.055778954931391816)}
2024-11-17 07:13:52,382 - INFO - Top 10 Std Stats: {'Max': np.float64(0.41094842365956913), 'Min': np.float64(0.31029891117955544), 'Mean': np.float64(0.3541812127486586), 'Std': np.float64(0.03675311704472195)}
2024-11-17 07:13:52,382 - INFO - Bottom 10 Mean Stats: {'Max': np.float64(75.0), 'Min': np.float64(58.0), 'Mean': np.float64(64.5), 'Std': np.float64(6.328506932918696)}
2024-11-17 07:13:52,382 - INFO - Bottom 10 Std Stats: {'Max': np.float64(0.0), 'Min': np.float64(0.0), 'Mean': np.float64(0.0), 'Std': np.float64(0.0)}
[I 2024-11-17 07:13:52,400] Trial 75 finished with value: 30.0 and parameters: {'x_0': 0, 'x_1': -2, 'x_2': -1, 'x_3': 5}. Best is trial 7 with value: 6.0.
2024-11-17 07:13:52,435 - INFO - Candidate Mean Stats: {'Max': np.float64(84.0), 'Min': np.float64(-0.3121738578240635), 'Mean': np.float64(0.21437924378212755), 'Std': np.float64(3.214255429351619)}
2024-11-17 07:13:52,436 - INFO - Candidate Std Stats: {'Max': np.float64(0.5564205652021109), 'Min': np.float64(0.0), 'Mean': np.float64(0.06381251387092932), 'Std': np.float64(0.047913086910628566)}
2024-11-17 07:13:52,437 - INFO - Top 10 Mean Stats: {'Max': np.float64(-0.16472983151916037), 'Min': np.float64(-0.3121738578240635), 'Mean': np.float64(-0.2461305717728693), 'Std': np.float64(0.04564660292325541)}
2024-11-17 07:13:52,437 - INFO - Top 10 Std Stats: {'Max': np.float64(0.5564205652021109), 'Min': np.float64(0.33705838418136186), 'Mean': np.float64(0.43663709147923413), 'Std': np.float64(0.06519496011562874)}
2024-11-17 07:13:52,437 - INFO - Bottom 10 Mean Stats: {'Max': np.float64(84.0), 'Min': np.float64(66.0), 'Mean': np.float64(71.8), 'Std': np.float64(6.64529909033446)}
2024-11-17 07:13:52,437 - INFO - Bottom 10 Std Stats: {'Max': np.float64(0.0), 'Min': np.float64(0.0), 'Mean': np.float64(0.0), 'Std': np.float64(0.0)}
[I 2024-11-17 07:13:52,449] Trial 79 finished with value: 17.0 and parameters: {'x_0': 2, 'x_1': 0, 'x_2': 2, 'x_3': -3}. Best is trial 76 with value: 7.0.
2024-11-17 07:13:52,453 - INFO - Candidate Mean Stats: {'Max': np.float64(91.0), 'Min': np.float64(-0.31516232106512143), 'Mean': np.float64(0.21430960292980128), 'Std': np.float64(3.1841582022875032)}
2024-11-17 07:13:52,453 - INFO - Candidate Std Stats: {'Max': np.float64(0.49075755444111174), 'Min': np.float64(0.0), 'Mean': np.float64(0.06382348639067388), 'Std': np.float64(0.049317826432636665)}
2024-11-17 07:13:52,454 - INFO - Top 10 Mean Stats: {'Max': np.float64(-0.1499448558634066), 'Min': np.float64(-0.31516232106512143), 'Mean': np.float64(-0.22541449876439806), 'Std': np.float64(0.052175524122478965)}
2024-11-17 07:13:52,454 - INFO - Top 10 Std Stats: {'Max': np.float64(0.49075755444111174), 'Min': np.float64(0.22253529964976368), 'Mean': np.float64(0.37314272527712244), 'Std': np.float64(0.06695428039483821)}
2024-11-17 07:13:52,454 - INFO - Bottom 10 Mean Stats: {'Max': np.float64(91.0), 'Min': np.float64(54.0), 'Mean': np.float64(72.7), 'Std': np.float64(11.68802806293688)}
2024-11-17 07:13:52,455 - INFO - Bottom 10 Std Stats: {'Max': np.float64(0.0), 'Min': np.float64(0.0), 'Mean': np.float64(0.0), 'Std': np.float64(0.0)}
