[I 2024-11-17 07:14:08,672] Trial 143 finished with value: 9.0 and parameters: {'x_0': 1, 'x_1': 0, 'x_2': 2, 'x_3': 2}. Best is trial 76 with value: 7.0.
2024-11-17 07:14:08,711 - INFO - Candidate Mean Stats: {'Max': np.float64(100.0), 'Min': np.float64(-0.6108986009081756), 'Mean': np.float64(0.48407738622877683), 'Std': np.float64(5.34158867650509)}
2024-11-17 07:14:08,711 - INFO - Candidate Std Stats: {'Max': np.float64(0.6299136657217572), 'Min': np.float64(0.0), 'Mean': np.float64(0.05290320567332129), 'Std': np.float64(0.05121642678125855)}
2024-11-17 07:14:08,713 - INFO - Top 10 Mean Stats: {'Max': np.float64(-0.08326770231469159), 'Min': np.float64(-0.6108986009081756), 'Mean': np.float64(-0.28643272678863274), 'Std': np.float64(0.13685929597788965)}
2024-11-17 07:14:08,713 - INFO - Top 10 Std Stats: {'Max': np.float64(0.46013301935864354), 'Min': np.float64(0.2513563538906957), 'Mean': np.float64(0.37519423695348003), 'Std': np.float64(0.069609117624148)}
2024-11-17 07:14:08,713 - INFO - Bottom 10 Mean Stats: {'Max': np.float64(100.0), 'Min': np.float64(84.0), 'Mean': np.float64(93.9), 'Std': np.float64(5.374941860150675)}
2024-11-17 07:14:08,713 - INFO - Bottom 10 Std Stats: {'Max': np.float64(0.0), 'Min': np.float64(0.0), 'Mean': np.float64(0.0), 'Std': np.float64(0.0)}
2024-11-17 07:14:08,721 - INFO - Candidate Mean Stats: {'Max': np.float64(75.0), 'Min': np.float64(-0.28615508171917714), 'Mean': np.float64(0.3463945591345678), 'Std': np.float64(3.956022369250792)}
2024-11-17 07:14:08,721 - INFO - Candidate Std Stats: {'Max': np.float64(0.46933108571602283), 'Min': np.float64(0.0), 'Mean': np.float64(0.0632407635912413), 'Std': np.float64(0.050486761759780764)}
2024-11-17 07:14:08,722 - INFO - Top 10 Mean Stats: {'Max': np.float64(-0.18760667945679965), 'Min': np.float64(-0.27746614805478875), 'Mean': np.float64(-0.23360306514491808), 'Std': np.float64(0.02811092295958342)}
2024-11-17 07:14:08,722 - INFO - Top 10 Std Stats: {'Max': np.float64(0.46933108571602283), 'Min': np.float64(0.33054054005273226), 'Mean': np.float64(0.40038066956026147), 'Std': np.float64(0.04211234075557188)}
2024-11-17 07:14:08,723 - INFO - Bottom 10 Mean Stats: {'Max': np.float64(75.0), 'Min': np.float64(61.0), 'Mean': np.float64(69.4), 'Std': np.float64(4.923413450036469)}
2024-11-17 07:14:08,723 - INFO - Bottom 10 Std Stats: {'Max': np.float64(0.0), 'Min': np.float64(0.0), 'Mean': np.float64(0.0), 'Std': np.float64(0.0)}
[I 2024-11-17 07:14:08,727] Trial 145 finished with value: 91.0 and parameters: {'x_0': 5, 'x_1': -5, 'x_2': -5, 'x_3': -4}. Best is trial 84 with value: 10.0.
[I 2024-11-17 07:14:08,739] Trial 138 finished with value: 35.0 and parameters: {'x_0': 4, 'x_1': 3, 'x_2': 3, 'x_3': -1}. Best is trial 91 with value: 5.0.
2024-11-17 07:14:08,904 - INFO - Candidate Mean Stats: {'Max': np.float64(100.0), 'Min': np.float64(-0.36540578266979606), 'Mean': np.float64(0.4880730564988358), 'Std': np.float64(5.393905067779523)}
2024-11-17 07:14:08,904 - INFO - Candidate Std Stats: {'Max': np.float64(0.5419665641814699), 'Min': np.float64(0.0), 'Mean': np.float64(0.05946865956492476), 'Std': np.float64(0.0497284141083243)}
2024-11-17 07:14:08,905 - INFO - Top 10 Mean Stats: {'Max': np.float64(-0.16984894652621768), 'Min': np.float64(-0.36540578266979606), 'Mean': np.float64(-0.23035514768995), 'Std': np.float64(0.052380536825202)}
2024-11-17 07:14:08,905 - INFO - Top 10 Std Stats: {'Max': np.float64(0.5419665641814699), 'Min': np.float64(0.3598634529114473), 'Mean': np.float64(0.4271342019393969), 'Std': np.float64(0.058540530879227816)}
2024-11-17 07:14:08,906 - INFO - Bottom 10 Mean Stats: {'Max': np.float64(100.0), 'Min': np.float64(91.0), 'Mean': np.float64(94.6), 'Std': np.float64(4.409081537009721)}
2024-11-17 07:14:08,906 - INFO - Bottom 10 Std Stats: {'Max': np.float64(0.0), 'Min': np.float64(0.0), 'Mean': np.float64(0.0), 'Std': np.float64(0.0)}
[I 2024-11-17 07:14:08,921] Trial 146 finished with value: 79.0 and parameters: {'x_0': 5, 'x_1': -5, 'x_2': 2, 'x_3': 5}. Best is trial 84 with value: 10.0.
2024-11-17 07:14:08,921 - INFO - Candidate Mean Stats: {'Max': np.float64(84.0), 'Min': np.float64(-0.21927152850788004), 'Mean': np.float64(0.3877578711507093), 'Std': np.float64(4.292058889267783)}
2024-11-17 07:14:08,922 - INFO - Candidate Std Stats: {'Max': np.float64(0.42403597330899284), 'Min': np.float64(0.0), 'Mean': np.float64(0.06282022868097707), 'Std': np.float64(0.04648052050365054)}
2024-11-17 07:14:08,923 - INFO - Top 10 Mean Stats: {'Max': np.float64(-0.10808611654108793), 'Min': np.float64(-0.21927152850788004), 'Mean': np.float64(-0.1765860410181766), 'Std': np.float64(0.03008094332024886)}
2024-11-17 07:14:08,923 - INFO - Top 10 Std Stats: {'Max': np.float64(0.41634484263561217), 'Min': np.float64(0.25801650528642034), 'Mean': np.float64(0.35055592478679237), 'Std': np.float64(0.051301428087926)}
2024-11-17 07:14:08,923 - INFO - Bottom 10 Mean Stats: {'Max': np.float64(84.0), 'Min': np.float64(66.0), 'Mean': np.float64(73.6), 'Std': np.float64(5.782732917920384)}
2024-11-17 07:14:08,923 - INFO - Bottom 10 Std Stats: {'Max': np.float64(0.0), 'Min': np.float64(0.0), 'Mean': np.float64(0.0), 'Std': np.float64(0.0)}
2024-11-17 07:14:08,938 - INFO - Candidate Mean Stats: {'Max': np.float64(75.0), 'Min': np.float64(-0.22448919665776207), 'Mean': np.float64(0.34775912950682314), 'Std': np.float64(3.96644862829452)}
2024-11-17 07:14:08,938 - INFO - Candidate Std Stats: {'Max': np.float64(0.5038026191774283), 'Min': np.float64(0.0), 'Mean': np.float64(0.06242505731783386), 'Std': np.float64(0.046838838490831036)}
2024-11-17 07:14:08,939 - INFO - Top 10 Mean Stats: {'Max': np.float64(-0.16642565684869787), 'Min': np.float64(-0.22448919665776207), 'Mean': np.float64(-0.1923128214684237), 'Std': np.float64(0.021417608849984327)}
2024-11-17 07:14:08,939 - INFO - Top 10 Std Stats: {'Max': np.float64(0.42937277105128674), 'Min': np.float64(0.30366922014424225), 'Mean': np.float64(0.34189157305265183), 'Std': np.float64(0.03458930800824689)}
2024-11-17 07:14:08,939 - INFO - Bottom 10 Mean Stats: {'Max': np.float64(75.0), 'Min': np.float64(61.0), 'Mean': np.float64(69.4), 'Std': np.float64(4.923413450036469)}
2024-11-17 07:14:08,939 - INFO - Bottom 10 Std Stats: {'Max': np.float64(0.0), 'Min': np.float64(0.0), 'Mean': np.float64(0.0), 'Std': np.float64(0.0)}
[I 2024-11-17 07:14:08,941] Trial 144 finished with value: 25.0 and parameters: {'x_0': -2, 'x_1': -2, 'x_2': -1, 'x_3': 4}. Best is trial 76 with value: 7.0.
[I 2024-11-17 07:14:08,953] Trial 139 finished with value: 43.0 and parameters: {'x_0': -4, 'x_1': 1, 'x_2': -1, 'x_3': -5}. Best is trial 91 with value: 5.0.
2024-11-17 07:14:09,127 - INFO - Candidate Mean Stats: {'Max': np.float64(100.0), 'Min': np.float64(-0.3130979800522616), 'Mean': np.float64(0.49840098129732036), 'Std': np.float64(5.432347024862002)}
2024-11-17 07:14:09,127 - INFO - Candidate Std Stats: {'Max': np.float64(0.8164636729961559), 'Min': np.float64(0.0), 'Mean': np.float64(0.05567599764882525), 'Std': np.float64(0.04830962209433674)}
2024-11-17 07:14:09,128 - INFO - Top 10 Mean Stats: {'Max': np.float64(0.1654673159975671), 'Min': np.float64(-0.3130979800522616), 'Mean': np.float64(-0.1471525458229891), 'Std': np.float64(0.12344512614228087)}
2024-11-17 07:14:09,129 - INFO - Top 10 Std Stats: {'Max': np.float64(0.8164636729961559), 'Min': np.float64(0.2921708813148421), 'Mean': np.float64(0.4454964835447173), 'Std': np.float64(0.15052252787159023)}
2024-11-17 07:14:09,129 - INFO - Bottom 10 Mean Stats: {'Max': np.float64(100.0), 'Min': np.float64(91.0), 'Mean': np.float64(94.6), 'Std': np.float64(4.409081537009721)}
2024-11-17 07:14:09,129 - INFO - Bottom 10 Std Stats: {'Max': np.float64(0.0), 'Min': np.float64(0.0), 'Mean': np.float64(0.0), 'Std': np.float64(0.0)}
[I 2024-11-17 07:14:09,144] Trial 147 finished with value: 79.0 and parameters: {'x_0': -2, 'x_1': -5, 'x_2': -5, 'x_3': 5}. Best is trial 84 with value: 10.0.
2024-11-17 07:14:09,169 - INFO - Candidate Mean Stats: {'Max': np.float64(84.0), 'Min': np.float64(-0.2508212109358683), 'Mean': np.float64(0.38894783689262424), 'Std': np.float64(4.296936485391166)}
2024-11-17 07:14:09,170 - INFO - Candidate Std Stats: {'Max': np.float64(0.4393783458734034), 'Min': np.float64(0.0), 'Mean': np.float64(0.06350823292074084), 'Std': np.float64(0.04981336656366289)}
2024-11-17 07:14:09,171 - INFO - Top 10 Mean Stats: {'Max': np.float64(-0.11383362142790583), 'Min': np.float64(-0.2508212109358683), 'Mean': np.float64(-0.1901274683279613), 'Std': np.float64(0.04078281023749098)}
2024-11-17 07:14:09,171 - INFO - Top 10 Std Stats: {'Max': np.float64(0.4172447243631915), 'Min': np.float64(0.3108090268136571), 'Mean': np.float64(0.3575430238542412), 'Std': np.float64(0.03230931715374553)}
2024-11-17 07:14:09,171 - INFO - Bottom 10 Mean Stats: {'Max': np.float64(84.0), 'Min': np.float64(66.0), 'Mean': np.float64(73.6), 'Std': np.float64(5.782732917920384)}
2024-11-17 07:14:09,171 - INFO - Bottom 10 Std Stats: {'Max': np.float64(0.0), 'Min': np.float64(0.0), 'Mean': np.float64(0.0), 'Std': np.float64(0.0)}
[I 2024-11-17 07:14:09,185] Trial 145 finished with value: 14.0 and parameters: {'x_0': -1, 'x_1': -2, 'x_2': 3, 'x_3': 0}. Best is trial 76 with value: 7.0.
2024-11-17 07:14:09,197 - INFO - Candidate Mean Stats: {'Max': np.float64(75.0), 'Min': np.float64(-0.21773614966389082), 'Mean': np.float64(0.3525303043759033), 'Std': np.float64(3.9819194088275514)}
2024-11-17 07:14:09,197 - INFO - Candidate Std Stats: {'Max': np.float64(0.4434424911047273), 'Min': np.float64(0.0), 'Mean': np.float64(0.0617699049510485), 'Std': np.float64(0.04717476585741707)}
2024-11-17 07:14:09,198 - INFO - Top 10 Mean Stats: {'Max': np.float64(-0.11341386256442254), 'Min': np.float64(-0.19765965011860614), 'Mean': np.float64(-0.16441678162572143), 'Std': np.float64(0.027715921656397812)}
2024-11-17 07:14:09,198 - INFO - Top 10 Std Stats: {'Max': np.float64(0.4298548513597878), 'Min': np.float64(0.2909144296715956), 'Mean': np.float64(0.34809300909354124), 'Std': np.float64(0.036361571076016876)}
2024-11-17 07:14:09,198 - INFO - Bottom 10 Mean Stats: {'Max': np.float64(75.0), 'Min': np.float64(61.0), 'Mean': np.float64(69.4), 'Std': np.float64(4.923413450036469)}
2024-11-17 07:14:09,199 - INFO - Bottom 10 Std Stats: {'Max': np.float64(0.0), 'Min': np.float64(0.0), 'Mean': np.float64(0.0), 'Std': np.float64(0.0)}
[I 2024-11-17 07:14:09,216] Trial 140 finished with value: 75.0 and parameters: {'x_0': -3, 'x_1': -5, 'x_2': -4, 'x_3': 5}. Best is trial 91 with value: 5.0.
2024-11-17 07:14:09,403 - INFO - Candidate Mean Stats: {'Max': np.float64(100.0), 'Min': np.float64(-0.3432313186906223), 'Mean': np.float64(0.5012277038661459), 'Std': np.float64(5.471156999510849)}
2024-11-17 07:14:09,403 - INFO - Candidate Std Stats: {'Max': np.float64(0.7350681035768833), 'Min': np.float64(0.0), 'Mean': np.float64(0.0477900330938794), 'Std': np.float64(0.05193994630941784)}
2024-11-17 07:14:09,404 - INFO - Top 10 Mean Stats: {'Max': np.float64(-0.16807726214301608), 'Min': np.float64(-0.3432313186906223), 'Mean': np.float64(-0.24300389043502796), 'Std': np.float64(0.047693961542106346)}
2024-11-17 07:14:09,404 - INFO - Top 10 Std Stats: {'Max': np.float64(0.5980575605388486), 'Min': np.float64(0.43417663985262145), 'Mean': np.float64(0.5328496666927991), 'Std': np.float64(0.05346416779556551)}
2024-11-17 07:14:09,404 - INFO - Bottom 10 Mean Stats: {'Max': np.float64(100.0), 'Min': np.float64(91.0), 'Mean': np.float64(94.6), 'Std': np.float64(4.409081537009721)}
2024-11-17 07:14:09,405 - INFO - Bottom 10 Std Stats: {'Max': np.float64(0.0), 'Min': np.float64(0.0), 'Mean': np.float64(0.0), 'Std': np.float64(0.0)}
[I 2024-11-17 07:14:09,419] Trial 148 finished with value: 76.0 and parameters: {'x_0': 1, 'x_1': -5, 'x_2': -5, 'x_3': 5}. Best is trial 84 with value: 10.0.
2024-11-17 07:14:09,468 - INFO - Candidate Mean Stats: {'Max': np.float64(75.0), 'Min': np.float64(-0.2645087865822958), 'Mean': np.float64(0.35674828674441683), 'Std': np.float64(4.029503810687401)}
2024-11-17 07:14:09,468 - INFO - Candidate Std Stats: {'Max': np.float64(0.4995559504654382), 'Min': np.float64(0.0), 'Mean': np.float64(0.061794989721209545), 'Std': np.float64(0.04986846121801817)}
2024-11-17 07:14:09,469 - INFO - Top 10 Mean Stats: {'Max': np.float64(-0.13657210312515433), 'Min': np.float64(-0.2645087865822958), 'Mean': np.float64(-0.20591895868617843), 'Std': np.float64(0.03823131541783485)}
2024-11-17 07:14:09,469 - INFO - Top 10 Std Stats: {'Max': np.float64(0.473120043189033), 'Min': np.float64(0.3047262825133666), 'Mean': np.float64(0.3722023223016012), 'Std': np.float64(0.049028896946447464)}
2024-11-17 07:14:09,470 - INFO - Bottom 10 Mean Stats: {'Max': np.float64(75.0), 'Min': np.float64(63.0), 'Mean': np.float64(70.8), 'Std': np.float64(4.284857057125709)}
2024-11-17 07:14:09,470 - INFO - Bottom 10 Std Stats: {'Max': np.float64(0.0), 'Min': np.float64(0.0), 'Mean': np.float64(0.0), 'Std': np.float64(0.0)}
2024-11-17 07:14:09,481 - INFO - Candidate Mean Stats: {'Max': np.float64(84.0), 'Min': np.float64(-0.3606170186447014), 'Mean': np.float64(0.39020688187251235), 'Std': np.float64(4.2983823508218775)}
2024-11-17 07:14:09,481 - INFO - Candidate Std Stats: {'Max': np.float64(0.5004025904900771), 'Min': np.float64(0.0), 'Mean': np.float64(0.06531805089685112), 'Std': np.float64(0.04856982875547154)}
2024-11-17 07:14:09,482 - INFO - Top 10 Mean Stats: {'Max': np.float64(-0.06378561350148249), 'Min': np.float64(-0.3606170186447014), 'Mean': np.float64(-0.18335543162251805), 'Std': np.float64(0.09702576804057451)}
2024-11-17 07:14:09,482 - INFO - Top 10 Std Stats: {'Max': np.float64(0.5004025904900771), 'Min': np.float64(0.3419815267162291), 'Mean': np.float64(0.3998079739819886), 'Std': np.float64(0.052905481228582706)}
2024-11-17 07:14:09,482 - INFO - Bottom 10 Mean Stats: {'Max': np.float64(84.0), 'Min': np.float64(66.0), 'Mean': np.float64(73.6), 'Std': np.float64(5.782732917920384)}
2024-11-17 07:14:09,483 - INFO - Bottom 10 Std Stats: {'Max': np.float64(0.0), 'Min': np.float64(0.0), 'Mean': np.float64(0.0), 'Std': np.float64(0.0)}
[I 2024-11-17 07:14:09,484] Trial 141 finished with value: 2.0 and parameters: {'x_0': 1, 'x_1': 0, 'x_2': 1, 'x_3': 0}. Best is trial 141 with value: 2.0.
[I 2024-11-17 07:14:09,497] Trial 146 finished with value: 43.0 and parameters: {'x_0': -4, 'x_1': 5, 'x_2': -1, 'x_3': 1}. Best is trial 76 with value: 7.0.
2024-11-17 07:14:09,618 - INFO - Candidate Mean Stats: {'Max': np.float64(100.0), 'Min': np.float64(-0.3395771039096651), 'Mean': np.float64(0.5075323784087303), 'Std': np.float64(5.5065273633782645)}
2024-11-17 07:14:09,618 - INFO - Candidate Std Stats: {'Max': np.float64(0.6686048206205165), 'Min': np.float64(0.0), 'Mean': np.float64(0.05406211165701587), 'Std': np.float64(0.04997904743544134)}
2024-11-17 07:14:09,620 - INFO - Top 10 Mean Stats: {'Max': np.float64(-0.15539440487482917), 'Min': np.float64(-0.3395771039096651), 'Mean': np.float64(-0.21984283219268042), 'Std': np.float64(0.05896478524284162)}
2024-11-17 07:14:09,620 - INFO - Top 10 Std Stats: {'Max': np.float64(0.6686048206205165), 'Min': np.float64(0.28357244714817087), 'Mean': np.float64(0.37750787971642347), 'Std': np.float64(0.10117044271373372)}
2024-11-17 07:14:09,620 - INFO - Bottom 10 Mean Stats: {'Max': np.float64(100.0), 'Min': np.float64(91.0), 'Mean': np.float64(94.6), 'Std': np.float64(4.409081537009721)}
2024-11-17 07:14:09,620 - INFO - Bottom 10 Std Stats: {'Max': np.float64(0.0), 'Min': np.float64(0.0), 'Mean': np.float64(0.0), 'Std': np.float64(0.0)}
[I 2024-11-17 07:14:09,634] Trial 149 finished with value: 79.0 and parameters: {'x_0': 5, 'x_1': -5, 'x_2': -2, 'x_3': 5}. Best is trial 84 with value: 10.0.
2024-11-17 07:14:09,709 - INFO - Candidate Mean Stats: {'Max': np.float64(84.0), 'Min': np.float64(-0.26895605403325984), 'Mean': np.float64(0.3931074989145278), 'Std': np.float64(4.31277927793926)}
2024-11-17 07:14:09,709 - INFO - Candidate Std Stats: {'Max': np.float64(0.4587736172598988), 'Min': np.float64(0.0), 'Mean': np.float64(0.06330554031460736), 'Std': np.float64(0.05095287318042472)}
2024-11-17 07:14:09,711 - INFO - Top 10 Mean Stats: {'Max': np.float64(-0.12785313884179633), 'Min': np.float64(-0.26895605403325984), 'Mean': np.float64(-0.19042563349651295), 'Std': np.float64(0.03501000353823358)}
2024-11-17 07:14:09,711 - INFO - Top 10 Std Stats: {'Max': np.float64(0.38239760033531006), 'Min': np.float64(0.30082195566427133), 'Mean': np.float64(0.351628313461802), 'Std': np.float64(0.026132057645291737)}
2024-11-17 07:14:09,711 - INFO - Bottom 10 Mean Stats: {'Max': np.float64(84.0), 'Min': np.float64(66.0), 'Mean': np.float64(73.6), 'Std': np.float64(5.782732917920384)}
2024-11-17 07:14:09,711 - INFO - Bottom 10 Std Stats: {'Max': np.float64(0.0), 'Min': np.float64(0.0), 'Mean': np.float64(0.0), 'Std': np.float64(0.0)}
[I 2024-11-17 07:14:09,724] Trial 147 finished with value: 61.0 and parameters: {'x_0': -5, 'x_1': 4, 'x_2': -4, 'x_3': 2}. Best is trial 76 with value: 7.0.
2024-11-17 07:14:09,733 - INFO - Candidate Mean Stats: {'Max': np.float64(75.0), 'Min': np.float64(-0.22945307709928678), 'Mean': np.float64(0.3555690825429085), 'Std': np.float64(4.029637942636874)}
2024-11-17 07:14:09,733 - INFO - Candidate Std Stats: {'Max': np.float64(0.4418356886746569), 'Min': np.float64(0.0), 'Mean': np.float64(0.0625346653246294), 'Std': np.float64(0.047081258669561726)}
2024-11-17 07:14:09,734 - INFO - Top 10 Mean Stats: {'Max': np.float64(-0.16118674412274933), 'Min': np.float64(-0.22945307709928678), 'Mean': np.float64(-0.18912890975011676), 'Std': np.float64(0.023285883848159484)}
2024-11-17 07:14:09,735 - INFO - Top 10 Std Stats: {'Max': np.float64(0.4418356886746569), 'Min': np.float64(0.27635428247366495), 'Mean': np.float64(0.346412923704177), 'Std': np.float64(0.04555127258135386)}
2024-11-17 07:14:09,735 - INFO - Bottom 10 Mean Stats: {'Max': np.float64(75.0), 'Min': np.float64(63.0), 'Mean': np.float64(70.8), 'Std': np.float64(4.284857057125709)}
2024-11-17 07:14:09,735 - INFO - Bottom 10 Std Stats: {'Max': np.float64(0.0), 'Min': np.float64(0.0), 'Mean': np.float64(0.0), 'Std': np.float64(0.0)}
[I 2024-11-17 07:14:09,748] Trial 142 finished with value: 63.0 and parameters: {'x_0': -5, 'x_1': -3, 'x_2': -5, 'x_3': 2}. Best is trial 141 with value: 2.0.
2024-11-17 07:14:09,854 - INFO - Candidate Mean Stats: {'Max': np.float64(100.0), 'Min': np.float64(-0.5043833608042225), 'Mean': np.float64(0.5092819434696744), 'Std': np.float64(5.544942097808853)}
2024-11-17 07:14:09,854 - INFO - Candidate Std Stats: {'Max': np.float64(0.7308300619328021), 'Min': np.float64(0.0), 'Mean': np.float64(0.05704445239965188), 'Std': np.float64(0.04732030433494924)}
2024-11-17 07:14:09,856 - INFO - Top 10 Mean Stats: {'Max': np.float64(-0.18422571325007236), 'Min': np.float64(-0.5043833608042225), 'Mean': np.float64(-0.27607301336855333), 'Std': np.float64(0.09974069128670449)}
2024-11-17 07:14:09,856 - INFO - Top 10 Std Stats: {'Max': np.float64(0.7308300619328021), 'Min': np.float64(0.3511992780487816), 'Mean': np.float64(0.47909610880685494), 'Std': np.float64(0.11242979439990569)}
2024-11-17 07:14:09,856 - INFO - Bottom 10 Mean Stats: {'Max': np.float64(100.0), 'Min': np.float64(91.0), 'Mean': np.float64(94.6), 'Std': np.float64(4.409081537009721)}
2024-11-17 07:14:09,856 - INFO - Bottom 10 Std Stats: {'Max': np.float64(0.0), 'Min': np.float64(0.0), 'Mean': np.float64(0.0), 'Std': np.float64(0.0)}
[I 2024-11-17 07:14:09,870] Trial 150 finished with value: 100.0 and parameters: {'x_0': 5, 'x_1': -5, 'x_2': 5, 'x_3': 5}. Best is trial 84 with value: 10.0.
2024-11-17 07:14:09,962 - INFO - Candidate Mean Stats: {'Max': np.float64(75.0), 'Min': np.float64(-0.2500816887274969), 'Mean': np.float64(0.361575014807545), 'Std': np.float64(4.0626007808603095)}
2024-11-17 07:14:09,962 - INFO - Candidate Std Stats: {'Max': np.float64(0.5287708747743923), 'Min': np.float64(0.0), 'Mean': np.float64(0.06325916825472562), 'Std': np.float64(0.04575925460699442)}
2024-11-17 07:14:09,963 - INFO - Top 10 Mean Stats: {'Max': np.float64(-0.13813693487013362), 'Min': np.float64(-0.2500816887274969), 'Mean': np.float64(-0.18938703400165466), 'Std': np.float64(0.03541146582268765)}
2024-11-17 07:14:09,964 - INFO - Top 10 Std Stats: {'Max': np.float64(0.4304834645686128), 'Min': np.float64(0.2705428037115452), 'Mean': np.float64(0.36309551909024074), 'Std': np.float64(0.05292979705456474)}
2024-11-17 07:14:09,964 - INFO - Bottom 10 Mean Stats: {'Max': np.float64(75.0), 'Min': np.float64(63.0), 'Mean': np.float64(70.8), 'Std': np.float64(4.284857057125709)}
2024-11-17 07:14:09,964 - INFO - Bottom 10 Std Stats: {'Max': np.float64(0.0), 'Min': np.float64(0.0), 'Mean': np.float64(0.0), 'Std': np.float64(0.0)}
