[I 2024-11-17 07:15:47,354] Trial 499 finished with value: 91.0 and parameters: {'x_0': 5, 'x_1': 5, 'x_2': 4, 'x_3': -5}. Best is trial 320 with value: 0.0.
2024-11-17 07:15:47,357 - INFO - Best value: 0.0
2024-11-17 07:15:47,360 - INFO - Best params: {'x_0': 0, 'x_1': 0, 'x_2': 0, 'x_3': 0}
2024-11-17 07:15:50,132 - INFO - Experiment settings: {'name': '2024-11-17_07-13-31_sphere_dim6_parafac_seed0', 'seed': 0, 'dimension': 6, 'function': 'sphere', 'map': None, 'iter_bo': 500, 'storage': 'sqlite:///results/2024-11-17_07-13-31/sphere_dim6_parafac_seed0.db', 'sampler': 'parafac', 'unique_sampling': False, 'decomp_num': 5, 'cp_settings': {'rank': 2, 'als_iterations': 100, 'mask_ratio': 0.1, 'random_dist_type': 'uniform', 'include_observed_points': False}, 'acqf_settings': {'trade_off_param': 1.0, 'batch_size': 1, 'maximize': False}, 'n_startup_trials': 1}
2024-11-17 07:15:50,143 - INFO - Experiment settings: {'name': '2024-11-17_07-13-31_sphere_dim6_parafac_seed2', 'seed': 2, 'dimension': 6, 'function': 'sphere', 'map': None, 'iter_bo': 500, 'storage': 'sqlite:///results/2024-11-17_07-13-31/sphere_dim6_parafac_seed2.db', 'sampler': 'parafac', 'unique_sampling': False, 'decomp_num': 5, 'cp_settings': {'rank': 2, 'als_iterations': 100, 'mask_ratio': 0.1, 'random_dist_type': 'uniform', 'include_observed_points': False}, 'acqf_settings': {'trade_off_param': 1.0, 'batch_size': 1, 'maximize': False}, 'n_startup_trials': 1}
2024-11-17 07:15:50,148 - INFO - Experiment settings: {'name': '2024-11-17_07-13-31_sphere_dim6_parafac_seed1', 'seed': 1, 'dimension': 6, 'function': 'sphere', 'map': None, 'iter_bo': 500, 'storage': 'sqlite:///results/2024-11-17_07-13-31/sphere_dim6_parafac_seed1.db', 'sampler': 'parafac', 'unique_sampling': False, 'decomp_num': 5, 'cp_settings': {'rank': 2, 'als_iterations': 100, 'mask_ratio': 0.1, 'random_dist_type': 'uniform', 'include_observed_points': False}, 'acqf_settings': {'trade_off_param': 1.0, 'batch_size': 1, 'maximize': False}, 'n_startup_trials': 1}
[I 2024-11-17 07:15:50,587] A new study created in RDB with name: 2024-11-17_07-13-31_sphere_dim6_parafac_seed0
2024-11-17 07:15:50,588 - INFO - Created new study '2024-11-17_07-13-31_sphere_dim6_parafac_seed0' in sqlite:///results/2024-11-17_07-13-31/sphere_dim6_parafac_seed0.db
[I 2024-11-17 07:15:50,588] A new study created in RDB with name: 2024-11-17_07-13-31_sphere_dim6_parafac_seed2
2024-11-17 07:15:50,590 - INFO - Created new study '2024-11-17_07-13-31_sphere_dim6_parafac_seed2' in sqlite:///results/2024-11-17_07-13-31/sphere_dim6_parafac_seed2.db
[I 2024-11-17 07:15:50,591] A new study created in RDB with name: 2024-11-17_07-13-31_sphere_dim6_parafac_seed1
2024-11-17 07:15:50,593 - INFO - Created new study '2024-11-17_07-13-31_sphere_dim6_parafac_seed1' in sqlite:///results/2024-11-17_07-13-31/sphere_dim6_parafac_seed1.db
2024-11-17 07:15:50,605 - INFO - Using sample_independent for sampling.
2024-11-17 07:15:50,607 - INFO - Using sample_independent for sampling.
2024-11-17 07:15:50,608 - INFO - Using sample_independent for sampling.
2024-11-17 07:15:50,611 - INFO - Using sample_independent for sampling.
2024-11-17 07:15:50,611 - INFO - Using sample_independent for sampling.
2024-11-17 07:15:50,612 - INFO - Using sample_independent for sampling.
2024-11-17 07:15:50,613 - INFO - Using sample_independent for sampling.
2024-11-17 07:15:50,613 - INFO - Using sample_independent for sampling.
2024-11-17 07:15:50,615 - INFO - Using sample_independent for sampling.
2024-11-17 07:15:50,616 - INFO - Using sample_independent for sampling.
2024-11-17 07:15:50,616 - INFO - Using sample_independent for sampling.
2024-11-17 07:15:50,618 - INFO - Using sample_independent for sampling.
2024-11-17 07:15:50,618 - INFO - Using sample_independent for sampling.
2024-11-17 07:15:50,618 - INFO - Using sample_independent for sampling.
2024-11-17 07:15:50,621 - INFO - Using sample_independent for sampling.
2024-11-17 07:15:50,621 - INFO - Using sample_independent for sampling.
2024-11-17 07:15:50,623 - INFO - Using sample_independent for sampling.
2024-11-17 07:15:50,625 - INFO - Using sample_independent for sampling.
[I 2024-11-17 07:15:50,633] Trial 0 finished with value: 41.0 and parameters: {'x_0': 3, 'x_1': 3, 'x_2': 3, 'x_3': 2, 'x_4': 3, 'x_5': -1}. Best is trial 0 with value: 41.0.
[I 2024-11-17 07:15:50,634] Trial 0 finished with value: 65.0 and parameters: {'x_0': 3, 'x_1': 4, 'x_2': -4, 'x_3': 2, 'x_4': 2, 'x_5': -4}. Best is trial 0 with value: 65.0.
[I 2024-11-17 07:15:50,639] Trial 0 finished with value: 28.0 and parameters: {'x_0': 2, 'x_1': 3, 'x_2': 2, 'x_3': 1, 'x_4': -3, 'x_5': -1}. Best is trial 0 with value: 28.0.
2024-11-17 07:16:32,796 - INFO - Candidate Mean Stats: {'Max': np.float64(28.0), 'Min': np.float64(-0.13639588838189137), 'Mean': np.float64(1.8204608251941555e-05), 'Std': np.float64(0.021561599056509458)}
2024-11-17 07:16:32,797 - INFO - Candidate Std Stats: {'Max': np.float64(0.2732455106240472), 'Min': np.float64(0.0), 'Mean': np.float64(0.005872639138863035), 'Std': np.float64(0.007430694964970156)}
2024-11-17 07:16:33,091 - INFO - Top 10 Mean Stats: {'Max': np.float64(-0.09179203855557486), 'Min': np.float64(-0.13639588838189137), 'Mean': np.float64(-0.10634852413707899), 'Std': np.float64(0.014336792310322102)}
2024-11-17 07:16:33,092 - INFO - Top 10 Std Stats: {'Max': np.float64(0.2732455106240472), 'Min': np.float64(0.18601100225510858), 'Mean': np.float64(0.21261147232971753), 'Std': np.float64(0.027559670708056944)}
2024-11-17 07:16:33,092 - INFO - Bottom 10 Mean Stats: {'Max': np.float64(28.0), 'Min': np.float64(0.010756337433739277), 'Mean': np.float64(2.8187963429389424), 'Std': np.float64(8.393736270266476)}
2024-11-17 07:16:33,092 - INFO - Bottom 10 Std Stats: {'Max': np.float64(0.019089025661886295), 'Min': np.float64(0.0), 'Mean': np.float64(0.01135314203213807), 'Std': np.float64(0.006073199285556586)}
[I 2024-11-17 07:16:33,124] Trial 1 finished with value: 80.0 and parameters: {'x_0': -5, 'x_1': 1, 'x_2': 4, 'x_3': 5, 'x_4': -3, 'x_5': -2}. Best is trial 0 with value: 28.0.
2024-11-17 07:16:41,201 - INFO - Candidate Mean Stats: {'Max': np.float64(41.0), 'Min': np.float64(-0.11822619415668992), 'Mean': np.float64(5.75072289821346e-05), 'Std': np.float64(0.0311608092929916)}
2024-11-17 07:16:41,202 - INFO - Candidate Std Stats: {'Max': np.float64(0.22817593759463334), 'Min': np.float64(0.0), 'Mean': np.float64(0.0057893692836101076), 'Std': np.float64(0.007405064543974435)}
2024-11-17 07:16:41,498 - INFO - Top 10 Mean Stats: {'Max': np.float64(-0.0994051016978105), 'Min': np.float64(-0.11822619415668992), 'Mean': np.float64(-0.10661734161188881), 'Std': np.float64(0.005486839800015903)}
2024-11-17 07:16:41,499 - INFO - Top 10 Std Stats: {'Max': np.float64(0.22817593759463334), 'Min': np.float64(0.18561216012734483), 'Mean': np.float64(0.20693538152132804), 'Std': np.float64(0.010793000268902722)}
2024-11-17 07:16:41,499 - INFO - Bottom 10 Mean Stats: {'Max': np.float64(41.0), 'Min': np.float64(0.016018657664601886), 'Mean': np.float64(4.1233252587864895), 'Std': np.float64(12.292225953435198)}
2024-11-17 07:16:41,499 - INFO - Bottom 10 Std Stats: {'Max': np.float64(0.021338882121221262), 'Min': np.float64(0.0), 'Mean': np.float64(0.013358169839930257), 'Std': np.float64(0.005843431985969863)}
[I 2024-11-17 07:16:41,533] Trial 1 finished with value: 59.0 and parameters: {'x_0': -5, 'x_1': -1, 'x_2': 5, 'x_3': -2, 'x_4': 0, 'x_5': -2}. Best is trial 0 with value: 41.0.
2024-11-17 07:16:50,937 - INFO - Candidate Mean Stats: {'Max': np.float64(65.0), 'Min': np.float64(-0.12746620044020057), 'Mean': np.float64(3.430060574541655e-05), 'Std': np.float64(0.04906640526541412)}
2024-11-17 07:16:50,939 - INFO - Candidate Std Stats: {'Max': np.float64(0.3377074735358153), 'Min': np.float64(0.0), 'Mean': np.float64(0.006064460434723805), 'Std': np.float64(0.007328569536905868)}
2024-11-17 07:16:51,239 - INFO - Top 10 Mean Stats: {'Max': np.float64(-0.09228395925475352), 'Min': np.float64(-0.12746620044020057), 'Mean': np.float64(-0.10283499370661822), 'Std': np.float64(0.012259532577436649)}
2024-11-17 07:16:51,239 - INFO - Top 10 Std Stats: {'Max': np.float64(0.25136563430996695), 'Min': np.float64(0.18158331577948134), 'Mean': np.float64(0.20588395552250183), 'Std': np.float64(0.02339717192006545)}
2024-11-17 07:16:51,239 - INFO - Bottom 10 Mean Stats: {'Max': np.float64(65.0), 'Min': np.float64(0.010052367772181853), 'Mean': np.float64(6.517071285862857), 'Std': np.float64(19.49431053215868)}
2024-11-17 07:16:51,239 - INFO - Bottom 10 Std Stats: {'Max': np.float64(0.017621620515563416), 'Min': np.float64(0.0), 'Mean': np.float64(0.009248911594219748), 'Std': np.float64(0.005349762754587738)}
[I 2024-11-17 07:16:51,270] Trial 1 finished with value: 40.0 and parameters: {'x_0': -1, 'x_1': 0, 'x_2': 1, 'x_3': -5, 'x_4': 3, 'x_5': 2}. Best is trial 1 with value: 40.0.
2024-11-17 07:17:26,954 - INFO - Candidate Mean Stats: {'Max': np.float64(80.0), 'Min': np.float64(-0.09573608167430883), 'Mean': np.float64(0.0001455066707518722), 'Std': np.float64(0.0638539096248932)}
2024-11-17 07:17:26,956 - INFO - Candidate Std Stats: {'Max': np.float64(0.27413730137511577), 'Min': np.float64(0.0), 'Mean': np.float64(0.006098823972981103), 'Std': np.float64(0.007188186372596808)}
2024-11-17 07:17:27,251 - INFO - Top 10 Mean Stats: {'Max': np.float64(-0.07207896465250774), 'Min': np.float64(-0.09573608167430883), 'Mean': np.float64(-0.08278144669900869), 'Std': np.float64(0.006336598101919751)}
2024-11-17 07:17:27,252 - INFO - Top 10 Std Stats: {'Max': np.float64(0.1972528832484872), 'Min': np.float64(0.15297163463660624), 'Mean': np.float64(0.16797510262333723), 'Std': np.float64(0.012065152339006572)}
2024-11-17 07:17:27,252 - INFO - Bottom 10 Mean Stats: {'Max': np.float64(80.0), 'Min': np.float64(0.010651001479176761), 'Mean': np.float64(10.81461655002315), 'Std': np.float64(24.52436268947557)}
2024-11-17 07:17:27,252 - INFO - Bottom 10 Std Stats: {'Max': np.float64(0.019605388305787327), 'Min': np.float64(0.0), 'Mean': np.float64(0.007046906893960361), 'Std': np.float64(0.006425268669528236)}
[I 2024-11-17 07:17:27,281] Trial 2 finished with value: 51.0 and parameters: {'x_0': 3, 'x_1': 0, 'x_2': 3, 'x_3': -5, 'x_4': -2, 'x_5': -2}. Best is trial 0 with value: 28.0.
2024-11-17 07:17:35,075 - INFO - Candidate Mean Stats: {'Max': np.float64(59.0), 'Min': np.float64(-0.11000099206774419), 'Mean': np.float64(0.0001473156859422342), 'Std': np.float64(0.054184699237323906)}
2024-11-17 07:17:35,076 - INFO - Candidate Std Stats: {'Max': np.float64(0.22461492179267437), 'Min': np.float64(0.0), 'Mean': np.float64(0.005924634968543074), 'Std': np.float64(0.007324815974317243)}
2024-11-17 07:17:35,401 - INFO - Top 10 Mean Stats: {'Max': np.float64(-0.07491110558244281), 'Min': np.float64(-0.11000099206774419), 'Mean': np.float64(-0.09681922905333785), 'Std': np.float64(0.01046615943709604)}
2024-11-17 07:17:35,401 - INFO - Top 10 Std Stats: {'Max': np.float64(0.22461492179267437), 'Min': np.float64(0.178479492134867), 'Mean': np.float64(0.19715131797079732), 'Std': np.float64(0.013757585596758784)}
2024-11-17 07:17:35,402 - INFO - Bottom 10 Mean Stats: {'Max': np.float64(59.0), 'Min': np.float64(0.014933759970619909), 'Mean': np.float64(10.018095729941317), 'Std': np.float64(20.392111610235823)}
2024-11-17 07:17:35,402 - INFO - Bottom 10 Std Stats: {'Max': np.float64(0.03057372081535418), 'Min': np.float64(0.0), 'Mean': np.float64(0.011369515339544322), 'Std': np.float64(0.009102879956873)}
[I 2024-11-17 07:17:35,431] Trial 2 finished with value: 60.0 and parameters: {'x_0': -1, 'x_1': 5, 'x_2': 1, 'x_3': -5, 'x_4': 2, 'x_5': 2}. Best is trial 0 with value: 41.0.
2024-11-17 07:18:02,056 - INFO - Candidate Mean Stats: {'Max': np.float64(65.0), 'Min': np.float64(-0.14649078924612932), 'Mean': np.float64(4.738145975025188e-05), 'Std': np.float64(0.05753377802329639)}
2024-11-17 07:18:02,057 - INFO - Candidate Std Stats: {'Max': np.float64(0.38744869525191433), 'Min': np.float64(0.0), 'Mean': np.float64(0.005452515779518906), 'Std': np.float64(0.007650039529103497)}
2024-11-17 07:18:02,499 - INFO - Top 10 Mean Stats: {'Max': np.float64(-0.10902341837045001), 'Min': np.float64(-0.14649078924612932), 'Mean': np.float64(-0.12591873981428198), 'Std': np.float64(0.012995104409493969)}
2024-11-17 07:18:02,499 - INFO - Top 10 Std Stats: {'Max': np.float64(0.29145189422609163), 'Min': np.float64(0.21661771142447517), 'Mean': np.float64(0.2450017757409293), 'Std': np.float64(0.030110050780811966)}
2024-11-17 07:18:02,499 - INFO - Bottom 10 Mean Stats: {'Max': np.float64(65.0), 'Min': np.float64(0.009242275124255695), 'Mean': np.float64(10.511012239339525), 'Std': np.float64(21.725993510909014)}
2024-11-17 07:18:02,499 - INFO - Bottom 10 Std Stats: {'Max': np.float64(0.018328396124011454), 'Min': np.float64(0.0), 'Mean': np.float64(0.005781341664432978), 'Std': np.float64(0.004885105979954069)}
[I 2024-11-17 07:18:02,527] Trial 2 finished with value: 36.0 and parameters: {'x_0': -5, 'x_1': -1, 'x_2': -1, 'x_3': 0, 'x_4': 0, 'x_5': -3}. Best is trial 2 with value: 36.0.
2024-11-17 07:18:28,185 - INFO - Candidate Mean Stats: {'Max': np.float64(80.0), 'Min': np.float64(-0.16590533054691275), 'Mean': np.float64(8.789124520993774e-05), 'Std': np.float64(0.07446885091101928)}
2024-11-17 07:18:28,186 - INFO - Candidate Std Stats: {'Max': np.float64(0.3325470597264549), 'Min': np.float64(0.0), 'Mean': np.float64(0.005775458934462422), 'Std': np.float64(0.007450861453720068)}
2024-11-17 07:18:28,507 - INFO - Top 10 Mean Stats: {'Max': np.float64(-0.09605574660514328), 'Min': np.float64(-0.16590533054691275), 'Mean': np.float64(-0.12226865684774438), 'Std': np.float64(0.02079007809573122)}
2024-11-17 07:18:28,507 - INFO - Top 10 Std Stats: {'Max': np.float64(0.3325470597264549), 'Min': np.float64(0.19912656216525215), 'Mean': np.float64(0.2453025228092808), 'Std': np.float64(0.0407951276964533)}
2024-11-17 07:18:28,508 - INFO - Bottom 10 Mean Stats: {'Max': np.float64(80.0), 'Min': np.float64(0.012028467044570161), 'Mean': np.float64(15.914316639656457), 'Std': np.float64(26.93018469033144)}
2024-11-17 07:18:28,508 - INFO - Bottom 10 Std Stats: {'Max': np.float64(0.023591890422390963), 'Min': np.float64(0.0), 'Mean': np.float64(0.007822051950956626), 'Std': np.float64(0.007123106251795494)}
[I 2024-11-17 07:18:28,540] Trial 3 finished with value: 40.0 and parameters: {'x_0': 3, 'x_1': 4, 'x_2': -1, 'x_3': -3, 'x_4': -1, 'x_5': -2}. Best is trial 0 with value: 28.0.
2024-11-17 07:18:29,626 - INFO - Candidate Mean Stats: {'Max': np.float64(60.0), 'Min': np.float64(-0.13576172240402645), 'Mean': np.float64(8.764770181733947e-05), 'Std': np.float64(0.07048762015513714)}
2024-11-17 07:18:29,627 - INFO - Candidate Std Stats: {'Max': np.float64(0.2693572456816446), 'Min': np.float64(0.0), 'Mean': np.float64(0.00596220148110464), 'Std': np.float64(0.007404428337823831)}
2024-11-17 07:18:29,961 - INFO - Top 10 Mean Stats: {'Max': np.float64(-0.09293021502360709), 'Min': np.float64(-0.13576172240402645), 'Mean': np.float64(-0.10422088136521004), 'Std': np.float64(0.013676230218137218)}
2024-11-17 07:18:29,961 - INFO - Top 10 Std Stats: {'Max': np.float64(0.2693572456816446), 'Min': np.float64(0.18959649424349329), 'Mean': np.float64(0.20855895794763), 'Std': np.float64(0.02547923177264403)}
2024-11-17 07:18:29,962 - INFO - Bottom 10 Mean Stats: {'Max': np.float64(60.0), 'Min': np.float64(0.02115670425634051), 'Mean': np.float64(16.02088083750404), 'Std': np.float64(24.890401044373622)}
2024-11-17 07:18:29,962 - INFO - Bottom 10 Std Stats: {'Max': np.float64(0.03942343499768346), 'Min': np.float64(0.0), 'Mean': np.float64(0.01264184185074097), 'Std': np.float64(0.011167159603161439)}
[I 2024-11-17 07:18:29,994] Trial 3 finished with value: 54.0 and parameters: {'x_0': -3, 'x_1': -2, 'x_2': 0, 'x_3': 3, 'x_4': -4, 'x_5': 4}. Best is trial 0 with value: 41.0.
2024-11-17 07:18:46,486 - INFO - Candidate Mean Stats: {'Max': np.float64(65.0), 'Min': np.float64(-0.11039052169760692), 'Mean': np.float64(9.624596054772896e-05), 'Std': np.float64(0.06357723184865456)}
2024-11-17 07:18:46,486 - INFO - Candidate Std Stats: {'Max': np.float64(0.22002684317677249), 'Min': np.float64(0.0), 'Mean': np.float64(0.006267291823405793), 'Std': np.float64(0.00709829492786304)}
2024-11-17 07:18:46,797 - INFO - Top 10 Mean Stats: {'Max': np.float64(-0.08266964704705689), 'Min': np.float64(-0.11039052169760692), 'Mean': np.float64(-0.09030956571122088), 'Std': np.float64(0.008003554473901097)}
2024-11-17 07:18:46,798 - INFO - Top 10 Std Stats: {'Max': np.float64(0.22002684317677249), 'Min': np.float64(0.16457125294253633), 'Mean': np.float64(0.1824716594879836), 'Std': np.float64(0.016190392169266665)}
2024-11-17 07:18:46,798 - INFO - Bottom 10 Mean Stats: {'Max': np.float64(65.0), 'Min': np.float64(0.018871820988360384), 'Mean': np.float64(14.119887887235919), 'Std': np.float64(22.64353052599156)}
2024-11-17 07:18:46,798 - INFO - Bottom 10 Std Stats: {'Max': np.float64(0.04264769278407819), 'Min': np.float64(0.0), 'Mean': np.float64(0.009446652009617671), 'Std': np.float64(0.01245455407915568)}
[I 2024-11-17 07:18:46,830] Trial 3 finished with value: 61.0 and parameters: {'x_0': 5, 'x_1': 3, 'x_2': -3, 'x_3': 3, 'x_4': 3, 'x_5': 0}. Best is trial 2 with value: 36.0.
2024-11-17 07:19:12,725 - INFO - Candidate Mean Stats: {'Max': np.float64(60.0), 'Min': np.float64(-0.12651225537626115), 'Mean': np.float64(0.00015211878543410038), 'Std': np.float64(0.08132619285359395)}
2024-11-17 07:19:12,726 - INFO - Candidate Std Stats: {'Max': np.float64(0.31637789609588185), 'Min': np.float64(0.0), 'Mean': np.float64(0.005895824338410577), 'Std': np.float64(0.007314800756394001)}
2024-11-17 07:19:13,052 - INFO - Top 10 Mean Stats: {'Max': np.float64(-0.09028245168816847), 'Min': np.float64(-0.12651225537626115), 'Mean': np.float64(-0.10361688570864894), 'Std': np.float64(0.011669406919094774)}
2024-11-17 07:19:13,052 - INFO - Top 10 Std Stats: {'Max': np.float64(0.2534653034700358), 'Min': np.float64(0.17911753075175169), 'Mean': np.float64(0.20764978138352977), 'Std': np.float64(0.024710067055800495)}
2024-11-17 07:19:13,052 - INFO - Bottom 10 Mean Stats: {'Max': np.float64(60.0), 'Min': np.float64(0.013632054971611457), 'Mean': np.float64(21.410542276562545), 'Std': np.float64(26.634355059084168)}
2024-11-17 07:19:13,052 - INFO - Bottom 10 Std Stats: {'Max': np.float64(0.013838592019622514), 'Min': np.float64(0.0), 'Mean': np.float64(0.00631542838159187), 'Std': np.float64(0.0055679626913270035)}
[I 2024-11-17 07:19:13,088] Trial 4 finished with value: 72.0 and parameters: {'x_0': -2, 'x_1': 0, 'x_2': 5, 'x_3': 3, 'x_4': -5, 'x_5': -3}. Best is trial 0 with value: 41.0.
2024-11-17 07:19:35,978 - INFO - Candidate Mean Stats: {'Max': np.float64(80.0), 'Min': np.float64(-0.13870811112871478), 'Mean': np.float64(4.60605881664006e-05), 'Std': np.float64(0.08030470700271945)}
2024-11-17 07:19:35,979 - INFO - Candidate Std Stats: {'Max': np.float64(0.33589730187390904), 'Min': np.float64(0.0), 'Mean': np.float64(0.005905744794945142), 'Std': np.float64(0.007375420726687105)}
2024-11-17 07:19:36,304 - INFO - Top 10 Mean Stats: {'Max': np.float64(-0.09435328128265161), 'Min': np.float64(-0.13870811112871478), 'Mean': np.float64(-0.11041258747589688), 'Std': np.float64(0.011770387628885276)}
2024-11-17 07:19:36,305 - INFO - Top 10 Std Stats: {'Max': np.float64(0.271947499187519), 'Min': np.float64(0.1935123410355449), 'Mean': np.float64(0.21876604179245152), 'Std': np.float64(0.022606538233706886)}
2024-11-17 07:19:36,305 - INFO - Bottom 10 Mean Stats: {'Max': np.float64(80.0), 'Min': np.float64(0.014362264103551292), 'Mean': np.float64(19.912587161171537), 'Std': np.float64(27.23947806537047)}
2024-11-17 07:19:36,305 - INFO - Bottom 10 Std Stats: {'Max': np.float64(0.020978990701648086), 'Min': np.float64(0.0), 'Mean': np.float64(0.00671206953749934), 'Std': np.float64(0.007189857891745917)}
[I 2024-11-17 07:19:36,339] Trial 4 finished with value: 47.0 and parameters: {'x_0': -4, 'x_1': 3, 'x_2': -2, 'x_3': 1, 'x_4': 4, 'x_5': 1}. Best is trial 0 with value: 28.0.
2024-11-17 07:19:48,621 - INFO - Candidate Mean Stats: {'Max': np.float64(65.0), 'Min': np.float64(-0.1372437552967155), 'Mean': np.float64(0.00014219583783430347), 'Std': np.float64(0.07837354819436805)}
2024-11-17 07:19:48,623 - INFO - Candidate Std Stats: {'Max': np.float64(0.28053853689756275), 'Min': np.float64(0.0), 'Mean': np.float64(0.005655976600851492), 'Std': np.float64(0.00759102410205319)}
2024-11-17 07:19:48,934 - INFO - Top 10 Mean Stats: {'Max': np.float64(-0.1055881618578958), 'Min': np.float64(-0.1372437552967155), 'Mean': np.float64(-0.11730299845412706), 'Std': np.float64(0.01143415544634537)}
2024-11-17 07:19:48,934 - INFO - Top 10 Std Stats: {'Max': np.float64(0.27369539578513136), 'Min': np.float64(0.21663297778434462), 'Mean': np.float64(0.23583131061538282), 'Std': np.float64(0.02097044631260425)}
2024-11-17 07:19:48,934 - INFO - Bottom 10 Mean Stats: {'Max': np.float64(65.0), 'Min': np.float64(0.01597823822038149), 'Mean': np.float64(20.215132526394267), 'Std': np.float64(25.991321980868122)}
2024-11-17 07:19:48,935 - INFO - Bottom 10 Std Stats: {'Max': np.float64(0.024240042507507095), 'Min': np.float64(0.0), 'Mean': np.float64(0.009207520328287217), 'Std': np.float64(0.008766311871280184)}
