[I 2024-11-17 07:13:41,894] Trial 36 finished with value: 42.0 and parameters: {'x_0': 3, 'x_1': -5, 'x_2': -2, 'x_3': -2}. Best is trial 31 with value: 14.0.
2024-11-17 07:13:41,992 - INFO - Candidate Mean Stats: {'Max': np.float64(70.0), 'Min': np.float64(-0.4366212852466239), 'Mean': np.float64(0.0947721998894295), 'Std': np.float64(2.1241309561515958)}
2024-11-17 07:13:41,992 - INFO - Candidate Std Stats: {'Max': np.float64(0.8519542278681034), 'Min': np.float64(0.0), 'Mean': np.float64(0.06258206165715534), 'Std': np.float64(0.047738186370474466)}
2024-11-17 07:13:41,993 - INFO - Top 10 Mean Stats: {'Max': np.float64(-0.17372979189267185), 'Min': np.float64(-0.4366212852466239), 'Mean': np.float64(-0.25550666055016275), 'Std': np.float64(0.08048704251558338)}
2024-11-17 07:13:41,993 - INFO - Top 10 Std Stats: {'Max': np.float64(0.8519542278681034), 'Min': np.float64(0.4042440057996386), 'Mean': np.float64(0.4988177241733647), 'Std': np.float64(0.13077526858779415)}
2024-11-17 07:13:41,993 - INFO - Bottom 10 Mean Stats: {'Max': np.float64(70.0), 'Min': np.float64(51.0), 'Mean': np.float64(58.7), 'Std': np.float64(5.622277118748239)}
2024-11-17 07:13:41,993 - INFO - Bottom 10 Std Stats: {'Max': np.float64(0.0), 'Min': np.float64(0.0), 'Mean': np.float64(0.0), 'Std': np.float64(0.0)}
[I 2024-11-17 07:13:42,006] Trial 35 finished with value: 27.0 and parameters: {'x_0': -4, 'x_1': -1, 'x_2': -3, 'x_3': -1}. Best is trial 7 with value: 6.0.
2024-11-17 07:13:42,029 - INFO - Candidate Mean Stats: {'Max': np.float64(70.0), 'Min': np.float64(-0.22753667207725892), 'Mean': np.float64(0.09808383216915924), 'Std': np.float64(2.0939312657831315)}
2024-11-17 07:13:42,029 - INFO - Candidate Std Stats: {'Max': np.float64(0.6088537292539044), 'Min': np.float64(0.0), 'Mean': np.float64(0.06701617286728767), 'Std': np.float64(0.045997185009542946)}
2024-11-17 07:13:42,031 - INFO - Top 10 Mean Stats: {'Max': np.float64(-0.11065050656798289), 'Min': np.float64(-0.22753667207725892), 'Mean': np.float64(-0.16613221629021527), 'Std': np.float64(0.032609856500008)}
2024-11-17 07:13:42,031 - INFO - Top 10 Std Stats: {'Max': np.float64(0.4007521760691413), 'Min': np.float64(0.2449063207757266), 'Mean': np.float64(0.3180425149483619), 'Std': np.float64(0.045921913893782806)}
2024-11-17 07:13:42,031 - INFO - Bottom 10 Mean Stats: {'Max': np.float64(70.0), 'Min': np.float64(49.0), 'Mean': np.float64(60.1), 'Std': np.float64(7.034912934784622)}
2024-11-17 07:13:42,031 - INFO - Bottom 10 Std Stats: {'Max': np.float64(0.0), 'Min': np.float64(0.0), 'Mean': np.float64(0.0), 'Std': np.float64(0.0)}
[I 2024-11-17 07:13:42,043] Trial 37 finished with value: 43.0 and parameters: {'x_0': -1, 'x_1': 1, 'x_2': 5, 'x_3': -4}. Best is trial 3 with value: 13.0.
2024-11-17 07:13:42,104 - INFO - Candidate Mean Stats: {'Max': np.float64(84.0), 'Min': np.float64(-0.24656066392749748), 'Mean': np.float64(0.10475885230930629), 'Std': np.float64(2.225993486039951)}
2024-11-17 07:13:42,104 - INFO - Candidate Std Stats: {'Max': np.float64(0.4910769981280688), 'Min': np.float64(0.0), 'Mean': np.float64(0.06582241465304761), 'Std': np.float64(0.048298021538341604)}
2024-11-17 07:13:42,105 - INFO - Top 10 Mean Stats: {'Max': np.float64(-0.1571113485486562), 'Min': np.float64(-0.24656066392749748), 'Mean': np.float64(-0.18991182327675712), 'Std': np.float64(0.029141932762823942)}
2024-11-17 07:13:42,105 - INFO - Top 10 Std Stats: {'Max': np.float64(0.4910769981280688), 'Min': np.float64(0.3339766101774946), 'Mean': np.float64(0.40579657516882683), 'Std': np.float64(0.04710366174840647)}
2024-11-17 07:13:42,105 - INFO - Bottom 10 Mean Stats: {'Max': np.float64(84.0), 'Min': np.float64(49.0), 'Mean': np.float64(62.0), 'Std': np.float64(12.12435565298214)}
2024-11-17 07:13:42,105 - INFO - Bottom 10 Std Stats: {'Max': np.float64(0.0), 'Min': np.float64(0.0), 'Mean': np.float64(0.0), 'Std': np.float64(0.0)}
[I 2024-11-17 07:13:42,122] Trial 37 finished with value: 30.0 and parameters: {'x_0': 3, 'x_1': 4, 'x_2': 2, 'x_3': -1}. Best is trial 31 with value: 14.0.
2024-11-17 07:13:42,246 - INFO - Candidate Mean Stats: {'Max': np.float64(70.0), 'Min': np.float64(-0.28811889567423593), 'Mean': np.float64(0.0976967225920511), 'Std': np.float64(2.1356766904685003)}
2024-11-17 07:13:42,246 - INFO - Candidate Std Stats: {'Max': np.float64(0.5748358312345206), 'Min': np.float64(0.0), 'Mean': np.float64(0.06218138474679503), 'Std': np.float64(0.04788245018046436)}
2024-11-17 07:13:42,248 - INFO - Top 10 Mean Stats: {'Max': np.float64(-0.14995991033589712), 'Min': np.float64(-0.28811889567423593), 'Mean': np.float64(-0.2247499919652023), 'Std': np.float64(0.03525484731486274)}
2024-11-17 07:13:42,248 - INFO - Top 10 Std Stats: {'Max': np.float64(0.5748358312345206), 'Min': np.float64(0.3582810727170348), 'Mean': np.float64(0.4483395009457231), 'Std': np.float64(0.06932289821831653)}
2024-11-17 07:13:42,248 - INFO - Bottom 10 Mean Stats: {'Max': np.float64(70.0), 'Min': np.float64(51.0), 'Mean': np.float64(58.7), 'Std': np.float64(5.622277118748239)}
2024-11-17 07:13:42,248 - INFO - Bottom 10 Std Stats: {'Max': np.float64(0.0), 'Min': np.float64(0.0), 'Mean': np.float64(0.0), 'Std': np.float64(0.0)}
2024-11-17 07:13:42,256 - INFO - Candidate Mean Stats: {'Max': np.float64(70.0), 'Min': np.float64(-0.26847599160910407), 'Mean': np.float64(0.09981073280377463), 'Std': np.float64(2.123790842543257)}
2024-11-17 07:13:42,256 - INFO - Candidate Std Stats: {'Max': np.float64(0.40403605042096036), 'Min': np.float64(0.0), 'Mean': np.float64(0.06499082104515122), 'Std': np.float64(0.04746362945671403)}
2024-11-17 07:13:42,257 - INFO - Top 10 Mean Stats: {'Max': np.float64(-0.15851839324998793), 'Min': np.float64(-0.26847599160910407), 'Mean': np.float64(-0.18620308086096862), 'Std': np.float64(0.031076036350720104)}
2024-11-17 07:13:42,257 - INFO - Top 10 Std Stats: {'Max': np.float64(0.3814214113967043), 'Min': np.float64(0.3295097524119956), 'Mean': np.float64(0.3505618989662117), 'Std': np.float64(0.015575394584148555)}
2024-11-17 07:13:42,257 - INFO - Bottom 10 Mean Stats: {'Max': np.float64(70.0), 'Min': np.float64(49.0), 'Mean': np.float64(60.1), 'Std': np.float64(7.034912934784622)}
2024-11-17 07:13:42,257 - INFO - Bottom 10 Std Stats: {'Max': np.float64(0.0), 'Min': np.float64(0.0), 'Mean': np.float64(0.0), 'Std': np.float64(0.0)}
[I 2024-11-17 07:13:42,261] Trial 36 finished with value: 34.0 and parameters: {'x_0': -2, 'x_1': -2, 'x_2': -1, 'x_3': -5}. Best is trial 7 with value: 6.0.
[I 2024-11-17 07:13:42,271] Trial 38 finished with value: 21.0 and parameters: {'x_0': 2, 'x_1': 2, 'x_2': -2, 'x_3': -3}. Best is trial 3 with value: 13.0.
2024-11-17 07:13:42,325 - INFO - Candidate Mean Stats: {'Max': np.float64(84.0), 'Min': np.float64(-0.2972868198476494), 'Mean': np.float64(0.1061763111542214), 'Std': np.float64(2.2396679033372187)}
2024-11-17 07:13:42,325 - INFO - Candidate Std Stats: {'Max': np.float64(0.4507254105339649), 'Min': np.float64(0.0), 'Mean': np.float64(0.06415435048457424), 'Std': np.float64(0.04647887585555376)}
2024-11-17 07:13:42,326 - INFO - Top 10 Mean Stats: {'Max': np.float64(-0.1445743026494778), 'Min': np.float64(-0.2972868198476494), 'Mean': np.float64(-0.22685773417302033), 'Std': np.float64(0.03987919542780527)}
2024-11-17 07:13:42,326 - INFO - Top 10 Std Stats: {'Max': np.float64(0.4507254105339649), 'Min': np.float64(0.30036741764818514), 'Mean': np.float64(0.3872284029741856), 'Std': np.float64(0.04638234026983587)}
2024-11-17 07:13:42,327 - INFO - Bottom 10 Mean Stats: {'Max': np.float64(84.0), 'Min': np.float64(49.0), 'Mean': np.float64(62.0), 'Std': np.float64(12.12435565298214)}
2024-11-17 07:13:42,327 - INFO - Bottom 10 Std Stats: {'Max': np.float64(0.0), 'Min': np.float64(0.0), 'Mean': np.float64(0.0), 'Std': np.float64(0.0)}
[I 2024-11-17 07:13:42,339] Trial 38 finished with value: 50.0 and parameters: {'x_0': 3, 'x_1': 4, 'x_2': -4, 'x_3': -3}. Best is trial 31 with value: 14.0.
2024-11-17 07:13:42,488 - INFO - Candidate Mean Stats: {'Max': np.float64(70.0), 'Min': np.float64(-0.25471640695657505), 'Mean': np.float64(0.10047394336155788), 'Std': np.float64(2.1308179556717683)}
2024-11-17 07:13:42,489 - INFO - Candidate Std Stats: {'Max': np.float64(0.6394394685596487), 'Min': np.float64(0.0), 'Mean': np.float64(0.06231962542323835), 'Std': np.float64(0.04765660267324674)}
2024-11-17 07:13:42,490 - INFO - Top 10 Mean Stats: {'Max': np.float64(-0.11711143046830133), 'Min': np.float64(-0.25471640695657505), 'Mean': np.float64(-0.1900983615831928), 'Std': np.float64(0.045058828278302404)}
2024-11-17 07:13:42,490 - INFO - Top 10 Std Stats: {'Max': np.float64(0.5040499450803243), 'Min': np.float64(0.2429485854836628), 'Mean': np.float64(0.3465166841660644), 'Std': np.float64(0.06865737416600157)}
2024-11-17 07:13:42,490 - INFO - Bottom 10 Mean Stats: {'Max': np.float64(70.0), 'Min': np.float64(49.0), 'Mean': np.float64(60.1), 'Std': np.float64(7.034912934784622)}
2024-11-17 07:13:42,490 - INFO - Bottom 10 Std Stats: {'Max': np.float64(0.0), 'Min': np.float64(0.0), 'Mean': np.float64(0.0), 'Std': np.float64(0.0)}
2024-11-17 07:13:42,493 - INFO - Candidate Mean Stats: {'Max': np.float64(70.0), 'Min': np.float64(-0.23676942659142092), 'Mean': np.float64(0.10111124470855011), 'Std': np.float64(2.1539308153010728)}
2024-11-17 07:13:42,493 - INFO - Candidate Std Stats: {'Max': np.float64(0.5169348843035965), 'Min': np.float64(0.0), 'Mean': np.float64(0.06138511999079988), 'Std': np.float64(0.049122783656723956)}
2024-11-17 07:13:42,494 - INFO - Top 10 Mean Stats: {'Max': np.float64(-0.16371998898777249), 'Min': np.float64(-0.23676942659142092), 'Mean': np.float64(-0.19256208997257973), 'Std': np.float64(0.021140404815166276)}
2024-11-17 07:13:42,494 - INFO - Top 10 Std Stats: {'Max': np.float64(0.5169348843035965), 'Min': np.float64(0.32692840177152843), 'Mean': np.float64(0.393529662948313), 'Std': np.float64(0.06442818040860018)}
2024-11-17 07:13:42,494 - INFO - Bottom 10 Mean Stats: {'Max': np.float64(70.0), 'Min': np.float64(51.0), 'Mean': np.float64(58.7), 'Std': np.float64(5.622277118748239)}
2024-11-17 07:13:42,494 - INFO - Bottom 10 Std Stats: {'Max': np.float64(0.0), 'Min': np.float64(0.0), 'Mean': np.float64(0.0), 'Std': np.float64(0.0)}
[I 2024-11-17 07:13:42,505] Trial 39 finished with value: 34.0 and parameters: {'x_0': -1, 'x_1': -5, 'x_2': 2, 'x_3': 2}. Best is trial 3 with value: 13.0.
[I 2024-11-17 07:13:42,507] Trial 37 finished with value: 11.0 and parameters: {'x_0': -1, 'x_1': 1, 'x_2': 3, 'x_3': 0}. Best is trial 7 with value: 6.0.
2024-11-17 07:13:42,521 - INFO - Candidate Mean Stats: {'Max': np.float64(84.0), 'Min': np.float64(-0.265465400325164), 'Mean': np.float64(0.10929509999295564), 'Std': np.float64(2.277330954301894)}
2024-11-17 07:13:42,521 - INFO - Candidate Std Stats: {'Max': np.float64(0.5818355260117939), 'Min': np.float64(0.0), 'Mean': np.float64(0.06519134460018577), 'Std': np.float64(0.047492890376498356)}
2024-11-17 07:13:42,522 - INFO - Top 10 Mean Stats: {'Max': np.float64(-0.13282324586561584), 'Min': np.float64(-0.265465400325164), 'Mean': np.float64(-0.21868579105546987), 'Std': np.float64(0.03932520803000046)}
2024-11-17 07:13:42,522 - INFO - Top 10 Std Stats: {'Max': np.float64(0.5818355260117939), 'Min': np.float64(0.32846437908693654), 'Mean': np.float64(0.43542001306525374), 'Std': np.float64(0.07793102431131581)}
2024-11-17 07:13:42,522 - INFO - Bottom 10 Mean Stats: {'Max': np.float64(84.0), 'Min': np.float64(50.0), 'Mean': np.float64(62.1), 'Std': np.float64(12.020399327809372)}
2024-11-17 07:13:42,522 - INFO - Bottom 10 Std Stats: {'Max': np.float64(0.0), 'Min': np.float64(0.0), 'Mean': np.float64(0.0), 'Std': np.float64(0.0)}
[I 2024-11-17 07:13:42,535] Trial 39 finished with value: 11.0 and parameters: {'x_0': 0, 'x_1': 1, 'x_2': 1, 'x_3': -3}. Best is trial 39 with value: 11.0.
2024-11-17 07:13:42,740 - INFO - Candidate Mean Stats: {'Max': np.float64(70.0), 'Min': np.float64(-0.3275112438335132), 'Mean': np.float64(0.10406133037601815), 'Std': np.float64(2.1491164879155944)}
2024-11-17 07:13:42,740 - INFO - Candidate Std Stats: {'Max': np.float64(0.5226950562098986), 'Min': np.float64(0.0), 'Mean': np.float64(0.06663518970801907), 'Std': np.float64(0.04627392700825587)}
2024-11-17 07:13:42,742 - INFO - Top 10 Mean Stats: {'Max': np.float64(-0.1397574069884586), 'Min': np.float64(-0.3275112438335132), 'Mean': np.float64(-0.20062783183048624), 'Std': np.float64(0.05730312378325352)}
2024-11-17 07:13:42,742 - INFO - Top 10 Std Stats: {'Max': np.float64(0.5226950562098986), 'Min': np.float64(0.2793081065019937), 'Mean': np.float64(0.38484023100875675), 'Std': np.float64(0.06083919368268583)}
2024-11-17 07:13:42,742 - INFO - Bottom 10 Mean Stats: {'Max': np.float64(70.0), 'Min': np.float64(49.0), 'Mean': np.float64(60.1), 'Std': np.float64(7.034912934784622)}
2024-11-17 07:13:42,742 - INFO - Bottom 10 Std Stats: {'Max': np.float64(0.0), 'Min': np.float64(0.0), 'Mean': np.float64(0.0), 'Std': np.float64(0.0)}
2024-11-17 07:13:42,754 - INFO - Candidate Mean Stats: {'Max': np.float64(70.0), 'Min': np.float64(-0.24797756851775152), 'Mean': np.float64(0.10170544232800448), 'Std': np.float64(2.155837895653712)}
2024-11-17 07:13:42,754 - INFO - Candidate Std Stats: {'Max': np.float64(0.505226596526321), 'Min': np.float64(0.0), 'Mean': np.float64(0.06470148006473268), 'Std': np.float64(0.04677039065539153)}
2024-11-17 07:13:42,755 - INFO - Candidate Mean Stats: {'Max': np.float64(84.0), 'Min': np.float64(-0.26537988860989653), 'Mean': np.float64(0.11074360643544875), 'Std': np.float64(2.279065992913168)}
2024-11-17 07:13:42,755 - INFO - Candidate Std Stats: {'Max': np.float64(0.5586399351886153), 'Min': np.float64(0.0), 'Mean': np.float64(0.06354912719860438), 'Std': np.float64(0.04854280687491544)}
2024-11-17 07:13:42,755 - INFO - Top 10 Mean Stats: {'Max': np.float64(-0.16886469326768364), 'Min': np.float64(-0.24797756851775152), 'Mean': np.float64(-0.20422202985350676), 'Std': np.float64(0.027926149339822025)}
2024-11-17 07:13:42,755 - INFO - Top 10 Std Stats: {'Max': np.float64(0.505226596526321), 'Min': np.float64(0.33489505106347933), 'Mean': np.float64(0.4023012187481628), 'Std': np.float64(0.06257202060538285)}
2024-11-17 07:13:42,756 - INFO - Bottom 10 Mean Stats: {'Max': np.float64(70.0), 'Min': np.float64(51.0), 'Mean': np.float64(58.7), 'Std': np.float64(5.622277118748239)}
2024-11-17 07:13:42,756 - INFO - Bottom 10 Std Stats: {'Max': np.float64(0.0), 'Min': np.float64(0.0), 'Mean': np.float64(0.0), 'Std': np.float64(0.0)}
[I 2024-11-17 07:13:42,756] Trial 40 finished with value: 66.0 and parameters: {'x_0': -4, 'x_1': 5, 'x_2': 5, 'x_3': 0}. Best is trial 3 with value: 13.0.
2024-11-17 07:13:42,756 - INFO - Top 10 Mean Stats: {'Max': np.float64(-0.08701979460122947), 'Min': np.float64(-0.26537988860989653), 'Mean': np.float64(-0.18808377267887383), 'Std': np.float64(0.04086972343759185)}
2024-11-17 07:13:42,756 - INFO - Top 10 Std Stats: {'Max': np.float64(0.5252411968807338), 'Min': np.float64(0.36831143973709524), 'Mean': np.float64(0.41415764046538917), 'Std': np.float64(0.05211299694324913)}
2024-11-17 07:13:42,756 - INFO - Bottom 10 Mean Stats: {'Max': np.float64(84.0), 'Min': np.float64(50.0), 'Mean': np.float64(62.1), 'Std': np.float64(12.020399327809372)}
2024-11-17 07:13:42,756 - INFO - Bottom 10 Std Stats: {'Max': np.float64(0.0), 'Min': np.float64(0.0), 'Mean': np.float64(0.0), 'Std': np.float64(0.0)}
[I 2024-11-17 07:13:42,768] Trial 38 finished with value: 9.0 and parameters: {'x_0': 0, 'x_1': -2, 'x_2': -1, 'x_3': 2}. Best is trial 7 with value: 6.0.
[I 2024-11-17 07:13:42,769] Trial 40 finished with value: 21.0 and parameters: {'x_0': -4, 'x_1': 0, 'x_2': 2, 'x_3': -1}. Best is trial 39 with value: 11.0.
2024-11-17 07:13:42,974 - INFO - Candidate Mean Stats: {'Max': np.float64(70.0), 'Min': np.float64(-0.3065218090109538), 'Mean': np.float64(0.10113168971442704), 'Std': np.float64(2.1571424213656374)}
2024-11-17 07:13:42,974 - INFO - Candidate Std Stats: {'Max': np.float64(0.6439405291666153), 'Min': np.float64(0.0), 'Mean': np.float64(0.06331551120042085), 'Std': np.float64(0.048310537436078264)}
2024-11-17 07:13:42,975 - INFO - Top 10 Mean Stats: {'Max': np.float64(-0.18584292518154505), 'Min': np.float64(-0.3065218090109538), 'Mean': np.float64(-0.2223454978932437), 'Std': np.float64(0.03493527832494634)}
2024-11-17 07:13:42,975 - INFO - Top 10 Std Stats: {'Max': np.float64(0.48680816208219274), 'Min': np.float64(0.29664811333839325), 'Mean': np.float64(0.4013083760887768), 'Std': np.float64(0.054444323378557716)}
2024-11-17 07:13:42,975 - INFO - Bottom 10 Mean Stats: {'Max': np.float64(70.0), 'Min': np.float64(51.0), 'Mean': np.float64(58.7), 'Std': np.float64(5.622277118748239)}
2024-11-17 07:13:42,975 - INFO - Bottom 10 Std Stats: {'Max': np.float64(0.0), 'Min': np.float64(0.0), 'Mean': np.float64(0.0), 'Std': np.float64(0.0)}
2024-11-17 07:13:42,977 - INFO - Candidate Mean Stats: {'Max': np.float64(70.0), 'Min': np.float64(-0.24019694819415513), 'Mean': np.float64(0.10799225421114274), 'Std': np.float64(2.2170627379167014)}
2024-11-17 07:13:42,977 - INFO - Candidate Std Stats: {'Max': np.float64(0.46272809160726636), 'Min': np.float64(0.0), 'Mean': np.float64(0.06623082976618253), 'Std': np.float64(0.04553802405506251)}
2024-11-17 07:13:42,978 - INFO - Top 10 Mean Stats: {'Max': np.float64(-0.07869364545480095), 'Min': np.float64(-0.23622527013858602), 'Mean': np.float64(-0.1827702734242886), 'Std': np.float64(0.043665318272440926)}
2024-11-17 07:13:42,978 - INFO - Top 10 Std Stats: {'Max': np.float64(0.417512655970058), 'Min': np.float64(0.31105278507427453), 'Mean': np.float64(0.360342065515886), 'Std': np.float64(0.037156868169118)}
2024-11-17 07:13:42,978 - INFO - Bottom 10 Mean Stats: {'Max': np.float64(70.0), 'Min': np.float64(50.0), 'Mean': np.float64(61.8), 'Std': np.float64(6.144916598294887)}
2024-11-17 07:13:42,979 - INFO - Bottom 10 Std Stats: {'Max': np.float64(0.0), 'Min': np.float64(0.0), 'Mean': np.float64(0.0), 'Std': np.float64(0.0)}
2024-11-17 07:13:42,979 - INFO - Candidate Mean Stats: {'Max': np.float64(84.0), 'Min': np.float64(-0.2672370654859761), 'Mean': np.float64(0.11205866419456098), 'Std': np.float64(2.2856244735729243)}
2024-11-17 07:13:42,979 - INFO - Candidate Std Stats: {'Max': np.float64(0.4404162869548531), 'Min': np.float64(0.0), 'Mean': np.float64(0.06378249703817399), 'Std': np.float64(0.0495289954854646)}
2024-11-17 07:13:42,980 - INFO - Top 10 Mean Stats: {'Max': np.float64(-0.15794416375717574), 'Min': np.float64(-0.24241071683391696), 'Mean': np.float64(-0.19492280465744263), 'Std': np.float64(0.027446963335901586)}
2024-11-17 07:13:42,980 - INFO - Top 10 Std Stats: {'Max': np.float64(0.4404162869548531), 'Min': np.float64(0.31313523190827564), 'Mean': np.float64(0.37588561626718947), 'Std': np.float64(0.042318655146033675)}
2024-11-17 07:13:42,980 - INFO - Bottom 10 Mean Stats: {'Max': np.float64(84.0), 'Min': np.float64(50.0), 'Mean': np.float64(62.1), 'Std': np.float64(12.020399327809372)}
2024-11-17 07:13:42,980 - INFO - Bottom 10 Std Stats: {'Max': np.float64(0.0), 'Min': np.float64(0.0), 'Mean': np.float64(0.0), 'Std': np.float64(0.0)}
[I 2024-11-17 07:13:42,991] Trial 39 finished with value: 55.0 and parameters: {'x_0': 2, 'x_1': -5, 'x_2': 1, 'x_3': 5}. Best is trial 7 with value: 6.0.
[I 2024-11-17 07:13:42,993] Trial 41 finished with value: 82.0 and parameters: {'x_0': -5, 'x_1': -4, 'x_2': -5, 'x_3': 4}. Best is trial 3 with value: 13.0.
