[I 2024-11-17 07:13:35,275] Trial 9 finished with value: 58.0 and parameters: {'x_0': 5, 'x_1': -5, 'x_2': -2, 'x_3': -2}. Best is trial 7 with value: 6.0.
2024-11-17 07:13:35,358 - INFO - Candidate Mean Stats: {'Max': np.float64(67.0), 'Min': np.float64(-0.25525322936789574), 'Mean': np.float64(0.023981282872854115), 'Std': np.float64(1.00935184356561)}
2024-11-17 07:13:35,359 - INFO - Candidate Std Stats: {'Max': np.float64(0.4659304608378492), 'Min': np.float64(0.0), 'Mean': np.float64(0.06147785671618074), 'Std': np.float64(0.0500268135959546)}
2024-11-17 07:13:35,360 - INFO - Top 10 Mean Stats: {'Max': np.float64(-0.17116069028543784), 'Min': np.float64(-0.25525322936789574), 'Mean': np.float64(-0.2130401303398699), 'Std': np.float64(0.03117098333466015)}
2024-11-17 07:13:35,360 - INFO - Top 10 Std Stats: {'Max': np.float64(0.4659304608378492), 'Min': np.float64(0.2691600132278134), 'Mean': np.float64(0.37206497987545084), 'Std': np.float64(0.05892593780400555)}
2024-11-17 07:13:35,360 - INFO - Bottom 10 Mean Stats: {'Max': np.float64(67.0), 'Min': np.float64(13.0), 'Mean': np.float64(35.3), 'Std': np.float64(15.620819440733575)}
2024-11-17 07:13:35,360 - INFO - Bottom 10 Std Stats: {'Max': np.float64(0.0), 'Min': np.float64(0.0), 'Mean': np.float64(0.0), 'Std': np.float64(0.0)}
[I 2024-11-17 07:13:35,385] Trial 10 finished with value: 30.0 and parameters: {'x_0': -4, 'x_1': 2, 'x_2': -1, 'x_3': -3}. Best is trial 3 with value: 13.0.
2024-11-17 07:13:35,487 - INFO - Candidate Mean Stats: {'Max': np.float64(75.0), 'Min': np.float64(-0.22664439323824664), 'Mean': np.float64(0.027013506690722708), 'Std': np.float64(1.089680764668171)}
2024-11-17 07:13:35,487 - INFO - Candidate Std Stats: {'Max': np.float64(0.44683843220647446), 'Min': np.float64(0.0), 'Mean': np.float64(0.0645790497414174), 'Std': np.float64(0.04616291124950841)}
2024-11-17 07:13:35,489 - INFO - Top 10 Mean Stats: {'Max': np.float64(-0.16310625951864274), 'Min': np.float64(-0.22664439323824664), 'Mean': np.float64(-0.1925571996568956), 'Std': np.float64(0.021823896882065055)}
2024-11-17 07:13:35,489 - INFO - Top 10 Std Stats: {'Max': np.float64(0.42068884307050436), 'Min': np.float64(0.3052740730002832), 'Mean': np.float64(0.35371646250180244), 'Std': np.float64(0.030055702626610004)}
2024-11-17 07:13:35,489 - INFO - Bottom 10 Mean Stats: {'Max': np.float64(75.0), 'Min': np.float64(20.0), 'Mean': np.float64(38.2), 'Std': np.float64(16.672132437093943)}
2024-11-17 07:13:35,489 - INFO - Bottom 10 Std Stats: {'Max': np.float64(0.0), 'Min': np.float64(0.0), 'Mean': np.float64(0.0), 'Std': np.float64(0.0)}
[I 2024-11-17 07:13:35,506] Trial 10 finished with value: 39.0 and parameters: {'x_0': 2, 'x_1': 5, 'x_2': -1, 'x_3': 3}. Best is trial 1 with value: 20.0.
2024-11-17 07:13:35,612 - INFO - Candidate Mean Stats: {'Max': np.float64(66.0), 'Min': np.float64(-0.30264298543733964), 'Mean': np.float64(0.030572651473225878), 'Std': np.float64(1.1998640528156896)}
2024-11-17 07:13:35,612 - INFO - Candidate Std Stats: {'Max': np.float64(0.555057859733105), 'Min': np.float64(0.0), 'Mean': np.float64(0.06388275895482132), 'Std': np.float64(0.04602773283149505)}
2024-11-17 07:13:35,613 - INFO - Top 10 Mean Stats: {'Max': np.float64(-0.06634582849656256), 'Min': np.float64(-0.30264298543733964), 'Mean': np.float64(-0.2045155482559947), 'Std': np.float64(0.06354343264378251)}
2024-11-17 07:13:35,613 - INFO - Top 10 Std Stats: {'Max': np.float64(0.555057859733105), 'Min': np.float64(0.2588355909175337), 'Mean': np.float64(0.3581398144286242), 'Std': np.float64(0.08027738431022667)}
2024-11-17 07:13:35,613 - INFO - Bottom 10 Mean Stats: {'Max': np.float64(66.0), 'Min': np.float64(6.0), 'Mean': np.float64(42.7), 'Std': np.float64(16.840724449975422)}
2024-11-17 07:13:35,613 - INFO - Bottom 10 Std Stats: {'Max': np.float64(0.0), 'Min': np.float64(0.0), 'Mean': np.float64(0.0), 'Std': np.float64(0.0)}
[I 2024-11-17 07:13:35,627] Trial 10 finished with value: 59.0 and parameters: {'x_0': 0, 'x_1': 5, 'x_2': -5, 'x_3': -3}. Best is trial 7 with value: 6.0.
2024-11-17 07:13:35,630 - INFO - Candidate Mean Stats: {'Max': np.float64(67.0), 'Min': np.float64(-0.31280206517746934), 'Mean': np.float64(0.026535384535759852), 'Std': np.float64(1.0392955998074414)}
2024-11-17 07:13:35,630 - INFO - Candidate Std Stats: {'Max': np.float64(0.5024930748743687), 'Min': np.float64(0.0), 'Mean': np.float64(0.06452418307700537), 'Std': np.float64(0.047451553544598984)}
2024-11-17 07:13:35,631 - INFO - Top 10 Mean Stats: {'Max': np.float64(-0.13394892970215655), 'Min': np.float64(-0.31280206517746934), 'Mean': np.float64(-0.20736619981471946), 'Std': np.float64(0.05068380609597934)}
2024-11-17 07:13:35,631 - INFO - Top 10 Std Stats: {'Max': np.float64(0.5024930748743687), 'Min': np.float64(0.2965970635158301), 'Mean': np.float64(0.3720148254565531), 'Std': np.float64(0.07284560975317476)}
2024-11-17 07:13:35,631 - INFO - Bottom 10 Mean Stats: {'Max': np.float64(67.0), 'Min': np.float64(19.0), 'Mean': np.float64(37.0), 'Std': np.float64(13.935566009315876)}
2024-11-17 07:13:35,631 - INFO - Bottom 10 Std Stats: {'Max': np.float64(0.0), 'Min': np.float64(0.0), 'Mean': np.float64(0.0), 'Std': np.float64(0.0)}
[I 2024-11-17 07:13:35,647] Trial 11 finished with value: 58.0 and parameters: {'x_0': 4, 'x_1': -1, 'x_2': 5, 'x_3': -4}. Best is trial 3 with value: 13.0.
2024-11-17 07:13:35,798 - INFO - Candidate Mean Stats: {'Max': np.float64(75.0), 'Min': np.float64(-0.24016438960721379), 'Mean': np.float64(0.028612999368399086), 'Std': np.float64(1.1363352243751714)}
2024-11-17 07:13:35,798 - INFO - Candidate Std Stats: {'Max': np.float64(0.5894129932541852), 'Min': np.float64(0.0), 'Mean': np.float64(0.06661672572079728), 'Std': np.float64(0.047011748202733676)}
2024-11-17 07:13:35,800 - INFO - Top 10 Mean Stats: {'Max': np.float64(-0.15194935512540714), 'Min': np.float64(-0.24016438960721379), 'Mean': np.float64(-0.19781354899233078), 'Std': np.float64(0.024543767780424455)}
2024-11-17 07:13:35,800 - INFO - Top 10 Std Stats: {'Max': np.float64(0.48032760088195325), 'Min': np.float64(0.3149711861345511), 'Mean': np.float64(0.38484417863558507), 'Std': np.float64(0.05194613946435022)}
2024-11-17 07:13:35,801 - INFO - Bottom 10 Mean Stats: {'Max': np.float64(75.0), 'Min': np.float64(20.0), 'Mean': np.float64(40.1), 'Std': np.float64(15.533512159199542)}
2024-11-17 07:13:35,801 - INFO - Bottom 10 Std Stats: {'Max': np.float64(0.0), 'Min': np.float64(0.0), 'Mean': np.float64(0.0), 'Std': np.float64(0.0)}
[I 2024-11-17 07:13:35,817] Trial 11 finished with value: 63.0 and parameters: {'x_0': -5, 'x_1': 5, 'x_2': 3, 'x_3': 2}. Best is trial 1 with value: 20.0.
2024-11-17 07:13:35,869 - INFO - Candidate Mean Stats: {'Max': np.float64(66.0), 'Min': np.float64(-0.2489868490948969), 'Mean': np.float64(0.033438407926482575), 'Std': np.float64(1.2951072228018727)}
2024-11-17 07:13:35,869 - INFO - Candidate Std Stats: {'Max': np.float64(0.45932473973861104), 'Min': np.float64(0.0), 'Mean': np.float64(0.06515018996870625), 'Std': np.float64(0.04727258902495133)}
2024-11-17 07:13:35,871 - INFO - Top 10 Mean Stats: {'Max': np.float64(-0.14023529433543466), 'Min': np.float64(-0.2489868490948969), 'Mean': np.float64(-0.1967072018650909), 'Std': np.float64(0.034332602078358025)}
2024-11-17 07:13:35,871 - INFO - Top 10 Std Stats: {'Max': np.float64(0.43757565553388533), 'Min': np.float64(0.2816894218421626), 'Mean': np.float64(0.3668295114837135), 'Std': np.float64(0.04563136027561439)}
2024-11-17 07:13:35,871 - INFO - Bottom 10 Mean Stats: {'Max': np.float64(66.0), 'Min': np.float64(21.0), 'Mean': np.float64(48.0), 'Std': np.float64(12.14084016862095)}
2024-11-17 07:13:35,871 - INFO - Bottom 10 Std Stats: {'Max': np.float64(0.0), 'Min': np.float64(0.0), 'Mean': np.float64(0.0), 'Std': np.float64(0.0)}
2024-11-17 07:13:35,877 - INFO - Candidate Mean Stats: {'Max': np.float64(67.0), 'Min': np.float64(-0.2228582322348797), 'Mean': np.float64(0.03069127772019909), 'Std': np.float64(1.1444025211313587)}
2024-11-17 07:13:35,877 - INFO - Candidate Std Stats: {'Max': np.float64(0.4711554187802791), 'Min': np.float64(0.0), 'Mean': np.float64(0.06441949982100986), 'Std': np.float64(0.04764055096641419)}
2024-11-17 07:13:35,878 - INFO - Top 10 Mean Stats: {'Max': np.float64(-0.1458871178793876), 'Min': np.float64(-0.2228582322348797), 'Mean': np.float64(-0.19222185040329154), 'Std': np.float64(0.026419095447597473)}
2024-11-17 07:13:35,878 - INFO - Top 10 Std Stats: {'Max': np.float64(0.43657712648857877), 'Min': np.float64(0.32022657057035964), 'Mean': np.float64(0.37474858937274874), 'Std': np.float64(0.0332111757664973)}
2024-11-17 07:13:35,878 - INFO - Bottom 10 Mean Stats: {'Max': np.float64(67.0), 'Min': np.float64(21.0), 'Mean': np.float64(40.9), 'Std': np.float64(13.80905500025255)}
2024-11-17 07:13:35,878 - INFO - Bottom 10 Std Stats: {'Max': np.float64(0.0), 'Min': np.float64(0.0), 'Mean': np.float64(0.0), 'Std': np.float64(0.0)}
[I 2024-11-17 07:13:35,886] Trial 11 finished with value: 57.0 and parameters: {'x_0': 0, 'x_1': -4, 'x_2': -5, 'x_3': 4}. Best is trial 7 with value: 6.0.
[I 2024-11-17 07:13:35,894] Trial 12 finished with value: 66.0 and parameters: {'x_0': 0, 'x_1': 5, 'x_2': 4, 'x_3': -5}. Best is trial 3 with value: 13.0.
2024-11-17 07:13:36,104 - INFO - Candidate Mean Stats: {'Max': np.float64(75.0), 'Min': np.float64(-0.2791379554933843), 'Mean': np.float64(0.033598996186875875), 'Std': np.float64(1.2497773030002972)}
2024-11-17 07:13:36,104 - INFO - Candidate Std Stats: {'Max': np.float64(0.4461875187434209), 'Min': np.float64(0.0), 'Mean': np.float64(0.06384516582413832), 'Std': np.float64(0.04886290367693644)}
2024-11-17 07:13:36,106 - INFO - Top 10 Mean Stats: {'Max': np.float64(-0.15977541803689857), 'Min': np.float64(-0.2791379554933843), 'Mean': np.float64(-0.2040039720707152), 'Std': np.float64(0.0338398576806486)}
2024-11-17 07:13:36,106 - INFO - Top 10 Std Stats: {'Max': np.float64(0.42072156331840116), 'Min': np.float64(0.30597682093732764), 'Mean': np.float64(0.36386726605116937), 'Std': np.float64(0.03561517794555049)}
2024-11-17 07:13:36,106 - INFO - Bottom 10 Mean Stats: {'Max': np.float64(75.0), 'Min': np.float64(21.0), 'Mean': np.float64(44.4), 'Std': np.float64(15.324490203592418)}
2024-11-17 07:13:36,106 - INFO - Bottom 10 Std Stats: {'Max': np.float64(0.0), 'Min': np.float64(0.0), 'Mean': np.float64(0.0), 'Std': np.float64(0.0)}
[I 2024-11-17 07:13:36,120] Trial 12 finished with value: 45.0 and parameters: {'x_0': 3, 'x_1': 4, 'x_2': -4, 'x_3': -2}. Best is trial 1 with value: 20.0.
2024-11-17 07:13:36,159 - INFO - Candidate Mean Stats: {'Max': np.float64(67.0), 'Min': np.float64(-0.3330499181223455), 'Mean': np.float64(0.03420436588316619), 'Std': np.float64(1.2676450025237604)}
2024-11-17 07:13:36,159 - INFO - Candidate Std Stats: {'Max': np.float64(0.583470625611696), 'Min': np.float64(0.0), 'Mean': np.float64(0.06335531964722933), 'Std': np.float64(0.04962341286464599)}
2024-11-17 07:13:36,160 - INFO - Top 10 Mean Stats: {'Max': np.float64(0.02225851089167392), 'Min': np.float64(-0.3330499181223455), 'Mean': np.float64(-0.20555870724581946), 'Std': np.float64(0.08783317311085456)}
2024-11-17 07:13:36,160 - INFO - Top 10 Std Stats: {'Max': np.float64(0.583470625611696), 'Min': np.float64(0.3315605232540526), 'Mean': np.float64(0.43232383924669815), 'Std': np.float64(0.08123323129555166)}
2024-11-17 07:13:36,160 - INFO - Bottom 10 Mean Stats: {'Max': np.float64(67.0), 'Min': np.float64(26.0), 'Mean': np.float64(45.4), 'Std': np.float64(13.92264342716569)}
2024-11-17 07:13:36,160 - INFO - Bottom 10 Std Stats: {'Max': np.float64(0.0), 'Min': np.float64(0.0), 'Mean': np.float64(0.0), 'Std': np.float64(0.0)}
2024-11-17 07:13:36,168 - INFO - Candidate Mean Stats: {'Max': np.float64(66.0), 'Min': np.float64(-0.3117375238330119), 'Mean': np.float64(0.037014427226630266), 'Std': np.float64(1.3780312040694154)}
2024-11-17 07:13:36,168 - INFO - Candidate Std Stats: {'Max': np.float64(0.5588874432355255), 'Min': np.float64(0.0), 'Mean': np.float64(0.06214573575009024), 'Std': np.float64(0.04944083623824853)}
2024-11-17 07:13:36,169 - INFO - Top 10 Mean Stats: {'Max': np.float64(-0.1309418239579311), 'Min': np.float64(-0.3117375238330119), 'Mean': np.float64(-0.21719918374465125), 'Std': np.float64(0.05508821174376293)}
2024-11-17 07:13:36,169 - INFO - Top 10 Std Stats: {'Max': np.float64(0.5588874432355255), 'Min': np.float64(0.36825328074027014), 'Mean': np.float64(0.4287997946371317), 'Std': np.float64(0.05145860757648996)}
2024-11-17 07:13:36,169 - INFO - Bottom 10 Mean Stats: {'Max': np.float64(66.0), 'Min': np.float64(36.0), 'Mean': np.float64(51.6), 'Std': np.float64(8.345058418010026)}
2024-11-17 07:13:36,169 - INFO - Bottom 10 Std Stats: {'Max': np.float64(0.0), 'Min': np.float64(0.0), 'Mean': np.float64(0.0), 'Std': np.float64(0.0)}
[I 2024-11-17 07:13:36,173] Trial 13 finished with value: 50.0 and parameters: {'x_0': 3, 'x_1': 0, 'x_2': -5, 'x_3': 4}. Best is trial 3 with value: 13.0.
[I 2024-11-17 07:13:36,187] Trial 12 finished with value: 52.0 and parameters: {'x_0': 3, 'x_1': -3, 'x_2': 3, 'x_3': -5}. Best is trial 7 with value: 6.0.
2024-11-17 07:13:36,402 - INFO - Candidate Mean Stats: {'Max': np.float64(67.0), 'Min': np.float64(-0.2638916095109952), 'Mean': np.float64(0.037881093258685265), 'Std': np.float64(1.3331674509007831)}
2024-11-17 07:13:36,402 - INFO - Candidate Std Stats: {'Max': np.float64(0.5443264546665328), 'Min': np.float64(0.0), 'Mean': np.float64(0.0603281377966772), 'Std': np.float64(0.049036474339602384)}
2024-11-17 07:13:36,403 - INFO - Top 10 Mean Stats: {'Max': np.float64(-0.13608229704478017), 'Min': np.float64(-0.2638916095109952), 'Mean': np.float64(-0.2077711903023729), 'Std': np.float64(0.03782818855886039)}
2024-11-17 07:13:36,404 - INFO - Top 10 Std Stats: {'Max': np.float64(0.49237802052281865), 'Min': np.float64(0.319494565289779), 'Mean': np.float64(0.393516984845146), 'Std': np.float64(0.05262000176649834)}
2024-11-17 07:13:36,404 - INFO - Bottom 10 Mean Stats: {'Max': np.float64(67.0), 'Min': np.float64(30.0), 'Mean': np.float64(47.8), 'Std': np.float64(12.351518125315609)}
2024-11-17 07:13:36,404 - INFO - Bottom 10 Std Stats: {'Max': np.float64(0.0), 'Min': np.float64(0.0), 'Mean': np.float64(0.0), 'Std': np.float64(0.0)}
2024-11-17 07:13:36,405 - INFO - Candidate Mean Stats: {'Max': np.float64(75.0), 'Min': np.float64(-0.255538862165773), 'Mean': np.float64(0.032912533739756916), 'Std': np.float64(1.3039415738530775)}
2024-11-17 07:13:36,405 - INFO - Candidate Std Stats: {'Max': np.float64(0.46489900043367066), 'Min': np.float64(0.0), 'Mean': np.float64(0.06530051870331095), 'Std': np.float64(0.04360573076509806)}
2024-11-17 07:13:36,407 - INFO - Top 10 Mean Stats: {'Max': np.float64(-0.11592843673676138), 'Min': np.float64(-0.255538862165773), 'Mean': np.float64(-0.18136058440421388), 'Std': np.float64(0.040512377004395805)}
2024-11-17 07:13:36,407 - INFO - Top 10 Std Stats: {'Max': np.float64(0.38805342739940907), 'Min': np.float64(0.27571497816416213), 'Mean': np.float64(0.3315544440821437), 'Std': np.float64(0.03720678328767795)}
2024-11-17 07:13:36,407 - INFO - Bottom 10 Mean Stats: {'Max': np.float64(75.0), 'Min': np.float64(30.0), 'Mean': np.float64(46.8), 'Std': np.float64(13.20454467219525)}
2024-11-17 07:13:36,408 - INFO - Bottom 10 Std Stats: {'Max': np.float64(0.0), 'Min': np.float64(0.0), 'Mean': np.float64(0.0), 'Std': np.float64(0.0)}
[I 2024-11-17 07:13:36,428] Trial 13 finished with value: 35.0 and parameters: {'x_0': 5, 'x_1': -3, 'x_2': 0, 'x_3': -1}. Best is trial 1 with value: 20.0.
[I 2024-11-17 07:13:36,430] Trial 14 finished with value: 30.0 and parameters: {'x_0': -1, 'x_1': -2, 'x_2': -3, 'x_3': -4}. Best is trial 3 with value: 13.0.
2024-11-17 07:13:36,462 - INFO - Candidate Mean Stats: {'Max': np.float64(66.0), 'Min': np.float64(-0.23724120179008867), 'Mean': np.float64(0.04078379431315456), 'Std': np.float64(1.4433785078702213)}
2024-11-17 07:13:36,462 - INFO - Candidate Std Stats: {'Max': np.float64(0.48011883252564386), 'Min': np.float64(0.0), 'Mean': np.float64(0.06370389434181117), 'Std': np.float64(0.049792535191539485)}
2024-11-17 07:13:36,464 - INFO - Top 10 Mean Stats: {'Max': np.float64(-0.16746048724262022), 'Min': np.float64(-0.23724120179008867), 'Mean': np.float64(-0.20421740562220583), 'Std': np.float64(0.02300351345633417)}
2024-11-17 07:13:36,464 - INFO - Top 10 Std Stats: {'Max': np.float64(0.48011883252564386), 'Min': np.float64(0.3765598013505134), 'Mean': np.float64(0.40930784750822635), 'Std': np.float64(0.02950289075867207)}
2024-11-17 07:13:36,464 - INFO - Bottom 10 Mean Stats: {'Max': np.float64(66.0), 'Min': np.float64(43.0), 'Mean': np.float64(53.2), 'Std': np.float64(6.539113089708726)}
2024-11-17 07:13:36,464 - INFO - Bottom 10 Std Stats: {'Max': np.float64(0.0), 'Min': np.float64(0.0), 'Mean': np.float64(0.0), 'Std': np.float64(0.0)}
[I 2024-11-17 07:13:36,480] Trial 13 finished with value: 44.0 and parameters: {'x_0': -3, 'x_1': 3, 'x_2': -5, 'x_3': 1}. Best is trial 7 with value: 6.0.
2024-11-17 07:13:36,639 - INFO - Candidate Mean Stats: {'Max': np.float64(75.0), 'Min': np.float64(-0.2598443435110097), 'Mean': np.float64(0.03871165786588049), 'Std': np.float64(1.3354887249074017)}
2024-11-17 07:13:36,639 - INFO - Candidate Std Stats: {'Max': np.float64(0.4774572285876462), 'Min': np.float64(0.0), 'Mean': np.float64(0.0626835924736378), 'Std': np.float64(0.04703180765153009)}
2024-11-17 07:13:36,640 - INFO - Top 10 Mean Stats: {'Max': np.float64(-0.017442342954791672), 'Min': np.float64(-0.2598443435110097), 'Mean': np.float64(-0.16596547847374035), 'Std': np.float64(0.06301314865632286)}
2024-11-17 07:13:36,640 - INFO - Top 10 Std Stats: {'Max': np.float64(0.4774572285876462), 'Min': np.float64(0.2770526876014314), 'Mean': np.float64(0.3545039797021958), 'Std': np.float64(0.04932283970058729)}
2024-11-17 07:13:36,640 - INFO - Bottom 10 Mean Stats: {'Max': np.float64(75.0), 'Min': np.float64(34.0), 'Mean': np.float64(47.3), 'Std': np.float64(12.641598000252975)}
2024-11-17 07:13:36,640 - INFO - Bottom 10 Std Stats: {'Max': np.float64(0.0), 'Min': np.float64(0.0), 'Mean': np.float64(0.0), 'Std': np.float64(0.0)}
[I 2024-11-17 07:13:36,660] Trial 14 finished with value: 37.0 and parameters: {'x_0': -2, 'x_1': -2, 'x_2': -5, 'x_3': 2}. Best is trial 1 with value: 20.0.
2024-11-17 07:13:36,661 - INFO - Candidate Mean Stats: {'Max': np.float64(67.0), 'Min': np.float64(-0.23372485713465738), 'Mean': np.float64(0.039908420917316834), 'Std': np.float64(1.3559720470279417)}
2024-11-17 07:13:36,661 - INFO - Candidate Std Stats: {'Max': np.float64(0.4016567119568061), 'Min': np.float64(0.0), 'Mean': np.float64(0.061845026319049465), 'Std': np.float64(0.047031496914379085)}
2024-11-17 07:13:36,665 - INFO - Top 10 Mean Stats: {'Max': np.float64(-0.12015445029474614), 'Min': np.float64(-0.22533168676298243), 'Mean': np.float64(-0.17402785536154192), 'Std': np.float64(0.030851873494490516)}
2024-11-17 07:13:36,665 - INFO - Top 10 Std Stats: {'Max': np.float64(0.3971668561327561), 'Min': np.float64(0.24845580145513685), 'Mean': np.float64(0.3381750174498321), 'Std': np.float64(0.04161741858757545)}
2024-11-17 07:13:36,665 - INFO - Bottom 10 Mean Stats: {'Max': np.float64(67.0), 'Min': np.float64(30.0), 'Mean': np.float64(47.8), 'Std': np.float64(12.351518125315609)}
2024-11-17 07:13:36,665 - INFO - Bottom 10 Std Stats: {'Max': np.float64(0.0), 'Min': np.float64(0.0), 'Mean': np.float64(0.0), 'Std': np.float64(0.0)}
[I 2024-11-17 07:13:36,679] Trial 15 finished with value: 27.0 and parameters: {'x_0': 0, 'x_1': -3, 'x_2': 3, 'x_3': -3}. Best is trial 3 with value: 13.0.
2024-11-17 07:13:36,731 - INFO - Candidate Mean Stats: {'Max': np.float64(66.0), 'Min': np.float64(-0.24256190454954146), 'Mean': np.float64(0.044017714427396736), 'Std': np.float64(1.4883854034559765)}
2024-11-17 07:13:36,731 - INFO - Candidate Std Stats: {'Max': np.float64(0.4969111859420385), 'Min': np.float64(0.0), 'Mean': np.float64(0.06294464733769638), 'Std': np.float64(0.04935434653803304)}
2024-11-17 07:13:36,732 - INFO - Top 10 Mean Stats: {'Max': np.float64(-0.1526259936665329), 'Min': np.float64(-0.24256190454954146), 'Mean': np.float64(-0.1947162971291158), 'Std': np.float64(0.03150893493927914)}
2024-11-17 07:13:36,732 - INFO - Top 10 Std Stats: {'Max': np.float64(0.4624277294442371), 'Min': np.float64(0.27532305103377314), 'Mean': np.float64(0.34334955359283426), 'Std': np.float64(0.046521318443018815)}
2024-11-17 07:13:36,733 - INFO - Bottom 10 Mean Stats: {'Max': np.float64(66.0), 'Min': np.float64(44.0), 'Mean': np.float64(53.3), 'Std': np.float64(6.388270501473776)}
2024-11-17 07:13:36,733 - INFO - Bottom 10 Std Stats: {'Max': np.float64(0.0), 'Min': np.float64(0.0), 'Mean': np.float64(0.0), 'Std': np.float64(0.0)}
