[I 2024-11-17 07:13:44,394] Trial 47 finished with value: 66.0 and parameters: {'x_0': -5, 'x_1': 3, 'x_2': 4, 'x_3': 4}. Best is trial 3 with value: 13.0.
2024-11-17 07:13:44,448 - INFO - Candidate Mean Stats: {'Max': np.float64(84.0), 'Min': np.float64(-0.2184644210737341), 'Mean': np.float64(0.12679109485165388), 'Std': np.float64(2.4198109796135396)}
2024-11-17 07:13:44,449 - INFO - Candidate Std Stats: {'Max': np.float64(0.44225748245341956), 'Min': np.float64(0.0), 'Mean': np.float64(0.06180949559726875), 'Std': np.float64(0.04782911719463935)}
2024-11-17 07:13:44,450 - INFO - Top 10 Mean Stats: {'Max': np.float64(-0.14064589110839132), 'Min': np.float64(-0.21308592156170594), 'Mean': np.float64(-0.17862408016903922), 'Std': np.float64(0.02040138781815503)}
2024-11-17 07:13:44,450 - INFO - Top 10 Std Stats: {'Max': np.float64(0.44225748245341956), 'Min': np.float64(0.34035159450323493), 'Mean': np.float64(0.3863923012730027), 'Std': np.float64(0.028913443366114316)}
2024-11-17 07:13:44,450 - INFO - Bottom 10 Mean Stats: {'Max': np.float64(84.0), 'Min': np.float64(51.0), 'Mean': np.float64(62.5), 'Std': np.float64(11.672617529928752)}
2024-11-17 07:13:44,450 - INFO - Bottom 10 Std Stats: {'Max': np.float64(0.0), 'Min': np.float64(0.0), 'Mean': np.float64(0.0), 'Std': np.float64(0.0)}
[I 2024-11-17 07:13:44,464] Trial 47 finished with value: 30.0 and parameters: {'x_0': -2, 'x_1': 1, 'x_2': -5, 'x_3': 0}. Best is trial 39 with value: 11.0.
2024-11-17 07:13:44,474 - INFO - Candidate Mean Stats: {'Max': np.float64(75.0), 'Min': np.float64(-0.2251232442481891), 'Mean': np.float64(0.11821075357907586), 'Std': np.float64(2.3574918588738925)}
2024-11-17 07:13:44,475 - INFO - Candidate Std Stats: {'Max': np.float64(0.44562173986412174), 'Min': np.float64(0.0), 'Mean': np.float64(0.06188106900973467), 'Std': np.float64(0.046569219499294)}
2024-11-17 07:13:44,476 - INFO - Top 10 Mean Stats: {'Max': np.float64(-0.034894497526496315), 'Min': np.float64(-0.21256966235625785), 'Mean': np.float64(-0.1644156601994126), 'Std': np.float64(0.05408038345952783)}
2024-11-17 07:13:44,476 - INFO - Top 10 Std Stats: {'Max': np.float64(0.44562173986412174), 'Min': np.float64(0.30058442360737), 'Mean': np.float64(0.3673405354820761), 'Std': np.float64(0.04595110742718329)}
2024-11-17 07:13:44,476 - INFO - Bottom 10 Mean Stats: {'Max': np.float64(75.0), 'Min': np.float64(55.0), 'Mean': np.float64(61.8), 'Std': np.float64(6.11228271597445)}
2024-11-17 07:13:44,476 - INFO - Bottom 10 Std Stats: {'Max': np.float64(0.0), 'Min': np.float64(0.0), 'Mean': np.float64(0.0), 'Std': np.float64(0.0)}
[I 2024-11-17 07:13:44,491] Trial 45 finished with value: 42.0 and parameters: {'x_0': 1, 'x_1': -3, 'x_2': -4, 'x_3': -4}. Best is trial 7 with value: 6.0.
2024-11-17 07:13:44,639 - INFO - Candidate Mean Stats: {'Max': np.float64(82.0), 'Min': np.float64(-0.24474247433233437), 'Mean': np.float64(0.13133503659647028), 'Std': np.float64(2.504375017321355)}
2024-11-17 07:13:44,639 - INFO - Candidate Std Stats: {'Max': np.float64(0.4818289818904207), 'Min': np.float64(0.0), 'Mean': np.float64(0.06581973636807084), 'Std': np.float64(0.047175648647398684)}
2024-11-17 07:13:44,640 - INFO - Top 10 Mean Stats: {'Max': np.float64(-0.13726046586559407), 'Min': np.float64(-0.24474247433233437), 'Mean': np.float64(-0.17675884663990735), 'Std': np.float64(0.03478716667484906)}
2024-11-17 07:13:44,641 - INFO - Top 10 Std Stats: {'Max': np.float64(0.4818289818904207), 'Min': np.float64(0.2981065596410362), 'Mean': np.float64(0.3638572550164604), 'Std': np.float64(0.05343866173241738)}
2024-11-17 07:13:44,641 - INFO - Bottom 10 Mean Stats: {'Max': np.float64(82.0), 'Min': np.float64(58.0), 'Mean': np.float64(66.2), 'Std': np.float64(6.4)}
2024-11-17 07:13:44,641 - INFO - Bottom 10 Std Stats: {'Max': np.float64(0.0), 'Min': np.float64(0.0), 'Mean': np.float64(0.0), 'Std': np.float64(0.0)}
[I 2024-11-17 07:13:44,653] Trial 48 finished with value: 45.0 and parameters: {'x_0': 0, 'x_1': -2, 'x_2': 5, 'x_3': 4}. Best is trial 3 with value: 13.0.
2024-11-17 07:13:44,713 - INFO - Candidate Mean Stats: {'Max': np.float64(84.0), 'Min': np.float64(-0.24527627163166654), 'Mean': np.float64(0.13016047518818502), 'Std': np.float64(2.432304964137178)}
2024-11-17 07:13:44,713 - INFO - Candidate Std Stats: {'Max': np.float64(0.5000278621135367), 'Min': np.float64(0.0), 'Mean': np.float64(0.06303981297063173), 'Std': np.float64(0.04809193819260636)}
2024-11-17 07:13:44,715 - INFO - Top 10 Mean Stats: {'Max': np.float64(-0.16546756753526365), 'Min': np.float64(-0.24527627163166654), 'Mean': np.float64(-0.19869432229589418), 'Std': np.float64(0.026586536810798984)}
2024-11-17 07:13:44,715 - INFO - Top 10 Std Stats: {'Max': np.float64(0.4948938704665388), 'Min': np.float64(0.27213512730722184), 'Mean': np.float64(0.36887497781057765), 'Std': np.float64(0.05440647965742603)}
2024-11-17 07:13:44,715 - INFO - Bottom 10 Mean Stats: {'Max': np.float64(84.0), 'Min': np.float64(51.0), 'Mean': np.float64(62.5), 'Std': np.float64(11.672617529928752)}
2024-11-17 07:13:44,715 - INFO - Bottom 10 Std Stats: {'Max': np.float64(0.0), 'Min': np.float64(0.0), 'Mean': np.float64(0.0), 'Std': np.float64(0.0)}
[I 2024-11-17 07:13:44,731] Trial 48 finished with value: 39.0 and parameters: {'x_0': 1, 'x_1': -5, 'x_2': 2, 'x_3': -3}. Best is trial 39 with value: 11.0.
2024-11-17 07:13:44,732 - INFO - Candidate Mean Stats: {'Max': np.float64(75.0), 'Min': np.float64(-0.2676429741001662), 'Mean': np.float64(0.12085136913275801), 'Std': np.float64(2.3827877687326002)}
2024-11-17 07:13:44,732 - INFO - Candidate Std Stats: {'Max': np.float64(0.5206989191006176), 'Min': np.float64(0.0), 'Mean': np.float64(0.06346686749117288), 'Std': np.float64(0.04657636371091895)}
2024-11-17 07:13:44,734 - INFO - Top 10 Mean Stats: {'Max': np.float64(-0.10097441210637208), 'Min': np.float64(-0.2676429741001662), 'Mean': np.float64(-0.19891844692890864), 'Std': np.float64(0.05073669031324851)}
2024-11-17 07:13:44,734 - INFO - Top 10 Std Stats: {'Max': np.float64(0.5206989191006176), 'Min': np.float64(0.2793209065177766), 'Mean': np.float64(0.35732044957525655), 'Std': np.float64(0.07396731048603182)}
2024-11-17 07:13:44,735 - INFO - Bottom 10 Mean Stats: {'Max': np.float64(75.0), 'Min': np.float64(55.0), 'Mean': np.float64(61.8), 'Std': np.float64(6.11228271597445)}
2024-11-17 07:13:44,735 - INFO - Bottom 10 Std Stats: {'Max': np.float64(0.0), 'Min': np.float64(0.0), 'Mean': np.float64(0.0), 'Std': np.float64(0.0)}
[I 2024-11-17 07:13:44,748] Trial 46 finished with value: 45.0 and parameters: {'x_0': 0, 'x_1': 5, 'x_2': 4, 'x_3': -2}. Best is trial 7 with value: 6.0.
2024-11-17 07:13:44,877 - INFO - Candidate Mean Stats: {'Max': np.float64(82.0), 'Min': np.float64(-0.23726980083230745), 'Mean': np.float64(0.13532955297377233), 'Std': np.float64(2.5316216615090426)}
2024-11-17 07:13:44,877 - INFO - Candidate Std Stats: {'Max': np.float64(0.49812859912430596), 'Min': np.float64(0.0), 'Mean': np.float64(0.06261724231792058), 'Std': np.float64(0.04897878557127544)}
2024-11-17 07:13:44,878 - INFO - Top 10 Mean Stats: {'Max': np.float64(-0.11012400580289516), 'Min': np.float64(-0.23726980083230745), 'Mean': np.float64(-0.16739267585461168), 'Std': np.float64(0.036773552539631035)}
2024-11-17 07:13:44,878 - INFO - Top 10 Std Stats: {'Max': np.float64(0.49812859912430596), 'Min': np.float64(0.3057811022970334), 'Mean': np.float64(0.35046796524397494), 'Std': np.float64(0.05257313214511141)}
2024-11-17 07:13:44,878 - INFO - Bottom 10 Mean Stats: {'Max': np.float64(82.0), 'Min': np.float64(58.0), 'Mean': np.float64(66.2), 'Std': np.float64(6.4)}
2024-11-17 07:13:44,878 - INFO - Bottom 10 Std Stats: {'Max': np.float64(0.0), 'Min': np.float64(0.0), 'Mean': np.float64(0.0), 'Std': np.float64(0.0)}
[I 2024-11-17 07:13:44,893] Trial 49 finished with value: 15.0 and parameters: {'x_0': -1, 'x_1': 2, 'x_2': -3, 'x_3': -1}. Best is trial 3 with value: 13.0.
2024-11-17 07:13:44,926 - INFO - Candidate Mean Stats: {'Max': np.float64(84.0), 'Min': np.float64(-0.2626830288828196), 'Mean': np.float64(0.13157326970898892), 'Std': np.float64(2.4534851642735336)}
2024-11-17 07:13:44,927 - INFO - Candidate Std Stats: {'Max': np.float64(0.5666153584470627), 'Min': np.float64(0.0), 'Mean': np.float64(0.06138191509258547), 'Std': np.float64(0.048639402283995735)}
2024-11-17 07:13:44,928 - INFO - Top 10 Mean Stats: {'Max': np.float64(-0.1518373405364084), 'Min': np.float64(-0.2626830288828196), 'Mean': np.float64(-0.20799604956146664), 'Std': np.float64(0.03810738588993494)}
2024-11-17 07:13:44,928 - INFO - Top 10 Std Stats: {'Max': np.float64(0.5666153584470627), 'Min': np.float64(0.3402324723648001), 'Mean': np.float64(0.4243716026600309), 'Std': np.float64(0.0647045180438315)}
2024-11-17 07:13:44,928 - INFO - Bottom 10 Mean Stats: {'Max': np.float64(84.0), 'Min': np.float64(51.0), 'Mean': np.float64(62.5), 'Std': np.float64(11.672617529928752)}
2024-11-17 07:13:44,928 - INFO - Bottom 10 Std Stats: {'Max': np.float64(0.0), 'Min': np.float64(0.0), 'Mean': np.float64(0.0), 'Std': np.float64(0.0)}
[I 2024-11-17 07:13:44,943] Trial 49 finished with value: 42.0 and parameters: {'x_0': -2, 'x_1': 5, 'x_2': -2, 'x_3': -3}. Best is trial 39 with value: 11.0.
2024-11-17 07:13:44,963 - INFO - Candidate Mean Stats: {'Max': np.float64(75.0), 'Min': np.float64(-0.26168744235017316), 'Mean': np.float64(0.12453962221099477), 'Std': np.float64(2.41145761444643)}
2024-11-17 07:13:44,963 - INFO - Candidate Std Stats: {'Max': np.float64(0.48613637487473044), 'Min': np.float64(0.0), 'Mean': np.float64(0.06529596050776065), 'Std': np.float64(0.045634563840058213)}
2024-11-17 07:13:44,965 - INFO - Top 10 Mean Stats: {'Max': np.float64(-0.04215427756716206), 'Min': np.float64(-0.26168744235017316), 'Mean': np.float64(-0.17799781094660788), 'Std': np.float64(0.0575755965411778)}
2024-11-17 07:13:44,965 - INFO - Top 10 Std Stats: {'Max': np.float64(0.4283231998536332), 'Min': np.float64(0.27201629621113793), 'Mean': np.float64(0.3392173161276617), 'Std': np.float64(0.040860816637735047)}
2024-11-17 07:13:44,965 - INFO - Bottom 10 Mean Stats: {'Max': np.float64(75.0), 'Min': np.float64(55.0), 'Mean': np.float64(61.8), 'Std': np.float64(6.11228271597445)}
2024-11-17 07:13:44,965 - INFO - Bottom 10 Std Stats: {'Max': np.float64(0.0), 'Min': np.float64(0.0), 'Mean': np.float64(0.0), 'Std': np.float64(0.0)}
[I 2024-11-17 07:13:44,978] Trial 47 finished with value: 14.0 and parameters: {'x_0': 1, 'x_1': -2, 'x_2': 3, 'x_3': 0}. Best is trial 7 with value: 6.0.
2024-11-17 07:13:45,111 - INFO - Candidate Mean Stats: {'Max': np.float64(82.0), 'Min': np.float64(-0.19997899092055244), 'Mean': np.float64(0.13622789157308912), 'Std': np.float64(2.5346082603094984)}
2024-11-17 07:13:45,111 - INFO - Candidate Std Stats: {'Max': np.float64(0.540041664826493), 'Min': np.float64(0.0), 'Mean': np.float64(0.06507293298335687), 'Std': np.float64(0.04480909636431554)}
2024-11-17 07:13:45,112 - INFO - Top 10 Mean Stats: {'Max': np.float64(-0.1437649865632379), 'Min': np.float64(-0.19589932651039957), 'Mean': np.float64(-0.1676031481805039), 'Std': np.float64(0.019579717089939812)}
2024-11-17 07:13:45,112 - INFO - Top 10 Std Stats: {'Max': np.float64(0.406015519904537), 'Min': np.float64(0.2591886777747626), 'Mean': np.float64(0.3230375593583804), 'Std': np.float64(0.04138641126132316)}
2024-11-17 07:13:45,112 - INFO - Bottom 10 Mean Stats: {'Max': np.float64(82.0), 'Min': np.float64(58.0), 'Mean': np.float64(66.2), 'Std': np.float64(6.4)}
2024-11-17 07:13:45,112 - INFO - Bottom 10 Std Stats: {'Max': np.float64(0.0), 'Min': np.float64(0.0), 'Mean': np.float64(0.0), 'Std': np.float64(0.0)}
2024-11-17 07:13:45,125 - INFO - Candidate Mean Stats: {'Max': np.float64(84.0), 'Min': np.float64(-0.31186265126429874), 'Mean': np.float64(0.13432387294038392), 'Std': np.float64(2.4777801383181597)}
2024-11-17 07:13:45,125 - INFO - Candidate Std Stats: {'Max': np.float64(0.5015913737055613), 'Min': np.float64(0.0), 'Mean': np.float64(0.062960842781417), 'Std': np.float64(0.047770141094549454)}
2024-11-17 07:13:45,127 - INFO - Top 10 Mean Stats: {'Max': np.float64(-0.16146427562443078), 'Min': np.float64(-0.31186265126429874), 'Mean': np.float64(-0.20055842991912579), 'Std': np.float64(0.041016833277723326)}
2024-11-17 07:13:45,127 - INFO - Top 10 Std Stats: {'Max': np.float64(0.4468125826449941), 'Min': np.float64(0.31338552389800645), 'Mean': np.float64(0.36495797341178204), 'Std': np.float64(0.039573807406218214)}
2024-11-17 07:13:45,127 - INFO - Bottom 10 Mean Stats: {'Max': np.float64(84.0), 'Min': np.float64(51.0), 'Mean': np.float64(62.5), 'Std': np.float64(11.672617529928752)}
2024-11-17 07:13:45,127 - INFO - Bottom 10 Std Stats: {'Max': np.float64(0.0), 'Min': np.float64(0.0), 'Mean': np.float64(0.0), 'Std': np.float64(0.0)}
[I 2024-11-17 07:13:45,128] Trial 50 finished with value: 16.0 and parameters: {'x_0': 0, 'x_1': 0, 'x_2': 0, 'x_3': 4}. Best is trial 3 with value: 13.0.
[I 2024-11-17 07:13:45,147] Trial 50 finished with value: 91.0 and parameters: {'x_0': -5, 'x_1': -5, 'x_2': -5, 'x_3': 4}. Best is trial 39 with value: 11.0.
2024-11-17 07:13:45,200 - INFO - Candidate Mean Stats: {'Max': np.float64(75.0), 'Min': np.float64(-0.25293354401556484), 'Mean': np.float64(0.12520405203335316), 'Std': np.float64(2.4141799332544656)}
2024-11-17 07:13:45,201 - INFO - Candidate Std Stats: {'Max': np.float64(0.43405794557145594), 'Min': np.float64(0.0), 'Mean': np.float64(0.061892501112425766), 'Std': np.float64(0.047699793982176886)}
2024-11-17 07:13:45,202 - INFO - Top 10 Mean Stats: {'Max': np.float64(-0.16256187758489407), 'Min': np.float64(-0.25293354401556484), 'Mean': np.float64(-0.18929046643168743), 'Std': np.float64(0.02779567730807239)}
2024-11-17 07:13:45,202 - INFO - Top 10 Std Stats: {'Max': np.float64(0.43405794557145594), 'Min': np.float64(0.33048397859620204), 'Mean': np.float64(0.3711247497902971), 'Std': np.float64(0.027756477268021544)}
2024-11-17 07:13:45,202 - INFO - Bottom 10 Mean Stats: {'Max': np.float64(75.0), 'Min': np.float64(55.0), 'Mean': np.float64(61.8), 'Std': np.float64(6.11228271597445)}
2024-11-17 07:13:45,202 - INFO - Bottom 10 Std Stats: {'Max': np.float64(0.0), 'Min': np.float64(0.0), 'Mean': np.float64(0.0), 'Std': np.float64(0.0)}
[I 2024-11-17 07:13:45,217] Trial 48 finished with value: 22.0 and parameters: {'x_0': -1, 'x_1': -1, 'x_2': 2, 'x_3': -4}. Best is trial 7 with value: 6.0.
2024-11-17 07:13:45,343 - INFO - Candidate Mean Stats: {'Max': np.float64(82.0), 'Min': np.float64(-0.23406819113375396), 'Mean': np.float64(0.13675196231984543), 'Std': np.float64(2.5380310137624833)}
2024-11-17 07:13:45,343 - INFO - Candidate Std Stats: {'Max': np.float64(0.47031334232637917), 'Min': np.float64(0.0), 'Mean': np.float64(0.06539043773989953), 'Std': np.float64(0.0460510489827056)}
2024-11-17 07:13:45,345 - INFO - Top 10 Mean Stats: {'Max': np.float64(-0.1349685806496181), 'Min': np.float64(-0.23406819113375396), 'Mean': np.float64(-0.18109062268287113), 'Std': np.float64(0.03435160889431302)}
2024-11-17 07:13:45,345 - INFO - Top 10 Std Stats: {'Max': np.float64(0.43603852305328333), 'Min': np.float64(0.32006309273163636), 'Mean': np.float64(0.3631658136816144), 'Std': np.float64(0.037235928327122886)}
2024-11-17 07:13:45,345 - INFO - Bottom 10 Mean Stats: {'Max': np.float64(82.0), 'Min': np.float64(58.0), 'Mean': np.float64(66.2), 'Std': np.float64(6.4)}
2024-11-17 07:13:45,345 - INFO - Bottom 10 Std Stats: {'Max': np.float64(0.0), 'Min': np.float64(0.0), 'Mean': np.float64(0.0), 'Std': np.float64(0.0)}
[I 2024-11-17 07:13:45,363] Trial 51 finished with value: 25.0 and parameters: {'x_0': 0, 'x_1': 0, 'x_2': -3, 'x_3': 4}. Best is trial 3 with value: 13.0.
2024-11-17 07:13:45,389 - INFO - Candidate Mean Stats: {'Max': np.float64(91.0), 'Min': np.float64(-0.2817093776655031), 'Mean': np.float64(0.14031140312098336), 'Std': np.float64(2.589082244171082)}
2024-11-17 07:13:45,389 - INFO - Candidate Std Stats: {'Max': np.float64(0.552553789384527), 'Min': np.float64(0.0), 'Mean': np.float64(0.06180413213819627), 'Std': np.float64(0.04862905178183846)}
2024-11-17 07:13:45,391 - INFO - Top 10 Mean Stats: {'Max': np.float64(-0.13911363935576965), 'Min': np.float64(-0.2817093776655031), 'Mean': np.float64(-0.21342124468545648), 'Std': np.float64(0.037098811390168906)}
2024-11-17 07:13:45,391 - INFO - Top 10 Std Stats: {'Max': np.float64(0.552553789384527), 'Min': np.float64(0.30730280506334523), 'Mean': np.float64(0.43455479792266), 'Std': np.float64(0.06932053005851566)}
2024-11-17 07:13:45,391 - INFO - Bottom 10 Mean Stats: {'Max': np.float64(91.0), 'Min': np.float64(52.0), 'Mean': np.float64(66.5), 'Std': np.float64(13.720422734012244)}
2024-11-17 07:13:45,392 - INFO - Bottom 10 Std Stats: {'Max': np.float64(0.0), 'Min': np.float64(0.0), 'Mean': np.float64(0.0), 'Std': np.float64(0.0)}
2024-11-17 07:13:45,411 - INFO - Candidate Mean Stats: {'Max': np.float64(75.0), 'Min': np.float64(-0.3189145123163222), 'Mean': np.float64(0.12673127262925934), 'Std': np.float64(2.420960038802354)}
2024-11-17 07:13:45,411 - INFO - Candidate Std Stats: {'Max': np.float64(0.6766908363015277), 'Min': np.float64(0.0), 'Mean': np.float64(0.06376339774291458), 'Std': np.float64(0.04886659321282153)}
2024-11-17 07:13:45,413 - INFO - Top 10 Mean Stats: {'Max': np.float64(-0.1731363012953457), 'Min': np.float64(-0.3189145123163222), 'Mean': np.float64(-0.22603688437921496), 'Std': np.float64(0.04441467575480316)}
2024-11-17 07:13:45,413 - INFO - Top 10 Std Stats: {'Max': np.float64(0.6766908363015277), 'Min': np.float64(0.3119159394486072), 'Mean': np.float64(0.4020403174119906), 'Std': np.float64(0.10108783713563417)}
2024-11-17 07:13:45,413 - INFO - Bottom 10 Mean Stats: {'Max': np.float64(75.0), 'Min': np.float64(55.0), 'Mean': np.float64(61.8), 'Std': np.float64(6.11228271597445)}
2024-11-17 07:13:45,413 - INFO - Bottom 10 Std Stats: {'Max': np.float64(0.0), 'Min': np.float64(0.0), 'Mean': np.float64(0.0), 'Std': np.float64(0.0)}
[I 2024-11-17 07:13:45,420] Trial 51 finished with value: 22.0 and parameters: {'x_0': -3, 'x_1': -2, 'x_2': 0, 'x_3': 3}. Best is trial 39 with value: 11.0.
[I 2024-11-17 07:13:45,439] Trial 49 finished with value: 22.0 and parameters: {'x_0': -1, 'x_1': -2, 'x_2': 4, 'x_3': -1}. Best is trial 7 with value: 6.0.
2024-11-17 07:13:45,615 - INFO - Candidate Mean Stats: {'Max': np.float64(82.0), 'Min': np.float64(-0.2903248033965872), 'Mean': np.float64(0.13909092541229895), 'Std': np.float64(2.546319022363916)}
2024-11-17 07:13:45,615 - INFO - Candidate Std Stats: {'Max': np.float64(0.5043977444158871), 'Min': np.float64(0.0), 'Mean': np.float64(0.06680266422837768), 'Std': np.float64(0.04738459574983207)}
2024-11-17 07:13:45,616 - INFO - Top 10 Mean Stats: {'Max': np.float64(-0.12180185701554724), 'Min': np.float64(-0.2903248033965872), 'Mean': np.float64(-0.2148355258788544), 'Std': np.float64(0.05554010728735777)}
2024-11-17 07:13:45,616 - INFO - Top 10 Std Stats: {'Max': np.float64(0.5043977444158871), 'Min': np.float64(0.3045857542783199), 'Mean': np.float64(0.39669339640511636), 'Std': np.float64(0.05878931006354079)}
2024-11-17 07:13:45,616 - INFO - Bottom 10 Mean Stats: {'Max': np.float64(82.0), 'Min': np.float64(58.0), 'Mean': np.float64(66.2), 'Std': np.float64(6.4)}
2024-11-17 07:13:45,616 - INFO - Bottom 10 Std Stats: {'Max': np.float64(0.0), 'Min': np.float64(0.0), 'Mean': np.float64(0.0), 'Std': np.float64(0.0)}
[I 2024-11-17 07:13:45,636] Trial 52 finished with value: 59.0 and parameters: {'x_0': -5, 'x_1': 3, 'x_2': 3, 'x_3': -4}. Best is trial 3 with value: 13.0.
2024-11-17 07:13:45,678 - INFO - Candidate Mean Stats: {'Max': np.float64(75.0), 'Min': np.float64(-0.27865653545834934), 'Mean': np.float64(0.1277463958261107), 'Std': np.float64(2.4277416632562967)}
2024-11-17 07:13:45,678 - INFO - Candidate Std Stats: {'Max': np.float64(0.4392496229577411), 'Min': np.float64(0.0), 'Mean': np.float64(0.06681554414209222), 'Std': np.float64(0.04757255009684805)}
2024-11-17 07:13:45,680 - INFO - Top 10 Mean Stats: {'Max': np.float64(-0.12765603981442894), 'Min': np.float64(-0.27865653545834934), 'Mean': np.float64(-0.20830267685790638), 'Std': np.float64(0.0392353587909591)}
2024-11-17 07:13:45,680 - INFO - Top 10 Std Stats: {'Max': np.float64(0.4392496229577411), 'Min': np.float64(0.3042561742268236), 'Mean': np.float64(0.37467527737688505), 'Std': np.float64(0.04655373899386241)}
2024-11-17 07:13:45,680 - INFO - Bottom 10 Mean Stats: {'Max': np.float64(75.0), 'Min': np.float64(55.0), 'Mean': np.float64(61.8), 'Std': np.float64(6.11228271597445)}
2024-11-17 07:13:45,680 - INFO - Bottom 10 Std Stats: {'Max': np.float64(0.0), 'Min': np.float64(0.0), 'Mean': np.float64(0.0), 'Std': np.float64(0.0)}
