[I 2024-11-17 07:15:00,441] Trial 320 finished with value: 0.0 and parameters: {'x_0': 0, 'x_1': 0, 'x_2': 0, 'x_3': 0}. Best is trial 320 with value: 0.0.
2024-11-17 07:15:00,514 - INFO - Candidate Mean Stats: {'Max': np.float64(100.0), 'Min': np.float64(-0.8564744751972375), 'Mean': np.float64(0.9288900780548937), 'Std': np.float64(7.087351084300658)}
2024-11-17 07:15:00,514 - INFO - Candidate Std Stats: {'Max': np.float64(0.4886685292371779), 'Min': np.float64(0.0), 'Mean': np.float64(0.04223015465791028), 'Std': np.float64(0.048827209387641984)}
2024-11-17 07:15:00,516 - INFO - Top 10 Mean Stats: {'Max': np.float64(-0.4671594037470532), 'Min': np.float64(-0.8564744751972375), 'Mean': np.float64(-0.5972196869967756), 'Std': np.float64(0.11896764928397063)}
2024-11-17 07:15:00,516 - INFO - Top 10 Std Stats: {'Max': np.float64(0.24353413519557535), 'Min': np.float64(0.05328183318048668), 'Mean': np.float64(0.1447008630223379), 'Std': np.float64(0.06288255257272868)}
2024-11-17 07:15:00,516 - INFO - Bottom 10 Mean Stats: {'Max': np.float64(100.0), 'Min': np.float64(84.0), 'Mean': np.float64(93.0), 'Std': np.float64(5.019960159204453)}
2024-11-17 07:15:00,516 - INFO - Bottom 10 Std Stats: {'Max': np.float64(0.0), 'Min': np.float64(0.0), 'Mean': np.float64(0.0), 'Std': np.float64(0.0)}
[I 2024-11-17 07:15:00,531] Trial 340 finished with value: 10.0 and parameters: {'x_0': -1, 'x_1': -2, 'x_2': -1, 'x_3': 2}. Best is trial 290 with value: 2.0.
2024-11-17 07:15:00,558 - INFO - Candidate Mean Stats: {'Max': np.float64(100.0), 'Min': np.float64(-0.30214530762219544), 'Mean': np.float64(1.1063154560942507), 'Std': np.float64(7.915609728374436)}
2024-11-17 07:15:00,559 - INFO - Candidate Std Stats: {'Max': np.float64(0.46965625046149917), 'Min': np.float64(0.0), 'Mean': np.float64(0.04402318806885804), 'Std': np.float64(0.04095504925228343)}
2024-11-17 07:15:00,560 - INFO - Top 10 Mean Stats: {'Max': np.float64(-0.1430441892095104), 'Min': np.float64(-0.30214530762219544), 'Mean': np.float64(-0.20334098936324732), 'Std': np.float64(0.046908710320809836)}
2024-11-17 07:15:00,560 - INFO - Top 10 Std Stats: {'Max': np.float64(0.46965625046149917), 'Min': np.float64(0.2927948854407871), 'Mean': np.float64(0.3683270199270313), 'Std': np.float64(0.05234199538033811)}
2024-11-17 07:15:00,560 - INFO - Bottom 10 Mean Stats: {'Max': np.float64(100.0), 'Min': np.float64(91.0), 'Mean': np.float64(95.5), 'Std': np.float64(4.5)}
2024-11-17 07:15:00,560 - INFO - Bottom 10 Std Stats: {'Max': np.float64(0.0), 'Min': np.float64(0.0), 'Mean': np.float64(0.0), 'Std': np.float64(0.0)}
[I 2024-11-17 07:15:00,577] Trial 341 finished with value: 6.0 and parameters: {'x_0': 0, 'x_1': 1, 'x_2': -1, 'x_3': -2}. Best is trial 179 with value: 1.0.
2024-11-17 07:15:00,714 - INFO - Candidate Mean Stats: {'Max': np.float64(100.0), 'Min': np.float64(-0.7839928556966255), 'Mean': np.float64(0.9345894533228924), 'Std': np.float64(7.087109912220934)}
2024-11-17 07:15:00,714 - INFO - Candidate Std Stats: {'Max': np.float64(0.6581893783040077), 'Min': np.float64(0.0), 'Mean': np.float64(0.03657423117254699), 'Std': np.float64(0.046240483000177135)}
2024-11-17 07:15:00,715 - INFO - Top 10 Mean Stats: {'Max': np.float64(-0.22267014096137144), 'Min': np.float64(-0.7839928556966255), 'Mean': np.float64(-0.4515535422681466), 'Std': np.float64(0.15509178661884063)}
2024-11-17 07:15:00,715 - INFO - Top 10 Std Stats: {'Max': np.float64(0.5095705855890076), 'Min': np.float64(0.19736475130752573), 'Mean': np.float64(0.3093539868901707), 'Std': np.float64(0.10802390565213821)}
2024-11-17 07:15:00,715 - INFO - Bottom 10 Mean Stats: {'Max': np.float64(100.0), 'Min': np.float64(84.0), 'Mean': np.float64(93.0), 'Std': np.float64(5.019960159204453)}
2024-11-17 07:15:00,715 - INFO - Bottom 10 Std Stats: {'Max': np.float64(0.0), 'Min': np.float64(0.0), 'Mean': np.float64(0.0), 'Std': np.float64(0.0)}
[I 2024-11-17 07:15:00,732] Trial 341 finished with value: 10.0 and parameters: {'x_0': -1, 'x_1': 2, 'x_2': -1, 'x_3': 2}. Best is trial 290 with value: 2.0.
2024-11-17 07:15:00,733 - INFO - Candidate Mean Stats: {'Max': np.float64(91.0), 'Min': np.float64(-0.32434949005891867), 'Mean': np.float64(0.7142528696028468), 'Std': np.float64(5.705170917515075)}
2024-11-17 07:15:00,733 - INFO - Candidate Std Stats: {'Max': np.float64(0.43675507844604156), 'Min': np.float64(0.0), 'Mean': np.float64(0.05061061205703673), 'Std': np.float64(0.046057357001506274)}
2024-11-17 07:15:00,734 - INFO - Top 10 Mean Stats: {'Max': np.float64(-0.13737308469694773), 'Min': np.float64(-0.32434949005891867), 'Mean': np.float64(-0.21460829153971814), 'Std': np.float64(0.06301125258628783)}
2024-11-17 07:15:00,734 - INFO - Top 10 Std Stats: {'Max': np.float64(0.38320371376497425), 'Min': np.float64(0.20338031527153266), 'Mean': np.float64(0.3086053823399614), 'Std': np.float64(0.07139199795295326)}
2024-11-17 07:15:00,734 - INFO - Bottom 10 Mean Stats: {'Max': np.float64(91.0), 'Min': np.float64(75.0), 'Mean': np.float64(78.1), 'Std': np.float64(5.08822169328342)}
2024-11-17 07:15:00,734 - INFO - Bottom 10 Std Stats: {'Max': np.float64(0.0), 'Min': np.float64(0.0), 'Mean': np.float64(0.0), 'Std': np.float64(0.0)}
[I 2024-11-17 07:15:00,752] Trial 321 finished with value: 50.0 and parameters: {'x_0': 0, 'x_1': -3, 'x_2': -5, 'x_3': -4}. Best is trial 320 with value: 0.0.
2024-11-17 07:15:00,809 - INFO - Candidate Mean Stats: {'Max': np.float64(100.0), 'Min': np.float64(-0.21755218292389902), 'Mean': np.float64(1.1064333693740223), 'Std': np.float64(7.9157577730835875)}
2024-11-17 07:15:00,809 - INFO - Candidate Std Stats: {'Max': np.float64(0.46097081025694125), 'Min': np.float64(0.0), 'Mean': np.float64(0.04686660967561157), 'Std': np.float64(0.0416528851479398)}
2024-11-17 07:15:00,811 - INFO - Top 10 Mean Stats: {'Max': np.float64(-0.14378552457025312), 'Min': np.float64(-0.21755218292389902), 'Mean': np.float64(-0.17659843221318663), 'Std': np.float64(0.021599588036647924)}
2024-11-17 07:15:00,811 - INFO - Top 10 Std Stats: {'Max': np.float64(0.46097081025694125), 'Min': np.float64(0.27238515496576776), 'Mean': np.float64(0.35631177396277636), 'Std': np.float64(0.0557857186692249)}
2024-11-17 07:15:00,811 - INFO - Bottom 10 Mean Stats: {'Max': np.float64(100.0), 'Min': np.float64(91.0), 'Mean': np.float64(95.5), 'Std': np.float64(4.5)}
2024-11-17 07:15:00,811 - INFO - Bottom 10 Std Stats: {'Max': np.float64(0.0), 'Min': np.float64(0.0), 'Mean': np.float64(0.0), 'Std': np.float64(0.0)}
[I 2024-11-17 07:15:00,829] Trial 342 finished with value: 30.0 and parameters: {'x_0': -3, 'x_1': -1, 'x_2': 4, 'x_3': 2}. Best is trial 179 with value: 1.0.
2024-11-17 07:15:00,899 - INFO - Candidate Mean Stats: {'Max': np.float64(100.0), 'Min': np.float64(-0.5377440944446011), 'Mean': np.float64(0.94427112785884), 'Std': np.float64(7.086384416195299)}
2024-11-17 07:15:00,900 - INFO - Candidate Std Stats: {'Max': np.float64(0.5038596999306124), 'Min': np.float64(0.0), 'Mean': np.float64(0.03252748191323394), 'Std': np.float64(0.039053913923175386)}
2024-11-17 07:15:00,901 - INFO - Top 10 Mean Stats: {'Max': np.float64(-0.18108534191111386), 'Min': np.float64(-0.5377440944446011), 'Mean': np.float64(-0.32663202510235034), 'Std': np.float64(0.1253758351673618)}
2024-11-17 07:15:00,901 - INFO - Top 10 Std Stats: {'Max': np.float64(0.48883717076022826), 'Min': np.float64(0.1644115546695083), 'Mean': np.float64(0.310120721296389), 'Std': np.float64(0.10273864761591928)}
2024-11-17 07:15:00,901 - INFO - Bottom 10 Mean Stats: {'Max': np.float64(100.0), 'Min': np.float64(84.0), 'Mean': np.float64(93.0), 'Std': np.float64(5.019960159204453)}
2024-11-17 07:15:00,901 - INFO - Bottom 10 Std Stats: {'Max': np.float64(0.0), 'Min': np.float64(0.0), 'Mean': np.float64(0.0), 'Std': np.float64(0.0)}
[I 2024-11-17 07:15:00,919] Trial 342 finished with value: 15.0 and parameters: {'x_0': -1, 'x_1': -1, 'x_2': -3, 'x_3': 2}. Best is trial 290 with value: 2.0.
2024-11-17 07:15:01,081 - INFO - Candidate Mean Stats: {'Max': np.float64(91.0), 'Min': np.float64(-0.48688940938994413), 'Mean': np.float64(0.7149494363616818), 'Std': np.float64(5.72006881379428)}
2024-11-17 07:15:01,082 - INFO - Candidate Std Stats: {'Max': np.float64(0.6046148783786764), 'Min': np.float64(0.0), 'Mean': np.float64(0.05117745382052569), 'Std': np.float64(0.04781262584244409)}
2024-11-17 07:15:01,083 - INFO - Top 10 Mean Stats: {'Max': np.float64(-0.31540649987555786), 'Min': np.float64(-0.48688940938994413), 'Mean': np.float64(-0.4008003831725839), 'Std': np.float64(0.04784244541182571)}
2024-11-17 07:15:01,083 - INFO - Top 10 Std Stats: {'Max': np.float64(0.35291756397088075), 'Min': np.float64(0.2529637369431588), 'Mean': np.float64(0.28270598490099846), 'Std': np.float64(0.028630899704780693)}
2024-11-17 07:15:01,083 - INFO - Bottom 10 Mean Stats: {'Max': np.float64(91.0), 'Min': np.float64(75.0), 'Mean': np.float64(78.1), 'Std': np.float64(5.08822169328342)}
2024-11-17 07:15:01,083 - INFO - Bottom 10 Std Stats: {'Max': np.float64(0.0), 'Min': np.float64(0.0), 'Mean': np.float64(0.0), 'Std': np.float64(0.0)}
2024-11-17 07:15:01,090 - INFO - Candidate Mean Stats: {'Max': np.float64(100.0), 'Min': np.float64(-0.2844489345567067), 'Mean': np.float64(1.1047937953432518), 'Std': np.float64(7.919862780404819)}
2024-11-17 07:15:01,090 - INFO - Candidate Std Stats: {'Max': np.float64(0.562295598812106), 'Min': np.float64(0.0), 'Mean': np.float64(0.04742377780018228), 'Std': np.float64(0.044328863589878566)}
2024-11-17 07:15:01,091 - INFO - Top 10 Mean Stats: {'Max': np.float64(-0.1188461391260875), 'Min': np.float64(-0.2844489345567067), 'Mean': np.float64(-0.1700789653250389), 'Std': np.float64(0.04967673798003006)}
2024-11-17 07:15:01,091 - INFO - Top 10 Std Stats: {'Max': np.float64(0.562295598812106), 'Min': np.float64(0.2979952161185787), 'Mean': np.float64(0.36798432642342194), 'Std': np.float64(0.07858231885220514)}
2024-11-17 07:15:01,092 - INFO - Bottom 10 Mean Stats: {'Max': np.float64(100.0), 'Min': np.float64(91.0), 'Mean': np.float64(95.5), 'Std': np.float64(4.5)}
2024-11-17 07:15:01,092 - INFO - Bottom 10 Std Stats: {'Max': np.float64(0.0), 'Min': np.float64(0.0), 'Mean': np.float64(0.0), 'Std': np.float64(0.0)}
[I 2024-11-17 07:15:01,101] Trial 322 finished with value: 1.0 and parameters: {'x_0': 0, 'x_1': 0, 'x_2': 1, 'x_3': 0}. Best is trial 320 with value: 0.0.
2024-11-17 07:15:01,106 - INFO - Candidate Mean Stats: {'Max': np.float64(100.0), 'Min': np.float64(-0.46858465846224495), 'Mean': np.float64(0.9445121510376341), 'Std': np.float64(7.087390241427769)}
2024-11-17 07:15:01,106 - INFO - Candidate Std Stats: {'Max': np.float64(0.4876042957287844), 'Min': np.float64(0.0), 'Mean': np.float64(0.03439313269468213), 'Std': np.float64(0.04328702334295706)}
2024-11-17 07:15:01,107 - INFO - Top 10 Mean Stats: {'Max': np.float64(-0.157706875891426), 'Min': np.float64(-0.46858465846224495), 'Mean': np.float64(-0.24792919409020014), 'Std': np.float64(0.10793692025922821)}
2024-11-17 07:15:01,107 - INFO - Top 10 Std Stats: {'Max': np.float64(0.44230884498008005), 'Min': np.float64(0.1976950856896029), 'Mean': np.float64(0.34307759035746427), 'Std': np.float64(0.07460941619041381)}
2024-11-17 07:15:01,107 - INFO - Bottom 10 Mean Stats: {'Max': np.float64(100.0), 'Min': np.float64(84.0), 'Mean': np.float64(93.0), 'Std': np.float64(5.019960159204453)}
2024-11-17 07:15:01,107 - INFO - Bottom 10 Std Stats: {'Max': np.float64(0.0), 'Min': np.float64(0.0), 'Mean': np.float64(0.0), 'Std': np.float64(0.0)}
[I 2024-11-17 07:15:01,109] Trial 343 finished with value: 1.0 and parameters: {'x_0': 0, 'x_1': 1, 'x_2': 0, 'x_3': 0}. Best is trial 179 with value: 1.0.
[I 2024-11-17 07:15:01,123] Trial 343 finished with value: 18.0 and parameters: {'x_0': -1, 'x_1': 2, 'x_2': -3, 'x_3': 2}. Best is trial 290 with value: 2.0.
2024-11-17 07:15:01,328 - INFO - Candidate Mean Stats: {'Max': np.float64(100.0), 'Min': np.float64(-0.7605484675220673), 'Mean': np.float64(0.9356394786100982), 'Std': np.float64(7.090073738946922)}
2024-11-17 07:15:01,328 - INFO - Candidate Std Stats: {'Max': np.float64(0.46848497545799456), 'Min': np.float64(0.0), 'Mean': np.float64(0.040920284066073946), 'Std': np.float64(0.046915580323466495)}
2024-11-17 07:15:01,329 - INFO - Top 10 Mean Stats: {'Max': np.float64(-0.2592460410462424), 'Min': np.float64(-0.7605484675220673), 'Mean': np.float64(-0.3393346696637447), 'Std': np.float64(0.14311560425766823)}
2024-11-17 07:15:01,329 - INFO - Top 10 Std Stats: {'Max': np.float64(0.43028155072822394), 'Min': np.float64(0.28663765720067), 'Mean': np.float64(0.34703833248361393), 'Std': np.float64(0.045233214432458195)}
2024-11-17 07:15:01,330 - INFO - Bottom 10 Mean Stats: {'Max': np.float64(100.0), 'Min': np.float64(84.0), 'Mean': np.float64(93.0), 'Std': np.float64(5.019960159204453)}
2024-11-17 07:15:01,330 - INFO - Bottom 10 Std Stats: {'Max': np.float64(0.0), 'Min': np.float64(0.0), 'Mean': np.float64(0.0), 'Std': np.float64(0.0)}
2024-11-17 07:15:01,334 - INFO - Candidate Mean Stats: {'Max': np.float64(100.0), 'Min': np.float64(-0.20355746922244533), 'Mean': np.float64(1.1106302207239607), 'Std': np.float64(7.919075917041748)}
2024-11-17 07:15:01,334 - INFO - Candidate Std Stats: {'Max': np.float64(0.4843694783775349), 'Min': np.float64(0.0), 'Mean': np.float64(0.04652126493791652), 'Std': np.float64(0.042645243040912884)}
2024-11-17 07:15:01,336 - INFO - Top 10 Mean Stats: {'Max': np.float64(-0.057600957439075694), 'Min': np.float64(-0.1949659061273978), 'Mean': np.float64(-0.1335435276138856), 'Std': np.float64(0.039875727022590804)}
2024-11-17 07:15:01,336 - INFO - Top 10 Std Stats: {'Max': np.float64(0.4843694783775349), 'Min': np.float64(0.27067574706708963), 'Mean': np.float64(0.3506438661707242), 'Std': np.float64(0.057879316576137825)}
2024-11-17 07:15:01,336 - INFO - Bottom 10 Mean Stats: {'Max': np.float64(100.0), 'Min': np.float64(91.0), 'Mean': np.float64(95.5), 'Std': np.float64(4.5)}
2024-11-17 07:15:01,336 - INFO - Bottom 10 Std Stats: {'Max': np.float64(0.0), 'Min': np.float64(0.0), 'Mean': np.float64(0.0), 'Std': np.float64(0.0)}
[I 2024-11-17 07:15:01,349] Trial 344 finished with value: 18.0 and parameters: {'x_0': -1, 'x_1': -2, 'x_2': -3, 'x_3': 2}. Best is trial 290 with value: 2.0.
[I 2024-11-17 07:15:01,353] Trial 344 finished with value: 50.0 and parameters: {'x_0': -4, 'x_1': -5, 'x_2': 0, 'x_3': -3}. Best is trial 179 with value: 1.0.
2024-11-17 07:15:01,390 - INFO - Candidate Mean Stats: {'Max': np.float64(91.0), 'Min': np.float64(-0.3631441872774611), 'Mean': np.float64(0.7160148365662223), 'Std': np.float64(5.719915157978273)}
2024-11-17 07:15:01,391 - INFO - Candidate Std Stats: {'Max': np.float64(0.43476318018113624), 'Min': np.float64(0.0), 'Mean': np.float64(0.05456892991336866), 'Std': np.float64(0.046671497624518936)}
2024-11-17 07:15:01,392 - INFO - Top 10 Mean Stats: {'Max': np.float64(-0.13503303877312575), 'Min': np.float64(-0.3631441872774611), 'Mean': np.float64(-0.21248731464161952), 'Std': np.float64(0.0655992917052061)}
2024-11-17 07:15:01,392 - INFO - Top 10 Std Stats: {'Max': np.float64(0.43476318018113624), 'Min': np.float64(0.22381280087009464), 'Mean': np.float64(0.36195931020521444), 'Std': np.float64(0.05479901881890603)}
2024-11-17 07:15:01,392 - INFO - Bottom 10 Mean Stats: {'Max': np.float64(91.0), 'Min': np.float64(75.0), 'Mean': np.float64(78.1), 'Std': np.float64(5.08822169328342)}
2024-11-17 07:15:01,392 - INFO - Bottom 10 Std Stats: {'Max': np.float64(0.0), 'Min': np.float64(0.0), 'Mean': np.float64(0.0), 'Std': np.float64(0.0)}
[I 2024-11-17 07:15:01,410] Trial 323 finished with value: 73.0 and parameters: {'x_0': 4, 'x_1': 4, 'x_2': 5, 'x_3': -4}. Best is trial 320 with value: 0.0.
2024-11-17 07:15:01,489 - INFO - Candidate Mean Stats: {'Max': np.float64(100.0), 'Min': np.float64(-0.6473570040490667), 'Mean': np.float64(0.941829564931551), 'Std': np.float64(7.090888838136166)}
2024-11-17 07:15:01,489 - INFO - Candidate Std Stats: {'Max': np.float64(0.42912662576176536), 'Min': np.float64(0.0), 'Mean': np.float64(0.023747274638737548), 'Std': np.float64(0.03574052804070303)}
2024-11-17 07:15:01,490 - INFO - Top 10 Mean Stats: {'Max': np.float64(-0.3741038186141008), 'Min': np.float64(-0.6473570040490667), 'Mean': np.float64(-0.5257866676526162), 'Std': np.float64(0.07286095194925395)}
2024-11-17 07:15:01,490 - INFO - Top 10 Std Stats: {'Max': np.float64(0.1957101569376907), 'Min': np.float64(0.08943142731206881), 'Mean': np.float64(0.15137892255731664), 'Std': np.float64(0.0333963972536002)}
2024-11-17 07:15:01,490 - INFO - Bottom 10 Mean Stats: {'Max': np.float64(100.0), 'Min': np.float64(84.0), 'Mean': np.float64(93.0), 'Std': np.float64(5.019960159204453)}
2024-11-17 07:15:01,490 - INFO - Bottom 10 Std Stats: {'Max': np.float64(0.0), 'Min': np.float64(0.0), 'Mean': np.float64(0.0), 'Std': np.float64(0.0)}
[I 2024-11-17 07:15:01,507] Trial 345 finished with value: 6.0 and parameters: {'x_0': -1, 'x_1': -1, 'x_2': 0, 'x_3': -2}. Best is trial 290 with value: 2.0.
2024-11-17 07:15:01,582 - INFO - Candidate Mean Stats: {'Max': np.float64(100.0), 'Min': np.float64(-0.25369846668930235), 'Mean': np.float64(1.1060018626085246), 'Std': np.float64(7.930443564088406)}
2024-11-17 07:15:01,582 - INFO - Candidate Std Stats: {'Max': np.float64(0.4744040263146128), 'Min': np.float64(0.0), 'Mean': np.float64(0.04903486292399393), 'Std': np.float64(0.044679706595571314)}
2024-11-17 07:15:01,583 - INFO - Top 10 Mean Stats: {'Max': np.float64(-0.1645270047390696), 'Min': np.float64(-0.25369846668930235), 'Mean': np.float64(-0.21011028581040078), 'Std': np.float64(0.02841488571274497)}
2024-11-17 07:15:01,584 - INFO - Top 10 Std Stats: {'Max': np.float64(0.4744040263146128), 'Min': np.float64(0.27634343340134127), 'Mean': np.float64(0.4064471341837896), 'Std': np.float64(0.0624334851166309)}
2024-11-17 07:15:01,584 - INFO - Bottom 10 Mean Stats: {'Max': np.float64(100.0), 'Min': np.float64(91.0), 'Mean': np.float64(95.5), 'Std': np.float64(4.5)}
2024-11-17 07:15:01,584 - INFO - Bottom 10 Std Stats: {'Max': np.float64(0.0), 'Min': np.float64(0.0), 'Mean': np.float64(0.0), 'Std': np.float64(0.0)}
[I 2024-11-17 07:15:01,603] Trial 345 finished with value: 11.0 and parameters: {'x_0': 0, 'x_1': 1, 'x_2': -1, 'x_3': -3}. Best is trial 179 with value: 1.0.
2024-11-17 07:15:01,710 - INFO - Candidate Mean Stats: {'Max': np.float64(91.0), 'Min': np.float64(-0.5817509342678522), 'Mean': np.float64(0.7226584867137704), 'Std': np.float64(5.750813857404093)}
2024-11-17 07:15:01,710 - INFO - Candidate Std Stats: {'Max': np.float64(0.6186384514789621), 'Min': np.float64(0.0), 'Mean': np.float64(0.043513421775093916), 'Std': np.float64(0.05031866759125031)}
2024-11-17 07:15:01,711 - INFO - Top 10 Mean Stats: {'Max': np.float64(-0.29913815747516276), 'Min': np.float64(-0.5817509342678522), 'Mean': np.float64(-0.5136390580275774), 'Std': np.float64(0.07572211710137111)}
2024-11-17 07:15:01,712 - INFO - Top 10 Std Stats: {'Max': np.float64(0.29929142854095186), 'Min': np.float64(0.19644093938919063), 'Mean': np.float64(0.24200590045749654), 'Std': np.float64(0.033625498167112404)}
2024-11-17 07:15:01,712 - INFO - Bottom 10 Mean Stats: {'Max': np.float64(91.0), 'Min': np.float64(75.0), 'Mean': np.float64(78.1), 'Std': np.float64(5.08822169328342)}
2024-11-17 07:15:01,712 - INFO - Bottom 10 Std Stats: {'Max': np.float64(0.0), 'Min': np.float64(0.0), 'Mean': np.float64(0.0), 'Std': np.float64(0.0)}
2024-11-17 07:15:01,721 - INFO - Candidate Mean Stats: {'Max': np.float64(100.0), 'Min': np.float64(-0.21897330845757432), 'Mean': np.float64(0.9465968842557421), 'Std': np.float64(7.090412543532619)}
2024-11-17 07:15:01,721 - INFO - Candidate Std Stats: {'Max': np.float64(0.4620238105174059), 'Min': np.float64(0.0), 'Mean': np.float64(0.033949843531291025), 'Std': np.float64(0.04061998783484657)}
2024-11-17 07:15:01,723 - INFO - Top 10 Mean Stats: {'Max': np.float64(-0.017442582811838116), 'Min': np.float64(-0.21897330845757432), 'Mean': np.float64(-0.16092898394335525), 'Std': np.float64(0.05167126133678054)}
2024-11-17 07:15:01,723 - INFO - Top 10 Std Stats: {'Max': np.float64(0.4572190844631333), 'Min': np.float64(0.2441021833184549), 'Mean': np.float64(0.32922403320238247), 'Std': np.float64(0.053185869993309855)}
2024-11-17 07:15:01,723 - INFO - Bottom 10 Mean Stats: {'Max': np.float64(100.0), 'Min': np.float64(84.0), 'Mean': np.float64(93.0), 'Std': np.float64(5.019960159204453)}
2024-11-17 07:15:01,723 - INFO - Bottom 10 Std Stats: {'Max': np.float64(0.0), 'Min': np.float64(0.0), 'Mean': np.float64(0.0), 'Std': np.float64(0.0)}
[I 2024-11-17 07:15:01,731] Trial 324 finished with value: 2.0 and parameters: {'x_0': 0, 'x_1': -1, 'x_2': 1, 'x_3': 0}. Best is trial 320 with value: 0.0.
