[I 2024-11-17 07:14:05,787] Trial 127 finished with value: 54.0 and parameters: {'x_0': -3, 'x_1': -5, 'x_2': 2, 'x_3': -4}. Best is trial 91 with value: 5.0.
2024-11-17 07:14:05,928 - INFO - Candidate Mean Stats: {'Max': np.float64(84.0), 'Min': np.float64(-0.2936361597890167), 'Mean': np.float64(0.35971393342472047), 'Std': np.float64(4.1445494502959175)}
2024-11-17 07:14:05,928 - INFO - Candidate Std Stats: {'Max': np.float64(0.7977228917618452), 'Min': np.float64(0.0), 'Mean': np.float64(0.06119201314029599), 'Std': np.float64(0.05288527488414409)}
2024-11-17 07:14:05,930 - INFO - Top 10 Mean Stats: {'Max': np.float64(-0.16934080481790262), 'Min': np.float64(-0.2936361597890167), 'Mean': np.float64(-0.22393162187672014), 'Std': np.float64(0.04069074196631733)}
2024-11-17 07:14:05,930 - INFO - Top 10 Std Stats: {'Max': np.float64(0.7977228917618452), 'Min': np.float64(0.3108406758512326), 'Mean': np.float64(0.44969652817942807), 'Std': np.float64(0.1311678811627721)}
2024-11-17 07:14:05,930 - INFO - Bottom 10 Mean Stats: {'Max': np.float64(84.0), 'Min': np.float64(66.0), 'Mean': np.float64(73.4), 'Std': np.float64(6.003332407921454)}
2024-11-17 07:14:05,930 - INFO - Bottom 10 Std Stats: {'Max': np.float64(0.0), 'Min': np.float64(0.0), 'Mean': np.float64(0.0), 'Std': np.float64(0.0)}
2024-11-17 07:14:05,951 - INFO - Candidate Mean Stats: {'Max': np.float64(100.0), 'Min': np.float64(-0.4185492037428535), 'Mean': np.float64(0.41961545539123446), 'Std': np.float64(4.831031000475411)}
2024-11-17 07:14:05,951 - INFO - Candidate Std Stats: {'Max': np.float64(0.7411252647462961), 'Min': np.float64(0.0), 'Mean': np.float64(0.060538388629891846), 'Std': np.float64(0.04922617267065327)}
2024-11-17 07:14:05,952 - INFO - Top 10 Mean Stats: {'Max': np.float64(-0.12689766745902067), 'Min': np.float64(-0.4185492037428535), 'Mean': np.float64(-0.2173928975244857), 'Std': np.float64(0.0736190465395734)}
2024-11-17 07:14:05,952 - INFO - Top 10 Std Stats: {'Max': np.float64(0.5248128272042117), 'Min': np.float64(0.3467102622286182), 'Mean': np.float64(0.43930319034784837), 'Std': np.float64(0.05126705423381952)}
2024-11-17 07:14:05,952 - INFO - Bottom 10 Mean Stats: {'Max': np.float64(100.0), 'Min': np.float64(84.0), 'Mean': np.float64(89.3), 'Std': np.float64(6.1489836558572835)}
2024-11-17 07:14:05,952 - INFO - Bottom 10 Std Stats: {'Max': np.float64(0.0), 'Min': np.float64(0.0), 'Mean': np.float64(0.0), 'Std': np.float64(0.0)}
[I 2024-11-17 07:14:05,953] Trial 133 finished with value: 13.0 and parameters: {'x_0': -2, 'x_1': 1, 'x_2': -2, 'x_3': 2}. Best is trial 76 with value: 7.0.
[I 2024-11-17 07:14:05,967] Trial 134 finished with value: 91.0 and parameters: {'x_0': 5, 'x_1': -5, 'x_2': -4, 'x_3': 5}. Best is trial 84 with value: 10.0.
2024-11-17 07:14:06,008 - INFO - Candidate Mean Stats: {'Max': np.float64(75.0), 'Min': np.float64(-0.29398688965118014), 'Mean': np.float64(0.3205943919281111), 'Std': np.float64(3.796656492566781)}
2024-11-17 07:14:06,008 - INFO - Candidate Std Stats: {'Max': np.float64(0.45109058856218937), 'Min': np.float64(0.0), 'Mean': np.float64(0.06570885997925546), 'Std': np.float64(0.047623839813942005)}
2024-11-17 07:14:06,009 - INFO - Top 10 Mean Stats: {'Max': np.float64(-0.14348436060913428), 'Min': np.float64(-0.29398688965118014), 'Mean': np.float64(-0.20954844783870982), 'Std': np.float64(0.0407718833547091)}
2024-11-17 07:14:06,009 - INFO - Top 10 Std Stats: {'Max': np.float64(0.45109058856218937), 'Min': np.float64(0.29435479894959093), 'Mean': np.float64(0.35401501807551866), 'Std': np.float64(0.04937384355640859)}
2024-11-17 07:14:06,009 - INFO - Bottom 10 Mean Stats: {'Max': np.float64(75.0), 'Min': np.float64(60.0), 'Mean': np.float64(67.0), 'Std': np.float64(5.585696017507576)}
2024-11-17 07:14:06,009 - INFO - Bottom 10 Std Stats: {'Max': np.float64(0.0), 'Min': np.float64(0.0), 'Mean': np.float64(0.0), 'Std': np.float64(0.0)}
[I 2024-11-17 07:14:06,024] Trial 128 finished with value: 31.0 and parameters: {'x_0': 2, 'x_1': 5, 'x_2': 1, 'x_3': 1}. Best is trial 91 with value: 5.0.
2024-11-17 07:14:06,149 - INFO - Candidate Mean Stats: {'Max': np.float64(100.0), 'Min': np.float64(-0.2386751961044064), 'Mean': np.float64(0.43086815718698457), 'Std': np.float64(4.888272840194166)}
2024-11-17 07:14:06,149 - INFO - Candidate Std Stats: {'Max': np.float64(0.8091974747559605), 'Min': np.float64(0.0), 'Mean': np.float64(0.05399154235859141), 'Std': np.float64(0.05055739062558053)}
2024-11-17 07:14:06,150 - INFO - Top 10 Mean Stats: {'Max': np.float64(0.0416800983838852), 'Min': np.float64(-0.2386751961044064), 'Mean': np.float64(-0.09806083139498196), 'Std': np.float64(0.09383254239110336)}
2024-11-17 07:14:06,150 - INFO - Top 10 Std Stats: {'Max': np.float64(0.8091974747559605), 'Min': np.float64(0.3601131923887519), 'Mean': np.float64(0.6082243695889175), 'Std': np.float64(0.13088393387197086)}
2024-11-17 07:14:06,150 - INFO - Bottom 10 Mean Stats: {'Max': np.float64(100.0), 'Min': np.float64(84.0), 'Mean': np.float64(90.0), 'Std': np.float64(5.89915248150105)}
2024-11-17 07:14:06,151 - INFO - Bottom 10 Std Stats: {'Max': np.float64(0.0), 'Min': np.float64(0.0), 'Mean': np.float64(0.0), 'Std': np.float64(0.0)}
[I 2024-11-17 07:14:06,165] Trial 135 finished with value: 75.0 and parameters: {'x_0': 5, 'x_1': 0, 'x_2': -5, 'x_3': 5}. Best is trial 84 with value: 10.0.
2024-11-17 07:14:06,254 - INFO - Candidate Mean Stats: {'Max': np.float64(84.0), 'Min': np.float64(-0.3249862865328962), 'Mean': np.float64(0.36042910731378547), 'Std': np.float64(4.1458713811821495)}
2024-11-17 07:14:06,254 - INFO - Candidate Std Stats: {'Max': np.float64(0.5324849760116289), 'Min': np.float64(0.0), 'Mean': np.float64(0.062499484057108104), 'Std': np.float64(0.04915167122983498)}
2024-11-17 07:14:06,256 - INFO - Top 10 Mean Stats: {'Max': np.float64(-0.08835642498538615), 'Min': np.float64(-0.3249862865328962), 'Mean': np.float64(-0.18862800350013173), 'Std': np.float64(0.06068055135796853)}
2024-11-17 07:14:06,256 - INFO - Top 10 Std Stats: {'Max': np.float64(0.4853185875010512), 'Min': np.float64(0.30317069821387993), 'Mean': np.float64(0.3833874745242813), 'Std': np.float64(0.04825037792782645)}
2024-11-17 07:14:06,256 - INFO - Bottom 10 Mean Stats: {'Max': np.float64(84.0), 'Min': np.float64(66.0), 'Mean': np.float64(73.4), 'Std': np.float64(6.003332407921454)}
2024-11-17 07:14:06,256 - INFO - Bottom 10 Std Stats: {'Max': np.float64(0.0), 'Min': np.float64(0.0), 'Mean': np.float64(0.0), 'Std': np.float64(0.0)}
2024-11-17 07:14:06,265 - INFO - Candidate Mean Stats: {'Max': np.float64(75.0), 'Min': np.float64(-0.21796098971021274), 'Mean': np.float64(0.32288126892799485), 'Std': np.float64(3.8050761925906618)}
2024-11-17 07:14:06,265 - INFO - Candidate Std Stats: {'Max': np.float64(0.3613958531820561), 'Min': np.float64(0.0), 'Mean': np.float64(0.06427077452747353), 'Std': np.float64(0.04145571059734437)}
2024-11-17 07:14:06,267 - INFO - Top 10 Mean Stats: {'Max': np.float64(-0.13414988745207124), 'Min': np.float64(-0.19198218342205203), 'Mean': np.float64(-0.16664190371796234), 'Std': np.float64(0.017219192440583255)}
2024-11-17 07:14:06,267 - INFO - Top 10 Std Stats: {'Max': np.float64(0.3613958531820561), 'Min': np.float64(0.27486950859111076), 'Mean': np.float64(0.3042890779440883), 'Std': np.float64(0.02998430960896765)}
2024-11-17 07:14:06,267 - INFO - Bottom 10 Mean Stats: {'Max': np.float64(75.0), 'Min': np.float64(60.0), 'Mean': np.float64(67.0), 'Std': np.float64(5.585696017507576)}
2024-11-17 07:14:06,267 - INFO - Bottom 10 Std Stats: {'Max': np.float64(0.0), 'Min': np.float64(0.0), 'Mean': np.float64(0.0), 'Std': np.float64(0.0)}
[I 2024-11-17 07:14:06,270] Trial 134 finished with value: 51.0 and parameters: {'x_0': 4, 'x_1': 5, 'x_2': -3, 'x_3': -1}. Best is trial 76 with value: 7.0.
[I 2024-11-17 07:14:06,282] Trial 129 finished with value: 75.0 and parameters: {'x_0': 4, 'x_1': -5, 'x_2': -3, 'x_3': 5}. Best is trial 91 with value: 5.0.
2024-11-17 07:14:06,407 - INFO - Candidate Mean Stats: {'Max': np.float64(100.0), 'Min': np.float64(-0.353759067503019), 'Mean': np.float64(0.43156707828366636), 'Std': np.float64(4.9273071475878005)}
2024-11-17 07:14:06,408 - INFO - Candidate Std Stats: {'Max': np.float64(0.7477309248932152), 'Min': np.float64(0.0), 'Mean': np.float64(0.05251139198078266), 'Std': np.float64(0.05218487902267255)}
2024-11-17 07:14:06,409 - INFO - Top 10 Mean Stats: {'Max': np.float64(0.06858867539707668), 'Min': np.float64(-0.353759067503019), 'Mean': np.float64(-0.1527499266541927), 'Std': np.float64(0.12330790701252889)}
2024-11-17 07:14:06,409 - INFO - Top 10 Std Stats: {'Max': np.float64(0.7477309248932152), 'Min': np.float64(0.3368644858387245), 'Mean': np.float64(0.47450793327912155), 'Std': np.float64(0.12959397958920335)}
2024-11-17 07:14:06,409 - INFO - Bottom 10 Mean Stats: {'Max': np.float64(100.0), 'Min': np.float64(84.0), 'Mean': np.float64(90.0), 'Std': np.float64(5.89915248150105)}
2024-11-17 07:14:06,409 - INFO - Bottom 10 Std Stats: {'Max': np.float64(0.0), 'Min': np.float64(0.0), 'Mean': np.float64(0.0), 'Std': np.float64(0.0)}
[I 2024-11-17 07:14:06,423] Trial 136 finished with value: 100.0 and parameters: {'x_0': 5, 'x_1': 5, 'x_2': -5, 'x_3': 5}. Best is trial 84 with value: 10.0.
2024-11-17 07:14:06,497 - INFO - Candidate Mean Stats: {'Max': np.float64(75.0), 'Min': np.float64(-0.26627589030769283), 'Mean': np.float64(0.32848555825807196), 'Std': np.float64(3.854777919806715)}
2024-11-17 07:14:06,497 - INFO - Candidate Std Stats: {'Max': np.float64(0.4205847075660591), 'Min': np.float64(0.0), 'Mean': np.float64(0.06294414580971501), 'Std': np.float64(0.05120294650527767)}
2024-11-17 07:14:06,498 - INFO - Top 10 Mean Stats: {'Max': np.float64(-0.1454264796289579), 'Min': np.float64(-0.26627589030769283), 'Mean': np.float64(-0.21574434523599945), 'Std': np.float64(0.033191859594363333)}
2024-11-17 07:14:06,499 - INFO - Top 10 Std Stats: {'Max': np.float64(0.4205847075660591), 'Min': np.float64(0.32072796492944916), 'Mean': np.float64(0.38500471342487774), 'Std': np.float64(0.02864253598604058)}
2024-11-17 07:14:06,499 - INFO - Bottom 10 Mean Stats: {'Max': np.float64(75.0), 'Min': np.float64(61.0), 'Mean': np.float64(68.5), 'Std': np.float64(5.518151864528558)}
2024-11-17 07:14:06,499 - INFO - Bottom 10 Std Stats: {'Max': np.float64(0.0), 'Min': np.float64(0.0), 'Mean': np.float64(0.0), 'Std': np.float64(0.0)}
[I 2024-11-17 07:14:06,512] Trial 130 finished with value: 24.0 and parameters: {'x_0': 4, 'x_1': -2, 'x_2': 0, 'x_3': -2}. Best is trial 91 with value: 5.0.
2024-11-17 07:14:06,519 - INFO - Candidate Mean Stats: {'Max': np.float64(84.0), 'Min': np.float64(-0.22178323300940642), 'Mean': np.float64(0.36615439195171756), 'Std': np.float64(4.166742984440286)}
2024-11-17 07:14:06,519 - INFO - Candidate Std Stats: {'Max': np.float64(0.4736226334215755), 'Min': np.float64(0.0), 'Mean': np.float64(0.06480533519291), 'Std': np.float64(0.04567506511769721)}
2024-11-17 07:14:06,521 - INFO - Top 10 Mean Stats: {'Max': np.float64(-0.04082805584648368), 'Min': np.float64(-0.22178323300940642), 'Mean': np.float64(-0.158222397690639), 'Std': np.float64(0.057124603221447724)}
2024-11-17 07:14:06,521 - INFO - Top 10 Std Stats: {'Max': np.float64(0.4414429101754148), 'Min': np.float64(0.24246911732820076), 'Mean': np.float64(0.3141911721416162), 'Std': np.float64(0.05741027826842003)}
2024-11-17 07:14:06,521 - INFO - Bottom 10 Mean Stats: {'Max': np.float64(84.0), 'Min': np.float64(66.0), 'Mean': np.float64(73.4), 'Std': np.float64(6.003332407921454)}
2024-11-17 07:14:06,521 - INFO - Bottom 10 Std Stats: {'Max': np.float64(0.0), 'Min': np.float64(0.0), 'Mean': np.float64(0.0), 'Std': np.float64(0.0)}
[I 2024-11-17 07:14:06,539] Trial 135 finished with value: 58.0 and parameters: {'x_0': 4, 'x_1': -1, 'x_2': -4, 'x_3': -5}. Best is trial 76 with value: 7.0.
2024-11-17 07:14:06,657 - INFO - Candidate Mean Stats: {'Max': np.float64(100.0), 'Min': np.float64(-0.6473486328496558), 'Mean': np.float64(0.43788591383147907), 'Std': np.float64(4.9955957219076605)}
2024-11-17 07:14:06,657 - INFO - Candidate Std Stats: {'Max': np.float64(0.8188296149071383), 'Min': np.float64(0.0), 'Mean': np.float64(0.05771637406562196), 'Std': np.float64(0.04918143047039817)}
2024-11-17 07:14:06,658 - INFO - Top 10 Mean Stats: {'Max': np.float64(0.24529999765857968), 'Min': np.float64(-0.6473486328496558), 'Mean': np.float64(-0.20999666177833945), 'Std': np.float64(0.2195829854403447)}
2024-11-17 07:14:06,658 - INFO - Top 10 Std Stats: {'Max': np.float64(0.8188296149071383), 'Min': np.float64(0.28775838705604934), 'Mean': np.float64(0.5349185353778801), 'Std': np.float64(0.1894675083062115)}
2024-11-17 07:14:06,659 - INFO - Bottom 10 Mean Stats: {'Max': np.float64(100.0), 'Min': np.float64(84.0), 'Mean': np.float64(91.6), 'Std': np.float64(6.216108107168021)}
2024-11-17 07:14:06,659 - INFO - Bottom 10 Std Stats: {'Max': np.float64(0.0), 'Min': np.float64(0.0), 'Mean': np.float64(0.0), 'Std': np.float64(0.0)}
[I 2024-11-17 07:14:06,673] Trial 137 finished with value: 84.0 and parameters: {'x_0': 5, 'x_1': -5, 'x_2': -3, 'x_3': 5}. Best is trial 84 with value: 10.0.
2024-11-17 07:14:06,779 - INFO - Candidate Mean Stats: {'Max': np.float64(84.0), 'Min': np.float64(-0.24061903349768649), 'Mean': np.float64(0.3661496082770931), 'Std': np.float64(4.194219295579351)}
2024-11-17 07:14:06,779 - INFO - Candidate Std Stats: {'Max': np.float64(0.5000532498768009), 'Min': np.float64(0.0), 'Mean': np.float64(0.0604845769748764), 'Std': np.float64(0.0504920170616289)}
2024-11-17 07:14:06,780 - INFO - Top 10 Mean Stats: {'Max': np.float64(-0.17434596623305124), 'Min': np.float64(-0.24061903349768649), 'Mean': np.float64(-0.2051445245245446), 'Std': np.float64(0.022345053008955423)}
2024-11-17 07:14:06,780 - INFO - Top 10 Std Stats: {'Max': np.float64(0.4448166867948247), 'Min': np.float64(0.3124024496342897), 'Mean': np.float64(0.37911275149793), 'Std': np.float64(0.03505391162369457)}
2024-11-17 07:14:06,780 - INFO - Candidate Mean Stats: {'Max': np.float64(75.0), 'Min': np.float64(-0.2805416982176751), 'Mean': np.float64(0.32977196748814835), 'Std': np.float64(3.8597697975333283)}
2024-11-17 07:14:06,780 - INFO - Bottom 10 Mean Stats: {'Max': np.float64(84.0), 'Min': np.float64(66.0), 'Mean': np.float64(73.4), 'Std': np.float64(6.003332407921454)}
2024-11-17 07:14:06,781 - INFO - Candidate Std Stats: {'Max': np.float64(0.45395754991582016), 'Min': np.float64(0.0), 'Mean': np.float64(0.06524756099939685), 'Std': np.float64(0.04937864877070491)}
2024-11-17 07:14:06,781 - INFO - Bottom 10 Std Stats: {'Max': np.float64(0.0), 'Min': np.float64(0.0), 'Mean': np.float64(0.0), 'Std': np.float64(0.0)}
2024-11-17 07:14:06,782 - INFO - Top 10 Mean Stats: {'Max': np.float64(-0.18591855371363072), 'Min': np.float64(-0.2805416982176751), 'Mean': np.float64(-0.22401771521496613), 'Std': np.float64(0.030463352738539912)}
2024-11-17 07:14:06,782 - INFO - Top 10 Std Stats: {'Max': np.float64(0.45371402248811465), 'Min': np.float64(0.3484464776480002), 'Mean': np.float64(0.395134342654864), 'Std': np.float64(0.03640297430352503)}
2024-11-17 07:14:06,782 - INFO - Bottom 10 Mean Stats: {'Max': np.float64(75.0), 'Min': np.float64(61.0), 'Mean': np.float64(68.5), 'Std': np.float64(5.518151864528558)}
2024-11-17 07:14:06,782 - INFO - Bottom 10 Std Stats: {'Max': np.float64(0.0), 'Min': np.float64(0.0), 'Mean': np.float64(0.0), 'Std': np.float64(0.0)}
[I 2024-11-17 07:14:06,795] Trial 136 finished with value: 38.0 and parameters: {'x_0': -3, 'x_1': 0, 'x_2': 5, 'x_3': -2}. Best is trial 76 with value: 7.0.
[I 2024-11-17 07:14:06,796] Trial 131 finished with value: 9.0 and parameters: {'x_0': 1, 'x_1': 0, 'x_2': -2, 'x_3': -2}. Best is trial 91 with value: 5.0.
2024-11-17 07:14:06,965 - INFO - Candidate Mean Stats: {'Max': np.float64(100.0), 'Min': np.float64(-0.320568661460384), 'Mean': np.float64(0.4460997650871888), 'Std': np.float64(5.042893690352698)}
2024-11-17 07:14:06,965 - INFO - Candidate Std Stats: {'Max': np.float64(0.7810297296948817), 'Min': np.float64(0.0), 'Mean': np.float64(0.055069030700557776), 'Std': np.float64(0.055754936913357964)}
2024-11-17 07:14:06,967 - INFO - Top 10 Mean Stats: {'Max': np.float64(-0.018597440305955136), 'Min': np.float64(-0.320568661460384), 'Mean': np.float64(-0.20942695201219594), 'Std': np.float64(0.08655366166887872)}
2024-11-17 07:14:06,967 - INFO - Top 10 Std Stats: {'Max': np.float64(0.5918046537211341), 'Min': np.float64(0.28558467396083054), 'Mean': np.float64(0.4282546276121198), 'Std': np.float64(0.09584169047773505)}
2024-11-17 07:14:06,967 - INFO - Bottom 10 Mean Stats: {'Max': np.float64(100.0), 'Min': np.float64(84.0), 'Mean': np.float64(91.6), 'Std': np.float64(6.216108107168021)}
2024-11-17 07:14:06,968 - INFO - Bottom 10 Std Stats: {'Max': np.float64(0.0), 'Min': np.float64(0.0), 'Mean': np.float64(0.0), 'Std': np.float64(0.0)}
[I 2024-11-17 07:14:06,982] Trial 138 finished with value: 39.0 and parameters: {'x_0': -2, 'x_1': -3, 'x_2': -5, 'x_3': 1}. Best is trial 84 with value: 10.0.
2024-11-17 07:14:07,115 - INFO - Candidate Mean Stats: {'Max': np.float64(84.0), 'Min': np.float64(-0.3209451699232549), 'Mean': np.float64(0.37077228624125086), 'Std': np.float64(4.205559169243705)}
2024-11-17 07:14:07,116 - INFO - Candidate Std Stats: {'Max': np.float64(0.7450204184856383), 'Min': np.float64(0.0), 'Mean': np.float64(0.05964981104005518), 'Std': np.float64(0.05247658271474127)}
2024-11-17 07:14:07,116 - INFO - Candidate Mean Stats: {'Max': np.float64(75.0), 'Min': np.float64(-0.2504342532084934), 'Mean': np.float64(0.3304077203880521), 'Std': np.float64(3.8604311191606437)}
2024-11-17 07:14:07,116 - INFO - Candidate Std Stats: {'Max': np.float64(0.5332986261609087), 'Min': np.float64(0.0), 'Mean': np.float64(0.0654563733661046), 'Std': np.float64(0.047498062106217244)}
2024-11-17 07:14:07,117 - INFO - Top 10 Mean Stats: {'Max': np.float64(-0.18421900865945162), 'Min': np.float64(-0.3209451699232549), 'Mean': np.float64(-0.23294606898080464), 'Std': np.float64(0.0464642062289849)}
2024-11-17 07:14:07,117 - INFO - Top 10 Std Stats: {'Max': np.float64(0.6425972848422143), 'Min': np.float64(0.30122728449557695), 'Mean': np.float64(0.45207883477287447), 'Std': np.float64(0.09799714575101613)}
2024-11-17 07:14:07,117 - INFO - Bottom 10 Mean Stats: {'Max': np.float64(84.0), 'Min': np.float64(66.0), 'Mean': np.float64(73.4), 'Std': np.float64(6.003332407921454)}
2024-11-17 07:14:07,117 - INFO - Bottom 10 Std Stats: {'Max': np.float64(0.0), 'Min': np.float64(0.0), 'Mean': np.float64(0.0), 'Std': np.float64(0.0)}
2024-11-17 07:14:07,118 - INFO - Top 10 Mean Stats: {'Max': np.float64(-0.11512012144714352), 'Min': np.float64(-0.2504342532084934), 'Mean': np.float64(-0.1945935872764933), 'Std': np.float64(0.03592520435148122)}
2024-11-17 07:14:07,118 - INFO - Top 10 Std Stats: {'Max': np.float64(0.5332986261609087), 'Min': np.float64(0.31247626858339095), 'Mean': np.float64(0.38970549694534157), 'Std': np.float64(0.07827053376177083)}
2024-11-17 07:14:07,118 - INFO - Bottom 10 Mean Stats: {'Max': np.float64(75.0), 'Min': np.float64(61.0), 'Mean': np.float64(68.5), 'Std': np.float64(5.518151864528558)}
2024-11-17 07:14:07,118 - INFO - Bottom 10 Std Stats: {'Max': np.float64(0.0), 'Min': np.float64(0.0), 'Mean': np.float64(0.0), 'Std': np.float64(0.0)}
[I 2024-11-17 07:14:07,131] Trial 137 finished with value: 33.0 and parameters: {'x_0': 3, 'x_1': -4, 'x_2': 2, 'x_3': 2}. Best is trial 76 with value: 7.0.
[I 2024-11-17 07:14:07,131] Trial 132 finished with value: 70.0 and parameters: {'x_0': 2, 'x_1': -5, 'x_2': -5, 'x_3': -4}. Best is trial 91 with value: 5.0.
2024-11-17 07:14:07,246 - INFO - Candidate Mean Stats: {'Max': np.float64(100.0), 'Min': np.float64(-0.42599002860396756), 'Mean': np.float64(0.44850949443351595), 'Std': np.float64(5.052966565270168)}
2024-11-17 07:14:07,246 - INFO - Candidate Std Stats: {'Max': np.float64(1.0036317858058241), 'Min': np.float64(0.0), 'Mean': np.float64(0.05212966149097014), 'Std': np.float64(0.050773860237341414)}
2024-11-17 07:14:07,247 - INFO - Top 10 Mean Stats: {'Max': np.float64(0.14300082192601635), 'Min': np.float64(-0.42599002860396756), 'Mean': np.float64(-0.2227522233973945), 'Std': np.float64(0.1519149081432821)}
2024-11-17 07:14:07,247 - INFO - Top 10 Std Stats: {'Max': np.float64(1.0036317858058241), 'Min': np.float64(0.3614586509348821), 'Mean': np.float64(0.6243047725313999), 'Std': np.float64(0.20243690645157453)}
2024-11-17 07:14:07,247 - INFO - Bottom 10 Mean Stats: {'Max': np.float64(100.0), 'Min': np.float64(84.0), 'Mean': np.float64(91.6), 'Std': np.float64(6.216108107168021)}
2024-11-17 07:14:07,247 - INFO - Bottom 10 Std Stats: {'Max': np.float64(0.0), 'Min': np.float64(0.0), 'Mean': np.float64(0.0), 'Std': np.float64(0.0)}
