[I 2024-11-17 07:14:35,912] Trial 250 finished with value: 30.0 and parameters: {'x_0': -5, 'x_1': 0, 'x_2': -2, 'x_3': -1}. Best is trial 179 with value: 1.0.
2024-11-17 07:14:36,003 - INFO - Candidate Mean Stats: {'Max': np.float64(100.0), 'Min': np.float64(-0.1968749224480232), 'Mean': np.float64(0.7504292511417547), 'Std': np.float64(6.42963373912867)}
2024-11-17 07:14:36,004 - INFO - Candidate Std Stats: {'Max': np.float64(0.6418530628068609), 'Min': np.float64(0.0), 'Mean': np.float64(0.05245754827507378), 'Std': np.float64(0.04991546343933527)}
2024-11-17 07:14:36,005 - INFO - Top 10 Mean Stats: {'Max': np.float64(0.03836409112404667), 'Min': np.float64(-0.18224684572811495), 'Mean': np.float64(-0.11077363982495632), 'Std': np.float64(0.07068695071142536)}
2024-11-17 07:14:36,005 - INFO - Top 10 Std Stats: {'Max': np.float64(0.6418530628068609), 'Min': np.float64(0.34855551024736886), 'Mean': np.float64(0.4664406832995843), 'Std': np.float64(0.10358218696111163)}
2024-11-17 07:14:36,005 - INFO - Bottom 10 Mean Stats: {'Max': np.float64(100.0), 'Min': np.float64(84.0), 'Mean': np.float64(90.7), 'Std': np.float64(5.550675634551167)}
2024-11-17 07:14:36,005 - INFO - Bottom 10 Std Stats: {'Max': np.float64(0.0), 'Min': np.float64(0.0), 'Mean': np.float64(0.0), 'Std': np.float64(0.0)}
[I 2024-11-17 07:14:36,020] Trial 243 finished with value: 75.0 and parameters: {'x_0': -5, 'x_1': -3, 'x_2': -5, 'x_3': 4}. Best is trial 190 with value: 6.0.
2024-11-17 07:14:36,098 - INFO - Candidate Mean Stats: {'Max': np.float64(75.0), 'Min': np.float64(-0.35714824979454407), 'Mean': np.float64(0.5879040951564437), 'Std': np.float64(5.182727374505583)}
2024-11-17 07:14:36,098 - INFO - Candidate Std Stats: {'Max': np.float64(0.5785570737361289), 'Min': np.float64(0.0), 'Mean': np.float64(0.05897121403902262), 'Std': np.float64(0.05329203355040035)}
2024-11-17 07:14:36,100 - INFO - Top 10 Mean Stats: {'Max': np.float64(-0.21898453999824846), 'Min': np.float64(-0.33866081222691363), 'Mean': np.float64(-0.2792268993552945), 'Std': np.float64(0.04614435532342453)}
2024-11-17 07:14:36,100 - INFO - Top 10 Std Stats: {'Max': np.float64(0.47719643952657403), 'Min': np.float64(0.3096759331480576), 'Mean': np.float64(0.40642296792292554), 'Std': np.float64(0.059542635386914934)}
2024-11-17 07:14:36,100 - INFO - Bottom 10 Mean Stats: {'Max': np.float64(75.0), 'Min': np.float64(70.0), 'Mean': np.float64(73.6), 'Std': np.float64(1.9595917942265422)}
2024-11-17 07:14:36,100 - INFO - Bottom 10 Std Stats: {'Max': np.float64(0.0), 'Min': np.float64(0.0), 'Mean': np.float64(0.0), 'Std': np.float64(0.0)}
[I 2024-11-17 07:14:36,114] Trial 236 finished with value: 14.0 and parameters: {'x_0': -2, 'x_1': 0, 'x_2': -1, 'x_3': -3}. Best is trial 141 with value: 2.0.
2024-11-17 07:14:36,211 - INFO - Candidate Mean Stats: {'Max': np.float64(100.0), 'Min': np.float64(-0.28980659083359295), 'Mean': np.float64(0.8464416059706525), 'Std': np.float64(7.046093856673143)}
2024-11-17 07:14:36,211 - INFO - Candidate Std Stats: {'Max': np.float64(0.7163699817761006), 'Min': np.float64(0.0), 'Mean': np.float64(0.052167287093923514), 'Std': np.float64(0.04612996712263414)}
2024-11-17 07:14:36,212 - INFO - Top 10 Mean Stats: {'Max': np.float64(-0.07446561866238448), 'Min': np.float64(-0.28980659083359295), 'Mean': np.float64(-0.18623528020395472), 'Std': np.float64(0.05915789849317385)}
2024-11-17 07:14:36,213 - INFO - Top 10 Std Stats: {'Max': np.float64(0.7163699817761006), 'Min': np.float64(0.3298793496429391), 'Mean': np.float64(0.4494840955692833), 'Std': np.float64(0.11545519950809645)}
2024-11-17 07:14:36,213 - INFO - Bottom 10 Mean Stats: {'Max': np.float64(100.0), 'Min': np.float64(91.0), 'Mean': np.float64(95.5), 'Std': np.float64(4.5)}
2024-11-17 07:14:36,213 - INFO - Bottom 10 Std Stats: {'Max': np.float64(0.0), 'Min': np.float64(0.0), 'Mean': np.float64(0.0), 'Std': np.float64(0.0)}
[I 2024-11-17 07:14:36,228] Trial 251 finished with value: 82.0 and parameters: {'x_0': 4, 'x_1': 4, 'x_2': -5, 'x_3': 5}. Best is trial 179 with value: 1.0.
2024-11-17 07:14:36,257 - INFO - Candidate Mean Stats: {'Max': np.float64(100.0), 'Min': np.float64(-0.23142339365580109), 'Mean': np.float64(0.7599424814975969), 'Std': np.float64(6.458340678879049)}
2024-11-17 07:14:36,257 - INFO - Candidate Std Stats: {'Max': np.float64(0.6194579829123935), 'Min': np.float64(0.0), 'Mean': np.float64(0.04825034529894683), 'Std': np.float64(0.04463785825294027)}
2024-11-17 07:14:36,259 - INFO - Top 10 Mean Stats: {'Max': np.float64(0.047584888813303125), 'Min': np.float64(-0.23142339365580109), 'Mean': np.float64(-0.15359076394918514), 'Std': np.float64(0.07323285242302936)}
2024-11-17 07:14:36,259 - INFO - Top 10 Std Stats: {'Max': np.float64(0.5416679893927824), 'Min': np.float64(0.2726324608257217), 'Mean': np.float64(0.38268667440815396), 'Std': np.float64(0.07494194427008459)}
2024-11-17 07:14:36,259 - INFO - Bottom 10 Mean Stats: {'Max': np.float64(100.0), 'Min': np.float64(84.0), 'Mean': np.float64(90.7), 'Std': np.float64(5.550675634551167)}
2024-11-17 07:14:36,259 - INFO - Bottom 10 Std Stats: {'Max': np.float64(0.0), 'Min': np.float64(0.0), 'Mean': np.float64(0.0), 'Std': np.float64(0.0)}
[I 2024-11-17 07:14:36,273] Trial 244 finished with value: 6.0 and parameters: {'x_0': -1, 'x_1': -2, 'x_2': 1, 'x_3': 0}. Best is trial 190 with value: 6.0.
2024-11-17 07:14:36,412 - INFO - Candidate Mean Stats: {'Max': np.float64(75.0), 'Min': np.float64(-0.2916470042962817), 'Mean': np.float64(0.5894586842901578), 'Std': np.float64(5.183844022039171)}
2024-11-17 07:14:36,412 - INFO - Candidate Std Stats: {'Max': np.float64(0.4785842400232319), 'Min': np.float64(0.0), 'Mean': np.float64(0.06146142461894954), 'Std': np.float64(0.051906044978267264)}
2024-11-17 07:14:36,414 - INFO - Top 10 Mean Stats: {'Max': np.float64(-0.1657216507955045), 'Min': np.float64(-0.2916470042962817), 'Mean': np.float64(-0.22331201457549069), 'Std': np.float64(0.03538842805325803)}
2024-11-17 07:14:36,415 - INFO - Top 10 Std Stats: {'Max': np.float64(0.4785842400232319), 'Min': np.float64(0.3065711558504651), 'Mean': np.float64(0.38224226414672796), 'Std': np.float64(0.05639385676982759)}
2024-11-17 07:14:36,415 - INFO - Bottom 10 Mean Stats: {'Max': np.float64(75.0), 'Min': np.float64(70.0), 'Mean': np.float64(73.6), 'Std': np.float64(1.9595917942265422)}
2024-11-17 07:14:36,415 - INFO - Bottom 10 Std Stats: {'Max': np.float64(0.0), 'Min': np.float64(0.0), 'Mean': np.float64(0.0), 'Std': np.float64(0.0)}
[I 2024-11-17 07:14:36,436] Trial 237 finished with value: 9.0 and parameters: {'x_0': -2, 'x_1': 0, 'x_2': -1, 'x_3': 2}. Best is trial 141 with value: 2.0.
2024-11-17 07:14:36,490 - INFO - Candidate Mean Stats: {'Max': np.float64(100.0), 'Min': np.float64(-0.2727916902320508), 'Mean': np.float64(0.8494864875650727), 'Std': np.float64(7.078240607475491)}
2024-11-17 07:14:36,490 - INFO - Candidate Std Stats: {'Max': np.float64(0.5400804151641786), 'Min': np.float64(0.0), 'Mean': np.float64(0.054342319714844926), 'Std': np.float64(0.045960924191988606)}
2024-11-17 07:14:36,491 - INFO - Top 10 Mean Stats: {'Max': np.float64(-0.12991752557811817), 'Min': np.float64(-0.2727916902320508), 'Mean': np.float64(-0.20165150277966246), 'Std': np.float64(0.03612382698510591)}
2024-11-17 07:14:36,491 - INFO - Top 10 Std Stats: {'Max': np.float64(0.5400804151641786), 'Min': np.float64(0.33274247488185565), 'Mean': np.float64(0.3959836770069459), 'Std': np.float64(0.07191910275800911)}
2024-11-17 07:14:36,491 - INFO - Bottom 10 Mean Stats: {'Max': np.float64(100.0), 'Min': np.float64(91.0), 'Mean': np.float64(95.5), 'Std': np.float64(4.5)}
2024-11-17 07:14:36,491 - INFO - Bottom 10 Std Stats: {'Max': np.float64(0.0), 'Min': np.float64(0.0), 'Mean': np.float64(0.0), 'Std': np.float64(0.0)}
[I 2024-11-17 07:14:36,507] Trial 252 finished with value: 76.0 and parameters: {'x_0': 1, 'x_1': -5, 'x_2': 5, 'x_3': 5}. Best is trial 179 with value: 1.0.
2024-11-17 07:14:36,524 - INFO - Candidate Mean Stats: {'Max': np.float64(100.0), 'Min': np.float64(-0.17023810748437013), 'Mean': np.float64(0.7596983694566292), 'Std': np.float64(6.4585590961639605)}
2024-11-17 07:14:36,524 - INFO - Candidate Std Stats: {'Max': np.float64(0.7927155612650718), 'Min': np.float64(0.0), 'Mean': np.float64(0.048160792575124324), 'Std': np.float64(0.043900302893337656)}
2024-11-17 07:14:36,526 - INFO - Top 10 Mean Stats: {'Max': np.float64(-0.12696357217283133), 'Min': np.float64(-0.17023810748437013), 'Mean': np.float64(-0.1496524153352551), 'Std': np.float64(0.011102469462132605)}
2024-11-17 07:14:36,526 - INFO - Top 10 Std Stats: {'Max': np.float64(0.38578774627749834), 'Min': np.float64(0.276844064145858), 'Mean': np.float64(0.31770282000617567), 'Std': np.float64(0.031671978935348)}
2024-11-17 07:14:36,526 - INFO - Bottom 10 Mean Stats: {'Max': np.float64(100.0), 'Min': np.float64(84.0), 'Mean': np.float64(90.7), 'Std': np.float64(5.550675634551167)}
2024-11-17 07:14:36,526 - INFO - Bottom 10 Std Stats: {'Max': np.float64(0.0), 'Min': np.float64(0.0), 'Mean': np.float64(0.0), 'Std': np.float64(0.0)}
[I 2024-11-17 07:14:36,546] Trial 245 finished with value: 58.0 and parameters: {'x_0': -5, 'x_1': 5, 'x_2': 2, 'x_3': 2}. Best is trial 190 with value: 6.0.
2024-11-17 07:14:36,715 - INFO - Candidate Mean Stats: {'Max': np.float64(75.0), 'Min': np.float64(-0.2563217304837657), 'Mean': np.float64(0.589862177710531), 'Std': np.float64(5.184318081852129)}
2024-11-17 07:14:36,715 - INFO - Candidate Std Stats: {'Max': np.float64(0.5568471309145309), 'Min': np.float64(0.0), 'Mean': np.float64(0.06098040703899528), 'Std': np.float64(0.04738229040395552)}
2024-11-17 07:14:36,717 - INFO - Top 10 Mean Stats: {'Max': np.float64(-0.15076609380846218), 'Min': np.float64(-0.2563217304837657), 'Mean': np.float64(-0.19263904081679267), 'Std': np.float64(0.028189807459968595)}
2024-11-17 07:14:36,717 - INFO - Top 10 Std Stats: {'Max': np.float64(0.46129003108760813), 'Min': np.float64(0.2958350796054628), 'Mean': np.float64(0.37180883101678186), 'Std': np.float64(0.050072636946210954)}
2024-11-17 07:14:36,717 - INFO - Bottom 10 Mean Stats: {'Max': np.float64(75.0), 'Min': np.float64(70.0), 'Mean': np.float64(73.6), 'Std': np.float64(1.9595917942265422)}
2024-11-17 07:14:36,717 - INFO - Bottom 10 Std Stats: {'Max': np.float64(0.0), 'Min': np.float64(0.0), 'Mean': np.float64(0.0), 'Std': np.float64(0.0)}
[I 2024-11-17 07:14:36,733] Trial 238 finished with value: 14.0 and parameters: {'x_0': 3, 'x_1': 2, 'x_2': 0, 'x_3': 1}. Best is trial 141 with value: 2.0.
2024-11-17 07:14:36,774 - INFO - Candidate Mean Stats: {'Max': np.float64(100.0), 'Min': np.float64(-0.22044027974490646), 'Mean': np.float64(0.8652708418293539), 'Std': np.float64(7.104194919632876)}
2024-11-17 07:14:36,774 - INFO - Candidate Std Stats: {'Max': np.float64(0.42419803361542874), 'Min': np.float64(0.0), 'Mean': np.float64(0.04628852219137179), 'Std': np.float64(0.03756772258269427)}
2024-11-17 07:14:36,775 - INFO - Top 10 Mean Stats: {'Max': np.float64(-0.12669680356703247), 'Min': np.float64(-0.22044027974490646), 'Mean': np.float64(-0.16164285624438401), 'Std': np.float64(0.027361607678535828)}
2024-11-17 07:14:36,775 - INFO - Top 10 Std Stats: {'Max': np.float64(0.4119745672994507), 'Min': np.float64(0.23437465064723553), 'Mean': np.float64(0.3052319495564523), 'Std': np.float64(0.048928892026599814)}
2024-11-17 07:14:36,775 - INFO - Bottom 10 Mean Stats: {'Max': np.float64(100.0), 'Min': np.float64(91.0), 'Mean': np.float64(95.5), 'Std': np.float64(4.5)}
2024-11-17 07:14:36,775 - INFO - Bottom 10 Std Stats: {'Max': np.float64(0.0), 'Min': np.float64(0.0), 'Mean': np.float64(0.0), 'Std': np.float64(0.0)}
2024-11-17 07:14:36,787 - INFO - Candidate Mean Stats: {'Max': np.float64(100.0), 'Min': np.float64(-0.40765427250796427), 'Mean': np.float64(0.7584714816485001), 'Std': np.float64(6.476458831037999)}
2024-11-17 07:14:36,787 - INFO - Candidate Std Stats: {'Max': np.float64(0.5842604238416824), 'Min': np.float64(0.0), 'Mean': np.float64(0.05305795646417678), 'Std': np.float64(0.04656807637721957)}
2024-11-17 07:14:36,788 - INFO - Top 10 Mean Stats: {'Max': np.float64(-0.048125402857111955), 'Min': np.float64(-0.40765427250796427), 'Mean': np.float64(-0.23686535741877526), 'Std': np.float64(0.10600497939763887)}
2024-11-17 07:14:36,789 - INFO - Top 10 Std Stats: {'Max': np.float64(0.5842604238416824), 'Min': np.float64(0.27961511941720174), 'Mean': np.float64(0.4128998567156447), 'Std': np.float64(0.10267589251349303)}
2024-11-17 07:14:36,789 - INFO - Bottom 10 Mean Stats: {'Max': np.float64(100.0), 'Min': np.float64(84.0), 'Mean': np.float64(90.7), 'Std': np.float64(5.550675634551167)}
2024-11-17 07:14:36,789 - INFO - Bottom 10 Std Stats: {'Max': np.float64(0.0), 'Min': np.float64(0.0), 'Mean': np.float64(0.0), 'Std': np.float64(0.0)}
[I 2024-11-17 07:14:36,794] Trial 253 finished with value: 49.0 and parameters: {'x_0': -4, 'x_1': 2, 'x_2': 2, 'x_3': -5}. Best is trial 179 with value: 1.0.
[I 2024-11-17 07:14:36,805] Trial 246 finished with value: 82.0 and parameters: {'x_0': -4, 'x_1': -4, 'x_2': -5, 'x_3': -5}. Best is trial 190 with value: 6.0.
2024-11-17 07:14:37,001 - INFO - Candidate Mean Stats: {'Max': np.float64(75.0), 'Min': np.float64(-0.2941309511906855), 'Mean': np.float64(0.5891008439876971), 'Std': np.float64(5.1857108426670635)}
2024-11-17 07:14:37,001 - INFO - Candidate Std Stats: {'Max': np.float64(0.5605591271290744), 'Min': np.float64(0.0), 'Mean': np.float64(0.06374936648334889), 'Std': np.float64(0.04810840107505268)}
2024-11-17 07:14:37,003 - INFO - Top 10 Mean Stats: {'Max': np.float64(-0.030466576767426035), 'Min': np.float64(-0.2941309511906855), 'Mean': np.float64(-0.21813399448460952), 'Std': np.float64(0.06909074988376535)}
2024-11-17 07:14:37,003 - INFO - Top 10 Std Stats: {'Max': np.float64(0.4989730877986519), 'Min': np.float64(0.2659691765707633), 'Mean': np.float64(0.3554210360573006), 'Std': np.float64(0.08294813625722754)}
2024-11-17 07:14:37,003 - INFO - Bottom 10 Mean Stats: {'Max': np.float64(75.0), 'Min': np.float64(70.0), 'Mean': np.float64(73.6), 'Std': np.float64(1.9595917942265422)}
2024-11-17 07:14:37,003 - INFO - Bottom 10 Std Stats: {'Max': np.float64(0.0), 'Min': np.float64(0.0), 'Mean': np.float64(0.0), 'Std': np.float64(0.0)}
[I 2024-11-17 07:14:37,023] Trial 239 finished with value: 28.0 and parameters: {'x_0': -1, 'x_1': 1, 'x_2': 1, 'x_3': 5}. Best is trial 141 with value: 2.0.
2024-11-17 07:14:37,024 - INFO - Candidate Mean Stats: {'Max': np.float64(100.0), 'Min': np.float64(-0.1765175036281703), 'Mean': np.float64(0.8664185621474791), 'Std': np.float64(7.115583775280515)}
2024-11-17 07:14:37,024 - INFO - Candidate Std Stats: {'Max': np.float64(0.39502744886793145), 'Min': np.float64(0.0), 'Mean': np.float64(0.04621174317898934), 'Std': np.float64(0.0429443602865396)}
2024-11-17 07:14:37,026 - INFO - Top 10 Mean Stats: {'Max': np.float64(-0.11082216462495276), 'Min': np.float64(-0.1765175036281703), 'Mean': np.float64(-0.1383244473047362), 'Std': np.float64(0.022318228978988768)}
2024-11-17 07:14:37,026 - INFO - Top 10 Std Stats: {'Max': np.float64(0.3763769191114642), 'Min': np.float64(0.25159970518174374), 'Mean': np.float64(0.3048783041869444), 'Std': np.float64(0.043960973681192395)}
2024-11-17 07:14:37,026 - INFO - Bottom 10 Mean Stats: {'Max': np.float64(100.0), 'Min': np.float64(91.0), 'Mean': np.float64(95.5), 'Std': np.float64(4.5)}
2024-11-17 07:14:37,026 - INFO - Bottom 10 Std Stats: {'Max': np.float64(0.0), 'Min': np.float64(0.0), 'Mean': np.float64(0.0), 'Std': np.float64(0.0)}
[I 2024-11-17 07:14:37,046] Trial 254 finished with value: 34.0 and parameters: {'x_0': 1, 'x_1': 4, 'x_2': 1, 'x_3': 4}. Best is trial 179 with value: 1.0.
2024-11-17 07:14:37,089 - INFO - Candidate Mean Stats: {'Max': np.float64(100.0), 'Min': np.float64(-0.26399134786781114), 'Mean': np.float64(0.7694559563734114), 'Std': np.float64(6.510541899535364)}
2024-11-17 07:14:37,089 - INFO - Candidate Std Stats: {'Max': np.float64(0.7218388067346008), 'Min': np.float64(0.0), 'Mean': np.float64(0.05305866101010879), 'Std': np.float64(0.04818106192639789)}
2024-11-17 07:14:37,090 - INFO - Top 10 Mean Stats: {'Max': np.float64(0.08674798139053014), 'Min': np.float64(-0.26399134786781114), 'Mean': np.float64(-0.17209378259433666), 'Std': np.float64(0.09120929023074585)}
2024-11-17 07:14:37,090 - INFO - Top 10 Std Stats: {'Max': np.float64(0.6366052882952246), 'Min': np.float64(0.28902187626964715), 'Mean': np.float64(0.37974300753579376), 'Std': np.float64(0.10045664246861778)}
2024-11-17 07:14:37,090 - INFO - Bottom 10 Mean Stats: {'Max': np.float64(100.0), 'Min': np.float64(84.0), 'Mean': np.float64(90.7), 'Std': np.float64(5.550675634551167)}
2024-11-17 07:14:37,090 - INFO - Bottom 10 Std Stats: {'Max': np.float64(0.0), 'Min': np.float64(0.0), 'Mean': np.float64(0.0), 'Std': np.float64(0.0)}
[I 2024-11-17 07:14:37,106] Trial 247 finished with value: 36.0 and parameters: {'x_0': 0, 'x_1': 2, 'x_2': 4, 'x_3': -4}. Best is trial 190 with value: 6.0.
2024-11-17 07:14:37,228 - INFO - Candidate Mean Stats: {'Max': np.float64(100.0), 'Min': np.float64(-0.20219773182413), 'Mean': np.float64(0.8665763001413), 'Std': np.float64(7.1210916364418155)}
2024-11-17 07:14:37,228 - INFO - Candidate Std Stats: {'Max': np.float64(0.49942600680498606), 'Min': np.float64(0.0), 'Mean': np.float64(0.05206036231259185), 'Std': np.float64(0.043018225829756195)}
2024-11-17 07:14:37,229 - INFO - Top 10 Mean Stats: {'Max': np.float64(-0.04122123427974989), 'Min': np.float64(-0.1766983261215219), 'Mean': np.float64(-0.12072568343847212), 'Std': np.float64(0.041405797153100984)}
2024-11-17 07:14:37,229 - INFO - Top 10 Std Stats: {'Max': np.float64(0.49942600680498606), 'Min': np.float64(0.32007206383356596), 'Mean': np.float64(0.37841761425626097), 'Std': np.float64(0.05330974598611807)}
2024-11-17 07:14:37,229 - INFO - Bottom 10 Mean Stats: {'Max': np.float64(100.0), 'Min': np.float64(91.0), 'Mean': np.float64(95.5), 'Std': np.float64(4.5)}
2024-11-17 07:14:37,229 - INFO - Bottom 10 Std Stats: {'Max': np.float64(0.0), 'Min': np.float64(0.0), 'Mean': np.float64(0.0), 'Std': np.float64(0.0)}
[I 2024-11-17 07:14:37,245] Trial 255 finished with value: 91.0 and parameters: {'x_0': 5, 'x_1': -5, 'x_2': 5, 'x_3': 4}. Best is trial 179 with value: 1.0.
2024-11-17 07:14:37,288 - INFO - Candidate Mean Stats: {'Max': np.float64(75.0), 'Min': np.float64(-0.25587131751337444), 'Mean': np.float64(0.5941617455411861), 'Std': np.float64(5.190290564864187)}
2024-11-17 07:14:37,288 - INFO - Candidate Std Stats: {'Max': np.float64(0.6057576839168303), 'Min': np.float64(0.0), 'Mean': np.float64(0.06246865488939403), 'Std': np.float64(0.049128815526350136)}
2024-11-17 07:14:37,290 - INFO - Top 10 Mean Stats: {'Max': np.float64(-0.1691078835339554), 'Min': np.float64(-0.25587131751337444), 'Mean': np.float64(-0.2150153816671514), 'Std': np.float64(0.024462631520366155)}
2024-11-17 07:14:37,290 - INFO - Top 10 Std Stats: {'Max': np.float64(0.6057576839168303), 'Min': np.float64(0.3484744484972742), 'Mean': np.float64(0.443667263787635), 'Std': np.float64(0.06383313132083035)}
2024-11-17 07:14:37,290 - INFO - Bottom 10 Mean Stats: {'Max': np.float64(75.0), 'Min': np.float64(70.0), 'Mean': np.float64(73.6), 'Std': np.float64(1.9595917942265422)}
2024-11-17 07:14:37,290 - INFO - Bottom 10 Std Stats: {'Max': np.float64(0.0), 'Min': np.float64(0.0), 'Mean': np.float64(0.0), 'Std': np.float64(0.0)}
[I 2024-11-17 07:14:37,305] Trial 240 finished with value: 68.0 and parameters: {'x_0': 3, 'x_1': -3, 'x_2': -5, 'x_3': 5}. Best is trial 141 with value: 2.0.
2024-11-17 07:14:37,347 - INFO - Candidate Mean Stats: {'Max': np.float64(100.0), 'Min': np.float64(-0.2917478052177267), 'Mean': np.float64(0.7655072815673933), 'Std': np.float64(6.517785134752012)}
2024-11-17 07:14:37,347 - INFO - Candidate Std Stats: {'Max': np.float64(0.5711259980446799), 'Min': np.float64(0.0), 'Mean': np.float64(0.06152046277431428), 'Std': np.float64(0.05049513945781906)}
2024-11-17 07:14:37,349 - INFO - Top 10 Mean Stats: {'Max': np.float64(-0.12102310982174691), 'Min': np.float64(-0.2917478052177267), 'Mean': np.float64(-0.20747381952777616), 'Std': np.float64(0.04327277458665771)}
2024-11-17 07:14:37,349 - INFO - Top 10 Std Stats: {'Max': np.float64(0.5711259980446799), 'Min': np.float64(0.3726391210879672), 'Mean': np.float64(0.4457584578654453), 'Std': np.float64(0.06099931105185518)}
2024-11-17 07:14:37,349 - INFO - Bottom 10 Mean Stats: {'Max': np.float64(100.0), 'Min': np.float64(84.0), 'Mean': np.float64(90.7), 'Std': np.float64(5.550675634551167)}
2024-11-17 07:14:37,349 - INFO - Bottom 10 Std Stats: {'Max': np.float64(0.0), 'Min': np.float64(0.0), 'Mean': np.float64(0.0), 'Std': np.float64(0.0)}
