[I 2024-11-17 07:15:08,344] Trial 380 finished with value: 6.0 and parameters: {'x_0': -1, 'x_1': 0, 'x_2': -2, 'x_3': -1}. Best is trial 362 with value: 1.0.
2024-11-17 07:15:08,418 - INFO - Candidate Mean Stats: {'Max': np.float64(91.0), 'Min': np.float64(-0.338029379923573), 'Mean': np.float64(0.767475060520971), 'Std': np.float64(5.962818451935977)}
2024-11-17 07:15:08,418 - INFO - Candidate Std Stats: {'Max': np.float64(0.617965553281166), 'Min': np.float64(0.0), 'Mean': np.float64(0.0498317347572817), 'Std': np.float64(0.04836995471261697)}
2024-11-17 07:15:08,420 - INFO - Top 10 Mean Stats: {'Max': np.float64(-0.22104736795626492), 'Min': np.float64(-0.338029379923573), 'Mean': np.float64(-0.29753477164812325), 'Std': np.float64(0.0493474607457593)}
2024-11-17 07:15:08,420 - INFO - Top 10 Std Stats: {'Max': np.float64(0.45418413362858095), 'Min': np.float64(0.2117220192023665), 'Mean': np.float64(0.27685216280770564), 'Std': np.float64(0.08258416225040778)}
2024-11-17 07:15:08,421 - INFO - Bottom 10 Mean Stats: {'Max': np.float64(91.0), 'Min': np.float64(75.0), 'Mean': np.float64(80.4), 'Std': np.float64(6.069596362197408)}
2024-11-17 07:15:08,421 - INFO - Bottom 10 Std Stats: {'Max': np.float64(0.0), 'Min': np.float64(0.0), 'Mean': np.float64(0.0), 'Std': np.float64(0.0)}
[I 2024-11-17 07:15:08,442] Trial 347 finished with value: 66.0 and parameters: {'x_0': 4, 'x_1': -3, 'x_2': 5, 'x_3': -4}. Best is trial 320 with value: 0.0.
2024-11-17 07:15:08,462 - INFO - Candidate Mean Stats: {'Max': np.float64(100.0), 'Min': np.float64(-0.6538186554722617), 'Mean': np.float64(1.1404710232930868), 'Std': np.float64(8.01202794448783)}
2024-11-17 07:15:08,462 - INFO - Candidate Std Stats: {'Max': np.float64(0.5200566346141978), 'Min': np.float64(0.0), 'Mean': np.float64(0.04110782752422998), 'Std': np.float64(0.04546732591503444)}
2024-11-17 07:15:08,463 - INFO - Top 10 Mean Stats: {'Max': np.float64(-0.16475710125742943), 'Min': np.float64(-0.6538186554722617), 'Mean': np.float64(-0.38920112895489756), 'Std': np.float64(0.17589394413509918)}
2024-11-17 07:15:08,463 - INFO - Top 10 Std Stats: {'Max': np.float64(0.5200566346141978), 'Min': np.float64(0.24842585379759216), 'Mean': np.float64(0.35121570141874725), 'Std': np.float64(0.08254014449154413)}
2024-11-17 07:15:08,464 - INFO - Bottom 10 Mean Stats: {'Max': np.float64(100.0), 'Min': np.float64(91.0), 'Mean': np.float64(95.5), 'Std': np.float64(4.5)}
2024-11-17 07:15:08,464 - INFO - Bottom 10 Std Stats: {'Max': np.float64(0.0), 'Min': np.float64(0.0), 'Mean': np.float64(0.0), 'Std': np.float64(0.0)}
[I 2024-11-17 07:15:08,510] Trial 371 finished with value: 2.0 and parameters: {'x_0': 0, 'x_1': -1, 'x_2': 0, 'x_3': -1}. Best is trial 179 with value: 1.0.
2024-11-17 07:15:08,654 - INFO - Candidate Mean Stats: {'Max': np.float64(100.0), 'Min': np.float64(-0.3352854180394612), 'Mean': np.float64(0.9761505548074311), 'Std': np.float64(7.173004246428451)}
2024-11-17 07:15:08,655 - INFO - Candidate Std Stats: {'Max': np.float64(0.49097881286774825), 'Min': np.float64(0.0), 'Mean': np.float64(0.036055655249496985), 'Std': np.float64(0.04348825098636573)}
2024-11-17 07:15:08,656 - INFO - Top 10 Mean Stats: {'Max': np.float64(-0.10464387935278138), 'Min': np.float64(-0.3352854180394612), 'Mean': np.float64(-0.22837144535116427), 'Std': np.float64(0.08685284396981262)}
2024-11-17 07:15:08,656 - INFO - Top 10 Std Stats: {'Max': np.float64(0.4829154341082542), 'Min': np.float64(0.15720237088601025), 'Mean': np.float64(0.3020043567043415), 'Std': np.float64(0.12309078980253056)}
2024-11-17 07:15:08,656 - INFO - Bottom 10 Mean Stats: {'Max': np.float64(100.0), 'Min': np.float64(84.0), 'Mean': np.float64(93.0), 'Std': np.float64(5.019960159204453)}
2024-11-17 07:15:08,656 - INFO - Bottom 10 Std Stats: {'Max': np.float64(0.0), 'Min': np.float64(0.0), 'Mean': np.float64(0.0), 'Std': np.float64(0.0)}
[I 2024-11-17 07:15:08,676] Trial 381 finished with value: 31.0 and parameters: {'x_0': 3, 'x_1': 3, 'x_2': 2, 'x_3': -3}. Best is trial 362 with value: 1.0.
2024-11-17 07:15:08,846 - INFO - Candidate Mean Stats: {'Max': np.float64(100.0), 'Min': np.float64(-0.8339380988989964), 'Mean': np.float64(1.144982746409863), 'Std': np.float64(8.01143875897522)}
2024-11-17 07:15:08,846 - INFO - Candidate Std Stats: {'Max': np.float64(0.7697982019768309), 'Min': np.float64(0.0), 'Mean': np.float64(0.03013333424819697), 'Std': np.float64(0.04186619491860106)}
2024-11-17 07:15:08,848 - INFO - Top 10 Mean Stats: {'Max': np.float64(-0.258833170044156), 'Min': np.float64(-0.8339380988989964), 'Mean': np.float64(-0.4634685837901643), 'Std': np.float64(0.14690083076022853)}
2024-11-17 07:15:08,848 - INFO - Top 10 Std Stats: {'Max': np.float64(0.7697982019768309), 'Min': np.float64(0.25850388321726586), 'Mean': np.float64(0.4023121475197299), 'Std': np.float64(0.17711896359255488)}
2024-11-17 07:15:08,848 - INFO - Bottom 10 Mean Stats: {'Max': np.float64(100.0), 'Min': np.float64(91.0), 'Mean': np.float64(95.5), 'Std': np.float64(4.5)}
2024-11-17 07:15:08,848 - INFO - Bottom 10 Std Stats: {'Max': np.float64(0.0), 'Min': np.float64(0.0), 'Mean': np.float64(0.0), 'Std': np.float64(0.0)}
2024-11-17 07:15:08,901 - INFO - Candidate Mean Stats: {'Max': np.float64(91.0), 'Min': np.float64(-0.4606750936420597), 'Mean': np.float64(0.7689993234561631), 'Std': np.float64(5.987539568097205)}
2024-11-17 07:15:08,901 - INFO - Candidate Std Stats: {'Max': np.float64(0.45113084342237963), 'Min': np.float64(0.0), 'Mean': np.float64(0.049748701726029104), 'Std': np.float64(0.04541008102671855)}
2024-11-17 07:15:08,903 - INFO - Top 10 Mean Stats: {'Max': np.float64(-0.18765639442035273), 'Min': np.float64(-0.4606750936420597), 'Mean': np.float64(-0.33628036368571224), 'Std': np.float64(0.08122759768791059)}
2024-11-17 07:15:08,903 - INFO - Top 10 Std Stats: {'Max': np.float64(0.38002610238411527), 'Min': np.float64(0.18448457747243252), 'Mean': np.float64(0.2920471755448632), 'Std': np.float64(0.05484905461082268)}
2024-11-17 07:15:08,903 - INFO - Bottom 10 Mean Stats: {'Max': np.float64(91.0), 'Min': np.float64(75.0), 'Mean': np.float64(80.4), 'Std': np.float64(6.069596362197408)}
2024-11-17 07:15:08,903 - INFO - Bottom 10 Std Stats: {'Max': np.float64(0.0), 'Min': np.float64(0.0), 'Mean': np.float64(0.0), 'Std': np.float64(0.0)}
[I 2024-11-17 07:15:08,908] Trial 372 finished with value: 1.0 and parameters: {'x_0': 0, 'x_1': -1, 'x_2': 0, 'x_3': 0}. Best is trial 179 with value: 1.0.
[I 2024-11-17 07:15:08,919] Trial 348 finished with value: 18.0 and parameters: {'x_0': 1, 'x_1': -4, 'x_2': -1, 'x_3': 0}. Best is trial 320 with value: 0.0.
2024-11-17 07:15:08,952 - INFO - Candidate Mean Stats: {'Max': np.float64(100.0), 'Min': np.float64(-0.34738084721897006), 'Mean': np.float64(0.9818381863798377), 'Std': np.float64(7.176820953290342)}
2024-11-17 07:15:08,952 - INFO - Candidate Std Stats: {'Max': np.float64(0.40911335416989514), 'Min': np.float64(0.0), 'Mean': np.float64(0.03591294113062602), 'Std': np.float64(0.041624221767517636)}
2024-11-17 07:15:08,970 - INFO - Top 10 Mean Stats: {'Max': np.float64(-0.2784531234469596), 'Min': np.float64(-0.34738084721897006), 'Mean': np.float64(-0.30657521195216736), 'Std': np.float64(0.0245058576349519)}
2024-11-17 07:15:08,970 - INFO - Top 10 Std Stats: {'Max': np.float64(0.22761328088038485), 'Min': np.float64(0.16929120960156843), 'Mean': np.float64(0.19316770341367223), 'Std': np.float64(0.018787569883161822)}
2024-11-17 07:15:08,974 - INFO - Bottom 10 Mean Stats: {'Max': np.float64(100.0), 'Min': np.float64(84.0), 'Mean': np.float64(93.0), 'Std': np.float64(5.019960159204453)}
2024-11-17 07:15:08,978 - INFO - Bottom 10 Std Stats: {'Max': np.float64(0.0), 'Min': np.float64(0.0), 'Mean': np.float64(0.0), 'Std': np.float64(0.0)}
[I 2024-11-17 07:15:09,005] Trial 382 finished with value: 6.0 and parameters: {'x_0': -1, 'x_1': 0, 'x_2': -2, 'x_3': 1}. Best is trial 362 with value: 1.0.
2024-11-17 07:15:09,148 - INFO - Candidate Mean Stats: {'Max': np.float64(100.0), 'Min': np.float64(-0.797101234686312), 'Mean': np.float64(1.1450795094086896), 'Std': np.float64(8.01141081732205)}
2024-11-17 07:15:09,148 - INFO - Candidate Std Stats: {'Max': np.float64(0.4744415012838809), 'Min': np.float64(0.0), 'Mean': np.float64(0.025949968612444713), 'Std': np.float64(0.04037073123499788)}
2024-11-17 07:15:09,149 - INFO - Top 10 Mean Stats: {'Max': np.float64(-0.3510172087177412), 'Min': np.float64(-0.797101234686312), 'Mean': np.float64(-0.5985702478947399), 'Std': np.float64(0.14344948171623778)}
2024-11-17 07:15:09,149 - INFO - Top 10 Std Stats: {'Max': np.float64(0.38753827462076484), 'Min': np.float64(0.09517072380087865), 'Mean': np.float64(0.21315345252993204), 'Std': np.float64(0.10067345785033888)}
2024-11-17 07:15:09,149 - INFO - Bottom 10 Mean Stats: {'Max': np.float64(100.0), 'Min': np.float64(91.0), 'Mean': np.float64(95.5), 'Std': np.float64(4.5)}
2024-11-17 07:15:09,149 - INFO - Bottom 10 Std Stats: {'Max': np.float64(0.0), 'Min': np.float64(0.0), 'Mean': np.float64(0.0), 'Std': np.float64(0.0)}
[I 2024-11-17 07:15:09,166] Trial 373 finished with value: 10.0 and parameters: {'x_0': 0, 'x_1': -1, 'x_2': 0, 'x_3': 3}. Best is trial 179 with value: 1.0.
2024-11-17 07:15:09,266 - INFO - Candidate Mean Stats: {'Max': np.float64(100.0), 'Min': np.float64(-0.3177807543428443), 'Mean': np.float64(0.9801310019307455), 'Std': np.float64(7.177214119677882)}
2024-11-17 07:15:09,266 - INFO - Candidate Std Stats: {'Max': np.float64(0.4292422217783721), 'Min': np.float64(0.0), 'Mean': np.float64(0.032280683532336846), 'Std': np.float64(0.04230517228744921)}
2024-11-17 07:15:09,267 - INFO - Top 10 Mean Stats: {'Max': np.float64(-0.1384913547968595), 'Min': np.float64(-0.3177807543428443), 'Mean': np.float64(-0.20741485136707985), 'Std': np.float64(0.06683507410773556)}
2024-11-17 07:15:09,267 - INFO - Top 10 Std Stats: {'Max': np.float64(0.4272019591600183), 'Min': np.float64(0.11323035887245143), 'Mean': np.float64(0.24227560707941911), 'Std': np.float64(0.09278918934204342)}
2024-11-17 07:15:09,267 - INFO - Bottom 10 Mean Stats: {'Max': np.float64(100.0), 'Min': np.float64(84.0), 'Mean': np.float64(93.0), 'Std': np.float64(5.019960159204453)}
2024-11-17 07:15:09,267 - INFO - Bottom 10 Std Stats: {'Max': np.float64(0.0), 'Min': np.float64(0.0), 'Mean': np.float64(0.0), 'Std': np.float64(0.0)}
[I 2024-11-17 07:15:09,283] Trial 383 finished with value: 37.0 and parameters: {'x_0': 1, 'x_1': 2, 'x_2': -4, 'x_3': -4}. Best is trial 362 with value: 1.0.
2024-11-17 07:15:09,348 - INFO - Candidate Mean Stats: {'Max': np.float64(91.0), 'Min': np.float64(-0.35750850943049634), 'Mean': np.float64(0.7727515756990248), 'Std': np.float64(5.98889781585617)}
2024-11-17 07:15:09,348 - INFO - Candidate Std Stats: {'Max': np.float64(0.6415014989555153), 'Min': np.float64(0.0), 'Mean': np.float64(0.04838282723598949), 'Std': np.float64(0.047354095767546615)}
2024-11-17 07:15:09,349 - INFO - Top 10 Mean Stats: {'Max': np.float64(-0.16913352763071662), 'Min': np.float64(-0.35750850943049634), 'Mean': np.float64(-0.297520464506961), 'Std': np.float64(0.05047407106705942)}
2024-11-17 07:15:09,349 - INFO - Top 10 Std Stats: {'Max': np.float64(0.3840820308418875), 'Min': np.float64(0.2883311319922271), 'Mean': np.float64(0.3443174893752122), 'Std': np.float64(0.032265594809671644)}
2024-11-17 07:15:09,350 - INFO - Bottom 10 Mean Stats: {'Max': np.float64(91.0), 'Min': np.float64(75.0), 'Mean': np.float64(80.4), 'Std': np.float64(6.069596362197408)}
2024-11-17 07:15:09,350 - INFO - Bottom 10 Std Stats: {'Max': np.float64(0.0), 'Min': np.float64(0.0), 'Mean': np.float64(0.0), 'Std': np.float64(0.0)}
2024-11-17 07:15:09,363 - INFO - Candidate Mean Stats: {'Max': np.float64(100.0), 'Min': np.float64(-0.4804844176783417), 'Mean': np.float64(1.14596294733884), 'Std': np.float64(8.011710271542928)}
2024-11-17 07:15:09,363 - INFO - Candidate Std Stats: {'Max': np.float64(0.4300113826916812), 'Min': np.float64(0.0), 'Mean': np.float64(0.03413898177488448), 'Std': np.float64(0.040886879239302426)}
2024-11-17 07:15:09,365 - INFO - Top 10 Mean Stats: {'Max': np.float64(-0.15007037160233788), 'Min': np.float64(-0.4804844176783417), 'Mean': np.float64(-0.3261322811194819), 'Std': np.float64(0.11619887965986847)}
2024-11-17 07:15:09,365 - INFO - Top 10 Std Stats: {'Max': np.float64(0.4300113826916812), 'Min': np.float64(0.2657326286563768), 'Mean': np.float64(0.3524411335912017), 'Std': np.float64(0.05166011438558335)}
2024-11-17 07:15:09,366 - INFO - Bottom 10 Mean Stats: {'Max': np.float64(100.0), 'Min': np.float64(91.0), 'Mean': np.float64(95.5), 'Std': np.float64(4.5)}
2024-11-17 07:15:09,366 - INFO - Bottom 10 Std Stats: {'Max': np.float64(0.0), 'Min': np.float64(0.0), 'Mean': np.float64(0.0), 'Std': np.float64(0.0)}
[I 2024-11-17 07:15:09,369] Trial 349 finished with value: 3.0 and parameters: {'x_0': 1, 'x_1': 1, 'x_2': -1, 'x_3': 0}. Best is trial 320 with value: 0.0.
[I 2024-11-17 07:15:09,384] Trial 374 finished with value: 11.0 and parameters: {'x_0': 0, 'x_1': -1, 'x_2': -1, 'x_3': -3}. Best is trial 179 with value: 1.0.
2024-11-17 07:15:09,473 - INFO - Candidate Mean Stats: {'Max': np.float64(100.0), 'Min': np.float64(-0.4376902385790931), 'Mean': np.float64(0.9779105132808292), 'Std': np.float64(7.184014740811955)}
2024-11-17 07:15:09,474 - INFO - Candidate Std Stats: {'Max': np.float64(0.5105436323576377), 'Min': np.float64(0.0), 'Mean': np.float64(0.03532904632192974), 'Std': np.float64(0.04336784704872824)}
2024-11-17 07:15:09,475 - INFO - Top 10 Mean Stats: {'Max': np.float64(-0.13634649076257985), 'Min': np.float64(-0.4376902385790931), 'Mean': np.float64(-0.2028845028875061), 'Std': np.float64(0.08376731797597019)}
2024-11-17 07:15:09,475 - INFO - Top 10 Std Stats: {'Max': np.float64(0.44978362091302226), 'Min': np.float64(0.034652014706653855), 'Mean': np.float64(0.32940380906534333), 'Std': np.float64(0.10971349850281016)}
2024-11-17 07:15:09,475 - INFO - Bottom 10 Mean Stats: {'Max': np.float64(100.0), 'Min': np.float64(84.0), 'Mean': np.float64(93.0), 'Std': np.float64(5.019960159204453)}
2024-11-17 07:15:09,475 - INFO - Bottom 10 Std Stats: {'Max': np.float64(0.0), 'Min': np.float64(0.0), 'Mean': np.float64(0.0), 'Std': np.float64(0.0)}
[I 2024-11-17 07:15:09,492] Trial 384 finished with value: 59.0 and parameters: {'x_0': 5, 'x_1': 0, 'x_2': 5, 'x_3': 3}. Best is trial 362 with value: 1.0.
2024-11-17 07:15:09,569 - INFO - Candidate Mean Stats: {'Max': np.float64(100.0), 'Min': np.float64(-1.0604384001686316), 'Mean': np.float64(1.1437678462347534), 'Std': np.float64(8.01250866955029)}
2024-11-17 07:15:09,570 - INFO - Candidate Std Stats: {'Max': np.float64(0.566949937155949), 'Min': np.float64(0.0), 'Mean': np.float64(0.030906126500394128), 'Std': np.float64(0.0424394403780461)}
2024-11-17 07:15:09,571 - INFO - Top 10 Mean Stats: {'Max': np.float64(-0.049478885715852905), 'Min': np.float64(-1.0604384001686316), 'Mean': np.float64(-0.6472693176852093), 'Std': np.float64(0.25259153924985694)}
2024-11-17 07:15:09,571 - INFO - Top 10 Std Stats: {'Max': np.float64(0.566949937155949), 'Min': np.float64(0.10478561944564475), 'Mean': np.float64(0.2095089829970286), 'Std': np.float64(0.13299927450015248)}
2024-11-17 07:15:09,571 - INFO - Bottom 10 Mean Stats: {'Max': np.float64(100.0), 'Min': np.float64(91.0), 'Mean': np.float64(95.5), 'Std': np.float64(4.5)}
2024-11-17 07:15:09,571 - INFO - Bottom 10 Std Stats: {'Max': np.float64(0.0), 'Min': np.float64(0.0), 'Mean': np.float64(0.0), 'Std': np.float64(0.0)}
[I 2024-11-17 07:15:09,586] Trial 375 finished with value: 11.0 and parameters: {'x_0': 0, 'x_1': -1, 'x_2': 1, 'x_3': 3}. Best is trial 179 with value: 1.0.
2024-11-17 07:15:09,625 - INFO - Candidate Mean Stats: {'Max': np.float64(91.0), 'Min': np.float64(-0.26913860891001623), 'Mean': np.float64(0.7731012722381312), 'Std': np.float64(5.988899857855694)}
2024-11-17 07:15:09,625 - INFO - Candidate Std Stats: {'Max': np.float64(0.46931371641211306), 'Min': np.float64(0.0), 'Mean': np.float64(0.04694709346251059), 'Std': np.float64(0.04841374704467206)}
2024-11-17 07:15:09,627 - INFO - Top 10 Mean Stats: {'Max': np.float64(-0.20199611307411974), 'Min': np.float64(-0.26793078509866863), 'Mean': np.float64(-0.23681189928666094), 'Std': np.float64(0.02056074764100207)}
2024-11-17 07:15:09,627 - INFO - Top 10 Std Stats: {'Max': np.float64(0.3927999105895351), 'Min': np.float64(0.296183802298319), 'Mean': np.float64(0.329823577772528), 'Std': np.float64(0.029879551540954827)}
2024-11-17 07:15:09,627 - INFO - Bottom 10 Mean Stats: {'Max': np.float64(91.0), 'Min': np.float64(75.0), 'Mean': np.float64(80.4), 'Std': np.float64(6.069596362197408)}
2024-11-17 07:15:09,627 - INFO - Bottom 10 Std Stats: {'Max': np.float64(0.0), 'Min': np.float64(0.0), 'Mean': np.float64(0.0), 'Std': np.float64(0.0)}
[I 2024-11-17 07:15:09,644] Trial 350 finished with value: 9.0 and parameters: {'x_0': 0, 'x_1': -3, 'x_2': 0, 'x_3': 0}. Best is trial 320 with value: 0.0.
2024-11-17 07:15:09,682 - INFO - Candidate Mean Stats: {'Max': np.float64(100.0), 'Min': np.float64(-0.4588135461043926), 'Mean': np.float64(0.9898519344800507), 'Std': np.float64(7.198975739508959)}
2024-11-17 07:15:09,682 - INFO - Candidate Std Stats: {'Max': np.float64(0.6208940879939258), 'Min': np.float64(0.0), 'Mean': np.float64(0.02594403168158526), 'Std': np.float64(0.03758617650888934)}
2024-11-17 07:15:09,683 - INFO - Top 10 Mean Stats: {'Max': np.float64(-0.24135181751361853), 'Min': np.float64(-0.4588135461043926), 'Mean': np.float64(-0.3693639797745273), 'Std': np.float64(0.05264483191099457)}
2024-11-17 07:15:09,683 - INFO - Top 10 Std Stats: {'Max': np.float64(0.22844596686320665), 'Min': np.float64(0.0888510903040203), 'Mean': np.float64(0.1367895774081877), 'Std': np.float64(0.035269815418433915)}
2024-11-17 07:15:09,684 - INFO - Bottom 10 Mean Stats: {'Max': np.float64(100.0), 'Min': np.float64(84.0), 'Mean': np.float64(93.0), 'Std': np.float64(5.019960159204453)}
2024-11-17 07:15:09,684 - INFO - Bottom 10 Std Stats: {'Max': np.float64(0.0), 'Min': np.float64(0.0), 'Mean': np.float64(0.0), 'Std': np.float64(0.0)}
[I 2024-11-17 07:15:09,702] Trial 385 finished with value: 5.0 and parameters: {'x_0': -1, 'x_1': 0, 'x_2': -2, 'x_3': 0}. Best is trial 362 with value: 1.0.
2024-11-17 07:15:09,787 - INFO - Candidate Mean Stats: {'Max': np.float64(100.0), 'Min': np.float64(-0.9061119462738049), 'Mean': np.float64(1.1379469165882086), 'Std': np.float64(8.013838680680452)}
2024-11-17 07:15:09,787 - INFO - Candidate Std Stats: {'Max': np.float64(0.45274434084877685), 'Min': np.float64(0.0), 'Mean': np.float64(0.03789041800178004), 'Std': np.float64(0.04522169719890967)}
2024-11-17 07:15:09,789 - INFO - Top 10 Mean Stats: {'Max': np.float64(-0.16675832561549156), 'Min': np.float64(-0.9061119462738049), 'Mean': np.float64(-0.6021804575807641), 'Std': np.float64(0.22585096634781915)}
2024-11-17 07:15:09,789 - INFO - Top 10 Std Stats: {'Max': np.float64(0.3553743235586256), 'Min': np.float64(0.0916971748375786), 'Mean': np.float64(0.18293079704327994), 'Std': np.float64(0.07829812310921831)}
2024-11-17 07:15:09,789 - INFO - Bottom 10 Mean Stats: {'Max': np.float64(100.0), 'Min': np.float64(91.0), 'Mean': np.float64(95.5), 'Std': np.float64(4.5)}
2024-11-17 07:15:09,789 - INFO - Bottom 10 Std Stats: {'Max': np.float64(0.0), 'Min': np.float64(0.0), 'Mean': np.float64(0.0), 'Std': np.float64(0.0)}
[I 2024-11-17 07:15:09,805] Trial 376 finished with value: 10.0 and parameters: {'x_0': 0, 'x_1': -1, 'x_2': 0, 'x_3': -3}. Best is trial 179 with value: 1.0.
2024-11-17 07:15:09,885 - INFO - Candidate Mean Stats: {'Max': np.float64(100.0), 'Min': np.float64(-0.39733371019523217), 'Mean': np.float64(0.9868723030179265), 'Std': np.float64(7.199470421987446)}
2024-11-17 07:15:09,885 - INFO - Candidate Std Stats: {'Max': np.float64(0.4855675176710717), 'Min': np.float64(0.0), 'Mean': np.float64(0.03849139903523518), 'Std': np.float64(0.04475609171274219)}
2024-11-17 07:15:09,887 - INFO - Top 10 Mean Stats: {'Max': np.float64(-0.1953340376179512), 'Min': np.float64(-0.39733371019523217), 'Mean': np.float64(-0.3457139544728036), 'Std': np.float64(0.07519108078389014)}
2024-11-17 07:15:09,887 - INFO - Top 10 Std Stats: {'Max': np.float64(0.4171612238640822), 'Min': np.float64(0.20160583309771002), 'Mean': np.float64(0.25352930401474427), 'Std': np.float64(0.07806430906945425)}
2024-11-17 07:15:09,887 - INFO - Bottom 10 Mean Stats: {'Max': np.float64(100.0), 'Min': np.float64(84.0), 'Mean': np.float64(93.0), 'Std': np.float64(5.019960159204453)}
2024-11-17 07:15:09,887 - INFO - Bottom 10 Std Stats: {'Max': np.float64(0.0), 'Min': np.float64(0.0), 'Mean': np.float64(0.0), 'Std': np.float64(0.0)}
