[I 2024-11-17 07:14:53,564] Trial 316 finished with value: 42.0 and parameters: {'x_0': 0, 'x_1': 1, 'x_2': 5, 'x_3': 4}. Best is trial 179 with value: 1.0.
2024-11-17 07:14:53,634 - INFO - Candidate Mean Stats: {'Max': np.float64(100.0), 'Min': np.float64(-0.3000869612749142), 'Mean': np.float64(0.9151586127652491), 'Std': np.float64(7.036144217120605)}
2024-11-17 07:14:53,634 - INFO - Candidate Std Stats: {'Max': np.float64(0.46426327635959513), 'Min': np.float64(0.0), 'Mean': np.float64(0.04772061798489368), 'Std': np.float64(0.04247540742157199)}
2024-11-17 07:14:53,636 - INFO - Top 10 Mean Stats: {'Max': np.float64(-0.1545897381799241), 'Min': np.float64(-0.3000869612749142), 'Mean': np.float64(-0.20107303896099835), 'Std': np.float64(0.045749919481726915)}
2024-11-17 07:14:53,636 - INFO - Top 10 Std Stats: {'Max': np.float64(0.46426327635959513), 'Min': np.float64(0.26917326978312556), 'Mean': np.float64(0.3416994241198899), 'Std': np.float64(0.051127289460570706)}
2024-11-17 07:14:53,636 - INFO - Bottom 10 Mean Stats: {'Max': np.float64(100.0), 'Min': np.float64(84.0), 'Mean': np.float64(93.0), 'Std': np.float64(5.019960159204453)}
2024-11-17 07:14:53,636 - INFO - Bottom 10 Std Stats: {'Max': np.float64(0.0), 'Min': np.float64(0.0), 'Mean': np.float64(0.0), 'Std': np.float64(0.0)}
2024-11-17 07:14:53,645 - INFO - Candidate Mean Stats: {'Max': np.float64(91.0), 'Min': np.float64(-0.5060768992558612), 'Mean': np.float64(0.6778819009898868), 'Std': np.float64(5.580599030161768)}
2024-11-17 07:14:53,645 - INFO - Candidate Std Stats: {'Max': np.float64(0.5294004774150479), 'Min': np.float64(0.0), 'Mean': np.float64(0.05514598039335016), 'Std': np.float64(0.04973713674552047)}
2024-11-17 07:14:53,647 - INFO - Top 10 Mean Stats: {'Max': np.float64(-0.26419740200522573), 'Min': np.float64(-0.5060768992558612), 'Mean': np.float64(-0.3906227033135844), 'Std': np.float64(0.07563971191650429)}
2024-11-17 07:14:53,647 - INFO - Top 10 Std Stats: {'Max': np.float64(0.5294004774150479), 'Min': np.float64(0.3043602858395037), 'Mean': np.float64(0.42488794081472137), 'Std': np.float64(0.07883577490236642)}
2024-11-17 07:14:53,647 - INFO - Bottom 10 Mean Stats: {'Max': np.float64(91.0), 'Min': np.float64(73.0), 'Mean': np.float64(76.9), 'Std': np.float64(5.262128846769148)}
2024-11-17 07:14:53,647 - INFO - Bottom 10 Std Stats: {'Max': np.float64(0.0), 'Min': np.float64(0.0), 'Mean': np.float64(0.0), 'Std': np.float64(0.0)}
[I 2024-11-17 07:14:53,652] Trial 309 finished with value: 10.0 and parameters: {'x_0': -1, 'x_1': 2, 'x_2': 1, 'x_3': -2}. Best is trial 290 with value: 2.0.
[I 2024-11-17 07:14:53,663] Trial 295 finished with value: 5.0 and parameters: {'x_0': 1, 'x_1': 2, 'x_2': 0, 'x_3': 0}. Best is trial 288 with value: 1.0.
2024-11-17 07:14:53,832 - INFO - Candidate Mean Stats: {'Max': np.float64(100.0), 'Min': np.float64(-0.47237374606532656), 'Mean': np.float64(0.9176378971426058), 'Std': np.float64(7.036318214060239)}
2024-11-17 07:14:53,832 - INFO - Candidate Std Stats: {'Max': np.float64(0.5655884878719827), 'Min': np.float64(0.0), 'Mean': np.float64(0.03944005879509158), 'Std': np.float64(0.045823852091444156)}
2024-11-17 07:14:53,834 - INFO - Top 10 Mean Stats: {'Max': np.float64(-0.3002748963517118), 'Min': np.float64(-0.47237374606532656), 'Mean': np.float64(-0.3750550660935144), 'Std': np.float64(0.052706163880906085)}
2024-11-17 07:14:53,834 - INFO - Top 10 Std Stats: {'Max': np.float64(0.5655884878719827), 'Min': np.float64(0.2877465052998783), 'Mean': np.float64(0.41201662270863854), 'Std': np.float64(0.08167102606084138)}
2024-11-17 07:14:53,834 - INFO - Bottom 10 Mean Stats: {'Max': np.float64(100.0), 'Min': np.float64(84.0), 'Mean': np.float64(93.0), 'Std': np.float64(5.019960159204453)}
2024-11-17 07:14:53,834 - INFO - Bottom 10 Std Stats: {'Max': np.float64(0.0), 'Min': np.float64(0.0), 'Mean': np.float64(0.0), 'Std': np.float64(0.0)}
2024-11-17 07:14:53,842 - INFO - Candidate Mean Stats: {'Max': np.float64(100.0), 'Min': np.float64(-0.18381843202746778), 'Mean': np.float64(1.044817053198464), 'Std': np.float64(7.732559702524485)}
2024-11-17 07:14:53,843 - INFO - Candidate Std Stats: {'Max': np.float64(0.6590540835500628), 'Min': np.float64(0.0), 'Mean': np.float64(0.04284328345325573), 'Std': np.float64(0.04497917069189259)}
2024-11-17 07:14:53,844 - INFO - Top 10 Mean Stats: {'Max': np.float64(-0.06061307844515358), 'Min': np.float64(-0.18381843202746778), 'Mean': np.float64(-0.12239189923608476), 'Std': np.float64(0.03476115008835775)}
2024-11-17 07:14:53,844 - INFO - Top 10 Std Stats: {'Max': np.float64(0.3635432672644952), 'Min': np.float64(0.25908727360765893), 'Mean': np.float64(0.3144002111773488), 'Std': np.float64(0.03165913715011935)}
2024-11-17 07:14:53,844 - INFO - Bottom 10 Mean Stats: {'Max': np.float64(100.0), 'Min': np.float64(91.0), 'Mean': np.float64(95.5), 'Std': np.float64(4.5)}
2024-11-17 07:14:53,844 - INFO - Bottom 10 Std Stats: {'Max': np.float64(0.0), 'Min': np.float64(0.0), 'Mean': np.float64(0.0), 'Std': np.float64(0.0)}
[I 2024-11-17 07:14:53,849] Trial 310 finished with value: 31.0 and parameters: {'x_0': -1, 'x_1': 2, 'x_2': 1, 'x_3': 5}. Best is trial 290 with value: 2.0.
[I 2024-11-17 07:14:53,860] Trial 317 finished with value: 70.0 and parameters: {'x_0': -2, 'x_1': -4, 'x_2': -5, 'x_3': 5}. Best is trial 179 with value: 1.0.
2024-11-17 07:14:53,940 - INFO - Candidate Mean Stats: {'Max': np.float64(91.0), 'Min': np.float64(-0.7796656950377576), 'Mean': np.float64(0.6754221372898203), 'Std': np.float64(5.581056425089823)}
2024-11-17 07:14:53,940 - INFO - Candidate Std Stats: {'Max': np.float64(0.5578445953234097), 'Min': np.float64(0.0), 'Mean': np.float64(0.04985867822957445), 'Std': np.float64(0.047982117357339836)}
2024-11-17 07:14:53,941 - INFO - Top 10 Mean Stats: {'Max': np.float64(-0.20011105520103686), 'Min': np.float64(-0.7796656950377576), 'Mean': np.float64(-0.488585963669116), 'Std': np.float64(0.19730776785540502)}
2024-11-17 07:14:53,941 - INFO - Top 10 Std Stats: {'Max': np.float64(0.5578445953234097), 'Min': np.float64(0.23986314694686112), 'Mean': np.float64(0.3765006871612514), 'Std': np.float64(0.08782315130137901)}
2024-11-17 07:14:53,941 - INFO - Bottom 10 Mean Stats: {'Max': np.float64(91.0), 'Min': np.float64(73.0), 'Mean': np.float64(76.9), 'Std': np.float64(5.262128846769148)}
2024-11-17 07:14:53,941 - INFO - Bottom 10 Std Stats: {'Max': np.float64(0.0), 'Min': np.float64(0.0), 'Mean': np.float64(0.0), 'Std': np.float64(0.0)}
[I 2024-11-17 07:14:53,959] Trial 296 finished with value: 5.0 and parameters: {'x_0': -1, 'x_1': -2, 'x_2': 0, 'x_3': 0}. Best is trial 288 with value: 1.0.
2024-11-17 07:14:54,058 - INFO - Candidate Mean Stats: {'Max': np.float64(100.0), 'Min': np.float64(-0.2274259150441707), 'Mean': np.float64(0.9131392283693023), 'Std': np.float64(7.041497782457589)}
2024-11-17 07:14:54,058 - INFO - Candidate Std Stats: {'Max': np.float64(0.756922545475948), 'Min': np.float64(0.0), 'Mean': np.float64(0.05098679966917666), 'Std': np.float64(0.04549902948535935)}
2024-11-17 07:14:54,059 - INFO - Top 10 Mean Stats: {'Max': np.float64(-0.08189805562930244), 'Min': np.float64(-0.2274259150441707), 'Mean': np.float64(-0.18000250558835132), 'Std': np.float64(0.040470062502277235)}
2024-11-17 07:14:54,060 - INFO - Top 10 Std Stats: {'Max': np.float64(0.4977822946341387), 'Min': np.float64(0.28105544517538517), 'Mean': np.float64(0.34817597838304537), 'Std': np.float64(0.06076434435475991)}
2024-11-17 07:14:54,060 - INFO - Bottom 10 Mean Stats: {'Max': np.float64(100.0), 'Min': np.float64(84.0), 'Mean': np.float64(93.0), 'Std': np.float64(5.019960159204453)}
2024-11-17 07:14:54,060 - INFO - Bottom 10 Std Stats: {'Max': np.float64(0.0), 'Min': np.float64(0.0), 'Mean': np.float64(0.0), 'Std': np.float64(0.0)}
2024-11-17 07:14:54,066 - INFO - Candidate Mean Stats: {'Max': np.float64(100.0), 'Min': np.float64(-0.20928757021085637), 'Mean': np.float64(1.0495484900599645), 'Std': np.float64(7.75353397830321)}
2024-11-17 07:14:54,066 - INFO - Candidate Std Stats: {'Max': np.float64(0.5429630089239349), 'Min': np.float64(0.0), 'Mean': np.float64(0.045269867079170294), 'Std': np.float64(0.04235483750872345)}
2024-11-17 07:14:54,068 - INFO - Top 10 Mean Stats: {'Max': np.float64(-0.11524243475612161), 'Min': np.float64(-0.20928757021085637), 'Mean': np.float64(-0.16019060334276597), 'Std': np.float64(0.03059932974544049)}
2024-11-17 07:14:54,068 - INFO - Top 10 Std Stats: {'Max': np.float64(0.5429630089239349), 'Min': np.float64(0.28509131686340505), 'Mean': np.float64(0.36215281647696423), 'Std': np.float64(0.08308801411696545)}
2024-11-17 07:14:54,068 - INFO - Bottom 10 Mean Stats: {'Max': np.float64(100.0), 'Min': np.float64(91.0), 'Mean': np.float64(95.5), 'Std': np.float64(4.5)}
2024-11-17 07:14:54,068 - INFO - Bottom 10 Std Stats: {'Max': np.float64(0.0), 'Min': np.float64(0.0), 'Mean': np.float64(0.0), 'Std': np.float64(0.0)}
[I 2024-11-17 07:14:54,079] Trial 311 finished with value: 21.0 and parameters: {'x_0': -1, 'x_1': 2, 'x_2': -4, 'x_3': 0}. Best is trial 290 with value: 2.0.
[I 2024-11-17 07:14:54,085] Trial 318 finished with value: 75.0 and parameters: {'x_0': 3, 'x_1': -4, 'x_2': -5, 'x_3': 5}. Best is trial 179 with value: 1.0.
2024-11-17 07:14:54,202 - INFO - Candidate Mean Stats: {'Max': np.float64(91.0), 'Min': np.float64(-0.8101929780357263), 'Mean': np.float64(0.6773173818235174), 'Std': np.float64(5.580983262985405)}
2024-11-17 07:14:54,202 - INFO - Candidate Std Stats: {'Max': np.float64(0.6338174197624425), 'Min': np.float64(0.0), 'Mean': np.float64(0.05276113278000827), 'Std': np.float64(0.04824596102852165)}
2024-11-17 07:14:54,204 - INFO - Top 10 Mean Stats: {'Max': np.float64(-0.23223422370082045), 'Min': np.float64(-0.8101929780357263), 'Mean': np.float64(-0.40182322205681575), 'Std': np.float64(0.17938672478332657)}
2024-11-17 07:14:54,204 - INFO - Top 10 Std Stats: {'Max': np.float64(0.6338174197624425), 'Min': np.float64(0.2963752470452988), 'Mean': np.float64(0.3973929265843789), 'Std': np.float64(0.10786245934515533)}
2024-11-17 07:14:54,204 - INFO - Bottom 10 Mean Stats: {'Max': np.float64(91.0), 'Min': np.float64(73.0), 'Mean': np.float64(76.9), 'Std': np.float64(5.262128846769148)}
2024-11-17 07:14:54,204 - INFO - Bottom 10 Std Stats: {'Max': np.float64(0.0), 'Min': np.float64(0.0), 'Mean': np.float64(0.0), 'Std': np.float64(0.0)}
[I 2024-11-17 07:14:54,223] Trial 297 finished with value: 8.0 and parameters: {'x_0': -2, 'x_1': -2, 'x_2': 0, 'x_3': 0}. Best is trial 288 with value: 1.0.
2024-11-17 07:14:54,294 - INFO - Candidate Mean Stats: {'Max': np.float64(100.0), 'Min': np.float64(-0.2760726500152209), 'Mean': np.float64(0.9197407867018574), 'Std': np.float64(7.042819992904539)}
2024-11-17 07:14:54,294 - INFO - Candidate Std Stats: {'Max': np.float64(0.6145142868336583), 'Min': np.float64(0.0), 'Mean': np.float64(0.044101840065174265), 'Std': np.float64(0.04594799494320453)}
2024-11-17 07:14:54,296 - INFO - Top 10 Mean Stats: {'Max': np.float64(-0.16957112038481864), 'Min': np.float64(-0.2760726500152209), 'Mean': np.float64(-0.20871455183403054), 'Std': np.float64(0.02993001687507017)}
2024-11-17 07:14:54,296 - INFO - Top 10 Std Stats: {'Max': np.float64(0.5676753502442389), 'Min': np.float64(0.29690091608379643), 'Mean': np.float64(0.4019295276499788), 'Std': np.float64(0.07053104289924458)}
2024-11-17 07:14:54,296 - INFO - Bottom 10 Mean Stats: {'Max': np.float64(100.0), 'Min': np.float64(84.0), 'Mean': np.float64(93.0), 'Std': np.float64(5.019960159204453)}
2024-11-17 07:14:54,296 - INFO - Bottom 10 Std Stats: {'Max': np.float64(0.0), 'Min': np.float64(0.0), 'Mean': np.float64(0.0), 'Std': np.float64(0.0)}
2024-11-17 07:14:54,308 - INFO - Candidate Mean Stats: {'Max': np.float64(100.0), 'Min': np.float64(-0.19955013648636516), 'Mean': np.float64(1.053845281589551), 'Std': np.float64(7.777701322910575)}
2024-11-17 07:14:54,308 - INFO - Candidate Std Stats: {'Max': np.float64(0.43524888486771324), 'Min': np.float64(0.0), 'Mean': np.float64(0.04534647908868052), 'Std': np.float64(0.04267746676465418)}
2024-11-17 07:14:54,310 - INFO - Top 10 Mean Stats: {'Max': np.float64(-0.14181110652245044), 'Min': np.float64(-0.19955013648636516), 'Mean': np.float64(-0.16246218124264625), 'Std': np.float64(0.017912581589882893)}
2024-11-17 07:14:54,310 - INFO - Top 10 Std Stats: {'Max': np.float64(0.3732471206255065), 'Min': np.float64(0.2761666203689768), 'Mean': np.float64(0.31271442030507635), 'Std': np.float64(0.03310279308709622)}
2024-11-17 07:14:54,310 - INFO - Bottom 10 Mean Stats: {'Max': np.float64(100.0), 'Min': np.float64(91.0), 'Mean': np.float64(95.5), 'Std': np.float64(4.5)}
2024-11-17 07:14:54,310 - INFO - Bottom 10 Std Stats: {'Max': np.float64(0.0), 'Min': np.float64(0.0), 'Mean': np.float64(0.0), 'Std': np.float64(0.0)}
[I 2024-11-17 07:14:54,313] Trial 312 finished with value: 6.0 and parameters: {'x_0': -1, 'x_1': -2, 'x_2': -1, 'x_3': 0}. Best is trial 290 with value: 2.0.
[I 2024-11-17 07:14:54,326] Trial 319 finished with value: 5.0 and parameters: {'x_0': 0, 'x_1': 1, 'x_2': 0, 'x_3': -2}. Best is trial 179 with value: 1.0.
2024-11-17 07:14:54,448 - INFO - Candidate Mean Stats: {'Max': np.float64(91.0), 'Min': np.float64(-0.6775196369341041), 'Mean': np.float64(0.6778493543527331), 'Std': np.float64(5.5813085550437)}
2024-11-17 07:14:54,448 - INFO - Candidate Std Stats: {'Max': np.float64(0.44729985599687905), 'Min': np.float64(0.0), 'Mean': np.float64(0.05107867898230259), 'Std': np.float64(0.047192311449147276)}
2024-11-17 07:14:54,450 - INFO - Top 10 Mean Stats: {'Max': np.float64(-0.18817649462481933), 'Min': np.float64(-0.6775196369341041), 'Mean': np.float64(-0.31173112005450665), 'Std': np.float64(0.16384803113483717)}
2024-11-17 07:14:54,450 - INFO - Top 10 Std Stats: {'Max': np.float64(0.41736433297218883), 'Min': np.float64(0.30529979781359273), 'Mean': np.float64(0.3595001352965549), 'Std': np.float64(0.03441329120976078)}
2024-11-17 07:14:54,450 - INFO - Bottom 10 Mean Stats: {'Max': np.float64(91.0), 'Min': np.float64(73.0), 'Mean': np.float64(76.9), 'Std': np.float64(5.262128846769148)}
2024-11-17 07:14:54,450 - INFO - Bottom 10 Std Stats: {'Max': np.float64(0.0), 'Min': np.float64(0.0), 'Mean': np.float64(0.0), 'Std': np.float64(0.0)}
[I 2024-11-17 07:14:54,469] Trial 298 finished with value: 5.0 and parameters: {'x_0': -1, 'x_1': 2, 'x_2': 0, 'x_3': 0}. Best is trial 288 with value: 1.0.
2024-11-17 07:14:54,497 - INFO - Candidate Mean Stats: {'Max': np.float64(100.0), 'Min': np.float64(-0.33032515460963563), 'Mean': np.float64(0.9205324888169009), 'Std': np.float64(7.0429002298760945)}
2024-11-17 07:14:54,497 - INFO - Candidate Std Stats: {'Max': np.float64(0.5353319304547733), 'Min': np.float64(0.0), 'Mean': np.float64(0.04232545941342606), 'Std': np.float64(0.04424173062925453)}
2024-11-17 07:14:54,499 - INFO - Top 10 Mean Stats: {'Max': np.float64(-0.17204840992356799), 'Min': np.float64(-0.33032515460963563), 'Mean': np.float64(-0.2471457038078327), 'Std': np.float64(0.03978172880633721)}
2024-11-17 07:14:54,499 - INFO - Top 10 Std Stats: {'Max': np.float64(0.4893026417253255), 'Min': np.float64(0.27370163701880384), 'Mean': np.float64(0.34929085596475495), 'Std': np.float64(0.0703487901929352)}
2024-11-17 07:14:54,499 - INFO - Bottom 10 Mean Stats: {'Max': np.float64(100.0), 'Min': np.float64(84.0), 'Mean': np.float64(93.0), 'Std': np.float64(5.019960159204453)}
2024-11-17 07:14:54,499 - INFO - Bottom 10 Std Stats: {'Max': np.float64(0.0), 'Min': np.float64(0.0), 'Mean': np.float64(0.0), 'Std': np.float64(0.0)}
[I 2024-11-17 07:14:54,514] Trial 313 finished with value: 3.0 and parameters: {'x_0': -1, 'x_1': -1, 'x_2': 1, 'x_3': 0}. Best is trial 290 with value: 2.0.
2024-11-17 07:14:54,594 - INFO - Candidate Mean Stats: {'Max': np.float64(100.0), 'Min': np.float64(-0.17666869057432052), 'Mean': np.float64(1.0506851460056503), 'Std': np.float64(7.778218916131087)}
2024-11-17 07:14:54,595 - INFO - Candidate Std Stats: {'Max': np.float64(0.3300485341380691), 'Min': np.float64(0.0), 'Mean': np.float64(0.04691642145001014), 'Std': np.float64(0.03952842436259036)}
2024-11-17 07:14:54,596 - INFO - Top 10 Mean Stats: {'Max': np.float64(-0.05409464311133048), 'Min': np.float64(-0.17666869057432052), 'Mean': np.float64(-0.12418311988636026), 'Std': np.float64(0.03293013152734677)}
2024-11-17 07:14:54,596 - INFO - Top 10 Std Stats: {'Max': np.float64(0.3300485341380691), 'Min': np.float64(0.19968275656956697), 'Mean': np.float64(0.24733699663609016), 'Std': np.float64(0.03726908148310233)}
2024-11-17 07:14:54,596 - INFO - Bottom 10 Mean Stats: {'Max': np.float64(100.0), 'Min': np.float64(91.0), 'Mean': np.float64(95.5), 'Std': np.float64(4.5)}
2024-11-17 07:14:54,596 - INFO - Bottom 10 Std Stats: {'Max': np.float64(0.0), 'Min': np.float64(0.0), 'Mean': np.float64(0.0), 'Std': np.float64(0.0)}
[I 2024-11-17 07:14:54,614] Trial 320 finished with value: 12.0 and parameters: {'x_0': 1, 'x_1': 3, 'x_2': 1, 'x_3': -1}. Best is trial 179 with value: 1.0.
2024-11-17 07:14:54,695 - INFO - Candidate Mean Stats: {'Max': np.float64(91.0), 'Min': np.float64(-0.8117624840502055), 'Mean': np.float64(0.6814944114855227), 'Std': np.float64(5.581009487759544)}
2024-11-17 07:14:54,695 - INFO - Candidate Std Stats: {'Max': np.float64(0.5609024284866088), 'Min': np.float64(0.0), 'Mean': np.float64(0.05153909629187747), 'Std': np.float64(0.04831936645047741)}
2024-11-17 07:14:54,696 - INFO - Top 10 Mean Stats: {'Max': np.float64(-0.20404166840862942), 'Min': np.float64(-0.8117624840502055), 'Mean': np.float64(-0.3254045184470136), 'Std': np.float64(0.16635891110039674)}
2024-11-17 07:14:54,696 - INFO - Top 10 Std Stats: {'Max': np.float64(0.5609024284866088), 'Min': np.float64(0.17148870308694625), 'Mean': np.float64(0.37780039317158665), 'Std': np.float64(0.10219413279963058)}
2024-11-17 07:14:54,696 - INFO - Bottom 10 Mean Stats: {'Max': np.float64(91.0), 'Min': np.float64(73.0), 'Mean': np.float64(76.9), 'Std': np.float64(5.262128846769148)}
2024-11-17 07:14:54,696 - INFO - Bottom 10 Std Stats: {'Max': np.float64(0.0), 'Min': np.float64(0.0), 'Mean': np.float64(0.0), 'Std': np.float64(0.0)}
[I 2024-11-17 07:14:54,715] Trial 299 finished with value: 8.0 and parameters: {'x_0': -2, 'x_1': 2, 'x_2': 0, 'x_3': 0}. Best is trial 288 with value: 1.0.
2024-11-17 07:14:54,716 - INFO - Candidate Mean Stats: {'Max': np.float64(100.0), 'Min': np.float64(-0.6328185533249954), 'Mean': np.float64(0.912658720497324), 'Std': np.float64(7.0439310212204)}
2024-11-17 07:14:54,716 - INFO - Candidate Std Stats: {'Max': np.float64(0.7186147916534605), 'Min': np.float64(0.0), 'Mean': np.float64(0.04507631247385655), 'Std': np.float64(0.051689962313679054)}
2024-11-17 07:14:54,718 - INFO - Top 10 Mean Stats: {'Max': np.float64(-0.23952762678293435), 'Min': np.float64(-0.6328185533249954), 'Mean': np.float64(-0.4280140906345644), 'Std': np.float64(0.10546719972109919)}
2024-11-17 07:14:54,718 - INFO - Top 10 Std Stats: {'Max': np.float64(0.5695243706299722), 'Min': np.float64(0.18457934373834292), 'Mean': np.float64(0.3728584716081359), 'Std': np.float64(0.09290786841855338)}
2024-11-17 07:14:54,718 - INFO - Bottom 10 Mean Stats: {'Max': np.float64(100.0), 'Min': np.float64(84.0), 'Mean': np.float64(93.0), 'Std': np.float64(5.019960159204453)}
2024-11-17 07:14:54,718 - INFO - Bottom 10 Std Stats: {'Max': np.float64(0.0), 'Min': np.float64(0.0), 'Mean': np.float64(0.0), 'Std': np.float64(0.0)}
[I 2024-11-17 07:14:54,741] Trial 314 finished with value: 6.0 and parameters: {'x_0': -1, 'x_1': -2, 'x_2': 0, 'x_3': -1}. Best is trial 290 with value: 2.0.
2024-11-17 07:14:54,892 - INFO - Candidate Mean Stats: {'Max': np.float64(100.0), 'Min': np.float64(-0.27396000664574294), 'Mean': np.float64(1.0529619288881995), 'Std': np.float64(7.778538553890665)}
2024-11-17 07:14:54,892 - INFO - Candidate Std Stats: {'Max': np.float64(0.5193089106620349), 'Min': np.float64(0.0), 'Mean': np.float64(0.047045402915460104), 'Std': np.float64(0.045574420908252214)}
2024-11-17 07:14:54,894 - INFO - Top 10 Mean Stats: {'Max': np.float64(-0.04482625206353428), 'Min': np.float64(-0.27396000664574294), 'Mean': np.float64(-0.14239048957972109), 'Std': np.float64(0.06645603408005722)}
2024-11-17 07:14:54,894 - INFO - Top 10 Std Stats: {'Max': np.float64(0.5193089106620349), 'Min': np.float64(0.3171222663384822), 'Mean': np.float64(0.38096346141933235), 'Std': np.float64(0.06651629603571199)}
2024-11-17 07:14:54,894 - INFO - Bottom 10 Mean Stats: {'Max': np.float64(100.0), 'Min': np.float64(91.0), 'Mean': np.float64(95.5), 'Std': np.float64(4.5)}
2024-11-17 07:14:54,894 - INFO - Bottom 10 Std Stats: {'Max': np.float64(0.0), 'Min': np.float64(0.0), 'Mean': np.float64(0.0), 'Std': np.float64(0.0)}
