[I 2024-11-17 07:14:44,541] Trial 275 finished with value: 28.0 and parameters: {'x_0': -1, 'x_1': 5, 'x_2': 1, 'x_3': 1}. Best is trial 248 with value: 5.0.
2024-11-17 07:14:44,734 - INFO - Candidate Mean Stats: {'Max': np.float64(100.0), 'Min': np.float64(-0.2733468039236879), 'Mean': np.float64(0.9572162661747945), 'Std': np.float64(7.448534292115586)}
2024-11-17 07:14:44,734 - INFO - Candidate Std Stats: {'Max': np.float64(0.500456771351848), 'Min': np.float64(0.0), 'Mean': np.float64(0.04491385652174424), 'Std': np.float64(0.043624104676993014)}
2024-11-17 07:14:44,736 - INFO - Top 10 Mean Stats: {'Max': np.float64(-0.12611888038514169), 'Min': np.float64(-0.2733468039236879), 'Mean': np.float64(-0.17730534548213114), 'Std': np.float64(0.03885015093081304)}
2024-11-17 07:14:44,736 - INFO - Top 10 Std Stats: {'Max': np.float64(0.500456771351848), 'Min': np.float64(0.30887746472160066), 'Mean': np.float64(0.3655173126449884), 'Std': np.float64(0.05897059121252944)}
2024-11-17 07:14:44,736 - INFO - Bottom 10 Mean Stats: {'Max': np.float64(100.0), 'Min': np.float64(91.0), 'Mean': np.float64(95.5), 'Std': np.float64(4.5)}
2024-11-17 07:14:44,736 - INFO - Bottom 10 Std Stats: {'Max': np.float64(0.0), 'Min': np.float64(0.0), 'Mean': np.float64(0.0), 'Std': np.float64(0.0)}
[I 2024-11-17 07:14:44,752] Trial 284 finished with value: 18.0 and parameters: {'x_0': 0, 'x_1': -4, 'x_2': -1, 'x_3': -1}. Best is trial 179 with value: 1.0.
2024-11-17 07:14:44,775 - INFO - Candidate Mean Stats: {'Max': np.float64(91.0), 'Min': np.float64(-0.4846604949321701), 'Mean': np.float64(0.6534209347720099), 'Std': np.float64(5.493245017794109)}
2024-11-17 07:14:44,775 - INFO - Candidate Std Stats: {'Max': np.float64(0.6090309430455885), 'Min': np.float64(0.0), 'Mean': np.float64(0.0624042628723999), 'Std': np.float64(0.050205490431599616)}
2024-11-17 07:14:44,776 - INFO - Top 10 Mean Stats: {'Max': np.float64(-0.15198245559632678), 'Min': np.float64(-0.4846604949321701), 'Mean': np.float64(-0.3025824074968956), 'Std': np.float64(0.08621705044440672)}
2024-11-17 07:14:44,776 - INFO - Top 10 Std Stats: {'Max': np.float64(0.6090309430455885), 'Min': np.float64(0.34347630714650135), 'Mean': np.float64(0.45689577077708793), 'Std': np.float64(0.08084659678054798)}
2024-11-17 07:14:44,777 - INFO - Bottom 10 Mean Stats: {'Max': np.float64(91.0), 'Min': np.float64(73.0), 'Mean': np.float64(76.9), 'Std': np.float64(5.262128846769148)}
2024-11-17 07:14:44,777 - INFO - Bottom 10 Std Stats: {'Max': np.float64(0.0), 'Min': np.float64(0.0), 'Mean': np.float64(0.0), 'Std': np.float64(0.0)}
[I 2024-11-17 07:14:44,794] Trial 265 finished with value: 9.0 and parameters: {'x_0': -2, 'x_1': -2, 'x_2': 1, 'x_3': 0}. Best is trial 141 with value: 2.0.
2024-11-17 07:14:44,839 - INFO - Candidate Mean Stats: {'Max': np.float64(100.0), 'Min': np.float64(-0.17075533085480005), 'Mean': np.float64(0.8503164718412051), 'Std': np.float64(6.848121721546679)}
2024-11-17 07:14:44,840 - INFO - Candidate Std Stats: {'Max': np.float64(0.571724354619279), 'Min': np.float64(0.0), 'Mean': np.float64(0.04842708600232595), 'Std': np.float64(0.04521552754317298)}
2024-11-17 07:14:44,841 - INFO - Top 10 Mean Stats: {'Max': np.float64(-0.14276933396328437), 'Min': np.float64(-0.17075533085480005), 'Mean': np.float64(-0.15906923712490126), 'Std': np.float64(0.0091557883310009)}
2024-11-17 07:14:44,841 - INFO - Top 10 Std Stats: {'Max': np.float64(0.31855034429436907), 'Min': np.float64(0.2524086540119592), 'Mean': np.float64(0.2896738886262868), 'Std': np.float64(0.02076620272001446)}
2024-11-17 07:14:44,842 - INFO - Bottom 10 Mean Stats: {'Max': np.float64(100.0), 'Min': np.float64(84.0), 'Mean': np.float64(93.0), 'Std': np.float64(5.019960159204453)}
2024-11-17 07:14:44,842 - INFO - Bottom 10 Std Stats: {'Max': np.float64(0.0), 'Min': np.float64(0.0), 'Mean': np.float64(0.0), 'Std': np.float64(0.0)}
[I 2024-11-17 07:14:44,862] Trial 276 finished with value: 52.0 and parameters: {'x_0': -3, 'x_1': -3, 'x_2': -3, 'x_3': -5}. Best is trial 248 with value: 5.0.
2024-11-17 07:14:45,066 - INFO - Candidate Mean Stats: {'Max': np.float64(100.0), 'Min': np.float64(-0.30562088811535365), 'Mean': np.float64(0.8570015977344749), 'Std': np.float64(6.860757703251566)}
2024-11-17 07:14:45,066 - INFO - Candidate Std Stats: {'Max': np.float64(0.5638795706392394), 'Min': np.float64(0.0), 'Mean': np.float64(0.0478481782454822), 'Std': np.float64(0.0466215591985444)}
2024-11-17 07:14:45,068 - INFO - Top 10 Mean Stats: {'Max': np.float64(-0.15946657363156944), 'Min': np.float64(-0.30562088811535365), 'Mean': np.float64(-0.21688865955361317), 'Std': np.float64(0.04994802726050336)}
2024-11-17 07:14:45,068 - INFO - Top 10 Std Stats: {'Max': np.float64(0.5638795706392394), 'Min': np.float64(0.2667022670224912), 'Mean': np.float64(0.42583258903043486), 'Std': np.float64(0.08685229546741058)}
2024-11-17 07:14:45,068 - INFO - Bottom 10 Mean Stats: {'Max': np.float64(100.0), 'Min': np.float64(84.0), 'Mean': np.float64(93.0), 'Std': np.float64(5.019960159204453)}
2024-11-17 07:14:45,068 - INFO - Bottom 10 Std Stats: {'Max': np.float64(0.0), 'Min': np.float64(0.0), 'Mean': np.float64(0.0), 'Std': np.float64(0.0)}
2024-11-17 07:14:45,077 - INFO - Candidate Mean Stats: {'Max': np.float64(91.0), 'Min': np.float64(-0.3735520830961961), 'Mean': np.float64(0.6546894566442026), 'Std': np.float64(5.493583922416514)}
2024-11-17 07:14:45,077 - INFO - Candidate Std Stats: {'Max': np.float64(0.6654869457767055), 'Min': np.float64(0.0), 'Mean': np.float64(0.05756119753072056), 'Std': np.float64(0.05198054272334634)}
2024-11-17 07:14:45,079 - INFO - Top 10 Mean Stats: {'Max': np.float64(0.011964694975797862), 'Min': np.float64(-0.3735520830961961), 'Mean': np.float64(-0.22044595822239682), 'Std': np.float64(0.0898355595743152)}
2024-11-17 07:14:45,079 - INFO - Top 10 Std Stats: {'Max': np.float64(0.6654869457767055), 'Min': np.float64(0.3702321601036989), 'Mean': np.float64(0.48468998801887186), 'Std': np.float64(0.08877446586340552)}
2024-11-17 07:14:45,079 - INFO - Bottom 10 Mean Stats: {'Max': np.float64(91.0), 'Min': np.float64(73.0), 'Mean': np.float64(76.9), 'Std': np.float64(5.262128846769148)}
2024-11-17 07:14:45,079 - INFO - Bottom 10 Std Stats: {'Max': np.float64(0.0), 'Min': np.float64(0.0), 'Mean': np.float64(0.0), 'Std': np.float64(0.0)}
2024-11-17 07:14:45,083 - INFO - Candidate Mean Stats: {'Max': np.float64(100.0), 'Min': np.float64(-0.19208267556141898), 'Mean': np.float64(0.9539991093515072), 'Std': np.float64(7.450424639297898)}
2024-11-17 07:14:45,083 - INFO - Candidate Std Stats: {'Max': np.float64(0.3867384569239898), 'Min': np.float64(0.0), 'Mean': np.float64(0.04688473681981134), 'Std': np.float64(0.0399686104028686)}
2024-11-17 07:14:45,085 - INFO - Top 10 Mean Stats: {'Max': np.float64(-0.10039451670325032), 'Min': np.float64(-0.19208267556141898), 'Mean': np.float64(-0.14745069105346734), 'Std': np.float64(0.02776080508921611)}
2024-11-17 07:14:45,085 - INFO - Top 10 Std Stats: {'Max': np.float64(0.3867384569239898), 'Min': np.float64(0.1856638032846177), 'Mean': np.float64(0.2949661501802528), 'Std': np.float64(0.06641732276011308)}
2024-11-17 07:14:45,085 - INFO - Bottom 10 Mean Stats: {'Max': np.float64(100.0), 'Min': np.float64(91.0), 'Mean': np.float64(95.5), 'Std': np.float64(4.5)}
2024-11-17 07:14:45,085 - INFO - Bottom 10 Std Stats: {'Max': np.float64(0.0), 'Min': np.float64(0.0), 'Mean': np.float64(0.0), 'Std': np.float64(0.0)}
[I 2024-11-17 07:14:45,086] Trial 277 finished with value: 6.0 and parameters: {'x_0': -1, 'x_1': 2, 'x_2': 1, 'x_3': 0}. Best is trial 248 with value: 5.0.
[I 2024-11-17 07:14:45,143] Trial 266 finished with value: 9.0 and parameters: {'x_0': -2, 'x_1': -2, 'x_2': -1, 'x_3': 0}. Best is trial 141 with value: 2.0.
[I 2024-11-17 07:14:45,149] Trial 285 finished with value: 20.0 and parameters: {'x_0': 1, 'x_1': 3, 'x_2': 3, 'x_3': 1}. Best is trial 179 with value: 1.0.
2024-11-17 07:14:45,407 - INFO - Candidate Mean Stats: {'Max': np.float64(91.0), 'Min': np.float64(-0.2864191417809208), 'Mean': np.float64(0.6570714621064002), 'Std': np.float64(5.49381493245455)}
2024-11-17 07:14:45,408 - INFO - Candidate Std Stats: {'Max': np.float64(0.5710304663692738), 'Min': np.float64(0.0), 'Mean': np.float64(0.0632459153326589), 'Std': np.float64(0.04948401132208906)}
2024-11-17 07:14:45,409 - INFO - Top 10 Mean Stats: {'Max': np.float64(-0.17933612792799858), 'Min': np.float64(-0.25918222333348545), 'Mean': np.float64(-0.2048764363890027), 'Std': np.float64(0.025142757815407712)}
2024-11-17 07:14:45,409 - INFO - Top 10 Std Stats: {'Max': np.float64(0.5710304663692738), 'Min': np.float64(0.3611838085837332), 'Mean': np.float64(0.41746862759169784), 'Std': np.float64(0.07081553440186017)}
2024-11-17 07:14:45,409 - INFO - Bottom 10 Mean Stats: {'Max': np.float64(91.0), 'Min': np.float64(73.0), 'Mean': np.float64(76.9), 'Std': np.float64(5.262128846769148)}
2024-11-17 07:14:45,409 - INFO - Bottom 10 Std Stats: {'Max': np.float64(0.0), 'Min': np.float64(0.0), 'Mean': np.float64(0.0), 'Std': np.float64(0.0)}
2024-11-17 07:14:45,414 - INFO - Candidate Mean Stats: {'Max': np.float64(100.0), 'Min': np.float64(-0.31289148981820736), 'Mean': np.float64(0.9559305417550042), 'Std': np.float64(7.451987033131004)}
2024-11-17 07:14:45,414 - INFO - Candidate Std Stats: {'Max': np.float64(0.6208167645729321), 'Min': np.float64(0.0), 'Mean': np.float64(0.04947654765725347), 'Std': np.float64(0.046604006630618054)}
2024-11-17 07:14:45,415 - INFO - Top 10 Mean Stats: {'Max': np.float64(-0.07299757618672403), 'Min': np.float64(-0.31289148981820736), 'Mean': np.float64(-0.17740474035783407), 'Std': np.float64(0.06595406344182059)}
2024-11-17 07:14:45,415 - INFO - Top 10 Std Stats: {'Max': np.float64(0.6208167645729321), 'Min': np.float64(0.27351005871548184), 'Mean': np.float64(0.37601519276256273), 'Std': np.float64(0.0999473419623302)}
2024-11-17 07:14:45,415 - INFO - Bottom 10 Mean Stats: {'Max': np.float64(100.0), 'Min': np.float64(91.0), 'Mean': np.float64(95.5), 'Std': np.float64(4.5)}
2024-11-17 07:14:45,415 - INFO - Bottom 10 Std Stats: {'Max': np.float64(0.0), 'Min': np.float64(0.0), 'Mean': np.float64(0.0), 'Std': np.float64(0.0)}
[I 2024-11-17 07:14:45,426] Trial 267 finished with value: 51.0 and parameters: {'x_0': -1, 'x_1': 5, 'x_2': 4, 'x_3': -3}. Best is trial 141 with value: 2.0.
2024-11-17 07:14:45,428 - INFO - Candidate Mean Stats: {'Max': np.float64(100.0), 'Min': np.float64(-0.2561690758492646), 'Mean': np.float64(0.8543134434202623), 'Std': np.float64(6.861253451234839)}
2024-11-17 07:14:45,428 - INFO - Candidate Std Stats: {'Max': np.float64(0.4926905320290033), 'Min': np.float64(0.0), 'Mean': np.float64(0.052437001168500176), 'Std': np.float64(0.04680038193980304)}
2024-11-17 07:14:45,430 - INFO - Top 10 Mean Stats: {'Max': np.float64(-0.13359496533553278), 'Min': np.float64(-0.2561690758492646), 'Mean': np.float64(-0.178173538304014), 'Std': np.float64(0.03436205368616958)}
2024-11-17 07:14:45,430 - INFO - Top 10 Std Stats: {'Max': np.float64(0.4442618021267357), 'Min': np.float64(0.34121012490508335), 'Mean': np.float64(0.377873536289333), 'Std': np.float64(0.03463853374576465)}
2024-11-17 07:14:45,430 - INFO - Bottom 10 Mean Stats: {'Max': np.float64(100.0), 'Min': np.float64(84.0), 'Mean': np.float64(93.0), 'Std': np.float64(5.019960159204453)}
2024-11-17 07:14:45,430 - INFO - Bottom 10 Std Stats: {'Max': np.float64(0.0), 'Min': np.float64(0.0), 'Mean': np.float64(0.0), 'Std': np.float64(0.0)}
[I 2024-11-17 07:14:45,431] Trial 286 finished with value: 59.0 and parameters: {'x_0': 0, 'x_1': -3, 'x_2': -5, 'x_3': 5}. Best is trial 179 with value: 1.0.
[I 2024-11-17 07:14:45,444] Trial 278 finished with value: 27.0 and parameters: {'x_0': -1, 'x_1': -5, 'x_2': 1, 'x_3': 0}. Best is trial 248 with value: 5.0.
2024-11-17 07:14:45,672 - INFO - Candidate Mean Stats: {'Max': np.float64(100.0), 'Min': np.float64(-0.20299410923457312), 'Mean': np.float64(0.8565958439807876), 'Std': np.float64(6.864611843554277)}
2024-11-17 07:14:45,672 - INFO - Candidate Std Stats: {'Max': np.float64(0.5268061795589801), 'Min': np.float64(0.0), 'Mean': np.float64(0.048326344095082276), 'Std': np.float64(0.04367699662293715)}
2024-11-17 07:14:45,674 - INFO - Top 10 Mean Stats: {'Max': np.float64(0.033674530555082606), 'Min': np.float64(-0.20299410923457312), 'Mean': np.float64(-0.14038759882913493), 'Std': np.float64(0.06279915653033069)}
2024-11-17 07:14:45,674 - INFO - Top 10 Std Stats: {'Max': np.float64(0.5073799713413624), 'Min': np.float64(0.28351042755101025), 'Mean': np.float64(0.3533405262417164), 'Std': np.float64(0.06227840212361008)}
2024-11-17 07:14:45,674 - INFO - Bottom 10 Mean Stats: {'Max': np.float64(100.0), 'Min': np.float64(84.0), 'Mean': np.float64(93.0), 'Std': np.float64(5.019960159204453)}
2024-11-17 07:14:45,674 - INFO - Bottom 10 Std Stats: {'Max': np.float64(0.0), 'Min': np.float64(0.0), 'Mean': np.float64(0.0), 'Std': np.float64(0.0)}
2024-11-17 07:14:45,689 - INFO - Candidate Mean Stats: {'Max': np.float64(91.0), 'Min': np.float64(-0.30616139812291565), 'Mean': np.float64(0.6571370739606958), 'Std': np.float64(5.509953963219554)}
2024-11-17 07:14:45,689 - INFO - Candidate Std Stats: {'Max': np.float64(0.5378734892949829), 'Min': np.float64(0.0), 'Mean': np.float64(0.06349393095292705), 'Std': np.float64(0.049325973048090395)}
2024-11-17 07:14:45,690 - INFO - Top 10 Mean Stats: {'Max': np.float64(-0.18560382911343296), 'Min': np.float64(-0.30616139812291565), 'Mean': np.float64(-0.2447258222004583), 'Std': np.float64(0.0438035614584345)}
2024-11-17 07:14:45,690 - INFO - Top 10 Std Stats: {'Max': np.float64(0.5378734892949829), 'Min': np.float64(0.2820848641857223), 'Mean': np.float64(0.39529892792654675), 'Std': np.float64(0.07136862732527592)}
2024-11-17 07:14:45,691 - INFO - Bottom 10 Mean Stats: {'Max': np.float64(91.0), 'Min': np.float64(73.0), 'Mean': np.float64(76.9), 'Std': np.float64(5.262128846769148)}
2024-11-17 07:14:45,691 - INFO - Bottom 10 Std Stats: {'Max': np.float64(0.0), 'Min': np.float64(0.0), 'Mean': np.float64(0.0), 'Std': np.float64(0.0)}
[I 2024-11-17 07:14:45,695] Trial 279 finished with value: 46.0 and parameters: {'x_0': 4, 'x_1': 2, 'x_2': -5, 'x_3': -1}. Best is trial 248 with value: 5.0.
2024-11-17 07:14:45,704 - INFO - Candidate Mean Stats: {'Max': np.float64(100.0), 'Min': np.float64(-0.2635404340005535), 'Mean': np.float64(0.9578388836583978), 'Std': np.float64(7.4676768451139095)}
2024-11-17 07:14:45,704 - INFO - Candidate Std Stats: {'Max': np.float64(0.5605135734488538), 'Min': np.float64(0.0), 'Mean': np.float64(0.049034320396366154), 'Std': np.float64(0.047114823086601844)}
2024-11-17 07:14:45,706 - INFO - Top 10 Mean Stats: {'Max': np.float64(-0.07178076144471537), 'Min': np.float64(-0.2635404340005535), 'Mean': np.float64(-0.18707255319397414), 'Std': np.float64(0.059721785189904196)}
2024-11-17 07:14:45,706 - INFO - Top 10 Std Stats: {'Max': np.float64(0.5605135734488538), 'Min': np.float64(0.29048915043850077), 'Mean': np.float64(0.41572328914116624), 'Std': np.float64(0.07385410437459654)}
2024-11-17 07:14:45,706 - INFO - Bottom 10 Mean Stats: {'Max': np.float64(100.0), 'Min': np.float64(91.0), 'Mean': np.float64(95.5), 'Std': np.float64(4.5)}
2024-11-17 07:14:45,706 - INFO - Bottom 10 Std Stats: {'Max': np.float64(0.0), 'Min': np.float64(0.0), 'Mean': np.float64(0.0), 'Std': np.float64(0.0)}
[I 2024-11-17 07:14:45,711] Trial 268 finished with value: 67.0 and parameters: {'x_0': -5, 'x_1': 4, 'x_2': 1, 'x_3': -5}. Best is trial 141 with value: 2.0.
[I 2024-11-17 07:14:45,721] Trial 287 finished with value: 27.0 and parameters: {'x_0': 1, 'x_1': 5, 'x_2': 1, 'x_3': 0}. Best is trial 179 with value: 1.0.
2024-11-17 07:14:45,941 - INFO - Candidate Mean Stats: {'Max': np.float64(100.0), 'Min': np.float64(-0.24578214312222615), 'Mean': np.float64(0.8542251581394784), 'Std': np.float64(6.875409490597578)}
2024-11-17 07:14:45,941 - INFO - Candidate Std Stats: {'Max': np.float64(0.532063054336405), 'Min': np.float64(0.0), 'Mean': np.float64(0.054387268044379454), 'Std': np.float64(0.04707622907349357)}
2024-11-17 07:14:45,942 - INFO - Top 10 Mean Stats: {'Max': np.float64(-0.15878153676904536), 'Min': np.float64(-0.24578214312222615), 'Mean': np.float64(-0.19346922188814944), 'Std': np.float64(0.02365657774215379)}
2024-11-17 07:14:45,942 - INFO - Top 10 Std Stats: {'Max': np.float64(0.4088829427912403), 'Min': np.float64(0.35138102910482455), 'Mean': np.float64(0.3767762877253761), 'Std': np.float64(0.017746380055779814)}
2024-11-17 07:14:45,942 - INFO - Bottom 10 Mean Stats: {'Max': np.float64(100.0), 'Min': np.float64(84.0), 'Mean': np.float64(93.0), 'Std': np.float64(5.019960159204453)}
2024-11-17 07:14:45,942 - INFO - Bottom 10 Std Stats: {'Max': np.float64(0.0), 'Min': np.float64(0.0), 'Mean': np.float64(0.0), 'Std': np.float64(0.0)}
2024-11-17 07:14:45,957 - INFO - Candidate Mean Stats: {'Max': np.float64(100.0), 'Min': np.float64(-0.21937662317545334), 'Mean': np.float64(0.9628342582353652), 'Std': np.float64(7.470389275953744)}
2024-11-17 07:14:45,957 - INFO - Candidate Std Stats: {'Max': np.float64(0.636999509657358), 'Min': np.float64(0.0), 'Mean': np.float64(0.046027341434167875), 'Std': np.float64(0.0449376556025873)}
[I 2024-11-17 07:14:45,958] Trial 280 finished with value: 7.0 and parameters: {'x_0': -1, 'x_1': 2, 'x_2': 1, 'x_3': -1}. Best is trial 248 with value: 5.0.
2024-11-17 07:14:45,959 - INFO - Top 10 Mean Stats: {'Max': np.float64(-0.10637084291719452), 'Min': np.float64(-0.21937662317545334), 'Mean': np.float64(-0.1636623121447525), 'Std': np.float64(0.03891561450045647)}
2024-11-17 07:14:45,959 - INFO - Top 10 Std Stats: {'Max': np.float64(0.636999509657358), 'Min': np.float64(0.30743416874242174), 'Mean': np.float64(0.4006414220381823), 'Std': np.float64(0.09282655785674761)}
2024-11-17 07:14:45,959 - INFO - Bottom 10 Mean Stats: {'Max': np.float64(100.0), 'Min': np.float64(91.0), 'Mean': np.float64(95.5), 'Std': np.float64(4.5)}
2024-11-17 07:14:45,959 - INFO - Bottom 10 Std Stats: {'Max': np.float64(0.0), 'Min': np.float64(0.0), 'Mean': np.float64(0.0), 'Std': np.float64(0.0)}
[I 2024-11-17 07:14:45,974] Trial 288 finished with value: 82.0 and parameters: {'x_0': 5, 'x_1': -4, 'x_2': 4, 'x_3': 5}. Best is trial 179 with value: 1.0.
2024-11-17 07:14:45,995 - INFO - Candidate Mean Stats: {'Max': np.float64(91.0), 'Min': np.float64(-0.223282321323236), 'Mean': np.float64(0.6646795086609273), 'Std': np.float64(5.536796182756469)}
2024-11-17 07:14:45,995 - INFO - Candidate Std Stats: {'Max': np.float64(0.5032361379070625), 'Min': np.float64(0.0), 'Mean': np.float64(0.06507200486443583), 'Std': np.float64(0.0448896841745987)}
2024-11-17 07:14:45,996 - INFO - Top 10 Mean Stats: {'Max': np.float64(-0.06972061916054165), 'Min': np.float64(-0.223282321323236), 'Mean': np.float64(-0.1619938588168471), 'Std': np.float64(0.03762906321516373)}
2024-11-17 07:14:45,996 - INFO - Top 10 Std Stats: {'Max': np.float64(0.5032361379070625), 'Min': np.float64(0.292474016756512), 'Mean': np.float64(0.3491620731394246), 'Std': np.float64(0.057165819274816565)}
2024-11-17 07:14:45,996 - INFO - Bottom 10 Mean Stats: {'Max': np.float64(91.0), 'Min': np.float64(73.0), 'Mean': np.float64(76.9), 'Std': np.float64(5.262128846769148)}
2024-11-17 07:14:45,996 - INFO - Bottom 10 Std Stats: {'Max': np.float64(0.0), 'Min': np.float64(0.0), 'Mean': np.float64(0.0), 'Std': np.float64(0.0)}
[I 2024-11-17 07:14:46,012] Trial 269 finished with value: 55.0 and parameters: {'x_0': -5, 'x_1': 2, 'x_2': 1, 'x_3': -5}. Best is trial 141 with value: 2.0.
2024-11-17 07:14:46,187 - INFO - Candidate Mean Stats: {'Max': np.float64(100.0), 'Min': np.float64(-0.3010403474699771), 'Mean': np.float64(0.8602117831811126), 'Std': np.float64(6.8749180893663056)}
2024-11-17 07:14:46,187 - INFO - Candidate Std Stats: {'Max': np.float64(0.5924816685674617), 'Min': np.float64(0.0), 'Mean': np.float64(0.053284991477072524), 'Std': np.float64(0.046020763591063114)}
2024-11-17 07:14:46,189 - INFO - Top 10 Mean Stats: {'Max': np.float64(-0.09952668946753082), 'Min': np.float64(-0.3010403474699771), 'Mean': np.float64(-0.19613946608152902), 'Std': np.float64(0.05507284429689743)}
2024-11-17 07:14:46,189 - INFO - Top 10 Std Stats: {'Max': np.float64(0.5206334434841842), 'Min': np.float64(0.3284078711547699), 'Mean': np.float64(0.3981728764126913), 'Std': np.float64(0.056465530551135706)}
2024-11-17 07:14:46,189 - INFO - Bottom 10 Mean Stats: {'Max': np.float64(100.0), 'Min': np.float64(84.0), 'Mean': np.float64(93.0), 'Std': np.float64(5.019960159204453)}
2024-11-17 07:14:46,190 - INFO - Bottom 10 Std Stats: {'Max': np.float64(0.0), 'Min': np.float64(0.0), 'Mean': np.float64(0.0), 'Std': np.float64(0.0)}
