[I 2024-11-17 07:14:57,726] Trial 310 finished with value: 13.0 and parameters: {'x_0': 3, 'x_1': 2, 'x_2': 0, 'x_3': 0}. Best is trial 288 with value: 1.0.
2024-11-17 07:14:57,823 - INFO - Candidate Mean Stats: {'Max': np.float64(100.0), 'Min': np.float64(-0.643952266037145), 'Mean': np.float64(0.9272822341970206), 'Std': np.float64(7.0771416646264775)}
2024-11-17 07:14:57,823 - INFO - Candidate Std Stats: {'Max': np.float64(0.6051157053844904), 'Min': np.float64(0.0), 'Mean': np.float64(0.046728229627073736), 'Std': np.float64(0.04920583915032828)}
2024-11-17 07:14:57,825 - INFO - Top 10 Mean Stats: {'Max': np.float64(-0.24831410675867255), 'Min': np.float64(-0.643952266037145), 'Mean': np.float64(-0.4121310333830845), 'Std': np.float64(0.1572333485030515)}
2024-11-17 07:14:57,825 - INFO - Top 10 Std Stats: {'Max': np.float64(0.5482862993836453), 'Min': np.float64(0.2645055797886661), 'Mean': np.float64(0.37989597383509993), 'Std': np.float64(0.1069539770294406)}
2024-11-17 07:14:57,825 - INFO - Bottom 10 Mean Stats: {'Max': np.float64(100.0), 'Min': np.float64(84.0), 'Mean': np.float64(93.0), 'Std': np.float64(5.019960159204453)}
2024-11-17 07:14:57,825 - INFO - Bottom 10 Std Stats: {'Max': np.float64(0.0), 'Min': np.float64(0.0), 'Mean': np.float64(0.0), 'Std': np.float64(0.0)}
[I 2024-11-17 07:14:57,842] Trial 327 finished with value: 3.0 and parameters: {'x_0': -1, 'x_1': -1, 'x_2': 0, 'x_3': 1}. Best is trial 290 with value: 2.0.
2024-11-17 07:14:57,965 - INFO - Candidate Mean Stats: {'Max': np.float64(91.0), 'Min': np.float64(-0.5393130721415664), 'Mean': np.float64(0.6946147239191218), 'Std': np.float64(5.616086841492627)}
2024-11-17 07:14:57,965 - INFO - Candidate Std Stats: {'Max': np.float64(0.40063378729396504), 'Min': np.float64(0.0), 'Mean': np.float64(0.051983578023496076), 'Std': np.float64(0.046452179742168774)}
2024-11-17 07:14:57,966 - INFO - Top 10 Mean Stats: {'Max': np.float64(-0.18936105767935724), 'Min': np.float64(-0.5393130721415664), 'Mean': np.float64(-0.3781839568241434), 'Std': np.float64(0.1298196020418402)}
2024-11-17 07:14:57,966 - INFO - Top 10 Std Stats: {'Max': np.float64(0.3747607567424018), 'Min': np.float64(0.25279823324929573), 'Mean': np.float64(0.2993331246010819), 'Std': np.float64(0.042575663356164875)}
2024-11-17 07:14:57,966 - INFO - Bottom 10 Mean Stats: {'Max': np.float64(91.0), 'Min': np.float64(73.0), 'Mean': np.float64(76.9), 'Std': np.float64(5.262128846769148)}
2024-11-17 07:14:57,967 - INFO - Bottom 10 Std Stats: {'Max': np.float64(0.0), 'Min': np.float64(0.0), 'Mean': np.float64(0.0), 'Std': np.float64(0.0)}
2024-11-17 07:14:57,974 - INFO - Candidate Mean Stats: {'Max': np.float64(100.0), 'Min': np.float64(-0.29590964629162114), 'Mean': np.float64(1.0790513543230351), 'Std': np.float64(7.828712461198474)}
2024-11-17 07:14:57,974 - INFO - Candidate Std Stats: {'Max': np.float64(0.5720651233706825), 'Min': np.float64(0.0), 'Mean': np.float64(0.045083464621206756), 'Std': np.float64(0.041851044419336694)}
2024-11-17 07:14:57,975 - INFO - Top 10 Mean Stats: {'Max': np.float64(-0.14541455016406743), 'Min': np.float64(-0.29590964629162114), 'Mean': np.float64(-0.20670380326060078), 'Std': np.float64(0.04303460088552525)}
2024-11-17 07:14:57,975 - INFO - Top 10 Std Stats: {'Max': np.float64(0.5720651233706825), 'Min': np.float64(0.29433141609210517), 'Mean': np.float64(0.4087022182323084), 'Std': np.float64(0.0773386940497947)}
2024-11-17 07:14:57,975 - INFO - Bottom 10 Mean Stats: {'Max': np.float64(100.0), 'Min': np.float64(91.0), 'Mean': np.float64(95.5), 'Std': np.float64(4.5)}
2024-11-17 07:14:57,976 - INFO - Bottom 10 Std Stats: {'Max': np.float64(0.0), 'Min': np.float64(0.0), 'Mean': np.float64(0.0), 'Std': np.float64(0.0)}
[I 2024-11-17 07:14:57,984] Trial 311 finished with value: 14.0 and parameters: {'x_0': 3, 'x_1': -2, 'x_2': -1, 'x_3': 0}. Best is trial 288 with value: 1.0.
[I 2024-11-17 07:14:57,993] Trial 332 finished with value: 35.0 and parameters: {'x_0': 0, 'x_1': 5, 'x_2': -3, 'x_3': -1}. Best is trial 179 with value: 1.0.
2024-11-17 07:14:58,008 - INFO - Candidate Mean Stats: {'Max': np.float64(100.0), 'Min': np.float64(-0.39589075942551455), 'Mean': np.float64(0.9332360145711492), 'Std': np.float64(7.076449882995115)}
2024-11-17 07:14:58,008 - INFO - Candidate Std Stats: {'Max': np.float64(0.48208928738808515), 'Min': np.float64(0.0), 'Mean': np.float64(0.04485876304749111), 'Std': np.float64(0.046869369619980256)}
2024-11-17 07:14:58,009 - INFO - Top 10 Mean Stats: {'Max': np.float64(-0.09694113990419698), 'Min': np.float64(-0.39589075942551455), 'Mean': np.float64(-0.2533252085322235), 'Std': np.float64(0.08282947188632876)}
2024-11-17 07:14:58,009 - INFO - Top 10 Std Stats: {'Max': np.float64(0.4816546824019698), 'Min': np.float64(0.3058416732850314), 'Mean': np.float64(0.39563942300988514), 'Std': np.float64(0.0503221788207183)}
2024-11-17 07:14:58,010 - INFO - Bottom 10 Mean Stats: {'Max': np.float64(100.0), 'Min': np.float64(84.0), 'Mean': np.float64(93.0), 'Std': np.float64(5.019960159204453)}
2024-11-17 07:14:58,010 - INFO - Bottom 10 Std Stats: {'Max': np.float64(0.0), 'Min': np.float64(0.0), 'Mean': np.float64(0.0), 'Std': np.float64(0.0)}
[I 2024-11-17 07:14:58,024] Trial 328 finished with value: 3.0 and parameters: {'x_0': -1, 'x_1': -1, 'x_2': -1, 'x_3': 0}. Best is trial 290 with value: 2.0.
2024-11-17 07:14:58,213 - INFO - Candidate Mean Stats: {'Max': np.float64(100.0), 'Min': np.float64(-1.0035402314430175), 'Mean': np.float64(0.9325128600600774), 'Std': np.float64(7.076584132353835)}
2024-11-17 07:14:58,213 - INFO - Candidate Std Stats: {'Max': np.float64(0.5273922816550799), 'Min': np.float64(0.0), 'Mean': np.float64(0.027322979110360843), 'Std': np.float64(0.041480470584864426)}
2024-11-17 07:14:58,215 - INFO - Top 10 Mean Stats: {'Max': np.float64(-0.1996860056091203), 'Min': np.float64(-1.0035402314430175), 'Mean': np.float64(-0.46430116241911457), 'Std': np.float64(0.3173283963453373)}
2024-11-17 07:14:58,215 - INFO - Top 10 Std Stats: {'Max': np.float64(0.44780048674448275), 'Min': np.float64(0.07205181998759214), 'Mean': np.float64(0.310460378806915), 'Std': np.float64(0.12837875735704443)}
2024-11-17 07:14:58,215 - INFO - Bottom 10 Mean Stats: {'Max': np.float64(100.0), 'Min': np.float64(84.0), 'Mean': np.float64(93.0), 'Std': np.float64(5.019960159204453)}
2024-11-17 07:14:58,215 - INFO - Bottom 10 Std Stats: {'Max': np.float64(0.0), 'Min': np.float64(0.0), 'Mean': np.float64(0.0), 'Std': np.float64(0.0)}
[I 2024-11-17 07:14:58,233] Trial 329 finished with value: 4.0 and parameters: {'x_0': -1, 'x_1': -1, 'x_2': -1, 'x_3': 1}. Best is trial 290 with value: 2.0.
2024-11-17 07:14:58,242 - INFO - Candidate Mean Stats: {'Max': np.float64(91.0), 'Min': np.float64(-0.7133642388850497), 'Mean': np.float64(0.693799009211143), 'Std': np.float64(5.617385276931542)}
2024-11-17 07:14:58,243 - INFO - Candidate Std Stats: {'Max': np.float64(0.444251661560397), 'Min': np.float64(0.0), 'Mean': np.float64(0.04968704797050408), 'Std': np.float64(0.0449346399416484)}
2024-11-17 07:14:58,244 - INFO - Top 10 Mean Stats: {'Max': np.float64(-0.15698177536156255), 'Min': np.float64(-0.7133642388850497), 'Mean': np.float64(-0.38976668772419687), 'Std': np.float64(0.23232030009466711)}
2024-11-17 07:14:58,244 - INFO - Top 10 Std Stats: {'Max': np.float64(0.4070605037464597), 'Min': np.float64(0.11849473201247797), 'Mean': np.float64(0.2777241698048708), 'Std': np.float64(0.10928891561404994)}
2024-11-17 07:14:58,244 - INFO - Bottom 10 Mean Stats: {'Max': np.float64(91.0), 'Min': np.float64(73.0), 'Mean': np.float64(76.9), 'Std': np.float64(5.262128846769148)}
2024-11-17 07:14:58,244 - INFO - Bottom 10 Std Stats: {'Max': np.float64(0.0), 'Min': np.float64(0.0), 'Mean': np.float64(0.0), 'Std': np.float64(0.0)}
[I 2024-11-17 07:14:58,259] Trial 312 finished with value: 14.0 and parameters: {'x_0': 3, 'x_1': 2, 'x_2': -1, 'x_3': 0}. Best is trial 288 with value: 1.0.
2024-11-17 07:14:58,262 - INFO - Candidate Mean Stats: {'Max': np.float64(100.0), 'Min': np.float64(-0.21904897595228312), 'Mean': np.float64(1.0808961280975364), 'Std': np.float64(7.833782028125114)}
2024-11-17 07:14:58,262 - INFO - Candidate Std Stats: {'Max': np.float64(0.5840023208203939), 'Min': np.float64(0.0), 'Mean': np.float64(0.043685942967974255), 'Std': np.float64(0.044633060270278385)}
2024-11-17 07:14:58,263 - INFO - Top 10 Mean Stats: {'Max': np.float64(-0.04378215916534013), 'Min': np.float64(-0.21904897595228312), 'Mean': np.float64(-0.15400201251613632), 'Std': np.float64(0.05577358183058221)}
2024-11-17 07:14:58,263 - INFO - Top 10 Std Stats: {'Max': np.float64(0.5840023208203939), 'Min': np.float64(0.3298496161957246), 'Mean': np.float64(0.41721713872556193), 'Std': np.float64(0.07481677827604684)}
2024-11-17 07:14:58,263 - INFO - Bottom 10 Mean Stats: {'Max': np.float64(100.0), 'Min': np.float64(91.0), 'Mean': np.float64(95.5), 'Std': np.float64(4.5)}
2024-11-17 07:14:58,264 - INFO - Bottom 10 Std Stats: {'Max': np.float64(0.0), 'Min': np.float64(0.0), 'Mean': np.float64(0.0), 'Std': np.float64(0.0)}
[I 2024-11-17 07:14:58,280] Trial 333 finished with value: 54.0 and parameters: {'x_0': 0, 'x_1': -5, 'x_2': -5, 'x_3': 2}. Best is trial 179 with value: 1.0.
2024-11-17 07:14:58,425 - INFO - Candidate Mean Stats: {'Max': np.float64(100.0), 'Min': np.float64(-1.091546513984778), 'Mean': np.float64(0.9284313762403622), 'Std': np.float64(7.077171200550815)}
2024-11-17 07:14:58,425 - INFO - Candidate Std Stats: {'Max': np.float64(0.4387135593866644), 'Min': np.float64(0.0), 'Mean': np.float64(0.03131755058255953), 'Std': np.float64(0.043527076565503954)}
2024-11-17 07:14:58,427 - INFO - Top 10 Mean Stats: {'Max': np.float64(-0.27018461585418463), 'Min': np.float64(-1.091546513984778), 'Mean': np.float64(-0.5405352500313362), 'Std': np.float64(0.24368721750000294)}
2024-11-17 07:14:58,427 - INFO - Top 10 Std Stats: {'Max': np.float64(0.34719220048239396), 'Min': np.float64(0.08902169942680503), 'Mean': np.float64(0.19384598603975778), 'Std': np.float64(0.07991791873548286)}
2024-11-17 07:14:58,427 - INFO - Bottom 10 Mean Stats: {'Max': np.float64(100.0), 'Min': np.float64(84.0), 'Mean': np.float64(93.0), 'Std': np.float64(5.019960159204453)}
2024-11-17 07:14:58,427 - INFO - Bottom 10 Std Stats: {'Max': np.float64(0.0), 'Min': np.float64(0.0), 'Mean': np.float64(0.0), 'Std': np.float64(0.0)}
[I 2024-11-17 07:14:58,445] Trial 330 finished with value: 4.0 and parameters: {'x_0': -1, 'x_1': -1, 'x_2': -1, 'x_3': -1}. Best is trial 290 with value: 2.0.
2024-11-17 07:14:58,594 - INFO - Candidate Mean Stats: {'Max': np.float64(100.0), 'Min': np.float64(-0.2047429772172214), 'Mean': np.float64(1.0821124600387628), 'Std': np.float64(7.8463178760937655)}
2024-11-17 07:14:58,594 - INFO - Candidate Std Stats: {'Max': np.float64(0.5090956521097885), 'Min': np.float64(0.0), 'Mean': np.float64(0.04391236043043973), 'Std': np.float64(0.04430097783384502)}
2024-11-17 07:14:58,596 - INFO - Top 10 Mean Stats: {'Max': np.float64(-0.08701990417027414), 'Min': np.float64(-0.2047429772172214), 'Mean': np.float64(-0.14598807725549126), 'Std': np.float64(0.03161077819878448)}
2024-11-17 07:14:58,596 - INFO - Top 10 Std Stats: {'Max': np.float64(0.5090956521097885), 'Min': np.float64(0.2693405078372064), 'Mean': np.float64(0.33586094205352535), 'Std': np.float64(0.06962349399625578)}
2024-11-17 07:14:58,596 - INFO - Bottom 10 Mean Stats: {'Max': np.float64(100.0), 'Min': np.float64(91.0), 'Mean': np.float64(95.5), 'Std': np.float64(4.5)}
2024-11-17 07:14:58,596 - INFO - Bottom 10 Std Stats: {'Max': np.float64(0.0), 'Min': np.float64(0.0), 'Mean': np.float64(0.0), 'Std': np.float64(0.0)}
2024-11-17 07:14:58,597 - INFO - Candidate Mean Stats: {'Max': np.float64(91.0), 'Min': np.float64(-0.483215210755539), 'Mean': np.float64(0.6967961438418411), 'Std': np.float64(5.618189326262037)}
2024-11-17 07:14:58,597 - INFO - Candidate Std Stats: {'Max': np.float64(0.5022269247429346), 'Min': np.float64(0.0), 'Mean': np.float64(0.05363720384374587), 'Std': np.float64(0.046330004831748144)}
2024-11-17 07:14:58,598 - INFO - Top 10 Mean Stats: {'Max': np.float64(-0.1666027403125516), 'Min': np.float64(-0.483215210755539), 'Mean': np.float64(-0.25254875108773633), 'Std': np.float64(0.09970017252350113)}
2024-11-17 07:14:58,599 - INFO - Top 10 Std Stats: {'Max': np.float64(0.5022269247429346), 'Min': np.float64(0.28846536900888264), 'Mean': np.float64(0.3822669228283976), 'Std': np.float64(0.051836584733498677)}
2024-11-17 07:14:58,599 - INFO - Bottom 10 Mean Stats: {'Max': np.float64(91.0), 'Min': np.float64(73.0), 'Mean': np.float64(76.9), 'Std': np.float64(5.262128846769148)}
2024-11-17 07:14:58,599 - INFO - Bottom 10 Std Stats: {'Max': np.float64(0.0), 'Min': np.float64(0.0), 'Mean': np.float64(0.0), 'Std': np.float64(0.0)}
2024-11-17 07:14:58,603 - INFO - Candidate Mean Stats: {'Max': np.float64(100.0), 'Min': np.float64(-0.8537871842251039), 'Mean': np.float64(0.9351924100762162), 'Std': np.float64(7.076370593981467)}
2024-11-17 07:14:58,603 - INFO - Candidate Std Stats: {'Max': np.float64(0.5920597337864957), 'Min': np.float64(0.0), 'Mean': np.float64(0.028513446455010766), 'Std': np.float64(0.04380361518062458)}
2024-11-17 07:14:58,604 - INFO - Top 10 Mean Stats: {'Max': np.float64(-0.20451530691030997), 'Min': np.float64(-0.8537871842251039), 'Mean': np.float64(-0.3167469186230457), 'Std': np.float64(0.18337684925203238)}
2024-11-17 07:14:58,605 - INFO - Top 10 Std Stats: {'Max': np.float64(0.4433684441456081), 'Min': np.float64(0.09074350474325543), 'Mean': np.float64(0.35421176399555565), 'Std': np.float64(0.10902179161227124)}
2024-11-17 07:14:58,605 - INFO - Bottom 10 Mean Stats: {'Max': np.float64(100.0), 'Min': np.float64(84.0), 'Mean': np.float64(93.0), 'Std': np.float64(5.019960159204453)}
2024-11-17 07:14:58,605 - INFO - Bottom 10 Std Stats: {'Max': np.float64(0.0), 'Min': np.float64(0.0), 'Mean': np.float64(0.0), 'Std': np.float64(0.0)}
[I 2024-11-17 07:14:58,614] Trial 334 finished with value: 70.0 and parameters: {'x_0': 5, 'x_1': -4, 'x_2': 2, 'x_3': 5}. Best is trial 179 with value: 1.0.
[I 2024-11-17 07:14:58,617] Trial 313 finished with value: 10.0 and parameters: {'x_0': 3, 'x_1': -1, 'x_2': 0, 'x_3': 0}. Best is trial 288 with value: 1.0.
[I 2024-11-17 07:14:58,622] Trial 331 finished with value: 12.0 and parameters: {'x_0': -1, 'x_1': -1, 'x_2': -3, 'x_3': 1}. Best is trial 290 with value: 2.0.
2024-11-17 07:14:58,839 - INFO - Candidate Mean Stats: {'Max': np.float64(91.0), 'Min': np.float64(-0.7183806808510551), 'Mean': np.float64(0.6958315370921153), 'Std': np.float64(5.618946344923566)}
2024-11-17 07:14:58,839 - INFO - Candidate Std Stats: {'Max': np.float64(0.45474875529896214), 'Min': np.float64(0.0), 'Mean': np.float64(0.04820128541867627), 'Std': np.float64(0.04404257688465362)}
2024-11-17 07:14:58,840 - INFO - Top 10 Mean Stats: {'Max': np.float64(-0.40618583044961526), 'Min': np.float64(-0.7183806808510551), 'Mean': np.float64(-0.5060162299900495), 'Std': np.float64(0.11050076022276263)}
2024-11-17 07:14:58,840 - INFO - Top 10 Std Stats: {'Max': np.float64(0.27981731412856), 'Min': np.float64(0.09924140968389564), 'Mean': np.float64(0.20488527085251715), 'Std': np.float64(0.05265904945731884)}
2024-11-17 07:14:58,840 - INFO - Bottom 10 Mean Stats: {'Max': np.float64(91.0), 'Min': np.float64(73.0), 'Mean': np.float64(76.9), 'Std': np.float64(5.262128846769148)}
2024-11-17 07:14:58,840 - INFO - Bottom 10 Std Stats: {'Max': np.float64(0.0), 'Min': np.float64(0.0), 'Mean': np.float64(0.0), 'Std': np.float64(0.0)}
[I 2024-11-17 07:14:58,858] Trial 314 finished with value: 14.0 and parameters: {'x_0': 3, 'x_1': -2, 'x_2': 1, 'x_3': 0}. Best is trial 288 with value: 1.0.
2024-11-17 07:14:58,870 - INFO - Candidate Mean Stats: {'Max': np.float64(100.0), 'Min': np.float64(-0.2848082830721125), 'Mean': np.float64(0.934421255772465), 'Std': np.float64(7.0771466365758355)}
2024-11-17 07:14:58,870 - INFO - Candidate Std Stats: {'Max': np.float64(0.413490692737126), 'Min': np.float64(0.0), 'Mean': np.float64(0.03301563481940104), 'Std': np.float64(0.04281028051259888)}
2024-11-17 07:14:58,871 - INFO - Top 10 Mean Stats: {'Max': np.float64(-0.21315756044933662), 'Min': np.float64(-0.2848082830721125), 'Mean': np.float64(-0.23551501815067413), 'Std': np.float64(0.0210404430161483)}
2024-11-17 07:14:58,872 - INFO - Top 10 Std Stats: {'Max': np.float64(0.29297585115457536), 'Min': np.float64(0.20730643006626384), 'Mean': np.float64(0.23811166547379053), 'Std': np.float64(0.024833825174394406)}
2024-11-17 07:14:58,872 - INFO - Bottom 10 Mean Stats: {'Max': np.float64(100.0), 'Min': np.float64(84.0), 'Mean': np.float64(93.0), 'Std': np.float64(5.019960159204453)}
2024-11-17 07:14:58,872 - INFO - Bottom 10 Std Stats: {'Max': np.float64(0.0), 'Min': np.float64(0.0), 'Mean': np.float64(0.0), 'Std': np.float64(0.0)}
[I 2024-11-17 07:14:58,887] Trial 332 finished with value: 6.0 and parameters: {'x_0': -1, 'x_1': -1, 'x_2': 0, 'x_3': 2}. Best is trial 290 with value: 2.0.
2024-11-17 07:14:58,912 - INFO - Candidate Mean Stats: {'Max': np.float64(100.0), 'Min': np.float64(-0.2772577823358255), 'Mean': np.float64(1.0887752622752493), 'Std': np.float64(7.866699068701792)}
2024-11-17 07:14:58,912 - INFO - Candidate Std Stats: {'Max': np.float64(0.7744074623738644), 'Min': np.float64(0.0), 'Mean': np.float64(0.04371467972270435), 'Std': np.float64(0.044236828200902495)}
2024-11-17 07:14:58,913 - INFO - Top 10 Mean Stats: {'Max': np.float64(-0.0760393897414509), 'Min': np.float64(-0.2772577823358255), 'Mean': np.float64(-0.18405608332296305), 'Std': np.float64(0.04786168984651171)}
2024-11-17 07:14:58,913 - INFO - Top 10 Std Stats: {'Max': np.float64(0.7744074623738644), 'Min': np.float64(0.37956180188894995), 'Mean': np.float64(0.48665126303789635), 'Std': np.float64(0.1075880184541781)}
2024-11-17 07:14:58,913 - INFO - Bottom 10 Mean Stats: {'Max': np.float64(100.0), 'Min': np.float64(91.0), 'Mean': np.float64(95.5), 'Std': np.float64(4.5)}
2024-11-17 07:14:58,913 - INFO - Bottom 10 Std Stats: {'Max': np.float64(0.0), 'Min': np.float64(0.0), 'Mean': np.float64(0.0), 'Std': np.float64(0.0)}
[I 2024-11-17 07:14:58,929] Trial 335 finished with value: 66.0 and parameters: {'x_0': 5, 'x_1': -4, 'x_2': -5, 'x_3': 0}. Best is trial 179 with value: 1.0.
2024-11-17 07:14:59,072 - INFO - Candidate Mean Stats: {'Max': np.float64(91.0), 'Min': np.float64(-0.7799091522815542), 'Mean': np.float64(0.6960371738752751), 'Std': np.float64(5.6200859510440155)}
2024-11-17 07:14:59,072 - INFO - Candidate Std Stats: {'Max': np.float64(0.48573696520937776), 'Min': np.float64(0.0), 'Mean': np.float64(0.04671047108801141), 'Std': np.float64(0.04694919819097025)}
2024-11-17 07:14:59,074 - INFO - Top 10 Mean Stats: {'Max': np.float64(-0.06371500854870873), 'Min': np.float64(-0.7799091522815542), 'Mean': np.float64(-0.3228984997665017), 'Std': np.float64(0.17547880056309606)}
2024-11-17 07:14:59,074 - INFO - Top 10 Std Stats: {'Max': np.float64(0.48573696520937776), 'Min': np.float64(0.13013947396250286), 'Mean': np.float64(0.2863235053488824), 'Std': np.float64(0.11093241944940781)}
2024-11-17 07:14:59,074 - INFO - Bottom 10 Mean Stats: {'Max': np.float64(91.0), 'Min': np.float64(73.0), 'Mean': np.float64(76.9), 'Std': np.float64(5.262128846769148)}
2024-11-17 07:14:59,074 - INFO - Bottom 10 Std Stats: {'Max': np.float64(0.0), 'Min': np.float64(0.0), 'Mean': np.float64(0.0), 'Std': np.float64(0.0)}
2024-11-17 07:14:59,087 - INFO - Candidate Mean Stats: {'Max': np.float64(100.0), 'Min': np.float64(-0.22387579458736556), 'Mean': np.float64(0.9393481841435805), 'Std': np.float64(7.076713366407825)}
2024-11-17 07:14:59,088 - INFO - Candidate Std Stats: {'Max': np.float64(0.44976098162588574), 'Min': np.float64(0.0), 'Mean': np.float64(0.04112473766180209), 'Std': np.float64(0.0446596902326219)}
2024-11-17 07:14:59,089 - INFO - Top 10 Mean Stats: {'Max': np.float64(-0.11981326525850951), 'Min': np.float64(-0.22387579458736556), 'Mean': np.float64(-0.18459690030202308), 'Std': np.float64(0.028988614879544808)}
2024-11-17 07:14:59,089 - INFO - Top 10 Std Stats: {'Max': np.float64(0.33848436417564826), 'Min': np.float64(0.25407805907976383), 'Mean': np.float64(0.2810579868287475), 'Std': np.float64(0.024763153850593744)}
2024-11-17 07:14:59,089 - INFO - Bottom 10 Mean Stats: {'Max': np.float64(100.0), 'Min': np.float64(84.0), 'Mean': np.float64(93.0), 'Std': np.float64(5.019960159204453)}
2024-11-17 07:14:59,089 - INFO - Bottom 10 Std Stats: {'Max': np.float64(0.0), 'Min': np.float64(0.0), 'Mean': np.float64(0.0), 'Std': np.float64(0.0)}
[I 2024-11-17 07:14:59,095] Trial 315 finished with value: 13.0 and parameters: {'x_0': 3, 'x_1': -2, 'x_2': 0, 'x_3': 0}. Best is trial 288 with value: 1.0.
