[I 2024-11-17 07:15:03,102] Trial 353 finished with value: 15.0 and parameters: {'x_0': -1, 'x_1': -1, 'x_2': -3, 'x_3': -2}. Best is trial 290 with value: 2.0.
2024-11-17 07:15:03,102 - INFO - Candidate Mean Stats: {'Max': np.float64(91.0), 'Min': np.float64(-0.8192176816138147), 'Mean': np.float64(0.7247328768941417), 'Std': np.float64(5.76619784625379)}
2024-11-17 07:15:03,102 - INFO - Candidate Std Stats: {'Max': np.float64(0.5709631704870612), 'Min': np.float64(0.0), 'Mean': np.float64(0.049547622520124984), 'Std': np.float64(0.0468959435877302)}
2024-11-17 07:15:03,104 - INFO - Top 10 Mean Stats: {'Max': np.float64(-0.18769843065315636), 'Min': np.float64(-0.8192176816138147), 'Mean': np.float64(-0.5224121960190079), 'Std': np.float64(0.2835583695361882)}
2024-11-17 07:15:03,104 - INFO - Top 10 Std Stats: {'Max': np.float64(0.5709631704870612), 'Min': np.float64(0.21989254927178623), 'Mean': np.float64(0.3228382055701995), 'Std': np.float64(0.1065743468185742)}
2024-11-17 07:15:03,104 - INFO - Bottom 10 Mean Stats: {'Max': np.float64(91.0), 'Min': np.float64(75.0), 'Mean': np.float64(78.1), 'Std': np.float64(5.08822169328342)}
2024-11-17 07:15:03,104 - INFO - Bottom 10 Std Stats: {'Max': np.float64(0.0), 'Min': np.float64(0.0), 'Mean': np.float64(0.0), 'Std': np.float64(0.0)}
[I 2024-11-17 07:15:03,119] Trial 329 finished with value: 5.0 and parameters: {'x_0': 0, 'x_1': 2, 'x_2': 1, 'x_3': 0}. Best is trial 320 with value: 0.0.
2024-11-17 07:15:03,163 - INFO - Candidate Mean Stats: {'Max': np.float64(100.0), 'Min': np.float64(-0.16974488508018787), 'Mean': np.float64(1.1248869082936888), 'Std': np.float64(7.987484594029994)}
2024-11-17 07:15:03,163 - INFO - Candidate Std Stats: {'Max': np.float64(0.3548361607477699), 'Min': np.float64(0.0), 'Mean': np.float64(0.046865794576705186), 'Std': np.float64(0.04045645919474614)}
2024-11-17 07:15:03,164 - INFO - Top 10 Mean Stats: {'Max': np.float64(-0.09719605027223374), 'Min': np.float64(-0.1460124037135478), 'Mean': np.float64(-0.1249459048358513), 'Std': np.float64(0.014996986425311653)}
2024-11-17 07:15:03,164 - INFO - Top 10 Std Stats: {'Max': np.float64(0.3548361607477699), 'Min': np.float64(0.25014000758080535), 'Mean': np.float64(0.2840895089705929), 'Std': np.float64(0.03040480809895504)}
2024-11-17 07:15:03,164 - INFO - Bottom 10 Mean Stats: {'Max': np.float64(100.0), 'Min': np.float64(91.0), 'Mean': np.float64(95.5), 'Std': np.float64(4.5)}
2024-11-17 07:15:03,164 - INFO - Bottom 10 Std Stats: {'Max': np.float64(0.0), 'Min': np.float64(0.0), 'Mean': np.float64(0.0), 'Std': np.float64(0.0)}
[I 2024-11-17 07:15:03,180] Trial 351 finished with value: 58.0 and parameters: {'x_0': 1, 'x_1': -5, 'x_2': 4, 'x_3': 4}. Best is trial 179 with value: 1.0.
2024-11-17 07:15:03,288 - INFO - Candidate Mean Stats: {'Max': np.float64(100.0), 'Min': np.float64(-0.6547898517160999), 'Mean': np.float64(0.9487257285036312), 'Std': np.float64(7.107424010722986)}
2024-11-17 07:15:03,289 - INFO - Candidate Std Stats: {'Max': np.float64(0.7645985951007543), 'Min': np.float64(0.0), 'Mean': np.float64(0.030851723206900786), 'Std': np.float64(0.03958502230892005)}
2024-11-17 07:15:03,290 - INFO - Top 10 Mean Stats: {'Max': np.float64(-0.021519079459347168), 'Min': np.float64(-0.6547898517160999), 'Mean': np.float64(-0.2906203848512178), 'Std': np.float64(0.21081278890274827)}
2024-11-17 07:15:03,290 - INFO - Top 10 Std Stats: {'Max': np.float64(0.45484301571848923), 'Min': np.float64(0.08133090166007605), 'Mean': np.float64(0.23436145113481244), 'Std': np.float64(0.13978554190367753)}
2024-11-17 07:15:03,290 - INFO - Bottom 10 Mean Stats: {'Max': np.float64(100.0), 'Min': np.float64(84.0), 'Mean': np.float64(93.0), 'Std': np.float64(5.019960159204453)}
2024-11-17 07:15:03,290 - INFO - Bottom 10 Std Stats: {'Max': np.float64(0.0), 'Min': np.float64(0.0), 'Mean': np.float64(0.0), 'Std': np.float64(0.0)}
[I 2024-11-17 07:15:03,307] Trial 354 finished with value: 18.0 and parameters: {'x_0': -1, 'x_1': -2, 'x_2': -3, 'x_3': -2}. Best is trial 290 with value: 2.0.
2024-11-17 07:15:03,386 - INFO - Candidate Mean Stats: {'Max': np.float64(91.0), 'Min': np.float64(-0.8423149197203846), 'Mean': np.float64(0.7253055476623363), 'Std': np.float64(5.766272838805387)}
2024-11-17 07:15:03,386 - INFO - Candidate Std Stats: {'Max': np.float64(0.6319618052113751), 'Min': np.float64(0.0), 'Mean': np.float64(0.051603311539878696), 'Std': np.float64(0.04639284971115663)}
2024-11-17 07:15:03,387 - INFO - Top 10 Mean Stats: {'Max': np.float64(-0.15199092487934435), 'Min': np.float64(-0.8423149197203846), 'Mean': np.float64(-0.4166850414073967), 'Std': np.float64(0.2838297152140894)}
2024-11-17 07:15:03,388 - INFO - Top 10 Std Stats: {'Max': np.float64(0.44741888927071344), 'Min': np.float64(0.3573580366705979), 'Mean': np.float64(0.4030601901432124), 'Std': np.float64(0.02736337831241922)}
2024-11-17 07:15:03,388 - INFO - Bottom 10 Mean Stats: {'Max': np.float64(91.0), 'Min': np.float64(75.0), 'Mean': np.float64(78.1), 'Std': np.float64(5.08822169328342)}
2024-11-17 07:15:03,388 - INFO - Bottom 10 Std Stats: {'Max': np.float64(0.0), 'Min': np.float64(0.0), 'Mean': np.float64(0.0), 'Std': np.float64(0.0)}
[I 2024-11-17 07:15:03,409] Trial 330 finished with value: 4.0 and parameters: {'x_0': 0, 'x_1': 2, 'x_2': 0, 'x_3': 0}. Best is trial 320 with value: 0.0.
2024-11-17 07:15:03,440 - INFO - Candidate Mean Stats: {'Max': np.float64(100.0), 'Min': np.float64(-0.38856258166423313), 'Mean': np.float64(1.1311727854756415), 'Std': np.float64(8.000971816926642)}
2024-11-17 07:15:03,440 - INFO - Candidate Std Stats: {'Max': np.float64(0.7424938349790108), 'Min': np.float64(0.0), 'Mean': np.float64(0.04015331831087198), 'Std': np.float64(0.04586823676734694)}
2024-11-17 07:15:03,442 - INFO - Top 10 Mean Stats: {'Max': np.float64(-0.08809033758132612), 'Min': np.float64(-0.38856258166423313), 'Mean': np.float64(-0.25880526708781076), 'Std': np.float64(0.08565805777637307)}
2024-11-17 07:15:03,442 - INFO - Top 10 Std Stats: {'Max': np.float64(0.7331753530797187), 'Min': np.float64(0.2904434750631957), 'Mean': np.float64(0.47915031543218795), 'Std': np.float64(0.14028527175271346)}
2024-11-17 07:15:03,442 - INFO - Bottom 10 Mean Stats: {'Max': np.float64(100.0), 'Min': np.float64(91.0), 'Mean': np.float64(95.5), 'Std': np.float64(4.5)}
2024-11-17 07:15:03,442 - INFO - Bottom 10 Std Stats: {'Max': np.float64(0.0), 'Min': np.float64(0.0), 'Mean': np.float64(0.0), 'Std': np.float64(0.0)}
[I 2024-11-17 07:15:03,459] Trial 352 finished with value: 11.0 and parameters: {'x_0': 0, 'x_1': 1, 'x_2': -1, 'x_3': 3}. Best is trial 179 with value: 1.0.
2024-11-17 07:15:03,549 - INFO - Candidate Mean Stats: {'Max': np.float64(100.0), 'Min': np.float64(-0.49802374042257613), 'Mean': np.float64(0.9559437938769794), 'Std': np.float64(7.108015935936417)}
2024-11-17 07:15:03,549 - INFO - Candidate Std Stats: {'Max': np.float64(0.4836976983335091), 'Min': np.float64(0.0), 'Mean': np.float64(0.0423387415539972), 'Std': np.float64(0.04249871153068785)}
2024-11-17 07:15:03,551 - INFO - Top 10 Mean Stats: {'Max': np.float64(-0.029454860758184244), 'Min': np.float64(-0.49802374042257613), 'Mean': np.float64(-0.19549498907687257), 'Std': np.float64(0.11659029180970111)}
2024-11-17 07:15:03,551 - INFO - Top 10 Std Stats: {'Max': np.float64(0.4393187362397266), 'Min': np.float64(0.21236625283355226), 'Mean': np.float64(0.2995711843641471), 'Std': np.float64(0.08234208788456057)}
2024-11-17 07:15:03,551 - INFO - Bottom 10 Mean Stats: {'Max': np.float64(100.0), 'Min': np.float64(84.0), 'Mean': np.float64(93.0), 'Std': np.float64(5.019960159204453)}
2024-11-17 07:15:03,551 - INFO - Bottom 10 Std Stats: {'Max': np.float64(0.0), 'Min': np.float64(0.0), 'Mean': np.float64(0.0), 'Std': np.float64(0.0)}
[I 2024-11-17 07:15:03,567] Trial 355 finished with value: 18.0 and parameters: {'x_0': -1, 'x_1': 2, 'x_2': -3, 'x_3': -2}. Best is trial 290 with value: 2.0.
2024-11-17 07:15:03,692 - INFO - Candidate Mean Stats: {'Max': np.float64(100.0), 'Min': np.float64(-0.3186411597888233), 'Mean': np.float64(1.1338594409859097), 'Std': np.float64(8.00111119555955)}
2024-11-17 07:15:03,692 - INFO - Candidate Std Stats: {'Max': np.float64(0.4206246630940856), 'Min': np.float64(0.0), 'Mean': np.float64(0.04464166183902429), 'Std': np.float64(0.040660683836101046)}
2024-11-17 07:15:03,693 - INFO - Top 10 Mean Stats: {'Max': np.float64(-0.20559701783460888), 'Min': np.float64(-0.3186411597888233), 'Mean': np.float64(-0.260398251026612), 'Std': np.float64(0.03293745789325943)}
2024-11-17 07:15:03,693 - INFO - Top 10 Std Stats: {'Max': np.float64(0.4206246630940856), 'Min': np.float64(0.271083258554564), 'Mean': np.float64(0.34211621553815486), 'Std': np.float64(0.0516327804833593)}
2024-11-17 07:15:03,693 - INFO - Bottom 10 Mean Stats: {'Max': np.float64(100.0), 'Min': np.float64(91.0), 'Mean': np.float64(95.5), 'Std': np.float64(4.5)}
2024-11-17 07:15:03,693 - INFO - Candidate Mean Stats: {'Max': np.float64(91.0), 'Min': np.float64(-0.5688826124730622), 'Mean': np.float64(0.7274364509999323), 'Std': np.float64(5.766093801782122)}
2024-11-17 07:15:03,694 - INFO - Bottom 10 Std Stats: {'Max': np.float64(0.0), 'Min': np.float64(0.0), 'Mean': np.float64(0.0), 'Std': np.float64(0.0)}
2024-11-17 07:15:03,694 - INFO - Candidate Std Stats: {'Max': np.float64(1.4299416204546742), 'Min': np.float64(0.0), 'Mean': np.float64(0.052058055167081035), 'Std': np.float64(0.051503590716687794)}
2024-11-17 07:15:03,695 - INFO - Top 10 Mean Stats: {'Max': np.float64(-0.101597566481863), 'Min': np.float64(-0.5688826124730622), 'Mean': np.float64(-0.33837961411617157), 'Std': np.float64(0.15059664384913277)}
2024-11-17 07:15:03,695 - INFO - Top 10 Std Stats: {'Max': np.float64(0.6290904820950441), 'Min': np.float64(0.2653110145768552), 'Mean': np.float64(0.4469417258824061), 'Std': np.float64(0.08719060429022328)}
2024-11-17 07:15:03,695 - INFO - Bottom 10 Mean Stats: {'Max': np.float64(91.0), 'Min': np.float64(75.0), 'Mean': np.float64(78.1), 'Std': np.float64(5.08822169328342)}
2024-11-17 07:15:03,695 - INFO - Bottom 10 Std Stats: {'Max': np.float64(0.0), 'Min': np.float64(0.0), 'Mean': np.float64(0.0), 'Std': np.float64(0.0)}
[I 2024-11-17 07:15:03,711] Trial 353 finished with value: 11.0 and parameters: {'x_0': 0, 'x_1': -1, 'x_2': -1, 'x_3': 3}. Best is trial 179 with value: 1.0.
[I 2024-11-17 07:15:03,716] Trial 331 finished with value: 4.0 and parameters: {'x_0': 0, 'x_1': -2, 'x_2': 0, 'x_3': 0}. Best is trial 320 with value: 0.0.
2024-11-17 07:15:03,734 - INFO - Candidate Mean Stats: {'Max': np.float64(100.0), 'Min': np.float64(-0.2598776978033282), 'Mean': np.float64(0.9550621688848137), 'Std': np.float64(7.109696798205452)}
2024-11-17 07:15:03,734 - INFO - Candidate Std Stats: {'Max': np.float64(0.7047262954501071), 'Min': np.float64(0.0), 'Mean': np.float64(0.03362894306023153), 'Std': np.float64(0.044905331672880605)}
2024-11-17 07:15:03,736 - INFO - Top 10 Mean Stats: {'Max': np.float64(-0.14172771738421547), 'Min': np.float64(-0.2598776978033282), 'Mean': np.float64(-0.2257463030614822), 'Std': np.float64(0.03334892567731757)}
2024-11-17 07:15:03,736 - INFO - Top 10 Std Stats: {'Max': np.float64(0.3267460005666922), 'Min': np.float64(0.21787261836271932), 'Mean': np.float64(0.24520374719926646), 'Std': np.float64(0.03122229003161215)}
2024-11-17 07:15:03,736 - INFO - Bottom 10 Mean Stats: {'Max': np.float64(100.0), 'Min': np.float64(84.0), 'Mean': np.float64(93.0), 'Std': np.float64(5.019960159204453)}
2024-11-17 07:15:03,736 - INFO - Bottom 10 Std Stats: {'Max': np.float64(0.0), 'Min': np.float64(0.0), 'Mean': np.float64(0.0), 'Std': np.float64(0.0)}
[I 2024-11-17 07:15:03,751] Trial 356 finished with value: 11.0 and parameters: {'x_0': -1, 'x_1': -3, 'x_2': 0, 'x_3': 1}. Best is trial 290 with value: 2.0.
2024-11-17 07:15:03,947 - INFO - Candidate Mean Stats: {'Max': np.float64(100.0), 'Min': np.float64(-0.30491124371462863), 'Mean': np.float64(0.9580665383584902), 'Std': np.float64(7.109873086079876)}
2024-11-17 07:15:03,947 - INFO - Candidate Std Stats: {'Max': np.float64(0.5494838548821502), 'Min': np.float64(0.0), 'Mean': np.float64(0.029330417556261198), 'Std': np.float64(0.039396211105476996)}
2024-11-17 07:15:03,949 - INFO - Top 10 Mean Stats: {'Max': np.float64(-0.15120684607991514), 'Min': np.float64(-0.30491124371462863), 'Mean': np.float64(-0.23494928778135193), 'Std': np.float64(0.05751034748963734)}
2024-11-17 07:15:03,949 - INFO - Top 10 Std Stats: {'Max': np.float64(0.4129781320243478), 'Min': np.float64(0.20181354556856576), 'Mean': np.float64(0.2762209431226478), 'Std': np.float64(0.0805918962580062)}
2024-11-17 07:15:03,949 - INFO - Bottom 10 Mean Stats: {'Max': np.float64(100.0), 'Min': np.float64(84.0), 'Mean': np.float64(93.0), 'Std': np.float64(5.019960159204453)}
2024-11-17 07:15:03,949 - INFO - Bottom 10 Std Stats: {'Max': np.float64(0.0), 'Min': np.float64(0.0), 'Mean': np.float64(0.0), 'Std': np.float64(0.0)}
[I 2024-11-17 07:15:03,967] Trial 357 finished with value: 67.0 and parameters: {'x_0': 5, 'x_1': 1, 'x_2': -5, 'x_3': -4}. Best is trial 290 with value: 2.0.
2024-11-17 07:15:03,968 - INFO - Candidate Mean Stats: {'Max': np.float64(100.0), 'Min': np.float64(-0.2857823968724921), 'Mean': np.float64(1.1291627797600092), 'Std': np.float64(8.002264242820786)}
2024-11-17 07:15:03,968 - INFO - Candidate Std Stats: {'Max': np.float64(0.5229307586388808), 'Min': np.float64(0.0), 'Mean': np.float64(0.04999942997933105), 'Std': np.float64(0.04614426169300239)}
2024-11-17 07:15:03,970 - INFO - Top 10 Mean Stats: {'Max': np.float64(-0.172781584594719), 'Min': np.float64(-0.2857823968724921), 'Mean': np.float64(-0.22088002644702032), 'Std': np.float64(0.03216592366959837)}
2024-11-17 07:15:03,970 - INFO - Top 10 Std Stats: {'Max': np.float64(0.3795672136339515), 'Min': np.float64(0.24771003616239143), 'Mean': np.float64(0.32931992945539157), 'Std': np.float64(0.0354087724865949)}
2024-11-17 07:15:03,970 - INFO - Bottom 10 Mean Stats: {'Max': np.float64(100.0), 'Min': np.float64(91.0), 'Mean': np.float64(95.5), 'Std': np.float64(4.5)}
2024-11-17 07:15:03,970 - INFO - Bottom 10 Std Stats: {'Max': np.float64(0.0), 'Min': np.float64(0.0), 'Mean': np.float64(0.0), 'Std': np.float64(0.0)}
[I 2024-11-17 07:15:03,987] Trial 354 finished with value: 11.0 and parameters: {'x_0': 0, 'x_1': 1, 'x_2': -3, 'x_3': -1}. Best is trial 179 with value: 1.0.
2024-11-17 07:15:04,017 - INFO - Candidate Mean Stats: {'Max': np.float64(91.0), 'Min': np.float64(-0.8185590582606672), 'Mean': np.float64(0.7284131043010504), 'Std': np.float64(5.766058666149105)}
2024-11-17 07:15:04,017 - INFO - Candidate Std Stats: {'Max': np.float64(0.466053945647267), 'Min': np.float64(0.0), 'Mean': np.float64(0.051516556928725275), 'Std': np.float64(0.04554466684695103)}
2024-11-17 07:15:04,018 - INFO - Top 10 Mean Stats: {'Max': np.float64(-0.0890660221145397), 'Min': np.float64(-0.8185590582606672), 'Mean': np.float64(-0.3072293943038645), 'Std': np.float64(0.24917612573438902)}
2024-11-17 07:15:04,019 - INFO - Top 10 Std Stats: {'Max': np.float64(0.466053945647267), 'Min': np.float64(0.20721924561550878), 'Mean': np.float64(0.3164854480525519), 'Std': np.float64(0.08115234175344475)}
2024-11-17 07:15:04,019 - INFO - Bottom 10 Mean Stats: {'Max': np.float64(91.0), 'Min': np.float64(75.0), 'Mean': np.float64(78.1), 'Std': np.float64(5.08822169328342)}
2024-11-17 07:15:04,019 - INFO - Bottom 10 Std Stats: {'Max': np.float64(0.0), 'Min': np.float64(0.0), 'Mean': np.float64(0.0), 'Std': np.float64(0.0)}
[I 2024-11-17 07:15:04,035] Trial 332 finished with value: 5.0 and parameters: {'x_0': 0, 'x_1': -2, 'x_2': 1, 'x_3': 0}. Best is trial 320 with value: 0.0.
2024-11-17 07:15:04,132 - INFO - Candidate Mean Stats: {'Max': np.float64(100.0), 'Min': np.float64(-0.27033767052185376), 'Mean': np.float64(0.9568554102768906), 'Std': np.float64(7.13154814093585)}
2024-11-17 07:15:04,132 - INFO - Candidate Std Stats: {'Max': np.float64(0.5615074579216246), 'Min': np.float64(0.0), 'Mean': np.float64(0.03407575604137986), 'Std': np.float64(0.04354355922876948)}
2024-11-17 07:15:04,133 - INFO - Top 10 Mean Stats: {'Max': np.float64(-0.1642303010381711), 'Min': np.float64(-0.2669428183824569), 'Mean': np.float64(-0.22823594033982003), 'Std': np.float64(0.04226068225704475)}
2024-11-17 07:15:04,133 - INFO - Top 10 Std Stats: {'Max': np.float64(0.33379781270520514), 'Min': np.float64(0.20373766125084256), 'Mean': np.float64(0.2541743998931897), 'Std': np.float64(0.042586562042415795)}
2024-11-17 07:15:04,133 - INFO - Bottom 10 Mean Stats: {'Max': np.float64(100.0), 'Min': np.float64(84.0), 'Mean': np.float64(93.0), 'Std': np.float64(5.019960159204453)}
2024-11-17 07:15:04,133 - INFO - Bottom 10 Std Stats: {'Max': np.float64(0.0), 'Min': np.float64(0.0), 'Mean': np.float64(0.0), 'Std': np.float64(0.0)}
[I 2024-11-17 07:15:04,150] Trial 358 finished with value: 12.0 and parameters: {'x_0': -1, 'x_1': -3, 'x_2': -1, 'x_3': 1}. Best is trial 290 with value: 2.0.
2024-11-17 07:15:04,259 - INFO - Candidate Mean Stats: {'Max': np.float64(100.0), 'Min': np.float64(-0.3557563316746669), 'Mean': np.float64(1.1317281509058639), 'Std': np.float64(8.002443956981992)}
2024-11-17 07:15:04,259 - INFO - Candidate Std Stats: {'Max': np.float64(0.5970495264534876), 'Min': np.float64(0.0), 'Mean': np.float64(0.04295749841863305), 'Std': np.float64(0.045146496502650145)}
2024-11-17 07:15:04,261 - INFO - Top 10 Mean Stats: {'Max': np.float64(-0.18072574645969391), 'Min': np.float64(-0.3557563316746669), 'Mean': np.float64(-0.24540041512542773), 'Std': np.float64(0.05396592332898315)}
2024-11-17 07:15:04,261 - INFO - Top 10 Std Stats: {'Max': np.float64(0.5970495264534876), 'Min': np.float64(0.3092320577971039), 'Mean': np.float64(0.4397921738934379), 'Std': np.float64(0.07997244258364018)}
2024-11-17 07:15:04,261 - INFO - Bottom 10 Mean Stats: {'Max': np.float64(100.0), 'Min': np.float64(91.0), 'Mean': np.float64(95.5), 'Std': np.float64(4.5)}
2024-11-17 07:15:04,261 - INFO - Bottom 10 Std Stats: {'Max': np.float64(0.0), 'Min': np.float64(0.0), 'Mean': np.float64(0.0), 'Std': np.float64(0.0)}
[I 2024-11-17 07:15:04,277] Trial 355 finished with value: 21.0 and parameters: {'x_0': 0, 'x_1': 1, 'x_2': 4, 'x_3': -2}. Best is trial 179 with value: 1.0.
2024-11-17 07:15:04,293 - INFO - Candidate Mean Stats: {'Max': np.float64(91.0), 'Min': np.float64(-0.9372133476033124), 'Mean': np.float64(0.7268952174445291), 'Std': np.float64(5.766381191952167)}
2024-11-17 07:15:04,293 - INFO - Candidate Std Stats: {'Max': np.float64(0.4886230252359436), 'Min': np.float64(0.0), 'Mean': np.float64(0.04895774315938393), 'Std': np.float64(0.04527820303225781)}
2024-11-17 07:15:04,295 - INFO - Top 10 Mean Stats: {'Max': np.float64(-0.14030604290518595), 'Min': np.float64(-0.9372133476033124), 'Mean': np.float64(-0.26496080739288747), 'Std': np.float64(0.22545962072141745)}
2024-11-17 07:15:04,295 - INFO - Top 10 Std Stats: {'Max': np.float64(0.45842811860976135), 'Min': np.float64(0.08704882766280359), 'Mean': np.float64(0.3772493671437609), 'Std': np.float64(0.1008388594000591)}
2024-11-17 07:15:04,295 - INFO - Bottom 10 Mean Stats: {'Max': np.float64(91.0), 'Min': np.float64(75.0), 'Mean': np.float64(78.1), 'Std': np.float64(5.08822169328342)}
2024-11-17 07:15:04,295 - INFO - Bottom 10 Std Stats: {'Max': np.float64(0.0), 'Min': np.float64(0.0), 'Mean': np.float64(0.0), 'Std': np.float64(0.0)}
[I 2024-11-17 07:15:04,315] Trial 333 finished with value: 5.0 and parameters: {'x_0': 0, 'x_1': -2, 'x_2': -1, 'x_3': 0}. Best is trial 320 with value: 0.0.
2024-11-17 07:15:04,319 - INFO - Candidate Mean Stats: {'Max': np.float64(100.0), 'Min': np.float64(-0.24870516810779644), 'Mean': np.float64(0.9647662477746412), 'Std': np.float64(7.131212563419729)}
2024-11-17 07:15:04,319 - INFO - Candidate Std Stats: {'Max': np.float64(0.5154868642521299), 'Min': np.float64(0.0), 'Mean': np.float64(0.04070304514388625), 'Std': np.float64(0.04178842749859763)}
2024-11-17 07:15:04,321 - INFO - Top 10 Mean Stats: {'Max': np.float64(-0.09311792452552327), 'Min': np.float64(-0.24870516810779644), 'Mean': np.float64(-0.17461416908809405), 'Std': np.float64(0.048544721785411665)}
2024-11-17 07:15:04,321 - INFO - Top 10 Std Stats: {'Max': np.float64(0.3579918488645511), 'Min': np.float64(0.2154236633344439), 'Mean': np.float64(0.2908123626122515), 'Std': np.float64(0.04063784664424683)}
2024-11-17 07:15:04,321 - INFO - Bottom 10 Mean Stats: {'Max': np.float64(100.0), 'Min': np.float64(84.0), 'Mean': np.float64(93.0), 'Std': np.float64(5.019960159204453)}
2024-11-17 07:15:04,321 - INFO - Bottom 10 Std Stats: {'Max': np.float64(0.0), 'Min': np.float64(0.0), 'Mean': np.float64(0.0), 'Std': np.float64(0.0)}
