[I 2024-11-17 07:14:32,938] Trial 239 finished with value: 75.0 and parameters: {'x_0': -5, 'x_1': 0, 'x_2': 5, 'x_3': -5}. Best is trial 179 with value: 1.0.
2024-11-17 07:14:32,975 - INFO - Candidate Mean Stats: {'Max': np.float64(100.0), 'Min': np.float64(-0.20838658010951297), 'Mean': np.float64(0.7064901155777199), 'Std': np.float64(6.178091299017059)}
2024-11-17 07:14:32,975 - INFO - Candidate Std Stats: {'Max': np.float64(0.6123732222574017), 'Min': np.float64(0.0), 'Mean': np.float64(0.05042828296077068), 'Std': np.float64(0.04225460990959343)}
2024-11-17 07:14:32,977 - INFO - Top 10 Mean Stats: {'Max': np.float64(0.043709391817403666), 'Min': np.float64(-0.20838658010951297), 'Mean': np.float64(-0.13702678182103373), 'Std': np.float64(0.06582645461349777)}
2024-11-17 07:14:32,977 - INFO - Top 10 Std Stats: {'Max': np.float64(0.6123732222574017), 'Min': np.float64(0.28437405178978453), 'Mean': np.float64(0.36777785767965715), 'Std': np.float64(0.09341132292699009)}
2024-11-17 07:14:32,977 - INFO - Bottom 10 Mean Stats: {'Max': np.float64(100.0), 'Min': np.float64(84.0), 'Mean': np.float64(89.1), 'Std': np.float64(4.90815647672321)}
2024-11-17 07:14:32,977 - INFO - Bottom 10 Std Stats: {'Max': np.float64(0.0), 'Min': np.float64(0.0), 'Mean': np.float64(0.0), 'Std': np.float64(0.0)}
[I 2024-11-17 07:14:32,991] Trial 232 finished with value: 23.0 and parameters: {'x_0': -3, 'x_1': 2, 'x_2': -1, 'x_3': -3}. Best is trial 190 with value: 6.0.
2024-11-17 07:14:33,167 - INFO - Candidate Mean Stats: {'Max': np.float64(75.0), 'Min': np.float64(-0.21853431289096345), 'Mean': np.float64(0.5690467202160892), 'Std': np.float64(5.091997204216035)}
2024-11-17 07:14:33,167 - INFO - Candidate Std Stats: {'Max': np.float64(0.5910527931591891), 'Min': np.float64(0.0), 'Mean': np.float64(0.06285208724940197), 'Std': np.float64(0.04953077687621356)}
2024-11-17 07:14:33,168 - INFO - Top 10 Mean Stats: {'Max': np.float64(-0.12158732759503663), 'Min': np.float64(-0.21853431289096345), 'Mean': np.float64(-0.1869563039705732), 'Std': np.float64(0.030196031015261738)}
2024-11-17 07:14:33,169 - INFO - Top 10 Std Stats: {'Max': np.float64(0.437157024319979), 'Min': np.float64(0.27830716246132486), 'Mean': np.float64(0.34436393535863397), 'Std': np.float64(0.05314218566407188)}
2024-11-17 07:14:33,169 - INFO - Bottom 10 Mean Stats: {'Max': np.float64(75.0), 'Min': np.float64(70.0), 'Mean': np.float64(73.6), 'Std': np.float64(1.9595917942265422)}
2024-11-17 07:14:33,169 - INFO - Bottom 10 Std Stats: {'Max': np.float64(0.0), 'Min': np.float64(0.0), 'Mean': np.float64(0.0), 'Std': np.float64(0.0)}
2024-11-17 07:14:33,169 - INFO - Candidate Mean Stats: {'Max': np.float64(100.0), 'Min': np.float64(-0.18296990487577044), 'Mean': np.float64(0.8220058421697292), 'Std': np.float64(6.94222597720691)}
2024-11-17 07:14:33,169 - INFO - Candidate Std Stats: {'Max': np.float64(0.3977839470134614), 'Min': np.float64(0.0), 'Mean': np.float64(0.046286409247048126), 'Std': np.float64(0.04443669437345698)}
2024-11-17 07:14:33,171 - INFO - Top 10 Mean Stats: {'Max': np.float64(-0.07794157294663043), 'Min': np.float64(-0.18296990487577044), 'Mean': np.float64(-0.1354066988754994), 'Std': np.float64(0.03181784920638443)}
2024-11-17 07:14:33,171 - INFO - Top 10 Std Stats: {'Max': np.float64(0.3267958493177775), 'Min': np.float64(0.2219481833670184), 'Mean': np.float64(0.27974861941887047), 'Std': np.float64(0.03512889534978437)}
2024-11-17 07:14:33,171 - INFO - Bottom 10 Mean Stats: {'Max': np.float64(100.0), 'Min': np.float64(91.0), 'Mean': np.float64(95.5), 'Std': np.float64(4.5)}
2024-11-17 07:14:33,171 - INFO - Bottom 10 Std Stats: {'Max': np.float64(0.0), 'Min': np.float64(0.0), 'Mean': np.float64(0.0), 'Std': np.float64(0.0)}
[I 2024-11-17 07:14:33,187] Trial 240 finished with value: 43.0 and parameters: {'x_0': 3, 'x_1': -3, 'x_2': -3, 'x_3': -4}. Best is trial 179 with value: 1.0.
[I 2024-11-17 07:14:33,190] Trial 226 finished with value: 5.0 and parameters: {'x_0': -2, 'x_1': -1, 'x_2': 0, 'x_3': 0}. Best is trial 141 with value: 2.0.
2024-11-17 07:14:33,274 - INFO - Candidate Mean Stats: {'Max': np.float64(100.0), 'Min': np.float64(-0.22621471890452544), 'Mean': np.float64(0.7039757448982371), 'Std': np.float64(6.1812892818150384)}
2024-11-17 07:14:33,274 - INFO - Candidate Std Stats: {'Max': np.float64(0.7015306381220772), 'Min': np.float64(0.0), 'Mean': np.float64(0.05546250435081176), 'Std': np.float64(0.046775890269733986)}
2024-11-17 07:14:33,275 - INFO - Top 10 Mean Stats: {'Max': np.float64(0.03843209116967368), 'Min': np.float64(-0.22621471890452544), 'Mean': np.float64(-0.1602762016794264), 'Std': np.float64(0.07437455446151867)}
2024-11-17 07:14:33,276 - INFO - Top 10 Std Stats: {'Max': np.float64(0.7015306381220772), 'Min': np.float64(0.34276084080201963), 'Mean': np.float64(0.43736445702905913), 'Std': np.float64(0.10884910573659129)}
2024-11-17 07:14:33,276 - INFO - Bottom 10 Mean Stats: {'Max': np.float64(100.0), 'Min': np.float64(84.0), 'Mean': np.float64(89.1), 'Std': np.float64(4.90815647672321)}
2024-11-17 07:14:33,276 - INFO - Bottom 10 Std Stats: {'Max': np.float64(0.0), 'Min': np.float64(0.0), 'Mean': np.float64(0.0), 'Std': np.float64(0.0)}
[I 2024-11-17 07:14:33,291] Trial 233 finished with value: 100.0 and parameters: {'x_0': -5, 'x_1': -5, 'x_2': -5, 'x_3': -5}. Best is trial 190 with value: 6.0.
2024-11-17 07:14:33,416 - INFO - Candidate Mean Stats: {'Max': np.float64(100.0), 'Min': np.float64(-0.20910303709011244), 'Mean': np.float64(0.826220981532851), 'Std': np.float64(6.950827792001418)}
2024-11-17 07:14:33,416 - INFO - Candidate Std Stats: {'Max': np.float64(0.4388146990620534), 'Min': np.float64(0.0), 'Mean': np.float64(0.04615448120647628), 'Std': np.float64(0.043458983922257055)}
2024-11-17 07:14:33,418 - INFO - Top 10 Mean Stats: {'Max': np.float64(-0.07369689670963046), 'Min': np.float64(-0.20910303709011244), 'Mean': np.float64(-0.16034285065498974), 'Std': np.float64(0.03869987459969256)}
2024-11-17 07:14:33,418 - INFO - Top 10 Std Stats: {'Max': np.float64(0.4388146990620534), 'Min': np.float64(0.303850380491094), 'Mean': np.float64(0.37119928288715964), 'Std': np.float64(0.045495132688369654)}
2024-11-17 07:14:33,419 - INFO - Bottom 10 Mean Stats: {'Max': np.float64(100.0), 'Min': np.float64(91.0), 'Mean': np.float64(95.5), 'Std': np.float64(4.5)}
2024-11-17 07:14:33,419 - INFO - Bottom 10 Std Stats: {'Max': np.float64(0.0), 'Min': np.float64(0.0), 'Mean': np.float64(0.0), 'Std': np.float64(0.0)}
[I 2024-11-17 07:14:33,437] Trial 241 finished with value: 35.0 and parameters: {'x_0': -5, 'x_1': 1, 'x_2': 3, 'x_3': 0}. Best is trial 179 with value: 1.0.
2024-11-17 07:14:33,472 - INFO - Candidate Mean Stats: {'Max': np.float64(100.0), 'Min': np.float64(-0.2564363080883552), 'Mean': np.float64(0.7142292513353474), 'Std': np.float64(6.235135714549438)}
2024-11-17 07:14:33,472 - INFO - Candidate Std Stats: {'Max': np.float64(0.5912237907014906), 'Min': np.float64(0.0), 'Mean': np.float64(0.05418126291084505), 'Std': np.float64(0.04701177170558258)}
2024-11-17 07:14:33,474 - INFO - Top 10 Mean Stats: {'Max': np.float64(0.12656092047058848), 'Min': np.float64(-0.2564363080883552), 'Mean': np.float64(-0.16140125876764197), 'Std': np.float64(0.10267583738442514)}
2024-11-17 07:14:33,474 - INFO - Top 10 Std Stats: {'Max': np.float64(0.5912237907014906), 'Min': np.float64(0.3381980922308079), 'Mean': np.float64(0.4267574808397036), 'Std': np.float64(0.08504929447701141)}
2024-11-17 07:14:33,474 - INFO - Bottom 10 Mean Stats: {'Max': np.float64(100.0), 'Min': np.float64(84.0), 'Mean': np.float64(90.7), 'Std': np.float64(5.550675634551167)}
2024-11-17 07:14:33,474 - INFO - Bottom 10 Std Stats: {'Max': np.float64(0.0), 'Min': np.float64(0.0), 'Mean': np.float64(0.0), 'Std': np.float64(0.0)}
2024-11-17 07:14:33,477 - INFO - Candidate Mean Stats: {'Max': np.float64(75.0), 'Min': np.float64(-0.3007844127992435), 'Mean': np.float64(0.5677951945125697), 'Std': np.float64(5.092301985510997)}
2024-11-17 07:14:33,477 - INFO - Candidate Std Stats: {'Max': np.float64(0.48501917051919974), 'Min': np.float64(0.0), 'Mean': np.float64(0.063321252136419), 'Std': np.float64(0.04639276880160078)}
2024-11-17 07:14:33,479 - INFO - Top 10 Mean Stats: {'Max': np.float64(-0.17840702484637389), 'Min': np.float64(-0.3007844127992435), 'Mean': np.float64(-0.2156395420404694), 'Std': np.float64(0.041673111058184845)}
2024-11-17 07:14:33,479 - INFO - Top 10 Std Stats: {'Max': np.float64(0.48501917051919974), 'Min': np.float64(0.28660904662306086), 'Mean': np.float64(0.36369155340462506), 'Std': np.float64(0.05525149716736258)}
2024-11-17 07:14:33,479 - INFO - Bottom 10 Mean Stats: {'Max': np.float64(75.0), 'Min': np.float64(70.0), 'Mean': np.float64(73.6), 'Std': np.float64(1.9595917942265422)}
2024-11-17 07:14:33,479 - INFO - Bottom 10 Std Stats: {'Max': np.float64(0.0), 'Min': np.float64(0.0), 'Mean': np.float64(0.0), 'Std': np.float64(0.0)}
[I 2024-11-17 07:14:33,490] Trial 234 finished with value: 70.0 and parameters: {'x_0': 5, 'x_1': -4, 'x_2': -2, 'x_3': -5}. Best is trial 190 with value: 6.0.
[I 2024-11-17 07:14:33,495] Trial 227 finished with value: 31.0 and parameters: {'x_0': 1, 'x_1': -2, 'x_2': 1, 'x_3': 5}. Best is trial 141 with value: 2.0.
2024-11-17 07:14:33,653 - INFO - Candidate Mean Stats: {'Max': np.float64(100.0), 'Min': np.float64(-0.3299295936231885), 'Mean': np.float64(0.824297173503352), 'Std': np.float64(6.957037782778736)}
2024-11-17 07:14:33,654 - INFO - Candidate Std Stats: {'Max': np.float64(0.532686654501649), 'Min': np.float64(0.0), 'Mean': np.float64(0.047584326165386104), 'Std': np.float64(0.04546103814204902)}
2024-11-17 07:14:33,655 - INFO - Top 10 Mean Stats: {'Max': np.float64(-0.12497835233783443), 'Min': np.float64(-0.3299295936231885), 'Mean': np.float64(-0.18490325435239008), 'Std': np.float64(0.05430985514956659)}
2024-11-17 07:14:33,655 - INFO - Top 10 Std Stats: {'Max': np.float64(0.532686654501649), 'Min': np.float64(0.2776063735472779), 'Mean': np.float64(0.3668785612293849), 'Std': np.float64(0.06939177402882116)}
2024-11-17 07:14:33,655 - INFO - Bottom 10 Mean Stats: {'Max': np.float64(100.0), 'Min': np.float64(91.0), 'Mean': np.float64(95.5), 'Std': np.float64(4.5)}
2024-11-17 07:14:33,655 - INFO - Bottom 10 Std Stats: {'Max': np.float64(0.0), 'Min': np.float64(0.0), 'Mean': np.float64(0.0), 'Std': np.float64(0.0)}
[I 2024-11-17 07:14:33,671] Trial 242 finished with value: 18.0 and parameters: {'x_0': 2, 'x_1': 1, 'x_2': 2, 'x_3': -3}. Best is trial 179 with value: 1.0.
2024-11-17 07:14:33,761 - INFO - Candidate Mean Stats: {'Max': np.float64(100.0), 'Min': np.float64(-0.19369880279341245), 'Mean': np.float64(0.7209360443331541), 'Std': np.float64(6.261154246176137)}
2024-11-17 07:14:33,762 - INFO - Candidate Std Stats: {'Max': np.float64(0.5707926289906043), 'Min': np.float64(0.0), 'Mean': np.float64(0.05091454385028533), 'Std': np.float64(0.04380369547776952)}
2024-11-17 07:14:33,764 - INFO - Top 10 Mean Stats: {'Max': np.float64(0.05205003647800861), 'Min': np.float64(-0.19369880279341245), 'Mean': np.float64(-0.12760406074677577), 'Std': np.float64(0.06423408567531355)}
2024-11-17 07:14:33,764 - INFO - Top 10 Std Stats: {'Max': np.float64(0.5707926289906043), 'Min': np.float64(0.219695151671454), 'Mean': np.float64(0.3140848203679337), 'Std': np.float64(0.09506521429426026)}
2024-11-17 07:14:33,764 - INFO - Bottom 10 Mean Stats: {'Max': np.float64(100.0), 'Min': np.float64(84.0), 'Mean': np.float64(90.7), 'Std': np.float64(5.550675634551167)}
2024-11-17 07:14:33,764 - INFO - Bottom 10 Std Stats: {'Max': np.float64(0.0), 'Min': np.float64(0.0), 'Mean': np.float64(0.0), 'Std': np.float64(0.0)}
2024-11-17 07:14:33,766 - INFO - Candidate Mean Stats: {'Max': np.float64(75.0), 'Min': np.float64(-0.24790351357021767), 'Mean': np.float64(0.5690839287371963), 'Std': np.float64(5.09860498196536)}
2024-11-17 07:14:33,767 - INFO - Candidate Std Stats: {'Max': np.float64(0.48128647418214987), 'Min': np.float64(0.0), 'Mean': np.float64(0.06364555666456755), 'Std': np.float64(0.04880828750364984)}
2024-11-17 07:14:33,768 - INFO - Top 10 Mean Stats: {'Max': np.float64(-0.16309066808241268), 'Min': np.float64(-0.24790351357021767), 'Mean': np.float64(-0.20107025100060763), 'Std': np.float64(0.024575313618647305)}
2024-11-17 07:14:33,768 - INFO - Top 10 Std Stats: {'Max': np.float64(0.45481533536736274), 'Min': np.float64(0.2874208031863192), 'Mean': np.float64(0.3553045450214853), 'Std': np.float64(0.04568558282792029)}
2024-11-17 07:14:33,768 - INFO - Bottom 10 Mean Stats: {'Max': np.float64(75.0), 'Min': np.float64(70.0), 'Mean': np.float64(73.6), 'Std': np.float64(1.9595917942265422)}
2024-11-17 07:14:33,768 - INFO - Bottom 10 Std Stats: {'Max': np.float64(0.0), 'Min': np.float64(0.0), 'Mean': np.float64(0.0), 'Std': np.float64(0.0)}
[I 2024-11-17 07:14:33,791] Trial 228 finished with value: 45.0 and parameters: {'x_0': 4, 'x_1': -3, 'x_2': -2, 'x_3': 4}. Best is trial 141 with value: 2.0.
[I 2024-11-17 07:14:33,795] Trial 235 finished with value: 70.0 and parameters: {'x_0': -2, 'x_1': -4, 'x_2': -5, 'x_3': -5}. Best is trial 190 with value: 6.0.
2024-11-17 07:14:33,980 - INFO - Candidate Mean Stats: {'Max': np.float64(100.0), 'Min': np.float64(-0.2068910192302988), 'Mean': np.float64(0.8248608161930616), 'Std': np.float64(6.958562148535585)}
2024-11-17 07:14:33,980 - INFO - Candidate Std Stats: {'Max': np.float64(0.47137432481341546), 'Min': np.float64(0.0), 'Mean': np.float64(0.052138828171108126), 'Std': np.float64(0.0469679782224382)}
2024-11-17 07:14:33,981 - INFO - Top 10 Mean Stats: {'Max': np.float64(-0.12701738845792374), 'Min': np.float64(-0.2068910192302988), 'Mean': np.float64(-0.15741178759334534), 'Std': np.float64(0.025626654803956053)}
2024-11-17 07:14:33,981 - INFO - Top 10 Std Stats: {'Max': np.float64(0.4623993058424933), 'Min': np.float64(0.27789334423293316), 'Mean': np.float64(0.33648706272341067), 'Std': np.float64(0.053426520163501426)}
2024-11-17 07:14:33,982 - INFO - Bottom 10 Mean Stats: {'Max': np.float64(100.0), 'Min': np.float64(91.0), 'Mean': np.float64(95.5), 'Std': np.float64(4.5)}
2024-11-17 07:14:33,982 - INFO - Bottom 10 Std Stats: {'Max': np.float64(0.0), 'Min': np.float64(0.0), 'Mean': np.float64(0.0), 'Std': np.float64(0.0)}
[I 2024-11-17 07:14:33,997] Trial 243 finished with value: 63.0 and parameters: {'x_0': 5, 'x_1': -5, 'x_2': -2, 'x_3': 3}. Best is trial 179 with value: 1.0.
2024-11-17 07:14:34,197 - INFO - Candidate Mean Stats: {'Max': np.float64(100.0), 'Min': np.float64(-0.2388808794034555), 'Mean': np.float64(0.7211877129582009), 'Std': np.float64(6.287784177421223)}
2024-11-17 07:14:34,197 - INFO - Candidate Std Stats: {'Max': np.float64(0.5310329804700556), 'Min': np.float64(0.0), 'Mean': np.float64(0.05308951241941174), 'Std': np.float64(0.048987410803182786)}
2024-11-17 07:14:34,199 - INFO - Top 10 Mean Stats: {'Max': np.float64(-0.14855059698213158), 'Min': np.float64(-0.2388808794034555), 'Mean': np.float64(-0.18556496937155723), 'Std': np.float64(0.03039803735323478)}
2024-11-17 07:14:34,199 - INFO - Top 10 Std Stats: {'Max': np.float64(0.4913895738465567), 'Min': np.float64(0.33703455073285127), 'Mean': np.float64(0.3873827444684773), 'Std': np.float64(0.04345028294154914)}
2024-11-17 07:14:34,199 - INFO - Bottom 10 Mean Stats: {'Max': np.float64(100.0), 'Min': np.float64(84.0), 'Mean': np.float64(90.7), 'Std': np.float64(5.550675634551167)}
2024-11-17 07:14:34,199 - INFO - Bottom 10 Std Stats: {'Max': np.float64(0.0), 'Min': np.float64(0.0), 'Mean': np.float64(0.0), 'Std': np.float64(0.0)}
[I 2024-11-17 07:14:34,216] Trial 236 finished with value: 13.0 and parameters: {'x_0': 2, 'x_1': -2, 'x_2': -2, 'x_3': 1}. Best is trial 190 with value: 6.0.
2024-11-17 07:14:34,231 - INFO - Candidate Mean Stats: {'Max': np.float64(75.0), 'Min': np.float64(-0.24619191124323225), 'Mean': np.float64(0.573317264830118), 'Std': np.float64(5.111670613250174)}
2024-11-17 07:14:34,232 - INFO - Candidate Std Stats: {'Max': np.float64(0.5840632367674801), 'Min': np.float64(0.0), 'Mean': np.float64(0.06344909311240492), 'Std': np.float64(0.04580580623816748)}
2024-11-17 07:14:34,233 - INFO - Top 10 Mean Stats: {'Max': np.float64(-0.13421406423071502), 'Min': np.float64(-0.24619191124323225), 'Mean': np.float64(-0.20076004326078484), 'Std': np.float64(0.03648517538468068)}
2024-11-17 07:14:34,233 - INFO - Top 10 Std Stats: {'Max': np.float64(0.5840632367674801), 'Min': np.float64(0.3469920512752641), 'Mean': np.float64(0.4160453752308543), 'Std': np.float64(0.06914155168052256)}
2024-11-17 07:14:34,233 - INFO - Bottom 10 Mean Stats: {'Max': np.float64(75.0), 'Min': np.float64(70.0), 'Mean': np.float64(73.6), 'Std': np.float64(1.9595917942265422)}
2024-11-17 07:14:34,233 - INFO - Bottom 10 Std Stats: {'Max': np.float64(0.0), 'Min': np.float64(0.0), 'Mean': np.float64(0.0), 'Std': np.float64(0.0)}
[I 2024-11-17 07:14:34,250] Trial 229 finished with value: 6.0 and parameters: {'x_0': -2, 'x_1': 0, 'x_2': -1, 'x_3': 1}. Best is trial 141 with value: 2.0.
2024-11-17 07:14:34,312 - INFO - Candidate Mean Stats: {'Max': np.float64(100.0), 'Min': np.float64(-0.2143475326308145), 'Mean': np.float64(0.8282177474082223), 'Std': np.float64(6.9776227092816505)}
2024-11-17 07:14:34,312 - INFO - Candidate Std Stats: {'Max': np.float64(0.49459100691161895), 'Min': np.float64(0.0), 'Mean': np.float64(0.04623922938360354), 'Std': np.float64(0.05009424153563091)}
2024-11-17 07:14:34,314 - INFO - Top 10 Mean Stats: {'Max': np.float64(-0.039215513026404816), 'Min': np.float64(-0.2143475326308145), 'Mean': np.float64(-0.1635729144184508), 'Std': np.float64(0.04565752612623159)}
2024-11-17 07:14:34,314 - INFO - Top 10 Std Stats: {'Max': np.float64(0.44524211867895147), 'Min': np.float64(0.30676719894333687), 'Mean': np.float64(0.36246315358667186), 'Std': np.float64(0.04079323874144714)}
2024-11-17 07:14:34,314 - INFO - Bottom 10 Mean Stats: {'Max': np.float64(100.0), 'Min': np.float64(91.0), 'Mean': np.float64(95.5), 'Std': np.float64(4.5)}
2024-11-17 07:14:34,314 - INFO - Bottom 10 Std Stats: {'Max': np.float64(0.0), 'Min': np.float64(0.0), 'Mean': np.float64(0.0), 'Std': np.float64(0.0)}
[I 2024-11-17 07:14:34,332] Trial 244 finished with value: 47.0 and parameters: {'x_0': -2, 'x_1': -3, 'x_2': -5, 'x_3': 3}. Best is trial 179 with value: 1.0.
2024-11-17 07:14:34,455 - INFO - Candidate Mean Stats: {'Max': np.float64(100.0), 'Min': np.float64(-0.2256953184183735), 'Mean': np.float64(0.723075707810093), 'Std': np.float64(6.288491490297876)}
2024-11-17 07:14:34,455 - INFO - Candidate Std Stats: {'Max': np.float64(0.7227151816556245), 'Min': np.float64(0.0), 'Mean': np.float64(0.05410971415881036), 'Std': np.float64(0.04654815947790497)}
2024-11-17 07:14:34,457 - INFO - Top 10 Mean Stats: {'Max': np.float64(0.13800704625089963), 'Min': np.float64(-0.2256953184183735), 'Mean': np.float64(-0.11309290455489993), 'Std': np.float64(0.10296370911413298)}
2024-11-17 07:14:34,457 - INFO - Top 10 Std Stats: {'Max': np.float64(0.603705694980359), 'Min': np.float64(0.25619411156771127), 'Mean': np.float64(0.37610482158243924), 'Std': np.float64(0.10151296322774986)}
2024-11-17 07:14:34,457 - INFO - Bottom 10 Mean Stats: {'Max': np.float64(100.0), 'Min': np.float64(84.0), 'Mean': np.float64(90.7), 'Std': np.float64(5.550675634551167)}
2024-11-17 07:14:34,457 - INFO - Bottom 10 Std Stats: {'Max': np.float64(0.0), 'Min': np.float64(0.0), 'Mean': np.float64(0.0), 'Std': np.float64(0.0)}
[I 2024-11-17 07:14:34,471] Trial 237 finished with value: 75.0 and parameters: {'x_0': -5, 'x_1': -4, 'x_2': 3, 'x_3': -5}. Best is trial 190 with value: 6.0.
2024-11-17 07:14:34,508 - INFO - Candidate Mean Stats: {'Max': np.float64(75.0), 'Min': np.float64(-0.29165773961017294), 'Mean': np.float64(0.5742248291411169), 'Std': np.float64(5.111818736507123)}
2024-11-17 07:14:34,509 - INFO - Candidate Std Stats: {'Max': np.float64(0.4701541693524684), 'Min': np.float64(0.0), 'Mean': np.float64(0.06428300458113959), 'Std': np.float64(0.04969532983013952)}
2024-11-17 07:14:34,510 - INFO - Top 10 Mean Stats: {'Max': np.float64(-0.15713759419224252), 'Min': np.float64(-0.25151176190271546), 'Mean': np.float64(-0.1953271552902101), 'Std': np.float64(0.028240190237637342)}
2024-11-17 07:14:34,510 - INFO - Top 10 Std Stats: {'Max': np.float64(0.4701541693524684), 'Min': np.float64(0.33983374994942794), 'Mean': np.float64(0.3903856663397357), 'Std': np.float64(0.04211678253559138)}
2024-11-17 07:14:34,510 - INFO - Bottom 10 Mean Stats: {'Max': np.float64(75.0), 'Min': np.float64(70.0), 'Mean': np.float64(73.6), 'Std': np.float64(1.9595917942265422)}
2024-11-17 07:14:34,510 - INFO - Bottom 10 Std Stats: {'Max': np.float64(0.0), 'Min': np.float64(0.0), 'Mean': np.float64(0.0), 'Std': np.float64(0.0)}
