[I 2024-11-17 07:14:37,363] Trial 248 finished with value: 5.0 and parameters: {'x_0': -1, 'x_1': -2, 'x_2': 0, 'x_3': 0}. Best is trial 248 with value: 5.0.
2024-11-17 07:14:37,450 - INFO - Candidate Mean Stats: {'Max': np.float64(100.0), 'Min': np.float64(-0.249984353291253), 'Mean': np.float64(0.8742846106697476), 'Std': np.float64(7.159767173537649)}
2024-11-17 07:14:37,453 - INFO - Candidate Std Stats: {'Max': np.float64(0.5039180566845601), 'Min': np.float64(0.0), 'Mean': np.float64(0.047397783933536344), 'Std': np.float64(0.04305033597267002)}
2024-11-17 07:14:37,454 - INFO - Top 10 Mean Stats: {'Max': np.float64(-0.11638756753551413), 'Min': np.float64(-0.249984353291253), 'Mean': np.float64(-0.1817499136665688), 'Std': np.float64(0.03795091011542868)}
2024-11-17 07:14:37,460 - INFO - Top 10 Std Stats: {'Max': np.float64(0.5039180566845601), 'Min': np.float64(0.2848514002381091), 'Mean': np.float64(0.3575242255753879), 'Std': np.float64(0.060314491018806225)}
2024-11-17 07:14:37,460 - INFO - Bottom 10 Mean Stats: {'Max': np.float64(100.0), 'Min': np.float64(91.0), 'Mean': np.float64(95.5), 'Std': np.float64(4.5)}
2024-11-17 07:14:37,460 - INFO - Bottom 10 Std Stats: {'Max': np.float64(0.0), 'Min': np.float64(0.0), 'Mean': np.float64(0.0), 'Std': np.float64(0.0)}
[I 2024-11-17 07:14:37,485] Trial 256 finished with value: 36.0 and parameters: {'x_0': 0, 'x_1': -2, 'x_2': -4, 'x_3': -4}. Best is trial 179 with value: 1.0.
2024-11-17 07:14:37,564 - INFO - Candidate Mean Stats: {'Max': np.float64(75.0), 'Min': np.float64(-0.2343706052201992), 'Mean': np.float64(0.5982397269883483), 'Std': np.float64(5.220164520170347)}
2024-11-17 07:14:37,565 - INFO - Candidate Std Stats: {'Max': np.float64(0.45306035309435133), 'Min': np.float64(0.0), 'Mean': np.float64(0.06428316978004282), 'Std': np.float64(0.04826325553088024)}
2024-11-17 07:14:37,566 - INFO - Top 10 Mean Stats: {'Max': np.float64(-0.14722648284832002), 'Min': np.float64(-0.2343706052201992), 'Mean': np.float64(-0.18275014549491772), 'Std': np.float64(0.029836864101665132)}
2024-11-17 07:14:37,566 - INFO - Top 10 Std Stats: {'Max': np.float64(0.45306035309435133), 'Min': np.float64(0.3109965620915822), 'Mean': np.float64(0.3756862397032367), 'Std': np.float64(0.045440636040407836)}
2024-11-17 07:14:37,566 - INFO - Bottom 10 Mean Stats: {'Max': np.float64(75.0), 'Min': np.float64(70.0), 'Mean': np.float64(73.6), 'Std': np.float64(1.9595917942265422)}
2024-11-17 07:14:37,566 - INFO - Bottom 10 Std Stats: {'Max': np.float64(0.0), 'Min': np.float64(0.0), 'Mean': np.float64(0.0), 'Std': np.float64(0.0)}
[I 2024-11-17 07:14:37,583] Trial 241 finished with value: 28.0 and parameters: {'x_0': 2, 'x_1': 2, 'x_2': 2, 'x_3': 4}. Best is trial 141 with value: 2.0.
2024-11-17 07:14:37,622 - INFO - Candidate Mean Stats: {'Max': np.float64(100.0), 'Min': np.float64(-0.18484355539256508), 'Mean': np.float64(0.7692344971740575), 'Std': np.float64(6.517466960933099)}
2024-11-17 07:14:37,622 - INFO - Candidate Std Stats: {'Max': np.float64(0.5473443412274194), 'Min': np.float64(0.0), 'Mean': np.float64(0.05706460695060076), 'Std': np.float64(0.044655213393573534)}
2024-11-17 07:14:37,623 - INFO - Top 10 Mean Stats: {'Max': np.float64(0.037780929172507166), 'Min': np.float64(-0.18484355539256508), 'Mean': np.float64(-0.12238353745384847), 'Std': np.float64(0.05816431826889658)}
2024-11-17 07:14:37,624 - INFO - Top 10 Std Stats: {'Max': np.float64(0.44477926340220664), 'Min': np.float64(0.2722356328430552), 'Mean': np.float64(0.3172400372908394), 'Std': np.float64(0.05234837003618862)}
2024-11-17 07:14:37,624 - INFO - Bottom 10 Mean Stats: {'Max': np.float64(100.0), 'Min': np.float64(84.0), 'Mean': np.float64(90.7), 'Std': np.float64(5.550675634551167)}
2024-11-17 07:14:37,624 - INFO - Bottom 10 Std Stats: {'Max': np.float64(0.0), 'Min': np.float64(0.0), 'Mean': np.float64(0.0), 'Std': np.float64(0.0)}
[I 2024-11-17 07:14:37,640] Trial 249 finished with value: 51.0 and parameters: {'x_0': 5, 'x_1': 1, 'x_2': 4, 'x_3': -3}. Best is trial 248 with value: 5.0.
2024-11-17 07:14:37,732 - INFO - Candidate Mean Stats: {'Max': np.float64(100.0), 'Min': np.float64(-0.2445406450881356), 'Mean': np.float64(0.8725698454343861), 'Std': np.float64(7.166145927292294)}
2024-11-17 07:14:37,732 - INFO - Candidate Std Stats: {'Max': np.float64(0.42155933314597277), 'Min': np.float64(0.0), 'Mean': np.float64(0.05248146298915013), 'Std': np.float64(0.04310968946582047)}
2024-11-17 07:14:37,733 - INFO - Top 10 Mean Stats: {'Max': np.float64(-0.14846193645401706), 'Min': np.float64(-0.2445406450881356), 'Mean': np.float64(-0.177465475240029), 'Std': np.float64(0.029753709651864853)}
2024-11-17 07:14:37,733 - INFO - Top 10 Std Stats: {'Max': np.float64(0.42155933314597277), 'Min': np.float64(0.309266969402772), 'Mean': np.float64(0.35310379289843563), 'Std': np.float64(0.03722794073716655)}
2024-11-17 07:14:37,733 - INFO - Bottom 10 Mean Stats: {'Max': np.float64(100.0), 'Min': np.float64(91.0), 'Mean': np.float64(95.5), 'Std': np.float64(4.5)}
2024-11-17 07:14:37,733 - INFO - Bottom 10 Std Stats: {'Max': np.float64(0.0), 'Min': np.float64(0.0), 'Mean': np.float64(0.0), 'Std': np.float64(0.0)}
[I 2024-11-17 07:14:37,749] Trial 257 finished with value: 10.0 and parameters: {'x_0': 0, 'x_1': 1, 'x_2': 0, 'x_3': -3}. Best is trial 179 with value: 1.0.
2024-11-17 07:14:37,870 - INFO - Candidate Mean Stats: {'Max': np.float64(75.0), 'Min': np.float64(-0.27817141247951405), 'Mean': np.float64(0.5984620957287325), 'Std': np.float64(5.225256434414123)}
2024-11-17 07:14:37,870 - INFO - Candidate Std Stats: {'Max': np.float64(0.555821775366677), 'Min': np.float64(0.0), 'Mean': np.float64(0.060706190330737785), 'Std': np.float64(0.04811982591710645)}
2024-11-17 07:14:37,871 - INFO - Top 10 Mean Stats: {'Max': np.float64(-0.18580956058110515), 'Min': np.float64(-0.27817141247951405), 'Mean': np.float64(-0.22908623006429316), 'Std': np.float64(0.02778438077219123)}
2024-11-17 07:14:37,871 - INFO - Top 10 Std Stats: {'Max': np.float64(0.5518199962179509), 'Min': np.float64(0.3511360701584673), 'Mean': np.float64(0.4213243977633162), 'Std': np.float64(0.05319773394703768)}
2024-11-17 07:14:37,871 - INFO - Bottom 10 Mean Stats: {'Max': np.float64(75.0), 'Min': np.float64(70.0), 'Mean': np.float64(73.6), 'Std': np.float64(1.9595917942265422)}
2024-11-17 07:14:37,871 - INFO - Bottom 10 Std Stats: {'Max': np.float64(0.0), 'Min': np.float64(0.0), 'Mean': np.float64(0.0), 'Std': np.float64(0.0)}
2024-11-17 07:14:37,891 - INFO - Candidate Mean Stats: {'Max': np.float64(100.0), 'Min': np.float64(-0.18776488886663506), 'Mean': np.float64(0.7746157256492898), 'Std': np.float64(6.530468721653684)}
2024-11-17 07:14:37,891 - INFO - Candidate Std Stats: {'Max': np.float64(0.46090327020895056), 'Min': np.float64(0.0), 'Mean': np.float64(0.04957696778443169), 'Std': np.float64(0.04523256710717581)}
[I 2024-11-17 07:14:37,892] Trial 242 finished with value: 45.0 and parameters: {'x_0': -2, 'x_1': 3, 'x_2': -4, 'x_3': -4}. Best is trial 141 with value: 2.0.
2024-11-17 07:14:37,892 - INFO - Top 10 Mean Stats: {'Max': np.float64(-0.11630314071448984), 'Min': np.float64(-0.18776488886663506), 'Mean': np.float64(-0.1483220930460824), 'Std': np.float64(0.02338662334883143)}
2024-11-17 07:14:37,892 - INFO - Top 10 Std Stats: {'Max': np.float64(0.40052093436530906), 'Min': np.float64(0.2445166345332077), 'Mean': np.float64(0.30489038908663213), 'Std': np.float64(0.04223650531754969)}
2024-11-17 07:14:37,893 - INFO - Bottom 10 Mean Stats: {'Max': np.float64(100.0), 'Min': np.float64(84.0), 'Mean': np.float64(90.7), 'Std': np.float64(5.550675634551167)}
2024-11-17 07:14:37,893 - INFO - Bottom 10 Std Stats: {'Max': np.float64(0.0), 'Min': np.float64(0.0), 'Mean': np.float64(0.0), 'Std': np.float64(0.0)}
[I 2024-11-17 07:14:37,909] Trial 250 finished with value: 43.0 and parameters: {'x_0': 3, 'x_1': -3, 'x_2': 0, 'x_3': 5}. Best is trial 248 with value: 5.0.
2024-11-17 07:14:38,005 - INFO - Candidate Mean Stats: {'Max': np.float64(100.0), 'Min': np.float64(-0.23302810254679632), 'Mean': np.float64(0.8745856486185752), 'Std': np.float64(7.166384054930006)}
2024-11-17 07:14:38,005 - INFO - Candidate Std Stats: {'Max': np.float64(0.49589969460278516), 'Min': np.float64(0.0), 'Mean': np.float64(0.04590210307391374), 'Std': np.float64(0.04513001454305462)}
2024-11-17 07:14:38,007 - INFO - Top 10 Mean Stats: {'Max': np.float64(-0.12511989690044772), 'Min': np.float64(-0.23302810254679632), 'Mean': np.float64(-0.18781378269449261), 'Std': np.float64(0.03181623276362145)}
2024-11-17 07:14:38,007 - INFO - Top 10 Std Stats: {'Max': np.float64(0.49589969460278516), 'Min': np.float64(0.353635548924287), 'Mean': np.float64(0.38999464551864554), 'Std': np.float64(0.038425883721003064)}
2024-11-17 07:14:38,007 - INFO - Bottom 10 Mean Stats: {'Max': np.float64(100.0), 'Min': np.float64(91.0), 'Mean': np.float64(95.5), 'Std': np.float64(4.5)}
2024-11-17 07:14:38,007 - INFO - Bottom 10 Std Stats: {'Max': np.float64(0.0), 'Min': np.float64(0.0), 'Mean': np.float64(0.0), 'Std': np.float64(0.0)}
[I 2024-11-17 07:14:38,023] Trial 258 finished with value: 31.0 and parameters: {'x_0': 5, 'x_1': -1, 'x_2': -2, 'x_3': 1}. Best is trial 179 with value: 1.0.
2024-11-17 07:14:38,160 - INFO - Candidate Mean Stats: {'Max': np.float64(75.0), 'Min': np.float64(-0.27009606418147175), 'Mean': np.float64(0.6023037308377903), 'Std': np.float64(5.238042059338041)}
2024-11-17 07:14:38,160 - INFO - Candidate Std Stats: {'Max': np.float64(0.48798418582881137), 'Min': np.float64(0.0), 'Mean': np.float64(0.06380524687364544), 'Std': np.float64(0.04945975503243804)}
2024-11-17 07:14:38,161 - INFO - Top 10 Mean Stats: {'Max': np.float64(-0.15803583561955548), 'Min': np.float64(-0.27009606418147175), 'Mean': np.float64(-0.2004434631666073), 'Std': np.float64(0.035610315443972085)}
2024-11-17 07:14:38,161 - INFO - Top 10 Std Stats: {'Max': np.float64(0.41022592451444106), 'Min': np.float64(0.3019423764381268), 'Mean': np.float64(0.3528684177023938), 'Std': np.float64(0.03672292387237825)}
2024-11-17 07:14:38,161 - INFO - Bottom 10 Mean Stats: {'Max': np.float64(75.0), 'Min': np.float64(70.0), 'Mean': np.float64(73.6), 'Std': np.float64(1.9595917942265422)}
2024-11-17 07:14:38,161 - INFO - Bottom 10 Std Stats: {'Max': np.float64(0.0), 'Min': np.float64(0.0), 'Mean': np.float64(0.0), 'Std': np.float64(0.0)}
[I 2024-11-17 07:14:38,176] Trial 243 finished with value: 63.0 and parameters: {'x_0': 2, 'x_1': -5, 'x_2': 3, 'x_3': 5}. Best is trial 141 with value: 2.0.
2024-11-17 07:14:38,182 - INFO - Candidate Mean Stats: {'Max': np.float64(100.0), 'Min': np.float64(-0.21711258496786887), 'Mean': np.float64(0.7749523702813274), 'Std': np.float64(6.54006852599417)}
2024-11-17 07:14:38,182 - INFO - Candidate Std Stats: {'Max': np.float64(0.8523277712056005), 'Min': np.float64(0.0), 'Mean': np.float64(0.051096094677655454), 'Std': np.float64(0.0508345928070573)}
2024-11-17 07:14:38,183 - INFO - Top 10 Mean Stats: {'Max': np.float64(-0.05809825743489623), 'Min': np.float64(-0.21479560181078955), 'Mean': np.float64(-0.15924036533535177), 'Std': np.float64(0.054038888565034346)}
2024-11-17 07:14:38,183 - INFO - Top 10 Std Stats: {'Max': np.float64(0.8105965209425221), 'Min': np.float64(0.3723275592578509), 'Mean': np.float64(0.522279037391367), 'Std': np.float64(0.13949710966400214)}
2024-11-17 07:14:38,183 - INFO - Bottom 10 Mean Stats: {'Max': np.float64(100.0), 'Min': np.float64(84.0), 'Mean': np.float64(90.7), 'Std': np.float64(5.550675634551167)}
2024-11-17 07:14:38,183 - INFO - Bottom 10 Std Stats: {'Max': np.float64(0.0), 'Min': np.float64(0.0), 'Mean': np.float64(0.0), 'Std': np.float64(0.0)}
[I 2024-11-17 07:14:38,197] Trial 251 finished with value: 84.0 and parameters: {'x_0': -5, 'x_1': -3, 'x_2': -5, 'x_3': 5}. Best is trial 248 with value: 5.0.
2024-11-17 07:14:38,208 - INFO - Candidate Mean Stats: {'Max': np.float64(100.0), 'Min': np.float64(-0.17753678750308213), 'Mean': np.float64(0.8798968190405638), 'Std': np.float64(7.170335876181527)}
2024-11-17 07:14:38,208 - INFO - Candidate Std Stats: {'Max': np.float64(0.4616884704989662), 'Min': np.float64(0.0), 'Mean': np.float64(0.04400670198555535), 'Std': np.float64(0.04237038655352162)}
2024-11-17 07:14:38,209 - INFO - Top 10 Mean Stats: {'Max': np.float64(-0.052894666759629214), 'Min': np.float64(-0.17753678750308213), 'Mean': np.float64(-0.13382352182357082), 'Std': np.float64(0.037161980217885665)}
2024-11-17 07:14:38,209 - INFO - Top 10 Std Stats: {'Max': np.float64(0.40412427244377547), 'Min': np.float64(0.24215116972662457), 'Mean': np.float64(0.31712300137717386), 'Std': np.float64(0.049526758400313134)}
2024-11-17 07:14:38,210 - INFO - Bottom 10 Mean Stats: {'Max': np.float64(100.0), 'Min': np.float64(91.0), 'Mean': np.float64(95.5), 'Std': np.float64(4.5)}
2024-11-17 07:14:38,210 - INFO - Bottom 10 Std Stats: {'Max': np.float64(0.0), 'Min': np.float64(0.0), 'Mean': np.float64(0.0), 'Std': np.float64(0.0)}
[I 2024-11-17 07:14:38,224] Trial 259 finished with value: 60.0 and parameters: {'x_0': 5, 'x_1': 3, 'x_2': -1, 'x_3': 5}. Best is trial 179 with value: 1.0.
2024-11-17 07:14:38,428 - INFO - Candidate Mean Stats: {'Max': np.float64(100.0), 'Min': np.float64(-0.1905578848071035), 'Mean': np.float64(0.7810990568965059), 'Std': np.float64(6.576080523593462)}
2024-11-17 07:14:38,428 - INFO - Candidate Std Stats: {'Max': np.float64(0.5164747670999181), 'Min': np.float64(0.0), 'Mean': np.float64(0.05529108399569086), 'Std': np.float64(0.04792512217107025)}
2024-11-17 07:14:38,430 - INFO - Top 10 Mean Stats: {'Max': np.float64(0.0417312998723627), 'Min': np.float64(-0.17832388713817032), 'Mean': np.float64(-0.08631527015832532), 'Std': np.float64(0.074874544520081)}
2024-11-17 07:14:38,430 - INFO - Top 10 Std Stats: {'Max': np.float64(0.5164747670999181), 'Min': np.float64(0.300922401204945), 'Mean': np.float64(0.40236581405354965), 'Std': np.float64(0.0786226944879664)}
2024-11-17 07:14:38,430 - INFO - Bottom 10 Mean Stats: {'Max': np.float64(100.0), 'Min': np.float64(84.0), 'Mean': np.float64(90.7), 'Std': np.float64(5.550675634551167)}
2024-11-17 07:14:38,430 - INFO - Bottom 10 Std Stats: {'Max': np.float64(0.0), 'Min': np.float64(0.0), 'Mean': np.float64(0.0), 'Std': np.float64(0.0)}
2024-11-17 07:14:38,445 - INFO - Candidate Mean Stats: {'Max': np.float64(100.0), 'Min': np.float64(-0.2651316705298395), 'Mean': np.float64(0.8842714964076468), 'Std': np.float64(7.186911345954124)}
2024-11-17 07:14:38,445 - INFO - Candidate Std Stats: {'Max': np.float64(0.4466227212353978), 'Min': np.float64(0.0), 'Mean': np.float64(0.04656197980957509), 'Std': np.float64(0.043212801660261514)}
[I 2024-11-17 07:14:38,446] Trial 252 finished with value: 100.0 and parameters: {'x_0': -5, 'x_1': -5, 'x_2': -5, 'x_3': 5}. Best is trial 248 with value: 5.0.
2024-11-17 07:14:38,447 - INFO - Top 10 Mean Stats: {'Max': np.float64(-0.1337166325033223), 'Min': np.float64(-0.2651316705298395), 'Mean': np.float64(-0.17557129557292658), 'Std': np.float64(0.03706609202691728)}
2024-11-17 07:14:38,447 - INFO - Top 10 Std Stats: {'Max': np.float64(0.3964204946514248), 'Min': np.float64(0.2696940746842957), 'Mean': np.float64(0.33758007352250935), 'Std': np.float64(0.04051291955103652)}
2024-11-17 07:14:38,447 - INFO - Bottom 10 Mean Stats: {'Max': np.float64(100.0), 'Min': np.float64(91.0), 'Mean': np.float64(95.5), 'Std': np.float64(4.5)}
2024-11-17 07:14:38,447 - INFO - Bottom 10 Std Stats: {'Max': np.float64(0.0), 'Min': np.float64(0.0), 'Mean': np.float64(0.0), 'Std': np.float64(0.0)}
2024-11-17 07:14:38,457 - INFO - Candidate Mean Stats: {'Max': np.float64(75.0), 'Min': np.float64(-0.3389681956394769), 'Mean': np.float64(0.6069856355697301), 'Std': np.float64(5.2633136563682985)}
2024-11-17 07:14:38,457 - INFO - Candidate Std Stats: {'Max': np.float64(0.5759763749255038), 'Min': np.float64(0.0), 'Mean': np.float64(0.05889333226973242), 'Std': np.float64(0.05302640804789661)}
2024-11-17 07:14:38,458 - INFO - Top 10 Mean Stats: {'Max': np.float64(-0.03338424294993912), 'Min': np.float64(-0.3389681956394769), 'Mean': np.float64(-0.22454819830077563), 'Std': np.float64(0.07496299898418861)}
2024-11-17 07:14:38,458 - INFO - Top 10 Std Stats: {'Max': np.float64(0.5759763749255038), 'Min': np.float64(0.3424796103190129), 'Mean': np.float64(0.4322949993997202), 'Std': np.float64(0.0630016429740196)}
2024-11-17 07:14:38,458 - INFO - Bottom 10 Mean Stats: {'Max': np.float64(75.0), 'Min': np.float64(70.0), 'Mean': np.float64(73.6), 'Std': np.float64(1.9595917942265422)}
2024-11-17 07:14:38,458 - INFO - Bottom 10 Std Stats: {'Max': np.float64(0.0), 'Min': np.float64(0.0), 'Mean': np.float64(0.0), 'Std': np.float64(0.0)}
[I 2024-11-17 07:14:38,461] Trial 260 finished with value: 55.0 and parameters: {'x_0': -5, 'x_1': 5, 'x_2': 2, 'x_3': -1}. Best is trial 179 with value: 1.0.
[I 2024-11-17 07:14:38,473] Trial 244 finished with value: 66.0 and parameters: {'x_0': 3, 'x_1': 4, 'x_2': -5, 'x_3': -4}. Best is trial 141 with value: 2.0.
2024-11-17 07:14:38,698 - INFO - Candidate Mean Stats: {'Max': np.float64(100.0), 'Min': np.float64(-0.21442143603376826), 'Mean': np.float64(0.7881075106181692), 'Std': np.float64(6.626988338918227)}
2024-11-17 07:14:38,698 - INFO - Candidate Std Stats: {'Max': np.float64(0.6589265861138746), 'Min': np.float64(0.0), 'Mean': np.float64(0.056470035618474614), 'Std': np.float64(0.049503046728063785)}
2024-11-17 07:14:38,700 - INFO - Top 10 Mean Stats: {'Max': np.float64(-0.13383630427964333), 'Min': np.float64(-0.21442143603376826), 'Mean': np.float64(-0.1773347663701465), 'Std': np.float64(0.025487164222019607)}
2024-11-17 07:14:38,700 - INFO - Top 10 Std Stats: {'Max': np.float64(0.5024088434267244), 'Min': np.float64(0.3170239958423403), 'Mean': np.float64(0.3750847202140662), 'Std': np.float64(0.05062023178532676)}
2024-11-17 07:14:38,700 - INFO - Bottom 10 Mean Stats: {'Max': np.float64(100.0), 'Min': np.float64(84.0), 'Mean': np.float64(92.3), 'Std': np.float64(5.692978130996113)}
2024-11-17 07:14:38,700 - INFO - Bottom 10 Std Stats: {'Max': np.float64(0.0), 'Min': np.float64(0.0), 'Mean': np.float64(0.0), 'Std': np.float64(0.0)}
[I 2024-11-17 07:14:38,716] Trial 253 finished with value: 54.0 and parameters: {'x_0': -3, 'x_1': -4, 'x_2': 5, 'x_3': 2}. Best is trial 248 with value: 5.0.
2024-11-17 07:14:38,718 - INFO - Candidate Mean Stats: {'Max': np.float64(100.0), 'Min': np.float64(-0.1957351825241195), 'Mean': np.float64(0.8906837298583624), 'Std': np.float64(7.200519201180996)}
2024-11-17 07:14:38,718 - INFO - Candidate Std Stats: {'Max': np.float64(0.43692693989208903), 'Min': np.float64(0.0), 'Mean': np.float64(0.04634425311020809), 'Std': np.float64(0.04371185910048327)}
2024-11-17 07:14:38,719 - INFO - Top 10 Mean Stats: {'Max': np.float64(-0.13318273660309127), 'Min': np.float64(-0.1957351825241195), 'Mean': np.float64(-0.17049533724265103), 'Std': np.float64(0.018463615656166305)}
2024-11-17 07:14:38,719 - INFO - Top 10 Std Stats: {'Max': np.float64(0.43692693989208903), 'Min': np.float64(0.3027607301439041), 'Mean': np.float64(0.3724255654278593), 'Std': np.float64(0.04835805322047741)}
2024-11-17 07:14:38,719 - INFO - Bottom 10 Mean Stats: {'Max': np.float64(100.0), 'Min': np.float64(91.0), 'Mean': np.float64(95.5), 'Std': np.float64(4.5)}
2024-11-17 07:14:38,719 - INFO - Bottom 10 Std Stats: {'Max': np.float64(0.0), 'Min': np.float64(0.0), 'Mean': np.float64(0.0), 'Std': np.float64(0.0)}
[I 2024-11-17 07:14:38,735] Trial 261 finished with value: 39.0 and parameters: {'x_0': 1, 'x_1': 5, 'x_2': 2, 'x_3': -3}. Best is trial 179 with value: 1.0.
2024-11-17 07:14:38,748 - INFO - Candidate Mean Stats: {'Max': np.float64(75.0), 'Min': np.float64(-0.2458799221547198), 'Mean': np.float64(0.6139393879743715), 'Std': np.float64(5.2907043427562295)}
2024-11-17 07:14:38,748 - INFO - Candidate Std Stats: {'Max': np.float64(0.6225493299132004), 'Min': np.float64(0.0), 'Mean': np.float64(0.061561433282767836), 'Std': np.float64(0.05247998795105084)}
2024-11-17 07:14:38,750 - INFO - Top 10 Mean Stats: {'Max': np.float64(-0.09462864113699823), 'Min': np.float64(-0.2458799221547198), 'Mean': np.float64(-0.1956764641572028), 'Std': np.float64(0.04533294794361801)}
2024-11-17 07:14:38,750 - INFO - Top 10 Std Stats: {'Max': np.float64(0.5097874122500395), 'Min': np.float64(0.37299748662524135), 'Mean': np.float64(0.44029726840551797), 'Std': np.float64(0.047735418916249266)}
2024-11-17 07:14:38,750 - INFO - Bottom 10 Mean Stats: {'Max': np.float64(75.0), 'Min': np.float64(70.0), 'Mean': np.float64(73.6), 'Std': np.float64(1.9595917942265422)}
2024-11-17 07:14:38,750 - INFO - Bottom 10 Std Stats: {'Max': np.float64(0.0), 'Min': np.float64(0.0), 'Mean': np.float64(0.0), 'Std': np.float64(0.0)}
