[I 2024-11-17 07:14:43,132] Trial 278 finished with value: 14.0 and parameters: {'x_0': 2, 'x_1': 1, 'x_2': 0, 'x_3': -3}. Best is trial 179 with value: 1.0.
2024-11-17 07:14:43,261 - INFO - Candidate Mean Stats: {'Max': np.float64(91.0), 'Min': np.float64(-0.28138016342370226), 'Mean': np.float64(0.6469421454660095), 'Std': np.float64(5.473332779311165)}
2024-11-17 07:14:43,261 - INFO - Candidate Std Stats: {'Max': np.float64(0.5628283243188953), 'Min': np.float64(0.0), 'Mean': np.float64(0.06265865411575275), 'Std': np.float64(0.05203517933574524)}
2024-11-17 07:14:43,262 - INFO - Top 10 Mean Stats: {'Max': np.float64(-0.15124825291537097), 'Min': np.float64(-0.28138016342370226), 'Mean': np.float64(-0.2095241786725149), 'Std': np.float64(0.03468876524923506)}
2024-11-17 07:14:43,262 - INFO - Top 10 Std Stats: {'Max': np.float64(0.5628283243188953), 'Min': np.float64(0.38686299601039276), 'Mean': np.float64(0.4319872733965836), 'Std': np.float64(0.048602893345875815)}
2024-11-17 07:14:43,262 - INFO - Bottom 10 Mean Stats: {'Max': np.float64(91.0), 'Min': np.float64(73.0), 'Mean': np.float64(76.9), 'Std': np.float64(5.262128846769148)}
2024-11-17 07:14:43,262 - INFO - Bottom 10 Std Stats: {'Max': np.float64(0.0), 'Min': np.float64(0.0), 'Mean': np.float64(0.0), 'Std': np.float64(0.0)}
2024-11-17 07:14:43,263 - INFO - Candidate Mean Stats: {'Max': np.float64(100.0), 'Min': np.float64(-0.15982141488768917), 'Mean': np.float64(0.8331418737214639), 'Std': np.float64(6.769999485881411)}
2024-11-17 07:14:43,264 - INFO - Candidate Std Stats: {'Max': np.float64(0.7136262063782741), 'Min': np.float64(0.0), 'Mean': np.float64(0.04881563959010487), 'Std': np.float64(0.045800328213998966)}
2024-11-17 07:14:43,265 - INFO - Top 10 Mean Stats: {'Max': np.float64(-0.11141619636826847), 'Min': np.float64(-0.15982141488768917), 'Mean': np.float64(-0.13746808186651038), 'Std': np.float64(0.017289776604128212)}
2024-11-17 07:14:43,265 - INFO - Top 10 Std Stats: {'Max': np.float64(0.3811510953306), 'Min': np.float64(0.2720589872320748), 'Mean': np.float64(0.3094195920331125), 'Std': np.float64(0.0340505984159391)}
2024-11-17 07:14:43,265 - INFO - Bottom 10 Mean Stats: {'Max': np.float64(100.0), 'Min': np.float64(84.0), 'Mean': np.float64(92.3), 'Std': np.float64(5.692978130996113)}
2024-11-17 07:14:43,265 - INFO - Bottom 10 Std Stats: {'Max': np.float64(0.0), 'Min': np.float64(0.0), 'Mean': np.float64(0.0), 'Std': np.float64(0.0)}
[I 2024-11-17 07:14:43,279] Trial 260 finished with value: 30.0 and parameters: {'x_0': -2, 'x_1': -1, 'x_2': 5, 'x_3': 0}. Best is trial 141 with value: 2.0.
[I 2024-11-17 07:14:43,281] Trial 270 finished with value: 63.0 and parameters: {'x_0': 2, 'x_1': 5, 'x_2': -5, 'x_3': 3}. Best is trial 248 with value: 5.0.
2024-11-17 07:14:43,402 - INFO - Candidate Mean Stats: {'Max': np.float64(100.0), 'Min': np.float64(-0.24736231195670602), 'Mean': np.float64(0.93658438054783), 'Std': np.float64(7.384324298006612)}
2024-11-17 07:14:43,402 - INFO - Candidate Std Stats: {'Max': np.float64(0.3389315190863745), 'Min': np.float64(0.0), 'Mean': np.float64(0.048998665653977355), 'Std': np.float64(0.041659684245709275)}
2024-11-17 07:14:43,404 - INFO - Top 10 Mean Stats: {'Max': np.float64(-0.11014232228330456), 'Min': np.float64(-0.24736231195670602), 'Mean': np.float64(-0.15090398639916106), 'Std': np.float64(0.03840417014729206)}
2024-11-17 07:14:43,404 - INFO - Top 10 Std Stats: {'Max': np.float64(0.27417474702739025), 'Min': np.float64(0.1875949206766396), 'Mean': np.float64(0.23833420804802521), 'Std': np.float64(0.02307361931843641)}
2024-11-17 07:14:43,404 - INFO - Bottom 10 Mean Stats: {'Max': np.float64(100.0), 'Min': np.float64(91.0), 'Mean': np.float64(95.5), 'Std': np.float64(4.5)}
2024-11-17 07:14:43,404 - INFO - Bottom 10 Std Stats: {'Max': np.float64(0.0), 'Min': np.float64(0.0), 'Mean': np.float64(0.0), 'Std': np.float64(0.0)}
[I 2024-11-17 07:14:43,421] Trial 279 finished with value: 35.0 and parameters: {'x_0': 0, 'x_1': -5, 'x_2': 1, 'x_3': -3}. Best is trial 179 with value: 1.0.
2024-11-17 07:14:43,501 - INFO - Candidate Mean Stats: {'Max': np.float64(100.0), 'Min': np.float64(-0.19838591414244638), 'Mean': np.float64(0.834430524876348), 'Std': np.float64(6.7898130850923035)}
2024-11-17 07:14:43,501 - INFO - Candidate Std Stats: {'Max': np.float64(0.5418128731271412), 'Min': np.float64(0.0), 'Mean': np.float64(0.051912976214808136), 'Std': np.float64(0.04787014818454398)}
2024-11-17 07:14:43,503 - INFO - Top 10 Mean Stats: {'Max': np.float64(-0.09891013976216846), 'Min': np.float64(-0.19838591414244638), 'Mean': np.float64(-0.16770479995547694), 'Std': np.float64(0.02662901579889668)}
2024-11-17 07:14:43,503 - INFO - Top 10 Std Stats: {'Max': np.float64(0.4055940597544809), 'Min': np.float64(0.31041079757665063), 'Mean': np.float64(0.35954694710845236), 'Std': np.float64(0.0333921348578059)}
2024-11-17 07:14:43,503 - INFO - Bottom 10 Mean Stats: {'Max': np.float64(100.0), 'Min': np.float64(84.0), 'Mean': np.float64(92.3), 'Std': np.float64(5.692978130996113)}
2024-11-17 07:14:43,503 - INFO - Bottom 10 Std Stats: {'Max': np.float64(0.0), 'Min': np.float64(0.0), 'Mean': np.float64(0.0), 'Std': np.float64(0.0)}
[I 2024-11-17 07:14:43,520] Trial 271 finished with value: 29.0 and parameters: {'x_0': 4, 'x_1': -2, 'x_2': 0, 'x_3': 3}. Best is trial 248 with value: 5.0.
2024-11-17 07:14:43,570 - INFO - Candidate Mean Stats: {'Max': np.float64(91.0), 'Min': np.float64(-0.37789317256418764), 'Mean': np.float64(0.6513029623589093), 'Std': np.float64(5.478431610467702)}
2024-11-17 07:14:43,570 - INFO - Candidate Std Stats: {'Max': np.float64(0.5400640311061199), 'Min': np.float64(0.0), 'Mean': np.float64(0.06141007940999591), 'Std': np.float64(0.05069816078986972)}
2024-11-17 07:14:43,571 - INFO - Top 10 Mean Stats: {'Max': np.float64(-0.13220128746427834), 'Min': np.float64(-0.37789317256418764), 'Mean': np.float64(-0.2417390299380758), 'Std': np.float64(0.06499762067262778)}
2024-11-17 07:14:43,571 - INFO - Top 10 Std Stats: {'Max': np.float64(0.49083643371491825), 'Min': np.float64(0.2729529638081418), 'Mean': np.float64(0.3526296218951629), 'Std': np.float64(0.060579623321548294)}
2024-11-17 07:14:43,571 - INFO - Bottom 10 Mean Stats: {'Max': np.float64(91.0), 'Min': np.float64(73.0), 'Mean': np.float64(76.9), 'Std': np.float64(5.262128846769148)}
2024-11-17 07:14:43,571 - INFO - Bottom 10 Std Stats: {'Max': np.float64(0.0), 'Min': np.float64(0.0), 'Mean': np.float64(0.0), 'Std': np.float64(0.0)}
[I 2024-11-17 07:14:43,587] Trial 261 finished with value: 18.0 and parameters: {'x_0': -2, 'x_1': 2, 'x_2': 1, 'x_3': -3}. Best is trial 141 with value: 2.0.
2024-11-17 07:14:43,675 - INFO - Candidate Mean Stats: {'Max': np.float64(100.0), 'Min': np.float64(-0.1813518871138042), 'Mean': np.float64(0.9426059494439412), 'Std': np.float64(7.3892155771450625)}
2024-11-17 07:14:43,675 - INFO - Candidate Std Stats: {'Max': np.float64(0.4399578649790521), 'Min': np.float64(0.0), 'Mean': np.float64(0.04773290476955204), 'Std': np.float64(0.04343611941854745)}
2024-11-17 07:14:43,676 - INFO - Top 10 Mean Stats: {'Max': np.float64(-0.11336829491751113), 'Min': np.float64(-0.1813518871138042), 'Mean': np.float64(-0.15158339968771378), 'Std': np.float64(0.02193349126255772)}
2024-11-17 07:14:43,676 - INFO - Top 10 Std Stats: {'Max': np.float64(0.4399578649790521), 'Min': np.float64(0.29417548849501807), 'Mean': np.float64(0.3416516163793726), 'Std': np.float64(0.03775653761201858)}
2024-11-17 07:14:43,676 - INFO - Bottom 10 Mean Stats: {'Max': np.float64(100.0), 'Min': np.float64(91.0), 'Mean': np.float64(95.5), 'Std': np.float64(4.5)}
2024-11-17 07:14:43,676 - INFO - Bottom 10 Std Stats: {'Max': np.float64(0.0), 'Min': np.float64(0.0), 'Mean': np.float64(0.0), 'Std': np.float64(0.0)}
[I 2024-11-17 07:14:43,693] Trial 280 finished with value: 63.0 and parameters: {'x_0': 2, 'x_1': -5, 'x_2': 5, 'x_3': -3}. Best is trial 179 with value: 1.0.
2024-11-17 07:14:43,741 - INFO - Candidate Mean Stats: {'Max': np.float64(100.0), 'Min': np.float64(-0.2432719197125585), 'Mean': np.float64(0.834651103283364), 'Std': np.float64(6.794025471660284)}
2024-11-17 07:14:43,741 - INFO - Candidate Std Stats: {'Max': np.float64(0.6159555866857356), 'Min': np.float64(0.0), 'Mean': np.float64(0.05281327783844921), 'Std': np.float64(0.04887685561630633)}
2024-11-17 07:14:43,743 - INFO - Top 10 Mean Stats: {'Max': np.float64(0.02579893641681097), 'Min': np.float64(-0.23371130701151696), 'Mean': np.float64(-0.16748405636803), 'Std': np.float64(0.06750223710360366)}
2024-11-17 07:14:43,743 - INFO - Top 10 Std Stats: {'Max': np.float64(0.521163921760367), 'Min': np.float64(0.33583601806942015), 'Mean': np.float64(0.38989950368024023), 'Std': np.float64(0.05267906100273872)}
2024-11-17 07:14:43,743 - INFO - Bottom 10 Mean Stats: {'Max': np.float64(100.0), 'Min': np.float64(84.0), 'Mean': np.float64(92.3), 'Std': np.float64(5.692978130996113)}
2024-11-17 07:14:43,743 - INFO - Bottom 10 Std Stats: {'Max': np.float64(0.0), 'Min': np.float64(0.0), 'Mean': np.float64(0.0), 'Std': np.float64(0.0)}
[I 2024-11-17 07:14:43,760] Trial 272 finished with value: 21.0 and parameters: {'x_0': -1, 'x_1': -2, 'x_2': -4, 'x_3': 0}. Best is trial 248 with value: 5.0.
2024-11-17 07:14:43,895 - INFO - Candidate Mean Stats: {'Max': np.float64(91.0), 'Min': np.float64(-0.24708127302724944), 'Mean': np.float64(0.6496424408970747), 'Std': np.float64(5.480633943054523)}
2024-11-17 07:14:43,895 - INFO - Candidate Std Stats: {'Max': np.float64(0.5208877514810032), 'Min': np.float64(0.0), 'Mean': np.float64(0.06157114133874305), 'Std': np.float64(0.049649084126384)}
2024-11-17 07:14:43,897 - INFO - Top 10 Mean Stats: {'Max': np.float64(-0.123663047027414), 'Min': np.float64(-0.24708127302724944), 'Mean': np.float64(-0.18153601909100445), 'Std': np.float64(0.033284977505953765)}
2024-11-17 07:14:43,897 - INFO - Top 10 Std Stats: {'Max': np.float64(0.4882953085849185), 'Min': np.float64(0.2952061965638707), 'Mean': np.float64(0.3703868655001521), 'Std': np.float64(0.06115983331508544)}
2024-11-17 07:14:43,897 - INFO - Bottom 10 Mean Stats: {'Max': np.float64(91.0), 'Min': np.float64(73.0), 'Mean': np.float64(76.9), 'Std': np.float64(5.262128846769148)}
2024-11-17 07:14:43,897 - INFO - Bottom 10 Std Stats: {'Max': np.float64(0.0), 'Min': np.float64(0.0), 'Mean': np.float64(0.0), 'Std': np.float64(0.0)}
[I 2024-11-17 07:14:43,912] Trial 262 finished with value: 35.0 and parameters: {'x_0': 1, 'x_1': 0, 'x_2': 3, 'x_3': 5}. Best is trial 141 with value: 2.0.
2024-11-17 07:14:43,950 - INFO - Candidate Mean Stats: {'Max': np.float64(100.0), 'Min': np.float64(-0.2106198875699466), 'Mean': np.float64(0.943980736548789), 'Std': np.float64(7.407333054816195)}
2024-11-17 07:14:43,950 - INFO - Candidate Std Stats: {'Max': np.float64(0.652979874780127), 'Min': np.float64(0.0), 'Mean': np.float64(0.048209590661040025), 'Std': np.float64(0.04821840105004731)}
2024-11-17 07:14:43,952 - INFO - Top 10 Mean Stats: {'Max': np.float64(-0.11084773842929525), 'Min': np.float64(-0.2106198875699466), 'Mean': np.float64(-0.16952818658487795), 'Std': np.float64(0.030858487118908172)}
2024-11-17 07:14:43,952 - INFO - Top 10 Std Stats: {'Max': np.float64(0.5557347748396295), 'Min': np.float64(0.3144024282714759), 'Mean': np.float64(0.39434098082899693), 'Std': np.float64(0.06666359755601241)}
2024-11-17 07:14:43,952 - INFO - Bottom 10 Mean Stats: {'Max': np.float64(100.0), 'Min': np.float64(91.0), 'Mean': np.float64(95.5), 'Std': np.float64(4.5)}
2024-11-17 07:14:43,952 - INFO - Bottom 10 Std Stats: {'Max': np.float64(0.0), 'Min': np.float64(0.0), 'Mean': np.float64(0.0), 'Std': np.float64(0.0)}
[I 2024-11-17 07:14:43,966] Trial 281 finished with value: 60.0 and parameters: {'x_0': -3, 'x_1': 1, 'x_2': -5, 'x_3': 5}. Best is trial 179 with value: 1.0.
2024-11-17 07:14:44,014 - INFO - Candidate Mean Stats: {'Max': np.float64(100.0), 'Min': np.float64(-0.4000003339226527), 'Mean': np.float64(0.8389095816678598), 'Std': np.float64(6.7957318487248966)}
2024-11-17 07:14:44,014 - INFO - Candidate Std Stats: {'Max': np.float64(0.5352291377255463), 'Min': np.float64(0.0), 'Mean': np.float64(0.04868654991690171), 'Std': np.float64(0.047252975384844874)}
2024-11-17 07:14:44,015 - INFO - Top 10 Mean Stats: {'Max': np.float64(-0.20835841066454583), 'Min': np.float64(-0.4000003339226527), 'Mean': np.float64(-0.2522213952185481), 'Std': np.float64(0.05151730635023173)}
2024-11-17 07:14:44,015 - INFO - Top 10 Std Stats: {'Max': np.float64(0.5352291377255463), 'Min': np.float64(0.372730171124995), 'Mean': np.float64(0.4382031928409825), 'Std': np.float64(0.05176038237955197)}
2024-11-17 07:14:44,015 - INFO - Bottom 10 Mean Stats: {'Max': np.float64(100.0), 'Min': np.float64(84.0), 'Mean': np.float64(92.3), 'Std': np.float64(5.692978130996113)}
2024-11-17 07:14:44,015 - INFO - Bottom 10 Std Stats: {'Max': np.float64(0.0), 'Min': np.float64(0.0), 'Mean': np.float64(0.0), 'Std': np.float64(0.0)}
[I 2024-11-17 07:14:44,030] Trial 273 finished with value: 91.0 and parameters: {'x_0': 5, 'x_1': -4, 'x_2': -5, 'x_3': -5}. Best is trial 248 with value: 5.0.
2024-11-17 07:14:44,164 - INFO - Candidate Mean Stats: {'Max': np.float64(91.0), 'Min': np.float64(-0.31839153111823804), 'Mean': np.float64(0.6527235662417834), 'Std': np.float64(5.48790041698778)}
2024-11-17 07:14:44,164 - INFO - Candidate Std Stats: {'Max': np.float64(0.6142197581363306), 'Min': np.float64(0.0), 'Mean': np.float64(0.063874605134976), 'Std': np.float64(0.04904148112815646)}
2024-11-17 07:14:44,166 - INFO - Top 10 Mean Stats: {'Max': np.float64(0.03524483556251745), 'Min': np.float64(-0.31839153111823804), 'Mean': np.float64(-0.20223879025110922), 'Std': np.float64(0.10187350891907679)}
2024-11-17 07:14:44,166 - INFO - Top 10 Std Stats: {'Max': np.float64(0.6142197581363306), 'Min': np.float64(0.3442618470816555), 'Mean': np.float64(0.4338517531231133), 'Std': np.float64(0.07262377433294613)}
2024-11-17 07:14:44,166 - INFO - Bottom 10 Mean Stats: {'Max': np.float64(91.0), 'Min': np.float64(73.0), 'Mean': np.float64(76.9), 'Std': np.float64(5.262128846769148)}
2024-11-17 07:14:44,166 - INFO - Bottom 10 Std Stats: {'Max': np.float64(0.0), 'Min': np.float64(0.0), 'Mean': np.float64(0.0), 'Std': np.float64(0.0)}
[I 2024-11-17 07:14:44,186] Trial 263 finished with value: 26.0 and parameters: {'x_0': -5, 'x_1': 0, 'x_2': 1, 'x_3': 0}. Best is trial 141 with value: 2.0.
2024-11-17 07:14:44,223 - INFO - Candidate Mean Stats: {'Max': np.float64(100.0), 'Min': np.float64(-0.19108327773247896), 'Mean': np.float64(0.9505868003109245), 'Std': np.float64(7.423077680750424)}
2024-11-17 07:14:44,223 - INFO - Candidate Std Stats: {'Max': np.float64(0.4082362586354443), 'Min': np.float64(0.0), 'Mean': np.float64(0.04440321008079955), 'Std': np.float64(0.0407134662424303)}
2024-11-17 07:14:44,225 - INFO - Top 10 Mean Stats: {'Max': np.float64(-0.12590709501702335), 'Min': np.float64(-0.19108327773247896), 'Mean': np.float64(-0.1543874161369738), 'Std': np.float64(0.02050713188801774)}
2024-11-17 07:14:44,225 - INFO - Top 10 Std Stats: {'Max': np.float64(0.3680584471681919), 'Min': np.float64(0.26658576751537943), 'Mean': np.float64(0.30543800374828545), 'Std': np.float64(0.028791474851967255)}
2024-11-17 07:14:44,225 - INFO - Bottom 10 Mean Stats: {'Max': np.float64(100.0), 'Min': np.float64(91.0), 'Mean': np.float64(95.5), 'Std': np.float64(4.5)}
2024-11-17 07:14:44,225 - INFO - Bottom 10 Std Stats: {'Max': np.float64(0.0), 'Min': np.float64(0.0), 'Mean': np.float64(0.0), 'Std': np.float64(0.0)}
[I 2024-11-17 07:14:44,240] Trial 282 finished with value: 10.0 and parameters: {'x_0': 1, 'x_1': 0, 'x_2': -3, 'x_3': 0}. Best is trial 179 with value: 1.0.
2024-11-17 07:14:44,256 - INFO - Candidate Mean Stats: {'Max': np.float64(100.0), 'Min': np.float64(-0.18939473440615295), 'Mean': np.float64(0.8448718229927279), 'Std': np.float64(6.836486190754401)}
2024-11-17 07:14:44,257 - INFO - Candidate Std Stats: {'Max': np.float64(0.5364880929643155), 'Min': np.float64(0.0), 'Mean': np.float64(0.04848513167556489), 'Std': np.float64(0.044868352613125155)}
2024-11-17 07:14:44,258 - INFO - Top 10 Mean Stats: {'Max': np.float64(0.008878609108439062), 'Min': np.float64(-0.18939473440615295), 'Mean': np.float64(-0.12287216229001052), 'Std': np.float64(0.06217915140759806)}
2024-11-17 07:14:44,258 - INFO - Top 10 Std Stats: {'Max': np.float64(0.4730168097253938), 'Min': np.float64(0.254192823141945), 'Mean': np.float64(0.3230567517978133), 'Std': np.float64(0.061696547511880695)}
2024-11-17 07:14:44,258 - INFO - Bottom 10 Mean Stats: {'Max': np.float64(100.0), 'Min': np.float64(84.0), 'Mean': np.float64(93.0), 'Std': np.float64(5.019960159204453)}
2024-11-17 07:14:44,258 - INFO - Bottom 10 Std Stats: {'Max': np.float64(0.0), 'Min': np.float64(0.0), 'Mean': np.float64(0.0), 'Std': np.float64(0.0)}
[I 2024-11-17 07:14:44,274] Trial 274 finished with value: 41.0 and parameters: {'x_0': 4, 'x_1': 0, 'x_2': -3, 'x_3': 4}. Best is trial 248 with value: 5.0.
2024-11-17 07:14:44,440 - INFO - Candidate Mean Stats: {'Max': np.float64(100.0), 'Min': np.float64(-0.1632237270225857), 'Mean': np.float64(0.9489279250643365), 'Std': np.float64(7.423742116084875)}
2024-11-17 07:14:44,440 - INFO - Candidate Std Stats: {'Max': np.float64(0.49157650441819484), 'Min': np.float64(0.0), 'Mean': np.float64(0.04323134975158556), 'Std': np.float64(0.043321911813519354)}
2024-11-17 07:14:44,441 - INFO - Top 10 Mean Stats: {'Max': np.float64(0.07239253904294592), 'Min': np.float64(-0.1632237270225857), 'Mean': np.float64(-0.09541231462626852), 'Std': np.float64(0.06973027740865845)}
2024-11-17 07:14:44,441 - INFO - Top 10 Std Stats: {'Max': np.float64(0.49157650441819484), 'Min': np.float64(0.25593097031504514), 'Mean': np.float64(0.33841278281975046), 'Std': np.float64(0.08080941605535649)}
2024-11-17 07:14:44,441 - INFO - Bottom 10 Mean Stats: {'Max': np.float64(100.0), 'Min': np.float64(91.0), 'Mean': np.float64(95.5), 'Std': np.float64(4.5)}
2024-11-17 07:14:44,441 - INFO - Bottom 10 Std Stats: {'Max': np.float64(0.0), 'Min': np.float64(0.0), 'Mean': np.float64(0.0), 'Std': np.float64(0.0)}
2024-11-17 07:14:44,455 - INFO - Candidate Mean Stats: {'Max': np.float64(91.0), 'Min': np.float64(-0.28687534939919346), 'Mean': np.float64(0.6537787383979983), 'Std': np.float64(5.491983525440862)}
2024-11-17 07:14:44,455 - INFO - Candidate Std Stats: {'Max': np.float64(0.5135848934009564), 'Min': np.float64(0.0), 'Mean': np.float64(0.06455223281452187), 'Std': np.float64(0.04876137205241686)}
[I 2024-11-17 07:14:44,456] Trial 283 finished with value: 75.0 and parameters: {'x_0': -4, 'x_1': -5, 'x_2': -5, 'x_3': -3}. Best is trial 179 with value: 1.0.
2024-11-17 07:14:44,456 - INFO - Top 10 Mean Stats: {'Max': np.float64(-0.1682694276646301), 'Min': np.float64(-0.28687534939919346), 'Mean': np.float64(-0.22693659467085459), 'Std': np.float64(0.03740789807761922)}
2024-11-17 07:14:44,456 - INFO - Top 10 Std Stats: {'Max': np.float64(0.5135848934009564), 'Min': np.float64(0.2805427390273344), 'Mean': np.float64(0.38262184761417667), 'Std': np.float64(0.06348497847320358)}
2024-11-17 07:14:44,456 - INFO - Bottom 10 Mean Stats: {'Max': np.float64(91.0), 'Min': np.float64(73.0), 'Mean': np.float64(76.9), 'Std': np.float64(5.262128846769148)}
2024-11-17 07:14:44,456 - INFO - Bottom 10 Std Stats: {'Max': np.float64(0.0), 'Min': np.float64(0.0), 'Mean': np.float64(0.0), 'Std': np.float64(0.0)}
[I 2024-11-17 07:14:44,471] Trial 264 finished with value: 14.0 and parameters: {'x_0': -2, 'x_1': -3, 'x_2': 0, 'x_3': -1}. Best is trial 141 with value: 2.0.
2024-11-17 07:14:44,520 - INFO - Candidate Mean Stats: {'Max': np.float64(100.0), 'Min': np.float64(-0.2555339103635742), 'Mean': np.float64(0.8512241605663136), 'Std': np.float64(6.844085897781691)}
2024-11-17 07:14:44,520 - INFO - Candidate Std Stats: {'Max': np.float64(0.6349029361634453), 'Min': np.float64(0.0), 'Mean': np.float64(0.04551380924166151), 'Std': np.float64(0.04849845569047788)}
2024-11-17 07:14:44,522 - INFO - Top 10 Mean Stats: {'Max': np.float64(-0.10948918263645988), 'Min': np.float64(-0.2555339103635742), 'Mean': np.float64(-0.1932429926404086), 'Std': np.float64(0.04529835815250619)}
2024-11-17 07:14:44,522 - INFO - Top 10 Std Stats: {'Max': np.float64(0.5476492158533921), 'Min': np.float64(0.3325347335716605), 'Mean': np.float64(0.4086159652616129), 'Std': np.float64(0.06102181734647946)}
2024-11-17 07:14:44,522 - INFO - Bottom 10 Mean Stats: {'Max': np.float64(100.0), 'Min': np.float64(84.0), 'Mean': np.float64(93.0), 'Std': np.float64(5.019960159204453)}
2024-11-17 07:14:44,522 - INFO - Bottom 10 Std Stats: {'Max': np.float64(0.0), 'Min': np.float64(0.0), 'Mean': np.float64(0.0), 'Std': np.float64(0.0)}
