[I 2024-11-17 07:15:05,718] Trial 338 finished with value: 10.0 and parameters: {'x_0': -3, 'x_1': 0, 'x_2': 1, 'x_3': 0}. Best is trial 320 with value: 0.0.
[I 2024-11-17 07:15:05,737] Trial 366 finished with value: 3.0 and parameters: {'x_0': -1, 'x_1': 0, 'x_2': -1, 'x_3': 1}. Best is trial 362 with value: 1.0.
2024-11-17 07:15:05,783 - INFO - Candidate Mean Stats: {'Max': np.float64(100.0), 'Min': np.float64(-0.4802533886349586), 'Mean': np.float64(1.138076302282353), 'Std': np.float64(8.0053184550204)}
2024-11-17 07:15:05,784 - INFO - Candidate Std Stats: {'Max': np.float64(0.46905225692135377), 'Min': np.float64(0.0), 'Mean': np.float64(0.040218901305501126), 'Std': np.float64(0.04400250342575571)}
2024-11-17 07:15:05,785 - INFO - Top 10 Mean Stats: {'Max': np.float64(-0.22027883153687294), 'Min': np.float64(-0.4802533886349586), 'Mean': np.float64(-0.3714140229584097), 'Std': np.float64(0.06847882865246696)}
2024-11-17 07:15:05,785 - INFO - Top 10 Std Stats: {'Max': np.float64(0.46905225692135377), 'Min': np.float64(0.33055636201075483), 'Mean': np.float64(0.3874431832430236), 'Std': np.float64(0.04597776095960524)}
2024-11-17 07:15:05,786 - INFO - Bottom 10 Mean Stats: {'Max': np.float64(100.0), 'Min': np.float64(91.0), 'Mean': np.float64(95.5), 'Std': np.float64(4.5)}
2024-11-17 07:15:05,786 - INFO - Bottom 10 Std Stats: {'Max': np.float64(0.0), 'Min': np.float64(0.0), 'Mean': np.float64(0.0), 'Std': np.float64(0.0)}
[I 2024-11-17 07:15:05,807] Trial 361 finished with value: 19.0 and parameters: {'x_0': 0, 'x_1': 1, 'x_2': -3, 'x_3': 3}. Best is trial 179 with value: 1.0.
2024-11-17 07:15:05,930 - INFO - Candidate Mean Stats: {'Max': np.float64(100.0), 'Min': np.float64(-0.7499655048228256), 'Mean': np.float64(0.964268435736759), 'Std': np.float64(7.170389641839345)}
2024-11-17 07:15:05,930 - INFO - Candidate Std Stats: {'Max': np.float64(0.5537186473953452), 'Min': np.float64(0.0), 'Mean': np.float64(0.03609930886245175), 'Std': np.float64(0.0427716915313734)}
2024-11-17 07:15:05,932 - INFO - Top 10 Mean Stats: {'Max': np.float64(-0.5049596195523881), 'Min': np.float64(-0.7499655048228256), 'Mean': np.float64(-0.6157240191167055), 'Std': np.float64(0.07176292715480158)}
2024-11-17 07:15:05,932 - INFO - Top 10 Std Stats: {'Max': np.float64(0.3787070876928227), 'Min': np.float64(0.12671053550117317), 'Mean': np.float64(0.21476607587308752), 'Std': np.float64(0.07139035855760377)}
2024-11-17 07:15:05,932 - INFO - Bottom 10 Mean Stats: {'Max': np.float64(100.0), 'Min': np.float64(84.0), 'Mean': np.float64(93.0), 'Std': np.float64(5.019960159204453)}
2024-11-17 07:15:05,932 - INFO - Bottom 10 Std Stats: {'Max': np.float64(0.0), 'Min': np.float64(0.0), 'Mean': np.float64(0.0), 'Std': np.float64(0.0)}
[I 2024-11-17 07:15:05,949] Trial 367 finished with value: 3.0 and parameters: {'x_0': -1, 'x_1': 0, 'x_2': 1, 'x_3': -1}. Best is trial 362 with value: 1.0.
2024-11-17 07:15:06,014 - INFO - Candidate Mean Stats: {'Max': np.float64(100.0), 'Min': np.float64(-0.42795305003486367), 'Mean': np.float64(1.1388140858686866), 'Std': np.float64(8.0067182637325)}
2024-11-17 07:15:06,014 - INFO - Candidate Std Stats: {'Max': np.float64(0.5389641265320545), 'Min': np.float64(0.0), 'Mean': np.float64(0.04138599621506567), 'Std': np.float64(0.04289556133252691)}
2024-11-17 07:15:06,016 - INFO - Top 10 Mean Stats: {'Max': np.float64(-0.20579317514800105), 'Min': np.float64(-0.42795305003486367), 'Mean': np.float64(-0.32327647649516805), 'Std': np.float64(0.06446343330426665)}
2024-11-17 07:15:06,016 - INFO - Top 10 Std Stats: {'Max': np.float64(0.5389641265320545), 'Min': np.float64(0.3341467843875048), 'Mean': np.float64(0.42949832549477296), 'Std': np.float64(0.07367517232169883)}
2024-11-17 07:15:06,016 - INFO - Bottom 10 Mean Stats: {'Max': np.float64(100.0), 'Min': np.float64(91.0), 'Mean': np.float64(95.5), 'Std': np.float64(4.5)}
2024-11-17 07:15:06,016 - INFO - Bottom 10 Std Stats: {'Max': np.float64(0.0), 'Min': np.float64(0.0), 'Mean': np.float64(0.0), 'Std': np.float64(0.0)}
2024-11-17 07:15:06,025 - INFO - Candidate Mean Stats: {'Max': np.float64(91.0), 'Min': np.float64(-0.26974813105437745), 'Mean': np.float64(0.73885580671188), 'Std': np.float64(5.815238035537488)}
2024-11-17 07:15:06,025 - INFO - Candidate Std Stats: {'Max': np.float64(0.5996944411835344), 'Min': np.float64(0.0), 'Mean': np.float64(0.046374337040465466), 'Std': np.float64(0.04832980640068931)}
2024-11-17 07:15:06,026 - INFO - Top 10 Mean Stats: {'Max': np.float64(-0.1774768034899227), 'Min': np.float64(-0.24343237098382406), 'Mean': np.float64(-0.2112656998037326), 'Std': np.float64(0.021158507686699368)}
2024-11-17 07:15:06,026 - INFO - Top 10 Std Stats: {'Max': np.float64(0.38508502855288573), 'Min': np.float64(0.28144727523660606), 'Mean': np.float64(0.33362222169076683), 'Std': np.float64(0.03380082353006743)}
2024-11-17 07:15:06,026 - INFO - Bottom 10 Mean Stats: {'Max': np.float64(91.0), 'Min': np.float64(75.0), 'Mean': np.float64(78.1), 'Std': np.float64(5.08822169328342)}
2024-11-17 07:15:06,026 - INFO - Bottom 10 Std Stats: {'Max': np.float64(0.0), 'Min': np.float64(0.0), 'Mean': np.float64(0.0), 'Std': np.float64(0.0)}
[I 2024-11-17 07:15:06,034] Trial 362 finished with value: 11.0 and parameters: {'x_0': 0, 'x_1': 1, 'x_2': 1, 'x_3': 3}. Best is trial 179 with value: 1.0.
[I 2024-11-17 07:15:06,042] Trial 339 finished with value: 33.0 and parameters: {'x_0': 4, 'x_1': 3, 'x_2': 2, 'x_3': 2}. Best is trial 320 with value: 0.0.
2024-11-17 07:15:06,088 - INFO - Candidate Mean Stats: {'Max': np.float64(100.0), 'Min': np.float64(-0.7390101321873593), 'Mean': np.float64(0.9709994325016924), 'Std': np.float64(7.169585159243143)}
2024-11-17 07:15:06,088 - INFO - Candidate Std Stats: {'Max': np.float64(0.6232581565668293), 'Min': np.float64(0.0), 'Mean': np.float64(0.025625619533191455), 'Std': np.float64(0.038315677843034544)}
2024-11-17 07:15:06,090 - INFO - Top 10 Mean Stats: {'Max': np.float64(-0.503400929759844), 'Min': np.float64(-0.7390101321873593), 'Mean': np.float64(-0.6265284359154873), 'Std': np.float64(0.06503655744068683)}
2024-11-17 07:15:06,090 - INFO - Top 10 Std Stats: {'Max': np.float64(0.16237659837884957), 'Min': np.float64(0.03741774095778277), 'Mean': np.float64(0.09202986647167108), 'Std': np.float64(0.038425950519559264)}
2024-11-17 07:15:06,090 - INFO - Bottom 10 Mean Stats: {'Max': np.float64(100.0), 'Min': np.float64(84.0), 'Mean': np.float64(93.0), 'Std': np.float64(5.019960159204453)}
2024-11-17 07:15:06,090 - INFO - Bottom 10 Std Stats: {'Max': np.float64(0.0), 'Min': np.float64(0.0), 'Mean': np.float64(0.0), 'Std': np.float64(0.0)}
[I 2024-11-17 07:15:06,111] Trial 368 finished with value: 3.0 and parameters: {'x_0': -1, 'x_1': 0, 'x_2': -1, 'x_3': -1}. Best is trial 362 with value: 1.0.
2024-11-17 07:15:06,255 - INFO - Candidate Mean Stats: {'Max': np.float64(100.0), 'Min': np.float64(-0.7901961093097409), 'Mean': np.float64(0.9727821531585956), 'Std': np.float64(7.169386100681748)}
2024-11-17 07:15:06,255 - INFO - Candidate Std Stats: {'Max': np.float64(0.585219423303698), 'Min': np.float64(0.0), 'Mean': np.float64(0.02501001726342286), 'Std': np.float64(0.03637619466069561)}
2024-11-17 07:15:06,257 - INFO - Top 10 Mean Stats: {'Max': np.float64(-0.3387451046033182), 'Min': np.float64(-0.7901961093097409), 'Mean': np.float64(-0.5982498108215293), 'Std': np.float64(0.1043109038891777)}
2024-11-17 07:15:06,257 - INFO - Top 10 Std Stats: {'Max': np.float64(0.24101284494462888), 'Min': np.float64(0.0694584191291935), 'Mean': np.float64(0.12174271216373167), 'Std': np.float64(0.048606755808457774)}
2024-11-17 07:15:06,257 - INFO - Bottom 10 Mean Stats: {'Max': np.float64(100.0), 'Min': np.float64(84.0), 'Mean': np.float64(93.0), 'Std': np.float64(5.019960159204453)}
2024-11-17 07:15:06,257 - INFO - Bottom 10 Std Stats: {'Max': np.float64(0.0), 'Min': np.float64(0.0), 'Mean': np.float64(0.0), 'Std': np.float64(0.0)}
2024-11-17 07:15:06,263 - INFO - Candidate Mean Stats: {'Max': np.float64(100.0), 'Min': np.float64(-0.6539885967813583), 'Mean': np.float64(1.140388045463046), 'Std': np.float64(8.007025367574654)}
2024-11-17 07:15:06,263 - INFO - Candidate Std Stats: {'Max': np.float64(0.7752762147545578), 'Min': np.float64(0.0), 'Mean': np.float64(0.04191129788508743), 'Std': np.float64(0.040469611146799415)}
2024-11-17 07:15:06,264 - INFO - Top 10 Mean Stats: {'Max': np.float64(-0.15598610062509546), 'Min': np.float64(-0.6539885967813583), 'Mean': np.float64(-0.31335704512530693), 'Std': np.float64(0.13416497093787294)}
2024-11-17 07:15:06,264 - INFO - Top 10 Std Stats: {'Max': np.float64(0.7752762147545578), 'Min': np.float64(0.29166563993832884), 'Mean': np.float64(0.44470377318177334), 'Std': np.float64(0.14591285141529953)}
2024-11-17 07:15:06,264 - INFO - Bottom 10 Mean Stats: {'Max': np.float64(100.0), 'Min': np.float64(91.0), 'Mean': np.float64(95.5), 'Std': np.float64(4.5)}
2024-11-17 07:15:06,264 - INFO - Bottom 10 Std Stats: {'Max': np.float64(0.0), 'Min': np.float64(0.0), 'Mean': np.float64(0.0), 'Std': np.float64(0.0)}
[I 2024-11-17 07:15:06,274] Trial 369 finished with value: 2.0 and parameters: {'x_0': -1, 'x_1': 0, 'x_2': 0, 'x_3': -1}. Best is trial 362 with value: 1.0.
[I 2024-11-17 07:15:06,283] Trial 363 finished with value: 3.0 and parameters: {'x_0': 0, 'x_1': 1, 'x_2': 1, 'x_3': -1}. Best is trial 179 with value: 1.0.
2024-11-17 07:15:06,295 - INFO - Candidate Mean Stats: {'Max': np.float64(91.0), 'Min': np.float64(-0.2232008226255188), 'Mean': np.float64(0.7442332772359331), 'Std': np.float64(5.820953516017974)}
2024-11-17 07:15:06,295 - INFO - Candidate Std Stats: {'Max': np.float64(0.7177844170834711), 'Min': np.float64(0.0), 'Mean': np.float64(0.04992069394297443), 'Std': np.float64(0.049606110574145795)}
2024-11-17 07:15:06,296 - INFO - Top 10 Mean Stats: {'Max': np.float64(0.0291456217848704), 'Min': np.float64(-0.2232008226255188), 'Mean': np.float64(-0.1540332944818658), 'Std': np.float64(0.08157795711554836)}
2024-11-17 07:15:06,296 - INFO - Top 10 Std Stats: {'Max': np.float64(0.6649111712632292), 'Min': np.float64(0.3313006103859528), 'Mean': np.float64(0.46600674313507434), 'Std': np.float64(0.1150711153757452)}
2024-11-17 07:15:06,297 - INFO - Bottom 10 Mean Stats: {'Max': np.float64(91.0), 'Min': np.float64(75.0), 'Mean': np.float64(78.1), 'Std': np.float64(5.08822169328342)}
2024-11-17 07:15:06,297 - INFO - Bottom 10 Std Stats: {'Max': np.float64(0.0), 'Min': np.float64(0.0), 'Mean': np.float64(0.0), 'Std': np.float64(0.0)}
[I 2024-11-17 07:15:06,311] Trial 340 finished with value: 91.0 and parameters: {'x_0': -5, 'x_1': 4, 'x_2': -5, 'x_3': 5}. Best is trial 320 with value: 0.0.
2024-11-17 07:15:06,427 - INFO - Candidate Mean Stats: {'Max': np.float64(100.0), 'Min': np.float64(-0.6874576892639236), 'Mean': np.float64(0.9710115210415736), 'Std': np.float64(7.169633361778434)}
2024-11-17 07:15:06,427 - INFO - Candidate Std Stats: {'Max': np.float64(0.6654674738505552), 'Min': np.float64(0.0), 'Mean': np.float64(0.029941655054061985), 'Std': np.float64(0.03953861151632795)}
2024-11-17 07:15:06,428 - INFO - Top 10 Mean Stats: {'Max': np.float64(-0.47267079128693334), 'Min': np.float64(-0.6874576892639236), 'Mean': np.float64(-0.6222621751996857), 'Std': np.float64(0.07441331510155771)}
2024-11-17 07:15:06,428 - INFO - Top 10 Std Stats: {'Max': np.float64(0.13904812336036732), 'Min': np.float64(0.09881273851814183), 'Mean': np.float64(0.12416862147779839), 'Std': np.float64(0.012847554038742435)}
2024-11-17 07:15:06,429 - INFO - Bottom 10 Mean Stats: {'Max': np.float64(100.0), 'Min': np.float64(84.0), 'Mean': np.float64(93.0), 'Std': np.float64(5.019960159204453)}
2024-11-17 07:15:06,429 - INFO - Bottom 10 Std Stats: {'Max': np.float64(0.0), 'Min': np.float64(0.0), 'Mean': np.float64(0.0), 'Std': np.float64(0.0)}
[I 2024-11-17 07:15:06,445] Trial 370 finished with value: 6.0 and parameters: {'x_0': -1, 'x_1': 0, 'x_2': -1, 'x_3': -2}. Best is trial 362 with value: 1.0.
2024-11-17 07:15:06,541 - INFO - Candidate Mean Stats: {'Max': np.float64(100.0), 'Min': np.float64(-0.5415011253587627), 'Mean': np.float64(1.136109806046853), 'Std': np.float64(8.007638321326453)}
2024-11-17 07:15:06,541 - INFO - Candidate Std Stats: {'Max': np.float64(0.6190896260251841), 'Min': np.float64(0.0), 'Mean': np.float64(0.047665076563714694), 'Std': np.float64(0.0469947872305601)}
2024-11-17 07:15:06,542 - INFO - Top 10 Mean Stats: {'Max': np.float64(-0.26846687161010485), 'Min': np.float64(-0.5415011253587627), 'Mean': np.float64(-0.365163639989842), 'Std': np.float64(0.07231813681477692)}
2024-11-17 07:15:06,542 - INFO - Top 10 Std Stats: {'Max': np.float64(0.6190896260251841), 'Min': np.float64(0.3674445375011747), 'Mean': np.float64(0.5105626450446056), 'Std': np.float64(0.07248885729464033)}
2024-11-17 07:15:06,542 - INFO - Bottom 10 Mean Stats: {'Max': np.float64(100.0), 'Min': np.float64(91.0), 'Mean': np.float64(95.5), 'Std': np.float64(4.5)}
2024-11-17 07:15:06,542 - INFO - Bottom 10 Std Stats: {'Max': np.float64(0.0), 'Min': np.float64(0.0), 'Mean': np.float64(0.0), 'Std': np.float64(0.0)}
[I 2024-11-17 07:15:06,562] Trial 364 finished with value: 2.0 and parameters: {'x_0': 0, 'x_1': 1, 'x_2': 1, 'x_3': 0}. Best is trial 179 with value: 1.0.
2024-11-17 07:15:06,562 - INFO - Candidate Mean Stats: {'Max': np.float64(91.0), 'Min': np.float64(-0.2256515588253976), 'Mean': np.float64(0.7479385188347166), 'Std': np.float64(5.868864832833387)}
2024-11-17 07:15:06,563 - INFO - Candidate Std Stats: {'Max': np.float64(0.49900802444985193), 'Min': np.float64(0.0), 'Mean': np.float64(0.052156533892432876), 'Std': np.float64(0.04353646053334896)}
2024-11-17 07:15:06,564 - INFO - Top 10 Mean Stats: {'Max': np.float64(-0.07005229552903117), 'Min': np.float64(-0.2181150567317845), 'Mean': np.float64(-0.16795949227830137), 'Std': np.float64(0.041740168822543125)}
2024-11-17 07:15:06,564 - INFO - Top 10 Std Stats: {'Max': np.float64(0.39856970793235563), 'Min': np.float64(0.2689311492841568), 'Mean': np.float64(0.3220062469041244), 'Std': np.float64(0.03430871718637124)}
2024-11-17 07:15:06,564 - INFO - Bottom 10 Mean Stats: {'Max': np.float64(91.0), 'Min': np.float64(75.0), 'Mean': np.float64(79.7), 'Std': np.float64(6.245798587850877)}
2024-11-17 07:15:06,564 - INFO - Bottom 10 Std Stats: {'Max': np.float64(0.0), 'Min': np.float64(0.0), 'Mean': np.float64(0.0), 'Std': np.float64(0.0)}
[I 2024-11-17 07:15:06,581] Trial 341 finished with value: 2.0 and parameters: {'x_0': 0, 'x_1': 1, 'x_2': -1, 'x_3': 0}. Best is trial 320 with value: 0.0.
2024-11-17 07:15:06,596 - INFO - Candidate Mean Stats: {'Max': np.float64(100.0), 'Min': np.float64(-0.8555217819121058), 'Mean': np.float64(0.9716531803520485), 'Std': np.float64(7.169726827751994)}
2024-11-17 07:15:06,596 - INFO - Candidate Std Stats: {'Max': np.float64(0.5297818276010963), 'Min': np.float64(0.0), 'Mean': np.float64(0.028531256211419317), 'Std': np.float64(0.04267483548755275)}
2024-11-17 07:15:06,597 - INFO - Top 10 Mean Stats: {'Max': np.float64(-0.1935096989939963), 'Min': np.float64(-0.8555217819121058), 'Mean': np.float64(-0.6069400256160455), 'Std': np.float64(0.22086115750815438)}
2024-11-17 07:15:06,597 - INFO - Top 10 Std Stats: {'Max': np.float64(0.3907668247010737), 'Min': np.float64(0.07699749018224554), 'Mean': np.float64(0.20529021415077037), 'Std': np.float64(0.10577106023937563)}
2024-11-17 07:15:06,597 - INFO - Bottom 10 Mean Stats: {'Max': np.float64(100.0), 'Min': np.float64(84.0), 'Mean': np.float64(93.0), 'Std': np.float64(5.019960159204453)}
2024-11-17 07:15:06,598 - INFO - Bottom 10 Std Stats: {'Max': np.float64(0.0), 'Min': np.float64(0.0), 'Mean': np.float64(0.0), 'Std': np.float64(0.0)}
[I 2024-11-17 07:15:06,614] Trial 371 finished with value: 5.0 and parameters: {'x_0': -1, 'x_1': 0, 'x_2': 0, 'x_3': -2}. Best is trial 362 with value: 1.0.
2024-11-17 07:15:06,737 - INFO - Candidate Mean Stats: {'Max': np.float64(100.0), 'Min': np.float64(-0.8971063621157462), 'Mean': np.float64(0.9740827500487579), 'Std': np.float64(7.16952854054457)}
2024-11-17 07:15:06,737 - INFO - Candidate Std Stats: {'Max': np.float64(0.3997276775671323), 'Min': np.float64(0.0), 'Mean': np.float64(0.025011647279212283), 'Std': np.float64(0.03569523385164015)}
2024-11-17 07:15:06,739 - INFO - Top 10 Mean Stats: {'Max': np.float64(-0.1329621408391974), 'Min': np.float64(-0.8971063621157462), 'Mean': np.float64(-0.5836309847533399), 'Std': np.float64(0.23841788665460129)}
2024-11-17 07:15:06,739 - INFO - Top 10 Std Stats: {'Max': np.float64(0.25569788697939005), 'Min': np.float64(0.05430780884655179), 'Mean': np.float64(0.11977622362555529), 'Std': np.float64(0.0673604852379338)}
2024-11-17 07:15:06,739 - INFO - Bottom 10 Mean Stats: {'Max': np.float64(100.0), 'Min': np.float64(84.0), 'Mean': np.float64(93.0), 'Std': np.float64(5.019960159204453)}
2024-11-17 07:15:06,739 - INFO - Bottom 10 Std Stats: {'Max': np.float64(0.0), 'Min': np.float64(0.0), 'Mean': np.float64(0.0), 'Std': np.float64(0.0)}
[I 2024-11-17 07:15:06,757] Trial 372 finished with value: 6.0 and parameters: {'x_0': -1, 'x_1': 0, 'x_2': 1, 'x_3': -2}. Best is trial 362 with value: 1.0.
2024-11-17 07:15:06,792 - INFO - Candidate Mean Stats: {'Max': np.float64(100.0), 'Min': np.float64(-0.5760539768501378), 'Mean': np.float64(1.1375208473856968), 'Std': np.float64(8.007455784380832)}
2024-11-17 07:15:06,792 - INFO - Candidate Std Stats: {'Max': np.float64(0.5770378842191259), 'Min': np.float64(0.0), 'Mean': np.float64(0.044453066801057296), 'Std': np.float64(0.04730471821736122)}
2024-11-17 07:15:06,794 - INFO - Top 10 Mean Stats: {'Max': np.float64(-0.20640627258527747), 'Min': np.float64(-0.5760539768501378), 'Mean': np.float64(-0.358458705462675), 'Std': np.float64(0.10308911104408562)}
2024-11-17 07:15:06,794 - INFO - Top 10 Std Stats: {'Max': np.float64(0.5770378842191259), 'Min': np.float64(0.29243541609304335), 'Mean': np.float64(0.4133596822602456), 'Std': np.float64(0.09245603818182897)}
2024-11-17 07:15:06,794 - INFO - Bottom 10 Mean Stats: {'Max': np.float64(100.0), 'Min': np.float64(91.0), 'Mean': np.float64(95.5), 'Std': np.float64(4.5)}
2024-11-17 07:15:06,794 - INFO - Bottom 10 Std Stats: {'Max': np.float64(0.0), 'Min': np.float64(0.0), 'Mean': np.float64(0.0), 'Std': np.float64(0.0)}
[I 2024-11-17 07:15:06,811] Trial 365 finished with value: 18.0 and parameters: {'x_0': 0, 'x_1': 1, 'x_2': 1, 'x_3': -4}. Best is trial 179 with value: 1.0.
2024-11-17 07:15:06,840 - INFO - Candidate Mean Stats: {'Max': np.float64(91.0), 'Min': np.float64(-0.3482720144094734), 'Mean': np.float64(0.7469455873993902), 'Std': np.float64(5.869007490590787)}
2024-11-17 07:15:06,840 - INFO - Candidate Std Stats: {'Max': np.float64(0.6230276066612849), 'Min': np.float64(0.0), 'Mean': np.float64(0.046004425014848596), 'Std': np.float64(0.0459104870473513)}
2024-11-17 07:15:06,842 - INFO - Top 10 Mean Stats: {'Max': np.float64(-0.18033454281793151), 'Min': np.float64(-0.3482720144094734), 'Mean': np.float64(-0.26123773219572277), 'Std': np.float64(0.052849190367990774)}
2024-11-17 07:15:06,842 - INFO - Top 10 Std Stats: {'Max': np.float64(0.6230276066612849), 'Min': np.float64(0.2555197182626753), 'Mean': np.float64(0.36113256436959784), 'Std': np.float64(0.1072451764550676)}
2024-11-17 07:15:06,842 - INFO - Bottom 10 Mean Stats: {'Max': np.float64(91.0), 'Min': np.float64(75.0), 'Mean': np.float64(79.7), 'Std': np.float64(6.245798587850877)}
2024-11-17 07:15:06,842 - INFO - Bottom 10 Std Stats: {'Max': np.float64(0.0), 'Min': np.float64(0.0), 'Mean': np.float64(0.0), 'Std': np.float64(0.0)}
[I 2024-11-17 07:15:06,861] Trial 342 finished with value: 58.0 and parameters: {'x_0': 4, 'x_1': -1, 'x_2': -5, 'x_3': -4}. Best is trial 320 with value: 0.0.
2024-11-17 07:15:06,917 - INFO - Candidate Mean Stats: {'Max': np.float64(100.0), 'Min': np.float64(-0.8099887037782537), 'Mean': np.float64(0.9771729869155362), 'Std': np.float64(7.169301173590714)}
2024-11-17 07:15:06,917 - INFO - Candidate Std Stats: {'Max': np.float64(0.6174328047819043), 'Min': np.float64(0.0), 'Mean': np.float64(0.026669401104502333), 'Std': np.float64(0.03825959742246827)}
2024-11-17 07:15:06,919 - INFO - Top 10 Mean Stats: {'Max': np.float64(-0.2822780931489885), 'Min': np.float64(-0.8099887037782537), 'Mean': np.float64(-0.6030198202795847), 'Std': np.float64(0.21334222660938454)}
2024-11-17 07:15:06,919 - INFO - Top 10 Std Stats: {'Max': np.float64(0.35514394142340067), 'Min': np.float64(0.05905811026679847), 'Mean': np.float64(0.16278744403465134), 'Std': np.float64(0.12392849883057212)}
2024-11-17 07:15:06,919 - INFO - Bottom 10 Mean Stats: {'Max': np.float64(100.0), 'Min': np.float64(84.0), 'Mean': np.float64(93.0), 'Std': np.float64(5.019960159204453)}
2024-11-17 07:15:06,919 - INFO - Bottom 10 Std Stats: {'Max': np.float64(0.0), 'Min': np.float64(0.0), 'Mean': np.float64(0.0), 'Std': np.float64(0.0)}
