[I 2024-11-17 07:15:15,655] Trial 370 finished with value: 6.0 and parameters: {'x_0': -2, 'x_1': 1, 'x_2': 1, 'x_3': 0}. Best is trial 320 with value: 0.0.
2024-11-17 07:15:15,676 - INFO - Candidate Mean Stats: {'Max': np.float64(100.0), 'Min': np.float64(-0.21698969255593772), 'Mean': np.float64(1.0256594799249774), 'Std': np.float64(7.27904513469147)}
2024-11-17 07:15:15,676 - INFO - Candidate Std Stats: {'Max': np.float64(0.5786440641686923), 'Min': np.float64(0.0), 'Mean': np.float64(0.03093275967325332), 'Std': np.float64(0.04220236005110655)}
2024-11-17 07:15:15,677 - INFO - Top 10 Mean Stats: {'Max': np.float64(0.17478598980464816), 'Min': np.float64(-0.17296818169700745), 'Mean': np.float64(-0.11224207576228255), 'Std': np.float64(0.09927201172290029)}
2024-11-17 07:15:15,677 - INFO - Top 10 Std Stats: {'Max': np.float64(0.5786440641686923), 'Min': np.float64(0.23597536974081756), 'Mean': np.float64(0.3252110064480017), 'Std': np.float64(0.09684679602683365)}
2024-11-17 07:15:15,677 - INFO - Bottom 10 Mean Stats: {'Max': np.float64(100.0), 'Min': np.float64(84.0), 'Mean': np.float64(93.0), 'Std': np.float64(5.019960159204453)}
2024-11-17 07:15:15,677 - INFO - Bottom 10 Std Stats: {'Max': np.float64(0.0), 'Min': np.float64(0.0), 'Mean': np.float64(0.0), 'Std': np.float64(0.0)}
[I 2024-11-17 07:15:15,694] Trial 416 finished with value: 59.0 and parameters: {'x_0': -5, 'x_1': 0, 'x_2': 5, 'x_3': -3}. Best is trial 362 with value: 1.0.
2024-11-17 07:15:15,795 - INFO - Candidate Mean Stats: {'Max': np.float64(100.0), 'Min': np.float64(-0.47389474952512456), 'Mean': np.float64(1.176805786343167), 'Std': np.float64(8.045284903844836)}
2024-11-17 07:15:15,795 - INFO - Candidate Std Stats: {'Max': np.float64(0.3235532928838824), 'Min': np.float64(0.0), 'Mean': np.float64(0.0349865246255329), 'Std': np.float64(0.04061760645871109)}
2024-11-17 07:15:15,796 - INFO - Top 10 Mean Stats: {'Max': np.float64(-0.3753304960890763), 'Min': np.float64(-0.47389474952512456), 'Mean': np.float64(-0.4207737840160332), 'Std': np.float64(0.03352354364930616)}
2024-11-17 07:15:15,796 - INFO - Top 10 Std Stats: {'Max': np.float64(0.22725695439993737), 'Min': np.float64(0.14346739684178753), 'Mean': np.float64(0.17253722689437206), 'Std': np.float64(0.023012682756674067)}
2024-11-17 07:15:15,796 - INFO - Bottom 10 Mean Stats: {'Max': np.float64(100.0), 'Min': np.float64(91.0), 'Mean': np.float64(95.5), 'Std': np.float64(4.5)}
2024-11-17 07:15:15,796 - INFO - Bottom 10 Std Stats: {'Max': np.float64(0.0), 'Min': np.float64(0.0), 'Mean': np.float64(0.0), 'Std': np.float64(0.0)}
[I 2024-11-17 07:15:15,814] Trial 408 finished with value: 18.0 and parameters: {'x_0': 0, 'x_1': 1, 'x_2': 4, 'x_3': -1}. Best is trial 179 with value: 1.0.
2024-11-17 07:15:15,849 - INFO - Candidate Mean Stats: {'Max': np.float64(100.0), 'Min': np.float64(-0.20906535003328677), 'Mean': np.float64(1.0316896993235682), 'Std': np.float64(7.294512231694451)}
2024-11-17 07:15:15,849 - INFO - Candidate Std Stats: {'Max': np.float64(0.592008611968065), 'Min': np.float64(0.0), 'Mean': np.float64(0.03099472560500832), 'Std': np.float64(0.03955195976789289)}
2024-11-17 07:15:15,851 - INFO - Top 10 Mean Stats: {'Max': np.float64(-0.0655297160167724), 'Min': np.float64(-0.20906535003328677), 'Mean': np.float64(-0.1521915452605159), 'Std': np.float64(0.038384691913969565)}
2024-11-17 07:15:15,851 - INFO - Top 10 Std Stats: {'Max': np.float64(0.32938848315475533), 'Min': np.float64(0.16263088478393203), 'Mean': np.float64(0.25250633013357604), 'Std': np.float64(0.05415585432903628)}
2024-11-17 07:15:15,851 - INFO - Bottom 10 Mean Stats: {'Max': np.float64(100.0), 'Min': np.float64(84.0), 'Mean': np.float64(93.0), 'Std': np.float64(5.019960159204453)}
2024-11-17 07:15:15,851 - INFO - Bottom 10 Std Stats: {'Max': np.float64(0.0), 'Min': np.float64(0.0), 'Mean': np.float64(0.0), 'Std': np.float64(0.0)}
[I 2024-11-17 07:15:15,869] Trial 417 finished with value: 67.0 and parameters: {'x_0': -1, 'x_1': 5, 'x_2': -4, 'x_3': 5}. Best is trial 362 with value: 1.0.
2024-11-17 07:15:15,921 - INFO - Candidate Mean Stats: {'Max': np.float64(91.0), 'Min': np.float64(-0.649579987055494), 'Mean': np.float64(0.8177763969716159), 'Std': np.float64(6.208296423571477)}
2024-11-17 07:15:15,921 - INFO - Candidate Std Stats: {'Max': np.float64(0.6725616617922745), 'Min': np.float64(0.0), 'Mean': np.float64(0.045488479537728076), 'Std': np.float64(0.04502316308381692)}
2024-11-17 07:15:15,923 - INFO - Top 10 Mean Stats: {'Max': np.float64(-0.020460708370960156), 'Min': np.float64(-0.649579987055494), 'Mean': np.float64(-0.33287832747797946), 'Std': np.float64(0.17888422308367294)}
2024-11-17 07:15:15,923 - INFO - Top 10 Std Stats: {'Max': np.float64(0.585007772247706), 'Min': np.float64(0.17742378528040198), 'Mean': np.float64(0.30657491411284055), 'Std': np.float64(0.12106043507393699)}
2024-11-17 07:15:15,923 - INFO - Bottom 10 Mean Stats: {'Max': np.float64(91.0), 'Min': np.float64(75.0), 'Mean': np.float64(82.7), 'Std': np.float64(4.960846701924985)}
2024-11-17 07:15:15,923 - INFO - Bottom 10 Std Stats: {'Max': np.float64(0.0), 'Min': np.float64(0.0), 'Mean': np.float64(0.0), 'Std': np.float64(0.0)}
[I 2024-11-17 07:15:15,941] Trial 371 finished with value: 11.0 and parameters: {'x_0': 3, 'x_1': 1, 'x_2': 1, 'x_3': 0}. Best is trial 320 with value: 0.0.
2024-11-17 07:15:15,962 - INFO - Candidate Mean Stats: {'Max': np.float64(100.0), 'Min': np.float64(-0.40067600437961853), 'Mean': np.float64(1.181841291689184), 'Std': np.float64(8.045937381047821)}
2024-11-17 07:15:15,962 - INFO - Candidate Std Stats: {'Max': np.float64(0.33452054202364934), 'Min': np.float64(0.0), 'Mean': np.float64(0.022339867454929607), 'Std': np.float64(0.03469170002426969)}
2024-11-17 07:15:15,964 - INFO - Top 10 Mean Stats: {'Max': np.float64(-0.22885222194239), 'Min': np.float64(-0.40067600437961853), 'Mean': np.float64(-0.3463922198758652), 'Std': np.float64(0.049735144155956895)}
2024-11-17 07:15:15,964 - INFO - Top 10 Std Stats: {'Max': np.float64(0.33452054202364934), 'Min': np.float64(0.19324685602380168), 'Mean': np.float64(0.28373224237683375), 'Std': np.float64(0.053008868136180234)}
2024-11-17 07:15:15,964 - INFO - Bottom 10 Mean Stats: {'Max': np.float64(100.0), 'Min': np.float64(91.0), 'Mean': np.float64(95.5), 'Std': np.float64(4.5)}
2024-11-17 07:15:15,964 - INFO - Bottom 10 Std Stats: {'Max': np.float64(0.0), 'Min': np.float64(0.0), 'Mean': np.float64(0.0), 'Std': np.float64(0.0)}
[I 2024-11-17 07:15:15,980] Trial 409 finished with value: 6.0 and parameters: {'x_0': 0, 'x_1': 1, 'x_2': -1, 'x_3': 2}. Best is trial 179 with value: 1.0.
2024-11-17 07:15:16,058 - INFO - Candidate Mean Stats: {'Max': np.float64(100.0), 'Min': np.float64(-0.28973819006771767), 'Mean': np.float64(1.033302908550277), 'Std': np.float64(7.315289330649632)}
2024-11-17 07:15:16,058 - INFO - Candidate Std Stats: {'Max': np.float64(0.6914647431797409), 'Min': np.float64(0.0), 'Mean': np.float64(0.031228468560522832), 'Std': np.float64(0.040242587831358506)}
2024-11-17 07:15:16,060 - INFO - Top 10 Mean Stats: {'Max': np.float64(-0.12402424914295318), 'Min': np.float64(-0.28973819006771767), 'Mean': np.float64(-0.21912806413390315), 'Std': np.float64(0.06290965115080024)}
2024-11-17 07:15:16,060 - INFO - Top 10 Std Stats: {'Max': np.float64(0.2879983414950421), 'Min': np.float64(0.14584159810574054), 'Mean': np.float64(0.19744046295325285), 'Std': np.float64(0.05862301129360522)}
2024-11-17 07:15:16,060 - INFO - Bottom 10 Mean Stats: {'Max': np.float64(100.0), 'Min': np.float64(84.0), 'Mean': np.float64(93.0), 'Std': np.float64(5.019960159204453)}
2024-11-17 07:15:16,060 - INFO - Bottom 10 Std Stats: {'Max': np.float64(0.0), 'Min': np.float64(0.0), 'Mean': np.float64(0.0), 'Std': np.float64(0.0)}
[I 2024-11-17 07:15:16,083] Trial 418 finished with value: 17.0 and parameters: {'x_0': -1, 'x_1': 0, 'x_2': 4, 'x_3': 0}. Best is trial 362 with value: 1.0.
2024-11-17 07:15:16,124 - INFO - Candidate Mean Stats: {'Max': np.float64(100.0), 'Min': np.float64(-0.6818882210782266), 'Mean': np.float64(1.1843466239534233), 'Std': np.float64(8.045758158119904)}
2024-11-17 07:15:16,125 - INFO - Candidate Std Stats: {'Max': np.float64(0.3413762181964264), 'Min': np.float64(0.0), 'Mean': np.float64(0.023302053924605718), 'Std': np.float64(0.032852661575428856)}
2024-11-17 07:15:16,126 - INFO - Top 10 Mean Stats: {'Max': np.float64(-0.1858763113349175), 'Min': np.float64(-0.6818882210782266), 'Mean': np.float64(-0.4615004787135636), 'Std': np.float64(0.19631755507843526)}
2024-11-17 07:15:16,126 - INFO - Top 10 Std Stats: {'Max': np.float64(0.22754193790560298), 'Min': np.float64(0.07613296067379885), 'Mean': np.float64(0.1279674447258425), 'Std': np.float64(0.05098465510060129)}
2024-11-17 07:15:16,126 - INFO - Bottom 10 Mean Stats: {'Max': np.float64(100.0), 'Min': np.float64(91.0), 'Mean': np.float64(95.5), 'Std': np.float64(4.5)}
2024-11-17 07:15:16,126 - INFO - Bottom 10 Std Stats: {'Max': np.float64(0.0), 'Min': np.float64(0.0), 'Mean': np.float64(0.0), 'Std': np.float64(0.0)}
[I 2024-11-17 07:15:16,143] Trial 410 finished with value: 6.0 and parameters: {'x_0': 0, 'x_1': -1, 'x_2': 1, 'x_3': 2}. Best is trial 179 with value: 1.0.
2024-11-17 07:15:16,201 - INFO - Candidate Mean Stats: {'Max': np.float64(91.0), 'Min': np.float64(-0.8312791510889859), 'Mean': np.float64(0.8156067673938744), 'Std': np.float64(6.209250139510538)}
2024-11-17 07:15:16,201 - INFO - Candidate Std Stats: {'Max': np.float64(0.7974813783530932), 'Min': np.float64(0.0), 'Mean': np.float64(0.040484685021482614), 'Std': np.float64(0.049528626827638804)}
2024-11-17 07:15:16,203 - INFO - Top 10 Mean Stats: {'Max': np.float64(0.06427397038310909), 'Min': np.float64(-0.8312791510889859), 'Mean': np.float64(-0.3278722396674381), 'Std': np.float64(0.21773285687086788)}
2024-11-17 07:15:16,203 - INFO - Top 10 Std Stats: {'Max': np.float64(0.7974813783530932), 'Min': np.float64(0.12410561963330578), 'Mean': np.float64(0.4459451369999864), 'Std': np.float64(0.22284810154870457)}
2024-11-17 07:15:16,203 - INFO - Bottom 10 Mean Stats: {'Max': np.float64(91.0), 'Min': np.float64(75.0), 'Mean': np.float64(82.7), 'Std': np.float64(4.960846701924985)}
2024-11-17 07:15:16,203 - INFO - Bottom 10 Std Stats: {'Max': np.float64(0.0), 'Min': np.float64(0.0), 'Mean': np.float64(0.0), 'Std': np.float64(0.0)}
[I 2024-11-17 07:15:16,220] Trial 372 finished with value: 58.0 and parameters: {'x_0': 1, 'x_1': 4, 'x_2': -5, 'x_3': -4}. Best is trial 320 with value: 0.0.
2024-11-17 07:15:16,281 - INFO - Candidate Mean Stats: {'Max': np.float64(100.0), 'Min': np.float64(-0.26858109220095944), 'Mean': np.float64(1.026931526939058), 'Std': np.float64(7.317480608891536)}
2024-11-17 07:15:16,281 - INFO - Candidate Std Stats: {'Max': np.float64(0.5521792328772749), 'Min': np.float64(0.0), 'Mean': np.float64(0.0436731804050655), 'Std': np.float64(0.042128123851029285)}
2024-11-17 07:15:16,282 - INFO - Top 10 Mean Stats: {'Max': np.float64(-0.14461165694593822), 'Min': np.float64(-0.26858109220095944), 'Mean': np.float64(-0.20946993279359685), 'Std': np.float64(0.03808315865317243)}
2024-11-17 07:15:16,282 - INFO - Top 10 Std Stats: {'Max': np.float64(0.3233047115508743), 'Min': np.float64(0.16823717352616194), 'Mean': np.float64(0.22691076865708965), 'Std': np.float64(0.048222645445131225)}
2024-11-17 07:15:16,283 - INFO - Bottom 10 Mean Stats: {'Max': np.float64(100.0), 'Min': np.float64(84.0), 'Mean': np.float64(93.0), 'Std': np.float64(5.019960159204453)}
2024-11-17 07:15:16,283 - INFO - Bottom 10 Std Stats: {'Max': np.float64(0.0), 'Min': np.float64(0.0), 'Mean': np.float64(0.0), 'Std': np.float64(0.0)}
[I 2024-11-17 07:15:16,300] Trial 419 finished with value: 30.0 and parameters: {'x_0': -1, 'x_1': 2, 'x_2': -3, 'x_3': -4}. Best is trial 362 with value: 1.0.
2024-11-17 07:15:16,323 - INFO - Candidate Mean Stats: {'Max': np.float64(100.0), 'Min': np.float64(-0.6208331397673261), 'Mean': np.float64(1.1800193313091003), 'Std': np.float64(8.04651405930548)}
2024-11-17 07:15:16,323 - INFO - Candidate Std Stats: {'Max': np.float64(0.38931154740083085), 'Min': np.float64(0.0), 'Mean': np.float64(0.03716086011321757), 'Std': np.float64(0.04233989139247033)}
2024-11-17 07:15:16,325 - INFO - Top 10 Mean Stats: {'Max': np.float64(-0.14723689883367003), 'Min': np.float64(-0.6208331397673261), 'Mean': np.float64(-0.37963794393819567), 'Std': np.float64(0.1899414243797574)}
2024-11-17 07:15:16,325 - INFO - Top 10 Std Stats: {'Max': np.float64(0.38084228258357106), 'Min': np.float64(0.22962913174957247), 'Mean': np.float64(0.30094443059823883), 'Std': np.float64(0.04627397879586446)}
2024-11-17 07:15:16,325 - INFO - Bottom 10 Mean Stats: {'Max': np.float64(100.0), 'Min': np.float64(91.0), 'Mean': np.float64(95.5), 'Std': np.float64(4.5)}
2024-11-17 07:15:16,325 - INFO - Bottom 10 Std Stats: {'Max': np.float64(0.0), 'Min': np.float64(0.0), 'Mean': np.float64(0.0), 'Std': np.float64(0.0)}
[I 2024-11-17 07:15:16,341] Trial 411 finished with value: 5.0 and parameters: {'x_0': 0, 'x_1': 1, 'x_2': 0, 'x_3': 2}. Best is trial 179 with value: 1.0.
2024-11-17 07:15:16,460 - INFO - Candidate Mean Stats: {'Max': np.float64(100.0), 'Min': np.float64(-0.9527325991401361), 'Mean': np.float64(1.183414529972031), 'Std': np.float64(8.046155109141095)}
2024-11-17 07:15:16,460 - INFO - Candidate Std Stats: {'Max': np.float64(0.37806780229738013), 'Min': np.float64(0.0), 'Mean': np.float64(0.0240639923230369), 'Std': np.float64(0.034345964117366866)}
2024-11-17 07:15:16,461 - INFO - Candidate Mean Stats: {'Max': np.float64(91.0), 'Min': np.float64(-0.6392644139675923), 'Mean': np.float64(0.8257504338262605), 'Std': np.float64(6.226381124362697)}
2024-11-17 07:15:16,461 - INFO - Candidate Std Stats: {'Max': np.float64(0.7161899268127861), 'Min': np.float64(0.0), 'Mean': np.float64(0.046717098793190054), 'Std': np.float64(0.04924041759328022)}
2024-11-17 07:15:16,462 - INFO - Top 10 Mean Stats: {'Max': np.float64(-0.3354163500707691), 'Min': np.float64(-0.9527325991401361), 'Mean': np.float64(-0.5762692930938137), 'Std': np.float64(0.22824136084123703)}
2024-11-17 07:15:16,462 - INFO - Top 10 Std Stats: {'Max': np.float64(0.27450125569773715), 'Min': np.float64(0.07021461958900231), 'Mean': np.float64(0.17843345262586308), 'Std': np.float64(0.06933346352863576)}
2024-11-17 07:15:16,462 - INFO - Bottom 10 Mean Stats: {'Max': np.float64(100.0), 'Min': np.float64(91.0), 'Mean': np.float64(95.5), 'Std': np.float64(4.5)}
2024-11-17 07:15:16,462 - INFO - Bottom 10 Std Stats: {'Max': np.float64(0.0), 'Min': np.float64(0.0), 'Mean': np.float64(0.0), 'Std': np.float64(0.0)}
2024-11-17 07:15:16,463 - INFO - Top 10 Mean Stats: {'Max': np.float64(-0.12561095265013347), 'Min': np.float64(-0.6392644139675923), 'Mean': np.float64(-0.23571013373716046), 'Std': np.float64(0.14372226097397459)}
2024-11-17 07:15:16,463 - INFO - Top 10 Std Stats: {'Max': np.float64(0.6025971592162492), 'Min': np.float64(0.23724172504654079), 'Mean': np.float64(0.3445724810070147), 'Std': np.float64(0.09592693935951584)}
2024-11-17 07:15:16,463 - INFO - Bottom 10 Mean Stats: {'Max': np.float64(91.0), 'Min': np.float64(75.0), 'Mean': np.float64(82.7), 'Std': np.float64(4.960846701924985)}
2024-11-17 07:15:16,463 - INFO - Bottom 10 Std Stats: {'Max': np.float64(0.0), 'Min': np.float64(0.0), 'Mean': np.float64(0.0), 'Std': np.float64(0.0)}
[I 2024-11-17 07:15:16,480] Trial 412 finished with value: 5.0 and parameters: {'x_0': 0, 'x_1': -1, 'x_2': 0, 'x_3': 2}. Best is trial 179 with value: 1.0.
[I 2024-11-17 07:15:16,481] Trial 373 finished with value: 11.0 and parameters: {'x_0': 3, 'x_1': 1, 'x_2': -1, 'x_3': 0}. Best is trial 320 with value: 0.0.
2024-11-17 07:15:16,491 - INFO - Candidate Mean Stats: {'Max': np.float64(100.0), 'Min': np.float64(-0.2803991214890577), 'Mean': np.float64(1.0375803769280203), 'Std': np.float64(7.320228165369642)}
2024-11-17 07:15:16,491 - INFO - Candidate Std Stats: {'Max': np.float64(0.7657926007800196), 'Min': np.float64(0.0), 'Mean': np.float64(0.029922968860005394), 'Std': np.float64(0.04359916148898193)}
2024-11-17 07:15:16,492 - INFO - Top 10 Mean Stats: {'Max': np.float64(-0.13712443034822852), 'Min': np.float64(-0.24774609739873807), 'Mean': np.float64(-0.19151093518861678), 'Std': np.float64(0.03710105835510068)}
2024-11-17 07:15:16,492 - INFO - Top 10 Std Stats: {'Max': np.float64(0.5936381753880438), 'Min': np.float64(0.20666860956399324), 'Mean': np.float64(0.3440694813896189), 'Std': np.float64(0.11883569141698395)}
2024-11-17 07:15:16,492 - INFO - Bottom 10 Mean Stats: {'Max': np.float64(100.0), 'Min': np.float64(84.0), 'Mean': np.float64(93.0), 'Std': np.float64(5.019960159204453)}
2024-11-17 07:15:16,492 - INFO - Bottom 10 Std Stats: {'Max': np.float64(0.0), 'Min': np.float64(0.0), 'Mean': np.float64(0.0), 'Std': np.float64(0.0)}
[I 2024-11-17 07:15:16,507] Trial 420 finished with value: 70.0 and parameters: {'x_0': -5, 'x_1': -5, 'x_2': -2, 'x_3': 4}. Best is trial 362 with value: 1.0.
2024-11-17 07:15:16,627 - INFO - Candidate Mean Stats: {'Max': np.float64(100.0), 'Min': np.float64(-1.0677955392792469), 'Mean': np.float64(1.184297604625905), 'Std': np.float64(8.046124429316459)}
2024-11-17 07:15:16,628 - INFO - Candidate Std Stats: {'Max': np.float64(0.35122450471652006), 'Min': np.float64(0.0), 'Mean': np.float64(0.02158217608047939), 'Std': np.float64(0.03164849713211469)}
2024-11-17 07:15:16,629 - INFO - Top 10 Mean Stats: {'Max': np.float64(-0.22990805179887133), 'Min': np.float64(-1.0677955392792469), 'Mean': np.float64(-0.5040617064511188), 'Std': np.float64(0.31840148042926214)}
2024-11-17 07:15:16,629 - INFO - Top 10 Std Stats: {'Max': np.float64(0.2787899853109202), 'Min': np.float64(0.1042864366226731), 'Mean': np.float64(0.19607912590985505), 'Std': np.float64(0.06158257693208057)}
2024-11-17 07:15:16,629 - INFO - Bottom 10 Mean Stats: {'Max': np.float64(100.0), 'Min': np.float64(91.0), 'Mean': np.float64(95.5), 'Std': np.float64(4.5)}
2024-11-17 07:15:16,629 - INFO - Bottom 10 Std Stats: {'Max': np.float64(0.0), 'Min': np.float64(0.0), 'Mean': np.float64(0.0), 'Std': np.float64(0.0)}
[I 2024-11-17 07:15:16,646] Trial 413 finished with value: 9.0 and parameters: {'x_0': 0, 'x_1': 1, 'x_2': 2, 'x_3': 2}. Best is trial 179 with value: 1.0.
2024-11-17 07:15:16,659 - INFO - Candidate Mean Stats: {'Max': np.float64(100.0), 'Min': np.float64(-0.27940710993606094), 'Mean': np.float64(1.0435368200342137), 'Std': np.float64(7.342233032663006)}
2024-11-17 07:15:16,659 - INFO - Candidate Std Stats: {'Max': np.float64(0.5874026676730951), 'Min': np.float64(0.0), 'Mean': np.float64(0.0255717591303471), 'Std': np.float64(0.03645716446475509)}
2024-11-17 07:15:16,661 - INFO - Top 10 Mean Stats: {'Max': np.float64(-0.1382227644071171), 'Min': np.float64(-0.21511955408632333), 'Mean': np.float64(-0.15777772817592436), 'Std': np.float64(0.020098590339934153)}
2024-11-17 07:15:16,661 - INFO - Top 10 Std Stats: {'Max': np.float64(0.32133436477784505), 'Min': np.float64(0.21627142585016237), 'Mean': np.float64(0.29823830973419485), 'Std': np.float64(0.029335674507104344)}
2024-11-17 07:15:16,661 - INFO - Bottom 10 Mean Stats: {'Max': np.float64(100.0), 'Min': np.float64(84.0), 'Mean': np.float64(93.0), 'Std': np.float64(5.019960159204453)}
2024-11-17 07:15:16,661 - INFO - Bottom 10 Std Stats: {'Max': np.float64(0.0), 'Min': np.float64(0.0), 'Mean': np.float64(0.0), 'Std': np.float64(0.0)}
[I 2024-11-17 07:15:16,677] Trial 421 finished with value: 12.0 and parameters: {'x_0': -1, 'x_1': -3, 'x_2': 1, 'x_3': -1}. Best is trial 362 with value: 1.0.
2024-11-17 07:15:16,751 - INFO - Candidate Mean Stats: {'Max': np.float64(91.0), 'Min': np.float64(-0.38683083673945845), 'Mean': np.float64(0.822037122982068), 'Std': np.float64(6.227549164231992)}
2024-11-17 07:15:16,751 - INFO - Candidate Std Stats: {'Max': np.float64(0.511444335919978), 'Min': np.float64(0.0), 'Mean': np.float64(0.0484560457275071), 'Std': np.float64(0.04472981804379805)}
2024-11-17 07:15:16,753 - INFO - Top 10 Mean Stats: {'Max': np.float64(-0.12216045752836899), 'Min': np.float64(-0.38683083673945845), 'Mean': np.float64(-0.2661960841062093), 'Std': np.float64(0.07087382383337075)}
2024-11-17 07:15:16,753 - INFO - Top 10 Std Stats: {'Max': np.float64(0.511444335919978), 'Min': np.float64(0.2203339056698849), 'Mean': np.float64(0.31483592420375206), 'Std': np.float64(0.08245160750307232)}
2024-11-17 07:15:16,753 - INFO - Bottom 10 Mean Stats: {'Max': np.float64(91.0), 'Min': np.float64(75.0), 'Mean': np.float64(82.7), 'Std': np.float64(4.960846701924985)}
2024-11-17 07:15:16,753 - INFO - Bottom 10 Std Stats: {'Max': np.float64(0.0), 'Min': np.float64(0.0), 'Mean': np.float64(0.0), 'Std': np.float64(0.0)}
