[I 2024-11-17 07:15:13,503] Trial 404 finished with value: 26.0 and parameters: {'x_0': -1, 'x_1': 0, 'x_2': 0, 'x_3': -5}. Best is trial 362 with value: 1.0.
2024-11-17 07:15:13,577 - INFO - Candidate Mean Stats: {'Max': np.float64(100.0), 'Min': np.float64(-0.43221422128343984), 'Mean': np.float64(1.1585696115326887), 'Std': np.float64(8.032643987014042)}
2024-11-17 07:15:13,577 - INFO - Candidate Std Stats: {'Max': np.float64(0.44755852353941344), 'Min': np.float64(0.0), 'Mean': np.float64(0.03692987237013044), 'Std': np.float64(0.04300406805727496)}
2024-11-17 07:15:13,578 - INFO - Top 10 Mean Stats: {'Max': np.float64(-0.18264495832948374), 'Min': np.float64(-0.43221422128343984), 'Mean': np.float64(-0.2934084238606486), 'Std': np.float64(0.07108657066890528)}
2024-11-17 07:15:13,578 - INFO - Top 10 Std Stats: {'Max': np.float64(0.37840351158160807), 'Min': np.float64(0.13804677242806468), 'Mean': np.float64(0.2946870161113877), 'Std': np.float64(0.08636946744059547)}
2024-11-17 07:15:13,579 - INFO - Bottom 10 Mean Stats: {'Max': np.float64(100.0), 'Min': np.float64(91.0), 'Mean': np.float64(95.5), 'Std': np.float64(4.5)}
2024-11-17 07:15:13,579 - INFO - Bottom 10 Std Stats: {'Max': np.float64(0.0), 'Min': np.float64(0.0), 'Mean': np.float64(0.0), 'Std': np.float64(0.0)}
[I 2024-11-17 07:15:13,601] Trial 395 finished with value: 27.0 and parameters: {'x_0': 0, 'x_1': 1, 'x_2': 1, 'x_3': 5}. Best is trial 179 with value: 1.0.
2024-11-17 07:15:13,678 - INFO - Candidate Mean Stats: {'Max': np.float64(100.0), 'Min': np.float64(-0.26766944244579016), 'Mean': np.float64(1.011153998942121), 'Std': np.float64(7.2468002907837)}
2024-11-17 07:15:13,678 - INFO - Candidate Std Stats: {'Max': np.float64(0.47712294592107113), 'Min': np.float64(0.0), 'Mean': np.float64(0.028621442504311992), 'Std': np.float64(0.03841489440135335)}
2024-11-17 07:15:13,680 - INFO - Top 10 Mean Stats: {'Max': np.float64(-0.0914457305315136), 'Min': np.float64(-0.26766944244579016), 'Mean': np.float64(-0.19140978091309063), 'Std': np.float64(0.06169577460721333)}
2024-11-17 07:15:13,680 - INFO - Top 10 Std Stats: {'Max': np.float64(0.46328943399433953), 'Min': np.float64(0.15434155053253817), 'Mean': np.float64(0.2764035976094715), 'Std': np.float64(0.0977186839813146)}
2024-11-17 07:15:13,680 - INFO - Bottom 10 Mean Stats: {'Max': np.float64(100.0), 'Min': np.float64(84.0), 'Mean': np.float64(93.0), 'Std': np.float64(5.019960159204453)}
2024-11-17 07:15:13,680 - INFO - Bottom 10 Std Stats: {'Max': np.float64(0.0), 'Min': np.float64(0.0), 'Mean': np.float64(0.0), 'Std': np.float64(0.0)}
[I 2024-11-17 07:15:13,698] Trial 405 finished with value: 20.0 and parameters: {'x_0': 4, 'x_1': 0, 'x_2': 0, 'x_3': 2}. Best is trial 362 with value: 1.0.
2024-11-17 07:15:13,709 - INFO - Candidate Mean Stats: {'Max': np.float64(91.0), 'Min': np.float64(-0.5685318808236044), 'Mean': np.float64(0.8112913230650771), 'Std': np.float64(6.207936089141083)}
2024-11-17 07:15:13,709 - INFO - Candidate Std Stats: {'Max': np.float64(0.6815827023859156), 'Min': np.float64(0.0), 'Mean': np.float64(0.04739178626306854), 'Std': np.float64(0.04681555662084426)}
2024-11-17 07:15:13,710 - INFO - Top 10 Mean Stats: {'Max': np.float64(-0.07994521685158755), 'Min': np.float64(-0.5685318808236044), 'Mean': np.float64(-0.44013709098524306), 'Std': np.float64(0.16168248529025647)}
2024-11-17 07:15:13,710 - INFO - Top 10 Std Stats: {'Max': np.float64(0.6815827023859156), 'Min': np.float64(0.21468648380031854), 'Mean': np.float64(0.32622501581456353), 'Std': np.float64(0.13555902560760802)}
2024-11-17 07:15:13,711 - INFO - Bottom 10 Mean Stats: {'Max': np.float64(91.0), 'Min': np.float64(75.0), 'Mean': np.float64(82.7), 'Std': np.float64(4.960846701924985)}
2024-11-17 07:15:13,711 - INFO - Bottom 10 Std Stats: {'Max': np.float64(0.0), 'Min': np.float64(0.0), 'Mean': np.float64(0.0), 'Std': np.float64(0.0)}
[I 2024-11-17 07:15:13,727] Trial 363 finished with value: 2.0 and parameters: {'x_0': -1, 'x_1': 1, 'x_2': 0, 'x_3': 0}. Best is trial 320 with value: 0.0.
2024-11-17 07:15:13,754 - INFO - Candidate Mean Stats: {'Max': np.float64(100.0), 'Min': np.float64(-0.4668010291969852), 'Mean': np.float64(1.1666738212573209), 'Std': np.float64(8.034632924903763)}
2024-11-17 07:15:13,754 - INFO - Candidate Std Stats: {'Max': np.float64(0.40804016175354346), 'Min': np.float64(0.0), 'Mean': np.float64(0.023647371423135437), 'Std': np.float64(0.03696080094105849)}
2024-11-17 07:15:13,755 - INFO - Top 10 Mean Stats: {'Max': np.float64(-0.2910300433263082), 'Min': np.float64(-0.4668010291969852), 'Mean': np.float64(-0.3982803350848295), 'Std': np.float64(0.05920891413362895)}
2024-11-17 07:15:13,755 - INFO - Top 10 Std Stats: {'Max': np.float64(0.368925179150776), 'Min': np.float64(0.16610970563975014), 'Mean': np.float64(0.29189968378164655), 'Std': np.float64(0.05936092710408736)}
2024-11-17 07:15:13,755 - INFO - Bottom 10 Mean Stats: {'Max': np.float64(100.0), 'Min': np.float64(91.0), 'Mean': np.float64(95.5), 'Std': np.float64(4.5)}
2024-11-17 07:15:13,755 - INFO - Bottom 10 Std Stats: {'Max': np.float64(0.0), 'Min': np.float64(0.0), 'Mean': np.float64(0.0), 'Std': np.float64(0.0)}
[I 2024-11-17 07:15:13,771] Trial 396 finished with value: 17.0 and parameters: {'x_0': 0, 'x_1': 1, 'x_2': 4, 'x_3': 0}. Best is trial 179 with value: 1.0.
2024-11-17 07:15:13,847 - INFO - Candidate Mean Stats: {'Max': np.float64(100.0), 'Min': np.float64(-0.1721754574270283), 'Mean': np.float64(1.0148591654345103), 'Std': np.float64(7.24815658216304)}
2024-11-17 07:15:13,847 - INFO - Candidate Std Stats: {'Max': np.float64(0.6390098849155559), 'Min': np.float64(0.0), 'Mean': np.float64(0.03277393693941573), 'Std': np.float64(0.039813950701100706)}
2024-11-17 07:15:13,849 - INFO - Top 10 Mean Stats: {'Max': np.float64(-0.10680451710999408), 'Min': np.float64(-0.1721754574270283), 'Mean': np.float64(-0.1291337889923995), 'Std': np.float64(0.018204545389982514)}
2024-11-17 07:15:13,849 - INFO - Top 10 Std Stats: {'Max': np.float64(0.2911968643397317), 'Min': np.float64(0.1951182040597448), 'Mean': np.float64(0.23464985968589197), 'Std': np.float64(0.03370374049419657)}
2024-11-17 07:15:13,849 - INFO - Bottom 10 Mean Stats: {'Max': np.float64(100.0), 'Min': np.float64(84.0), 'Mean': np.float64(93.0), 'Std': np.float64(5.019960159204453)}
2024-11-17 07:15:13,849 - INFO - Bottom 10 Std Stats: {'Max': np.float64(0.0), 'Min': np.float64(0.0), 'Mean': np.float64(0.0), 'Std': np.float64(0.0)}
[I 2024-11-17 07:15:13,872] Trial 406 finished with value: 37.0 and parameters: {'x_0': 5, 'x_1': -2, 'x_2': -2, 'x_3': 2}. Best is trial 362 with value: 1.0.
2024-11-17 07:15:13,898 - INFO - Candidate Mean Stats: {'Max': np.float64(100.0), 'Min': np.float64(-0.5021528816029571), 'Mean': np.float64(1.1691148530934168), 'Std': np.float64(8.035522315395285)}
2024-11-17 07:15:13,898 - INFO - Candidate Std Stats: {'Max': np.float64(0.3726380269800375), 'Min': np.float64(0.0), 'Mean': np.float64(0.022598799532565626), 'Std': np.float64(0.03380120228752208)}
2024-11-17 07:15:13,900 - INFO - Top 10 Mean Stats: {'Max': np.float64(-0.38945434431643905), 'Min': np.float64(-0.5021528816029571), 'Mean': np.float64(-0.43161574332716396), 'Std': np.float64(0.03814273633887331)}
2024-11-17 07:15:13,900 - INFO - Top 10 Std Stats: {'Max': np.float64(0.22052024605408244), 'Min': np.float64(0.13607304862174743), 'Mean': np.float64(0.18126214328284407), 'Std': np.float64(0.02738906921508241)}
2024-11-17 07:15:13,900 - INFO - Bottom 10 Mean Stats: {'Max': np.float64(100.0), 'Min': np.float64(91.0), 'Mean': np.float64(95.5), 'Std': np.float64(4.5)}
2024-11-17 07:15:13,900 - INFO - Bottom 10 Std Stats: {'Max': np.float64(0.0), 'Min': np.float64(0.0), 'Mean': np.float64(0.0), 'Std': np.float64(0.0)}
[I 2024-11-17 07:15:13,917] Trial 397 finished with value: 5.0 and parameters: {'x_0': 0, 'x_1': -1, 'x_2': 2, 'x_3': 0}. Best is trial 179 with value: 1.0.
2024-11-17 07:15:13,979 - INFO - Candidate Mean Stats: {'Max': np.float64(91.0), 'Min': np.float64(-0.4827563025833782), 'Mean': np.float64(0.8179736640476585), 'Std': np.float64(6.2070949539523)}
2024-11-17 07:15:13,979 - INFO - Candidate Std Stats: {'Max': np.float64(0.6480782786398315), 'Min': np.float64(0.0), 'Mean': np.float64(0.04434800586011849), 'Std': np.float64(0.04950331626618151)}
2024-11-17 07:15:13,981 - INFO - Top 10 Mean Stats: {'Max': np.float64(-0.17678092689929636), 'Min': np.float64(-0.4827563025833782), 'Mean': np.float64(-0.3436889625666312), 'Std': np.float64(0.11348502151376888)}
2024-11-17 07:15:13,981 - INFO - Top 10 Std Stats: {'Max': np.float64(0.3811650941467214), 'Min': np.float64(0.22430223747592787), 'Mean': np.float64(0.28875904367456584), 'Std': np.float64(0.05543074928425933)}
2024-11-17 07:15:13,981 - INFO - Bottom 10 Mean Stats: {'Max': np.float64(91.0), 'Min': np.float64(75.0), 'Mean': np.float64(82.7), 'Std': np.float64(4.960846701924985)}
2024-11-17 07:15:13,981 - INFO - Bottom 10 Std Stats: {'Max': np.float64(0.0), 'Min': np.float64(0.0), 'Mean': np.float64(0.0), 'Std': np.float64(0.0)}
[I 2024-11-17 07:15:14,000] Trial 364 finished with value: 2.0 and parameters: {'x_0': 0, 'x_1': 1, 'x_2': 1, 'x_3': 0}. Best is trial 320 with value: 0.0.
2024-11-17 07:15:14,039 - INFO - Candidate Mean Stats: {'Max': np.float64(100.0), 'Min': np.float64(-0.2428139058769731), 'Mean': np.float64(1.0130457975119913), 'Std': np.float64(7.254866396148188)}
2024-11-17 07:15:14,039 - INFO - Candidate Std Stats: {'Max': np.float64(0.5029414203672538), 'Min': np.float64(0.0), 'Mean': np.float64(0.031027252905087024), 'Std': np.float64(0.03907965859553532)}
2024-11-17 07:15:14,040 - INFO - Top 10 Mean Stats: {'Max': np.float64(-0.08359866437462271), 'Min': np.float64(-0.1922594399053404), 'Mean': np.float64(-0.1533444160168175), 'Std': np.float64(0.036530066010581695)}
2024-11-17 07:15:14,040 - INFO - Top 10 Std Stats: {'Max': np.float64(0.29571410155007166), 'Min': np.float64(0.2021280930041322), 'Mean': np.float64(0.24286991759199905), 'Std': np.float64(0.033240861718837826)}
2024-11-17 07:15:14,041 - INFO - Bottom 10 Mean Stats: {'Max': np.float64(100.0), 'Min': np.float64(84.0), 'Mean': np.float64(93.0), 'Std': np.float64(5.019960159204453)}
2024-11-17 07:15:14,041 - INFO - Bottom 10 Std Stats: {'Max': np.float64(0.0), 'Min': np.float64(0.0), 'Mean': np.float64(0.0), 'Std': np.float64(0.0)}
2024-11-17 07:15:14,056 - INFO - Candidate Mean Stats: {'Max': np.float64(100.0), 'Min': np.float64(-0.4944590404873609), 'Mean': np.float64(1.1670922715217693), 'Std': np.float64(8.03587412855551)}
2024-11-17 07:15:14,056 - INFO - Candidate Std Stats: {'Max': np.float64(0.38301808214719957), 'Min': np.float64(0.0), 'Mean': np.float64(0.034938530601412915), 'Std': np.float64(0.0401228279523597)}
2024-11-17 07:15:14,058 - INFO - Top 10 Mean Stats: {'Max': np.float64(-0.2076006624303425), 'Min': np.float64(-0.4944590404873609), 'Mean': np.float64(-0.3311594466522968), 'Std': np.float64(0.09824511291001715)}
2024-11-17 07:15:14,058 - INFO - Top 10 Std Stats: {'Max': np.float64(0.38301808214719957), 'Min': np.float64(0.1777024013162402), 'Mean': np.float64(0.26071999684665415), 'Std': np.float64(0.05626855367645669)}
2024-11-17 07:15:14,058 - INFO - Bottom 10 Mean Stats: {'Max': np.float64(100.0), 'Min': np.float64(91.0), 'Mean': np.float64(95.5), 'Std': np.float64(4.5)}
2024-11-17 07:15:14,059 - INFO - Bottom 10 Std Stats: {'Max': np.float64(0.0), 'Min': np.float64(0.0), 'Mean': np.float64(0.0), 'Std': np.float64(0.0)}
[I 2024-11-17 07:15:14,060] Trial 407 finished with value: 27.0 and parameters: {'x_0': -1, 'x_1': 0, 'x_2': 1, 'x_3': -5}. Best is trial 362 with value: 1.0.
[I 2024-11-17 07:15:14,078] Trial 398 finished with value: 6.0 and parameters: {'x_0': 0, 'x_1': -1, 'x_2': 2, 'x_3': -1}. Best is trial 179 with value: 1.0.
2024-11-17 07:15:14,193 - INFO - Candidate Mean Stats: {'Max': np.float64(100.0), 'Min': np.float64(-0.31382204472180997), 'Mean': np.float64(1.020852110890933), 'Std': np.float64(7.257240177608329)}
2024-11-17 07:15:14,193 - INFO - Candidate Std Stats: {'Max': np.float64(0.5575486800644168), 'Min': np.float64(0.0), 'Mean': np.float64(0.027378632119577025), 'Std': np.float64(0.03833898325667834)}
2024-11-17 07:15:14,194 - INFO - Top 10 Mean Stats: {'Max': np.float64(-0.10203022603677195), 'Min': np.float64(-0.31382204472180997), 'Mean': np.float64(-0.27006120745801093), 'Std': np.float64(0.057766318262247776)}
2024-11-17 07:15:14,195 - INFO - Top 10 Std Stats: {'Max': np.float64(0.34061594381412913), 'Min': np.float64(0.1712780689623967), 'Mean': np.float64(0.20712637004092632), 'Std': np.float64(0.04632151033022734)}
2024-11-17 07:15:14,195 - INFO - Bottom 10 Mean Stats: {'Max': np.float64(100.0), 'Min': np.float64(84.0), 'Mean': np.float64(93.0), 'Std': np.float64(5.019960159204453)}
2024-11-17 07:15:14,195 - INFO - Bottom 10 Std Stats: {'Max': np.float64(0.0), 'Min': np.float64(0.0), 'Mean': np.float64(0.0), 'Std': np.float64(0.0)}
[I 2024-11-17 07:15:14,216] Trial 408 finished with value: 18.0 and parameters: {'x_0': -1, 'x_1': -1, 'x_2': 4, 'x_3': 0}. Best is trial 362 with value: 1.0.
2024-11-17 07:15:14,256 - INFO - Candidate Mean Stats: {'Max': np.float64(100.0), 'Min': np.float64(-0.7438124173282603), 'Mean': np.float64(1.1710908739771482), 'Std': np.float64(8.035505530383697)}
2024-11-17 07:15:14,256 - INFO - Candidate Std Stats: {'Max': np.float64(0.3970839111617764), 'Min': np.float64(0.0), 'Mean': np.float64(0.03239178553239192), 'Std': np.float64(0.03837518734055886)}
2024-11-17 07:15:14,257 - INFO - Top 10 Mean Stats: {'Max': np.float64(-0.32116299094116335), 'Min': np.float64(-0.7438124173282603), 'Mean': np.float64(-0.5020672343518918), 'Std': np.float64(0.141593909790833)}
2024-11-17 07:15:14,257 - INFO - Top 10 Std Stats: {'Max': np.float64(0.3970839111617764), 'Min': np.float64(0.23055523323990199), 'Mean': np.float64(0.2960304892175432), 'Std': np.float64(0.06146270842885317)}
2024-11-17 07:15:14,258 - INFO - Bottom 10 Mean Stats: {'Max': np.float64(100.0), 'Min': np.float64(91.0), 'Mean': np.float64(95.5), 'Std': np.float64(4.5)}
2024-11-17 07:15:14,258 - INFO - Bottom 10 Std Stats: {'Max': np.float64(0.0), 'Min': np.float64(0.0), 'Mean': np.float64(0.0), 'Std': np.float64(0.0)}
2024-11-17 07:15:14,262 - INFO - Candidate Mean Stats: {'Max': np.float64(91.0), 'Min': np.float64(-0.5631805280426431), 'Mean': np.float64(0.8168801233629333), 'Std': np.float64(6.20724612466331)}
2024-11-17 07:15:14,262 - INFO - Candidate Std Stats: {'Max': np.float64(0.6191749427698559), 'Min': np.float64(0.0), 'Mean': np.float64(0.05047497419775357), 'Std': np.float64(0.050294720662226094)}
2024-11-17 07:15:14,264 - INFO - Top 10 Mean Stats: {'Max': np.float64(-0.222915283674252), 'Min': np.float64(-0.5631805280426431), 'Mean': np.float64(-0.4195151622158348), 'Std': np.float64(0.09638894337593645)}
2024-11-17 07:15:14,264 - INFO - Top 10 Std Stats: {'Max': np.float64(0.6009264228486116), 'Min': np.float64(0.29712906338191414), 'Mean': np.float64(0.42071109857160477), 'Std': np.float64(0.0788614535987361)}
2024-11-17 07:15:14,264 - INFO - Bottom 10 Mean Stats: {'Max': np.float64(91.0), 'Min': np.float64(75.0), 'Mean': np.float64(82.7), 'Std': np.float64(4.960846701924985)}
2024-11-17 07:15:14,264 - INFO - Bottom 10 Std Stats: {'Max': np.float64(0.0), 'Min': np.float64(0.0), 'Mean': np.float64(0.0), 'Std': np.float64(0.0)}
[I 2024-11-17 07:15:14,278] Trial 399 finished with value: 9.0 and parameters: {'x_0': 0, 'x_1': -1, 'x_2': 2, 'x_3': -2}. Best is trial 179 with value: 1.0.
[I 2024-11-17 07:15:14,280] Trial 365 finished with value: 3.0 and parameters: {'x_0': -1, 'x_1': 1, 'x_2': 1, 'x_3': 0}. Best is trial 320 with value: 0.0.
2024-11-17 07:15:14,329 - INFO - Candidate Mean Stats: {'Max': np.float64(100.0), 'Min': np.float64(-0.1636017148393435), 'Mean': np.float64(1.0190564501754915), 'Std': np.float64(7.258996062345699)}
2024-11-17 07:15:14,330 - INFO - Candidate Std Stats: {'Max': np.float64(0.4590494522714567), 'Min': np.float64(0.0), 'Mean': np.float64(0.02726059719557627), 'Std': np.float64(0.03818552124498669)}
2024-11-17 07:15:14,331 - INFO - Top 10 Mean Stats: {'Max': np.float64(-0.10331385166950698), 'Min': np.float64(-0.1636017148393435), 'Mean': np.float64(-0.14349887612624299), 'Std': np.float64(0.018113855252381513)}
2024-11-17 07:15:14,331 - INFO - Top 10 Std Stats: {'Max': np.float64(0.29777915462177823), 'Min': np.float64(0.25618076992375366), 'Mean': np.float64(0.2752641802782407), 'Std': np.float64(0.012818657612127185)}
2024-11-17 07:15:14,331 - INFO - Bottom 10 Mean Stats: {'Max': np.float64(100.0), 'Min': np.float64(84.0), 'Mean': np.float64(93.0), 'Std': np.float64(5.019960159204453)}
2024-11-17 07:15:14,331 - INFO - Bottom 10 Std Stats: {'Max': np.float64(0.0), 'Min': np.float64(0.0), 'Mean': np.float64(0.0), 'Std': np.float64(0.0)}
[I 2024-11-17 07:15:14,349] Trial 409 finished with value: 10.0 and parameters: {'x_0': -1, 'x_1': 0, 'x_2': 0, 'x_3': -3}. Best is trial 362 with value: 1.0.
2024-11-17 07:15:14,439 - INFO - Candidate Mean Stats: {'Max': np.float64(100.0), 'Min': np.float64(-0.7041430897493872), 'Mean': np.float64(1.1716941568295187), 'Std': np.float64(8.035735137429496)}
2024-11-17 07:15:14,439 - INFO - Candidate Std Stats: {'Max': np.float64(0.4066001952245759), 'Min': np.float64(0.0), 'Mean': np.float64(0.024110612439748446), 'Std': np.float64(0.03553416462978771)}
2024-11-17 07:15:14,441 - INFO - Top 10 Mean Stats: {'Max': np.float64(-0.2785115449577646), 'Min': np.float64(-0.7041430897493872), 'Mean': np.float64(-0.5427694376718165), 'Std': np.float64(0.142670770787569)}
2024-11-17 07:15:14,441 - INFO - Top 10 Std Stats: {'Max': np.float64(0.3113523078678749), 'Min': np.float64(0.05923656172613109), 'Mean': np.float64(0.16553433428065895), 'Std': np.float64(0.09250717526769613)}
2024-11-17 07:15:14,441 - INFO - Bottom 10 Mean Stats: {'Max': np.float64(100.0), 'Min': np.float64(91.0), 'Mean': np.float64(95.5), 'Std': np.float64(4.5)}
2024-11-17 07:15:14,441 - INFO - Bottom 10 Std Stats: {'Max': np.float64(0.0), 'Min': np.float64(0.0), 'Mean': np.float64(0.0), 'Std': np.float64(0.0)}
[I 2024-11-17 07:15:14,457] Trial 400 finished with value: 14.0 and parameters: {'x_0': 0, 'x_1': -1, 'x_2': 2, 'x_3': -3}. Best is trial 179 with value: 1.0.
2024-11-17 07:15:14,536 - INFO - Candidate Mean Stats: {'Max': np.float64(100.0), 'Min': np.float64(-0.21969030889599286), 'Mean': np.float64(1.016870267910738), 'Std': np.float64(7.259738443697697)}
2024-11-17 07:15:14,536 - INFO - Candidate Std Stats: {'Max': np.float64(0.5801160680951074), 'Min': np.float64(0.0), 'Mean': np.float64(0.03174666197080101), 'Std': np.float64(0.04187482775127063)}
2024-11-17 07:15:14,537 - INFO - Top 10 Mean Stats: {'Max': np.float64(-0.12072360296849527), 'Min': np.float64(-0.19187197362525227), 'Mean': np.float64(-0.16982662601973347), 'Std': np.float64(0.022812563937582228)}
2024-11-17 07:15:14,537 - INFO - Top 10 Std Stats: {'Max': np.float64(0.3286253382838262), 'Min': np.float64(0.20825065943119456), 'Mean': np.float64(0.23768161477907074), 'Std': np.float64(0.037742536187635546)}
2024-11-17 07:15:14,537 - INFO - Bottom 10 Mean Stats: {'Max': np.float64(100.0), 'Min': np.float64(84.0), 'Mean': np.float64(93.0), 'Std': np.float64(5.019960159204453)}
2024-11-17 07:15:14,537 - INFO - Bottom 10 Std Stats: {'Max': np.float64(0.0), 'Min': np.float64(0.0), 'Mean': np.float64(0.0), 'Std': np.float64(0.0)}
2024-11-17 07:15:14,541 - INFO - Candidate Mean Stats: {'Max': np.float64(91.0), 'Min': np.float64(-0.9110261614109945), 'Mean': np.float64(0.813388022772918), 'Std': np.float64(6.20775999184986)}
2024-11-17 07:15:14,541 - INFO - Candidate Std Stats: {'Max': np.float64(0.6437828762594497), 'Min': np.float64(0.0), 'Mean': np.float64(0.04415402186067342), 'Std': np.float64(0.047802044852362086)}
2024-11-17 07:15:14,542 - INFO - Top 10 Mean Stats: {'Max': np.float64(-0.12430507926021586), 'Min': np.float64(-0.9110261614109945), 'Mean': np.float64(-0.5172306156447506), 'Std': np.float64(0.23973294576116969)}
2024-11-17 07:15:14,542 - INFO - Top 10 Std Stats: {'Max': np.float64(0.6437828762594497), 'Min': np.float64(0.05186558177962866), 'Mean': np.float64(0.21046384086974174), 'Std': np.float64(0.19851941213855112)}
2024-11-17 07:15:14,543 - INFO - Bottom 10 Mean Stats: {'Max': np.float64(91.0), 'Min': np.float64(75.0), 'Mean': np.float64(82.7), 'Std': np.float64(4.960846701924985)}
2024-11-17 07:15:14,543 - INFO - Bottom 10 Std Stats: {'Max': np.float64(0.0), 'Min': np.float64(0.0), 'Mean': np.float64(0.0), 'Std': np.float64(0.0)}
[I 2024-11-17 07:15:14,555] Trial 410 finished with value: 59.0 and parameters: {'x_0': 3, 'x_1': 5, 'x_2': -3, 'x_3': 4}. Best is trial 362 with value: 1.0.
