[I 2024-11-17 07:13:40,716] Trial 31 finished with value: 29.0 and parameters: {'x_0': -2, 'x_1': 0, 'x_2': -3, 'x_3': -4}. Best is trial 3 with value: 13.0.
2024-11-17 07:13:40,745 - INFO - Candidate Mean Stats: {'Max': np.float64(84.0), 'Min': np.float64(-0.27419560484277794), 'Mean': np.float64(0.08814132105695993), 'Std': np.float64(2.0590482711994404)}
2024-11-17 07:13:40,745 - INFO - Candidate Std Stats: {'Max': np.float64(0.5497754654663098), 'Min': np.float64(0.0), 'Mean': np.float64(0.06410624076622717), 'Std': np.float64(0.047519663848642445)}
2024-11-17 07:13:40,746 - INFO - Top 10 Mean Stats: {'Max': np.float64(-0.11849129561425961), 'Min': np.float64(-0.27419560484277794), 'Mean': np.float64(-0.21212562995666578), 'Std': np.float64(0.04548863261915711)}
2024-11-17 07:13:40,746 - INFO - Top 10 Std Stats: {'Max': np.float64(0.5031214623815595), 'Min': np.float64(0.334695567055643), 'Mean': np.float64(0.41728675859757836), 'Std': np.float64(0.057233977439551526)}
2024-11-17 07:13:40,747 - INFO - Bottom 10 Mean Stats: {'Max': np.float64(84.0), 'Min': np.float64(47.0), 'Mean': np.float64(60.8), 'Std': np.float64(12.929037087115189)}
2024-11-17 07:13:40,747 - INFO - Bottom 10 Std Stats: {'Max': np.float64(0.0), 'Min': np.float64(0.0), 'Mean': np.float64(0.0), 'Std': np.float64(0.0)}
[I 2024-11-17 07:13:40,762] Trial 31 finished with value: 14.0 and parameters: {'x_0': 0, 'x_1': 1, 'x_2': -3, 'x_3': 2}. Best is trial 31 with value: 14.0.
2024-11-17 07:13:40,788 - INFO - Candidate Mean Stats: {'Max': np.float64(70.0), 'Min': np.float64(-0.3013989230706698), 'Mean': np.float64(0.08531895865296393), 'Std': np.float64(2.021418376180933)}
2024-11-17 07:13:40,788 - INFO - Candidate Std Stats: {'Max': np.float64(0.5370541215513195), 'Min': np.float64(0.0), 'Mean': np.float64(0.06111628328457055), 'Std': np.float64(0.048827882963715895)}
2024-11-17 07:13:40,790 - INFO - Top 10 Mean Stats: {'Max': np.float64(-0.17281932467871805), 'Min': np.float64(-0.3013989230706698), 'Mean': np.float64(-0.23693413219117324), 'Std': np.float64(0.04631056247812628)}
2024-11-17 07:13:40,790 - INFO - Top 10 Std Stats: {'Max': np.float64(0.5370541215513195), 'Min': np.float64(0.3319955996314467), 'Mean': np.float64(0.4152675138669542), 'Std': np.float64(0.05671276682913417)}
2024-11-17 07:13:40,790 - INFO - Bottom 10 Mean Stats: {'Max': np.float64(70.0), 'Min': np.float64(51.0), 'Mean': np.float64(58.7), 'Std': np.float64(5.622277118748239)}
2024-11-17 07:13:40,790 - INFO - Bottom 10 Std Stats: {'Max': np.float64(0.0), 'Min': np.float64(0.0), 'Mean': np.float64(0.0), 'Std': np.float64(0.0)}
[I 2024-11-17 07:13:40,803] Trial 30 finished with value: 42.0 and parameters: {'x_0': -3, 'x_1': 4, 'x_2': -1, 'x_3': -4}. Best is trial 7 with value: 6.0.
2024-11-17 07:13:40,957 - INFO - Candidate Mean Stats: {'Max': np.float64(67.0), 'Min': np.float64(-0.23922045996429767), 'Mean': np.float64(0.08171526269617123), 'Std': np.float64(1.906557825185338)}
2024-11-17 07:13:40,958 - INFO - Candidate Std Stats: {'Max': np.float64(0.40100524043473385), 'Min': np.float64(0.0), 'Mean': np.float64(0.06539273643415706), 'Std': np.float64(0.045512230345967464)}
2024-11-17 07:13:40,959 - INFO - Top 10 Mean Stats: {'Max': np.float64(-0.1380421347389365), 'Min': np.float64(-0.23922045996429767), 'Mean': np.float64(-0.188492519789707), 'Std': np.float64(0.02965494944713835)}
2024-11-17 07:13:40,959 - INFO - Top 10 Std Stats: {'Max': np.float64(0.37758291036955094), 'Min': np.float64(0.25750725069840424), 'Mean': np.float64(0.32394467337690946), 'Std': np.float64(0.04225260927031386)}
2024-11-17 07:13:40,959 - INFO - Bottom 10 Mean Stats: {'Max': np.float64(67.0), 'Min': np.float64(46.0), 'Mean': np.float64(56.8), 'Std': np.float64(7.782030583337488)}
2024-11-17 07:13:40,959 - INFO - Bottom 10 Std Stats: {'Max': np.float64(0.0), 'Min': np.float64(0.0), 'Mean': np.float64(0.0), 'Std': np.float64(0.0)}
2024-11-17 07:13:40,964 - INFO - Candidate Mean Stats: {'Max': np.float64(84.0), 'Min': np.float64(-0.224277841581715), 'Mean': np.float64(0.08961435374002692), 'Std': np.float64(2.0622535419932104)}
2024-11-17 07:13:40,964 - INFO - Candidate Std Stats: {'Max': np.float64(0.4133779070477582), 'Min': np.float64(0.0), 'Mean': np.float64(0.06594954418825054), 'Std': np.float64(0.046756360062870046)}
2024-11-17 07:13:40,965 - INFO - Top 10 Mean Stats: {'Max': np.float64(-0.14873349290091997), 'Min': np.float64(-0.224277841581715), 'Mean': np.float64(-0.18352065882194663), 'Std': np.float64(0.022121041222298098)}
2024-11-17 07:13:40,965 - INFO - Top 10 Std Stats: {'Max': np.float64(0.4118923766054636), 'Min': np.float64(0.32109690887880316), 'Mean': np.float64(0.35277185016023715), 'Std': np.float64(0.028685680940463965)}
2024-11-17 07:13:40,965 - INFO - Bottom 10 Mean Stats: {'Max': np.float64(84.0), 'Min': np.float64(47.0), 'Mean': np.float64(60.8), 'Std': np.float64(12.929037087115189)}
2024-11-17 07:13:40,965 - INFO - Bottom 10 Std Stats: {'Max': np.float64(0.0), 'Min': np.float64(0.0), 'Mean': np.float64(0.0), 'Std': np.float64(0.0)}
[I 2024-11-17 07:13:40,972] Trial 32 finished with value: 70.0 and parameters: {'x_0': 5, 'x_1': 2, 'x_2': -5, 'x_3': 4}. Best is trial 3 with value: 13.0.
[I 2024-11-17 07:13:40,981] Trial 32 finished with value: 34.0 and parameters: {'x_0': 5, 'x_1': 0, 'x_2': -3, 'x_3': 0}. Best is trial 31 with value: 14.0.
2024-11-17 07:13:41,018 - INFO - Candidate Mean Stats: {'Max': np.float64(70.0), 'Min': np.float64(-0.30089037175089434), 'Mean': np.float64(0.08850435859123762), 'Std': np.float64(2.0508891080991942)}
2024-11-17 07:13:41,019 - INFO - Candidate Std Stats: {'Max': np.float64(0.5185254587469291), 'Min': np.float64(0.0), 'Mean': np.float64(0.06338812863052966), 'Std': np.float64(0.05022988159525244)}
2024-11-17 07:13:41,021 - INFO - Top 10 Mean Stats: {'Max': np.float64(-0.16494743019271346), 'Min': np.float64(-0.30089037175089434), 'Mean': np.float64(-0.22673891050961995), 'Std': np.float64(0.036030953155701366)}
2024-11-17 07:13:41,021 - INFO - Top 10 Std Stats: {'Max': np.float64(0.5185254587469291), 'Min': np.float64(0.3561620314577023), 'Mean': np.float64(0.40647388943332236), 'Std': np.float64(0.04304260064325425)}
2024-11-17 07:13:41,022 - INFO - Bottom 10 Mean Stats: {'Max': np.float64(70.0), 'Min': np.float64(51.0), 'Mean': np.float64(58.7), 'Std': np.float64(5.622277118748239)}
2024-11-17 07:13:41,022 - INFO - Bottom 10 Std Stats: {'Max': np.float64(0.0), 'Min': np.float64(0.0), 'Mean': np.float64(0.0), 'Std': np.float64(0.0)}
[I 2024-11-17 07:13:41,036] Trial 31 finished with value: 45.0 and parameters: {'x_0': 2, 'x_1': 0, 'x_2': -4, 'x_3': -5}. Best is trial 7 with value: 6.0.
2024-11-17 07:13:41,177 - INFO - Candidate Mean Stats: {'Max': np.float64(70.0), 'Min': np.float64(-0.2651494827955163), 'Mean': np.float64(0.08823940245879928), 'Std': np.float64(1.9921181988491141)}
2024-11-17 07:13:41,177 - INFO - Candidate Std Stats: {'Max': np.float64(0.527887820739772), 'Min': np.float64(0.0), 'Mean': np.float64(0.06404202200612773), 'Std': np.float64(0.04642259371036601)}
2024-11-17 07:13:41,178 - INFO - Top 10 Mean Stats: {'Max': np.float64(-0.1515566461439969), 'Min': np.float64(-0.2651494827955163), 'Mean': np.float64(-0.1877392571192431), 'Std': np.float64(0.02909464318030308)}
2024-11-17 07:13:41,178 - INFO - Top 10 Std Stats: {'Max': np.float64(0.527887820739772), 'Min': np.float64(0.3138601492590829), 'Mean': np.float64(0.381383327543097), 'Std': np.float64(0.07506881183626556)}
2024-11-17 07:13:41,178 - INFO - Bottom 10 Mean Stats: {'Max': np.float64(70.0), 'Min': np.float64(49.0), 'Mean': np.float64(59.2), 'Std': np.float64(7.782030583337488)}
2024-11-17 07:13:41,178 - INFO - Bottom 10 Std Stats: {'Max': np.float64(0.0), 'Min': np.float64(0.0), 'Mean': np.float64(0.0), 'Std': np.float64(0.0)}
2024-11-17 07:13:41,188 - INFO - Candidate Mean Stats: {'Max': np.float64(84.0), 'Min': np.float64(-0.2800118068027547), 'Mean': np.float64(0.09168157346292427), 'Std': np.float64(2.081195195041387)}
2024-11-17 07:13:41,188 - INFO - Candidate Std Stats: {'Max': np.float64(0.4974574238635514), 'Min': np.float64(0.0), 'Mean': np.float64(0.06334877110837157), 'Std': np.float64(0.0481583607614606)}
2024-11-17 07:13:41,189 - INFO - Top 10 Mean Stats: {'Max': np.float64(-0.16962942550992247), 'Min': np.float64(-0.2800118068027547), 'Mean': np.float64(-0.21543227190665698), 'Std': np.float64(0.029363487864840297)}
2024-11-17 07:13:41,189 - INFO - Top 10 Std Stats: {'Max': np.float64(0.4974574238635514), 'Min': np.float64(0.3652274717944681), 'Mean': np.float64(0.4066855668171551), 'Std': np.float64(0.041237950776644244)}
2024-11-17 07:13:41,189 - INFO - Bottom 10 Mean Stats: {'Max': np.float64(84.0), 'Min': np.float64(47.0), 'Mean': np.float64(60.8), 'Std': np.float64(12.929037087115189)}
2024-11-17 07:13:41,189 - INFO - Bottom 10 Std Stats: {'Max': np.float64(0.0), 'Min': np.float64(0.0), 'Mean': np.float64(0.0), 'Std': np.float64(0.0)}
[I 2024-11-17 07:13:41,192] Trial 33 finished with value: 58.0 and parameters: {'x_0': -4, 'x_1': -1, 'x_2': 5, 'x_3': -4}. Best is trial 3 with value: 13.0.
[I 2024-11-17 07:13:41,202] Trial 33 finished with value: 49.0 and parameters: {'x_0': -5, 'x_1': -4, 'x_2': -2, 'x_3': 2}. Best is trial 31 with value: 14.0.
2024-11-17 07:13:41,269 - INFO - Candidate Mean Stats: {'Max': np.float64(70.0), 'Min': np.float64(-0.344891194059023), 'Mean': np.float64(0.08963710753368019), 'Std': np.float64(2.0842918677271616)}
2024-11-17 07:13:41,270 - INFO - Candidate Std Stats: {'Max': np.float64(0.7797489032813898), 'Min': np.float64(0.0), 'Mean': np.float64(0.06620343599011026), 'Std': np.float64(0.048075969170285796)}
2024-11-17 07:13:41,271 - INFO - Top 10 Mean Stats: {'Max': np.float64(-0.17868327294861724), 'Min': np.float64(-0.344891194059023), 'Mean': np.float64(-0.22198820279857595), 'Std': np.float64(0.047064529481511554)}
2024-11-17 07:13:41,271 - INFO - Top 10 Std Stats: {'Max': np.float64(0.7797489032813898), 'Min': np.float64(0.33681160654492337), 'Mean': np.float64(0.424354262886742), 'Std': np.float64(0.12369814082866006)}
2024-11-17 07:13:41,271 - INFO - Bottom 10 Mean Stats: {'Max': np.float64(70.0), 'Min': np.float64(51.0), 'Mean': np.float64(58.7), 'Std': np.float64(5.622277118748239)}
2024-11-17 07:13:41,271 - INFO - Bottom 10 Std Stats: {'Max': np.float64(0.0), 'Min': np.float64(0.0), 'Mean': np.float64(0.0), 'Std': np.float64(0.0)}
[I 2024-11-17 07:13:41,284] Trial 32 finished with value: 7.0 and parameters: {'x_0': 1, 'x_1': -1, 'x_2': -1, 'x_3': -2}. Best is trial 7 with value: 6.0.
2024-11-17 07:13:41,357 - INFO - Candidate Mean Stats: {'Max': np.float64(70.0), 'Min': np.float64(-0.28010813841233273), 'Mean': np.float64(0.09115084497597778), 'Std': np.float64(2.048845889646768)}
2024-11-17 07:13:41,357 - INFO - Candidate Std Stats: {'Max': np.float64(0.48733344230362097), 'Min': np.float64(0.0), 'Mean': np.float64(0.06135847013703825), 'Std': np.float64(0.051098064055458935)}
2024-11-17 07:13:41,358 - INFO - Top 10 Mean Stats: {'Max': np.float64(-0.1406734590609757), 'Min': np.float64(-0.28010813841233273), 'Mean': np.float64(-0.20097607512420765), 'Std': np.float64(0.04578364199956278)}
2024-11-17 07:13:41,358 - INFO - Top 10 Std Stats: {'Max': np.float64(0.45549128324070215), 'Min': np.float64(0.24433171337955975), 'Mean': np.float64(0.3432869837741239), 'Std': np.float64(0.050835428279595266)}
2024-11-17 07:13:41,359 - INFO - Bottom 10 Mean Stats: {'Max': np.float64(70.0), 'Min': np.float64(49.0), 'Mean': np.float64(60.1), 'Std': np.float64(7.034912934784622)}
2024-11-17 07:13:41,359 - INFO - Bottom 10 Std Stats: {'Max': np.float64(0.0), 'Min': np.float64(0.0), 'Mean': np.float64(0.0), 'Std': np.float64(0.0)}
[I 2024-11-17 07:13:41,371] Trial 34 finished with value: 21.0 and parameters: {'x_0': 2, 'x_1': 2, 'x_2': 2, 'x_3': -3}. Best is trial 3 with value: 13.0.
2024-11-17 07:13:41,411 - INFO - Candidate Mean Stats: {'Max': np.float64(84.0), 'Min': np.float64(-0.2596150283547633), 'Mean': np.float64(0.09489708004071225), 'Std': np.float64(2.120094247975261)}
2024-11-17 07:13:41,411 - INFO - Candidate Std Stats: {'Max': np.float64(0.4676294336690921), 'Min': np.float64(0.0), 'Mean': np.float64(0.06406205272384413), 'Std': np.float64(0.046552661682644235)}
2024-11-17 07:13:41,412 - INFO - Top 10 Mean Stats: {'Max': np.float64(-0.1260661531614523), 'Min': np.float64(-0.2596150283547633), 'Mean': np.float64(-0.17611029853183074), 'Std': np.float64(0.03660355396479085)}
2024-11-17 07:13:41,412 - INFO - Top 10 Std Stats: {'Max': np.float64(0.36479999444902383), 'Min': np.float64(0.26689247553944173), 'Mean': np.float64(0.32783763408428235), 'Std': np.float64(0.030807135210579283)}
2024-11-17 07:13:41,412 - INFO - Bottom 10 Mean Stats: {'Max': np.float64(84.0), 'Min': np.float64(49.0), 'Mean': np.float64(61.0), 'Std': np.float64(12.727922061357855)}
2024-11-17 07:13:41,412 - INFO - Bottom 10 Std Stats: {'Max': np.float64(0.0), 'Min': np.float64(0.0), 'Mean': np.float64(0.0), 'Std': np.float64(0.0)}
[I 2024-11-17 07:13:41,427] Trial 34 finished with value: 39.0 and parameters: {'x_0': -3, 'x_1': -1, 'x_2': 2, 'x_3': 5}. Best is trial 31 with value: 14.0.
2024-11-17 07:13:41,487 - INFO - Candidate Mean Stats: {'Max': np.float64(70.0), 'Min': np.float64(-0.32471524746532393), 'Mean': np.float64(0.09152205269095064), 'Std': np.float64(2.0850069158912983)}
2024-11-17 07:13:41,487 - INFO - Candidate Std Stats: {'Max': np.float64(0.43545736249840783), 'Min': np.float64(0.0), 'Mean': np.float64(0.06397224407212548), 'Std': np.float64(0.04748466535015124)}
2024-11-17 07:13:41,488 - INFO - Top 10 Mean Stats: {'Max': np.float64(-0.15890188320282642), 'Min': np.float64(-0.32471524746532393), 'Mean': np.float64(-0.22004219074937756), 'Std': np.float64(0.04632811661944058)}
2024-11-17 07:13:41,488 - INFO - Top 10 Std Stats: {'Max': np.float64(0.42024423293456536), 'Min': np.float64(0.2628652934509258), 'Mean': np.float64(0.3486941284130615), 'Std': np.float64(0.04638400797933606)}
2024-11-17 07:13:41,488 - INFO - Bottom 10 Mean Stats: {'Max': np.float64(70.0), 'Min': np.float64(51.0), 'Mean': np.float64(58.7), 'Std': np.float64(5.622277118748239)}
2024-11-17 07:13:41,488 - INFO - Bottom 10 Std Stats: {'Max': np.float64(0.0), 'Min': np.float64(0.0), 'Mean': np.float64(0.0), 'Std': np.float64(0.0)}
[I 2024-11-17 07:13:41,502] Trial 33 finished with value: 39.0 and parameters: {'x_0': -5, 'x_1': -2, 'x_2': -1, 'x_3': -3}. Best is trial 7 with value: 6.0.
2024-11-17 07:13:41,582 - INFO - Candidate Mean Stats: {'Max': np.float64(70.0), 'Min': np.float64(-0.24821333834557707), 'Mean': np.float64(0.0931500162168716), 'Std': np.float64(2.056094210230741)}
2024-11-17 07:13:41,582 - INFO - Candidate Std Stats: {'Max': np.float64(0.5303206934385399), 'Min': np.float64(0.0), 'Mean': np.float64(0.06229911902965444), 'Std': np.float64(0.05008543021167397)}
2024-11-17 07:13:41,583 - INFO - Top 10 Mean Stats: {'Max': np.float64(-0.18051195844967238), 'Min': np.float64(-0.24821333834557707), 'Mean': np.float64(-0.21309747233800533), 'Std': np.float64(0.023817099858584864)}
2024-11-17 07:13:41,583 - INFO - Top 10 Std Stats: {'Max': np.float64(0.5303206934385399), 'Min': np.float64(0.38243558451916315), 'Mean': np.float64(0.4281535779119848), 'Std': np.float64(0.0442943181547169)}
2024-11-17 07:13:41,584 - INFO - Bottom 10 Mean Stats: {'Max': np.float64(70.0), 'Min': np.float64(49.0), 'Mean': np.float64(60.1), 'Std': np.float64(7.034912934784622)}
2024-11-17 07:13:41,584 - INFO - Bottom 10 Std Stats: {'Max': np.float64(0.0), 'Min': np.float64(0.0), 'Mean': np.float64(0.0), 'Std': np.float64(0.0)}
[I 2024-11-17 07:13:41,598] Trial 35 finished with value: 46.0 and parameters: {'x_0': 5, 'x_1': -1, 'x_2': 4, 'x_3': 2}. Best is trial 3 with value: 13.0.
2024-11-17 07:13:41,655 - INFO - Candidate Mean Stats: {'Max': np.float64(84.0), 'Min': np.float64(-0.22758712062939535), 'Mean': np.float64(0.09735313829770682), 'Std': np.float64(2.14433320710904)}
2024-11-17 07:13:41,655 - INFO - Candidate Std Stats: {'Max': np.float64(0.42660240479591066), 'Min': np.float64(0.0), 'Mean': np.float64(0.06165305468377391), 'Std': np.float64(0.046850557268792836)}
2024-11-17 07:13:41,657 - INFO - Top 10 Mean Stats: {'Max': np.float64(-0.15930147589702395), 'Min': np.float64(-0.2084910600185776), 'Mean': np.float64(-0.1865068927810276), 'Std': np.float64(0.017528791998401197)}
2024-11-17 07:13:41,657 - INFO - Top 10 Std Stats: {'Max': np.float64(0.41384702356598846), 'Min': np.float64(0.3215094379258297), 'Mean': np.float64(0.35480623823325186), 'Std': np.float64(0.03138042758093851)}
2024-11-17 07:13:41,657 - INFO - Bottom 10 Mean Stats: {'Max': np.float64(84.0), 'Min': np.float64(49.0), 'Mean': np.float64(61.0), 'Std': np.float64(12.727922061357855)}
2024-11-17 07:13:41,657 - INFO - Bottom 10 Std Stats: {'Max': np.float64(0.0), 'Min': np.float64(0.0), 'Mean': np.float64(0.0), 'Std': np.float64(0.0)}
[I 2024-11-17 07:13:41,671] Trial 35 finished with value: 59.0 and parameters: {'x_0': 5, 'x_1': 0, 'x_2': 5, 'x_3': 3}. Best is trial 31 with value: 14.0.
2024-11-17 07:13:41,729 - INFO - Candidate Mean Stats: {'Max': np.float64(70.0), 'Min': np.float64(-0.27989048887647405), 'Mean': np.float64(0.09311351940399681), 'Std': np.float64(2.1096949719885005)}
2024-11-17 07:13:41,729 - INFO - Candidate Std Stats: {'Max': np.float64(0.6153361168606422), 'Min': np.float64(0.0), 'Mean': np.float64(0.06500843226154017), 'Std': np.float64(0.04759173251474607)}
2024-11-17 07:13:41,730 - INFO - Top 10 Mean Stats: {'Max': np.float64(-0.06568540221844162), 'Min': np.float64(-0.27989048887647405), 'Mean': np.float64(-0.205050097470275), 'Std': np.float64(0.058421596603331294)}
2024-11-17 07:13:41,730 - INFO - Top 10 Std Stats: {'Max': np.float64(0.5210863728537753), 'Min': np.float64(0.2989216244868385), 'Mean': np.float64(0.3985942681369008), 'Std': np.float64(0.06344149188453836)}
2024-11-17 07:13:41,730 - INFO - Bottom 10 Mean Stats: {'Max': np.float64(70.0), 'Min': np.float64(51.0), 'Mean': np.float64(58.7), 'Std': np.float64(5.622277118748239)}
2024-11-17 07:13:41,730 - INFO - Bottom 10 Std Stats: {'Max': np.float64(0.0), 'Min': np.float64(0.0), 'Mean': np.float64(0.0), 'Std': np.float64(0.0)}
[I 2024-11-17 07:13:41,746] Trial 34 finished with value: 30.0 and parameters: {'x_0': -3, 'x_1': -1, 'x_2': 2, 'x_3': 4}. Best is trial 7 with value: 6.0.
2024-11-17 07:13:41,810 - INFO - Candidate Mean Stats: {'Max': np.float64(70.0), 'Min': np.float64(-0.28079183173818195), 'Mean': np.float64(0.09791663692508404), 'Std': np.float64(2.0907181096827525)}
2024-11-17 07:13:41,811 - INFO - Candidate Std Stats: {'Max': np.float64(0.5191894067483946), 'Min': np.float64(0.0), 'Mean': np.float64(0.06530861646345933), 'Std': np.float64(0.045167569615307705)}
2024-11-17 07:13:41,812 - INFO - Top 10 Mean Stats: {'Max': np.float64(-0.16462860277097194), 'Min': np.float64(-0.28079183173818195), 'Mean': np.float64(-0.20105790893441008), 'Std': np.float64(0.03518463046673838)}
2024-11-17 07:13:41,812 - INFO - Top 10 Std Stats: {'Max': np.float64(0.5191894067483946), 'Min': np.float64(0.3001601250434974), 'Mean': np.float64(0.3923786550268689), 'Std': np.float64(0.07487312058341407)}
2024-11-17 07:13:41,812 - INFO - Bottom 10 Mean Stats: {'Max': np.float64(70.0), 'Min': np.float64(49.0), 'Mean': np.float64(60.1), 'Std': np.float64(7.034912934784622)}
2024-11-17 07:13:41,812 - INFO - Bottom 10 Std Stats: {'Max': np.float64(0.0), 'Min': np.float64(0.0), 'Mean': np.float64(0.0), 'Std': np.float64(0.0)}
[I 2024-11-17 07:13:41,827] Trial 36 finished with value: 14.0 and parameters: {'x_0': -1, 'x_1': 2, 'x_2': -3, 'x_3': 0}. Best is trial 3 with value: 13.0.
2024-11-17 07:13:41,880 - INFO - Candidate Mean Stats: {'Max': np.float64(84.0), 'Min': np.float64(-0.24965537560787085), 'Mean': np.float64(0.10118522495895943), 'Std': np.float64(2.1989173934601007)}
2024-11-17 07:13:41,880 - INFO - Candidate Std Stats: {'Max': np.float64(0.48418493144623864), 'Min': np.float64(0.0), 'Mean': np.float64(0.0656661401636545), 'Std': np.float64(0.04734964604528916)}
2024-11-17 07:13:41,881 - INFO - Top 10 Mean Stats: {'Max': np.float64(-0.1393178651703066), 'Min': np.float64(-0.24965537560787085), 'Mean': np.float64(-0.18427714184299143), 'Std': np.float64(0.03410955081192202)}
2024-11-17 07:13:41,881 - INFO - Top 10 Std Stats: {'Max': np.float64(0.48418493144623864), 'Min': np.float64(0.2914111569714955), 'Mean': np.float64(0.34888719759205233), 'Std': np.float64(0.060451410866443664)}
2024-11-17 07:13:41,881 - INFO - Bottom 10 Mean Stats: {'Max': np.float64(84.0), 'Min': np.float64(49.0), 'Mean': np.float64(62.0), 'Std': np.float64(12.12435565298214)}
2024-11-17 07:13:41,881 - INFO - Bottom 10 Std Stats: {'Max': np.float64(0.0), 'Min': np.float64(0.0), 'Mean': np.float64(0.0), 'Std': np.float64(0.0)}
