[I 2024-11-17 07:14:34,526] Trial 230 finished with value: 10.0 and parameters: {'x_0': -2, 'x_1': -2, 'x_2': -1, 'x_3': -1}. Best is trial 141 with value: 2.0.
2024-11-17 07:14:34,633 - INFO - Candidate Mean Stats: {'Max': np.float64(100.0), 'Min': np.float64(-0.2544130032235533), 'Mean': np.float64(0.8352474344421722), 'Std': np.float64(6.987590619356329)}
2024-11-17 07:14:34,634 - INFO - Candidate Std Stats: {'Max': np.float64(0.5066440877339837), 'Min': np.float64(0.0), 'Mean': np.float64(0.043628073067332754), 'Std': np.float64(0.042837274857488436)}
2024-11-17 07:14:34,635 - INFO - Top 10 Mean Stats: {'Max': np.float64(-0.14553371090853234), 'Min': np.float64(-0.2544130032235533), 'Mean': np.float64(-0.19079703715369511), 'Std': np.float64(0.03724082828595585)}
2024-11-17 07:14:34,636 - INFO - Top 10 Std Stats: {'Max': np.float64(0.5066440877339837), 'Min': np.float64(0.3070051202864627), 'Mean': np.float64(0.38208982495432303), 'Std': np.float64(0.0685216431016985)}
2024-11-17 07:14:34,636 - INFO - Bottom 10 Mean Stats: {'Max': np.float64(100.0), 'Min': np.float64(91.0), 'Mean': np.float64(95.5), 'Std': np.float64(4.5)}
2024-11-17 07:14:34,636 - INFO - Bottom 10 Std Stats: {'Max': np.float64(0.0), 'Min': np.float64(0.0), 'Mean': np.float64(0.0), 'Std': np.float64(0.0)}
[I 2024-11-17 07:14:34,653] Trial 245 finished with value: 21.0 and parameters: {'x_0': 2, 'x_1': 2, 'x_2': 3, 'x_3': -2}. Best is trial 179 with value: 1.0.
2024-11-17 07:14:34,718 - INFO - Candidate Mean Stats: {'Max': np.float64(100.0), 'Min': np.float64(-0.2377007340219015), 'Mean': np.float64(0.7282506773077007), 'Std': np.float64(6.31838186400871)}
2024-11-17 07:14:34,718 - INFO - Candidate Std Stats: {'Max': np.float64(0.6335782848025067), 'Min': np.float64(0.0), 'Mean': np.float64(0.049175361603746366), 'Std': np.float64(0.04517538156896557)}
2024-11-17 07:14:34,720 - INFO - Top 10 Mean Stats: {'Max': np.float64(-0.13351995086391952), 'Min': np.float64(-0.2377007340219015), 'Mean': np.float64(-0.17017573931174523), 'Std': np.float64(0.027550265460444538)}
2024-11-17 07:14:34,720 - INFO - Top 10 Std Stats: {'Max': np.float64(0.44842823845579266), 'Min': np.float64(0.2686887833808083), 'Mean': np.float64(0.3565824375547824), 'Std': np.float64(0.05617484875517688)}
2024-11-17 07:14:34,720 - INFO - Bottom 10 Mean Stats: {'Max': np.float64(100.0), 'Min': np.float64(84.0), 'Mean': np.float64(90.7), 'Std': np.float64(5.550675634551167)}
2024-11-17 07:14:34,720 - INFO - Bottom 10 Std Stats: {'Max': np.float64(0.0), 'Min': np.float64(0.0), 'Mean': np.float64(0.0), 'Std': np.float64(0.0)}
[I 2024-11-17 07:14:34,735] Trial 238 finished with value: 51.0 and parameters: {'x_0': -3, 'x_1': -5, 'x_2': 1, 'x_3': 4}. Best is trial 190 with value: 6.0.
2024-11-17 07:14:34,769 - INFO - Candidate Mean Stats: {'Max': np.float64(75.0), 'Min': np.float64(-0.24505258896183757), 'Mean': np.float64(0.5752036277255771), 'Std': np.float64(5.112374696605382)}
2024-11-17 07:14:34,769 - INFO - Candidate Std Stats: {'Max': np.float64(0.6430730056451577), 'Min': np.float64(0.0), 'Mean': np.float64(0.061206583107399584), 'Std': np.float64(0.05145603629498405)}
2024-11-17 07:14:34,771 - INFO - Top 10 Mean Stats: {'Max': np.float64(-0.1621062560688138), 'Min': np.float64(-0.24505258896183757), 'Mean': np.float64(-0.2021835406571672), 'Std': np.float64(0.026120142665143835)}
2024-11-17 07:14:34,771 - INFO - Top 10 Std Stats: {'Max': np.float64(0.6430730056451577), 'Min': np.float64(0.355649490450412), 'Mean': np.float64(0.4295163723359511), 'Std': np.float64(0.07803904081749938)}
2024-11-17 07:14:34,771 - INFO - Bottom 10 Mean Stats: {'Max': np.float64(75.0), 'Min': np.float64(70.0), 'Mean': np.float64(73.6), 'Std': np.float64(1.9595917942265422)}
2024-11-17 07:14:34,771 - INFO - Bottom 10 Std Stats: {'Max': np.float64(0.0), 'Min': np.float64(0.0), 'Mean': np.float64(0.0), 'Std': np.float64(0.0)}
[I 2024-11-17 07:14:34,788] Trial 231 finished with value: 52.0 and parameters: {'x_0': 1, 'x_1': -5, 'x_2': 5, 'x_3': -1}. Best is trial 141 with value: 2.0.
2024-11-17 07:14:34,878 - INFO - Candidate Mean Stats: {'Max': np.float64(100.0), 'Min': np.float64(-0.28439336860128595), 'Mean': np.float64(0.8334616498622506), 'Std': np.float64(6.989957177970053)}
2024-11-17 07:14:34,878 - INFO - Candidate Std Stats: {'Max': np.float64(0.556413298026783), 'Min': np.float64(0.0), 'Mean': np.float64(0.04609251855790707), 'Std': np.float64(0.04592032816470545)}
2024-11-17 07:14:34,880 - INFO - Top 10 Mean Stats: {'Max': np.float64(-0.08211376322102998), 'Min': np.float64(-0.28439336860128595), 'Mean': np.float64(-0.17181709735447317), 'Std': np.float64(0.062405062529005566)}
2024-11-17 07:14:34,880 - INFO - Top 10 Std Stats: {'Max': np.float64(0.4514937883554077), 'Min': np.float64(0.3096869923674149), 'Mean': np.float64(0.3880357118856569), 'Std': np.float64(0.042487735701561995)}
2024-11-17 07:14:34,880 - INFO - Bottom 10 Mean Stats: {'Max': np.float64(100.0), 'Min': np.float64(91.0), 'Mean': np.float64(95.5), 'Std': np.float64(4.5)}
2024-11-17 07:14:34,880 - INFO - Bottom 10 Std Stats: {'Max': np.float64(0.0), 'Min': np.float64(0.0), 'Mean': np.float64(0.0), 'Std': np.float64(0.0)}
[I 2024-11-17 07:14:34,896] Trial 246 finished with value: 42.0 and parameters: {'x_0': 5, 'x_1': 0, 'x_2': -4, 'x_3': -1}. Best is trial 179 with value: 1.0.
2024-11-17 07:14:34,945 - INFO - Candidate Mean Stats: {'Max': np.float64(100.0), 'Min': np.float64(-0.2765356898195351), 'Mean': np.float64(0.7334309179727336), 'Std': np.float64(6.331817966799857)}
2024-11-17 07:14:34,945 - INFO - Candidate Std Stats: {'Max': np.float64(0.5747913755962583), 'Min': np.float64(0.0), 'Mean': np.float64(0.05072732472285026), 'Std': np.float64(0.050779882238387024)}
2024-11-17 07:14:34,946 - INFO - Top 10 Mean Stats: {'Max': np.float64(-0.14565410771789933), 'Min': np.float64(-0.2765356898195351), 'Mean': np.float64(-0.19254682078538582), 'Std': np.float64(0.03732063357271072)}
2024-11-17 07:14:34,946 - INFO - Top 10 Std Stats: {'Max': np.float64(0.5428948578744192), 'Min': np.float64(0.3263836764915739), 'Mean': np.float64(0.41655725045884634), 'Std': np.float64(0.06808248752795787)}
2024-11-17 07:14:34,946 - INFO - Bottom 10 Mean Stats: {'Max': np.float64(100.0), 'Min': np.float64(84.0), 'Mean': np.float64(90.7), 'Std': np.float64(5.550675634551167)}
2024-11-17 07:14:34,946 - INFO - Bottom 10 Std Stats: {'Max': np.float64(0.0), 'Min': np.float64(0.0), 'Mean': np.float64(0.0), 'Std': np.float64(0.0)}
[I 2024-11-17 07:14:34,962] Trial 239 finished with value: 58.0 and parameters: {'x_0': 2, 'x_1': 5, 'x_2': 5, 'x_3': -2}. Best is trial 190 with value: 6.0.
2024-11-17 07:14:35,054 - INFO - Candidate Mean Stats: {'Max': np.float64(75.0), 'Min': np.float64(-0.24781530080280936), 'Mean': np.float64(0.57857975302189), 'Std': np.float64(5.130020159090664)}
2024-11-17 07:14:35,055 - INFO - Candidate Std Stats: {'Max': np.float64(0.5228277554958087), 'Min': np.float64(0.0), 'Mean': np.float64(0.06053132476512063), 'Std': np.float64(0.05011444087662464)}
2024-11-17 07:14:35,056 - INFO - Top 10 Mean Stats: {'Max': np.float64(-0.10063690565905829), 'Min': np.float64(-0.21802692130463114), 'Mean': np.float64(-0.17714158100208852), 'Std': np.float64(0.03517838114022315)}
2024-11-17 07:14:35,056 - INFO - Top 10 Std Stats: {'Max': np.float64(0.5228277554958087), 'Min': np.float64(0.3077614491796413), 'Mean': np.float64(0.39625069182911216), 'Std': np.float64(0.06484471163957482)}
2024-11-17 07:14:35,056 - INFO - Bottom 10 Mean Stats: {'Max': np.float64(75.0), 'Min': np.float64(70.0), 'Mean': np.float64(73.6), 'Std': np.float64(1.9595917942265422)}
2024-11-17 07:14:35,056 - INFO - Bottom 10 Std Stats: {'Max': np.float64(0.0), 'Min': np.float64(0.0), 'Mean': np.float64(0.0), 'Std': np.float64(0.0)}
[I 2024-11-17 07:14:35,079] Trial 232 finished with value: 13.0 and parameters: {'x_0': 3, 'x_1': 0, 'x_2': -2, 'x_3': 0}. Best is trial 141 with value: 2.0.
2024-11-17 07:14:35,095 - INFO - Candidate Mean Stats: {'Max': np.float64(100.0), 'Min': np.float64(-0.2050650794188718), 'Mean': np.float64(0.8402699473523948), 'Std': np.float64(6.9977685714332685)}
2024-11-17 07:14:35,095 - INFO - Candidate Std Stats: {'Max': np.float64(0.47086179441548215), 'Min': np.float64(0.0), 'Mean': np.float64(0.04741725499134992), 'Std': np.float64(0.04468082449441834)}
2024-11-17 07:14:35,096 - INFO - Top 10 Mean Stats: {'Max': np.float64(-0.023842741670840013), 'Min': np.float64(-0.20390768027723594), 'Mean': np.float64(-0.1229774143355981), 'Std': np.float64(0.05413528219901013)}
2024-11-17 07:14:35,097 - INFO - Top 10 Std Stats: {'Max': np.float64(0.4097247997500796), 'Min': np.float64(0.24111523457104916), 'Mean': np.float64(0.31333853377703696), 'Std': np.float64(0.049805850536692)}
2024-11-17 07:14:35,097 - INFO - Bottom 10 Mean Stats: {'Max': np.float64(100.0), 'Min': np.float64(91.0), 'Mean': np.float64(95.5), 'Std': np.float64(4.5)}
2024-11-17 07:14:35,097 - INFO - Bottom 10 Std Stats: {'Max': np.float64(0.0), 'Min': np.float64(0.0), 'Mean': np.float64(0.0), 'Std': np.float64(0.0)}
[I 2024-11-17 07:14:35,115] Trial 247 finished with value: 46.0 and parameters: {'x_0': 4, 'x_1': -5, 'x_2': 2, 'x_3': 1}. Best is trial 179 with value: 1.0.
2024-11-17 07:14:35,226 - INFO - Candidate Mean Stats: {'Max': np.float64(100.0), 'Min': np.float64(-0.24705308311040336), 'Mean': np.float64(0.7368396886929606), 'Std': np.float64(6.34953196122916)}
2024-11-17 07:14:35,226 - INFO - Candidate Std Stats: {'Max': np.float64(0.6147255081723417), 'Min': np.float64(0.0), 'Mean': np.float64(0.05299616219420947), 'Std': np.float64(0.04938212862175775)}
2024-11-17 07:14:35,227 - INFO - Top 10 Mean Stats: {'Max': np.float64(-0.0009639909228116971), 'Min': np.float64(-0.2323984589184646), 'Mean': np.float64(-0.14651716172840032), 'Std': np.float64(0.06113701651249537)}
2024-11-17 07:14:35,227 - INFO - Top 10 Std Stats: {'Max': np.float64(0.6147255081723417), 'Min': np.float64(0.23164998527530237), 'Mean': np.float64(0.39160477923742854), 'Std': np.float64(0.09864656771644792)}
2024-11-17 07:14:35,227 - INFO - Bottom 10 Mean Stats: {'Max': np.float64(100.0), 'Min': np.float64(84.0), 'Mean': np.float64(90.7), 'Std': np.float64(5.550675634551167)}
2024-11-17 07:14:35,227 - INFO - Bottom 10 Std Stats: {'Max': np.float64(0.0), 'Min': np.float64(0.0), 'Mean': np.float64(0.0), 'Std': np.float64(0.0)}
[I 2024-11-17 07:14:35,243] Trial 240 finished with value: 75.0 and parameters: {'x_0': 3, 'x_1': 4, 'x_2': -5, 'x_3': -5}. Best is trial 190 with value: 6.0.
2024-11-17 07:14:35,333 - INFO - Candidate Mean Stats: {'Max': np.float64(75.0), 'Min': np.float64(-0.26361488139619244), 'Mean': np.float64(0.5782030617870443), 'Std': np.float64(5.131187608292509)}
2024-11-17 07:14:35,333 - INFO - Candidate Std Stats: {'Max': np.float64(0.4996329516195567), 'Min': np.float64(0.0), 'Mean': np.float64(0.06309311572606835), 'Std': np.float64(0.047902094275609215)}
2024-11-17 07:14:35,334 - INFO - Top 10 Mean Stats: {'Max': np.float64(-0.14396135140908234), 'Min': np.float64(-0.26361488139619244), 'Mean': np.float64(-0.19530807813920298), 'Std': np.float64(0.03012215470718322)}
2024-11-17 07:14:35,334 - INFO - Top 10 Std Stats: {'Max': np.float64(0.494988128347799), 'Min': np.float64(0.3268217661915328), 'Mean': np.float64(0.4033468646987889), 'Std': np.float64(0.05196832175005702)}
2024-11-17 07:14:35,335 - INFO - Bottom 10 Mean Stats: {'Max': np.float64(75.0), 'Min': np.float64(70.0), 'Mean': np.float64(73.6), 'Std': np.float64(1.9595917942265422)}
2024-11-17 07:14:35,335 - INFO - Bottom 10 Std Stats: {'Max': np.float64(0.0), 'Min': np.float64(0.0), 'Mean': np.float64(0.0), 'Std': np.float64(0.0)}
[I 2024-11-17 07:14:35,350] Trial 233 finished with value: 26.0 and parameters: {'x_0': 0, 'x_1': -1, 'x_2': 5, 'x_3': 0}. Best is trial 141 with value: 2.0.
2024-11-17 07:14:35,381 - INFO - Candidate Mean Stats: {'Max': np.float64(100.0), 'Min': np.float64(-0.1973424124048638), 'Mean': np.float64(0.8432732308577199), 'Std': np.float64(7.007729487582366)}
2024-11-17 07:14:35,381 - INFO - Candidate Std Stats: {'Max': np.float64(0.4731018568136784), 'Min': np.float64(0.0), 'Mean': np.float64(0.04925010679791652), 'Std': np.float64(0.042992761692907076)}
2024-11-17 07:14:35,383 - INFO - Top 10 Mean Stats: {'Max': np.float64(-0.09158416151635669), 'Min': np.float64(-0.1973424124048638), 'Mean': np.float64(-0.13197476129042598), 'Std': np.float64(0.027044347635954025)}
2024-11-17 07:14:35,383 - INFO - Top 10 Std Stats: {'Max': np.float64(0.4731018568136784), 'Min': np.float64(0.2560176003927711), 'Mean': np.float64(0.3193924929101669), 'Std': np.float64(0.062280457225265796)}
2024-11-17 07:14:35,383 - INFO - Bottom 10 Mean Stats: {'Max': np.float64(100.0), 'Min': np.float64(91.0), 'Mean': np.float64(95.5), 'Std': np.float64(4.5)}
2024-11-17 07:14:35,383 - INFO - Bottom 10 Std Stats: {'Max': np.float64(0.0), 'Min': np.float64(0.0), 'Mean': np.float64(0.0), 'Std': np.float64(0.0)}
[I 2024-11-17 07:14:35,397] Trial 248 finished with value: 59.0 and parameters: {'x_0': 3, 'x_1': -5, 'x_2': -4, 'x_3': 3}. Best is trial 179 with value: 1.0.
2024-11-17 07:14:35,473 - INFO - Candidate Mean Stats: {'Max': np.float64(100.0), 'Min': np.float64(-0.2664737746850537), 'Mean': np.float64(0.7442173336832337), 'Std': np.float64(6.378870475429027)}
2024-11-17 07:14:35,473 - INFO - Candidate Std Stats: {'Max': np.float64(0.708421622250057), 'Min': np.float64(0.0), 'Mean': np.float64(0.05489906416425713), 'Std': np.float64(0.04897944733553813)}
2024-11-17 07:14:35,474 - INFO - Top 10 Mean Stats: {'Max': np.float64(-0.02844742827112316), 'Min': np.float64(-0.2664737746850537), 'Mean': np.float64(-0.15656985467252235), 'Std': np.float64(0.06994810141971199)}
2024-11-17 07:14:35,474 - INFO - Top 10 Std Stats: {'Max': np.float64(0.43866201515095266), 'Min': np.float64(0.2592238594669988), 'Mean': np.float64(0.33920859569000383), 'Std': np.float64(0.06344433028132794)}
2024-11-17 07:14:35,474 - INFO - Bottom 10 Mean Stats: {'Max': np.float64(100.0), 'Min': np.float64(84.0), 'Mean': np.float64(90.7), 'Std': np.float64(5.550675634551167)}
2024-11-17 07:14:35,474 - INFO - Bottom 10 Std Stats: {'Max': np.float64(0.0), 'Min': np.float64(0.0), 'Mean': np.float64(0.0), 'Std': np.float64(0.0)}
[I 2024-11-17 07:14:35,491] Trial 241 finished with value: 51.0 and parameters: {'x_0': -5, 'x_1': -1, 'x_2': -5, 'x_3': 0}. Best is trial 190 with value: 6.0.
2024-11-17 07:14:35,534 - INFO - Candidate Mean Stats: {'Max': np.float64(75.0), 'Min': np.float64(-0.2704872159276799), 'Mean': np.float64(0.5799845914273862), 'Std': np.float64(5.135480307676613)}
2024-11-17 07:14:35,534 - INFO - Candidate Std Stats: {'Max': np.float64(0.48555292423873986), 'Min': np.float64(0.0), 'Mean': np.float64(0.0631574228762082), 'Std': np.float64(0.04671853117780775)}
2024-11-17 07:14:35,536 - INFO - Top 10 Mean Stats: {'Max': np.float64(-0.1489854757472496), 'Min': np.float64(-0.2704872159276799), 'Mean': np.float64(-0.20803659100578198), 'Std': np.float64(0.03440233981169109)}
2024-11-17 07:14:35,536 - INFO - Top 10 Std Stats: {'Max': np.float64(0.48555292423873986), 'Min': np.float64(0.3052363095057114), 'Mean': np.float64(0.38387840003538065), 'Std': np.float64(0.05523643239120538)}
2024-11-17 07:14:35,536 - INFO - Bottom 10 Mean Stats: {'Max': np.float64(75.0), 'Min': np.float64(70.0), 'Mean': np.float64(73.6), 'Std': np.float64(1.9595917942265422)}
2024-11-17 07:14:35,536 - INFO - Bottom 10 Std Stats: {'Max': np.float64(0.0), 'Min': np.float64(0.0), 'Mean': np.float64(0.0), 'Std': np.float64(0.0)}
[I 2024-11-17 07:14:35,551] Trial 234 finished with value: 66.0 and parameters: {'x_0': 4, 'x_1': 3, 'x_2': -5, 'x_3': -4}. Best is trial 141 with value: 2.0.
2024-11-17 07:14:35,627 - INFO - Candidate Mean Stats: {'Max': np.float64(100.0), 'Min': np.float64(-0.2249926326189276), 'Mean': np.float64(0.8412972192944365), 'Std': np.float64(7.024871957400901)}
2024-11-17 07:14:35,627 - INFO - Candidate Std Stats: {'Max': np.float64(0.4826345844046211), 'Min': np.float64(0.0), 'Mean': np.float64(0.04735848419407483), 'Std': np.float64(0.049439468232210244)}
2024-11-17 07:14:35,629 - INFO - Top 10 Mean Stats: {'Max': np.float64(-0.11420194437946615), 'Min': np.float64(-0.2249926326189276), 'Mean': np.float64(-0.1713707107514902), 'Std': np.float64(0.02761240325858968)}
2024-11-17 07:14:35,629 - INFO - Top 10 Std Stats: {'Max': np.float64(0.4826345844046211), 'Min': np.float64(0.3249289402800946), 'Mean': np.float64(0.3700611848049672), 'Std': np.float64(0.04764594676178379)}
2024-11-17 07:14:35,629 - INFO - Bottom 10 Mean Stats: {'Max': np.float64(100.0), 'Min': np.float64(91.0), 'Mean': np.float64(95.5), 'Std': np.float64(4.5)}
2024-11-17 07:14:35,629 - INFO - Bottom 10 Std Stats: {'Max': np.float64(0.0), 'Min': np.float64(0.0), 'Mean': np.float64(0.0), 'Std': np.float64(0.0)}
[I 2024-11-17 07:14:35,643] Trial 249 finished with value: 60.0 and parameters: {'x_0': -5, 'x_1': 1, 'x_2': -5, 'x_3': 3}. Best is trial 179 with value: 1.0.
2024-11-17 07:14:35,741 - INFO - Candidate Mean Stats: {'Max': np.float64(100.0), 'Min': np.float64(-0.3453738886991907), 'Mean': np.float64(0.742652209827271), 'Std': np.float64(6.392950206138274)}
2024-11-17 07:14:35,741 - INFO - Candidate Std Stats: {'Max': np.float64(0.6407608956846217), 'Min': np.float64(0.0), 'Mean': np.float64(0.05066410504249644), 'Std': np.float64(0.05185707839443246)}
2024-11-17 07:14:35,742 - INFO - Top 10 Mean Stats: {'Max': np.float64(-0.1294642358329905), 'Min': np.float64(-0.3453738886991907), 'Mean': np.float64(-0.25920319658019186), 'Std': np.float64(0.05919143792862646)}
2024-11-17 07:14:35,743 - INFO - Top 10 Std Stats: {'Max': np.float64(0.6407608956846217), 'Min': np.float64(0.3624951889636018), 'Mean': np.float64(0.5097224213852402), 'Std': np.float64(0.09313426348187696)}
2024-11-17 07:14:35,743 - INFO - Bottom 10 Mean Stats: {'Max': np.float64(100.0), 'Min': np.float64(84.0), 'Mean': np.float64(90.7), 'Std': np.float64(5.550675634551167)}
2024-11-17 07:14:35,743 - INFO - Bottom 10 Std Stats: {'Max': np.float64(0.0), 'Min': np.float64(0.0), 'Mean': np.float64(0.0), 'Std': np.float64(0.0)}
[I 2024-11-17 07:14:35,759] Trial 242 finished with value: 84.0 and parameters: {'x_0': -3, 'x_1': 5, 'x_2': -5, 'x_3': -5}. Best is trial 190 with value: 6.0.
2024-11-17 07:14:35,829 - INFO - Candidate Mean Stats: {'Max': np.float64(75.0), 'Min': np.float64(-0.28078827698141884), 'Mean': np.float64(0.5863028149351412), 'Std': np.float64(5.1636537414171935)}
2024-11-17 07:14:35,829 - INFO - Candidate Std Stats: {'Max': np.float64(0.4439002937443064), 'Min': np.float64(0.0), 'Mean': np.float64(0.0596660881991951), 'Std': np.float64(0.05215056342955304)}
2024-11-17 07:14:35,831 - INFO - Top 10 Mean Stats: {'Max': np.float64(-0.13885183492676506), 'Min': np.float64(-0.28078827698141884), 'Mean': np.float64(-0.19486957844916078), 'Std': np.float64(0.03736233108312932)}
2024-11-17 07:14:35,831 - INFO - Top 10 Std Stats: {'Max': np.float64(0.4090805980307145), 'Min': np.float64(0.24379283581989447), 'Mean': np.float64(0.33775615488401695), 'Std': np.float64(0.043844280938143666)}
2024-11-17 07:14:35,831 - INFO - Bottom 10 Mean Stats: {'Max': np.float64(75.0), 'Min': np.float64(70.0), 'Mean': np.float64(73.6), 'Std': np.float64(1.9595917942265422)}
2024-11-17 07:14:35,831 - INFO - Bottom 10 Std Stats: {'Max': np.float64(0.0), 'Min': np.float64(0.0), 'Mean': np.float64(0.0), 'Std': np.float64(0.0)}
[I 2024-11-17 07:14:35,851] Trial 235 finished with value: 54.0 and parameters: {'x_0': 3, 'x_1': -2, 'x_2': -5, 'x_3': -4}. Best is trial 141 with value: 2.0.
2024-11-17 07:14:35,888 - INFO - Candidate Mean Stats: {'Max': np.float64(100.0), 'Min': np.float64(-0.21484167663745463), 'Mean': np.float64(0.8480583367092519), 'Std': np.float64(7.041556487380925)}
2024-11-17 07:14:35,888 - INFO - Candidate Std Stats: {'Max': np.float64(0.506507134732551), 'Min': np.float64(0.0), 'Mean': np.float64(0.05088674359038064), 'Std': np.float64(0.04613057974909946)}
2024-11-17 07:14:35,890 - INFO - Top 10 Mean Stats: {'Max': np.float64(-0.06539901818756967), 'Min': np.float64(-0.21484167663745463), 'Mean': np.float64(-0.14528922339009426), 'Std': np.float64(0.04492878464455546)}
2024-11-17 07:14:35,890 - INFO - Top 10 Std Stats: {'Max': np.float64(0.47751643266751964), 'Min': np.float64(0.3002059116691548), 'Mean': np.float64(0.3720267081584979), 'Std': np.float64(0.055568673070645926)}
2024-11-17 07:14:35,890 - INFO - Bottom 10 Mean Stats: {'Max': np.float64(100.0), 'Min': np.float64(91.0), 'Mean': np.float64(95.5), 'Std': np.float64(4.5)}
2024-11-17 07:14:35,890 - INFO - Bottom 10 Std Stats: {'Max': np.float64(0.0), 'Min': np.float64(0.0), 'Mean': np.float64(0.0), 'Std': np.float64(0.0)}
