[I 2024-11-17 07:15:11,213] Trial 392 finished with value: 9.0 and parameters: {'x_0': -1, 'x_1': 2, 'x_2': -2, 'x_3': 0}. Best is trial 362 with value: 1.0.
2024-11-17 07:15:11,323 - INFO - Candidate Mean Stats: {'Max': np.float64(91.0), 'Min': np.float64(-0.3188748111188605), 'Mean': np.float64(0.7903525315123497), 'Std': np.float64(6.090977986317982)}
2024-11-17 07:15:11,323 - INFO - Candidate Std Stats: {'Max': np.float64(0.5177683548490154), 'Min': np.float64(0.0), 'Mean': np.float64(0.049110068009580676), 'Std': np.float64(0.047857842063499384)}
2024-11-17 07:15:11,325 - INFO - Top 10 Mean Stats: {'Max': np.float64(-0.17349485852762997), 'Min': np.float64(-0.3188748111188605), 'Mean': np.float64(-0.24117167317895993), 'Std': np.float64(0.05836487247997179)}
2024-11-17 07:15:11,325 - INFO - Top 10 Std Stats: {'Max': np.float64(0.5177683548490154), 'Min': np.float64(0.24236319612089008), 'Mean': np.float64(0.36911483930436917), 'Std': np.float64(0.08723070941943291)}
2024-11-17 07:15:11,325 - INFO - Bottom 10 Mean Stats: {'Max': np.float64(91.0), 'Min': np.float64(75.0), 'Mean': np.float64(82.0), 'Std': np.float64(5.477225575051661)}
2024-11-17 07:15:11,325 - INFO - Bottom 10 Std Stats: {'Max': np.float64(0.0), 'Min': np.float64(0.0), 'Mean': np.float64(0.0), 'Std': np.float64(0.0)}
2024-11-17 07:15:11,327 - INFO - Candidate Mean Stats: {'Max': np.float64(100.0), 'Min': np.float64(-0.24158741591467328), 'Mean': np.float64(1.1549523345606603), 'Std': np.float64(8.017235672701611)}
2024-11-17 07:15:11,327 - INFO - Candidate Std Stats: {'Max': np.float64(0.4940728693306626), 'Min': np.float64(0.0), 'Mean': np.float64(0.0271629105960736), 'Std': np.float64(0.03926021126067341)}
2024-11-17 07:15:11,329 - INFO - Top 10 Mean Stats: {'Max': np.float64(0.03909204398659534), 'Min': np.float64(-0.21009255411255837), 'Mean': np.float64(-0.10205215716227545), 'Std': np.float64(0.09891811965943526)}
2024-11-17 07:15:11,329 - INFO - Top 10 Std Stats: {'Max': np.float64(0.4940728693306626), 'Min': np.float64(0.25346595372707975), 'Mean': np.float64(0.35433001978023265), 'Std': np.float64(0.09015571271941746)}
2024-11-17 07:15:11,329 - INFO - Bottom 10 Mean Stats: {'Max': np.float64(100.0), 'Min': np.float64(91.0), 'Mean': np.float64(95.5), 'Std': np.float64(4.5)}
2024-11-17 07:15:11,329 - INFO - Bottom 10 Std Stats: {'Max': np.float64(0.0), 'Min': np.float64(0.0), 'Mean': np.float64(0.0), 'Std': np.float64(0.0)}
2024-11-17 07:15:11,341 - INFO - Candidate Mean Stats: {'Max': np.float64(100.0), 'Min': np.float64(-0.8506560804575439), 'Mean': np.float64(0.9963224217247864), 'Std': np.float64(7.201252075000727)}
2024-11-17 07:15:11,341 - INFO - Candidate Std Stats: {'Max': np.float64(0.5157450232460472), 'Min': np.float64(0.0), 'Mean': np.float64(0.026297780907088016), 'Std': np.float64(0.036554418225467115)}
[I 2024-11-17 07:15:11,341] Trial 355 finished with value: 61.0 and parameters: {'x_0': 4, 'x_1': -2, 'x_2': -5, 'x_3': -4}. Best is trial 320 with value: 0.0.
2024-11-17 07:15:11,342 - INFO - Top 10 Mean Stats: {'Max': np.float64(-0.11244680004966782), 'Min': np.float64(-0.8506560804575439), 'Mean': np.float64(-0.585648617208822), 'Std': np.float64(0.3075504250381879)}
2024-11-17 07:15:11,342 - INFO - Top 10 Std Stats: {'Max': np.float64(0.25066757225005554), 'Min': np.float64(0.0702523575049323), 'Mean': np.float64(0.14914923982933598), 'Std': np.float64(0.07122125177230804)}
2024-11-17 07:15:11,342 - INFO - Bottom 10 Mean Stats: {'Max': np.float64(100.0), 'Min': np.float64(84.0), 'Mean': np.float64(93.0), 'Std': np.float64(5.019960159204453)}
2024-11-17 07:15:11,342 - INFO - Bottom 10 Std Stats: {'Max': np.float64(0.0), 'Min': np.float64(0.0), 'Mean': np.float64(0.0), 'Std': np.float64(0.0)}
[I 2024-11-17 07:15:11,345] Trial 383 finished with value: 17.0 and parameters: {'x_0': 0, 'x_1': 1, 'x_2': -4, 'x_3': 0}. Best is trial 179 with value: 1.0.
[I 2024-11-17 07:15:11,358] Trial 393 finished with value: 13.0 and parameters: {'x_0': -1, 'x_1': -2, 'x_2': -2, 'x_3': -2}. Best is trial 362 with value: 1.0.
2024-11-17 07:15:11,475 - INFO - Candidate Mean Stats: {'Max': np.float64(100.0), 'Min': np.float64(-0.8176957097277938), 'Mean': np.float64(1.1546107311963199), 'Std': np.float64(8.018537375663934)}
2024-11-17 07:15:11,475 - INFO - Candidate Std Stats: {'Max': np.float64(0.3756741110235892), 'Min': np.float64(0.0), 'Mean': np.float64(0.02424765999938356), 'Std': np.float64(0.036240591275652795)}
2024-11-17 07:15:11,476 - INFO - Top 10 Mean Stats: {'Max': np.float64(-0.15191661589860045), 'Min': np.float64(-0.8176957097277938), 'Mean': np.float64(-0.4398397342062202), 'Std': np.float64(0.27257692879344403)}
2024-11-17 07:15:11,476 - INFO - Top 10 Std Stats: {'Max': np.float64(0.2791072111576423), 'Min': np.float64(0.08552696339682508), 'Mean': np.float64(0.17244841669553285), 'Std': np.float64(0.07548616493866983)}
2024-11-17 07:15:11,477 - INFO - Bottom 10 Mean Stats: {'Max': np.float64(100.0), 'Min': np.float64(91.0), 'Mean': np.float64(95.5), 'Std': np.float64(4.5)}
2024-11-17 07:15:11,477 - INFO - Bottom 10 Std Stats: {'Max': np.float64(0.0), 'Min': np.float64(0.0), 'Mean': np.float64(0.0), 'Std': np.float64(0.0)}
[I 2024-11-17 07:15:11,494] Trial 384 finished with value: 17.0 and parameters: {'x_0': 0, 'x_1': -1, 'x_2': 0, 'x_3': -4}. Best is trial 179 with value: 1.0.
2024-11-17 07:15:11,571 - INFO - Candidate Mean Stats: {'Max': np.float64(100.0), 'Min': np.float64(-0.831319458219833), 'Mean': np.float64(0.9925212058275663), 'Std': np.float64(7.202556043985307)}
2024-11-17 07:15:11,572 - INFO - Candidate Std Stats: {'Max': np.float64(0.47169338182239284), 'Min': np.float64(0.0), 'Mean': np.float64(0.0315359648508235), 'Std': np.float64(0.03633471980759822)}
2024-11-17 07:15:11,573 - INFO - Top 10 Mean Stats: {'Max': np.float64(-0.23677528350244387), 'Min': np.float64(-0.831319458219833), 'Mean': np.float64(-0.5543351749654777), 'Std': np.float64(0.2574590252457312)}
2024-11-17 07:15:11,573 - INFO - Top 10 Std Stats: {'Max': np.float64(0.21513871208834476), 'Min': np.float64(0.09140571912288907), 'Mean': np.float64(0.14989928229342625), 'Std': np.float64(0.049588639639940105)}
2024-11-17 07:15:11,573 - INFO - Bottom 10 Mean Stats: {'Max': np.float64(100.0), 'Min': np.float64(84.0), 'Mean': np.float64(93.0), 'Std': np.float64(5.019960159204453)}
2024-11-17 07:15:11,573 - INFO - Bottom 10 Std Stats: {'Max': np.float64(0.0), 'Min': np.float64(0.0), 'Mean': np.float64(0.0), 'Std': np.float64(0.0)}
[I 2024-11-17 07:15:11,591] Trial 394 finished with value: 10.0 and parameters: {'x_0': -1, 'x_1': -2, 'x_2': -2, 'x_3': -1}. Best is trial 362 with value: 1.0.
2024-11-17 07:15:11,631 - INFO - Candidate Mean Stats: {'Max': np.float64(91.0), 'Min': np.float64(-0.36396724083833104), 'Mean': np.float64(0.7958581725205334), 'Std': np.float64(6.111095404433527)}
2024-11-17 07:15:11,631 - INFO - Candidate Std Stats: {'Max': np.float64(0.6321310957154135), 'Min': np.float64(0.0), 'Mean': np.float64(0.048214427889216024), 'Std': np.float64(0.045089835369423306)}
2024-11-17 07:15:11,632 - INFO - Top 10 Mean Stats: {'Max': np.float64(-0.1460256723608233), 'Min': np.float64(-0.36396724083833104), 'Mean': np.float64(-0.2621412463968342), 'Std': np.float64(0.084010771386849)}
2024-11-17 07:15:11,633 - INFO - Top 10 Std Stats: {'Max': np.float64(0.6321310957154135), 'Min': np.float64(0.1981707870328604), 'Mean': np.float64(0.34753828317307933), 'Std': np.float64(0.16378569876507165)}
2024-11-17 07:15:11,633 - INFO - Bottom 10 Mean Stats: {'Max': np.float64(91.0), 'Min': np.float64(75.0), 'Mean': np.float64(82.0), 'Std': np.float64(5.477225575051661)}
2024-11-17 07:15:11,633 - INFO - Bottom 10 Std Stats: {'Max': np.float64(0.0), 'Min': np.float64(0.0), 'Mean': np.float64(0.0), 'Std': np.float64(0.0)}
[I 2024-11-17 07:15:11,649] Trial 356 finished with value: 82.0 and parameters: {'x_0': 5, 'x_1': 4, 'x_2': -5, 'x_3': -4}. Best is trial 320 with value: 0.0.
2024-11-17 07:15:11,669 - INFO - Candidate Mean Stats: {'Max': np.float64(100.0), 'Min': np.float64(-0.3460799963911664), 'Mean': np.float64(1.1581329675890086), 'Std': np.float64(8.019262435495904)}
2024-11-17 07:15:11,669 - INFO - Candidate Std Stats: {'Max': np.float64(0.4221023855942218), 'Min': np.float64(0.0), 'Mean': np.float64(0.03375651517386727), 'Std': np.float64(0.040679500300087094)}
2024-11-17 07:15:11,671 - INFO - Top 10 Mean Stats: {'Max': np.float64(-0.15734916543129793), 'Min': np.float64(-0.3460799963911664), 'Mean': np.float64(-0.22398021124824224), 'Std': np.float64(0.06991531127781518)}
2024-11-17 07:15:11,671 - INFO - Top 10 Std Stats: {'Max': np.float64(0.3502904644342687), 'Min': np.float64(0.2707903674400883), 'Mean': np.float64(0.32113041678175575), 'Std': np.float64(0.023461488087809502)}
2024-11-17 07:15:11,671 - INFO - Bottom 10 Mean Stats: {'Max': np.float64(100.0), 'Min': np.float64(91.0), 'Mean': np.float64(95.5), 'Std': np.float64(4.5)}
2024-11-17 07:15:11,671 - INFO - Bottom 10 Std Stats: {'Max': np.float64(0.0), 'Min': np.float64(0.0), 'Mean': np.float64(0.0), 'Std': np.float64(0.0)}
[I 2024-11-17 07:15:11,687] Trial 385 finished with value: 18.0 and parameters: {'x_0': 0, 'x_1': -1, 'x_2': -1, 'x_3': -4}. Best is trial 179 with value: 1.0.
2024-11-17 07:15:11,766 - INFO - Candidate Mean Stats: {'Max': np.float64(100.0), 'Min': np.float64(-0.8818672145795577), 'Mean': np.float64(0.994445709392956), 'Std': np.float64(7.20277857954057)}
2024-11-17 07:15:11,766 - INFO - Candidate Std Stats: {'Max': np.float64(0.40001237456945654), 'Min': np.float64(0.0), 'Mean': np.float64(0.02622177022599308), 'Std': np.float64(0.03699817072357476)}
2024-11-17 07:15:11,768 - INFO - Top 10 Mean Stats: {'Max': np.float64(-0.2487628685137), 'Min': np.float64(-0.8818672145795577), 'Mean': np.float64(-0.522881073171908), 'Std': np.float64(0.26527621529600426)}
2024-11-17 07:15:11,768 - INFO - Top 10 Std Stats: {'Max': np.float64(0.24932961559891145), 'Min': np.float64(0.04320664516413467), 'Mean': np.float64(0.16446440479923125), 'Std': np.float64(0.07144940781469888)}
2024-11-17 07:15:11,768 - INFO - Bottom 10 Mean Stats: {'Max': np.float64(100.0), 'Min': np.float64(84.0), 'Mean': np.float64(93.0), 'Std': np.float64(5.019960159204453)}
2024-11-17 07:15:11,768 - INFO - Bottom 10 Std Stats: {'Max': np.float64(0.0), 'Min': np.float64(0.0), 'Mean': np.float64(0.0), 'Std': np.float64(0.0)}
[I 2024-11-17 07:15:11,790] Trial 395 finished with value: 10.0 and parameters: {'x_0': -1, 'x_1': 2, 'x_2': -2, 'x_3': -1}. Best is trial 362 with value: 1.0.
2024-11-17 07:15:11,822 - INFO - Candidate Mean Stats: {'Max': np.float64(100.0), 'Min': np.float64(-0.7898026854449111), 'Mean': np.float64(1.1580628826739776), 'Std': np.float64(8.02064280963834)}
2024-11-17 07:15:11,822 - INFO - Candidate Std Stats: {'Max': np.float64(0.3827713519431412), 'Min': np.float64(0.0), 'Mean': np.float64(0.025584719265865283), 'Std': np.float64(0.0367309872089401)}
2024-11-17 07:15:11,823 - INFO - Top 10 Mean Stats: {'Max': np.float64(-0.23401797958581647), 'Min': np.float64(-0.7898026854449111), 'Mean': np.float64(-0.40882751688483543), 'Std': np.float64(0.20139081890721627)}
2024-11-17 07:15:11,824 - INFO - Top 10 Std Stats: {'Max': np.float64(0.297604108466195), 'Min': np.float64(0.16371205584151868), 'Mean': np.float64(0.23905783766499078), 'Std': np.float64(0.04122401178993181)}
2024-11-17 07:15:11,824 - INFO - Bottom 10 Mean Stats: {'Max': np.float64(100.0), 'Min': np.float64(91.0), 'Mean': np.float64(95.5), 'Std': np.float64(4.5)}
2024-11-17 07:15:11,824 - INFO - Bottom 10 Std Stats: {'Max': np.float64(0.0), 'Min': np.float64(0.0), 'Mean': np.float64(0.0), 'Std': np.float64(0.0)}
[I 2024-11-17 07:15:11,840] Trial 386 finished with value: 18.0 and parameters: {'x_0': 0, 'x_1': -1, 'x_2': 1, 'x_3': -4}. Best is trial 179 with value: 1.0.
2024-11-17 07:15:11,908 - INFO - Candidate Mean Stats: {'Max': np.float64(100.0), 'Min': np.float64(-0.9056857931607694), 'Mean': np.float64(0.9993501048667874), 'Std': np.float64(7.20259511907379)}
2024-11-17 07:15:11,908 - INFO - Candidate Std Stats: {'Max': np.float64(0.4522601523501892), 'Min': np.float64(0.0), 'Mean': np.float64(0.025680769661583152), 'Std': np.float64(0.03465675287607333)}
2024-11-17 07:15:11,909 - INFO - Top 10 Mean Stats: {'Max': np.float64(-0.09701377089162089), 'Min': np.float64(-0.9056857931607694), 'Mean': np.float64(-0.4037519480716236), 'Std': np.float64(0.3335126649900175)}
2024-11-17 07:15:11,909 - INFO - Top 10 Std Stats: {'Max': np.float64(0.22226153309376698), 'Min': np.float64(0.057255325916741824), 'Mean': np.float64(0.1416321895805192), 'Std': np.float64(0.06363586826754436)}
2024-11-17 07:15:11,910 - INFO - Bottom 10 Mean Stats: {'Max': np.float64(100.0), 'Min': np.float64(84.0), 'Mean': np.float64(93.0), 'Std': np.float64(5.019960159204453)}
2024-11-17 07:15:11,910 - INFO - Bottom 10 Std Stats: {'Max': np.float64(0.0), 'Min': np.float64(0.0), 'Mean': np.float64(0.0), 'Std': np.float64(0.0)}
2024-11-17 07:15:11,923 - INFO - Candidate Mean Stats: {'Max': np.float64(91.0), 'Min': np.float64(-0.3525716528743422), 'Mean': np.float64(0.8001261224140014), 'Std': np.float64(6.148002532885677)}
2024-11-17 07:15:11,923 - INFO - Candidate Std Stats: {'Max': np.float64(0.5896744560476205), 'Min': np.float64(0.0), 'Mean': np.float64(0.04743931141836396), 'Std': np.float64(0.04473237296878817)}
2024-11-17 07:15:11,925 - INFO - Top 10 Mean Stats: {'Max': np.float64(-0.1592054227241278), 'Min': np.float64(-0.26070862449961807), 'Mean': np.float64(-0.21590124918947823), 'Std': np.float64(0.026876279298991907)}
2024-11-17 07:15:11,925 - INFO - Top 10 Std Stats: {'Max': np.float64(0.5896744560476205), 'Min': np.float64(0.2598174504891448), 'Mean': np.float64(0.40849464467679236), 'Std': np.float64(0.09101858189571808)}
2024-11-17 07:15:11,925 - INFO - Bottom 10 Mean Stats: {'Max': np.float64(91.0), 'Min': np.float64(75.0), 'Mean': np.float64(82.7), 'Std': np.float64(4.960846701924985)}
2024-11-17 07:15:11,925 - INFO - Bottom 10 Std Stats: {'Max': np.float64(0.0), 'Min': np.float64(0.0), 'Mean': np.float64(0.0), 'Std': np.float64(0.0)}
[I 2024-11-17 07:15:11,926] Trial 396 finished with value: 9.0 and parameters: {'x_0': -1, 'x_1': -2, 'x_2': -2, 'x_3': 0}. Best is trial 362 with value: 1.0.
[I 2024-11-17 07:15:11,941] Trial 357 finished with value: 73.0 and parameters: {'x_0': 4, 'x_1': -4, 'x_2': -5, 'x_3': -4}. Best is trial 320 with value: 0.0.
2024-11-17 07:15:12,012 - INFO - Candidate Mean Stats: {'Max': np.float64(100.0), 'Min': np.float64(-0.5748754319379529), 'Mean': np.float64(1.1563764021017269), 'Std': np.float64(8.022229952949383)}
2024-11-17 07:15:12,013 - INFO - Candidate Std Stats: {'Max': np.float64(0.5688592707594716), 'Min': np.float64(0.0), 'Mean': np.float64(0.032589518583874544), 'Std': np.float64(0.042296551845487744)}
2024-11-17 07:15:12,014 - INFO - Top 10 Mean Stats: {'Max': np.float64(-0.08755597008855243), 'Min': np.float64(-0.5748754319379529), 'Mean': np.float64(-0.2513952890975638), 'Std': np.float64(0.16536506168989895)}
2024-11-17 07:15:12,014 - INFO - Top 10 Std Stats: {'Max': np.float64(0.3777558674945523), 'Min': np.float64(0.15265216339138743), 'Mean': np.float64(0.2923898027634811), 'Std': np.float64(0.07189106060860435)}
2024-11-17 07:15:12,014 - INFO - Bottom 10 Mean Stats: {'Max': np.float64(100.0), 'Min': np.float64(91.0), 'Mean': np.float64(95.5), 'Std': np.float64(4.5)}
2024-11-17 07:15:12,014 - INFO - Bottom 10 Std Stats: {'Max': np.float64(0.0), 'Min': np.float64(0.0), 'Mean': np.float64(0.0), 'Std': np.float64(0.0)}
[I 2024-11-17 07:15:12,032] Trial 387 finished with value: 26.0 and parameters: {'x_0': 0, 'x_1': 1, 'x_2': -3, 'x_3': -4}. Best is trial 179 with value: 1.0.
2024-11-17 07:15:12,076 - INFO - Candidate Mean Stats: {'Max': np.float64(100.0), 'Min': np.float64(-0.7985056763039727), 'Mean': np.float64(0.9952128988960008), 'Std': np.float64(7.203506856911726)}
2024-11-17 07:15:12,076 - INFO - Candidate Std Stats: {'Max': np.float64(0.5824901409510712), 'Min': np.float64(0.0), 'Mean': np.float64(0.03422902966721454), 'Std': np.float64(0.038470184049929246)}
2024-11-17 07:15:12,077 - INFO - Top 10 Mean Stats: {'Max': np.float64(-0.09996003171843856), 'Min': np.float64(-0.7985056763039727), 'Mean': np.float64(-0.30445571891892764), 'Std': np.float64(0.2964238528104263)}
2024-11-17 07:15:12,077 - INFO - Top 10 Std Stats: {'Max': np.float64(0.2969451135933291), 'Min': np.float64(0.02410560124044746), 'Mean': np.float64(0.20999907006647547), 'Std': np.float64(0.1008694060792217)}
2024-11-17 07:15:12,077 - INFO - Bottom 10 Mean Stats: {'Max': np.float64(100.0), 'Min': np.float64(84.0), 'Mean': np.float64(93.0), 'Std': np.float64(5.019960159204453)}
2024-11-17 07:15:12,077 - INFO - Bottom 10 Std Stats: {'Max': np.float64(0.0), 'Min': np.float64(0.0), 'Mean': np.float64(0.0), 'Std': np.float64(0.0)}
[I 2024-11-17 07:15:12,097] Trial 397 finished with value: 13.0 and parameters: {'x_0': -1, 'x_1': -2, 'x_2': -2, 'x_3': 2}. Best is trial 362 with value: 1.0.
2024-11-17 07:15:12,168 - INFO - Candidate Mean Stats: {'Max': np.float64(100.0), 'Min': np.float64(-0.7267478054109666), 'Mean': np.float64(1.1622880160132076), 'Std': np.float64(8.024278511080038)}
2024-11-17 07:15:12,169 - INFO - Candidate Std Stats: {'Max': np.float64(0.37368993722509364), 'Min': np.float64(0.0), 'Mean': np.float64(0.024054373393784613), 'Std': np.float64(0.036624235144296954)}
2024-11-17 07:15:12,170 - INFO - Top 10 Mean Stats: {'Max': np.float64(-0.1916953026875758), 'Min': np.float64(-0.7267478054109666), 'Mean': np.float64(-0.34258349932254867), 'Std': np.float64(0.14001282406105472)}
2024-11-17 07:15:12,170 - INFO - Top 10 Std Stats: {'Max': np.float64(0.35670535347661525), 'Min': np.float64(0.0716940572823906), 'Mean': np.float64(0.25551061824199084), 'Std': np.float64(0.08416568632531916)}
2024-11-17 07:15:12,170 - INFO - Bottom 10 Mean Stats: {'Max': np.float64(100.0), 'Min': np.float64(91.0), 'Mean': np.float64(95.5), 'Std': np.float64(4.5)}
2024-11-17 07:15:12,170 - INFO - Bottom 10 Std Stats: {'Max': np.float64(0.0), 'Min': np.float64(0.0), 'Mean': np.float64(0.0), 'Std': np.float64(0.0)}
[I 2024-11-17 07:15:12,188] Trial 388 finished with value: 26.0 and parameters: {'x_0': 0, 'x_1': -1, 'x_2': -3, 'x_3': -4}. Best is trial 179 with value: 1.0.
2024-11-17 07:15:12,217 - INFO - Candidate Mean Stats: {'Max': np.float64(91.0), 'Min': np.float64(-0.49462301721212737), 'Mean': np.float64(0.8048474474439931), 'Std': np.float64(6.176953721150615)}
2024-11-17 07:15:12,218 - INFO - Candidate Std Stats: {'Max': np.float64(0.8931528754738803), 'Min': np.float64(0.0), 'Mean': np.float64(0.040157102331083216), 'Std': np.float64(0.04565690323103732)}
2024-11-17 07:15:12,219 - INFO - Top 10 Mean Stats: {'Max': np.float64(-0.1796018169615232), 'Min': np.float64(-0.49462301721212737), 'Mean': np.float64(-0.42101759399925287), 'Std': np.float64(0.09480556689886445)}
2024-11-17 07:15:12,219 - INFO - Top 10 Std Stats: {'Max': np.float64(0.5013654950418464), 'Min': np.float64(0.22246930133686918), 'Mean': np.float64(0.3260435000954708), 'Std': np.float64(0.10715847187003402)}
2024-11-17 07:15:12,219 - INFO - Bottom 10 Mean Stats: {'Max': np.float64(91.0), 'Min': np.float64(75.0), 'Mean': np.float64(82.7), 'Std': np.float64(4.960846701924985)}
2024-11-17 07:15:12,219 - INFO - Bottom 10 Std Stats: {'Max': np.float64(0.0), 'Min': np.float64(0.0), 'Mean': np.float64(0.0), 'Std': np.float64(0.0)}
[I 2024-11-17 07:15:12,238] Trial 358 finished with value: 48.0 and parameters: {'x_0': 4, 'x_1': 4, 'x_2': 0, 'x_3': -4}. Best is trial 320 with value: 0.0.
2024-11-17 07:15:12,251 - INFO - Candidate Mean Stats: {'Max': np.float64(100.0), 'Min': np.float64(-0.8605979906976089), 'Mean': np.float64(0.9963404061787532), 'Std': np.float64(7.204147150794)}
2024-11-17 07:15:12,251 - INFO - Candidate Std Stats: {'Max': np.float64(0.5591566502171311), 'Min': np.float64(0.0), 'Mean': np.float64(0.03180067434479213), 'Std': np.float64(0.0376651934209841)}
2024-11-17 07:15:12,253 - INFO - Top 10 Mean Stats: {'Max': np.float64(0.10037114090337121), 'Min': np.float64(-0.8605979906976089), 'Mean': np.float64(-0.26013377786462255), 'Std': np.float64(0.30362910937687126)}
2024-11-17 07:15:12,253 - INFO - Top 10 Std Stats: {'Max': np.float64(0.5591566502171311), 'Min': np.float64(0.07054076472231083), 'Mean': np.float64(0.25897110571123344), 'Std': np.float64(0.1325816516955502)}
2024-11-17 07:15:12,253 - INFO - Bottom 10 Mean Stats: {'Max': np.float64(100.0), 'Min': np.float64(84.0), 'Mean': np.float64(93.0), 'Std': np.float64(5.019960159204453)}
2024-11-17 07:15:12,253 - INFO - Bottom 10 Std Stats: {'Max': np.float64(0.0), 'Min': np.float64(0.0), 'Mean': np.float64(0.0), 'Std': np.float64(0.0)}
