[I 2024-11-17 07:13:56,424] Trial 95 finished with value: 54.0 and parameters: {'x_0': -4, 'x_1': -5, 'x_2': -2, 'x_3': -3}. Best is trial 76 with value: 7.0.
2024-11-17 07:13:56,539 - INFO - Candidate Mean Stats: {'Max': np.float64(91.0), 'Min': np.float64(-0.21828983972843202), 'Mean': np.float64(0.2751918994499199), 'Std': np.float64(3.7019868751304625)}
2024-11-17 07:13:56,539 - INFO - Candidate Std Stats: {'Max': np.float64(0.44035262783757956), 'Min': np.float64(0.0), 'Mean': np.float64(0.06537773145183748), 'Std': np.float64(0.04558668491440985)}
2024-11-17 07:13:56,540 - INFO - Top 10 Mean Stats: {'Max': np.float64(-0.10450878432975821), 'Min': np.float64(-0.21828983972843202), 'Mean': np.float64(-0.1642832654563175), 'Std': np.float64(0.034685620387139175)}
2024-11-17 07:13:56,540 - INFO - Top 10 Std Stats: {'Max': np.float64(0.4371562458015995), 'Min': np.float64(0.2673199847523559), 'Mean': np.float64(0.32170114407883765), 'Std': np.float64(0.05288520871658074)}
2024-11-17 07:13:56,540 - INFO - Bottom 10 Mean Stats: {'Max': np.float64(91.0), 'Min': np.float64(75.0), 'Mean': np.float64(79.8), 'Std': np.float64(5.344155686354955)}
2024-11-17 07:13:56,540 - INFO - Bottom 10 Std Stats: {'Max': np.float64(0.0), 'Min': np.float64(0.0), 'Mean': np.float64(0.0), 'Std': np.float64(0.0)}
[I 2024-11-17 07:13:56,554] Trial 96 finished with value: 70.0 and parameters: {'x_0': 5, 'x_1': -4, 'x_2': -5, 'x_3': -2}. Best is trial 84 with value: 10.0.
2024-11-17 07:13:56,591 - INFO - Candidate Mean Stats: {'Max': np.float64(75.0), 'Min': np.float64(-0.2831118811141574), 'Mean': np.float64(0.23371464345927534), 'Std': np.float64(3.2592434364069716)}
2024-11-17 07:13:56,591 - INFO - Candidate Std Stats: {'Max': np.float64(0.5634793964156788), 'Min': np.float64(0.0), 'Mean': np.float64(0.06757653899334268), 'Std': np.float64(0.0482370255079333)}
2024-11-17 07:13:56,592 - INFO - Top 10 Mean Stats: {'Max': np.float64(-0.1664494880314435), 'Min': np.float64(-0.2831118811141574), 'Mean': np.float64(-0.21466862331626083), 'Std': np.float64(0.03434165576664802)}
2024-11-17 07:13:56,592 - INFO - Top 10 Std Stats: {'Max': np.float64(0.5634793964156788), 'Min': np.float64(0.2840669965424994), 'Mean': np.float64(0.370071922382146), 'Std': np.float64(0.07411504020074762)}
2024-11-17 07:13:56,592 - INFO - Bottom 10 Mean Stats: {'Max': np.float64(75.0), 'Min': np.float64(59.0), 'Mean': np.float64(66.7), 'Std': np.float64(5.950630218724736)}
2024-11-17 07:13:56,592 - INFO - Bottom 10 Std Stats: {'Max': np.float64(0.0), 'Min': np.float64(0.0), 'Mean': np.float64(0.0), 'Std': np.float64(0.0)}
[I 2024-11-17 07:13:56,606] Trial 91 finished with value: 5.0 and parameters: {'x_0': 1, 'x_1': -2, 'x_2': 0, 'x_3': 0}. Best is trial 91 with value: 5.0.
2024-11-17 07:13:56,685 - INFO - Candidate Mean Stats: {'Max': np.float64(84.0), 'Min': np.float64(-0.23904224789936834), 'Mean': np.float64(0.254910213675881), 'Std': np.float64(3.495834089581467)}
2024-11-17 07:13:56,685 - INFO - Candidate Std Stats: {'Max': np.float64(0.4923173402130886), 'Min': np.float64(0.0), 'Mean': np.float64(0.06375669049563147), 'Std': np.float64(0.04937416637433051)}
2024-11-17 07:13:56,686 - INFO - Top 10 Mean Stats: {'Max': np.float64(-0.17200339740504572), 'Min': np.float64(-0.23904224789936834), 'Mean': np.float64(-0.1934491892053138), 'Std': np.float64(0.017681968977636953)}
2024-11-17 07:13:56,686 - INFO - Top 10 Std Stats: {'Max': np.float64(0.4923173402130886), 'Min': np.float64(0.33162079583102383), 'Mean': np.float64(0.3732791970721565), 'Std': np.float64(0.0464425079986988)}
2024-11-17 07:13:56,686 - INFO - Bottom 10 Mean Stats: {'Max': np.float64(84.0), 'Min': np.float64(66.0), 'Mean': np.float64(71.8), 'Std': np.float64(6.64529909033446)}
2024-11-17 07:13:56,686 - INFO - Bottom 10 Std Stats: {'Max': np.float64(0.0), 'Min': np.float64(0.0), 'Mean': np.float64(0.0), 'Std': np.float64(0.0)}
[I 2024-11-17 07:13:56,701] Trial 96 finished with value: 45.0 and parameters: {'x_0': -4, 'x_1': 3, 'x_2': 4, 'x_3': -2}. Best is trial 76 with value: 7.0.
2024-11-17 07:13:56,769 - INFO - Candidate Mean Stats: {'Max': np.float64(91.0), 'Min': np.float64(-0.23186424087034058), 'Mean': np.float64(0.2790842190262691), 'Std': np.float64(3.746632500409671)}
2024-11-17 07:13:56,769 - INFO - Candidate Std Stats: {'Max': np.float64(0.5031462715992351), 'Min': np.float64(0.0), 'Mean': np.float64(0.06423213417540326), 'Std': np.float64(0.048740805718417976)}
2024-11-17 07:13:56,771 - INFO - Top 10 Mean Stats: {'Max': np.float64(-0.13846284364111042), 'Min': np.float64(-0.206326164498976), 'Mean': np.float64(-0.16901217100563856), 'Std': np.float64(0.019817867725960364)}
2024-11-17 07:13:56,771 - INFO - Top 10 Std Stats: {'Max': np.float64(0.4117600401579292), 'Min': np.float64(0.2873780251296939), 'Mean': np.float64(0.3298727714733035), 'Std': np.float64(0.03660319939831737)}
2024-11-17 07:13:56,771 - INFO - Bottom 10 Mean Stats: {'Max': np.float64(91.0), 'Min': np.float64(75.0), 'Mean': np.float64(79.8), 'Std': np.float64(5.344155686354955)}
2024-11-17 07:13:56,771 - INFO - Bottom 10 Std Stats: {'Max': np.float64(0.0), 'Min': np.float64(0.0), 'Mean': np.float64(0.0), 'Std': np.float64(0.0)}
[I 2024-11-17 07:13:56,787] Trial 97 finished with value: 30.0 and parameters: {'x_0': -3, 'x_1': -2, 'x_2': -4, 'x_3': -1}. Best is trial 84 with value: 10.0.
2024-11-17 07:13:56,865 - INFO - Candidate Mean Stats: {'Max': np.float64(75.0), 'Min': np.float64(-0.20511554338835833), 'Mean': np.float64(0.23182784189879127), 'Std': np.float64(3.2596117494911887)}
2024-11-17 07:13:56,865 - INFO - Candidate Std Stats: {'Max': np.float64(0.4614508600970924), 'Min': np.float64(0.0), 'Mean': np.float64(0.06316209288699655), 'Std': np.float64(0.046416166039188834)}
2024-11-17 07:13:56,866 - INFO - Top 10 Mean Stats: {'Max': np.float64(-0.12186794325706378), 'Min': np.float64(-0.20511554338835833), 'Mean': np.float64(-0.15445224785947778), 'Std': np.float64(0.026794775352930032)}
2024-11-17 07:13:56,866 - INFO - Top 10 Std Stats: {'Max': np.float64(0.33840408133443195), 'Min': np.float64(0.2567069855675978), 'Mean': np.float64(0.3001996133374895), 'Std': np.float64(0.025211644724076)}
2024-11-17 07:13:56,866 - INFO - Bottom 10 Mean Stats: {'Max': np.float64(75.0), 'Min': np.float64(59.0), 'Mean': np.float64(66.7), 'Std': np.float64(5.950630218724736)}
2024-11-17 07:13:56,867 - INFO - Bottom 10 Std Stats: {'Max': np.float64(0.0), 'Min': np.float64(0.0), 'Mean': np.float64(0.0), 'Std': np.float64(0.0)}
[I 2024-11-17 07:13:56,881] Trial 92 finished with value: 39.0 and parameters: {'x_0': 5, 'x_1': 1, 'x_2': 3, 'x_3': -2}. Best is trial 91 with value: 5.0.
2024-11-17 07:13:56,886 - INFO - Candidate Mean Stats: {'Max': np.float64(84.0), 'Min': np.float64(-0.21975079237168765), 'Mean': np.float64(0.2594854942460551), 'Std': np.float64(3.5152137561862675)}
2024-11-17 07:13:56,886 - INFO - Candidate Std Stats: {'Max': np.float64(0.5144306523128231), 'Min': np.float64(0.0), 'Mean': np.float64(0.06459311078606766), 'Std': np.float64(0.04562855954665706)}
2024-11-17 07:13:56,887 - INFO - Top 10 Mean Stats: {'Max': np.float64(-0.13261096236869716), 'Min': np.float64(-0.21975079237168765), 'Mean': np.float64(-0.18411910935696962), 'Std': np.float64(0.02604455184675904)}
2024-11-17 07:13:56,887 - INFO - Top 10 Std Stats: {'Max': np.float64(0.37820678842281585), 'Min': np.float64(0.2736344265383633), 'Mean': np.float64(0.33127579603749113), 'Std': np.float64(0.03193373126420897)}
2024-11-17 07:13:56,887 - INFO - Bottom 10 Mean Stats: {'Max': np.float64(84.0), 'Min': np.float64(66.0), 'Mean': np.float64(71.8), 'Std': np.float64(6.64529909033446)}
2024-11-17 07:13:56,888 - INFO - Bottom 10 Std Stats: {'Max': np.float64(0.0), 'Min': np.float64(0.0), 'Mean': np.float64(0.0), 'Std': np.float64(0.0)}
[I 2024-11-17 07:13:56,900] Trial 97 finished with value: 63.0 and parameters: {'x_0': -2, 'x_1': 3, 'x_2': -5, 'x_3': -5}. Best is trial 76 with value: 7.0.
2024-11-17 07:13:56,974 - INFO - Candidate Mean Stats: {'Max': np.float64(91.0), 'Min': np.float64(-0.29297968612656533), 'Mean': np.float64(0.2821520163236227), 'Std': np.float64(3.7545992425717527)}
2024-11-17 07:13:56,974 - INFO - Candidate Std Stats: {'Max': np.float64(0.48310218637918084), 'Min': np.float64(0.0), 'Mean': np.float64(0.06425847310863711), 'Std': np.float64(0.04767682273923958)}
2024-11-17 07:13:56,975 - INFO - Top 10 Mean Stats: {'Max': np.float64(-0.15739294177690638), 'Min': np.float64(-0.29297968612656533), 'Mean': np.float64(-0.21192939304228217), 'Std': np.float64(0.03518995344218659)}
2024-11-17 07:13:56,975 - INFO - Top 10 Std Stats: {'Max': np.float64(0.477864203267675), 'Min': np.float64(0.2599951091161638), 'Mean': np.float64(0.3416221503691944), 'Std': np.float64(0.06850610738670705)}
2024-11-17 07:13:56,975 - INFO - Bottom 10 Mean Stats: {'Max': np.float64(91.0), 'Min': np.float64(75.0), 'Mean': np.float64(79.8), 'Std': np.float64(5.344155686354955)}
2024-11-17 07:13:56,975 - INFO - Bottom 10 Std Stats: {'Max': np.float64(0.0), 'Min': np.float64(0.0), 'Mean': np.float64(0.0), 'Std': np.float64(0.0)}
[I 2024-11-17 07:13:56,990] Trial 98 finished with value: 26.0 and parameters: {'x_0': 0, 'x_1': 1, 'x_2': 3, 'x_3': -4}. Best is trial 84 with value: 10.0.
2024-11-17 07:13:57,081 - INFO - Candidate Mean Stats: {'Max': np.float64(75.0), 'Min': np.float64(-0.27963653960847223), 'Mean': np.float64(0.23531224616915017), 'Std': np.float64(3.275265206968636)}
2024-11-17 07:13:57,081 - INFO - Candidate Std Stats: {'Max': np.float64(0.619890932983093), 'Min': np.float64(0.0), 'Mean': np.float64(0.06336112882220124), 'Std': np.float64(0.046133572116409026)}
2024-11-17 07:13:57,083 - INFO - Top 10 Mean Stats: {'Max': np.float64(0.14243040887226271), 'Min': np.float64(-0.27963653960847223), 'Mean': np.float64(-0.16838946802055887), 'Std': np.float64(0.11112992011464534)}
2024-11-17 07:13:57,083 - INFO - Top 10 Std Stats: {'Max': np.float64(0.619890932983093), 'Min': np.float64(0.3109804477506139), 'Mean': np.float64(0.4128761040569751), 'Std': np.float64(0.08732007583114827)}
2024-11-17 07:13:57,083 - INFO - Bottom 10 Mean Stats: {'Max': np.float64(75.0), 'Min': np.float64(59.0), 'Mean': np.float64(66.7), 'Std': np.float64(5.950630218724736)}
2024-11-17 07:13:57,083 - INFO - Bottom 10 Std Stats: {'Max': np.float64(0.0), 'Min': np.float64(0.0), 'Mean': np.float64(0.0), 'Std': np.float64(0.0)}
[I 2024-11-17 07:13:57,099] Trial 93 finished with value: 14.0 and parameters: {'x_0': -2, 'x_1': 1, 'x_2': 3, 'x_3': 0}. Best is trial 91 with value: 5.0.
2024-11-17 07:13:57,104 - INFO - Candidate Mean Stats: {'Max': np.float64(84.0), 'Min': np.float64(-0.22460436816808013), 'Mean': np.float64(0.26318602941388625), 'Std': np.float64(3.553295992037183)}
2024-11-17 07:13:57,104 - INFO - Candidate Std Stats: {'Max': np.float64(0.5242904568577511), 'Min': np.float64(0.0), 'Mean': np.float64(0.06378644184725202), 'Std': np.float64(0.048157602116723514)}
2024-11-17 07:13:57,105 - INFO - Top 10 Mean Stats: {'Max': np.float64(-0.14978777741104962), 'Min': np.float64(-0.22460436816808013), 'Mean': np.float64(-0.1834867144229361), 'Std': np.float64(0.019307644661703798)}
2024-11-17 07:13:57,105 - INFO - Top 10 Std Stats: {'Max': np.float64(0.4366666850006809), 'Min': np.float64(0.29382401130656804), 'Mean': np.float64(0.35874401464373484), 'Std': np.float64(0.04787577928837928)}
2024-11-17 07:13:57,105 - INFO - Bottom 10 Mean Stats: {'Max': np.float64(84.0), 'Min': np.float64(66.0), 'Mean': np.float64(71.8), 'Std': np.float64(6.64529909033446)}
2024-11-17 07:13:57,105 - INFO - Bottom 10 Std Stats: {'Max': np.float64(0.0), 'Min': np.float64(0.0), 'Mean': np.float64(0.0), 'Std': np.float64(0.0)}
[I 2024-11-17 07:13:57,120] Trial 98 finished with value: 61.0 and parameters: {'x_0': 4, 'x_1': 4, 'x_2': -5, 'x_3': -2}. Best is trial 76 with value: 7.0.
2024-11-17 07:13:57,195 - INFO - Candidate Mean Stats: {'Max': np.float64(91.0), 'Min': np.float64(-0.2435123358932545), 'Mean': np.float64(0.28164257128445264), 'Std': np.float64(3.76077385675792)}
2024-11-17 07:13:57,195 - INFO - Candidate Std Stats: {'Max': np.float64(0.5036477968401118), 'Min': np.float64(0.0), 'Mean': np.float64(0.06500684770675802), 'Std': np.float64(0.046149266745709884)}
2024-11-17 07:13:57,196 - INFO - Top 10 Mean Stats: {'Max': np.float64(-0.15800893531341434), 'Min': np.float64(-0.2435123358932545), 'Mean': np.float64(-0.20479270623823034), 'Std': np.float64(0.026516000668924858)}
2024-11-17 07:13:57,196 - INFO - Top 10 Std Stats: {'Max': np.float64(0.48869410541690295), 'Min': np.float64(0.32938610200940427), 'Mean': np.float64(0.41412285762295975), 'Std': np.float64(0.04894773063551401)}
2024-11-17 07:13:57,196 - INFO - Bottom 10 Mean Stats: {'Max': np.float64(91.0), 'Min': np.float64(75.0), 'Mean': np.float64(79.8), 'Std': np.float64(5.344155686354955)}
2024-11-17 07:13:57,196 - INFO - Bottom 10 Std Stats: {'Max': np.float64(0.0), 'Min': np.float64(0.0), 'Mean': np.float64(0.0), 'Std': np.float64(0.0)}
[I 2024-11-17 07:13:57,215] Trial 99 finished with value: 50.0 and parameters: {'x_0': -4, 'x_1': -3, 'x_2': 0, 'x_3': 5}. Best is trial 84 with value: 10.0.
2024-11-17 07:13:57,338 - INFO - Candidate Mean Stats: {'Max': np.float64(75.0), 'Min': np.float64(-0.2641827372201126), 'Mean': np.float64(0.23663985735024107), 'Std': np.float64(3.277220035765605)}
2024-11-17 07:13:57,339 - INFO - Candidate Std Stats: {'Max': np.float64(0.5620515027096126), 'Min': np.float64(0.0), 'Mean': np.float64(0.06518114120457931), 'Std': np.float64(0.048299644392281293)}
2024-11-17 07:13:57,340 - INFO - Top 10 Mean Stats: {'Max': np.float64(-0.16404660153967016), 'Min': np.float64(-0.2641827372201126), 'Mean': np.float64(-0.2052678039858505), 'Std': np.float64(0.033914427741085405)}
2024-11-17 07:13:57,340 - INFO - Top 10 Std Stats: {'Max': np.float64(0.45360578090662323), 'Min': np.float64(0.33085650884740353), 'Mean': np.float64(0.3822034840139919), 'Std': np.float64(0.03764212680283893)}
2024-11-17 07:13:57,340 - INFO - Bottom 10 Mean Stats: {'Max': np.float64(75.0), 'Min': np.float64(59.0), 'Mean': np.float64(66.7), 'Std': np.float64(5.950630218724736)}
2024-11-17 07:13:57,340 - INFO - Bottom 10 Std Stats: {'Max': np.float64(0.0), 'Min': np.float64(0.0), 'Mean': np.float64(0.0), 'Std': np.float64(0.0)}
[I 2024-11-17 07:13:57,355] Trial 94 finished with value: 38.0 and parameters: {'x_0': -2, 'x_1': 0, 'x_2': -3, 'x_3': 5}. Best is trial 91 with value: 5.0.
2024-11-17 07:13:57,367 - INFO - Candidate Mean Stats: {'Max': np.float64(84.0), 'Min': np.float64(-0.26509795515039536), 'Mean': np.float64(0.26721343569015676), 'Std': np.float64(3.588581610282473)}
2024-11-17 07:13:57,367 - INFO - Candidate Std Stats: {'Max': np.float64(0.521101726203453), 'Min': np.float64(0.0), 'Mean': np.float64(0.06474187761610914), 'Std': np.float64(0.046259318742538524)}
2024-11-17 07:13:57,369 - INFO - Top 10 Mean Stats: {'Max': np.float64(-0.11371980136186226), 'Min': np.float64(-0.26509795515039536), 'Mean': np.float64(-0.17212905856005484), 'Std': np.float64(0.03988394401748414)}
2024-11-17 07:13:57,369 - INFO - Top 10 Std Stats: {'Max': np.float64(0.521101726203453), 'Min': np.float64(0.3160188488728071), 'Mean': np.float64(0.36573806346993976), 'Std': np.float64(0.05628929116317283)}
2024-11-17 07:13:57,369 - INFO - Bottom 10 Mean Stats: {'Max': np.float64(84.0), 'Min': np.float64(66.0), 'Mean': np.float64(71.8), 'Std': np.float64(6.64529909033446)}
2024-11-17 07:13:57,369 - INFO - Bottom 10 Std Stats: {'Max': np.float64(0.0), 'Min': np.float64(0.0), 'Mean': np.float64(0.0), 'Std': np.float64(0.0)}
[I 2024-11-17 07:13:57,388] Trial 99 finished with value: 34.0 and parameters: {'x_0': -1, 'x_1': 5, 'x_2': 2, 'x_3': -2}. Best is trial 76 with value: 7.0.
2024-11-17 07:13:57,418 - INFO - Candidate Mean Stats: {'Max': np.float64(91.0), 'Min': np.float64(-0.23356764854851947), 'Mean': np.float64(0.28654856693727065), 'Std': np.float64(3.783040778259153)}
2024-11-17 07:13:57,418 - INFO - Candidate Std Stats: {'Max': np.float64(0.404438867061712), 'Min': np.float64(0.0), 'Mean': np.float64(0.0670716252747958), 'Std': np.float64(0.042607133733229205)}
2024-11-17 07:13:57,419 - INFO - Top 10 Mean Stats: {'Max': np.float64(-0.14917210025189626), 'Min': np.float64(-0.21905616041979173), 'Mean': np.float64(-0.18630136440254652), 'Std': np.float64(0.025937167010019777)}
2024-11-17 07:13:57,419 - INFO - Top 10 Std Stats: {'Max': np.float64(0.404438867061712), 'Min': np.float64(0.23306524430142708), 'Mean': np.float64(0.3268879495242292), 'Std': np.float64(0.047221677058463314)}
2024-11-17 07:13:57,419 - INFO - Bottom 10 Mean Stats: {'Max': np.float64(91.0), 'Min': np.float64(75.0), 'Mean': np.float64(79.8), 'Std': np.float64(5.344155686354955)}
2024-11-17 07:13:57,419 - INFO - Bottom 10 Std Stats: {'Max': np.float64(0.0), 'Min': np.float64(0.0), 'Mean': np.float64(0.0), 'Std': np.float64(0.0)}
[I 2024-11-17 07:13:57,433] Trial 100 finished with value: 66.0 and parameters: {'x_0': 3, 'x_1': 5, 'x_2': 4, 'x_3': 4}. Best is trial 84 with value: 10.0.
2024-11-17 07:13:57,577 - INFO - Candidate Mean Stats: {'Max': np.float64(75.0), 'Min': np.float64(-0.31596942217806195), 'Mean': np.float64(0.23909314980321333), 'Std': np.float64(3.2920408385796724)}
2024-11-17 07:13:57,578 - INFO - Candidate Std Stats: {'Max': np.float64(0.6901028331435666), 'Min': np.float64(0.0), 'Mean': np.float64(0.0610376144460367), 'Std': np.float64(0.04982711959651)}
2024-11-17 07:13:57,579 - INFO - Top 10 Mean Stats: {'Max': np.float64(-0.17194149221964727), 'Min': np.float64(-0.31596942217806195), 'Mean': np.float64(-0.22035395684079195), 'Std': np.float64(0.04774679555793644)}
2024-11-17 07:13:57,579 - INFO - Top 10 Std Stats: {'Max': np.float64(0.6901028331435666), 'Min': np.float64(0.3181042364730605), 'Mean': np.float64(0.4269281950341234), 'Std': np.float64(0.12784728489759223)}
2024-11-17 07:13:57,579 - INFO - Bottom 10 Mean Stats: {'Max': np.float64(75.0), 'Min': np.float64(59.0), 'Mean': np.float64(66.7), 'Std': np.float64(5.950630218724736)}
2024-11-17 07:13:57,579 - INFO - Bottom 10 Std Stats: {'Max': np.float64(0.0), 'Min': np.float64(0.0), 'Mean': np.float64(0.0), 'Std': np.float64(0.0)}
[I 2024-11-17 07:13:57,594] Trial 95 finished with value: 34.0 and parameters: {'x_0': -2, 'x_1': 2, 'x_2': -5, 'x_3': -1}. Best is trial 91 with value: 5.0.
2024-11-17 07:13:57,615 - INFO - Candidate Mean Stats: {'Max': np.float64(84.0), 'Min': np.float64(-0.23831537900087976), 'Mean': np.float64(0.2700935545183112), 'Std': np.float64(3.59936091560742)}
2024-11-17 07:13:57,615 - INFO - Candidate Std Stats: {'Max': np.float64(0.4708171580999629), 'Min': np.float64(0.0), 'Mean': np.float64(0.06591117133742949), 'Std': np.float64(0.04630115556314519)}
2024-11-17 07:13:57,617 - INFO - Top 10 Mean Stats: {'Max': np.float64(-0.1423532528636739), 'Min': np.float64(-0.23831537900087976), 'Mean': np.float64(-0.17983915607901063), 'Std': np.float64(0.03029290517266346)}
2024-11-17 07:13:57,617 - INFO - Top 10 Std Stats: {'Max': np.float64(0.4072557040722069), 'Min': np.float64(0.2620188827713471), 'Mean': np.float64(0.3300369441397411), 'Std': np.float64(0.04087595078382102)}
2024-11-17 07:13:57,617 - INFO - Bottom 10 Mean Stats: {'Max': np.float64(84.0), 'Min': np.float64(66.0), 'Mean': np.float64(71.8), 'Std': np.float64(6.64529909033446)}
2024-11-17 07:13:57,617 - INFO - Bottom 10 Std Stats: {'Max': np.float64(0.0), 'Min': np.float64(0.0), 'Mean': np.float64(0.0), 'Std': np.float64(0.0)}
2024-11-17 07:13:57,626 - INFO - Candidate Mean Stats: {'Max': np.float64(91.0), 'Min': np.float64(-0.25991482469253907), 'Mean': np.float64(0.29179850770266835), 'Std': np.float64(3.821765424948754)}
2024-11-17 07:13:57,626 - INFO - Candidate Std Stats: {'Max': np.float64(0.4150264189834557), 'Min': np.float64(0.0), 'Mean': np.float64(0.06530405025448194), 'Std': np.float64(0.04563244803033734)}
2024-11-17 07:13:57,627 - INFO - Top 10 Mean Stats: {'Max': np.float64(-0.1706276976285443), 'Min': np.float64(-0.25991482469253907), 'Mean': np.float64(-0.20255053875015827), 'Std': np.float64(0.02681223729425931)}
2024-11-17 07:13:57,627 - INFO - Top 10 Std Stats: {'Max': np.float64(0.3682132762624022), 'Min': np.float64(0.2529037586487235), 'Mean': np.float64(0.3124776177113306), 'Std': np.float64(0.03859610444767759)}
2024-11-17 07:13:57,627 - INFO - Bottom 10 Mean Stats: {'Max': np.float64(91.0), 'Min': np.float64(75.0), 'Mean': np.float64(79.8), 'Std': np.float64(5.344155686354955)}
2024-11-17 07:13:57,627 - INFO - Bottom 10 Std Stats: {'Max': np.float64(0.0), 'Min': np.float64(0.0), 'Mean': np.float64(0.0), 'Std': np.float64(0.0)}
[I 2024-11-17 07:13:57,630] Trial 100 finished with value: 50.0 and parameters: {'x_0': -3, 'x_1': 4, 'x_2': 0, 'x_3': -5}. Best is trial 76 with value: 7.0.
