[I 2024-11-17 07:14:28,257] Trial 210 finished with value: 43.0 and parameters: {'x_0': 0, 'x_1': 5, 'x_2': 3, 'x_3': -3}. Best is trial 141 with value: 2.0.
2024-11-17 07:14:28,422 - INFO - Candidate Mean Stats: {'Max': np.float64(100.0), 'Min': np.float64(-0.3181963162126264), 'Mean': np.float64(0.6395124389664928), 'Std': np.float64(5.8124015572840415)}
2024-11-17 07:14:28,422 - INFO - Candidate Std Stats: {'Max': np.float64(0.7554607365490527), 'Min': np.float64(0.0), 'Mean': np.float64(0.055447886728139044), 'Std': np.float64(0.048639198243867296)}
2024-11-17 07:14:28,424 - INFO - Top 10 Mean Stats: {'Max': np.float64(-0.1058916046372246), 'Min': np.float64(-0.3181963162126264), 'Mean': np.float64(-0.2156945456577181), 'Std': np.float64(0.06907683386135063)}
2024-11-17 07:14:28,424 - INFO - Top 10 Std Stats: {'Max': np.float64(0.7554607365490527), 'Min': np.float64(0.31324672171797635), 'Mean': np.float64(0.4186809990956089), 'Std': np.float64(0.13537329276449034)}
2024-11-17 07:14:28,424 - INFO - Bottom 10 Mean Stats: {'Max': np.float64(100.0), 'Min': np.float64(82.0), 'Mean': np.float64(88.0), 'Std': np.float64(5.477225575051661)}
2024-11-17 07:14:28,424 - INFO - Bottom 10 Std Stats: {'Max': np.float64(0.0), 'Min': np.float64(0.0), 'Mean': np.float64(0.0), 'Std': np.float64(0.0)}
[I 2024-11-17 07:14:28,440] Trial 217 finished with value: 79.0 and parameters: {'x_0': -5, 'x_1': -2, 'x_2': -5, 'x_3': -5}. Best is trial 190 with value: 6.0.
2024-11-17 07:14:28,465 - INFO - Candidate Mean Stats: {'Max': np.float64(100.0), 'Min': np.float64(-0.22198674686067604), 'Mean': np.float64(0.7582797348789293), 'Std': np.float64(6.674647930214084)}
2024-11-17 07:14:28,465 - INFO - Candidate Std Stats: {'Max': np.float64(0.512922333708936), 'Min': np.float64(0.0), 'Mean': np.float64(0.04915265769477577), 'Std': np.float64(0.04768348281463726)}
2024-11-17 07:14:28,467 - INFO - Top 10 Mean Stats: {'Max': np.float64(-0.15575922208421475), 'Min': np.float64(-0.22198674686067604), 'Mean': np.float64(-0.17896139859875942), 'Std': np.float64(0.022330240702783628)}
2024-11-17 07:14:28,467 - INFO - Top 10 Std Stats: {'Max': np.float64(0.512922333708936), 'Min': np.float64(0.31511889922830344), 'Mean': np.float64(0.38016181487190553), 'Std': np.float64(0.0637472776974924)}
2024-11-17 07:14:28,467 - INFO - Bottom 10 Mean Stats: {'Max': np.float64(100.0), 'Min': np.float64(91.0), 'Mean': np.float64(95.5), 'Std': np.float64(4.5)}
2024-11-17 07:14:28,467 - INFO - Bottom 10 Std Stats: {'Max': np.float64(0.0), 'Min': np.float64(0.0), 'Mean': np.float64(0.0), 'Std': np.float64(0.0)}
[I 2024-11-17 07:14:28,482] Trial 223 finished with value: 26.0 and parameters: {'x_0': 3, 'x_1': 2, 'x_2': -3, 'x_3': -2}. Best is trial 179 with value: 1.0.
2024-11-17 07:14:28,496 - INFO - Candidate Mean Stats: {'Max': np.float64(75.0), 'Min': np.float64(-0.2645046348879786), 'Mean': np.float64(0.532191901916749), 'Std': np.float64(4.9214959174573165)}
2024-11-17 07:14:28,496 - INFO - Candidate Std Stats: {'Max': np.float64(0.4936504107785029), 'Min': np.float64(0.0), 'Mean': np.float64(0.06222646682199351), 'Std': np.float64(0.051908820808524464)}
2024-11-17 07:14:28,498 - INFO - Top 10 Mean Stats: {'Max': np.float64(-0.04346237194638074), 'Min': np.float64(-0.2645046348879786), 'Mean': np.float64(-0.17204802753750598), 'Std': np.float64(0.0693152454208709)}
2024-11-17 07:14:28,498 - INFO - Top 10 Std Stats: {'Max': np.float64(0.4936504107785029), 'Min': np.float64(0.30362310678045434), 'Mean': np.float64(0.4045316368934856), 'Std': np.float64(0.06672166805733495)}
2024-11-17 07:14:28,498 - INFO - Bottom 10 Mean Stats: {'Max': np.float64(75.0), 'Min': np.float64(70.0), 'Mean': np.float64(73.1), 'Std': np.float64(2.1656407827707715)}
2024-11-17 07:14:28,498 - INFO - Bottom 10 Std Stats: {'Max': np.float64(0.0), 'Min': np.float64(0.0), 'Mean': np.float64(0.0), 'Std': np.float64(0.0)}
[I 2024-11-17 07:14:28,517] Trial 211 finished with value: 49.0 and parameters: {'x_0': -2, 'x_1': -2, 'x_2': -5, 'x_3': 4}. Best is trial 141 with value: 2.0.
2024-11-17 07:14:28,654 - INFO - Candidate Mean Stats: {'Max': np.float64(100.0), 'Min': np.float64(-0.22076630253215365), 'Mean': np.float64(0.6477249186793809), 'Std': np.float64(5.848066622690338)}
2024-11-17 07:14:28,654 - INFO - Candidate Std Stats: {'Max': np.float64(0.7440956435064513), 'Min': np.float64(0.0), 'Mean': np.float64(0.047491727201606854), 'Std': np.float64(0.04856306306111378)}
2024-11-17 07:14:28,656 - INFO - Top 10 Mean Stats: {'Max': np.float64(0.11199854082075186), 'Min': np.float64(-0.20164202505380527), 'Mean': np.float64(-0.09841776657248569), 'Std': np.float64(0.11035844504616399)}
2024-11-17 07:14:28,656 - INFO - Top 10 Std Stats: {'Max': np.float64(0.7440956435064513), 'Min': np.float64(0.33845439867433147), 'Mean': np.float64(0.4656097713455242), 'Std': np.float64(0.14172596201379203)}
2024-11-17 07:14:28,656 - INFO - Bottom 10 Mean Stats: {'Max': np.float64(100.0), 'Min': np.float64(82.0), 'Mean': np.float64(88.0), 'Std': np.float64(5.477225575051661)}
2024-11-17 07:14:28,656 - INFO - Bottom 10 Std Stats: {'Max': np.float64(0.0), 'Min': np.float64(0.0), 'Mean': np.float64(0.0), 'Std': np.float64(0.0)}
[I 2024-11-17 07:14:28,671] Trial 218 finished with value: 67.0 and parameters: {'x_0': -5, 'x_1': -4, 'x_2': -1, 'x_3': -5}. Best is trial 190 with value: 6.0.
2024-11-17 07:14:28,680 - INFO - Candidate Mean Stats: {'Max': np.float64(100.0), 'Min': np.float64(-0.24801237236058063), 'Mean': np.float64(0.7579565462327669), 'Std': np.float64(6.6781439290992655)}
2024-11-17 07:14:28,680 - INFO - Candidate Std Stats: {'Max': np.float64(0.36778575727814306), 'Min': np.float64(0.0), 'Mean': np.float64(0.053704961105942306), 'Std': np.float64(0.04323364243731314)}
2024-11-17 07:14:28,682 - INFO - Top 10 Mean Stats: {'Max': np.float64(-0.13997646683360596), 'Min': np.float64(-0.24801237236058063), 'Mean': np.float64(-0.1720223903103042), 'Std': np.float64(0.029918086773687246)}
2024-11-17 07:14:28,682 - INFO - Top 10 Std Stats: {'Max': np.float64(0.3391426098743028), 'Min': np.float64(0.28917488899527916), 'Mean': np.float64(0.3124388628418955), 'Std': np.float64(0.015860208946788506)}
2024-11-17 07:14:28,682 - INFO - Bottom 10 Mean Stats: {'Max': np.float64(100.0), 'Min': np.float64(91.0), 'Mean': np.float64(95.5), 'Std': np.float64(4.5)}
2024-11-17 07:14:28,682 - INFO - Bottom 10 Std Stats: {'Max': np.float64(0.0), 'Min': np.float64(0.0), 'Mean': np.float64(0.0), 'Std': np.float64(0.0)}
[I 2024-11-17 07:14:28,696] Trial 224 finished with value: 52.0 and parameters: {'x_0': -1, 'x_1': 1, 'x_2': 5, 'x_3': -5}. Best is trial 179 with value: 1.0.
2024-11-17 07:14:28,800 - INFO - Candidate Mean Stats: {'Max': np.float64(75.0), 'Min': np.float64(-0.2547193243777269), 'Mean': np.float64(0.5357745305095746), 'Std': np.float64(4.937733871063199)}
2024-11-17 07:14:28,800 - INFO - Candidate Std Stats: {'Max': np.float64(0.515706234755785), 'Min': np.float64(0.0), 'Mean': np.float64(0.059664435352050835), 'Std': np.float64(0.05195588815867494)}
2024-11-17 07:14:28,802 - INFO - Top 10 Mean Stats: {'Max': np.float64(-0.14451469725539773), 'Min': np.float64(-0.2547193243777269), 'Mean': np.float64(-0.20441696329210118), 'Std': np.float64(0.03922241967514508)}
2024-11-17 07:14:28,802 - INFO - Top 10 Std Stats: {'Max': np.float64(0.49849443707496305), 'Min': np.float64(0.3568018778153432), 'Mean': np.float64(0.44974343309698483), 'Std': np.float64(0.04531514438507425)}
2024-11-17 07:14:28,802 - INFO - Bottom 10 Mean Stats: {'Max': np.float64(75.0), 'Min': np.float64(70.0), 'Mean': np.float64(73.1), 'Std': np.float64(2.1656407827707715)}
2024-11-17 07:14:28,802 - INFO - Bottom 10 Std Stats: {'Max': np.float64(0.0), 'Min': np.float64(0.0), 'Mean': np.float64(0.0), 'Std': np.float64(0.0)}
[I 2024-11-17 07:14:28,822] Trial 212 finished with value: 10.0 and parameters: {'x_0': 0, 'x_1': 0, 'x_2': -1, 'x_3': -3}. Best is trial 141 with value: 2.0.
2024-11-17 07:14:28,906 - INFO - Candidate Mean Stats: {'Max': np.float64(100.0), 'Min': np.float64(-0.2923736433053671), 'Mean': np.float64(0.7594699253726854), 'Std': np.float64(6.691765680203751)}
2024-11-17 07:14:28,906 - INFO - Candidate Std Stats: {'Max': np.float64(0.5803497868707389), 'Min': np.float64(0.0), 'Mean': np.float64(0.05534427916319794), 'Std': np.float64(0.04558856171116392)}
2024-11-17 07:14:28,908 - INFO - Top 10 Mean Stats: {'Max': np.float64(-0.031798681086377054), 'Min': np.float64(-0.2923736433053671), 'Mean': np.float64(-0.1623679029146828), 'Std': np.float64(0.06792009559583158)}
2024-11-17 07:14:28,908 - INFO - Top 10 Std Stats: {'Max': np.float64(0.5552559127304605), 'Min': np.float64(0.2566138637808433), 'Mean': np.float64(0.40457156691957846), 'Std': np.float64(0.0812434943186213)}
2024-11-17 07:14:28,908 - INFO - Bottom 10 Mean Stats: {'Max': np.float64(100.0), 'Min': np.float64(91.0), 'Mean': np.float64(95.5), 'Std': np.float64(4.5)}
2024-11-17 07:14:28,908 - INFO - Bottom 10 Std Stats: {'Max': np.float64(0.0), 'Min': np.float64(0.0), 'Mean': np.float64(0.0), 'Std': np.float64(0.0)}
2024-11-17 07:14:28,909 - INFO - Candidate Mean Stats: {'Max': np.float64(100.0), 'Min': np.float64(-0.5118673354146897), 'Mean': np.float64(0.6515567489548245), 'Std': np.float64(5.8738118243611215)}
2024-11-17 07:14:28,909 - INFO - Candidate Std Stats: {'Max': np.float64(0.7871072524442051), 'Min': np.float64(0.0), 'Mean': np.float64(0.053849578785095324), 'Std': np.float64(0.051218662392473795)}
2024-11-17 07:14:28,910 - INFO - Top 10 Mean Stats: {'Max': np.float64(0.10353677491688411), 'Min': np.float64(-0.5118673354146897), 'Mean': np.float64(-0.22370741881571163), 'Std': np.float64(0.14705544878562904)}
2024-11-17 07:14:28,910 - INFO - Top 10 Std Stats: {'Max': np.float64(0.7871072524442051), 'Min': np.float64(0.36530485240567473), 'Mean': np.float64(0.5310322473738859), 'Std': np.float64(0.12222179299875782)}
2024-11-17 07:14:28,910 - INFO - Bottom 10 Mean Stats: {'Max': np.float64(100.0), 'Min': np.float64(82.0), 'Mean': np.float64(88.0), 'Std': np.float64(5.477225575051661)}
2024-11-17 07:14:28,910 - INFO - Bottom 10 Std Stats: {'Max': np.float64(0.0), 'Min': np.float64(0.0), 'Mean': np.float64(0.0), 'Std': np.float64(0.0)}
[I 2024-11-17 07:14:28,923] Trial 225 finished with value: 75.0 and parameters: {'x_0': -5, 'x_1': 0, 'x_2': -5, 'x_3': 5}. Best is trial 179 with value: 1.0.
[I 2024-11-17 07:14:28,925] Trial 219 finished with value: 66.0 and parameters: {'x_0': 0, 'x_1': -4, 'x_2': -5, 'x_3': -5}. Best is trial 190 with value: 6.0.
2024-11-17 07:14:29,103 - INFO - Candidate Mean Stats: {'Max': np.float64(75.0), 'Min': np.float64(-0.30419094486687187), 'Mean': np.float64(0.534187553405335), 'Std': np.float64(4.938603990255354)}
2024-11-17 07:14:29,103 - INFO - Candidate Std Stats: {'Max': np.float64(0.9304928609398104), 'Min': np.float64(0.0), 'Mean': np.float64(0.05933110276751471), 'Std': np.float64(0.053635949406920125)}
2024-11-17 07:14:29,104 - INFO - Top 10 Mean Stats: {'Max': np.float64(-0.13957224544461586), 'Min': np.float64(-0.30419094486687187), 'Mean': np.float64(-0.21099175715543833), 'Std': np.float64(0.0454585302450317)}
2024-11-17 07:14:29,105 - INFO - Top 10 Std Stats: {'Max': np.float64(0.43824880186381104), 'Min': np.float64(0.3099408990922297), 'Mean': np.float64(0.38081113874372996), 'Std': np.float64(0.044770423154868205)}
2024-11-17 07:14:29,105 - INFO - Bottom 10 Mean Stats: {'Max': np.float64(75.0), 'Min': np.float64(70.0), 'Mean': np.float64(73.1), 'Std': np.float64(2.1656407827707715)}
2024-11-17 07:14:29,105 - INFO - Bottom 10 Std Stats: {'Max': np.float64(0.0), 'Min': np.float64(0.0), 'Mean': np.float64(0.0), 'Std': np.float64(0.0)}
[I 2024-11-17 07:14:29,120] Trial 213 finished with value: 43.0 and parameters: {'x_0': -4, 'x_1': 1, 'x_2': 1, 'x_3': 5}. Best is trial 141 with value: 2.0.
2024-11-17 07:14:29,198 - INFO - Candidate Mean Stats: {'Max': np.float64(100.0), 'Min': np.float64(-0.24133574939914487), 'Mean': np.float64(0.6578995246274969), 'Std': np.float64(5.898368852343767)}
2024-11-17 07:14:29,198 - INFO - Candidate Std Stats: {'Max': np.float64(0.6207326533615883), 'Min': np.float64(0.0), 'Mean': np.float64(0.05464061546838313), 'Std': np.float64(0.04972138616019657)}
2024-11-17 07:14:29,200 - INFO - Top 10 Mean Stats: {'Max': np.float64(0.1605271563220621), 'Min': np.float64(-0.24133574939914487), 'Mean': np.float64(-0.06615796588574611), 'Std': np.float64(0.12587480746325)}
2024-11-17 07:14:29,200 - INFO - Top 10 Std Stats: {'Max': np.float64(0.6180738175921143), 'Min': np.float64(0.2967025181029315), 'Mean': np.float64(0.4768046135551393), 'Std': np.float64(0.11072372787899036)}
2024-11-17 07:14:29,200 - INFO - Bottom 10 Mean Stats: {'Max': np.float64(100.0), 'Min': np.float64(82.0), 'Mean': np.float64(88.0), 'Std': np.float64(5.477225575051661)}
2024-11-17 07:14:29,200 - INFO - Bottom 10 Std Stats: {'Max': np.float64(0.0), 'Min': np.float64(0.0), 'Mean': np.float64(0.0), 'Std': np.float64(0.0)}
2024-11-17 07:14:29,200 - INFO - Candidate Mean Stats: {'Max': np.float64(100.0), 'Min': np.float64(-0.2822414404600927), 'Mean': np.float64(0.7709799445112702), 'Std': np.float64(6.71914797977173)}
2024-11-17 07:14:29,200 - INFO - Candidate Std Stats: {'Max': np.float64(0.7325978145187293), 'Min': np.float64(0.0), 'Mean': np.float64(0.04804492244696036), 'Std': np.float64(0.0446341799967186)}
2024-11-17 07:14:29,202 - INFO - Top 10 Mean Stats: {'Max': np.float64(0.04970877045927875), 'Min': np.float64(-0.2822414404600927), 'Mean': np.float64(-0.18333063717479844), 'Std': np.float64(0.0901517453981158)}
2024-11-17 07:14:29,202 - INFO - Top 10 Std Stats: {'Max': np.float64(0.7325978145187293), 'Min': np.float64(0.4152707818808853), 'Mean': np.float64(0.5104048420210795), 'Std': np.float64(0.08851886782289045)}
2024-11-17 07:14:29,202 - INFO - Bottom 10 Mean Stats: {'Max': np.float64(100.0), 'Min': np.float64(91.0), 'Mean': np.float64(95.5), 'Std': np.float64(4.5)}
2024-11-17 07:14:29,202 - INFO - Bottom 10 Std Stats: {'Max': np.float64(0.0), 'Min': np.float64(0.0), 'Mean': np.float64(0.0), 'Std': np.float64(0.0)}
[I 2024-11-17 07:14:29,215] Trial 220 finished with value: 84.0 and parameters: {'x_0': -5, 'x_1': 5, 'x_2': -5, 'x_3': -3}. Best is trial 190 with value: 6.0.
[I 2024-11-17 07:14:29,217] Trial 226 finished with value: 67.0 and parameters: {'x_0': 5, 'x_1': -5, 'x_2': -1, 'x_3': -4}. Best is trial 179 with value: 1.0.
2024-11-17 07:14:29,382 - INFO - Candidate Mean Stats: {'Max': np.float64(75.0), 'Min': np.float64(-0.279270634784608), 'Mean': np.float64(0.5384311847474205), 'Std': np.float64(4.950906284153619)}
2024-11-17 07:14:29,382 - INFO - Candidate Std Stats: {'Max': np.float64(0.4500878003728108), 'Min': np.float64(0.0), 'Mean': np.float64(0.06453652978560377), 'Std': np.float64(0.04637297647751883)}
2024-11-17 07:14:29,383 - INFO - Top 10 Mean Stats: {'Max': np.float64(-0.10699872313540584), 'Min': np.float64(-0.279270634784608), 'Mean': np.float64(-0.19037418023938302), 'Std': np.float64(0.046676821809485514)}
2024-11-17 07:14:29,383 - INFO - Top 10 Std Stats: {'Max': np.float64(0.3696821184002783), 'Min': np.float64(0.27416791018813574), 'Mean': np.float64(0.3149762928158701), 'Std': np.float64(0.026563954726335583)}
2024-11-17 07:14:29,384 - INFO - Bottom 10 Mean Stats: {'Max': np.float64(75.0), 'Min': np.float64(70.0), 'Mean': np.float64(73.1), 'Std': np.float64(2.1656407827707715)}
2024-11-17 07:14:29,384 - INFO - Bottom 10 Std Stats: {'Max': np.float64(0.0), 'Min': np.float64(0.0), 'Mean': np.float64(0.0), 'Std': np.float64(0.0)}
[I 2024-11-17 07:14:29,401] Trial 214 finished with value: 34.0 and parameters: {'x_0': 2, 'x_1': 2, 'x_2': 1, 'x_3': 5}. Best is trial 141 with value: 2.0.
2024-11-17 07:14:29,438 - INFO - Candidate Mean Stats: {'Max': np.float64(100.0), 'Min': np.float64(-0.26219022117889973), 'Mean': np.float64(0.7734124984653911), 'Std': np.float64(6.741637475242661)}
2024-11-17 07:14:29,438 - INFO - Candidate Std Stats: {'Max': np.float64(0.5095566717814309), 'Min': np.float64(0.0), 'Mean': np.float64(0.04759815724506423), 'Std': np.float64(0.04503304964893844)}
2024-11-17 07:14:29,440 - INFO - Top 10 Mean Stats: {'Max': np.float64(0.0013750624365436836), 'Min': np.float64(-0.26219022117889973), 'Mean': np.float64(-0.08005974949855743), 'Std': np.float64(0.07932058654985856)}
2024-11-17 07:14:29,440 - INFO - Top 10 Std Stats: {'Max': np.float64(0.5095566717814309), 'Min': np.float64(0.28135419882271095), 'Mean': np.float64(0.3960177043466092), 'Std': np.float64(0.07967064050633832)}
2024-11-17 07:14:29,440 - INFO - Bottom 10 Mean Stats: {'Max': np.float64(100.0), 'Min': np.float64(91.0), 'Mean': np.float64(95.5), 'Std': np.float64(4.5)}
2024-11-17 07:14:29,440 - INFO - Bottom 10 Std Stats: {'Max': np.float64(0.0), 'Min': np.float64(0.0), 'Mean': np.float64(0.0), 'Std': np.float64(0.0)}
[I 2024-11-17 07:14:29,455] Trial 227 finished with value: 54.0 and parameters: {'x_0': 2, 'x_1': 0, 'x_2': -5, 'x_3': 5}. Best is trial 179 with value: 1.0.
2024-11-17 07:14:29,502 - INFO - Candidate Mean Stats: {'Max': np.float64(100.0), 'Min': np.float64(-0.26822560452512334), 'Mean': np.float64(0.6607863530932292), 'Std': np.float64(5.93875798187753)}
2024-11-17 07:14:29,502 - INFO - Candidate Std Stats: {'Max': np.float64(0.7331273415214122), 'Min': np.float64(0.0), 'Mean': np.float64(0.05235446594060995), 'Std': np.float64(0.048731801061269016)}
2024-11-17 07:14:29,503 - INFO - Top 10 Mean Stats: {'Max': np.float64(0.08193060652588376), 'Min': np.float64(-0.26822560452512334), 'Mean': np.float64(-0.17415147545127793), 'Std': np.float64(0.09338467598986377)}
2024-11-17 07:14:29,503 - INFO - Top 10 Std Stats: {'Max': np.float64(0.7331273415214122), 'Min': np.float64(0.4085715981827607), 'Mean': np.float64(0.5112942123844856), 'Std': np.float64(0.093100394851008)}
2024-11-17 07:14:29,503 - INFO - Bottom 10 Mean Stats: {'Max': np.float64(100.0), 'Min': np.float64(82.0), 'Mean': np.float64(88.2), 'Std': np.float64(5.287721626560915)}
2024-11-17 07:14:29,503 - INFO - Bottom 10 Std Stats: {'Max': np.float64(0.0), 'Min': np.float64(0.0), 'Mean': np.float64(0.0), 'Std': np.float64(0.0)}
[I 2024-11-17 07:14:29,518] Trial 221 finished with value: 91.0 and parameters: {'x_0': -5, 'x_1': 5, 'x_2': -4, 'x_3': -5}. Best is trial 190 with value: 6.0.
2024-11-17 07:14:29,652 - INFO - Candidate Mean Stats: {'Max': np.float64(75.0), 'Min': np.float64(-0.24726245216783918), 'Mean': np.float64(0.540502417906032), 'Std': np.float64(4.958641891943512)}
2024-11-17 07:14:29,652 - INFO - Candidate Std Stats: {'Max': np.float64(0.3964892392687177), 'Min': np.float64(0.0), 'Mean': np.float64(0.06333014306233953), 'Std': np.float64(0.043766846592190274)}
2024-11-17 07:14:29,653 - INFO - Top 10 Mean Stats: {'Max': np.float64(-0.1255300754474103), 'Min': np.float64(-0.24726245216783918), 'Mean': np.float64(-0.18527680730998622), 'Std': np.float64(0.03696227997032075)}
2024-11-17 07:14:29,653 - INFO - Top 10 Std Stats: {'Max': np.float64(0.3641868221681261), 'Min': np.float64(0.2546405299194505), 'Mean': np.float64(0.31005918561133833), 'Std': np.float64(0.03650809633074729)}
2024-11-17 07:14:29,653 - INFO - Bottom 10 Mean Stats: {'Max': np.float64(75.0), 'Min': np.float64(70.0), 'Mean': np.float64(73.1), 'Std': np.float64(2.1656407827707715)}
2024-11-17 07:14:29,653 - INFO - Bottom 10 Std Stats: {'Max': np.float64(0.0), 'Min': np.float64(0.0), 'Mean': np.float64(0.0), 'Std': np.float64(0.0)}
