[I 2024-11-17 07:14:15,499] Trial 172 finished with value: 70.0 and parameters: {'x_0': -2, 'x_1': -5, 'x_2': -4, 'x_3': -5}. Best is trial 155 with value: 5.0.
2024-11-17 07:14:15,517 - INFO - Candidate Mean Stats: {'Max': np.float64(91.0), 'Min': np.float64(-0.24124951945437934), 'Mean': np.float64(0.4586768707729491), 'Std': np.float64(4.700023883187884)}
2024-11-17 07:14:15,517 - INFO - Candidate Std Stats: {'Max': np.float64(0.441181809444993), 'Min': np.float64(0.0), 'Mean': np.float64(0.06682108117508448), 'Std': np.float64(0.044059369956819125)}
2024-11-17 07:14:15,518 - INFO - Top 10 Mean Stats: {'Max': np.float64(-0.1134992608272493), 'Min': np.float64(-0.24124951945437934), 'Mean': np.float64(-0.17216756222565568), 'Std': np.float64(0.03707726188898622)}
2024-11-17 07:14:15,518 - INFO - Top 10 Std Stats: {'Max': np.float64(0.441181809444993), 'Min': np.float64(0.3061490073114476), 'Mean': np.float64(0.3555300646351133), 'Std': np.float64(0.044182633801124443)}
2024-11-17 07:14:15,518 - INFO - Bottom 10 Mean Stats: {'Max': np.float64(91.0), 'Min': np.float64(70.0), 'Mean': np.float64(77.1), 'Std': np.float64(6.3)}
2024-11-17 07:14:15,518 - INFO - Bottom 10 Std Stats: {'Max': np.float64(0.0), 'Min': np.float64(0.0), 'Mean': np.float64(0.0), 'Std': np.float64(0.0)}
[I 2024-11-17 07:14:15,532] Trial 169 finished with value: 54.0 and parameters: {'x_0': 5, 'x_1': 2, 'x_2': 0, 'x_3': 5}. Best is trial 76 with value: 7.0.
2024-11-17 07:14:15,550 - INFO - Candidate Mean Stats: {'Max': np.float64(75.0), 'Min': np.float64(-0.24841725191825628), 'Mean': np.float64(0.415751493251969), 'Std': np.float64(4.366018871180402)}
2024-11-17 07:14:15,550 - INFO - Candidate Std Stats: {'Max': np.float64(0.6006296940737277), 'Min': np.float64(0.0), 'Mean': np.float64(0.06293297067604409), 'Std': np.float64(0.04851557182349894)}
2024-11-17 07:14:15,552 - INFO - Top 10 Mean Stats: {'Max': np.float64(-0.14067944384124306), 'Min': np.float64(-0.24841725191825628), 'Mean': np.float64(-0.2084690731670535), 'Std': np.float64(0.03352524811834386)}
2024-11-17 07:14:15,552 - INFO - Top 10 Std Stats: {'Max': np.float64(0.469850492983053), 'Min': np.float64(0.4016059025479485), 'Mean': np.float64(0.42814452525892327), 'Std': np.float64(0.025807174487396462)}
2024-11-17 07:14:15,552 - INFO - Bottom 10 Mean Stats: {'Max': np.float64(75.0), 'Min': np.float64(66.0), 'Mean': np.float64(72.0), 'Std': np.float64(3.5496478698597698)}
2024-11-17 07:14:15,552 - INFO - Bottom 10 Std Stats: {'Max': np.float64(0.0), 'Min': np.float64(0.0), 'Mean': np.float64(0.0), 'Std': np.float64(0.0)}
[I 2024-11-17 07:14:15,567] Trial 164 finished with value: 36.0 and parameters: {'x_0': -1, 'x_1': -3, 'x_2': 5, 'x_3': -1}. Best is trial 141 with value: 2.0.
2024-11-17 07:14:15,727 - INFO - Candidate Mean Stats: {'Max': np.float64(100.0), 'Min': np.float64(-0.19840462869459605), 'Mean': np.float64(0.6089738528492398), 'Std': np.float64(6.096023986966156)}
2024-11-17 07:14:15,727 - INFO - Candidate Std Stats: {'Max': np.float64(0.3995796422317586), 'Min': np.float64(0.0), 'Mean': np.float64(0.05144606696673724), 'Std': np.float64(0.043903931162948655)}
2024-11-17 07:14:15,728 - INFO - Top 10 Mean Stats: {'Max': np.float64(-0.08635868449059306), 'Min': np.float64(-0.19840462869459605), 'Mean': np.float64(-0.1569485244351449), 'Std': np.float64(0.029016212494828907)}
2024-11-17 07:14:15,728 - INFO - Top 10 Std Stats: {'Max': np.float64(0.3995796422317586), 'Min': np.float64(0.2737587887194976), 'Mean': np.float64(0.32500056866891114), 'Std': np.float64(0.04293204232627651)}
2024-11-17 07:14:15,728 - INFO - Bottom 10 Mean Stats: {'Max': np.float64(100.0), 'Min': np.float64(91.0), 'Mean': np.float64(95.5), 'Std': np.float64(4.5)}
2024-11-17 07:14:15,729 - INFO - Bottom 10 Std Stats: {'Max': np.float64(0.0), 'Min': np.float64(0.0), 'Mean': np.float64(0.0), 'Std': np.float64(0.0)}
[I 2024-11-17 07:14:15,744] Trial 173 finished with value: 51.0 and parameters: {'x_0': -3, 'x_1': 5, 'x_2': 4, 'x_3': -1}. Best is trial 155 with value: 5.0.
2024-11-17 07:14:15,777 - INFO - Candidate Mean Stats: {'Max': np.float64(91.0), 'Min': np.float64(-0.23523359666817223), 'Mean': np.float64(0.4623983353657681), 'Std': np.float64(4.720799865031594)}
2024-11-17 07:14:15,777 - INFO - Candidate Std Stats: {'Max': np.float64(0.6907503389929291), 'Min': np.float64(0.0), 'Mean': np.float64(0.06305632485003872), 'Std': np.float64(0.04871319880616118)}
2024-11-17 07:14:15,778 - INFO - Top 10 Mean Stats: {'Max': np.float64(-0.14431691614647751), 'Min': np.float64(-0.23523359666817223), 'Mean': np.float64(-0.1831646519429902), 'Std': np.float64(0.028505816626131445)}
2024-11-17 07:14:15,779 - INFO - Top 10 Std Stats: {'Max': np.float64(0.4146386772336174), 'Min': np.float64(0.29828111387546463), 'Mean': np.float64(0.35525781340347146), 'Std': np.float64(0.035345452089935156)}
2024-11-17 07:14:15,779 - INFO - Bottom 10 Mean Stats: {'Max': np.float64(91.0), 'Min': np.float64(70.0), 'Mean': np.float64(77.1), 'Std': np.float64(6.3)}
2024-11-17 07:14:15,779 - INFO - Bottom 10 Std Stats: {'Max': np.float64(0.0), 'Min': np.float64(0.0), 'Mean': np.float64(0.0), 'Std': np.float64(0.0)}
[I 2024-11-17 07:14:15,792] Trial 170 finished with value: 9.0 and parameters: {'x_0': -1, 'x_1': 2, 'x_2': 2, 'x_3': 0}. Best is trial 76 with value: 7.0.
2024-11-17 07:14:15,817 - INFO - Candidate Mean Stats: {'Max': np.float64(75.0), 'Min': np.float64(-0.3245624382986582), 'Mean': np.float64(0.42052688818068656), 'Std': np.float64(4.375684356610363)}
2024-11-17 07:14:15,818 - INFO - Candidate Std Stats: {'Max': np.float64(0.6300737874357043), 'Min': np.float64(0.0), 'Mean': np.float64(0.06152129080838513), 'Std': np.float64(0.049292184462651795)}
2024-11-17 07:14:15,819 - INFO - Top 10 Mean Stats: {'Max': np.float64(-0.12288493304878371), 'Min': np.float64(-0.3245624382986582), 'Mean': np.float64(-0.1894635864211172), 'Std': np.float64(0.05806654214182359)}
2024-11-17 07:14:15,819 - INFO - Top 10 Std Stats: {'Max': np.float64(0.49382473471983385), 'Min': np.float64(0.35864566961889266), 'Mean': np.float64(0.41750553710529126), 'Std': np.float64(0.042176506645197565)}
2024-11-17 07:14:15,820 - INFO - Bottom 10 Mean Stats: {'Max': np.float64(75.0), 'Min': np.float64(66.0), 'Mean': np.float64(72.0), 'Std': np.float64(3.5496478698597698)}
2024-11-17 07:14:15,820 - INFO - Bottom 10 Std Stats: {'Max': np.float64(0.0), 'Min': np.float64(0.0), 'Mean': np.float64(0.0), 'Std': np.float64(0.0)}
[I 2024-11-17 07:14:15,837] Trial 165 finished with value: 10.0 and parameters: {'x_0': 1, 'x_1': 0, 'x_2': 0, 'x_3': -3}. Best is trial 141 with value: 2.0.
2024-11-17 07:14:15,968 - INFO - Candidate Mean Stats: {'Max': np.float64(100.0), 'Min': np.float64(-0.4875140276529983), 'Mean': np.float64(0.6102097789569588), 'Std': np.float64(6.110461563053573)}
2024-11-17 07:14:15,968 - INFO - Candidate Std Stats: {'Max': np.float64(1.173943042589382), 'Min': np.float64(0.0), 'Mean': np.float64(0.05319186011052653), 'Std': np.float64(0.049235447012273593)}
2024-11-17 07:14:15,970 - INFO - Top 10 Mean Stats: {'Max': np.float64(-0.09767495991060618), 'Min': np.float64(-0.4875140276529983), 'Mean': np.float64(-0.2367914561152034), 'Std': np.float64(0.0962801296286061)}
2024-11-17 07:14:15,970 - INFO - Top 10 Std Stats: {'Max': np.float64(1.173943042589382), 'Min': np.float64(0.38191994770810384), 'Mean': np.float64(0.584549954838991), 'Std': np.float64(0.20703236440879)}
2024-11-17 07:14:15,970 - INFO - Bottom 10 Mean Stats: {'Max': np.float64(100.0), 'Min': np.float64(91.0), 'Mean': np.float64(95.5), 'Std': np.float64(4.5)}
2024-11-17 07:14:15,970 - INFO - Bottom 10 Std Stats: {'Max': np.float64(0.0), 'Min': np.float64(0.0), 'Mean': np.float64(0.0), 'Std': np.float64(0.0)}
[I 2024-11-17 07:14:15,985] Trial 174 finished with value: 76.0 and parameters: {'x_0': -1, 'x_1': -5, 'x_2': -5, 'x_3': -5}. Best is trial 155 with value: 5.0.
2024-11-17 07:14:16,039 - INFO - Candidate Mean Stats: {'Max': np.float64(91.0), 'Min': np.float64(-0.30009152730135213), 'Mean': np.float64(0.46228338481137204), 'Std': np.float64(4.7214006860283515)}
2024-11-17 07:14:16,039 - INFO - Candidate Std Stats: {'Max': np.float64(0.5368255222602792), 'Min': np.float64(0.0), 'Mean': np.float64(0.06089896914714557), 'Std': np.float64(0.05094574563373881)}
2024-11-17 07:14:16,041 - INFO - Top 10 Mean Stats: {'Max': np.float64(-0.07228077362932543), 'Min': np.float64(-0.30009152730135213), 'Mean': np.float64(-0.21063669543782323), 'Std': np.float64(0.06260614122091918)}
2024-11-17 07:14:16,041 - INFO - Top 10 Std Stats: {'Max': np.float64(0.5368255222602792), 'Min': np.float64(0.37398704834025837), 'Mean': np.float64(0.42727267236943944), 'Std': np.float64(0.04877329686637377)}
2024-11-17 07:14:16,041 - INFO - Bottom 10 Mean Stats: {'Max': np.float64(91.0), 'Min': np.float64(70.0), 'Mean': np.float64(77.1), 'Std': np.float64(6.3)}
2024-11-17 07:14:16,041 - INFO - Bottom 10 Std Stats: {'Max': np.float64(0.0), 'Min': np.float64(0.0), 'Mean': np.float64(0.0), 'Std': np.float64(0.0)}
[I 2024-11-17 07:14:16,058] Trial 171 finished with value: 91.0 and parameters: {'x_0': -4, 'x_1': 5, 'x_2': -5, 'x_3': 5}. Best is trial 76 with value: 7.0.
2024-11-17 07:14:16,120 - INFO - Candidate Mean Stats: {'Max': np.float64(75.0), 'Min': np.float64(-0.2389600417253253), 'Mean': np.float64(0.41885057227144795), 'Std': np.float64(4.376624414582775)}
2024-11-17 07:14:16,120 - INFO - Candidate Std Stats: {'Max': np.float64(0.6593505699450254), 'Min': np.float64(0.0), 'Mean': np.float64(0.0614752463928209), 'Std': np.float64(0.049968685765733295)}
2024-11-17 07:14:16,122 - INFO - Top 10 Mean Stats: {'Max': np.float64(-0.157444623725988), 'Min': np.float64(-0.21669522949551298), 'Mean': np.float64(-0.18628305200269843), 'Std': np.float64(0.018199745705782228)}
2024-11-17 07:14:16,122 - INFO - Top 10 Std Stats: {'Max': np.float64(0.4838681582372407), 'Min': np.float64(0.3492989553505918), 'Mean': np.float64(0.4244517207150813), 'Std': np.float64(0.03997966367525649)}
2024-11-17 07:14:16,122 - INFO - Bottom 10 Mean Stats: {'Max': np.float64(75.0), 'Min': np.float64(66.0), 'Mean': np.float64(72.0), 'Std': np.float64(3.5496478698597698)}
2024-11-17 07:14:16,122 - INFO - Bottom 10 Std Stats: {'Max': np.float64(0.0), 'Min': np.float64(0.0), 'Mean': np.float64(0.0), 'Std': np.float64(0.0)}
[I 2024-11-17 07:14:16,137] Trial 166 finished with value: 66.0 and parameters: {'x_0': 4, 'x_1': -3, 'x_2': -5, 'x_3': -4}. Best is trial 141 with value: 2.0.
2024-11-17 07:14:16,246 - INFO - Candidate Mean Stats: {'Max': np.float64(100.0), 'Min': np.float64(-0.2443625520311296), 'Mean': np.float64(0.6151305096109583), 'Std': np.float64(6.142161482835122)}
2024-11-17 07:14:16,246 - INFO - Candidate Std Stats: {'Max': np.float64(0.5831080698167512), 'Min': np.float64(0.0), 'Mean': np.float64(0.0520361571892245), 'Std': np.float64(0.05048401936995009)}
2024-11-17 07:14:16,248 - INFO - Top 10 Mean Stats: {'Max': np.float64(-0.13541370247263212), 'Min': np.float64(-0.2443625520311296), 'Mean': np.float64(-0.18813627345423725), 'Std': np.float64(0.028530445259193234)}
2024-11-17 07:14:16,248 - INFO - Top 10 Std Stats: {'Max': np.float64(0.4192587317096462), 'Min': np.float64(0.2955677116551872), 'Mean': np.float64(0.35870421096513005), 'Std': np.float64(0.043953132548756074)}
2024-11-17 07:14:16,248 - INFO - Bottom 10 Mean Stats: {'Max': np.float64(100.0), 'Min': np.float64(91.0), 'Mean': np.float64(95.5), 'Std': np.float64(4.5)}
2024-11-17 07:14:16,248 - INFO - Bottom 10 Std Stats: {'Max': np.float64(0.0), 'Min': np.float64(0.0), 'Mean': np.float64(0.0), 'Std': np.float64(0.0)}
[I 2024-11-17 07:14:16,262] Trial 175 finished with value: 26.0 and parameters: {'x_0': 0, 'x_1': 4, 'x_2': -3, 'x_3': -1}. Best is trial 155 with value: 5.0.
2024-11-17 07:14:16,294 - INFO - Candidate Mean Stats: {'Max': np.float64(91.0), 'Min': np.float64(-0.3045512532042144), 'Mean': np.float64(0.4697344274682755), 'Std': np.float64(4.7801957275095)}
2024-11-17 07:14:16,294 - INFO - Candidate Std Stats: {'Max': np.float64(0.6784131359554743), 'Min': np.float64(0.0), 'Mean': np.float64(0.06139154254349124), 'Std': np.float64(0.05050375042239895)}
2024-11-17 07:14:16,295 - INFO - Top 10 Mean Stats: {'Max': np.float64(-0.15460826184714455), 'Min': np.float64(-0.3045512532042144), 'Mean': np.float64(-0.21894779661552777), 'Std': np.float64(0.04635837765382258)}
2024-11-17 07:14:16,295 - INFO - Top 10 Std Stats: {'Max': np.float64(0.4780263031114158), 'Min': np.float64(0.32652726372714647), 'Mean': np.float64(0.3846378105531626), 'Std': np.float64(0.053823608595362185)}
2024-11-17 07:14:16,296 - INFO - Bottom 10 Mean Stats: {'Max': np.float64(91.0), 'Min': np.float64(70.0), 'Mean': np.float64(79.2), 'Std': np.float64(7.0398863627192165)}
2024-11-17 07:14:16,296 - INFO - Bottom 10 Std Stats: {'Max': np.float64(0.0), 'Min': np.float64(0.0), 'Mean': np.float64(0.0), 'Std': np.float64(0.0)}
[I 2024-11-17 07:14:16,310] Trial 172 finished with value: 42.0 and parameters: {'x_0': -2, 'x_1': -3, 'x_2': -5, 'x_3': -2}. Best is trial 76 with value: 7.0.
2024-11-17 07:14:16,396 - INFO - Candidate Mean Stats: {'Max': np.float64(75.0), 'Min': np.float64(-0.20443522966549113), 'Mean': np.float64(0.4245680179557848), 'Std': np.float64(4.409943432511606)}
2024-11-17 07:14:16,397 - INFO - Candidate Std Stats: {'Max': np.float64(0.44520045960331855), 'Min': np.float64(0.0), 'Mean': np.float64(0.0643478845871214), 'Std': np.float64(0.04707401741656847)}
2024-11-17 07:14:16,398 - INFO - Top 10 Mean Stats: {'Max': np.float64(-0.1633700970287702), 'Min': np.float64(-0.20436539010248156), 'Mean': np.float64(-0.18007925058464108), 'Std': np.float64(0.013555665915896988)}
2024-11-17 07:14:16,398 - INFO - Top 10 Std Stats: {'Max': np.float64(0.44520045960331855), 'Min': np.float64(0.30502835421899477), 'Mean': np.float64(0.3596731990162655), 'Std': np.float64(0.047422483659490956)}
2024-11-17 07:14:16,398 - INFO - Bottom 10 Mean Stats: {'Max': np.float64(75.0), 'Min': np.float64(66.0), 'Mean': np.float64(72.0), 'Std': np.float64(3.5496478698597698)}
2024-11-17 07:14:16,398 - INFO - Bottom 10 Std Stats: {'Max': np.float64(0.0), 'Min': np.float64(0.0), 'Mean': np.float64(0.0), 'Std': np.float64(0.0)}
[I 2024-11-17 07:14:16,413] Trial 167 finished with value: 31.0 and parameters: {'x_0': -2, 'x_1': -1, 'x_2': 5, 'x_3': -1}. Best is trial 141 with value: 2.0.
2024-11-17 07:14:16,461 - INFO - Candidate Mean Stats: {'Max': np.float64(100.0), 'Min': np.float64(-0.21258199812022688), 'Mean': np.float64(0.6220769409922808), 'Std': np.float64(6.145239600477209)}
2024-11-17 07:14:16,462 - INFO - Candidate Std Stats: {'Max': np.float64(0.45233187341309905), 'Min': np.float64(0.0), 'Mean': np.float64(0.04788271985574698), 'Std': np.float64(0.043897783297063016)}
2024-11-17 07:14:16,463 - INFO - Top 10 Mean Stats: {'Max': np.float64(-0.10055368640148246), 'Min': np.float64(-0.21258199812022688), 'Mean': np.float64(-0.15075913097403998), 'Std': np.float64(0.03348851447705833)}
2024-11-17 07:14:16,463 - INFO - Top 10 Std Stats: {'Max': np.float64(0.42172198294103175), 'Min': np.float64(0.3023075480415196), 'Mean': np.float64(0.35863420983491484), 'Std': np.float64(0.04706624560599813)}
2024-11-17 07:14:16,463 - INFO - Bottom 10 Mean Stats: {'Max': np.float64(100.0), 'Min': np.float64(91.0), 'Mean': np.float64(95.5), 'Std': np.float64(4.5)}
2024-11-17 07:14:16,463 - INFO - Bottom 10 Std Stats: {'Max': np.float64(0.0), 'Min': np.float64(0.0), 'Mean': np.float64(0.0), 'Std': np.float64(0.0)}
[I 2024-11-17 07:14:16,479] Trial 176 finished with value: 36.0 and parameters: {'x_0': -1, 'x_1': 5, 'x_2': 3, 'x_3': 1}. Best is trial 155 with value: 5.0.
2024-11-17 07:14:16,544 - INFO - Candidate Mean Stats: {'Max': np.float64(91.0), 'Min': np.float64(-0.261572474462794), 'Mean': np.float64(0.472224011409477), 'Std': np.float64(4.792547564681923)}
2024-11-17 07:14:16,544 - INFO - Candidate Std Stats: {'Max': np.float64(0.7435900886231805), 'Min': np.float64(0.0), 'Mean': np.float64(0.06519719562359257), 'Std': np.float64(0.04804120414642529)}
2024-11-17 07:14:16,546 - INFO - Top 10 Mean Stats: {'Max': np.float64(-0.18090729554826296), 'Min': np.float64(-0.261572474462794), 'Mean': np.float64(-0.20987189293978958), 'Std': np.float64(0.023197718287082378)}
2024-11-17 07:14:16,546 - INFO - Top 10 Std Stats: {'Max': np.float64(0.545394239729289), 'Min': np.float64(0.3684006259672946), 'Mean': np.float64(0.4245374561741645), 'Std': np.float64(0.05596208647901406)}
2024-11-17 07:14:16,546 - INFO - Bottom 10 Mean Stats: {'Max': np.float64(91.0), 'Min': np.float64(70.0), 'Mean': np.float64(79.2), 'Std': np.float64(7.0398863627192165)}
2024-11-17 07:14:16,546 - INFO - Bottom 10 Std Stats: {'Max': np.float64(0.0), 'Min': np.float64(0.0), 'Mean': np.float64(0.0), 'Std': np.float64(0.0)}
[I 2024-11-17 07:14:16,560] Trial 173 finished with value: 7.0 and parameters: {'x_0': -1, 'x_1': -2, 'x_2': 1, 'x_3': -1}. Best is trial 76 with value: 7.0.
2024-11-17 07:14:16,660 - INFO - Candidate Mean Stats: {'Max': np.float64(75.0), 'Min': np.float64(-0.2970145975929697), 'Mean': np.float64(0.4255425319959331), 'Std': np.float64(4.417286465252432)}
2024-11-17 07:14:16,660 - INFO - Candidate Std Stats: {'Max': np.float64(0.5808126404839035), 'Min': np.float64(0.0), 'Mean': np.float64(0.06385661856047428), 'Std': np.float64(0.04934574390344377)}
2024-11-17 07:14:16,661 - INFO - Top 10 Mean Stats: {'Max': np.float64(-0.10687619678211728), 'Min': np.float64(-0.2970145975929697), 'Mean': np.float64(-0.23307469813871343), 'Std': np.float64(0.05303738061208628)}
2024-11-17 07:14:16,661 - INFO - Top 10 Std Stats: {'Max': np.float64(0.5224690581535933), 'Min': np.float64(0.2821266226044769), 'Mean': np.float64(0.4103461160106999), 'Std': np.float64(0.06932244737510783)}
2024-11-17 07:14:16,662 - INFO - Bottom 10 Mean Stats: {'Max': np.float64(75.0), 'Min': np.float64(66.0), 'Mean': np.float64(72.0), 'Std': np.float64(3.5496478698597698)}
2024-11-17 07:14:16,662 - INFO - Bottom 10 Std Stats: {'Max': np.float64(0.0), 'Min': np.float64(0.0), 'Mean': np.float64(0.0), 'Std': np.float64(0.0)}
[I 2024-11-17 07:14:16,676] Trial 168 finished with value: 20.0 and parameters: {'x_0': -1, 'x_1': -3, 'x_2': 1, 'x_3': -3}. Best is trial 141 with value: 2.0.
2024-11-17 07:14:16,701 - INFO - Candidate Mean Stats: {'Max': np.float64(100.0), 'Min': np.float64(-0.1874570925185058), 'Mean': np.float64(0.6197823243750534), 'Std': np.float64(6.152651217938291)}
2024-11-17 07:14:16,701 - INFO - Candidate Std Stats: {'Max': np.float64(0.45619045044331086), 'Min': np.float64(0.0), 'Mean': np.float64(0.05955686744024238), 'Std': np.float64(0.04446902892167083)}
2024-11-17 07:14:16,703 - INFO - Top 10 Mean Stats: {'Max': np.float64(-0.09817915158557908), 'Min': np.float64(-0.1874570925185058), 'Mean': np.float64(-0.15201568942107774), 'Std': np.float64(0.0223715625968208)}
2024-11-17 07:14:16,703 - INFO - Top 10 Std Stats: {'Max': np.float64(0.4359988796505961), 'Min': np.float64(0.2932409729777869), 'Mean': np.float64(0.337648239532937), 'Std': np.float64(0.053341185690854775)}
2024-11-17 07:14:16,703 - INFO - Bottom 10 Mean Stats: {'Max': np.float64(100.0), 'Min': np.float64(91.0), 'Mean': np.float64(95.5), 'Std': np.float64(4.5)}
2024-11-17 07:14:16,703 - INFO - Bottom 10 Std Stats: {'Max': np.float64(0.0), 'Min': np.float64(0.0), 'Mean': np.float64(0.0), 'Std': np.float64(0.0)}
[I 2024-11-17 07:14:16,718] Trial 177 finished with value: 66.0 and parameters: {'x_0': 0, 'x_1': -5, 'x_2': -4, 'x_3': 5}. Best is trial 155 with value: 5.0.
2024-11-17 07:14:16,780 - INFO - Candidate Mean Stats: {'Max': np.float64(91.0), 'Min': np.float64(-0.26515341209985505), 'Mean': np.float64(0.47240183008537845), 'Std': np.float64(4.792868941085572)}
2024-11-17 07:14:16,780 - INFO - Candidate Std Stats: {'Max': np.float64(0.42212557850144444), 'Min': np.float64(0.0), 'Mean': np.float64(0.06343788118484563), 'Std': np.float64(0.04906965827587109)}
2024-11-17 07:14:16,781 - INFO - Top 10 Mean Stats: {'Max': np.float64(-0.14991915198027078), 'Min': np.float64(-0.26515341209985505), 'Mean': np.float64(-0.18701416524782735), 'Std': np.float64(0.03166873291450832)}
2024-11-17 07:14:16,782 - INFO - Top 10 Std Stats: {'Max': np.float64(0.42212557850144444), 'Min': np.float64(0.2803290874412668), 'Mean': np.float64(0.34522017906892133), 'Std': np.float64(0.035036828164605106)}
2024-11-17 07:14:16,782 - INFO - Bottom 10 Mean Stats: {'Max': np.float64(91.0), 'Min': np.float64(70.0), 'Mean': np.float64(79.2), 'Std': np.float64(7.0398863627192165)}
2024-11-17 07:14:16,782 - INFO - Bottom 10 Std Stats: {'Max': np.float64(0.0), 'Min': np.float64(0.0), 'Mean': np.float64(0.0), 'Std': np.float64(0.0)}
