[I 2024-11-17 07:15:36,192] Trial 451 finished with value: 66.0 and parameters: {'x_0': 4, 'x_1': 5, 'x_2': -5, 'x_3': 0}. Best is trial 320 with value: 0.0.
2024-11-17 07:15:36,336 - INFO - Candidate Mean Stats: {'Max': np.float64(91.0), 'Min': np.float64(-0.25141273955163346), 'Mean': np.float64(1.038723951773798), 'Std': np.float64(7.088845403176519)}
2024-11-17 07:15:36,336 - INFO - Candidate Std Stats: {'Max': np.float64(0.6548605462858031), 'Min': np.float64(0.0), 'Mean': np.float64(0.032877240131184), 'Std': np.float64(0.040385912100121296)}
2024-11-17 07:15:36,338 - INFO - Top 10 Mean Stats: {'Max': np.float64(0.023234007544499325), 'Min': np.float64(-0.25141273955163346), 'Mean': np.float64(-0.16967550406132273), 'Std': np.float64(0.0871747466146532)}
2024-11-17 07:15:36,338 - INFO - Top 10 Std Stats: {'Max': np.float64(0.43209181405347186), 'Min': np.float64(0.18133357083196064), 'Mean': np.float64(0.2743454328921232), 'Std': np.float64(0.09399171235072766)}
2024-11-17 07:15:36,338 - INFO - Bottom 10 Mean Stats: {'Max': np.float64(91.0), 'Min': np.float64(82.0), 'Mean': np.float64(84.9), 'Std': np.float64(4.036087214122113)}
2024-11-17 07:15:36,338 - INFO - Bottom 10 Std Stats: {'Max': np.float64(0.0), 'Min': np.float64(0.0), 'Mean': np.float64(0.0), 'Std': np.float64(0.0)}
[I 2024-11-17 07:15:36,355] Trial 452 finished with value: 26.0 and parameters: {'x_0': -3, 'x_1': -3, 'x_2': 2, 'x_3': 2}. Best is trial 320 with value: 0.0.
2024-11-17 07:15:36,537 - INFO - Candidate Mean Stats: {'Max': np.float64(91.0), 'Min': np.float64(-0.19187154113249544), 'Mean': np.float64(1.0407162071103784), 'Std': np.float64(7.091784035755184)}
2024-11-17 07:15:36,537 - INFO - Candidate Std Stats: {'Max': np.float64(0.811573057530356), 'Min': np.float64(0.0), 'Mean': np.float64(0.03378693068427529), 'Std': np.float64(0.04027643796109852)}
2024-11-17 07:15:36,539 - INFO - Top 10 Mean Stats: {'Max': np.float64(-0.055480412821663896), 'Min': np.float64(-0.19187154113249544), 'Mean': np.float64(-0.16131592915177909), 'Std': np.float64(0.03813338523862611)}
2024-11-17 07:15:36,539 - INFO - Top 10 Std Stats: {'Max': np.float64(0.35528068599540413), 'Min': np.float64(0.21658095036135172), 'Mean': np.float64(0.24578959651312576), 'Std': np.float64(0.03854684143777362)}
2024-11-17 07:15:36,539 - INFO - Bottom 10 Mean Stats: {'Max': np.float64(91.0), 'Min': np.float64(82.0), 'Mean': np.float64(84.9), 'Std': np.float64(4.036087214122113)}
2024-11-17 07:15:36,539 - INFO - Bottom 10 Std Stats: {'Max': np.float64(0.0), 'Min': np.float64(0.0), 'Mean': np.float64(0.0), 'Std': np.float64(0.0)}
[I 2024-11-17 07:15:36,556] Trial 453 finished with value: 9.0 and parameters: {'x_0': 0, 'x_1': 3, 'x_2': 0, 'x_3': 0}. Best is trial 320 with value: 0.0.
2024-11-17 07:15:36,700 - INFO - Candidate Mean Stats: {'Max': np.float64(91.0), 'Min': np.float64(-0.3172960297712254), 'Mean': np.float64(1.0424829724341562), 'Std': np.float64(7.09195200400947)}
2024-11-17 07:15:36,700 - INFO - Candidate Std Stats: {'Max': np.float64(0.5647109546328861), 'Min': np.float64(0.0), 'Mean': np.float64(0.029194174405470265), 'Std': np.float64(0.0433151680832685)}
2024-11-17 07:15:36,701 - INFO - Top 10 Mean Stats: {'Max': np.float64(-0.15052204620643211), 'Min': np.float64(-0.18631171298900323), 'Mean': np.float64(-0.16795400832027643), 'Std': np.float64(0.009959066665637862)}
2024-11-17 07:15:36,701 - INFO - Top 10 Std Stats: {'Max': np.float64(0.3559145066484611), 'Min': np.float64(0.3024540726830978), 'Mean': np.float64(0.32660419362843185), 'Std': np.float64(0.018058491773345495)}
2024-11-17 07:15:36,701 - INFO - Bottom 10 Mean Stats: {'Max': np.float64(91.0), 'Min': np.float64(82.0), 'Mean': np.float64(84.9), 'Std': np.float64(4.036087214122113)}
2024-11-17 07:15:36,702 - INFO - Bottom 10 Std Stats: {'Max': np.float64(0.0), 'Min': np.float64(0.0), 'Mean': np.float64(0.0), 'Std': np.float64(0.0)}
[I 2024-11-17 07:15:36,719] Trial 454 finished with value: 4.0 and parameters: {'x_0': 2, 'x_1': 0, 'x_2': 0, 'x_3': 0}. Best is trial 320 with value: 0.0.
2024-11-17 07:15:36,893 - INFO - Candidate Mean Stats: {'Max': np.float64(91.0), 'Min': np.float64(-0.28536550620335027), 'Mean': np.float64(1.037202107532796), 'Std': np.float64(7.092749676397913)}
2024-11-17 07:15:36,893 - INFO - Candidate Std Stats: {'Max': np.float64(0.7196457686630979), 'Min': np.float64(0.0), 'Mean': np.float64(0.04131832035258222), 'Std': np.float64(0.042769158709511056)}
2024-11-17 07:15:36,895 - INFO - Top 10 Mean Stats: {'Max': np.float64(-0.13851454513681863), 'Min': np.float64(-0.28536550620335027), 'Mean': np.float64(-0.17891232389027695), 'Std': np.float64(0.04038538078756007)}
2024-11-17 07:15:36,895 - INFO - Top 10 Std Stats: {'Max': np.float64(0.37931695198418003), 'Min': np.float64(0.1502396262375081), 'Mean': np.float64(0.2706125581493003), 'Std': np.float64(0.05484642028907269)}
2024-11-17 07:15:36,895 - INFO - Bottom 10 Mean Stats: {'Max': np.float64(91.0), 'Min': np.float64(82.0), 'Mean': np.float64(84.9), 'Std': np.float64(4.036087214122113)}
2024-11-17 07:15:36,895 - INFO - Bottom 10 Std Stats: {'Max': np.float64(0.0), 'Min': np.float64(0.0), 'Mean': np.float64(0.0), 'Std': np.float64(0.0)}
[I 2024-11-17 07:15:36,913] Trial 455 finished with value: 44.0 and parameters: {'x_0': -3, 'x_1': -5, 'x_2': 1, 'x_3': -3}. Best is trial 320 with value: 0.0.
2024-11-17 07:15:37,062 - INFO - Candidate Mean Stats: {'Max': np.float64(91.0), 'Min': np.float64(-0.4004981481708386), 'Mean': np.float64(1.0423345214231106), 'Std': np.float64(7.1013466006262735)}
2024-11-17 07:15:37,062 - INFO - Candidate Std Stats: {'Max': np.float64(0.47531681008614296), 'Min': np.float64(0.0), 'Mean': np.float64(0.038068557133548994), 'Std': np.float64(0.04429835825191328)}
2024-11-17 07:15:37,063 - INFO - Top 10 Mean Stats: {'Max': np.float64(-0.1526921199508485), 'Min': np.float64(-0.4004981481708386), 'Mean': np.float64(-0.29566088036920085), 'Std': np.float64(0.1000346641598917)}
2024-11-17 07:15:37,063 - INFO - Top 10 Std Stats: {'Max': np.float64(0.39725524209046875), 'Min': np.float64(0.13549473605584747), 'Mean': np.float64(0.24107663098499055), 'Std': np.float64(0.10770460985210824)}
2024-11-17 07:15:37,063 - INFO - Bottom 10 Mean Stats: {'Max': np.float64(91.0), 'Min': np.float64(82.0), 'Mean': np.float64(84.9), 'Std': np.float64(4.036087214122113)}
2024-11-17 07:15:37,063 - INFO - Bottom 10 Std Stats: {'Max': np.float64(0.0), 'Min': np.float64(0.0), 'Mean': np.float64(0.0), 'Std': np.float64(0.0)}
[I 2024-11-17 07:15:37,092] Trial 456 finished with value: 55.0 and parameters: {'x_0': -5, 'x_1': -1, 'x_2': -5, 'x_3': -2}. Best is trial 320 with value: 0.0.
2024-11-17 07:15:37,251 - INFO - Candidate Mean Stats: {'Max': np.float64(91.0), 'Min': np.float64(-0.4379240770285177), 'Mean': np.float64(1.0520760695401923), 'Std': np.float64(7.114484528893735)}
2024-11-17 07:15:37,251 - INFO - Candidate Std Stats: {'Max': np.float64(0.613787052912621), 'Min': np.float64(0.0), 'Mean': np.float64(0.025880077028793046), 'Std': np.float64(0.037333474284735706)}
2024-11-17 07:15:37,253 - INFO - Top 10 Mean Stats: {'Max': np.float64(-0.19340883072563), 'Min': np.float64(-0.4379240770285177), 'Mean': np.float64(-0.37206671790204304), 'Std': np.float64(0.07334847410882868)}
2024-11-17 07:15:37,253 - INFO - Top 10 Std Stats: {'Max': np.float64(0.20629588488370726), 'Min': np.float64(0.1019111666202083), 'Mean': np.float64(0.14377598812186), 'Std': np.float64(0.029843853550953064)}
2024-11-17 07:15:37,253 - INFO - Bottom 10 Mean Stats: {'Max': np.float64(91.0), 'Min': np.float64(82.0), 'Mean': np.float64(84.9), 'Std': np.float64(4.036087214122113)}
2024-11-17 07:15:37,253 - INFO - Bottom 10 Std Stats: {'Max': np.float64(0.0), 'Min': np.float64(0.0), 'Mean': np.float64(0.0), 'Std': np.float64(0.0)}
[I 2024-11-17 07:15:37,270] Trial 457 finished with value: 17.0 and parameters: {'x_0': -1, 'x_1': -4, 'x_2': 0, 'x_3': 0}. Best is trial 320 with value: 0.0.
2024-11-17 07:15:37,435 - INFO - Candidate Mean Stats: {'Max': np.float64(91.0), 'Min': np.float64(-0.3430910921087769), 'Mean': np.float64(1.0494301630360592), 'Std': np.float64(7.116255274423305)}
2024-11-17 07:15:37,435 - INFO - Candidate Std Stats: {'Max': np.float64(0.6736463844427552), 'Min': np.float64(0.0), 'Mean': np.float64(0.03441517848077157), 'Std': np.float64(0.04307166298276859)}
2024-11-17 07:15:37,436 - INFO - Top 10 Mean Stats: {'Max': np.float64(0.013561807628644711), 'Min': np.float64(-0.3430910921087769), 'Mean': np.float64(-0.25034266956323187), 'Std': np.float64(0.10309110537892953)}
2024-11-17 07:15:37,436 - INFO - Top 10 Std Stats: {'Max': np.float64(0.45756431015095406), 'Min': np.float64(0.23084915429291133), 'Mean': np.float64(0.31805882949252673), 'Std': np.float64(0.06063689857258904)}
2024-11-17 07:15:37,436 - INFO - Bottom 10 Mean Stats: {'Max': np.float64(91.0), 'Min': np.float64(82.0), 'Mean': np.float64(84.9), 'Std': np.float64(4.036087214122113)}
2024-11-17 07:15:37,436 - INFO - Bottom 10 Std Stats: {'Max': np.float64(0.0), 'Min': np.float64(0.0), 'Mean': np.float64(0.0), 'Std': np.float64(0.0)}
[I 2024-11-17 07:15:37,455] Trial 458 finished with value: 17.0 and parameters: {'x_0': 0, 'x_1': -4, 'x_2': 1, 'x_3': 0}. Best is trial 320 with value: 0.0.
2024-11-17 07:15:37,656 - INFO - Candidate Mean Stats: {'Max': np.float64(91.0), 'Min': np.float64(-0.3184693749671844), 'Mean': np.float64(1.0497446256025917), 'Std': np.float64(7.117579624368935)}
2024-11-17 07:15:37,656 - INFO - Candidate Std Stats: {'Max': np.float64(0.5956633774473863), 'Min': np.float64(0.0), 'Mean': np.float64(0.03418255535787659), 'Std': np.float64(0.04311493013834731)}
2024-11-17 07:15:37,657 - INFO - Top 10 Mean Stats: {'Max': np.float64(-0.1393990650259992), 'Min': np.float64(-0.3184693749671844), 'Mean': np.float64(-0.23803018089259945), 'Std': np.float64(0.06744911999586266)}
2024-11-17 07:15:37,657 - INFO - Top 10 Std Stats: {'Max': np.float64(0.3077079251517916), 'Min': np.float64(0.14979056713869596), 'Mean': np.float64(0.20638806861706332), 'Std': np.float64(0.05160949331491352)}
2024-11-17 07:15:37,658 - INFO - Bottom 10 Mean Stats: {'Max': np.float64(91.0), 'Min': np.float64(82.0), 'Mean': np.float64(84.9), 'Std': np.float64(4.036087214122113)}
2024-11-17 07:15:37,658 - INFO - Bottom 10 Std Stats: {'Max': np.float64(0.0), 'Min': np.float64(0.0), 'Mean': np.float64(0.0), 'Std': np.float64(0.0)}
[I 2024-11-17 07:15:37,674] Trial 459 finished with value: 18.0 and parameters: {'x_0': 1, 'x_1': -4, 'x_2': 1, 'x_3': 0}. Best is trial 320 with value: 0.0.
2024-11-17 07:15:37,864 - INFO - Candidate Mean Stats: {'Max': np.float64(91.0), 'Min': np.float64(-0.35799798903253227), 'Mean': np.float64(1.0445119068930717), 'Std': np.float64(7.1198704878452475)}
2024-11-17 07:15:37,864 - INFO - Candidate Std Stats: {'Max': np.float64(0.9030772305932667), 'Min': np.float64(0.0), 'Mean': np.float64(0.04173552388472499), 'Std': np.float64(0.04624246387537311)}
2024-11-17 07:15:37,866 - INFO - Top 10 Mean Stats: {'Max': np.float64(-0.18142361296966414), 'Min': np.float64(-0.35799798903253227), 'Mean': np.float64(-0.2762543802754793), 'Std': np.float64(0.05950033763956997)}
2024-11-17 07:15:37,866 - INFO - Top 10 Std Stats: {'Max': np.float64(0.6194853788997456), 'Min': np.float64(0.21513184108748895), 'Mean': np.float64(0.3834211749026547), 'Std': np.float64(0.12310048630388999)}
2024-11-17 07:15:37,866 - INFO - Bottom 10 Mean Stats: {'Max': np.float64(91.0), 'Min': np.float64(82.0), 'Mean': np.float64(84.9), 'Std': np.float64(4.036087214122113)}
2024-11-17 07:15:37,866 - INFO - Bottom 10 Std Stats: {'Max': np.float64(0.0), 'Min': np.float64(0.0), 'Mean': np.float64(0.0), 'Std': np.float64(0.0)}
[I 2024-11-17 07:15:37,884] Trial 460 finished with value: 36.0 and parameters: {'x_0': 4, 'x_1': 4, 'x_2': 2, 'x_3': 0}. Best is trial 320 with value: 0.0.
2024-11-17 07:15:38,098 - INFO - Candidate Mean Stats: {'Max': np.float64(91.0), 'Min': np.float64(-0.3782766519347275), 'Mean': np.float64(1.0554850765387656), 'Std': np.float64(7.124485933780827)}
2024-11-17 07:15:38,098 - INFO - Candidate Std Stats: {'Max': np.float64(0.5638551494443438), 'Min': np.float64(0.0), 'Mean': np.float64(0.03258207692016734), 'Std': np.float64(0.041472184281576174)}
2024-11-17 07:15:38,100 - INFO - Top 10 Mean Stats: {'Max': np.float64(0.054025725416202576), 'Min': np.float64(-0.3782766519347275), 'Mean': np.float64(-0.21347996732441255), 'Std': np.float64(0.12414251424109676)}
2024-11-17 07:15:38,100 - INFO - Top 10 Std Stats: {'Max': np.float64(0.4566730620049041), 'Min': np.float64(0.08166954873496426), 'Mean': np.float64(0.2145933772294502), 'Std': np.float64(0.11694652148165316)}
2024-11-17 07:15:38,100 - INFO - Bottom 10 Mean Stats: {'Max': np.float64(91.0), 'Min': np.float64(82.0), 'Mean': np.float64(84.9), 'Std': np.float64(4.036087214122113)}
2024-11-17 07:15:38,100 - INFO - Bottom 10 Std Stats: {'Max': np.float64(0.0), 'Min': np.float64(0.0), 'Mean': np.float64(0.0), 'Std': np.float64(0.0)}
[I 2024-11-17 07:15:38,122] Trial 461 finished with value: 12.0 and parameters: {'x_0': -1, 'x_1': -3, 'x_2': 1, 'x_3': 1}. Best is trial 320 with value: 0.0.
2024-11-17 07:15:38,344 - INFO - Candidate Mean Stats: {'Max': np.float64(91.0), 'Min': np.float64(-0.2848931574249617), 'Mean': np.float64(1.0585188606663303), 'Std': np.float64(7.124769531192442)}
2024-11-17 07:15:38,344 - INFO - Candidate Std Stats: {'Max': np.float64(0.6470930133769988), 'Min': np.float64(0.0), 'Mean': np.float64(0.03026500055432442), 'Std': np.float64(0.03970229690280071)}
2024-11-17 07:15:38,345 - INFO - Top 10 Mean Stats: {'Max': np.float64(-0.10862037432525203), 'Min': np.float64(-0.2848931574249617), 'Mean': np.float64(-0.19622606735049813), 'Std': np.float64(0.06051966748862102)}
2024-11-17 07:15:38,345 - INFO - Top 10 Std Stats: {'Max': np.float64(0.3771877499151393), 'Min': np.float64(0.17884022743708608), 'Mean': np.float64(0.2642698532932074), 'Std': np.float64(0.05612208898551614)}
2024-11-17 07:15:38,345 - INFO - Bottom 10 Mean Stats: {'Max': np.float64(91.0), 'Min': np.float64(82.0), 'Mean': np.float64(84.9), 'Std': np.float64(4.036087214122113)}
2024-11-17 07:15:38,345 - INFO - Bottom 10 Std Stats: {'Max': np.float64(0.0), 'Min': np.float64(0.0), 'Mean': np.float64(0.0), 'Std': np.float64(0.0)}
[I 2024-11-17 07:15:38,365] Trial 462 finished with value: 91.0 and parameters: {'x_0': 5, 'x_1': -5, 'x_2': 4, 'x_3': -5}. Best is trial 320 with value: 0.0.
2024-11-17 07:15:38,536 - INFO - Candidate Mean Stats: {'Max': np.float64(91.0), 'Min': np.float64(-0.31979012198504764), 'Mean': np.float64(1.0602998516712712), 'Std': np.float64(7.164040955543786)}
2024-11-17 07:15:38,536 - INFO - Candidate Std Stats: {'Max': np.float64(0.557279014719665), 'Min': np.float64(0.0), 'Mean': np.float64(0.033945423031179124), 'Std': np.float64(0.04184411856471422)}
2024-11-17 07:15:38,538 - INFO - Top 10 Mean Stats: {'Max': np.float64(-0.12962565995573277), 'Min': np.float64(-0.31979012198504764), 'Mean': np.float64(-0.21446919718274512), 'Std': np.float64(0.06430364801320858)}
2024-11-17 07:15:38,538 - INFO - Top 10 Std Stats: {'Max': np.float64(0.33521015482114275), 'Min': np.float64(0.10088261111234546), 'Mean': np.float64(0.20747854477353017), 'Std': np.float64(0.08559028760914235)}
2024-11-17 07:15:38,538 - INFO - Bottom 10 Mean Stats: {'Max': np.float64(91.0), 'Min': np.float64(82.0), 'Mean': np.float64(85.8), 'Std': np.float64(4.28485705712571)}
2024-11-17 07:15:38,538 - INFO - Bottom 10 Std Stats: {'Max': np.float64(0.0), 'Min': np.float64(0.0), 'Mean': np.float64(0.0), 'Std': np.float64(0.0)}
[I 2024-11-17 07:15:38,554] Trial 463 finished with value: 33.0 and parameters: {'x_0': 0, 'x_1': -5, 'x_2': 2, 'x_3': 2}. Best is trial 320 with value: 0.0.
2024-11-17 07:15:38,763 - INFO - Candidate Mean Stats: {'Max': np.float64(91.0), 'Min': np.float64(-0.2972189318115321), 'Mean': np.float64(1.0597761022176988), 'Std': np.float64(7.169309479257236)}
2024-11-17 07:15:38,763 - INFO - Candidate Std Stats: {'Max': np.float64(0.6170840246580889), 'Min': np.float64(0.0), 'Mean': np.float64(0.03410596513522948), 'Std': np.float64(0.04126157430612035)}
2024-11-17 07:15:38,765 - INFO - Top 10 Mean Stats: {'Max': np.float64(-0.12247892111195477), 'Min': np.float64(-0.2972189318115321), 'Mean': np.float64(-0.20419837424837622), 'Std': np.float64(0.06991143890238657)}
2024-11-17 07:15:38,765 - INFO - Top 10 Std Stats: {'Max': np.float64(0.39079167158808836), 'Min': np.float64(0.1230974883662103), 'Mean': np.float64(0.22053411933512046), 'Std': np.float64(0.08804220552698587)}
2024-11-17 07:15:38,765 - INFO - Bottom 10 Mean Stats: {'Max': np.float64(91.0), 'Min': np.float64(82.0), 'Mean': np.float64(85.8), 'Std': np.float64(4.28485705712571)}
2024-11-17 07:15:38,765 - INFO - Bottom 10 Std Stats: {'Max': np.float64(0.0), 'Min': np.float64(0.0), 'Mean': np.float64(0.0), 'Std': np.float64(0.0)}
[I 2024-11-17 07:15:38,800] Trial 464 finished with value: 54.0 and parameters: {'x_0': 3, 'x_1': -5, 'x_2': 4, 'x_3': 2}. Best is trial 320 with value: 0.0.
2024-11-17 07:15:39,060 - INFO - Candidate Mean Stats: {'Max': np.float64(91.0), 'Min': np.float64(-0.43432132161089304), 'Mean': np.float64(1.064834925915733), 'Std': np.float64(7.182430495807357)}
2024-11-17 07:15:39,060 - INFO - Candidate Std Stats: {'Max': np.float64(0.6078130002966023), 'Min': np.float64(0.0), 'Mean': np.float64(0.034277864880446506), 'Std': np.float64(0.04210247866158773)}
2024-11-17 07:15:39,061 - INFO - Top 10 Mean Stats: {'Max': np.float64(-0.3288084268554751), 'Min': np.float64(-0.43432132161089304), 'Mean': np.float64(-0.3647824687657293), 'Std': np.float64(0.028500281431043613)}
2024-11-17 07:15:39,061 - INFO - Top 10 Std Stats: {'Max': np.float64(0.24929096061872494), 'Min': np.float64(0.11445165880768739), 'Mean': np.float64(0.21538020136643402), 'Std': np.float64(0.03512994588882646)}
2024-11-17 07:15:39,062 - INFO - Bottom 10 Mean Stats: {'Max': np.float64(91.0), 'Min': np.float64(82.0), 'Mean': np.float64(85.8), 'Std': np.float64(4.28485705712571)}
2024-11-17 07:15:39,062 - INFO - Bottom 10 Std Stats: {'Max': np.float64(0.0), 'Min': np.float64(0.0), 'Mean': np.float64(0.0), 'Std': np.float64(0.0)}
[I 2024-11-17 07:15:39,080] Trial 465 finished with value: 17.0 and parameters: {'x_0': 1, 'x_1': 4, 'x_2': 0, 'x_3': 0}. Best is trial 320 with value: 0.0.
2024-11-17 07:15:39,284 - INFO - Candidate Mean Stats: {'Max': np.float64(91.0), 'Min': np.float64(-0.39895575106357783), 'Mean': np.float64(1.0684917494366024), 'Std': np.float64(7.183291793255806)}
2024-11-17 07:15:39,284 - INFO - Candidate Std Stats: {'Max': np.float64(0.6683293821710737), 'Min': np.float64(0.0), 'Mean': np.float64(0.026914493447653717), 'Std': np.float64(0.039990825127904146)}
2024-11-17 07:15:39,286 - INFO - Top 10 Mean Stats: {'Max': np.float64(-0.09201443576502993), 'Min': np.float64(-0.39895575106357783), 'Mean': np.float64(-0.2620293087646977), 'Std': np.float64(0.10488006184418028)}
2024-11-17 07:15:39,286 - INFO - Top 10 Std Stats: {'Max': np.float64(0.3689663103318543), 'Min': np.float64(0.10156067100205199), 'Mean': np.float64(0.20127185692502483), 'Std': np.float64(0.09272987250303429)}
2024-11-17 07:15:39,286 - INFO - Bottom 10 Mean Stats: {'Max': np.float64(91.0), 'Min': np.float64(82.0), 'Mean': np.float64(85.8), 'Std': np.float64(4.28485705712571)}
2024-11-17 07:15:39,286 - INFO - Bottom 10 Std Stats: {'Max': np.float64(0.0), 'Min': np.float64(0.0), 'Mean': np.float64(0.0), 'Std': np.float64(0.0)}
[I 2024-11-17 07:15:39,308] Trial 466 finished with value: 18.0 and parameters: {'x_0': -1, 'x_1': -4, 'x_2': -1, 'x_3': 0}. Best is trial 320 with value: 0.0.
2024-11-17 07:15:39,508 - INFO - Candidate Mean Stats: {'Max': np.float64(91.0), 'Min': np.float64(-0.36288617139428647), 'Mean': np.float64(1.0706581372975408), 'Std': np.float64(7.184497677459164)}
2024-11-17 07:15:39,508 - INFO - Candidate Std Stats: {'Max': np.float64(0.5228505501850138), 'Min': np.float64(0.0), 'Mean': np.float64(0.03331770381203999), 'Std': np.float64(0.04012566371471597)}
2024-11-17 07:15:39,509 - INFO - Top 10 Mean Stats: {'Max': np.float64(-0.06534703787095138), 'Min': np.float64(-0.36288617139428647), 'Mean': np.float64(-0.19661758168789142), 'Std': np.float64(0.09286807938653112)}
2024-11-17 07:15:39,509 - INFO - Top 10 Std Stats: {'Max': np.float64(0.2879613637252966), 'Min': np.float64(0.09632781455353355), 'Mean': np.float64(0.18993777149755414), 'Std': np.float64(0.059333927337057495)}
2024-11-17 07:15:39,510 - INFO - Bottom 10 Mean Stats: {'Max': np.float64(91.0), 'Min': np.float64(82.0), 'Mean': np.float64(85.8), 'Std': np.float64(4.28485705712571)}
2024-11-17 07:15:39,510 - INFO - Bottom 10 Std Stats: {'Max': np.float64(0.0), 'Min': np.float64(0.0), 'Mean': np.float64(0.0), 'Std': np.float64(0.0)}
