[I 2024-11-17 07:13:49,916] Trial 68 finished with value: 30.0 and parameters: {'x_0': -2, 'x_1': -3, 'x_2': 1, 'x_3': 4}. Best is trial 39 with value: 11.0.
2024-11-17 07:13:50,015 - INFO - Candidate Mean Stats: {'Max': np.float64(84.0), 'Min': np.float64(-0.2651879825388578), 'Mean': np.float64(0.18862333483035945), 'Std': np.float64(3.034193098895058)}
2024-11-17 07:13:50,015 - INFO - Candidate Std Stats: {'Max': np.float64(0.44337638572353316), 'Min': np.float64(0.0), 'Mean': np.float64(0.06410743436160783), 'Std': np.float64(0.04894569026505454)}
2024-11-17 07:13:50,016 - INFO - Top 10 Mean Stats: {'Max': np.float64(-0.06580942364468727), 'Min': np.float64(-0.2651879825388578), 'Mean': np.float64(-0.18863850582578395), 'Std': np.float64(0.05048314498616697)}
2024-11-17 07:13:50,017 - INFO - Top 10 Std Stats: {'Max': np.float64(0.43853094021299677), 'Min': np.float64(0.27159836249573244), 'Mean': np.float64(0.3573735132788615), 'Std': np.float64(0.051784423052315766)}
2024-11-17 07:13:50,017 - INFO - Bottom 10 Mean Stats: {'Max': np.float64(84.0), 'Min': np.float64(66.0), 'Mean': np.float64(71.8), 'Std': np.float64(6.64529909033446)}
2024-11-17 07:13:50,017 - INFO - Bottom 10 Std Stats: {'Max': np.float64(0.0), 'Min': np.float64(0.0), 'Mean': np.float64(0.0), 'Std': np.float64(0.0)}
[I 2024-11-17 07:13:50,036] Trial 69 finished with value: 22.0 and parameters: {'x_0': 0, 'x_1': -3, 'x_2': 2, 'x_3': 3}. Best is trial 56 with value: 11.0.
2024-11-17 07:13:50,144 - INFO - Candidate Mean Stats: {'Max': np.float64(75.0), 'Min': np.float64(-0.29220314077629983), 'Mean': np.float64(0.17015005152166265), 'Std': np.float64(2.806014721414887)}
2024-11-17 07:13:50,145 - INFO - Candidate Std Stats: {'Max': np.float64(0.48187862154638256), 'Min': np.float64(0.0), 'Mean': np.float64(0.06618380706195914), 'Std': np.float64(0.04734384539234946)}
2024-11-17 07:13:50,146 - INFO - Top 10 Mean Stats: {'Max': np.float64(-0.06771720425764183), 'Min': np.float64(-0.29220314077629983), 'Mean': np.float64(-0.20279174566578), 'Std': np.float64(0.061337668792256154)}
2024-11-17 07:13:50,146 - INFO - Top 10 Std Stats: {'Max': np.float64(0.48187862154638256), 'Min': np.float64(0.2935975369217599), 'Mean': np.float64(0.37995531724915155), 'Std': np.float64(0.05940861647045132)}
2024-11-17 07:13:50,146 - INFO - Bottom 10 Mean Stats: {'Max': np.float64(75.0), 'Min': np.float64(58.0), 'Mean': np.float64(62.8), 'Std': np.float64(5.509990925582365)}
2024-11-17 07:13:50,146 - INFO - Bottom 10 Std Stats: {'Max': np.float64(0.0), 'Min': np.float64(0.0), 'Mean': np.float64(0.0), 'Std': np.float64(0.0)}
2024-11-17 07:13:50,150 - INFO - Candidate Mean Stats: {'Max': np.float64(91.0), 'Min': np.float64(-0.20300210229623464), 'Mean': np.float64(0.18397425522484187), 'Std': np.float64(2.9034998561843484)}
2024-11-17 07:13:50,150 - INFO - Candidate Std Stats: {'Max': np.float64(0.4559933902867149), 'Min': np.float64(0.0), 'Mean': np.float64(0.06622094226870064), 'Std': np.float64(0.047130354269759)}
2024-11-17 07:13:50,152 - INFO - Top 10 Mean Stats: {'Max': np.float64(-0.14523161224914238), 'Min': np.float64(-0.1981365831862479), 'Mean': np.float64(-0.1730955260944988), 'Std': np.float64(0.016604145890233)}
2024-11-17 07:13:50,152 - INFO - Top 10 Std Stats: {'Max': np.float64(0.37275523629878066), 'Min': np.float64(0.2916246749161999), 'Mean': np.float64(0.32255751507140845), 'Std': np.float64(0.024392259639011576)}
2024-11-17 07:13:50,152 - INFO - Bottom 10 Mean Stats: {'Max': np.float64(91.0), 'Min': np.float64(54.0), 'Mean': np.float64(66.7), 'Std': np.float64(13.520724832641186)}
2024-11-17 07:13:50,152 - INFO - Bottom 10 Std Stats: {'Max': np.float64(0.0), 'Min': np.float64(0.0), 'Mean': np.float64(0.0), 'Std': np.float64(0.0)}
[I 2024-11-17 07:13:50,161] Trial 66 finished with value: 50.0 and parameters: {'x_0': 0, 'x_1': 4, 'x_2': 3, 'x_3': 5}. Best is trial 7 with value: 6.0.
[I 2024-11-17 07:13:50,168] Trial 69 finished with value: 11.0 and parameters: {'x_0': 1, 'x_1': 0, 'x_2': -3, 'x_3': -1}. Best is trial 39 with value: 11.0.
2024-11-17 07:13:50,336 - INFO - Candidate Mean Stats: {'Max': np.float64(84.0), 'Min': np.float64(-0.2638192493945962), 'Mean': np.float64(0.18946514601574344), 'Std': np.float64(3.039590588382326)}
2024-11-17 07:13:50,336 - INFO - Candidate Std Stats: {'Max': np.float64(0.47108960281262335), 'Min': np.float64(0.0), 'Mean': np.float64(0.06503885266651913), 'Std': np.float64(0.04924267685557801)}
2024-11-17 07:13:50,338 - INFO - Top 10 Mean Stats: {'Max': np.float64(-0.11230341622851521), 'Min': np.float64(-0.2638192493945962), 'Mean': np.float64(-0.18930670715206493), 'Std': np.float64(0.04088514810394636)}
2024-11-17 07:13:50,338 - INFO - Top 10 Std Stats: {'Max': np.float64(0.4179458976780674), 'Min': np.float64(0.32210363407014525), 'Mean': np.float64(0.36080627489601047), 'Std': np.float64(0.028062752000643974)}
2024-11-17 07:13:50,338 - INFO - Bottom 10 Mean Stats: {'Max': np.float64(84.0), 'Min': np.float64(66.0), 'Mean': np.float64(71.8), 'Std': np.float64(6.64529909033446)}
2024-11-17 07:13:50,338 - INFO - Bottom 10 Std Stats: {'Max': np.float64(0.0), 'Min': np.float64(0.0), 'Mean': np.float64(0.0), 'Std': np.float64(0.0)}
[I 2024-11-17 07:13:50,352] Trial 70 finished with value: 49.0 and parameters: {'x_0': -1, 'x_1': -4, 'x_2': 4, 'x_3': 4}. Best is trial 56 with value: 11.0.
2024-11-17 07:13:50,391 - INFO - Candidate Mean Stats: {'Max': np.float64(75.0), 'Min': np.float64(-0.26901206685145074), 'Mean': np.float64(0.1744924340738697), 'Std': np.float64(2.8359890332376807)}
2024-11-17 07:13:50,391 - INFO - Candidate Std Stats: {'Max': np.float64(0.5038529242327785), 'Min': np.float64(0.0), 'Mean': np.float64(0.062321980287359746), 'Std': np.float64(0.04843081254611233)}
2024-11-17 07:13:50,393 - INFO - Top 10 Mean Stats: {'Max': np.float64(-0.16758027169887751), 'Min': np.float64(-0.26901206685145074), 'Mean': np.float64(-0.2045716961098183), 'Std': np.float64(0.03482937660838412)}
2024-11-17 07:13:50,393 - INFO - Top 10 Std Stats: {'Max': np.float64(0.4319815376129822), 'Min': np.float64(0.23009470592402692), 'Mean': np.float64(0.3457513013718184), 'Std': np.float64(0.05483086749330543)}
2024-11-17 07:13:50,393 - INFO - Bottom 10 Mean Stats: {'Max': np.float64(75.0), 'Min': np.float64(58.0), 'Mean': np.float64(62.8), 'Std': np.float64(5.509990925582365)}
2024-11-17 07:13:50,393 - INFO - Bottom 10 Std Stats: {'Max': np.float64(0.0), 'Min': np.float64(0.0), 'Mean': np.float64(0.0), 'Std': np.float64(0.0)}
[I 2024-11-17 07:13:50,409] Trial 67 finished with value: 52.0 and parameters: {'x_0': -4, 'x_1': -4, 'x_2': -2, 'x_3': -4}. Best is trial 7 with value: 6.0.
2024-11-17 07:13:50,412 - INFO - Candidate Mean Stats: {'Max': np.float64(91.0), 'Min': np.float64(-0.23245666110392324), 'Mean': np.float64(0.18462386416960155), 'Std': np.float64(2.9048657545255594)}
2024-11-17 07:13:50,412 - INFO - Candidate Std Stats: {'Max': np.float64(0.48749804284811127), 'Min': np.float64(0.0), 'Mean': np.float64(0.06426854880765356), 'Std': np.float64(0.047980678920950946)}
2024-11-17 07:13:50,413 - INFO - Top 10 Mean Stats: {'Max': np.float64(-0.07072620879488574), 'Min': np.float64(-0.22594792538082703), 'Mean': np.float64(-0.16930626029955323), 'Std': np.float64(0.04168472098972364)}
2024-11-17 07:13:50,413 - INFO - Top 10 Std Stats: {'Max': np.float64(0.48749804284811127), 'Min': np.float64(0.27857161490705756), 'Mean': np.float64(0.38261822305031157), 'Std': np.float64(0.07478524525193454)}
2024-11-17 07:13:50,413 - INFO - Bottom 10 Mean Stats: {'Max': np.float64(91.0), 'Min': np.float64(54.0), 'Mean': np.float64(66.7), 'Std': np.float64(13.520724832641186)}
2024-11-17 07:13:50,413 - INFO - Bottom 10 Std Stats: {'Max': np.float64(0.0), 'Min': np.float64(0.0), 'Mean': np.float64(0.0), 'Std': np.float64(0.0)}
[I 2024-11-17 07:13:50,428] Trial 70 finished with value: 84.0 and parameters: {'x_0': -3, 'x_1': 5, 'x_2': -5, 'x_3': 5}. Best is trial 39 with value: 11.0.
2024-11-17 07:13:50,554 - INFO - Candidate Mean Stats: {'Max': np.float64(84.0), 'Min': np.float64(-0.22868080865375115), 'Mean': np.float64(0.19160930742807594), 'Std': np.float64(3.0663066075161702)}
2024-11-17 07:13:50,555 - INFO - Candidate Std Stats: {'Max': np.float64(0.5325314323667307), 'Min': np.float64(0.0), 'Mean': np.float64(0.06413975425174955), 'Std': np.float64(0.0491684079318406)}
2024-11-17 07:13:50,556 - INFO - Top 10 Mean Stats: {'Max': np.float64(-0.15920109632412802), 'Min': np.float64(-0.22868080865375115), 'Mean': np.float64(-0.20370513333289958), 'Std': np.float64(0.022488754515006995)}
2024-11-17 07:13:50,556 - INFO - Top 10 Std Stats: {'Max': np.float64(0.5325314323667307), 'Min': np.float64(0.32929104625487976), 'Mean': np.float64(0.4025125659873122), 'Std': np.float64(0.06628988022635998)}
2024-11-17 07:13:50,556 - INFO - Bottom 10 Mean Stats: {'Max': np.float64(84.0), 'Min': np.float64(66.0), 'Mean': np.float64(71.8), 'Std': np.float64(6.64529909033446)}
2024-11-17 07:13:50,556 - INFO - Bottom 10 Std Stats: {'Max': np.float64(0.0), 'Min': np.float64(0.0), 'Mean': np.float64(0.0), 'Std': np.float64(0.0)}
[I 2024-11-17 07:13:50,575] Trial 71 finished with value: 51.0 and parameters: {'x_0': 1, 'x_1': -4, 'x_2': -5, 'x_3': 3}. Best is trial 56 with value: 11.0.
2024-11-17 07:13:50,635 - INFO - Candidate Mean Stats: {'Max': np.float64(91.0), 'Min': np.float64(-0.3061332340737063), 'Mean': np.float64(0.1892180023242792), 'Std': np.float64(2.986375373752604)}
2024-11-17 07:13:50,635 - INFO - Candidate Std Stats: {'Max': np.float64(0.5707012462560492), 'Min': np.float64(0.0), 'Mean': np.float64(0.06256879139232176), 'Std': np.float64(0.04888738133738319)}
2024-11-17 07:13:50,637 - INFO - Top 10 Mean Stats: {'Max': np.float64(-0.177120683593576), 'Min': np.float64(-0.3061332340737063), 'Mean': np.float64(-0.23648432181172016), 'Std': np.float64(0.03723262384709757)}
2024-11-17 07:13:50,637 - INFO - Top 10 Std Stats: {'Max': np.float64(0.5707012462560492), 'Min': np.float64(0.3736251321444133), 'Mean': np.float64(0.4325696781770878), 'Std': np.float64(0.05313459501802745)}
2024-11-17 07:13:50,637 - INFO - Bottom 10 Mean Stats: {'Max': np.float64(91.0), 'Min': np.float64(54.0), 'Mean': np.float64(69.7), 'Std': np.float64(13.697079980784226)}
2024-11-17 07:13:50,637 - INFO - Bottom 10 Std Stats: {'Max': np.float64(0.0), 'Min': np.float64(0.0), 'Mean': np.float64(0.0), 'Std': np.float64(0.0)}
2024-11-17 07:13:50,637 - INFO - Candidate Mean Stats: {'Max': np.float64(75.0), 'Min': np.float64(-0.23603792960386455), 'Mean': np.float64(0.17863468658240464), 'Std': np.float64(2.868092790389112)}
2024-11-17 07:13:50,638 - INFO - Candidate Std Stats: {'Max': np.float64(0.4591958348625427), 'Min': np.float64(0.0), 'Mean': np.float64(0.06206314475794079), 'Std': np.float64(0.04557465658692987)}
2024-11-17 07:13:50,639 - INFO - Top 10 Mean Stats: {'Max': np.float64(-0.09134102967043638), 'Min': np.float64(-0.22323389676651625), 'Mean': np.float64(-0.15851333656395308), 'Std': np.float64(0.03300196097294255)}
2024-11-17 07:13:50,639 - INFO - Top 10 Std Stats: {'Max': np.float64(0.4139354838429604), 'Min': np.float64(0.31653093142757155), 'Mean': np.float64(0.3518829733849135), 'Std': np.float64(0.029941108208323297)}
2024-11-17 07:13:50,639 - INFO - Bottom 10 Mean Stats: {'Max': np.float64(75.0), 'Min': np.float64(58.0), 'Mean': np.float64(62.8), 'Std': np.float64(5.509990925582365)}
2024-11-17 07:13:50,639 - INFO - Bottom 10 Std Stats: {'Max': np.float64(0.0), 'Min': np.float64(0.0), 'Mean': np.float64(0.0), 'Std': np.float64(0.0)}
[I 2024-11-17 07:13:50,652] Trial 71 finished with value: 20.0 and parameters: {'x_0': 1, 'x_1': 1, 'x_2': 3, 'x_3': -3}. Best is trial 39 with value: 11.0.
[I 2024-11-17 07:13:50,654] Trial 68 finished with value: 75.0 and parameters: {'x_0': 5, 'x_1': -3, 'x_2': -5, 'x_3': 4}. Best is trial 7 with value: 6.0.
2024-11-17 07:13:50,808 - INFO - Candidate Mean Stats: {'Max': np.float64(91.0), 'Min': np.float64(-0.21861485602120884), 'Mean': np.float64(0.19251626083730067), 'Std': np.float64(2.9907419172336724)}
2024-11-17 07:13:50,808 - INFO - Candidate Std Stats: {'Max': np.float64(0.48809667185794325), 'Min': np.float64(0.0), 'Mean': np.float64(0.06476718460974931), 'Std': np.float64(0.04785169860166252)}
2024-11-17 07:13:50,809 - INFO - Top 10 Mean Stats: {'Max': np.float64(-0.11842315499543037), 'Min': np.float64(-0.21861485602120884), 'Mean': np.float64(-0.15951437154608303), 'Std': np.float64(0.03186105790250397)}
2024-11-17 07:13:50,809 - INFO - Top 10 Std Stats: {'Max': np.float64(0.48809667185794325), 'Min': np.float64(0.28785445823728434), 'Mean': np.float64(0.3577727848757867), 'Std': np.float64(0.05645919577097167)}
2024-11-17 07:13:50,809 - INFO - Bottom 10 Mean Stats: {'Max': np.float64(91.0), 'Min': np.float64(54.0), 'Mean': np.float64(69.7), 'Std': np.float64(13.697079980784226)}
2024-11-17 07:13:50,809 - INFO - Bottom 10 Std Stats: {'Max': np.float64(0.0), 'Min': np.float64(0.0), 'Mean': np.float64(0.0), 'Std': np.float64(0.0)}
2024-11-17 07:13:50,812 - INFO - Candidate Mean Stats: {'Max': np.float64(84.0), 'Min': np.float64(-0.193011863589368), 'Mean': np.float64(0.1968006934013768), 'Std': np.float64(3.0948075661912586)}
2024-11-17 07:13:50,812 - INFO - Candidate Std Stats: {'Max': np.float64(0.40454992902802533), 'Min': np.float64(0.0), 'Mean': np.float64(0.06559153655153624), 'Std': np.float64(0.046103329420292764)}
2024-11-17 07:13:50,813 - INFO - Top 10 Mean Stats: {'Max': np.float64(-0.1329729546728306), 'Min': np.float64(-0.193011863589368), 'Mean': np.float64(-0.16685712560171717), 'Std': np.float64(0.016158716126437413)}
2024-11-17 07:13:50,813 - INFO - Top 10 Std Stats: {'Max': np.float64(0.38493300003454883), 'Min': np.float64(0.28156618485976453), 'Mean': np.float64(0.3269078773477646), 'Std': np.float64(0.03629468035897283)}
2024-11-17 07:13:50,813 - INFO - Bottom 10 Mean Stats: {'Max': np.float64(84.0), 'Min': np.float64(66.0), 'Mean': np.float64(71.8), 'Std': np.float64(6.64529909033446)}
2024-11-17 07:13:50,813 - INFO - Bottom 10 Std Stats: {'Max': np.float64(0.0), 'Min': np.float64(0.0), 'Mean': np.float64(0.0), 'Std': np.float64(0.0)}
[I 2024-11-17 07:13:50,824] Trial 72 finished with value: 28.0 and parameters: {'x_0': -2, 'x_1': -2, 'x_2': -2, 'x_3': -4}. Best is trial 39 with value: 11.0.
[I 2024-11-17 07:13:50,826] Trial 72 finished with value: 55.0 and parameters: {'x_0': 5, 'x_1': -1, 'x_2': 5, 'x_3': -2}. Best is trial 56 with value: 11.0.
2024-11-17 07:13:50,890 - INFO - Candidate Mean Stats: {'Max': np.float64(75.0), 'Min': np.float64(-0.22209994231789126), 'Mean': np.float64(0.18297548395525887), 'Std': np.float64(2.9340682261650755)}
2024-11-17 07:13:50,891 - INFO - Candidate Std Stats: {'Max': np.float64(0.45842009244606013), 'Min': np.float64(0.0), 'Mean': np.float64(0.06560587287460701), 'Std': np.float64(0.046478691766242246)}
2024-11-17 07:13:50,892 - INFO - Top 10 Mean Stats: {'Max': np.float64(-0.0991768190187394), 'Min': np.float64(-0.22209994231789126), 'Mean': np.float64(-0.18218760390728478), 'Std': np.float64(0.03715026275825887)}
2024-11-17 07:13:50,892 - INFO - Top 10 Std Stats: {'Max': np.float64(0.45842009244606013), 'Min': np.float64(0.3035207568121354), 'Mean': np.float64(0.3467344680134555), 'Std': np.float64(0.043892950722353594)}
2024-11-17 07:13:50,892 - INFO - Bottom 10 Mean Stats: {'Max': np.float64(75.0), 'Min': np.float64(58.0), 'Mean': np.float64(64.5), 'Std': np.float64(6.328506932918696)}
2024-11-17 07:13:50,892 - INFO - Bottom 10 Std Stats: {'Max': np.float64(0.0), 'Min': np.float64(0.0), 'Mean': np.float64(0.0), 'Std': np.float64(0.0)}
[I 2024-11-17 07:13:50,907] Trial 69 finished with value: 26.0 and parameters: {'x_0': -3, 'x_1': 1, 'x_2': 0, 'x_3': 4}. Best is trial 7 with value: 6.0.
2024-11-17 07:13:51,006 - INFO - Candidate Mean Stats: {'Max': np.float64(91.0), 'Min': np.float64(-0.2327862674578522), 'Mean': np.float64(0.19263483126893574), 'Std': np.float64(2.9996623721923448)}
2024-11-17 07:13:51,006 - INFO - Candidate Std Stats: {'Max': np.float64(0.47884913012173436), 'Min': np.float64(0.0), 'Mean': np.float64(0.0633937618894194), 'Std': np.float64(0.04820471512659186)}
2024-11-17 07:13:51,007 - INFO - Top 10 Mean Stats: {'Max': np.float64(-0.15303487670484178), 'Min': np.float64(-0.22301341335662767), 'Mean': np.float64(-0.19726427777662542), 'Std': np.float64(0.021254506099507842)}
2024-11-17 07:13:51,007 - INFO - Top 10 Std Stats: {'Max': np.float64(0.44719556143319816), 'Min': np.float64(0.3138566623164397), 'Mean': np.float64(0.3741737094874886), 'Std': np.float64(0.037117700912828545)}
2024-11-17 07:13:51,007 - INFO - Bottom 10 Mean Stats: {'Max': np.float64(91.0), 'Min': np.float64(54.0), 'Mean': np.float64(69.7), 'Std': np.float64(13.697079980784226)}
2024-11-17 07:13:51,007 - INFO - Bottom 10 Std Stats: {'Max': np.float64(0.0), 'Min': np.float64(0.0), 'Mean': np.float64(0.0), 'Std': np.float64(0.0)}
[I 2024-11-17 07:13:51,020] Trial 73 finished with value: 75.0 and parameters: {'x_0': -3, 'x_1': -4, 'x_2': -5, 'x_3': 5}. Best is trial 39 with value: 11.0.
2024-11-17 07:13:51,057 - INFO - Candidate Mean Stats: {'Max': np.float64(84.0), 'Min': np.float64(-0.2761290942394071), 'Mean': np.float64(0.2005805582956309), 'Std': np.float64(3.127766622509941)}
2024-11-17 07:13:51,057 - INFO - Candidate Std Stats: {'Max': np.float64(0.48537662576410034), 'Min': np.float64(0.0), 'Mean': np.float64(0.06284736942815553), 'Std': np.float64(0.04859133631242636)}
2024-11-17 07:13:51,059 - INFO - Top 10 Mean Stats: {'Max': np.float64(-0.16466345080088138), 'Min': np.float64(-0.2761290942394071), 'Mean': np.float64(-0.2159963505519066), 'Std': np.float64(0.03312550448252577)}
2024-11-17 07:13:51,059 - INFO - Top 10 Std Stats: {'Max': np.float64(0.4669344585564503), 'Min': np.float64(0.3596288119729107), 'Mean': np.float64(0.40593035792937593), 'Std': np.float64(0.03615446740238724)}
2024-11-17 07:13:51,059 - INFO - Bottom 10 Mean Stats: {'Max': np.float64(84.0), 'Min': np.float64(66.0), 'Mean': np.float64(71.8), 'Std': np.float64(6.64529909033446)}
2024-11-17 07:13:51,059 - INFO - Bottom 10 Std Stats: {'Max': np.float64(0.0), 'Min': np.float64(0.0), 'Mean': np.float64(0.0), 'Std': np.float64(0.0)}
[I 2024-11-17 07:13:51,072] Trial 73 finished with value: 10.0 and parameters: {'x_0': -2, 'x_1': 1, 'x_2': -2, 'x_3': 1}. Best is trial 73 with value: 10.0.
2024-11-17 07:13:51,157 - INFO - Candidate Mean Stats: {'Max': np.float64(75.0), 'Min': np.float64(-0.22991211140825185), 'Mean': np.float64(0.1844238638595421), 'Std': np.float64(2.941833407091264)}
2024-11-17 07:13:51,157 - INFO - Candidate Std Stats: {'Max': np.float64(0.43607935543688015), 'Min': np.float64(0.0), 'Mean': np.float64(0.0657478942834462), 'Std': np.float64(0.04742201818206981)}
2024-11-17 07:13:51,158 - INFO - Top 10 Mean Stats: {'Max': np.float64(-0.08070250101482773), 'Min': np.float64(-0.22991211140825185), 'Mean': np.float64(-0.18131032617795712), 'Std': np.float64(0.04406850759135858)}
2024-11-17 07:13:51,158 - INFO - Top 10 Std Stats: {'Max': np.float64(0.4278122394487322), 'Min': np.float64(0.2512368278732781), 'Mean': np.float64(0.3592187423470055), 'Std': np.float64(0.05079714899811066)}
2024-11-17 07:13:51,158 - INFO - Bottom 10 Mean Stats: {'Max': np.float64(75.0), 'Min': np.float64(58.0), 'Mean': np.float64(64.5), 'Std': np.float64(6.328506932918696)}
2024-11-17 07:13:51,159 - INFO - Bottom 10 Std Stats: {'Max': np.float64(0.0), 'Min': np.float64(0.0), 'Mean': np.float64(0.0), 'Std': np.float64(0.0)}
[I 2024-11-17 07:13:51,172] Trial 70 finished with value: 33.0 and parameters: {'x_0': 2, 'x_1': -2, 'x_2': 0, 'x_3': -5}. Best is trial 7 with value: 6.0.
2024-11-17 07:13:51,221 - INFO - Candidate Mean Stats: {'Max': np.float64(91.0), 'Min': np.float64(-0.24869971238104155), 'Mean': np.float64(0.1986371154621767), 'Std': np.float64(3.062664197296601)}
2024-11-17 07:13:51,221 - INFO - Candidate Std Stats: {'Max': np.float64(0.5186251418016662), 'Min': np.float64(0.0), 'Mean': np.float64(0.06682895369130917), 'Std': np.float64(0.0466394522030733)}
2024-11-17 07:13:51,222 - INFO - Top 10 Mean Stats: {'Max': np.float64(-0.16602635442395913), 'Min': np.float64(-0.24869971238104155), 'Mean': np.float64(-0.2047836806681857), 'Std': np.float64(0.021360539673046186)}
2024-11-17 07:13:51,222 - INFO - Top 10 Std Stats: {'Max': np.float64(0.5186251418016662), 'Min': np.float64(0.3239410953830904), 'Mean': np.float64(0.40544576256801823), 'Std': np.float64(0.06822931238829022)}
2024-11-17 07:13:51,222 - INFO - Bottom 10 Mean Stats: {'Max': np.float64(91.0), 'Min': np.float64(54.0), 'Mean': np.float64(71.8), 'Std': np.float64(12.702755606560334)}
2024-11-17 07:13:51,222 - INFO - Bottom 10 Std Stats: {'Max': np.float64(0.0), 'Min': np.float64(0.0), 'Mean': np.float64(0.0), 'Std': np.float64(0.0)}
