[I 2024-11-17 07:15:39,531] Trial 467 finished with value: 17.0 and parameters: {'x_0': 0, 'x_1': -4, 'x_2': -1, 'x_3': 0}. Best is trial 320 with value: 0.0.
2024-11-17 07:15:39,701 - INFO - Candidate Mean Stats: {'Max': np.float64(91.0), 'Min': np.float64(-0.4741180190707611), 'Mean': np.float64(1.071643009041249), 'Std': np.float64(7.185750783555932)}
2024-11-17 07:15:39,701 - INFO - Candidate Std Stats: {'Max': np.float64(0.6255489962087433), 'Min': np.float64(0.0), 'Mean': np.float64(0.026298443910038147), 'Std': np.float64(0.037677345215735555)}
2024-11-17 07:15:39,703 - INFO - Top 10 Mean Stats: {'Max': np.float64(-0.13928235122112687), 'Min': np.float64(-0.4741180190707611), 'Mean': np.float64(-0.3365855114937709), 'Std': np.float64(0.10744319375548289)}
2024-11-17 07:15:39,703 - INFO - Top 10 Std Stats: {'Max': np.float64(0.27718543028123466), 'Min': np.float64(0.05670541638528031), 'Mean': np.float64(0.12033006272701041), 'Std': np.float64(0.07580159510507031)}
2024-11-17 07:15:39,703 - INFO - Bottom 10 Mean Stats: {'Max': np.float64(91.0), 'Min': np.float64(82.0), 'Mean': np.float64(85.8), 'Std': np.float64(4.28485705712571)}
2024-11-17 07:15:39,703 - INFO - Bottom 10 Std Stats: {'Max': np.float64(0.0), 'Min': np.float64(0.0), 'Mean': np.float64(0.0), 'Std': np.float64(0.0)}
[I 2024-11-17 07:15:39,723] Trial 468 finished with value: 21.0 and parameters: {'x_0': -2, 'x_1': -4, 'x_2': -1, 'x_3': 0}. Best is trial 320 with value: 0.0.
2024-11-17 07:15:39,874 - INFO - Candidate Mean Stats: {'Max': np.float64(91.0), 'Min': np.float64(-0.4221836705833296), 'Mean': np.float64(1.0736885335797595), 'Std': np.float64(7.187517050508799)}
2024-11-17 07:15:39,874 - INFO - Candidate Std Stats: {'Max': np.float64(0.7660234340381994), 'Min': np.float64(0.0), 'Mean': np.float64(0.027680263790772403), 'Std': np.float64(0.03930059447932448)}
2024-11-17 07:15:39,876 - INFO - Top 10 Mean Stats: {'Max': np.float64(-0.07802533624333297), 'Min': np.float64(-0.4221836705833296), 'Mean': np.float64(-0.26566253665282813), 'Std': np.float64(0.10372649904063737)}
2024-11-17 07:15:39,876 - INFO - Top 10 Std Stats: {'Max': np.float64(0.29874058528933245), 'Min': np.float64(0.06954218747417146), 'Mean': np.float64(0.1354611873584975), 'Std': np.float64(0.08378604925082843)}
2024-11-17 07:15:39,876 - INFO - Bottom 10 Mean Stats: {'Max': np.float64(91.0), 'Min': np.float64(82.0), 'Mean': np.float64(85.8), 'Std': np.float64(4.28485705712571)}
2024-11-17 07:15:39,876 - INFO - Bottom 10 Std Stats: {'Max': np.float64(0.0), 'Min': np.float64(0.0), 'Mean': np.float64(0.0), 'Std': np.float64(0.0)}
[I 2024-11-17 07:15:39,898] Trial 469 finished with value: 21.0 and parameters: {'x_0': -2, 'x_1': -4, 'x_2': 1, 'x_3': 0}. Best is trial 320 with value: 0.0.
2024-11-17 07:15:40,103 - INFO - Candidate Mean Stats: {'Max': np.float64(91.0), 'Min': np.float64(-0.38960893813795494), 'Mean': np.float64(1.074284591248057), 'Std': np.float64(7.189507432007981)}
2024-11-17 07:15:40,103 - INFO - Candidate Std Stats: {'Max': np.float64(0.5202412361657623), 'Min': np.float64(0.0), 'Mean': np.float64(0.03086329901694796), 'Std': np.float64(0.041363490474539494)}
2024-11-17 07:15:40,104 - INFO - Top 10 Mean Stats: {'Max': np.float64(-0.19610881893239646), 'Min': np.float64(-0.38960893813795494), 'Mean': np.float64(-0.28185949053821635), 'Std': np.float64(0.05965934683648803)}
2024-11-17 07:15:40,104 - INFO - Top 10 Std Stats: {'Max': np.float64(0.3026590141237847), 'Min': np.float64(0.04638209737274733), 'Mean': np.float64(0.1802831213781338), 'Std': np.float64(0.07243283919832319)}
2024-11-17 07:15:40,104 - INFO - Bottom 10 Mean Stats: {'Max': np.float64(91.0), 'Min': np.float64(82.0), 'Mean': np.float64(85.8), 'Std': np.float64(4.28485705712571)}
2024-11-17 07:15:40,105 - INFO - Bottom 10 Std Stats: {'Max': np.float64(0.0), 'Min': np.float64(0.0), 'Mean': np.float64(0.0), 'Std': np.float64(0.0)}
[I 2024-11-17 07:15:40,125] Trial 470 finished with value: 18.0 and parameters: {'x_0': -1, 'x_1': 4, 'x_2': 1, 'x_3': 0}. Best is trial 320 with value: 0.0.
2024-11-17 07:15:40,296 - INFO - Candidate Mean Stats: {'Max': np.float64(91.0), 'Min': np.float64(-0.3600929354618726), 'Mean': np.float64(1.074499502648162), 'Std': np.float64(7.191015237058105)}
2024-11-17 07:15:40,296 - INFO - Candidate Std Stats: {'Max': np.float64(0.5228502009291361), 'Min': np.float64(0.0), 'Mean': np.float64(0.0324368761213202), 'Std': np.float64(0.04336705274220167)}
2024-11-17 07:15:40,297 - INFO - Top 10 Mean Stats: {'Max': np.float64(-0.06339138903087937), 'Min': np.float64(-0.3241929700638502), 'Mean': np.float64(-0.22594953427718473), 'Std': np.float64(0.07548502340366345)}
2024-11-17 07:15:40,297 - INFO - Top 10 Std Stats: {'Max': np.float64(0.3907620210508455), 'Min': np.float64(0.1744153633410226), 'Mean': np.float64(0.25344213702130697), 'Std': np.float64(0.06452428315611947)}
2024-11-17 07:15:40,297 - INFO - Bottom 10 Mean Stats: {'Max': np.float64(91.0), 'Min': np.float64(82.0), 'Mean': np.float64(85.8), 'Std': np.float64(4.28485705712571)}
2024-11-17 07:15:40,298 - INFO - Bottom 10 Std Stats: {'Max': np.float64(0.0), 'Min': np.float64(0.0), 'Mean': np.float64(0.0), 'Std': np.float64(0.0)}
[I 2024-11-17 07:15:40,316] Trial 471 finished with value: 5.0 and parameters: {'x_0': 2, 'x_1': 0, 'x_2': -1, 'x_3': 0}. Best is trial 320 with value: 0.0.
2024-11-17 07:15:40,497 - INFO - Candidate Mean Stats: {'Max': np.float64(91.0), 'Min': np.float64(-0.35887532663489985), 'Mean': np.float64(1.0729596692731436), 'Std': np.float64(7.191368461895237)}
2024-11-17 07:15:40,497 - INFO - Candidate Std Stats: {'Max': np.float64(1.2402257135556118), 'Min': np.float64(0.0), 'Mean': np.float64(0.029375318091277396), 'Std': np.float64(0.04245683869285279)}
2024-11-17 07:15:40,499 - INFO - Top 10 Mean Stats: {'Max': np.float64(-0.15994915037146493), 'Min': np.float64(-0.3144754380595759), 'Mean': np.float64(-0.23785255070368172), 'Std': np.float64(0.0639521636228238)}
2024-11-17 07:15:40,499 - INFO - Top 10 Std Stats: {'Max': np.float64(0.61874367543292), 'Min': np.float64(0.2019964367924332), 'Mean': np.float64(0.3295445693614257), 'Std': np.float64(0.12376886790021491)}
2024-11-17 07:15:40,499 - INFO - Bottom 10 Mean Stats: {'Max': np.float64(91.0), 'Min': np.float64(82.0), 'Mean': np.float64(85.8), 'Std': np.float64(4.28485705712571)}
2024-11-17 07:15:40,499 - INFO - Bottom 10 Std Stats: {'Max': np.float64(0.0), 'Min': np.float64(0.0), 'Mean': np.float64(0.0), 'Std': np.float64(0.0)}
[I 2024-11-17 07:15:40,519] Trial 472 finished with value: 37.0 and parameters: {'x_0': 2, 'x_1': -2, 'x_2': -5, 'x_3': -2}. Best is trial 320 with value: 0.0.
2024-11-17 07:15:40,682 - INFO - Candidate Mean Stats: {'Max': np.float64(91.0), 'Min': np.float64(-0.20347743492395853), 'Mean': np.float64(1.0794991648600212), 'Std': np.float64(7.196891324375148)}
2024-11-17 07:15:40,682 - INFO - Candidate Std Stats: {'Max': np.float64(0.7404107309393664), 'Min': np.float64(0.0), 'Mean': np.float64(0.04252714557759911), 'Std': np.float64(0.04186616566580295)}
2024-11-17 07:15:40,684 - INFO - Top 10 Mean Stats: {'Max': np.float64(-0.08188009473998151), 'Min': np.float64(-0.18615887064403927), 'Mean': np.float64(-0.1450764523612251), 'Std': np.float64(0.027296377496611877)}
2024-11-17 07:15:40,684 - INFO - Top 10 Std Stats: {'Max': np.float64(0.35849981164355993), 'Min': np.float64(0.22723153311459823), 'Mean': np.float64(0.2944715756494215), 'Std': np.float64(0.03663022292431204)}
2024-11-17 07:15:40,684 - INFO - Bottom 10 Mean Stats: {'Max': np.float64(91.0), 'Min': np.float64(82.0), 'Mean': np.float64(85.8), 'Std': np.float64(4.28485705712571)}
2024-11-17 07:15:40,684 - INFO - Bottom 10 Std Stats: {'Max': np.float64(0.0), 'Min': np.float64(0.0), 'Mean': np.float64(0.0), 'Std': np.float64(0.0)}
[I 2024-11-17 07:15:40,705] Trial 473 finished with value: 39.0 and parameters: {'x_0': 2, 'x_1': -5, 'x_2': 1, 'x_3': -3}. Best is trial 320 with value: 0.0.
2024-11-17 07:15:40,954 - INFO - Candidate Mean Stats: {'Max': np.float64(91.0), 'Min': np.float64(-0.2857132871532152), 'Mean': np.float64(1.0764339243106706), 'Std': np.float64(7.2045460252111395)}
2024-11-17 07:15:40,954 - INFO - Candidate Std Stats: {'Max': np.float64(0.4842753135584804), 'Min': np.float64(0.0), 'Mean': np.float64(0.04380631848309026), 'Std': np.float64(0.04398409670381805)}
2024-11-17 07:15:40,956 - INFO - Top 10 Mean Stats: {'Max': np.float64(-0.145769358403824), 'Min': np.float64(-0.2857132871532152), 'Mean': np.float64(-0.20950212412089186), 'Std': np.float64(0.05133512883124058)}
2024-11-17 07:15:40,956 - INFO - Top 10 Std Stats: {'Max': np.float64(0.3479165629964944), 'Min': np.float64(0.1628280597002163), 'Mean': np.float64(0.24940138049033383), 'Std': np.float64(0.06081085197942792)}
2024-11-17 07:15:40,956 - INFO - Bottom 10 Mean Stats: {'Max': np.float64(91.0), 'Min': np.float64(82.0), 'Mean': np.float64(85.8), 'Std': np.float64(4.28485705712571)}
2024-11-17 07:15:40,956 - INFO - Bottom 10 Std Stats: {'Max': np.float64(0.0), 'Min': np.float64(0.0), 'Mean': np.float64(0.0), 'Std': np.float64(0.0)}
[I 2024-11-17 07:15:40,975] Trial 474 finished with value: 51.0 and parameters: {'x_0': 1, 'x_1': -5, 'x_2': 0, 'x_3': 5}. Best is trial 320 with value: 0.0.
2024-11-17 07:15:41,164 - INFO - Candidate Mean Stats: {'Max': np.float64(91.0), 'Min': np.float64(-0.429352823220906), 'Mean': np.float64(1.0829118619548375), 'Std': np.float64(7.215904104459748)}
2024-11-17 07:15:41,164 - INFO - Candidate Std Stats: {'Max': np.float64(0.6459592407778929), 'Min': np.float64(0.0), 'Mean': np.float64(0.03102748998296357), 'Std': np.float64(0.04024503418285486)}
2024-11-17 07:15:41,165 - INFO - Top 10 Mean Stats: {'Max': np.float64(-0.022928487546451253), 'Min': np.float64(-0.429352823220906), 'Mean': np.float64(-0.3173531199137577), 'Std': np.float64(0.13663838048160332)}
2024-11-17 07:15:41,165 - INFO - Top 10 Std Stats: {'Max': np.float64(0.48224501984154616), 'Min': np.float64(0.018046087496063287), 'Mean': np.float64(0.13500438055060016), 'Std': np.float64(0.14789019369270523)}
2024-11-17 07:15:41,166 - INFO - Bottom 10 Mean Stats: {'Max': np.float64(91.0), 'Min': np.float64(82.0), 'Mean': np.float64(85.8), 'Std': np.float64(4.28485705712571)}
2024-11-17 07:15:41,166 - INFO - Bottom 10 Std Stats: {'Max': np.float64(0.0), 'Min': np.float64(0.0), 'Mean': np.float64(0.0), 'Std': np.float64(0.0)}
[I 2024-11-17 07:15:41,186] Trial 475 finished with value: 66.0 and parameters: {'x_0': 4, 'x_1': 5, 'x_2': -3, 'x_3': -4}. Best is trial 320 with value: 0.0.
2024-11-17 07:15:41,400 - INFO - Candidate Mean Stats: {'Max': np.float64(91.0), 'Min': np.float64(-0.4005144737767276), 'Mean': np.float64(1.0890032694093241), 'Std': np.float64(7.235582837177367)}
2024-11-17 07:15:41,400 - INFO - Candidate Std Stats: {'Max': np.float64(0.54768422007375), 'Min': np.float64(0.0), 'Mean': np.float64(0.03220064701535108), 'Std': np.float64(0.042542619538163316)}
2024-11-17 07:15:41,402 - INFO - Top 10 Mean Stats: {'Max': np.float64(-0.10280423271251786), 'Min': np.float64(-0.4005144737767276), 'Mean': np.float64(-0.27927520989216004), 'Std': np.float64(0.10415689643414663)}
2024-11-17 07:15:41,402 - INFO - Top 10 Std Stats: {'Max': np.float64(0.3750007917010155), 'Min': np.float64(0.08626577420869012), 'Mean': np.float64(0.19723399464204833), 'Std': np.float64(0.10702558751236191)}
2024-11-17 07:15:41,402 - INFO - Bottom 10 Mean Stats: {'Max': np.float64(91.0), 'Min': np.float64(82.0), 'Mean': np.float64(85.8), 'Std': np.float64(4.28485705712571)}
2024-11-17 07:15:41,402 - INFO - Bottom 10 Std Stats: {'Max': np.float64(0.0), 'Min': np.float64(0.0), 'Mean': np.float64(0.0), 'Std': np.float64(0.0)}
[I 2024-11-17 07:15:41,423] Trial 476 finished with value: 25.0 and parameters: {'x_0': 0, 'x_1': -4, 'x_2': 3, 'x_3': 0}. Best is trial 320 with value: 0.0.
2024-11-17 07:15:41,619 - INFO - Candidate Mean Stats: {'Max': np.float64(91.0), 'Min': np.float64(-0.29637221588441404), 'Mean': np.float64(1.0907078976063225), 'Std': np.float64(7.238275427287488)}
2024-11-17 07:15:41,619 - INFO - Candidate Std Stats: {'Max': np.float64(0.5687134188498085), 'Min': np.float64(0.0), 'Mean': np.float64(0.036352087875255894), 'Std': np.float64(0.04156251235270739)}
2024-11-17 07:15:41,620 - INFO - Top 10 Mean Stats: {'Max': np.float64(-0.1309399005203208), 'Min': np.float64(-0.29637221588441404), 'Mean': np.float64(-0.20852660392113723), 'Std': np.float64(0.07037898394567974)}
2024-11-17 07:15:41,620 - INFO - Top 10 Std Stats: {'Max': np.float64(0.4553762321270456), 'Min': np.float64(0.1432768720874868), 'Mean': np.float64(0.26124389148457006), 'Std': np.float64(0.09994741518897694)}
2024-11-17 07:15:41,621 - INFO - Bottom 10 Mean Stats: {'Max': np.float64(91.0), 'Min': np.float64(82.0), 'Mean': np.float64(85.8), 'Std': np.float64(4.28485705712571)}
2024-11-17 07:15:41,621 - INFO - Bottom 10 Std Stats: {'Max': np.float64(0.0), 'Min': np.float64(0.0), 'Mean': np.float64(0.0), 'Std': np.float64(0.0)}
[I 2024-11-17 07:15:41,640] Trial 477 finished with value: 63.0 and parameters: {'x_0': 3, 'x_1': -5, 'x_2': -2, 'x_3': 5}. Best is trial 320 with value: 0.0.
2024-11-17 07:15:41,876 - INFO - Candidate Mean Stats: {'Max': np.float64(91.0), 'Min': np.float64(-0.3171505562612899), 'Mean': np.float64(1.0951008075573605), 'Std': np.float64(7.2563035375553175)}
2024-11-17 07:15:41,876 - INFO - Candidate Std Stats: {'Max': np.float64(0.46751168769138685), 'Min': np.float64(0.0), 'Mean': np.float64(0.039926986205434604), 'Std': np.float64(0.042064576798770605)}
2024-11-17 07:15:41,877 - INFO - Top 10 Mean Stats: {'Max': np.float64(-0.13328111765342518), 'Min': np.float64(-0.3171505562612899), 'Mean': np.float64(-0.23756600897073016), 'Std': np.float64(0.07777231308380687)}
2024-11-17 07:15:41,877 - INFO - Top 10 Std Stats: {'Max': np.float64(0.3436560875890033), 'Min': np.float64(0.13490131963042915), 'Mean': np.float64(0.2058426919261036), 'Std': np.float64(0.0685217234566197)}
2024-11-17 07:15:41,877 - INFO - Bottom 10 Mean Stats: {'Max': np.float64(91.0), 'Min': np.float64(82.0), 'Mean': np.float64(85.8), 'Std': np.float64(4.28485705712571)}
2024-11-17 07:15:41,877 - INFO - Bottom 10 Std Stats: {'Max': np.float64(0.0), 'Min': np.float64(0.0), 'Mean': np.float64(0.0), 'Std': np.float64(0.0)}
[I 2024-11-17 07:15:41,897] Trial 478 finished with value: 37.0 and parameters: {'x_0': 2, 'x_1': 1, 'x_2': -4, 'x_3': 4}. Best is trial 320 with value: 0.0.
2024-11-17 07:15:42,069 - INFO - Candidate Mean Stats: {'Max': np.float64(91.0), 'Min': np.float64(-0.36075454240413274), 'Mean': np.float64(1.0949274472515111), 'Std': np.float64(7.262780069273036)}
2024-11-17 07:15:42,069 - INFO - Candidate Std Stats: {'Max': np.float64(0.6194988161738902), 'Min': np.float64(0.0), 'Mean': np.float64(0.034736375503445), 'Std': np.float64(0.040997546947038346)}
2024-11-17 07:15:42,070 - INFO - Top 10 Mean Stats: {'Max': np.float64(-0.08726733269005041), 'Min': np.float64(-0.36075454240413274), 'Mean': np.float64(-0.2314451074165346), 'Std': np.float64(0.10186505872864152)}
2024-11-17 07:15:42,070 - INFO - Top 10 Std Stats: {'Max': np.float64(0.3521368775312238), 'Min': np.float64(0.06386764408836085), 'Mean': np.float64(0.22025046429663062), 'Std': np.float64(0.11302809420866278)}
2024-11-17 07:15:42,070 - INFO - Bottom 10 Mean Stats: {'Max': np.float64(91.0), 'Min': np.float64(82.0), 'Mean': np.float64(85.8), 'Std': np.float64(4.28485705712571)}
2024-11-17 07:15:42,070 - INFO - Bottom 10 Std Stats: {'Max': np.float64(0.0), 'Min': np.float64(0.0), 'Mean': np.float64(0.0), 'Std': np.float64(0.0)}
[I 2024-11-17 07:15:42,091] Trial 479 finished with value: 67.0 and parameters: {'x_0': 4, 'x_1': 5, 'x_2': -5, 'x_3': -1}. Best is trial 320 with value: 0.0.
2024-11-17 07:15:42,303 - INFO - Candidate Mean Stats: {'Max': np.float64(91.0), 'Min': np.float64(-0.30909083497968715), 'Mean': np.float64(1.0972371806140968), 'Std': np.float64(7.283496058633956)}
2024-11-17 07:15:42,303 - INFO - Candidate Std Stats: {'Max': np.float64(0.540264335753955), 'Min': np.float64(0.0), 'Mean': np.float64(0.03679309054924273), 'Std': np.float64(0.04209107276239005)}
2024-11-17 07:15:42,305 - INFO - Top 10 Mean Stats: {'Max': np.float64(-0.040035383532996904), 'Min': np.float64(-0.2891967485725043), 'Mean': np.float64(-0.20431370770812354), 'Std': np.float64(0.07108833947491723)}
2024-11-17 07:15:42,305 - INFO - Top 10 Std Stats: {'Max': np.float64(0.4149403305612276), 'Min': np.float64(0.1537377512016538), 'Mean': np.float64(0.2646325533248778), 'Std': np.float64(0.08563810521744639)}
2024-11-17 07:15:42,305 - INFO - Bottom 10 Mean Stats: {'Max': np.float64(91.0), 'Min': np.float64(82.0), 'Mean': np.float64(85.8), 'Std': np.float64(4.28485705712571)}
2024-11-17 07:15:42,305 - INFO - Bottom 10 Std Stats: {'Max': np.float64(0.0), 'Min': np.float64(0.0), 'Mean': np.float64(0.0), 'Std': np.float64(0.0)}
[I 2024-11-17 07:15:42,325] Trial 480 finished with value: 21.0 and parameters: {'x_0': -1, 'x_1': 0, 'x_2': -2, 'x_3': 4}. Best is trial 320 with value: 0.0.
2024-11-17 07:15:42,558 - INFO - Candidate Mean Stats: {'Max': np.float64(91.0), 'Min': np.float64(-0.46961232192734925), 'Mean': np.float64(1.1005838305989804), 'Std': np.float64(7.285059164026768)}
2024-11-17 07:15:42,559 - INFO - Candidate Std Stats: {'Max': np.float64(0.7905356641825279), 'Min': np.float64(0.0), 'Mean': np.float64(0.03645989263326168), 'Std': np.float64(0.04284780376653815)}
2024-11-17 07:15:42,560 - INFO - Top 10 Mean Stats: {'Max': np.float64(-0.14310948900351625), 'Min': np.float64(-0.46961232192734925), 'Mean': np.float64(-0.2832235975101674), 'Std': np.float64(0.1171104959589542)}
2024-11-17 07:15:42,560 - INFO - Top 10 Std Stats: {'Max': np.float64(0.4828958449088135), 'Min': np.float64(0.045432345638756665), 'Mean': np.float64(0.27003672412904434), 'Std': np.float64(0.1608130740448488)}
2024-11-17 07:15:42,560 - INFO - Bottom 10 Mean Stats: {'Max': np.float64(91.0), 'Min': np.float64(82.0), 'Mean': np.float64(85.8), 'Std': np.float64(4.28485705712571)}
2024-11-17 07:15:42,560 - INFO - Bottom 10 Std Stats: {'Max': np.float64(0.0), 'Min': np.float64(0.0), 'Mean': np.float64(0.0), 'Std': np.float64(0.0)}
[I 2024-11-17 07:15:42,580] Trial 481 finished with value: 11.0 and parameters: {'x_0': 1, 'x_1': 0, 'x_2': -1, 'x_3': -3}. Best is trial 320 with value: 0.0.
2024-11-17 07:15:42,742 - INFO - Candidate Mean Stats: {'Max': np.float64(91.0), 'Min': np.float64(-0.40786989576234606), 'Mean': np.float64(1.1081001402723738), 'Std': np.float64(7.284544261913656)}
2024-11-17 07:15:42,742 - INFO - Candidate Std Stats: {'Max': np.float64(0.4858620118568715), 'Min': np.float64(0.0), 'Mean': np.float64(0.03845513196358838), 'Std': np.float64(0.04491352682027734)}
2024-11-17 07:15:42,744 - INFO - Top 10 Mean Stats: {'Max': np.float64(-0.1314416002848426), 'Min': np.float64(-0.40786989576234606), 'Mean': np.float64(-0.24263763522331913), 'Std': np.float64(0.07614034256051391)}
2024-11-17 07:15:42,744 - INFO - Top 10 Std Stats: {'Max': np.float64(0.36778963467926373), 'Min': np.float64(0.18741076930275524), 'Mean': np.float64(0.25179796990304737), 'Std': np.float64(0.05826430899616448)}
2024-11-17 07:15:42,744 - INFO - Bottom 10 Mean Stats: {'Max': np.float64(91.0), 'Min': np.float64(82.0), 'Mean': np.float64(85.8), 'Std': np.float64(4.28485705712571)}
2024-11-17 07:15:42,744 - INFO - Bottom 10 Std Stats: {'Max': np.float64(0.0), 'Min': np.float64(0.0), 'Mean': np.float64(0.0), 'Std': np.float64(0.0)}
[I 2024-11-17 07:15:42,764] Trial 482 finished with value: 58.0 and parameters: {'x_0': 4, 'x_1': 5, 'x_2': -1, 'x_3': -4}. Best is trial 320 with value: 0.0.
2024-11-17 07:15:42,962 - INFO - Candidate Mean Stats: {'Max': np.float64(91.0), 'Min': np.float64(-0.32425147535194354), 'Mean': np.float64(1.1110601621737148), 'Std': np.float64(7.299848619776408)}
2024-11-17 07:15:42,962 - INFO - Candidate Std Stats: {'Max': np.float64(0.7818483115409129), 'Min': np.float64(0.0), 'Mean': np.float64(0.04309960952754888), 'Std': np.float64(0.04076245921450746)}
2024-11-17 07:15:42,964 - INFO - Top 10 Mean Stats: {'Max': np.float64(-0.2566447046702055), 'Min': np.float64(-0.32425147535194354), 'Mean': np.float64(-0.2888799328513424), 'Std': np.float64(0.022326863023840595)}
2024-11-17 07:15:42,964 - INFO - Top 10 Std Stats: {'Max': np.float64(0.21192068648082782), 'Min': np.float64(0.15599165935813955), 'Mean': np.float64(0.1889765712327661), 'Std': np.float64(0.0186774314426221)}
2024-11-17 07:15:42,964 - INFO - Bottom 10 Mean Stats: {'Max': np.float64(91.0), 'Min': np.float64(82.0), 'Mean': np.float64(85.8), 'Std': np.float64(4.28485705712571)}
2024-11-17 07:15:42,964 - INFO - Bottom 10 Std Stats: {'Max': np.float64(0.0), 'Min': np.float64(0.0), 'Mean': np.float64(0.0), 'Std': np.float64(0.0)}
