[I 2024-11-17 07:19:48,973] Trial 4 finished with value: 28.0 and parameters: {'x_0': 4, 'x_1': -1, 'x_2': 1, 'x_3': 0, 'x_4': 3, 'x_5': -1}. Best is trial 4 with value: 28.0.
2024-11-17 07:20:11,851 - INFO - Candidate Mean Stats: {'Max': np.float64(72.0), 'Min': np.float64(-0.12093448188315817), 'Mean': np.float64(0.00014909317970987794), 'Std': np.float64(0.09767629961070738)}
2024-11-17 07:20:11,852 - INFO - Candidate Std Stats: {'Max': np.float64(0.25920857882099113), 'Min': np.float64(0.0), 'Mean': np.float64(0.005667866216525101), 'Std': np.float64(0.007621715888985184)}
2024-11-17 07:20:12,187 - INFO - Top 10 Mean Stats: {'Max': np.float64(-0.08758119424682305), 'Min': np.float64(-0.12093448188315817), 'Mean': np.float64(-0.0992241884014834), 'Std': np.float64(0.008647584266664555)}
2024-11-17 07:20:12,187 - INFO - Top 10 Std Stats: {'Max': np.float64(0.2418972256186726), 'Min': np.float64(0.17486403425196081), 'Mean': np.float64(0.19813797988921372), 'Std': np.float64(0.017952825569102566)}
2024-11-17 07:20:12,187 - INFO - Bottom 10 Mean Stats: {'Max': np.float64(72.0), 'Min': np.float64(0.014034237499045144), 'Mean': np.float64(28.616596669767638), 'Std': np.float64(29.449805065353207)}
2024-11-17 07:20:12,187 - INFO - Bottom 10 Std Stats: {'Max': np.float64(0.03512919973083357), 'Min': np.float64(0.0), 'Mean': np.float64(0.01148211686152501), 'Std': np.float64(0.014291244378288628)}
[I 2024-11-17 07:20:12,228] Trial 5 finished with value: 58.0 and parameters: {'x_0': -2, 'x_1': 5, 'x_2': 0, 'x_3': -5, 'x_4': 2, 'x_5': 0}. Best is trial 0 with value: 41.0.
2024-11-17 07:20:41,900 - INFO - Candidate Mean Stats: {'Max': np.float64(80.0), 'Min': np.float64(-0.14011076249789567), 'Mean': np.float64(0.00015044251877811398), 'Std': np.float64(0.08772407440853403)}
2024-11-17 07:20:41,901 - INFO - Candidate Std Stats: {'Max': np.float64(0.256872629246825), 'Min': np.float64(0.0), 'Mean': np.float64(0.006095367348953842), 'Std': np.float64(0.007135539116226179)}
2024-11-17 07:20:42,227 - INFO - Top 10 Mean Stats: {'Max': np.float64(-0.06952547942319251), 'Min': np.float64(-0.14011076249789567), 'Mean': np.float64(-0.09181267610452185), 'Std': np.float64(0.01898443456255212)}
2024-11-17 07:20:42,227 - INFO - Top 10 Std Stats: {'Max': np.float64(0.256872629246825), 'Min': np.float64(0.1507553536393672), 'Mean': np.float64(0.18687624199919836), 'Std': np.float64(0.03125200812586048)}
2024-11-17 07:20:42,228 - INFO - Bottom 10 Mean Stats: {'Max': np.float64(80.0), 'Min': np.float64(0.009661040462392845), 'Mean': np.float64(24.607131232309086), 'Std': np.float64(27.45704276017697)}
2024-11-17 07:20:42,228 - INFO - Bottom 10 Std Stats: {'Max': np.float64(0.008144981366508208), 'Min': np.float64(0.0), 'Mean': np.float64(0.002942548818745454), 'Std': np.float64(0.003486448534939792)}
[I 2024-11-17 07:20:42,263] Trial 5 finished with value: 81.0 and parameters: {'x_0': 4, 'x_1': -2, 'x_2': -4, 'x_3': 4, 'x_4': 5, 'x_5': 2}. Best is trial 0 with value: 28.0.
2024-11-17 07:20:52,840 - INFO - Candidate Mean Stats: {'Max': np.float64(65.0), 'Min': np.float64(-0.15089100333782285), 'Mean': np.float64(0.0001497592131268301), 'Std': np.float64(0.08115281119236403)}
2024-11-17 07:20:52,841 - INFO - Candidate Std Stats: {'Max': np.float64(0.3416805544948426), 'Min': np.float64(0.0), 'Mean': np.float64(0.005741384714633494), 'Std': np.float64(0.007749473657188762)}
2024-11-17 07:20:53,186 - INFO - Top 10 Mean Stats: {'Max': np.float64(-0.09304838966222403), 'Min': np.float64(-0.15089100333782285), 'Mean': np.float64(-0.10796507314452104), 'Std': np.float64(0.01578466788570082)}
2024-11-17 07:20:53,186 - INFO - Top 10 Std Stats: {'Max': np.float64(0.3037435593757198), 'Min': np.float64(0.1861642850607047), 'Mean': np.float64(0.2161603883282927), 'Std': np.float64(0.032415879203094924)}
2024-11-17 07:20:53,186 - INFO - Bottom 10 Mean Stats: {'Max': np.float64(65.0), 'Min': np.float64(0.008663895669242425), 'Mean': np.float64(23.01065442614785), 'Std': np.float64(25.16167870658554)}
2024-11-17 07:20:53,186 - INFO - Bottom 10 Std Stats: {'Max': np.float64(0.030508545173904545), 'Min': np.float64(0.0), 'Mean': np.float64(0.007585404516511171), 'Std': np.float64(0.010991125114837103)}
[I 2024-11-17 07:20:53,219] Trial 5 finished with value: 59.0 and parameters: {'x_0': 5, 'x_1': 2, 'x_2': 4, 'x_3': 2, 'x_4': 3, 'x_5': -1}. Best is trial 4 with value: 28.0.
2024-11-17 07:21:17,078 - INFO - Candidate Mean Stats: {'Max': np.float64(72.0), 'Min': np.float64(-0.11524146251129037), 'Mean': np.float64(0.0002026736706817136), 'Std': np.float64(0.10695637884700233)}
2024-11-17 07:21:17,079 - INFO - Candidate Std Stats: {'Max': np.float64(0.22554403852036123), 'Min': np.float64(0.0), 'Mean': np.float64(0.0058440852312956), 'Std': np.float64(0.0075129771967280354)}
2024-11-17 07:21:17,422 - INFO - Top 10 Mean Stats: {'Max': np.float64(-0.07832768137644235), 'Min': np.float64(-0.11524146251129037), 'Mean': np.float64(-0.09552272626974848), 'Std': np.float64(0.010195183292053028)}
2024-11-17 07:21:17,423 - INFO - Top 10 Std Stats: {'Max': np.float64(0.22554403852036123), 'Min': np.float64(0.1742890952560668), 'Mean': np.float64(0.19001932078588132), 'Std': np.float64(0.013635981505226113)}
2024-11-17 07:21:17,423 - INFO - Bottom 10 Mean Stats: {'Max': np.float64(72.0), 'Min': np.float64(0.015860725388325354), 'Mean': np.float64(34.409722249903936), 'Std': np.float64(28.958095007762182)}
2024-11-17 07:21:17,423 - INFO - Bottom 10 Std Stats: {'Max': np.float64(0.023612699822821142), 'Min': np.float64(0.0), 'Mean': np.float64(0.005870222750672079), 'Std': np.float64(0.008268577148925175)}
[I 2024-11-17 07:21:17,457] Trial 6 finished with value: 92.0 and parameters: {'x_0': -3, 'x_1': 4, 'x_2': -4, 'x_3': -1, 'x_4': -5, 'x_5': -5}. Best is trial 0 with value: 41.0.
2024-11-17 07:21:29,848 - INFO - Candidate Mean Stats: {'Max': np.float64(81.0), 'Min': np.float64(-0.12350589840454382), 'Mean': np.float64(0.00012389575521669027), 'Std': np.float64(0.10676805176236648)}
2024-11-17 07:21:29,850 - INFO - Candidate Std Stats: {'Max': np.float64(0.269969964854482), 'Min': np.float64(0.0), 'Mean': np.float64(0.006079715780909158), 'Std': np.float64(0.007269667667685136)}
2024-11-17 07:21:30,198 - INFO - Top 10 Mean Stats: {'Max': np.float64(-0.10594844735190181), 'Min': np.float64(-0.12350589840454382), 'Mean': np.float64(-0.11495639198757165), 'Std': np.float64(0.0055275150949597365)}
2024-11-17 07:21:30,199 - INFO - Top 10 Std Stats: {'Max': np.float64(0.2559416676585057), 'Min': np.float64(0.21557558573459118), 'Mean': np.float64(0.2343358437077872), 'Std': np.float64(0.012246958504257657)}
2024-11-17 07:21:30,199 - INFO - Bottom 10 Mean Stats: {'Max': np.float64(81.0), 'Min': np.float64(0.014581431320741347), 'Mean': np.float64(32.70678911672683), 'Std': np.float64(30.753309789244593)}
2024-11-17 07:21:30,199 - INFO - Bottom 10 Std Stats: {'Max': np.float64(0.009306542578276107), 'Min': np.float64(0.0), 'Mean': np.float64(0.0026425848788488755), 'Std': np.float64(0.0034472524002376274)}
[I 2024-11-17 07:21:30,233] Trial 6 finished with value: 39.0 and parameters: {'x_0': -3, 'x_1': -3, 'x_2': 0, 'x_3': 2, 'x_4': 4, 'x_5': 1}. Best is trial 0 with value: 28.0.
2024-11-17 07:21:47,954 - INFO - Candidate Mean Stats: {'Max': np.float64(65.0), 'Min': np.float64(-0.14511279366168567), 'Mean': np.float64(0.00016001264586539622), 'Std': np.float64(0.0924648994492884)}
2024-11-17 07:21:47,956 - INFO - Candidate Std Stats: {'Max': np.float64(0.298077050651821), 'Min': np.float64(0.0), 'Mean': np.float64(0.005925026492151795), 'Std': np.float64(0.007342837201013984)}
2024-11-17 07:21:48,290 - INFO - Top 10 Mean Stats: {'Max': np.float64(-0.08399841541385293), 'Min': np.float64(-0.14511279366168567), 'Mean': np.float64(-0.09930098013492422), 'Std': np.float64(0.01805390120132746)}
2024-11-17 07:21:48,290 - INFO - Top 10 Std Stats: {'Max': np.float64(0.2894577112034744), 'Min': np.float64(0.17083446071704916), 'Mean': np.float64(0.19615152784809062), 'Std': np.float64(0.03427311901808676)}
2024-11-17 07:21:48,290 - INFO - Bottom 10 Mean Stats: {'Max': np.float64(65.0), 'Min': np.float64(0.021524984442550556), 'Mean': np.float64(28.909626524465118), 'Std': np.float64(25.979486666940776)}
2024-11-17 07:21:48,290 - INFO - Bottom 10 Std Stats: {'Max': np.float64(0.014770520737652875), 'Min': np.float64(0.0), 'Mean': np.float64(0.004304403608969361), 'Std': np.float64(0.0055254316380786445)}
[I 2024-11-17 07:21:48,326] Trial 6 finished with value: 60.0 and parameters: {'x_0': 2, 'x_1': -3, 'x_2': -3, 'x_3': -5, 'x_4': 2, 'x_5': -3}. Best is trial 4 with value: 28.0.
2024-11-17 07:22:13,676 - INFO - Candidate Mean Stats: {'Max': np.float64(81.0), 'Min': np.float64(-0.11961875032471943), 'Mean': np.float64(0.00020391969610189897), 'Std': np.float64(0.11071361334809449)}
2024-11-17 07:22:13,678 - INFO - Candidate Std Stats: {'Max': np.float64(0.25032488180867224), 'Min': np.float64(0.0), 'Mean': np.float64(0.005742737062569016), 'Std': np.float64(0.007414380852273947)}
2024-11-17 07:22:13,993 - INFO - Top 10 Mean Stats: {'Max': np.float64(-0.09667267169196428), 'Min': np.float64(-0.11961875032471943), 'Mean': np.float64(-0.10780001858536666), 'Std': np.float64(0.00743448051655854)}
2024-11-17 07:22:13,993 - INFO - Top 10 Std Stats: {'Max': np.float64(0.25032488180867224), 'Min': np.float64(0.19856560935340392), 'Mean': np.float64(0.22176864338459792), 'Std': np.float64(0.01857485640752484)}
2024-11-17 07:22:13,993 - INFO - Bottom 10 Mean Stats: {'Max': np.float64(81.0), 'Min': np.float64(0.01962433621707698), 'Mean': np.float64(36.607215797808884), 'Std': np.float64(28.766507073769993)}
2024-11-17 07:22:13,993 - INFO - Bottom 10 Std Stats: {'Max': np.float64(0.01945798748208939), 'Min': np.float64(0.0), 'Mean': np.float64(0.004582813648298349), 'Std': np.float64(0.007243901940893043)}
[I 2024-11-17 07:22:14,027] Trial 7 finished with value: 92.0 and parameters: {'x_0': 1, 'x_1': 3, 'x_2': -4, 'x_3': 5, 'x_4': -5, 'x_5': 4}. Best is trial 0 with value: 28.0.
2024-11-17 07:22:14,251 - INFO - Candidate Mean Stats: {'Max': np.float64(92.0), 'Min': np.float64(-0.10118686948651452), 'Mean': np.float64(0.00027550303033647625), 'Std': np.float64(0.1273452657690478)}
2024-11-17 07:22:14,252 - INFO - Candidate Std Stats: {'Max': np.float64(0.20415381851090567), 'Min': np.float64(0.0), 'Mean': np.float64(0.005916221389282739), 'Std': np.float64(0.007329818700865388)}
2024-11-17 07:22:14,608 - INFO - Top 10 Mean Stats: {'Max': np.float64(-0.07935021740862416), 'Min': np.float64(-0.10118686948651452), 'Mean': np.float64(-0.09163286737554777), 'Std': np.float64(0.006208668464873308)}
2024-11-17 07:22:14,608 - INFO - Top 10 Std Stats: {'Max': np.float64(0.20164837012040682), 'Min': np.float64(0.15186084470560898), 'Mean': np.float64(0.17938823098038154), 'Std': np.float64(0.013506917116018813)}
2024-11-17 07:22:14,608 - INFO - Bottom 10 Mean Stats: {'Max': np.float64(92.0), 'Min': np.float64(0.01896672068565069), 'Mean': np.float64(43.60760990348437), 'Std': np.float64(31.10267768644551)}
2024-11-17 07:22:14,608 - INFO - Bottom 10 Std Stats: {'Max': np.float64(0.013601436628559465), 'Min': np.float64(0.0), 'Mean': np.float64(0.003018014198510821), 'Std': np.float64(0.004973339513509325)}
[I 2024-11-17 07:22:14,640] Trial 7 finished with value: 38.0 and parameters: {'x_0': 4, 'x_1': -1, 'x_2': 2, 'x_3': 0, 'x_4': 4, 'x_5': 1}. Best is trial 7 with value: 38.0.
2024-11-17 07:22:27,912 - INFO - Candidate Mean Stats: {'Max': np.float64(65.0), 'Min': np.float64(-0.12156947596107379), 'Mean': np.float64(0.00025006405832989266), 'Std': np.float64(0.10287022334012007)}
2024-11-17 07:22:27,914 - INFO - Candidate Std Stats: {'Max': np.float64(0.29595778633649883), 'Min': np.float64(0.0), 'Mean': np.float64(0.005840867628302514), 'Std': np.float64(0.007531060455760072)}
2024-11-17 07:22:28,263 - INFO - Top 10 Mean Stats: {'Max': np.float64(-0.08714745608722062), 'Min': np.float64(-0.12156947596107379), 'Mean': np.float64(-0.09755333346752135), 'Std': np.float64(0.011345050389494802)}
2024-11-17 07:22:28,263 - INFO - Top 10 Std Stats: {'Max': np.float64(0.24144271911057422), 'Min': np.float64(0.169080667885212), 'Mean': np.float64(0.19408907161206201), 'Std': np.float64(0.02349062483543961)}
2024-11-17 07:22:28,264 - INFO - Bottom 10 Mean Stats: {'Max': np.float64(65.0), 'Min': np.float64(0.017110045798753186), 'Mean': np.float64(34.9065366159811), 'Std': np.float64(25.538869386977247)}
2024-11-17 07:22:28,264 - INFO - Bottom 10 Std Stats: {'Max': np.float64(0.015548708422865497), 'Min': np.float64(0.0), 'Mean': np.float64(0.0036261991735072815), 'Std': np.float64(0.005727431775123667)}
[I 2024-11-17 07:22:28,297] Trial 7 finished with value: 51.0 and parameters: {'x_0': 3, 'x_1': 0, 'x_2': 4, 'x_3': 1, 'x_4': 4, 'x_5': 3}. Best is trial 4 with value: 28.0.
2024-11-17 07:23:08,587 - INFO - Candidate Mean Stats: {'Max': np.float64(92.0), 'Min': np.float64(-0.14153398422057156), 'Mean': np.float64(0.0002585374802547627), 'Std': np.float64(0.1305200826153883)}
2024-11-17 07:23:08,589 - INFO - Candidate Std Stats: {'Max': np.float64(0.28194727241681805), 'Min': np.float64(0.0), 'Mean': np.float64(0.005857756948751476), 'Std': np.float64(0.007414258585013489)}
2024-11-17 07:23:08,952 - INFO - Top 10 Mean Stats: {'Max': np.float64(-0.08982569904058205), 'Min': np.float64(-0.14153398422057156), 'Mean': np.float64(-0.10903689782574122), 'Std': np.float64(0.015293980538702085)}
2024-11-17 07:23:08,952 - INFO - Top 10 Std Stats: {'Max': np.float64(0.28194727241681805), 'Min': np.float64(0.1851886572684241), 'Mean': np.float64(0.21859982853600837), 'Std': np.float64(0.029957930587118802)}
2024-11-17 07:23:08,952 - INFO - Bottom 10 Mean Stats: {'Max': np.float64(92.0), 'Min': np.float64(0.0207124311304356), 'Mean': np.float64(45.80463154713466), 'Std': np.float64(30.264431884363578)}
2024-11-17 07:23:08,952 - INFO - Bottom 10 Std Stats: {'Max': np.float64(0.014661054665325551), 'Min': np.float64(0.0), 'Mean': np.float64(0.0024742245520647343), 'Std': np.float64(0.005053306458356633)}
[I 2024-11-17 07:23:08,987] Trial 8 finished with value: 51.0 and parameters: {'x_0': 0, 'x_1': -5, 'x_2': 0, 'x_3': -4, 'x_4': -3, 'x_5': 1}. Best is trial 0 with value: 28.0.
2024-11-17 07:23:20,070 - INFO - Candidate Mean Stats: {'Max': np.float64(92.0), 'Min': np.float64(-0.0934432552068383), 'Mean': np.float64(0.00029738308570847745), 'Std': np.float64(0.13051148942899785)}
2024-11-17 07:23:20,071 - INFO - Candidate Std Stats: {'Max': np.float64(0.2425991630647616), 'Min': np.float64(0.0), 'Mean': np.float64(0.0057466652889260235), 'Std': np.float64(0.007792974354511327)}
2024-11-17 07:23:20,196 - INFO - Candidate Mean Stats: {'Max': np.float64(65.0), 'Min': np.float64(-0.10846126905886129), 'Mean': np.float64(0.0002200658903396793), 'Std': np.float64(0.10977649454571957)}
2024-11-17 07:23:20,197 - INFO - Candidate Std Stats: {'Max': np.float64(0.2161121787057219), 'Min': np.float64(0.0), 'Mean': np.float64(0.006329086554135361), 'Std': np.float64(0.007233196825437327)}
2024-11-17 07:23:20,394 - INFO - Top 10 Mean Stats: {'Max': np.float64(-0.07714944430130884), 'Min': np.float64(-0.08850979923686347), 'Mean': np.float64(-0.08252236162747725), 'Std': np.float64(0.0031728319093451375)}
2024-11-17 07:23:20,394 - INFO - Top 10 Std Stats: {'Max': np.float64(0.19848181758684225), 'Min': np.float64(0.1572822907490793), 'Mean': np.float64(0.17039051486358706), 'Std': np.float64(0.011958011446516129)}
2024-11-17 07:23:20,394 - INFO - Bottom 10 Mean Stats: {'Max': np.float64(92.0), 'Min': np.float64(0.018776939660082835), 'Mean': np.float64(47.40418248603724), 'Std': np.float64(27.681104949197593)}
2024-11-17 07:23:20,394 - INFO - Bottom 10 Std Stats: {'Max': np.float64(0.014520766868554642), 'Min': np.float64(0.0), 'Mean': np.float64(0.002417491814717187), 'Std': np.float64(0.004955932209172103)}
[I 2024-11-17 07:23:20,427] Trial 8 finished with value: 88.0 and parameters: {'x_0': -3, 'x_1': 5, 'x_2': 5, 'x_3': -2, 'x_4': -3, 'x_5': 4}. Best is trial 7 with value: 38.0.
2024-11-17 07:23:20,557 - INFO - Top 10 Mean Stats: {'Max': np.float64(-0.08341299528590476), 'Min': np.float64(-0.10846126905886129), 'Mean': np.float64(-0.09384285057872307), 'Std': np.float64(0.008112508881186144)}
2024-11-17 07:23:20,557 - INFO - Top 10 Std Stats: {'Max': np.float64(0.2161121787057219), 'Min': np.float64(0.16580378527654865), 'Mean': np.float64(0.18489024165604026), 'Std': np.float64(0.015305896993428887)}
2024-11-17 07:23:20,557 - INFO - Bottom 10 Mean Stats: {'Max': np.float64(65.0), 'Min': np.float64(0.00954396043700551), 'Mean': np.float64(40.002383545826746), 'Std': np.float64(23.034959088003145)}
2024-11-17 07:23:20,557 - INFO - Bottom 10 Std Stats: {'Max': np.float64(0.005613040644033962), 'Min': np.float64(0.0), 'Mean': np.float64(0.0006884403367729036), 'Std': np.float64(0.0016847280930114112)}
[I 2024-11-17 07:23:20,589] Trial 8 finished with value: 65.0 and parameters: {'x_0': -1, 'x_1': -4, 'x_2': 4, 'x_3': -4, 'x_4': 4, 'x_5': 0}. Best is trial 4 with value: 28.0.
2024-11-17 07:24:07,340 - INFO - Candidate Mean Stats: {'Max': np.float64(92.0), 'Min': np.float64(-0.14271648221125077), 'Mean': np.float64(0.0002320757248042881), 'Std': np.float64(0.1360271080725171)}
2024-11-17 07:24:07,341 - INFO - Candidate Std Stats: {'Max': np.float64(0.281784893849196), 'Min': np.float64(0.0), 'Mean': np.float64(0.0057117289180338236), 'Std': np.float64(0.007434916321522055)}
2024-11-17 07:24:07,673 - INFO - Top 10 Mean Stats: {'Max': np.float64(-0.09591636140989926), 'Min': np.float64(-0.14271648221125077), 'Mean': np.float64(-0.10822455406969136), 'Std': np.float64(0.01369253310425266)}
2024-11-17 07:24:07,673 - INFO - Top 10 Std Stats: {'Max': np.float64(0.281784893849196), 'Min': np.float64(0.19334346017164988), 'Mean': np.float64(0.21509882533769673), 'Std': np.float64(0.02477157771280487)}
2024-11-17 07:24:07,673 - INFO - Bottom 10 Mean Stats: {'Max': np.float64(92.0), 'Min': np.float64(0.05257309999650991), 'Mean': np.float64(50.90525730999965), 'Std': np.float64(26.129581982798946)}
2024-11-17 07:24:07,673 - INFO - Bottom 10 Std Stats: {'Max': np.float64(0.04335234208010178), 'Min': np.float64(0.0), 'Mean': np.float64(0.004335234208010178), 'Std': np.float64(0.013005702624030535)}
[I 2024-11-17 07:24:07,706] Trial 9 finished with value: 38.0 and parameters: {'x_0': -1, 'x_1': -3, 'x_2': 3, 'x_3': 3, 'x_4': -1, 'x_5': 3}. Best is trial 0 with value: 28.0.
2024-11-17 07:24:23,565 - INFO - Candidate Mean Stats: {'Max': np.float64(65.0), 'Min': np.float64(-0.0936610427769183), 'Mean': np.float64(0.0002806363122344575), 'Std': np.float64(0.12014484871949593)}
2024-11-17 07:24:23,567 - INFO - Candidate Std Stats: {'Max': np.float64(0.18877465436741944), 'Min': np.float64(0.0), 'Mean': np.float64(0.006230116805205189), 'Std': np.float64(0.0070486888512072444)}
2024-11-17 07:24:23,888 - INFO - Top 10 Mean Stats: {'Max': np.float64(-0.05782116740036557), 'Min': np.float64(-0.0936610427769183), 'Mean': np.float64(-0.07362242497228418), 'Std': np.float64(0.008960149099339896)}
2024-11-17 07:24:23,889 - INFO - Top 10 Std Stats: {'Max': np.float64(0.18877465436741944), 'Min': np.float64(0.13336097291934168), 'Mean': np.float64(0.14788566522971686), 'Std': np.float64(0.01612107824407732)}
2024-11-17 07:24:23,889 - INFO - Bottom 10 Mean Stats: {'Max': np.float64(65.0), 'Min': np.float64(0.028464756688338467), 'Mean': np.float64(46.50284647566883), 'Std': np.float64(19.768291546934755)}
2024-11-17 07:24:23,889 - INFO - Bottom 10 Std Stats: {'Max': np.float64(0.019828833979669003), 'Min': np.float64(0.0), 'Mean': np.float64(0.0019828833979669003), 'Std': np.float64(0.005948650193900702)}
