[I 2024-11-17 07:14:25,389] Trial 200 finished with value: 57.0 and parameters: {'x_0': 4, 'x_1': 0, 'x_2': -4, 'x_3': -5}. Best is trial 141 with value: 2.0.
2024-11-17 07:14:25,503 - INFO - Candidate Mean Stats: {'Max': np.float64(91.0), 'Min': np.float64(-0.6343647266564872), 'Mean': np.float64(0.5818643824425616), 'Std': np.float64(5.43663589446808)}
2024-11-17 07:14:25,503 - INFO - Candidate Std Stats: {'Max': np.float64(1.1922987467331645), 'Min': np.float64(0.0), 'Mean': np.float64(0.060043077971354976), 'Std': np.float64(0.053576642497761284)}
2024-11-17 07:14:25,504 - INFO - Top 10 Mean Stats: {'Max': np.float64(-0.11352547853714338), 'Min': np.float64(-0.6343647266564872), 'Mean': np.float64(-0.2753213319341019), 'Std': np.float64(0.13522407101211326)}
2024-11-17 07:14:25,505 - INFO - Top 10 Std Stats: {'Max': np.float64(1.1922987467331645), 'Min': np.float64(0.36600742605362085), 'Mean': np.float64(0.5692389054058427), 'Std': np.float64(0.22817777452158353)}
2024-11-17 07:14:25,505 - INFO - Bottom 10 Mean Stats: {'Max': np.float64(91.0), 'Min': np.float64(76.0), 'Mean': np.float64(84.7), 'Std': np.float64(4.6701177715342475)}
2024-11-17 07:14:25,505 - INFO - Bottom 10 Std Stats: {'Max': np.float64(0.0), 'Min': np.float64(0.0), 'Mean': np.float64(0.0), 'Std': np.float64(0.0)}
[I 2024-11-17 07:14:25,519] Trial 206 finished with value: 100.0 and parameters: {'x_0': -5, 'x_1': 5, 'x_2': -5, 'x_3': -5}. Best is trial 190 with value: 6.0.
2024-11-17 07:14:25,617 - INFO - Candidate Mean Stats: {'Max': np.float64(100.0), 'Min': np.float64(-0.25310836242725165), 'Mean': np.float64(0.7234346419484774), 'Std': np.float64(6.531809167965549)}
2024-11-17 07:14:25,617 - INFO - Candidate Std Stats: {'Max': np.float64(0.5664580266353082), 'Min': np.float64(0.0), 'Mean': np.float64(0.04267187761766392), 'Std': np.float64(0.04304501956535644)}
2024-11-17 07:14:25,619 - INFO - Top 10 Mean Stats: {'Max': np.float64(0.07749003999820028), 'Min': np.float64(-0.25310836242725165), 'Mean': np.float64(-0.10743434482691194), 'Std': np.float64(0.09060687216790243)}
2024-11-17 07:14:25,619 - INFO - Top 10 Std Stats: {'Max': np.float64(0.5664580266353082), 'Min': np.float64(0.2983641725086225), 'Mean': np.float64(0.4359193924938234), 'Std': np.float64(0.0801683657717187)}
2024-11-17 07:14:25,619 - INFO - Bottom 10 Mean Stats: {'Max': np.float64(100.0), 'Min': np.float64(91.0), 'Mean': np.float64(95.5), 'Std': np.float64(4.5)}
2024-11-17 07:14:25,619 - INFO - Bottom 10 Std Stats: {'Max': np.float64(0.0), 'Min': np.float64(0.0), 'Mean': np.float64(0.0), 'Std': np.float64(0.0)}
[I 2024-11-17 07:14:25,635] Trial 212 finished with value: 82.0 and parameters: {'x_0': -4, 'x_1': -5, 'x_2': 4, 'x_3': 5}. Best is trial 179 with value: 1.0.
2024-11-17 07:14:25,655 - INFO - Candidate Mean Stats: {'Max': np.float64(75.0), 'Min': np.float64(-0.28516945006251176), 'Mean': np.float64(0.5031715412710052), 'Std': np.float64(4.784112913249421)}
2024-11-17 07:14:25,655 - INFO - Candidate Std Stats: {'Max': np.float64(0.6543197452971667), 'Min': np.float64(0.0), 'Mean': np.float64(0.06286919566707361), 'Std': np.float64(0.05146670748081229)}
2024-11-17 07:14:25,657 - INFO - Top 10 Mean Stats: {'Max': np.float64(-0.1478915214317778), 'Min': np.float64(-0.28516945006251176), 'Mean': np.float64(-0.21914448295565606), 'Std': np.float64(0.04535304813416145)}
2024-11-17 07:14:25,657 - INFO - Top 10 Std Stats: {'Max': np.float64(0.5937138430427182), 'Min': np.float64(0.3246044532099811), 'Mean': np.float64(0.44802396953735996), 'Std': np.float64(0.08474829627480124)}
2024-11-17 07:14:25,657 - INFO - Bottom 10 Mean Stats: {'Max': np.float64(75.0), 'Min': np.float64(67.0), 'Mean': np.float64(72.5), 'Std': np.float64(2.8372521918222215)}
2024-11-17 07:14:25,657 - INFO - Bottom 10 Std Stats: {'Max': np.float64(0.0), 'Min': np.float64(0.0), 'Mean': np.float64(0.0), 'Std': np.float64(0.0)}
[I 2024-11-17 07:14:25,673] Trial 201 finished with value: 28.0 and parameters: {'x_0': -4, 'x_1': -2, 'x_2': -2, 'x_3': 2}. Best is trial 141 with value: 2.0.
2024-11-17 07:14:25,725 - INFO - Candidate Mean Stats: {'Max': np.float64(100.0), 'Min': np.float64(-0.36265284507004497), 'Mean': np.float64(0.5898782621859926), 'Std': np.float64(5.498222779839526)}
2024-11-17 07:14:25,725 - INFO - Candidate Std Stats: {'Max': np.float64(1.075834125984131), 'Min': np.float64(0.0), 'Mean': np.float64(0.05213521970082003), 'Std': np.float64(0.05046629479603272)}
2024-11-17 07:14:25,727 - INFO - Top 10 Mean Stats: {'Max': np.float64(0.21630134104030957), 'Min': np.float64(-0.36265284507004497), 'Mean': np.float64(-0.17690590314822194), 'Std': np.float64(0.1570946626822109)}
2024-11-17 07:14:25,727 - INFO - Top 10 Std Stats: {'Max': np.float64(1.075834125984131), 'Min': np.float64(0.25982007856535766), 'Mean': np.float64(0.45189217689848304), 'Std': np.float64(0.22034526158952877)}
2024-11-17 07:14:25,727 - INFO - Bottom 10 Mean Stats: {'Max': np.float64(100.0), 'Min': np.float64(82.0), 'Mean': np.float64(87.1), 'Std': np.float64(5.647123161398199)}
2024-11-17 07:14:25,727 - INFO - Bottom 10 Std Stats: {'Max': np.float64(0.0), 'Min': np.float64(0.0), 'Mean': np.float64(0.0), 'Std': np.float64(0.0)}
[I 2024-11-17 07:14:25,742] Trial 207 finished with value: 67.0 and parameters: {'x_0': -5, 'x_1': -4, 'x_2': -5, 'x_3': -1}. Best is trial 190 with value: 6.0.
2024-11-17 07:14:25,841 - INFO - Candidate Mean Stats: {'Max': np.float64(100.0), 'Min': np.float64(-0.203505692537096), 'Mean': np.float64(0.7263609261760006), 'Std': np.float64(6.5665379761532945)}
2024-11-17 07:14:25,841 - INFO - Candidate Std Stats: {'Max': np.float64(0.4657760929210723), 'Min': np.float64(0.0), 'Mean': np.float64(0.04767747516553486), 'Std': np.float64(0.04621052692467187)}
2024-11-17 07:14:25,843 - INFO - Top 10 Mean Stats: {'Max': np.float64(-0.07445113646470237), 'Min': np.float64(-0.17542343792045528), 'Mean': np.float64(-0.13169205098901077), 'Std': np.float64(0.030548554337574904)}
2024-11-17 07:14:25,843 - INFO - Top 10 Std Stats: {'Max': np.float64(0.4657760929210723), 'Min': np.float64(0.2985472177467433), 'Mean': np.float64(0.3523393842308672), 'Std': np.float64(0.0541590355066443)}
2024-11-17 07:14:25,843 - INFO - Bottom 10 Mean Stats: {'Max': np.float64(100.0), 'Min': np.float64(91.0), 'Mean': np.float64(95.5), 'Std': np.float64(4.5)}
2024-11-17 07:14:25,843 - INFO - Bottom 10 Std Stats: {'Max': np.float64(0.0), 'Min': np.float64(0.0), 'Mean': np.float64(0.0), 'Std': np.float64(0.0)}
[I 2024-11-17 07:14:25,860] Trial 213 finished with value: 33.0 and parameters: {'x_0': 2, 'x_1': -4, 'x_2': -3, 'x_3': 2}. Best is trial 179 with value: 1.0.
2024-11-17 07:14:25,932 - INFO - Candidate Mean Stats: {'Max': np.float64(100.0), 'Min': np.float64(-0.3287309723828842), 'Mean': np.float64(0.593033580823936), 'Std': np.float64(5.525694081676569)}
2024-11-17 07:14:25,932 - INFO - Candidate Std Stats: {'Max': np.float64(0.5788956594270851), 'Min': np.float64(0.0), 'Mean': np.float64(0.06131427597349555), 'Std': np.float64(0.04891472942800837)}
2024-11-17 07:14:25,933 - INFO - Candidate Mean Stats: {'Max': np.float64(75.0), 'Min': np.float64(-0.22850647872372248), 'Mean': np.float64(0.5061446610403638), 'Std': np.float64(4.789378312333339)}
2024-11-17 07:14:25,933 - INFO - Candidate Std Stats: {'Max': np.float64(0.46931082499429455), 'Min': np.float64(0.0), 'Mean': np.float64(0.06368469099340747), 'Std': np.float64(0.04582542395807139)}
2024-11-17 07:14:25,934 - INFO - Top 10 Mean Stats: {'Max': np.float64(-0.11938138983801098), 'Min': np.float64(-0.3287309723828842), 'Mean': np.float64(-0.20795201502481295), 'Std': np.float64(0.059874627923864554)}
2024-11-17 07:14:25,934 - INFO - Top 10 Std Stats: {'Max': np.float64(0.4498775609160882), 'Min': np.float64(0.2883630234288016), 'Mean': np.float64(0.3558036473786639), 'Std': np.float64(0.05382841295135437)}
2024-11-17 07:14:25,934 - INFO - Bottom 10 Mean Stats: {'Max': np.float64(100.0), 'Min': np.float64(82.0), 'Mean': np.float64(87.1), 'Std': np.float64(5.647123161398199)}
2024-11-17 07:14:25,934 - INFO - Bottom 10 Std Stats: {'Max': np.float64(0.0), 'Min': np.float64(0.0), 'Mean': np.float64(0.0), 'Std': np.float64(0.0)}
2024-11-17 07:14:25,935 - INFO - Top 10 Mean Stats: {'Max': np.float64(-0.10986074612119459), 'Min': np.float64(-0.22850647872372248), 'Mean': np.float64(-0.16573237238875682), 'Std': np.float64(0.04219039691013732)}
2024-11-17 07:14:25,935 - INFO - Top 10 Std Stats: {'Max': np.float64(0.4305440280970326), 'Min': np.float64(0.2918922760936874), 'Mean': np.float64(0.3735384854598679), 'Std': np.float64(0.03894827459088122)}
2024-11-17 07:14:25,935 - INFO - Bottom 10 Mean Stats: {'Max': np.float64(75.0), 'Min': np.float64(67.0), 'Mean': np.float64(72.5), 'Std': np.float64(2.8372521918222215)}
2024-11-17 07:14:25,935 - INFO - Bottom 10 Std Stats: {'Max': np.float64(0.0), 'Min': np.float64(0.0), 'Mean': np.float64(0.0), 'Std': np.float64(0.0)}
[I 2024-11-17 07:14:25,949] Trial 208 finished with value: 79.0 and parameters: {'x_0': -5, 'x_1': 2, 'x_2': -5, 'x_3': -5}. Best is trial 190 with value: 6.0.
[I 2024-11-17 07:14:25,950] Trial 202 finished with value: 73.0 and parameters: {'x_0': -4, 'x_1': 4, 'x_2': -5, 'x_3': -4}. Best is trial 141 with value: 2.0.
2024-11-17 07:14:26,112 - INFO - Candidate Mean Stats: {'Max': np.float64(100.0), 'Min': np.float64(-0.26164144978293036), 'Mean': np.float64(0.7304957954578762), 'Std': np.float64(6.571752361041909)}
2024-11-17 07:14:26,112 - INFO - Candidate Std Stats: {'Max': np.float64(0.45572884209557524), 'Min': np.float64(0.0), 'Mean': np.float64(0.052817857999340294), 'Std': np.float64(0.04573132858835374)}
2024-11-17 07:14:26,113 - INFO - Top 10 Mean Stats: {'Max': np.float64(-0.14270769342203238), 'Min': np.float64(-0.26164144978293036), 'Mean': np.float64(-0.2009487318129569), 'Std': np.float64(0.037684352189803996)}
2024-11-17 07:14:26,113 - INFO - Top 10 Std Stats: {'Max': np.float64(0.40995434775300194), 'Min': np.float64(0.27984669185472477), 'Mean': np.float64(0.34927168789042584), 'Std': np.float64(0.04193176948907438)}
2024-11-17 07:14:26,113 - INFO - Bottom 10 Mean Stats: {'Max': np.float64(100.0), 'Min': np.float64(91.0), 'Mean': np.float64(95.5), 'Std': np.float64(4.5)}
2024-11-17 07:14:26,113 - INFO - Bottom 10 Std Stats: {'Max': np.float64(0.0), 'Min': np.float64(0.0), 'Mean': np.float64(0.0), 'Std': np.float64(0.0)}
[I 2024-11-17 07:14:26,128] Trial 214 finished with value: 32.0 and parameters: {'x_0': -4, 'x_1': 0, 'x_2': -4, 'x_3': 0}. Best is trial 179 with value: 1.0.
2024-11-17 07:14:26,170 - INFO - Candidate Mean Stats: {'Max': np.float64(75.0), 'Min': np.float64(-0.27216355738795), 'Mean': np.float64(0.5101099910241076), 'Std': np.float64(4.826818527045024)}
2024-11-17 07:14:26,170 - INFO - Candidate Std Stats: {'Max': np.float64(0.5194915529143456), 'Min': np.float64(0.0), 'Mean': np.float64(0.06198431601331222), 'Std': np.float64(0.049777274010564594)}
2024-11-17 07:14:26,172 - INFO - Top 10 Mean Stats: {'Max': np.float64(-0.18134941823086975), 'Min': np.float64(-0.27216355738795), 'Mean': np.float64(-0.2189144105209897), 'Std': np.float64(0.027522265796189372)}
2024-11-17 07:14:26,172 - INFO - Top 10 Std Stats: {'Max': np.float64(0.5131734166425681), 'Min': np.float64(0.325354540015143), 'Mean': np.float64(0.38720343630031573), 'Std': np.float64(0.05478845776391444)}
2024-11-17 07:14:26,172 - INFO - Bottom 10 Mean Stats: {'Max': np.float64(75.0), 'Min': np.float64(70.0), 'Mean': np.float64(73.1), 'Std': np.float64(2.1656407827707715)}
2024-11-17 07:14:26,172 - INFO - Bottom 10 Std Stats: {'Max': np.float64(0.0), 'Min': np.float64(0.0), 'Mean': np.float64(0.0), 'Std': np.float64(0.0)}
2024-11-17 07:14:26,193 - INFO - Candidate Mean Stats: {'Max': np.float64(100.0), 'Min': np.float64(-0.3731766415428912), 'Mean': np.float64(0.6005592579629847), 'Std': np.float64(5.563341356676123)}
2024-11-17 07:14:26,193 - INFO - Candidate Std Stats: {'Max': np.float64(0.7989972929396836), 'Min': np.float64(0.0), 'Mean': np.float64(0.04633977741121501), 'Std': np.float64(0.054663729559219866)}
[I 2024-11-17 07:14:26,193] Trial 203 finished with value: 35.0 and parameters: {'x_0': -3, 'x_1': -1, 'x_2': 0, 'x_3': -5}. Best is trial 141 with value: 2.0.
2024-11-17 07:14:26,194 - INFO - Top 10 Mean Stats: {'Max': np.float64(0.03033153618839631), 'Min': np.float64(-0.26782669534185044), 'Mean': np.float64(-0.15984210726249487), 'Std': np.float64(0.09499801927951966)}
2024-11-17 07:14:26,194 - INFO - Top 10 Std Stats: {'Max': np.float64(0.7989972929396836), 'Min': np.float64(0.4155274124857332), 'Mean': np.float64(0.5548164077365769), 'Std': np.float64(0.12538369812230224)}
2024-11-17 07:14:26,194 - INFO - Bottom 10 Mean Stats: {'Max': np.float64(100.0), 'Min': np.float64(82.0), 'Mean': np.float64(87.1), 'Std': np.float64(5.647123161398199)}
2024-11-17 07:14:26,194 - INFO - Bottom 10 Std Stats: {'Max': np.float64(0.0), 'Min': np.float64(0.0), 'Mean': np.float64(0.0), 'Std': np.float64(0.0)}
[I 2024-11-17 07:14:26,209] Trial 209 finished with value: 82.0 and parameters: {'x_0': 4, 'x_1': -4, 'x_2': -5, 'x_3': -5}. Best is trial 190 with value: 6.0.
2024-11-17 07:14:26,340 - INFO - Candidate Mean Stats: {'Max': np.float64(100.0), 'Min': np.float64(-0.19119282171851898), 'Mean': np.float64(0.736582768272734), 'Std': np.float64(6.576428161354956)}
2024-11-17 07:14:26,340 - INFO - Candidate Std Stats: {'Max': np.float64(0.5615793038252728), 'Min': np.float64(0.0), 'Mean': np.float64(0.04889853590404414), 'Std': np.float64(0.044545118074195034)}
2024-11-17 07:14:26,341 - INFO - Top 10 Mean Stats: {'Max': np.float64(-0.03346499984111471), 'Min': np.float64(-0.19119282171851898), 'Mean': np.float64(-0.14859525460504858), 'Std': np.float64(0.04737403173577972)}
2024-11-17 07:14:26,342 - INFO - Top 10 Std Stats: {'Max': np.float64(0.4933372788183594), 'Min': np.float64(0.3027154570180038), 'Mean': np.float64(0.3879048061341604), 'Std': np.float64(0.056663757987581144)}
2024-11-17 07:14:26,342 - INFO - Bottom 10 Mean Stats: {'Max': np.float64(100.0), 'Min': np.float64(91.0), 'Mean': np.float64(95.5), 'Std': np.float64(4.5)}
2024-11-17 07:14:26,342 - INFO - Bottom 10 Std Stats: {'Max': np.float64(0.0), 'Min': np.float64(0.0), 'Mean': np.float64(0.0), 'Std': np.float64(0.0)}
[I 2024-11-17 07:14:26,363] Trial 215 finished with value: 59.0 and parameters: {'x_0': 3, 'x_1': -4, 'x_2': -5, 'x_3': -3}. Best is trial 179 with value: 1.0.
2024-11-17 07:14:26,429 - INFO - Candidate Mean Stats: {'Max': np.float64(75.0), 'Min': np.float64(-0.2490509601425793), 'Mean': np.float64(0.5142109167123307), 'Std': np.float64(4.835044612490436)}
2024-11-17 07:14:26,429 - INFO - Candidate Std Stats: {'Max': np.float64(0.5027023095933638), 'Min': np.float64(0.0), 'Mean': np.float64(0.06508592463728491), 'Std': np.float64(0.04791335377175794)}
2024-11-17 07:14:26,430 - INFO - Top 10 Mean Stats: {'Max': np.float64(-0.12028053778134651), 'Min': np.float64(-0.2490509601425793), 'Mean': np.float64(-0.1712486140314095), 'Std': np.float64(0.03625313354488304)}
2024-11-17 07:14:26,430 - INFO - Top 10 Std Stats: {'Max': np.float64(0.3884777072331112), 'Min': np.float64(0.2658102412909151), 'Mean': np.float64(0.33375573791243573), 'Std': np.float64(0.03837683757225871)}
2024-11-17 07:14:26,430 - INFO - Bottom 10 Mean Stats: {'Max': np.float64(75.0), 'Min': np.float64(70.0), 'Mean': np.float64(73.1), 'Std': np.float64(2.1656407827707715)}
2024-11-17 07:14:26,430 - INFO - Bottom 10 Std Stats: {'Max': np.float64(0.0), 'Min': np.float64(0.0), 'Mean': np.float64(0.0), 'Std': np.float64(0.0)}
[I 2024-11-17 07:14:26,444] Trial 204 finished with value: 23.0 and parameters: {'x_0': 2, 'x_1': 3, 'x_2': -3, 'x_3': 1}. Best is trial 141 with value: 2.0.
2024-11-17 07:14:26,456 - INFO - Candidate Mean Stats: {'Max': np.float64(100.0), 'Min': np.float64(-0.3388910332919465), 'Mean': np.float64(0.6039965505923676), 'Std': np.float64(5.604083425764825)}
2024-11-17 07:14:26,456 - INFO - Candidate Std Stats: {'Max': np.float64(0.6471607685873546), 'Min': np.float64(0.0), 'Mean': np.float64(0.06378345768346887), 'Std': np.float64(0.04689713520199568)}
2024-11-17 07:14:26,458 - INFO - Top 10 Mean Stats: {'Max': np.float64(-0.0738226052972714), 'Min': np.float64(-0.3388910332919465), 'Mean': np.float64(-0.21613009247669618), 'Std': np.float64(0.0872843796450376)}
2024-11-17 07:14:26,458 - INFO - Top 10 Std Stats: {'Max': np.float64(0.6471607685873546), 'Min': np.float64(0.2925175895567312), 'Mean': np.float64(0.43563393151437185), 'Std': np.float64(0.11003653195283412)}
2024-11-17 07:14:26,458 - INFO - Bottom 10 Mean Stats: {'Max': np.float64(100.0), 'Min': np.float64(82.0), 'Mean': np.float64(87.1), 'Std': np.float64(5.647123161398199)}
2024-11-17 07:14:26,458 - INFO - Bottom 10 Std Stats: {'Max': np.float64(0.0), 'Min': np.float64(0.0), 'Mean': np.float64(0.0), 'Std': np.float64(0.0)}
[I 2024-11-17 07:14:26,472] Trial 210 finished with value: 70.0 and parameters: {'x_0': -5, 'x_1': -4, 'x_2': -2, 'x_3': -5}. Best is trial 190 with value: 6.0.
2024-11-17 07:14:26,590 - INFO - Candidate Mean Stats: {'Max': np.float64(100.0), 'Min': np.float64(-0.19706948131565621), 'Mean': np.float64(0.7380317652961174), 'Std': np.float64(6.594291947171687)}
2024-11-17 07:14:26,590 - INFO - Candidate Std Stats: {'Max': np.float64(0.5425702816322431), 'Min': np.float64(0.0), 'Mean': np.float64(0.0456141131492191), 'Std': np.float64(0.046940497372158364)}
2024-11-17 07:14:26,592 - INFO - Top 10 Mean Stats: {'Max': np.float64(0.09130619634473439), 'Min': np.float64(-0.19706948131565621), 'Mean': np.float64(-0.13008106373340494), 'Std': np.float64(0.07773953831008983)}
2024-11-17 07:14:26,592 - INFO - Top 10 Std Stats: {'Max': np.float64(0.5425702816322431), 'Min': np.float64(0.29922822828518736), 'Mean': np.float64(0.36801529520291504), 'Std': np.float64(0.06777832366350199)}
2024-11-17 07:14:26,592 - INFO - Bottom 10 Mean Stats: {'Max': np.float64(100.0), 'Min': np.float64(91.0), 'Mean': np.float64(95.5), 'Std': np.float64(4.5)}
2024-11-17 07:14:26,592 - INFO - Bottom 10 Std Stats: {'Max': np.float64(0.0), 'Min': np.float64(0.0), 'Mean': np.float64(0.0), 'Std': np.float64(0.0)}
[I 2024-11-17 07:14:26,606] Trial 216 finished with value: 60.0 and parameters: {'x_0': -3, 'x_1': 5, 'x_2': 5, 'x_3': -1}. Best is trial 179 with value: 1.0.
2024-11-17 07:14:26,707 - INFO - Candidate Mean Stats: {'Max': np.float64(100.0), 'Min': np.float64(-0.32407956824677114), 'Mean': np.float64(0.6110842490431149), 'Std': np.float64(5.633100051404802)}
2024-11-17 07:14:26,707 - INFO - Candidate Std Stats: {'Max': np.float64(0.6315296012754659), 'Min': np.float64(0.0), 'Mean': np.float64(0.06044311118663243), 'Std': np.float64(0.04866875119865443)}
2024-11-17 07:14:26,709 - INFO - Top 10 Mean Stats: {'Max': np.float64(-0.15619922200325473), 'Min': np.float64(-0.32407956824677114), 'Mean': np.float64(-0.21953540824682644), 'Std': np.float64(0.05015524189794193)}
2024-11-17 07:14:26,709 - INFO - Top 10 Std Stats: {'Max': np.float64(0.5942712500667034), 'Min': np.float64(0.32520756304206455), 'Mean': np.float64(0.44197858082138464), 'Std': np.float64(0.07914526683932381)}
2024-11-17 07:14:26,709 - INFO - Bottom 10 Mean Stats: {'Max': np.float64(100.0), 'Min': np.float64(82.0), 'Mean': np.float64(87.1), 'Std': np.float64(5.647123161398199)}
2024-11-17 07:14:26,709 - INFO - Bottom 10 Std Stats: {'Max': np.float64(0.0), 'Min': np.float64(0.0), 'Mean': np.float64(0.0), 'Std': np.float64(0.0)}
[I 2024-11-17 07:14:26,723] Trial 211 finished with value: 19.0 and parameters: {'x_0': -1, 'x_1': -3, 'x_2': -3, 'x_3': 0}. Best is trial 190 with value: 6.0.
2024-11-17 07:14:26,728 - INFO - Candidate Mean Stats: {'Max': np.float64(75.0), 'Min': np.float64(-0.22436632126962866), 'Mean': np.float64(0.5135506484682961), 'Std': np.float64(4.838853564878299)}
2024-11-17 07:14:26,729 - INFO - Candidate Std Stats: {'Max': np.float64(0.40105020693381527), 'Min': np.float64(0.0), 'Mean': np.float64(0.06748624888470248), 'Std': np.float64(0.04540983824861031)}
2024-11-17 07:14:26,730 - INFO - Top 10 Mean Stats: {'Max': np.float64(-0.12651015729211984), 'Min': np.float64(-0.22436632126962866), 'Mean': np.float64(-0.168614788003849), 'Std': np.float64(0.02705441806326477)}
2024-11-17 07:14:26,731 - INFO - Top 10 Std Stats: {'Max': np.float64(0.38122260331778146), 'Min': np.float64(0.2758831825550775), 'Mean': np.float64(0.31945498754972007), 'Std': np.float64(0.032822764297750474)}
2024-11-17 07:14:26,731 - INFO - Bottom 10 Mean Stats: {'Max': np.float64(75.0), 'Min': np.float64(70.0), 'Mean': np.float64(73.1), 'Std': np.float64(2.1656407827707715)}
2024-11-17 07:14:26,731 - INFO - Bottom 10 Std Stats: {'Max': np.float64(0.0), 'Min': np.float64(0.0), 'Mean': np.float64(0.0), 'Std': np.float64(0.0)}
