[I 2024-11-17 07:14:18,272] Trial 183 finished with value: 42.0 and parameters: {'x_0': 0, 'x_1': 1, 'x_2': -4, 'x_3': -5}. Best is trial 179 with value: 1.0.
2024-11-17 07:14:18,274 - INFO - Candidate Mean Stats: {'Max': np.float64(75.0), 'Min': np.float64(-0.23778303203308085), 'Mean': np.float64(0.4395468377877846), 'Std': np.float64(4.47181367706602)}
2024-11-17 07:14:18,274 - INFO - Candidate Std Stats: {'Max': np.float64(0.47494199642566043), 'Min': np.float64(0.0), 'Mean': np.float64(0.06526084219563644), 'Std': np.float64(0.046647331369178424)}
2024-11-17 07:14:18,275 - INFO - Top 10 Mean Stats: {'Max': np.float64(-0.12135030873938897), 'Min': np.float64(-0.23778303203308085), 'Mean': np.float64(-0.1714589422416383), 'Std': np.float64(0.03538065077248291)}
2024-11-17 07:14:18,275 - INFO - Top 10 Std Stats: {'Max': np.float64(0.47494199642566043), 'Min': np.float64(0.30672207833742593), 'Mean': np.float64(0.36139059141409613), 'Std': np.float64(0.05006088055967487)}
2024-11-17 07:14:18,275 - INFO - Bottom 10 Mean Stats: {'Max': np.float64(75.0), 'Min': np.float64(66.0), 'Mean': np.float64(72.0), 'Std': np.float64(3.5496478698597698)}
2024-11-17 07:14:18,275 - INFO - Bottom 10 Std Stats: {'Max': np.float64(0.0), 'Min': np.float64(0.0), 'Mean': np.float64(0.0), 'Std': np.float64(0.0)}
[I 2024-11-17 07:14:18,289] Trial 174 finished with value: 61.0 and parameters: {'x_0': -4, 'x_1': 2, 'x_2': -4, 'x_3': -5}. Best is trial 141 with value: 2.0.
2024-11-17 07:14:18,400 - INFO - Candidate Mean Stats: {'Max': np.float64(91.0), 'Min': np.float64(-0.2537640224744564), 'Mean': np.float64(0.48460101168529157), 'Std': np.float64(4.847950313093101)}
2024-11-17 07:14:18,400 - INFO - Candidate Std Stats: {'Max': np.float64(0.6019255664966069), 'Min': np.float64(0.0), 'Mean': np.float64(0.06320294654225073), 'Std': np.float64(0.04787363980960823)}
2024-11-17 07:14:18,402 - INFO - Top 10 Mean Stats: {'Max': np.float64(-0.16577156173602292), 'Min': np.float64(-0.2537640224744564), 'Mean': np.float64(-0.20677094367312354), 'Std': np.float64(0.02865557157666622)}
2024-11-17 07:14:18,402 - INFO - Top 10 Std Stats: {'Max': np.float64(0.45305957514897666), 'Min': np.float64(0.32351703635685697), 'Mean': np.float64(0.385768689798177), 'Std': np.float64(0.04301861129721905)}
2024-11-17 07:14:18,402 - INFO - Bottom 10 Mean Stats: {'Max': np.float64(91.0), 'Min': np.float64(70.0), 'Mean': np.float64(79.2), 'Std': np.float64(7.0398863627192165)}
2024-11-17 07:14:18,402 - INFO - Bottom 10 Std Stats: {'Max': np.float64(0.0), 'Min': np.float64(0.0), 'Mean': np.float64(0.0), 'Std': np.float64(0.0)}
[I 2024-11-17 07:14:18,417] Trial 180 finished with value: 45.0 and parameters: {'x_0': -4, 'x_1': 2, 'x_2': 0, 'x_3': 5}. Best is trial 76 with value: 7.0.
2024-11-17 07:14:18,500 - INFO - Candidate Mean Stats: {'Max': np.float64(100.0), 'Min': np.float64(-0.21935286797802883), 'Mean': np.float64(0.6392426089436298), 'Std': np.float64(6.235258199415068)}
2024-11-17 07:14:18,501 - INFO - Candidate Std Stats: {'Max': np.float64(0.44804250075428637), 'Min': np.float64(0.0), 'Mean': np.float64(0.05198348086408467), 'Std': np.float64(0.04771306135596115)}
2024-11-17 07:14:18,502 - INFO - Top 10 Mean Stats: {'Max': np.float64(-0.14596890294675652), 'Min': np.float64(-0.21935286797802883), 'Mean': np.float64(-0.1812905125980047), 'Std': np.float64(0.023738707003619915)}
2024-11-17 07:14:18,502 - INFO - Top 10 Std Stats: {'Max': np.float64(0.4236206424961926), 'Min': np.float64(0.2995366980984618), 'Mean': np.float64(0.34884928439029195), 'Std': np.float64(0.03813631631692114)}
2024-11-17 07:14:18,502 - INFO - Bottom 10 Mean Stats: {'Max': np.float64(100.0), 'Min': np.float64(91.0), 'Mean': np.float64(95.5), 'Std': np.float64(4.5)}
2024-11-17 07:14:18,502 - INFO - Bottom 10 Std Stats: {'Max': np.float64(0.0), 'Min': np.float64(0.0), 'Mean': np.float64(0.0), 'Std': np.float64(0.0)}
[I 2024-11-17 07:14:18,518] Trial 184 finished with value: 38.0 and parameters: {'x_0': -3, 'x_1': -3, 'x_2': 4, 'x_3': 2}. Best is trial 179 with value: 1.0.
2024-11-17 07:14:18,564 - INFO - Candidate Mean Stats: {'Max': np.float64(75.0), 'Min': np.float64(-0.25693536054512955), 'Mean': np.float64(0.44335415166319003), 'Std': np.float64(4.499763397187299)}
2024-11-17 07:14:18,565 - INFO - Candidate Std Stats: {'Max': np.float64(0.4048288859853243), 'Min': np.float64(0.0), 'Mean': np.float64(0.06347673785718104), 'Std': np.float64(0.04778458383474301)}
2024-11-17 07:14:18,566 - INFO - Top 10 Mean Stats: {'Max': np.float64(-0.12621275842044882), 'Min': np.float64(-0.25693536054512955), 'Mean': np.float64(-0.1904254123471645), 'Std': np.float64(0.042099526693765564)}
2024-11-17 07:14:18,566 - INFO - Top 10 Std Stats: {'Max': np.float64(0.3997207946893852), 'Min': np.float64(0.24476083874587), 'Mean': np.float64(0.324884716249021), 'Std': np.float64(0.039698461393088275)}
2024-11-17 07:14:18,566 - INFO - Bottom 10 Mean Stats: {'Max': np.float64(75.0), 'Min': np.float64(66.0), 'Mean': np.float64(72.0), 'Std': np.float64(3.5496478698597698)}
2024-11-17 07:14:18,566 - INFO - Bottom 10 Std Stats: {'Max': np.float64(0.0), 'Min': np.float64(0.0), 'Mean': np.float64(0.0), 'Std': np.float64(0.0)}
[I 2024-11-17 07:14:18,581] Trial 175 finished with value: 6.0 and parameters: {'x_0': -1, 'x_1': -1, 'x_2': 0, 'x_3': -2}. Best is trial 141 with value: 2.0.
2024-11-17 07:14:18,662 - INFO - Candidate Mean Stats: {'Max': np.float64(91.0), 'Min': np.float64(-0.23220961304964877), 'Mean': np.float64(0.48918228563088584), 'Std': np.float64(4.86173333680657)}
2024-11-17 07:14:18,663 - INFO - Candidate Std Stats: {'Max': np.float64(0.5394351425096878), 'Min': np.float64(0.0), 'Mean': np.float64(0.0629133892754475), 'Std': np.float64(0.04804614687360038)}
2024-11-17 07:14:18,664 - INFO - Top 10 Mean Stats: {'Max': np.float64(-0.11778665976644136), 'Min': np.float64(-0.23220961304964877), 'Mean': np.float64(-0.19557906179250034), 'Std': np.float64(0.033254419001633985)}
2024-11-17 07:14:18,664 - INFO - Top 10 Std Stats: {'Max': np.float64(0.4629078334801632), 'Min': np.float64(0.2683768725206259), 'Mean': np.float64(0.36595980377753234), 'Std': np.float64(0.05973240133852781)}
2024-11-17 07:14:18,664 - INFO - Bottom 10 Mean Stats: {'Max': np.float64(91.0), 'Min': np.float64(70.0), 'Mean': np.float64(79.2), 'Std': np.float64(7.0398863627192165)}
2024-11-17 07:14:18,664 - INFO - Bottom 10 Std Stats: {'Max': np.float64(0.0), 'Min': np.float64(0.0), 'Mean': np.float64(0.0), 'Std': np.float64(0.0)}
[I 2024-11-17 07:14:18,684] Trial 181 finished with value: 34.0 and parameters: {'x_0': 4, 'x_1': 1, 'x_2': -1, 'x_3': 4}. Best is trial 76 with value: 7.0.
2024-11-17 07:14:18,721 - INFO - Candidate Mean Stats: {'Max': np.float64(100.0), 'Min': np.float64(-0.1752217614320142), 'Mean': np.float64(0.6478380026892145), 'Std': np.float64(6.242295711449663)}
2024-11-17 07:14:18,721 - INFO - Candidate Std Stats: {'Max': np.float64(0.3856642158724471), 'Min': np.float64(0.0), 'Mean': np.float64(0.050387746249796785), 'Std': np.float64(0.04164647464394615)}
2024-11-17 07:14:18,722 - INFO - Top 10 Mean Stats: {'Max': np.float64(-0.07656396851164528), 'Min': np.float64(-0.1752217614320142), 'Mean': np.float64(-0.14920813818101847), 'Std': np.float64(0.0297843104793667)}
2024-11-17 07:14:18,723 - INFO - Top 10 Std Stats: {'Max': np.float64(0.3363336085676786), 'Min': np.float64(0.23421919170540575), 'Mean': np.float64(0.3021934191762882), 'Std': np.float64(0.03200049166603965)}
2024-11-17 07:14:18,723 - INFO - Bottom 10 Mean Stats: {'Max': np.float64(100.0), 'Min': np.float64(91.0), 'Mean': np.float64(95.5), 'Std': np.float64(4.5)}
2024-11-17 07:14:18,723 - INFO - Bottom 10 Std Stats: {'Max': np.float64(0.0), 'Min': np.float64(0.0), 'Mean': np.float64(0.0), 'Std': np.float64(0.0)}
[I 2024-11-17 07:14:18,737] Trial 185 finished with value: 18.0 and parameters: {'x_0': 1, 'x_1': 2, 'x_2': 2, 'x_3': -3}. Best is trial 179 with value: 1.0.
2024-11-17 07:14:18,870 - INFO - Candidate Mean Stats: {'Max': np.float64(75.0), 'Min': np.float64(-0.3157486772237384), 'Mean': np.float64(0.44394976521267987), 'Std': np.float64(4.499976966654545)}
2024-11-17 07:14:18,870 - INFO - Candidate Std Stats: {'Max': np.float64(0.5774270645921188), 'Min': np.float64(0.0), 'Mean': np.float64(0.06495757979550981), 'Std': np.float64(0.045973255966233945)}
2024-11-17 07:14:18,871 - INFO - Top 10 Mean Stats: {'Max': np.float64(-0.14995279885750712), 'Min': np.float64(-0.3157486772237384), 'Mean': np.float64(-0.19849204731006778), 'Std': np.float64(0.04259387308457365)}
2024-11-17 07:14:18,872 - INFO - Top 10 Std Stats: {'Max': np.float64(0.5774270645921188), 'Min': np.float64(0.3522356737028775), 'Mean': np.float64(0.41349714148283107), 'Std': np.float64(0.06115895777768616)}
2024-11-17 07:14:18,872 - INFO - Bottom 10 Mean Stats: {'Max': np.float64(75.0), 'Min': np.float64(66.0), 'Mean': np.float64(72.0), 'Std': np.float64(3.5496478698597698)}
2024-11-17 07:14:18,872 - INFO - Bottom 10 Std Stats: {'Max': np.float64(0.0), 'Min': np.float64(0.0), 'Mean': np.float64(0.0), 'Std': np.float64(0.0)}
[I 2024-11-17 07:14:18,886] Trial 176 finished with value: 23.0 and parameters: {'x_0': -1, 'x_1': 2, 'x_2': -3, 'x_3': 3}. Best is trial 141 with value: 2.0.
2024-11-17 07:14:18,927 - INFO - Candidate Mean Stats: {'Max': np.float64(91.0), 'Min': np.float64(-0.1999112130507607), 'Mean': np.float64(0.4915759650127095), 'Std': np.float64(4.86960331706851)}
2024-11-17 07:14:18,927 - INFO - Candidate Std Stats: {'Max': np.float64(0.38953474994286896), 'Min': np.float64(0.0), 'Mean': np.float64(0.0647198278840931), 'Std': np.float64(0.04488295556353564)}
2024-11-17 07:14:18,929 - INFO - Top 10 Mean Stats: {'Max': np.float64(-0.1546137662104809), 'Min': np.float64(-0.1999112130507607), 'Mean': np.float64(-0.18014937335802075), 'Std': np.float64(0.014176816934666192)}
2024-11-17 07:14:18,929 - INFO - Top 10 Std Stats: {'Max': np.float64(0.38788376898796173), 'Min': np.float64(0.26462045005658413), 'Mean': np.float64(0.3204215489362157), 'Std': np.float64(0.03764807321057334)}
2024-11-17 07:14:18,929 - INFO - Bottom 10 Mean Stats: {'Max': np.float64(91.0), 'Min': np.float64(70.0), 'Mean': np.float64(79.2), 'Std': np.float64(7.0398863627192165)}
2024-11-17 07:14:18,929 - INFO - Bottom 10 Std Stats: {'Max': np.float64(0.0), 'Min': np.float64(0.0), 'Mean': np.float64(0.0), 'Std': np.float64(0.0)}
[I 2024-11-17 07:14:18,943] Trial 182 finished with value: 46.0 and parameters: {'x_0': -2, 'x_1': -1, 'x_2': -5, 'x_3': -4}. Best is trial 76 with value: 7.0.
2024-11-17 07:14:19,024 - INFO - Candidate Mean Stats: {'Max': np.float64(100.0), 'Min': np.float64(-0.2655438170936635), 'Mean': np.float64(0.6453358143791625), 'Std': np.float64(6.244296988395688)}
2024-11-17 07:14:19,024 - INFO - Candidate Std Stats: {'Max': np.float64(0.50704583609805), 'Min': np.float64(0.0), 'Mean': np.float64(0.04916056374409352), 'Std': np.float64(0.047006050267631494)}
2024-11-17 07:14:19,025 - INFO - Top 10 Mean Stats: {'Max': np.float64(-0.15321371676310735), 'Min': np.float64(-0.2655438170936635), 'Mean': np.float64(-0.19951811678903186), 'Std': np.float64(0.032368352037456756)}
2024-11-17 07:14:19,025 - INFO - Top 10 Std Stats: {'Max': np.float64(0.50704583609805), 'Min': np.float64(0.31817383739396055), 'Mean': np.float64(0.39135077588497424), 'Std': np.float64(0.05486348489721487)}
2024-11-17 07:14:19,025 - INFO - Bottom 10 Mean Stats: {'Max': np.float64(100.0), 'Min': np.float64(91.0), 'Mean': np.float64(95.5), 'Std': np.float64(4.5)}
2024-11-17 07:14:19,026 - INFO - Bottom 10 Std Stats: {'Max': np.float64(0.0), 'Min': np.float64(0.0), 'Mean': np.float64(0.0), 'Std': np.float64(0.0)}
[I 2024-11-17 07:14:19,040] Trial 186 finished with value: 25.0 and parameters: {'x_0': 4, 'x_1': 2, 'x_2': -2, 'x_3': -1}. Best is trial 179 with value: 1.0.
2024-11-17 07:14:19,173 - INFO - Candidate Mean Stats: {'Max': np.float64(75.0), 'Min': np.float64(-0.21732134939170905), 'Mean': np.float64(0.4464907907150845), 'Std': np.float64(4.503751392671261)}
2024-11-17 07:14:19,173 - INFO - Candidate Std Stats: {'Max': np.float64(0.413495682297274), 'Min': np.float64(0.0), 'Mean': np.float64(0.0649598563999831), 'Std': np.float64(0.047588210762228376)}
2024-11-17 07:14:19,175 - INFO - Top 10 Mean Stats: {'Max': np.float64(-0.15102253523763348), 'Min': np.float64(-0.21732134939170905), 'Mean': np.float64(-0.18613768673065606), 'Std': np.float64(0.01869212962925434)}
2024-11-17 07:14:19,175 - INFO - Top 10 Std Stats: {'Max': np.float64(0.41110129148231056), 'Min': np.float64(0.3427572013812059), 'Mean': np.float64(0.370951295481974), 'Std': np.float64(0.021871583059111924)}
2024-11-17 07:14:19,175 - INFO - Bottom 10 Mean Stats: {'Max': np.float64(75.0), 'Min': np.float64(66.0), 'Mean': np.float64(72.0), 'Std': np.float64(3.5496478698597698)}
2024-11-17 07:14:19,175 - INFO - Bottom 10 Std Stats: {'Max': np.float64(0.0), 'Min': np.float64(0.0), 'Mean': np.float64(0.0), 'Std': np.float64(0.0)}
[I 2024-11-17 07:14:19,190] Trial 177 finished with value: 20.0 and parameters: {'x_0': -1, 'x_1': -3, 'x_2': -1, 'x_3': -3}. Best is trial 141 with value: 2.0.
2024-11-17 07:14:19,198 - INFO - Candidate Mean Stats: {'Max': np.float64(91.0), 'Min': np.float64(-0.23436242931793116), 'Mean': np.float64(0.49590865045770144), 'Std': np.float64(4.883981970305943)}
2024-11-17 07:14:19,198 - INFO - Candidate Std Stats: {'Max': np.float64(0.6378787899100715), 'Min': np.float64(0.0), 'Mean': np.float64(0.06169370773694435), 'Std': np.float64(0.04985490654766942)}
2024-11-17 07:14:19,199 - INFO - Top 10 Mean Stats: {'Max': np.float64(0.05445602185457542), 'Min': np.float64(-0.21877748697207636), 'Mean': np.float64(-0.1479922489114834), 'Std': np.float64(0.08654682161276155)}
2024-11-17 07:14:19,199 - INFO - Top 10 Std Stats: {'Max': np.float64(0.6261964666114257), 'Min': np.float64(0.32187071553872093), 'Mean': np.float64(0.4428659961551591), 'Std': np.float64(0.07447590424021178)}
2024-11-17 07:14:19,199 - INFO - Bottom 10 Mean Stats: {'Max': np.float64(91.0), 'Min': np.float64(70.0), 'Mean': np.float64(79.2), 'Std': np.float64(7.0398863627192165)}
2024-11-17 07:14:19,199 - INFO - Bottom 10 Std Stats: {'Max': np.float64(0.0), 'Min': np.float64(0.0), 'Mean': np.float64(0.0), 'Std': np.float64(0.0)}
[I 2024-11-17 07:14:19,213] Trial 183 finished with value: 10.0 and parameters: {'x_0': -1, 'x_1': 0, 'x_2': -3, 'x_3': 0}. Best is trial 76 with value: 7.0.
2024-11-17 07:14:19,270 - INFO - Candidate Mean Stats: {'Max': np.float64(100.0), 'Min': np.float64(-0.20617913048999434), 'Mean': np.float64(0.6484513093298748), 'Std': np.float64(6.2474008794577225)}
2024-11-17 07:14:19,270 - INFO - Candidate Std Stats: {'Max': np.float64(0.42163482138711206), 'Min': np.float64(0.0), 'Mean': np.float64(0.05181331181936626), 'Std': np.float64(0.04276865351371035)}
2024-11-17 07:14:19,271 - INFO - Top 10 Mean Stats: {'Max': np.float64(-0.09190728697122717), 'Min': np.float64(-0.20617913048999434), 'Mean': np.float64(-0.1467251075684363), 'Std': np.float64(0.0331261349594727)}
2024-11-17 07:14:19,272 - INFO - Top 10 Std Stats: {'Max': np.float64(0.3808789599033305), 'Min': np.float64(0.28253547863568695), 'Mean': np.float64(0.3283997903094405), 'Std': np.float64(0.03693225235609305)}
2024-11-17 07:14:19,272 - INFO - Bottom 10 Mean Stats: {'Max': np.float64(100.0), 'Min': np.float64(91.0), 'Mean': np.float64(95.5), 'Std': np.float64(4.5)}
2024-11-17 07:14:19,272 - INFO - Bottom 10 Std Stats: {'Max': np.float64(0.0), 'Min': np.float64(0.0), 'Mean': np.float64(0.0), 'Std': np.float64(0.0)}
[I 2024-11-17 07:14:19,286] Trial 187 finished with value: 36.0 and parameters: {'x_0': -5, 'x_1': 3, 'x_2': -1, 'x_3': 1}. Best is trial 179 with value: 1.0.
2024-11-17 07:14:19,434 - INFO - Candidate Mean Stats: {'Max': np.float64(75.0), 'Min': np.float64(-0.3592707302515068), 'Mean': np.float64(0.4463358519356665), 'Std': np.float64(4.506780806153583)}
2024-11-17 07:14:19,434 - INFO - Candidate Std Stats: {'Max': np.float64(0.5495975485438885), 'Min': np.float64(0.0), 'Mean': np.float64(0.06242214027796084), 'Std': np.float64(0.04728860802608467)}
2024-11-17 07:14:19,436 - INFO - Top 10 Mean Stats: {'Max': np.float64(-0.1540772413947588), 'Min': np.float64(-0.3592707302515068), 'Mean': np.float64(-0.2121899127242696), 'Std': np.float64(0.057555282042299497)}
2024-11-17 07:14:19,436 - INFO - Top 10 Std Stats: {'Max': np.float64(0.5495975485438885), 'Min': np.float64(0.3005886533352825), 'Mean': np.float64(0.39424827742437446), 'Std': np.float64(0.07548064941881058)}
2024-11-17 07:14:19,436 - INFO - Bottom 10 Mean Stats: {'Max': np.float64(75.0), 'Min': np.float64(66.0), 'Mean': np.float64(72.0), 'Std': np.float64(3.5496478698597698)}
2024-11-17 07:14:19,436 - INFO - Bottom 10 Std Stats: {'Max': np.float64(0.0), 'Min': np.float64(0.0), 'Mean': np.float64(0.0), 'Std': np.float64(0.0)}
[I 2024-11-17 07:14:19,450] Trial 178 finished with value: 19.0 and parameters: {'x_0': 3, 'x_1': -1, 'x_2': 3, 'x_3': 0}. Best is trial 141 with value: 2.0.
2024-11-17 07:14:19,474 - INFO - Candidate Mean Stats: {'Max': np.float64(91.0), 'Min': np.float64(-0.2330139019254228), 'Mean': np.float64(0.4954468899140387), 'Std': np.float64(4.884735304539904)}
2024-11-17 07:14:19,474 - INFO - Candidate Std Stats: {'Max': np.float64(0.514480871323018), 'Min': np.float64(0.0), 'Mean': np.float64(0.061575513840756435), 'Std': np.float64(0.05041425496040591)}
2024-11-17 07:14:19,475 - INFO - Top 10 Mean Stats: {'Max': np.float64(-0.1542431255301793), 'Min': np.float64(-0.21163726220349804), 'Mean': np.float64(-0.18598330439092808), 'Std': np.float64(0.017317370424886597)}
2024-11-17 07:14:19,475 - INFO - Top 10 Std Stats: {'Max': np.float64(0.514480871323018), 'Min': np.float64(0.34502362877908566), 'Mean': np.float64(0.40019262712857184), 'Std': np.float64(0.05367797524973887)}
2024-11-17 07:14:19,475 - INFO - Bottom 10 Mean Stats: {'Max': np.float64(91.0), 'Min': np.float64(70.0), 'Mean': np.float64(79.2), 'Std': np.float64(7.0398863627192165)}
2024-11-17 07:14:19,475 - INFO - Bottom 10 Std Stats: {'Max': np.float64(0.0), 'Min': np.float64(0.0), 'Mean': np.float64(0.0), 'Std': np.float64(0.0)}
[I 2024-11-17 07:14:19,491] Trial 184 finished with value: 22.0 and parameters: {'x_0': 0, 'x_1': -3, 'x_2': -2, 'x_3': 3}. Best is trial 76 with value: 7.0.
2024-11-17 07:14:19,520 - INFO - Candidate Mean Stats: {'Max': np.float64(100.0), 'Min': np.float64(-0.21974693687617802), 'Mean': np.float64(0.6527592892796629), 'Std': np.float64(6.254056858740958)}
2024-11-17 07:14:19,520 - INFO - Candidate Std Stats: {'Max': np.float64(0.5045930150393961), 'Min': np.float64(0.0), 'Mean': np.float64(0.04301569838997658), 'Std': np.float64(0.047828999410398434)}
2024-11-17 07:14:19,521 - INFO - Top 10 Mean Stats: {'Max': np.float64(-0.10745956339285785), 'Min': np.float64(-0.21974693687617802), 'Mean': np.float64(-0.16277427061738933), 'Std': np.float64(0.030331529639324256)}
2024-11-17 07:14:19,521 - INFO - Top 10 Std Stats: {'Max': np.float64(0.46572429394557746), 'Min': np.float64(0.2967450114543747), 'Mean': np.float64(0.3588139585308638), 'Std': np.float64(0.04637217733659582)}
2024-11-17 07:14:19,521 - INFO - Bottom 10 Mean Stats: {'Max': np.float64(100.0), 'Min': np.float64(91.0), 'Mean': np.float64(95.5), 'Std': np.float64(4.5)}
2024-11-17 07:14:19,521 - INFO - Bottom 10 Std Stats: {'Max': np.float64(0.0), 'Min': np.float64(0.0), 'Mean': np.float64(0.0), 'Std': np.float64(0.0)}
[I 2024-11-17 07:14:19,539] Trial 188 finished with value: 35.0 and parameters: {'x_0': -3, 'x_1': -1, 'x_2': 4, 'x_3': -3}. Best is trial 179 with value: 1.0.
2024-11-17 07:14:19,742 - INFO - Candidate Mean Stats: {'Max': np.float64(75.0), 'Min': np.float64(-0.2536500634211639), 'Mean': np.float64(0.4470794881131163), 'Std': np.float64(4.509456796231682)}
2024-11-17 07:14:19,742 - INFO - Candidate Std Stats: {'Max': np.float64(0.4973072894679124), 'Min': np.float64(0.0), 'Mean': np.float64(0.06334108061998936), 'Std': np.float64(0.05162481848008376)}
2024-11-17 07:14:19,744 - INFO - Top 10 Mean Stats: {'Max': np.float64(-0.1348632885759529), 'Min': np.float64(-0.2536348769648532), 'Mean': np.float64(-0.19939835996162567), 'Std': np.float64(0.0374174896166093)}
2024-11-17 07:14:19,744 - INFO - Top 10 Std Stats: {'Max': np.float64(0.47597073952998836), 'Min': np.float64(0.25436882253284376), 'Mean': np.float64(0.3630976820548068), 'Std': np.float64(0.06679669241740072)}
2024-11-17 07:14:19,744 - INFO - Bottom 10 Mean Stats: {'Max': np.float64(75.0), 'Min': np.float64(66.0), 'Mean': np.float64(72.0), 'Std': np.float64(3.5496478698597698)}
2024-11-17 07:14:19,744 - INFO - Bottom 10 Std Stats: {'Max': np.float64(0.0), 'Min': np.float64(0.0), 'Mean': np.float64(0.0), 'Std': np.float64(0.0)}
