[I 2024-11-17 07:15:24,144] Trial 463 finished with value: 18.0 and parameters: {'x_0': -1, 'x_1': 0, 'x_2': 4, 'x_3': 1}. Best is trial 362 with value: 1.0.
2024-11-17 07:15:24,162 - INFO - Candidate Mean Stats: {'Max': np.float64(100.0), 'Min': np.float64(-0.5851853626758003), 'Mean': np.float64(1.2453663666065533), 'Std': np.float64(8.172656822209941)}
2024-11-17 07:15:24,163 - INFO - Candidate Std Stats: {'Max': np.float64(0.3608524338823069), 'Min': np.float64(0.0), 'Mean': np.float64(0.032635071385705), 'Std': np.float64(0.03767845726600737)}
2024-11-17 07:15:24,164 - INFO - Top 10 Mean Stats: {'Max': np.float64(-0.16653746628142843), 'Min': np.float64(-0.5851853626758003), 'Mean': np.float64(-0.42352722231555334), 'Std': np.float64(0.14696570455290184)}
2024-11-17 07:15:24,164 - INFO - Top 10 Std Stats: {'Max': np.float64(0.24766544375072266), 'Min': np.float64(0.11248162966511369), 'Mean': np.float64(0.16153813893992178), 'Std': np.float64(0.038093838901521)}
2024-11-17 07:15:24,164 - INFO - Bottom 10 Mean Stats: {'Max': np.float64(100.0), 'Min': np.float64(91.0), 'Mean': np.float64(95.5), 'Std': np.float64(4.5)}
2024-11-17 07:15:24,164 - INFO - Bottom 10 Std Stats: {'Max': np.float64(0.0), 'Min': np.float64(0.0), 'Mean': np.float64(0.0), 'Std': np.float64(0.0)}
[I 2024-11-17 07:15:24,180] Trial 458 finished with value: 21.0 and parameters: {'x_0': 0, 'x_1': 1, 'x_2': -2, 'x_3': 4}. Best is trial 179 with value: 1.0.
2024-11-17 07:15:24,275 - INFO - Candidate Mean Stats: {'Max': np.float64(91.0), 'Min': np.float64(-0.48120106596370044), 'Mean': np.float64(0.9186915921981429), 'Std': np.float64(6.66725698953645)}
2024-11-17 07:15:24,276 - INFO - Candidate Std Stats: {'Max': np.float64(0.7426819407596124), 'Min': np.float64(0.0), 'Mean': np.float64(0.03460050214568529), 'Std': np.float64(0.043624323721994124)}
2024-11-17 07:15:24,277 - INFO - Top 10 Mean Stats: {'Max': np.float64(-0.389824145671658), 'Min': np.float64(-0.48120106596370044), 'Mean': np.float64(-0.4476874431033407), 'Std': np.float64(0.025569074788897507)}
2024-11-17 07:15:24,277 - INFO - Top 10 Std Stats: {'Max': np.float64(0.2130223907059778), 'Min': np.float64(0.08410566896529109), 'Mean': np.float64(0.1510484008902556), 'Std': np.float64(0.048827359225144515)}
2024-11-17 07:15:24,277 - INFO - Bottom 10 Mean Stats: {'Max': np.float64(91.0), 'Min': np.float64(76.0), 'Mean': np.float64(83.4), 'Std': np.float64(4.2708313008125245)}
2024-11-17 07:15:24,277 - INFO - Bottom 10 Std Stats: {'Max': np.float64(0.0), 'Min': np.float64(0.0), 'Mean': np.float64(0.0), 'Std': np.float64(0.0)}
[I 2024-11-17 07:15:24,296] Trial 402 finished with value: 10.0 and parameters: {'x_0': 0, 'x_1': -3, 'x_2': 1, 'x_3': 0}. Best is trial 320 with value: 0.0.
2024-11-17 07:15:24,307 - INFO - Candidate Mean Stats: {'Max': np.float64(100.0), 'Min': np.float64(-0.22732790061945626), 'Mean': np.float64(1.0963629716688672), 'Std': np.float64(7.428446368033257)}
2024-11-17 07:15:24,307 - INFO - Candidate Std Stats: {'Max': np.float64(0.5501687594704259), 'Min': np.float64(0.0), 'Mean': np.float64(0.024735536222816937), 'Std': np.float64(0.033198768318745554)}
2024-11-17 07:15:24,308 - INFO - Top 10 Mean Stats: {'Max': np.float64(-0.1807857857918701), 'Min': np.float64(-0.22732790061945626), 'Mean': np.float64(-0.2038338156005699), 'Std': np.float64(0.02052653143614578)}
2024-11-17 07:15:24,308 - INFO - Top 10 Std Stats: {'Max': np.float64(0.21726269802978943), 'Min': np.float64(0.17728852084564967), 'Mean': np.float64(0.1975559907386073), 'Std': np.float64(0.012470900597867337)}
2024-11-17 07:15:24,309 - INFO - Bottom 10 Mean Stats: {'Max': np.float64(100.0), 'Min': np.float64(91.0), 'Mean': np.float64(93.7), 'Std': np.float64(4.124318125460256)}
2024-11-17 07:15:24,309 - INFO - Bottom 10 Std Stats: {'Max': np.float64(0.0), 'Min': np.float64(0.0), 'Mean': np.float64(0.0), 'Std': np.float64(0.0)}
[I 2024-11-17 07:15:24,330] Trial 464 finished with value: 27.0 and parameters: {'x_0': -1, 'x_1': 0, 'x_2': -5, 'x_3': -1}. Best is trial 362 with value: 1.0.
2024-11-17 07:15:24,334 - INFO - Candidate Mean Stats: {'Max': np.float64(100.0), 'Min': np.float64(-0.4984055772500507), 'Mean': np.float64(1.255182680778741), 'Std': np.float64(8.173037885276555)}
2024-11-17 07:15:24,334 - INFO - Candidate Std Stats: {'Max': np.float64(0.2710444489238432), 'Min': np.float64(0.0), 'Mean': np.float64(0.022046325129539752), 'Std': np.float64(0.02977930014782624)}
2024-11-17 07:15:24,336 - INFO - Top 10 Mean Stats: {'Max': np.float64(-0.1263943168137734), 'Min': np.float64(-0.4984055772500507), 'Mean': np.float64(-0.29703117754036196), 'Std': np.float64(0.16291013201609456)}
2024-11-17 07:15:24,336 - INFO - Top 10 Std Stats: {'Max': np.float64(0.2710444489238432), 'Min': np.float64(0.09831814259057452), 'Mean': np.float64(0.1881718591315497), 'Std': np.float64(0.06780875343951857)}
2024-11-17 07:15:24,336 - INFO - Bottom 10 Mean Stats: {'Max': np.float64(100.0), 'Min': np.float64(91.0), 'Mean': np.float64(95.5), 'Std': np.float64(4.5)}
2024-11-17 07:15:24,336 - INFO - Bottom 10 Std Stats: {'Max': np.float64(0.0), 'Min': np.float64(0.0), 'Mean': np.float64(0.0), 'Std': np.float64(0.0)}
[I 2024-11-17 07:15:24,354] Trial 459 finished with value: 21.0 and parameters: {'x_0': 0, 'x_1': -1, 'x_2': -2, 'x_3': 4}. Best is trial 179 with value: 1.0.
2024-11-17 07:15:24,462 - INFO - Candidate Mean Stats: {'Max': np.float64(100.0), 'Min': np.float64(-0.3418740159278465), 'Mean': np.float64(1.0949284656571616), 'Std': np.float64(7.431980542244182)}
2024-11-17 07:15:24,463 - INFO - Candidate Std Stats: {'Max': np.float64(0.4236140021462118), 'Min': np.float64(0.0), 'Mean': np.float64(0.029634771644084994), 'Std': np.float64(0.037387110762936104)}
2024-11-17 07:15:24,464 - INFO - Top 10 Mean Stats: {'Max': np.float64(-0.08633808733266543), 'Min': np.float64(-0.3418740159278465), 'Mean': np.float64(-0.2469835331368003), 'Std': np.float64(0.09300268401462637)}
2024-11-17 07:15:24,464 - INFO - Top 10 Std Stats: {'Max': np.float64(0.4021092452240501), 'Min': np.float64(0.08496204638016448), 'Mean': np.float64(0.20236793527724145), 'Std': np.float64(0.1214454110095354)}
2024-11-17 07:15:24,464 - INFO - Bottom 10 Mean Stats: {'Max': np.float64(100.0), 'Min': np.float64(91.0), 'Mean': np.float64(93.7), 'Std': np.float64(4.124318125460256)}
2024-11-17 07:15:24,464 - INFO - Bottom 10 Std Stats: {'Max': np.float64(0.0), 'Min': np.float64(0.0), 'Mean': np.float64(0.0), 'Std': np.float64(0.0)}
2024-11-17 07:15:24,478 - INFO - Candidate Mean Stats: {'Max': np.float64(100.0), 'Min': np.float64(-0.48353156049439383), 'Mean': np.float64(1.2549925779215534), 'Std': np.float64(8.174904951051566)}
2024-11-17 07:15:24,478 - INFO - Candidate Std Stats: {'Max': np.float64(0.2930664458035049), 'Min': np.float64(0.0), 'Mean': np.float64(0.024693580333947456), 'Std': np.float64(0.03256165921187825)}
2024-11-17 07:15:24,480 - INFO - Top 10 Mean Stats: {'Max': np.float64(-0.1579122708112145), 'Min': np.float64(-0.48353156049439383), 'Mean': np.float64(-0.2719984885718387), 'Std': np.float64(0.12160432787295712)}
2024-11-17 07:15:24,480 - INFO - Top 10 Std Stats: {'Max': np.float64(0.28083427657285537), 'Min': np.float64(0.07530258342476677), 'Mean': np.float64(0.19632292655438283), 'Std': np.float64(0.07519139875385186)}
2024-11-17 07:15:24,480 - INFO - Bottom 10 Mean Stats: {'Max': np.float64(100.0), 'Min': np.float64(91.0), 'Mean': np.float64(95.5), 'Std': np.float64(4.5)}
2024-11-17 07:15:24,480 - INFO - Bottom 10 Std Stats: {'Max': np.float64(0.0), 'Min': np.float64(0.0), 'Mean': np.float64(0.0), 'Std': np.float64(0.0)}
[I 2024-11-17 07:15:24,482] Trial 465 finished with value: 49.0 and parameters: {'x_0': -1, 'x_1': -4, 'x_2': -4, 'x_3': 4}. Best is trial 362 with value: 1.0.
[I 2024-11-17 07:15:24,496] Trial 460 finished with value: 21.0 and parameters: {'x_0': 0, 'x_1': -1, 'x_2': 2, 'x_3': 4}. Best is trial 179 with value: 1.0.
2024-11-17 07:15:24,519 - INFO - Candidate Mean Stats: {'Max': np.float64(91.0), 'Min': np.float64(-0.5263675710071236), 'Mean': np.float64(0.9195764823665801), 'Std': np.float64(6.667623261709936)}
2024-11-17 07:15:24,520 - INFO - Candidate Std Stats: {'Max': np.float64(0.8816801740425388), 'Min': np.float64(0.0), 'Mean': np.float64(0.035230954581493286), 'Std': np.float64(0.0470394651140461)}
2024-11-17 07:15:24,521 - INFO - Top 10 Mean Stats: {'Max': np.float64(0.04993724804943732), 'Min': np.float64(-0.5263675710071236), 'Mean': np.float64(-0.31537469539252294), 'Std': np.float64(0.19749891946411174)}
2024-11-17 07:15:24,521 - INFO - Top 10 Std Stats: {'Max': np.float64(0.845504351953837), 'Min': np.float64(0.06953830978250757), 'Mean': np.float64(0.2954148094750402), 'Std': np.float64(0.24896526616550607)}
2024-11-17 07:15:24,521 - INFO - Bottom 10 Mean Stats: {'Max': np.float64(91.0), 'Min': np.float64(76.0), 'Mean': np.float64(83.4), 'Std': np.float64(4.2708313008125245)}
2024-11-17 07:15:24,521 - INFO - Bottom 10 Std Stats: {'Max': np.float64(0.0), 'Min': np.float64(0.0), 'Mean': np.float64(0.0), 'Std': np.float64(0.0)}
[I 2024-11-17 07:15:24,539] Trial 403 finished with value: 91.0 and parameters: {'x_0': 5, 'x_1': 5, 'x_2': -5, 'x_3': -4}. Best is trial 320 with value: 0.0.
2024-11-17 07:15:24,626 - INFO - Candidate Mean Stats: {'Max': np.float64(100.0), 'Min': np.float64(-0.5725442699396918), 'Mean': np.float64(1.2579290545378388), 'Std': np.float64(8.176329056642974)}
2024-11-17 07:15:24,626 - INFO - Candidate Std Stats: {'Max': np.float64(0.3197687816434162), 'Min': np.float64(0.0), 'Mean': np.float64(0.024105386271128335), 'Std': np.float64(0.0315515985197682)}
2024-11-17 07:15:24,628 - INFO - Top 10 Mean Stats: {'Max': np.float64(-0.36521471392615146), 'Min': np.float64(-0.5725442699396918), 'Mean': np.float64(-0.4422024866541262), 'Std': np.float64(0.0575381413464025)}
2024-11-17 07:15:24,628 - INFO - Top 10 Std Stats: {'Max': np.float64(0.3197687816434162), 'Min': np.float64(0.10236641000654607), 'Mean': np.float64(0.2203604779327668), 'Std': np.float64(0.0753501557650678)}
2024-11-17 07:15:24,628 - INFO - Bottom 10 Mean Stats: {'Max': np.float64(100.0), 'Min': np.float64(91.0), 'Mean': np.float64(95.5), 'Std': np.float64(4.5)}
2024-11-17 07:15:24,628 - INFO - Bottom 10 Std Stats: {'Max': np.float64(0.0), 'Min': np.float64(0.0), 'Mean': np.float64(0.0), 'Std': np.float64(0.0)}
[I 2024-11-17 07:15:24,646] Trial 461 finished with value: 30.0 and parameters: {'x_0': 0, 'x_1': 1, 'x_2': -5, 'x_3': 2}. Best is trial 179 with value: 1.0.
2024-11-17 07:15:24,699 - INFO - Candidate Mean Stats: {'Max': np.float64(100.0), 'Min': np.float64(-0.19262511505336366), 'Mean': np.float64(1.092137793231239), 'Std': np.float64(7.44338541866771)}
2024-11-17 07:15:24,700 - INFO - Candidate Std Stats: {'Max': np.float64(0.5137396627368123), 'Min': np.float64(0.0), 'Mean': np.float64(0.037714318246378), 'Std': np.float64(0.04036385535434821)}
2024-11-17 07:15:24,701 - INFO - Top 10 Mean Stats: {'Max': np.float64(-0.11217167642406034), 'Min': np.float64(-0.17723283584533556), 'Mean': np.float64(-0.14017777793856942), 'Std': np.float64(0.021373458098774504)}
2024-11-17 07:15:24,701 - INFO - Top 10 Std Stats: {'Max': np.float64(0.31176853688859824), 'Min': np.float64(0.18534676574451425), 'Mean': np.float64(0.24159860630226576), 'Std': np.float64(0.04321416140559572)}
2024-11-17 07:15:24,701 - INFO - Bottom 10 Mean Stats: {'Max': np.float64(100.0), 'Min': np.float64(91.0), 'Mean': np.float64(93.7), 'Std': np.float64(4.124318125460256)}
2024-11-17 07:15:24,701 - INFO - Bottom 10 Std Stats: {'Max': np.float64(0.0), 'Min': np.float64(0.0), 'Mean': np.float64(0.0), 'Std': np.float64(0.0)}
[I 2024-11-17 07:15:24,718] Trial 466 finished with value: 42.0 and parameters: {'x_0': 1, 'x_1': 3, 'x_2': -4, 'x_3': -4}. Best is trial 362 with value: 1.0.
2024-11-17 07:15:24,768 - INFO - Candidate Mean Stats: {'Max': np.float64(91.0), 'Min': np.float64(-0.5774261955726301), 'Mean': np.float64(0.925590436156648), 'Std': np.float64(6.70906418574089)}
2024-11-17 07:15:24,768 - INFO - Candidate Std Stats: {'Max': np.float64(0.6375911571977713), 'Min': np.float64(0.0), 'Mean': np.float64(0.0372729612838882), 'Std': np.float64(0.04659419999055666)}
2024-11-17 07:15:24,770 - INFO - Top 10 Mean Stats: {'Max': np.float64(-0.08511853651984595), 'Min': np.float64(-0.5774261955726301), 'Mean': np.float64(-0.37729362360855856), 'Std': np.float64(0.16449304358463496)}
2024-11-17 07:15:24,770 - INFO - Top 10 Std Stats: {'Max': np.float64(0.5987881091038375), 'Min': np.float64(0.07287839227424947), 'Mean': np.float64(0.30042129127274186), 'Std': np.float64(0.221355052012622)}
2024-11-17 07:15:24,770 - INFO - Bottom 10 Mean Stats: {'Max': np.float64(91.0), 'Min': np.float64(82.0), 'Mean': np.float64(84.9), 'Std': np.float64(4.036087214122113)}
2024-11-17 07:15:24,770 - INFO - Bottom 10 Std Stats: {'Max': np.float64(0.0), 'Min': np.float64(0.0), 'Mean': np.float64(0.0), 'Std': np.float64(0.0)}
[I 2024-11-17 07:15:24,790] Trial 404 finished with value: 82.0 and parameters: {'x_0': 5, 'x_1': -5, 'x_2': 4, 'x_3': 4}. Best is trial 320 with value: 0.0.
2024-11-17 07:15:24,808 - INFO - Candidate Mean Stats: {'Max': np.float64(100.0), 'Min': np.float64(-0.5953360020116476), 'Mean': np.float64(1.2580374233535656), 'Std': np.float64(8.180059079443788)}
2024-11-17 07:15:24,808 - INFO - Candidate Std Stats: {'Max': np.float64(0.353863572131266), 'Min': np.float64(0.0), 'Mean': np.float64(0.024332825360200882), 'Std': np.float64(0.031885818974541985)}
2024-11-17 07:15:24,810 - INFO - Top 10 Mean Stats: {'Max': np.float64(-0.2517513473440469), 'Min': np.float64(-0.5953360020116476), 'Mean': np.float64(-0.3477974310285193), 'Std': np.float64(0.12147414670564848)}
2024-11-17 07:15:24,810 - INFO - Top 10 Std Stats: {'Max': np.float64(0.353863572131266), 'Min': np.float64(0.038575948041960774), 'Mean': np.float64(0.23032753562991165), 'Std': np.float64(0.11956057105289843)}
2024-11-17 07:15:24,810 - INFO - Bottom 10 Mean Stats: {'Max': np.float64(100.0), 'Min': np.float64(91.0), 'Mean': np.float64(95.5), 'Std': np.float64(4.5)}
2024-11-17 07:15:24,810 - INFO - Bottom 10 Std Stats: {'Max': np.float64(0.0), 'Min': np.float64(0.0), 'Mean': np.float64(0.0), 'Std': np.float64(0.0)}
[I 2024-11-17 07:15:24,826] Trial 462 finished with value: 26.0 and parameters: {'x_0': 0, 'x_1': 1, 'x_2': 0, 'x_3': 5}. Best is trial 179 with value: 1.0.
2024-11-17 07:15:24,849 - INFO - Candidate Mean Stats: {'Max': np.float64(100.0), 'Min': np.float64(-0.23418547402458123), 'Mean': np.float64(1.1020987440286327), 'Std': np.float64(7.450063081927875)}
2024-11-17 07:15:24,849 - INFO - Candidate Std Stats: {'Max': np.float64(0.713839530962982), 'Min': np.float64(0.0), 'Mean': np.float64(0.02753823777205515), 'Std': np.float64(0.03877616541120418)}
2024-11-17 07:15:24,850 - INFO - Top 10 Mean Stats: {'Max': np.float64(-0.19872316848432167), 'Min': np.float64(-0.22102115184109836), 'Mean': np.float64(-0.2097057416044216), 'Std': np.float64(0.006340580926950877)}
2024-11-17 07:15:24,850 - INFO - Top 10 Std Stats: {'Max': np.float64(0.3099887138830881), 'Min': np.float64(0.26038784778215074), 'Mean': np.float64(0.2832293744651305), 'Std': np.float64(0.013694430644040563)}
2024-11-17 07:15:24,851 - INFO - Bottom 10 Mean Stats: {'Max': np.float64(100.0), 'Min': np.float64(91.0), 'Mean': np.float64(93.7), 'Std': np.float64(4.124318125460256)}
2024-11-17 07:15:24,851 - INFO - Bottom 10 Std Stats: {'Max': np.float64(0.0), 'Min': np.float64(0.0), 'Mean': np.float64(0.0), 'Std': np.float64(0.0)}
[I 2024-11-17 07:15:24,868] Trial 467 finished with value: 10.0 and parameters: {'x_0': -1, 'x_1': 3, 'x_2': 0, 'x_3': 0}. Best is trial 362 with value: 1.0.
2024-11-17 07:15:24,995 - INFO - Candidate Mean Stats: {'Max': np.float64(100.0), 'Min': np.float64(-0.641833871980882), 'Mean': np.float64(1.2570963928311123), 'Std': np.float64(8.182970747232176)}
2024-11-17 07:15:24,995 - INFO - Candidate Std Stats: {'Max': np.float64(0.3368592032786172), 'Min': np.float64(0.0), 'Mean': np.float64(0.031776933526685154), 'Std': np.float64(0.037600269295050906)}
2024-11-17 07:15:24,997 - INFO - Top 10 Mean Stats: {'Max': np.float64(-0.13311891200526443), 'Min': np.float64(-0.641833871980882), 'Mean': np.float64(-0.3913197468210447), 'Std': np.float64(0.1339545173155141)}
2024-11-17 07:15:24,997 - INFO - Top 10 Std Stats: {'Max': np.float64(0.31833316040075554), 'Min': np.float64(0.08791160571335799), 'Mean': np.float64(0.14675596251891468), 'Std': np.float64(0.0617285665311079)}
2024-11-17 07:15:24,997 - INFO - Bottom 10 Mean Stats: {'Max': np.float64(100.0), 'Min': np.float64(91.0), 'Mean': np.float64(95.5), 'Std': np.float64(4.5)}
2024-11-17 07:15:24,997 - INFO - Bottom 10 Std Stats: {'Max': np.float64(0.0), 'Min': np.float64(0.0), 'Mean': np.float64(0.0), 'Std': np.float64(0.0)}
2024-11-17 07:15:25,000 - INFO - Candidate Mean Stats: {'Max': np.float64(91.0), 'Min': np.float64(-0.5070618990368478), 'Mean': np.float64(0.9352834342868364), 'Std': np.float64(6.741872531848102)}
2024-11-17 07:15:25,000 - INFO - Candidate Std Stats: {'Max': np.float64(0.5301352915843872), 'Min': np.float64(0.0), 'Mean': np.float64(0.03559618227006016), 'Std': np.float64(0.04376079278017059)}
2024-11-17 07:15:25,002 - INFO - Top 10 Mean Stats: {'Max': np.float64(-0.13999582320640364), 'Min': np.float64(-0.5070618990368478), 'Mean': np.float64(-0.3783301484955982), 'Std': np.float64(0.12144629955476918)}
2024-11-17 07:15:25,002 - INFO - Top 10 Std Stats: {'Max': np.float64(0.3913358290910032), 'Min': np.float64(0.09854408894721234), 'Mean': np.float64(0.23542818608157784), 'Std': np.float64(0.08754752481357951)}
2024-11-17 07:15:25,002 - INFO - Bottom 10 Mean Stats: {'Max': np.float64(91.0), 'Min': np.float64(82.0), 'Mean': np.float64(84.9), 'Std': np.float64(4.036087214122113)}
2024-11-17 07:15:25,002 - INFO - Bottom 10 Std Stats: {'Max': np.float64(0.0), 'Min': np.float64(0.0), 'Mean': np.float64(0.0), 'Std': np.float64(0.0)}
[I 2024-11-17 07:15:25,020] Trial 405 finished with value: 11.0 and parameters: {'x_0': 1, 'x_1': -3, 'x_2': 1, 'x_3': 0}. Best is trial 320 with value: 0.0.
[I 2024-11-17 07:15:25,020] Trial 463 finished with value: 21.0 and parameters: {'x_0': 0, 'x_1': 1, 'x_2': 2, 'x_3': 4}. Best is trial 179 with value: 1.0.
2024-11-17 07:15:25,120 - INFO - Candidate Mean Stats: {'Max': np.float64(100.0), 'Min': np.float64(-0.2243402374812185), 'Mean': np.float64(1.0874379426799854), 'Std': np.float64(7.452585911486503)}
2024-11-17 07:15:25,120 - INFO - Candidate Std Stats: {'Max': np.float64(0.4121012704320516), 'Min': np.float64(0.0), 'Mean': np.float64(0.0441893710353771), 'Std': np.float64(0.04084617544404174)}
2024-11-17 07:15:25,122 - INFO - Top 10 Mean Stats: {'Max': np.float64(-0.11313405338923874), 'Min': np.float64(-0.1814647586665185), 'Mean': np.float64(-0.13915911234336215), 'Std': np.float64(0.02032790141462626)}
2024-11-17 07:15:25,122 - INFO - Top 10 Std Stats: {'Max': np.float64(0.2990647802145261), 'Min': np.float64(0.2203410791410254), 'Mean': np.float64(0.25550230506274485), 'Std': np.float64(0.027423456364266154)}
2024-11-17 07:15:25,122 - INFO - Bottom 10 Mean Stats: {'Max': np.float64(100.0), 'Min': np.float64(91.0), 'Mean': np.float64(93.7), 'Std': np.float64(4.124318125460256)}
2024-11-17 07:15:25,122 - INFO - Bottom 10 Std Stats: {'Max': np.float64(0.0), 'Min': np.float64(0.0), 'Mean': np.float64(0.0), 'Std': np.float64(0.0)}
[I 2024-11-17 07:15:25,141] Trial 468 finished with value: 42.0 and parameters: {'x_0': -1, 'x_1': -3, 'x_2': -4, 'x_3': 4}. Best is trial 362 with value: 1.0.
2024-11-17 07:15:25,143 - INFO - Candidate Mean Stats: {'Max': np.float64(100.0), 'Min': np.float64(-0.4477955852046606), 'Mean': np.float64(1.2637772273626844), 'Std': np.float64(8.183836198099648)}
2024-11-17 07:15:25,143 - INFO - Candidate Std Stats: {'Max': np.float64(0.2784758981645341), 'Min': np.float64(0.0), 'Mean': np.float64(0.022522626685439043), 'Std': np.float64(0.030018538066776124)}
2024-11-17 07:15:25,144 - INFO - Top 10 Mean Stats: {'Max': np.float64(-0.10300776161616632), 'Min': np.float64(-0.4477955852046606), 'Mean': np.float64(-0.2911442324325947), 'Std': np.float64(0.09432071594421972)}
2024-11-17 07:15:25,145 - INFO - Top 10 Std Stats: {'Max': np.float64(0.2784758981645341), 'Min': np.float64(0.041827548051281145), 'Mean': np.float64(0.13405232955666585), 'Std': np.float64(0.0614297853261838)}
2024-11-17 07:15:25,145 - INFO - Bottom 10 Mean Stats: {'Max': np.float64(100.0), 'Min': np.float64(91.0), 'Mean': np.float64(95.5), 'Std': np.float64(4.5)}
2024-11-17 07:15:25,145 - INFO - Bottom 10 Std Stats: {'Max': np.float64(0.0), 'Min': np.float64(0.0), 'Mean': np.float64(0.0), 'Std': np.float64(0.0)}
