[I 2024-11-17 07:13:47,049] Trial 55 finished with value: 28.0 and parameters: {'x_0': 5, 'x_1': 1, 'x_2': 1, 'x_3': 1}. Best is trial 7 with value: 6.0.
2024-11-17 07:13:47,138 - INFO - Candidate Mean Stats: {'Max': np.float64(84.0), 'Min': np.float64(-0.21301194308088975), 'Mean': np.float64(0.15453546324711911), 'Std': np.float64(2.721962155006546)}
2024-11-17 07:13:47,139 - INFO - Candidate Std Stats: {'Max': np.float64(0.6418782549741958), 'Min': np.float64(0.0), 'Mean': np.float64(0.06339717183151784), 'Std': np.float64(0.04935106241344937)}
2024-11-17 07:13:47,140 - INFO - Top 10 Mean Stats: {'Max': np.float64(-0.011874641350082826), 'Min': np.float64(-0.21301194308088975), 'Mean': np.float64(-0.1638037210674371), 'Std': np.float64(0.05571771786110226)}
2024-11-17 07:13:47,140 - INFO - Top 10 Std Stats: {'Max': np.float64(0.591299290598424), 'Min': np.float64(0.3538460766459387), 'Mean': np.float64(0.4235939963262637), 'Std': np.float64(0.07141303395072)}
2024-11-17 07:13:47,140 - INFO - Bottom 10 Mean Stats: {'Max': np.float64(84.0), 'Min': np.float64(59.0), 'Mean': np.float64(68.9), 'Std': np.float64(7.555792479945437)}
2024-11-17 07:13:47,140 - INFO - Bottom 10 Std Stats: {'Max': np.float64(0.0), 'Min': np.float64(0.0), 'Mean': np.float64(0.0), 'Std': np.float64(0.0)}
[I 2024-11-17 07:13:47,152] Trial 58 finished with value: 75.0 and parameters: {'x_0': -5, 'x_1': -4, 'x_2': -5, 'x_3': -3}. Best is trial 56 with value: 11.0.
2024-11-17 07:13:47,203 - INFO - Candidate Mean Stats: {'Max': np.float64(91.0), 'Min': np.float64(-0.24519728468675844), 'Mean': np.float64(0.15281903282471082), 'Std': np.float64(2.6646397987384822)}
2024-11-17 07:13:47,203 - INFO - Candidate Std Stats: {'Max': np.float64(0.5483277477231455), 'Min': np.float64(0.0), 'Mean': np.float64(0.06513314583895315), 'Std': np.float64(0.04631446060430007)}
2024-11-17 07:13:47,204 - INFO - Top 10 Mean Stats: {'Max': np.float64(-0.15272223506216187), 'Min': np.float64(-0.24519728468675844), 'Mean': np.float64(-0.20545353695383484), 'Std': np.float64(0.029492854113220453)}
2024-11-17 07:13:47,204 - INFO - Top 10 Std Stats: {'Max': np.float64(0.5483277477231455), 'Min': np.float64(0.27368423718903484), 'Mean': np.float64(0.3965440653043438), 'Std': np.float64(0.08184248494249527)}
2024-11-17 07:13:47,204 - INFO - Bottom 10 Mean Stats: {'Max': np.float64(91.0), 'Min': np.float64(52.0), 'Mean': np.float64(66.5), 'Std': np.float64(13.720422734012244)}
2024-11-17 07:13:47,204 - INFO - Bottom 10 Std Stats: {'Max': np.float64(0.0), 'Min': np.float64(0.0), 'Mean': np.float64(0.0), 'Std': np.float64(0.0)}
[I 2024-11-17 07:13:47,218] Trial 58 finished with value: 50.0 and parameters: {'x_0': -5, 'x_1': -4, 'x_2': 0, 'x_3': 3}. Best is trial 39 with value: 11.0.
2024-11-17 07:13:47,316 - INFO - Candidate Mean Stats: {'Max': np.float64(75.0), 'Min': np.float64(-0.22931060014707666), 'Mean': np.float64(0.14238348203311635), 'Std': np.float64(2.5408937260844016)}
2024-11-17 07:13:47,316 - INFO - Candidate Std Stats: {'Max': np.float64(0.44888108507468855), 'Min': np.float64(0.0), 'Mean': np.float64(0.06256721314805243), 'Std': np.float64(0.04807441391480733)}
2024-11-17 07:13:47,317 - INFO - Top 10 Mean Stats: {'Max': np.float64(-0.17152771077312298), 'Min': np.float64(-0.22931060014707666), 'Mean': np.float64(-0.19726308599359937), 'Std': np.float64(0.018388930107530475)}
2024-11-17 07:13:47,317 - INFO - Top 10 Std Stats: {'Max': np.float64(0.41500062582759667), 'Min': np.float64(0.27827179134865443), 'Mean': np.float64(0.3474550642663817), 'Std': np.float64(0.03564655750036972)}
2024-11-17 07:13:47,318 - INFO - Bottom 10 Mean Stats: {'Max': np.float64(75.0), 'Min': np.float64(55.0), 'Mean': np.float64(61.8), 'Std': np.float64(6.11228271597445)}
2024-11-17 07:13:47,318 - INFO - Bottom 10 Std Stats: {'Max': np.float64(0.0), 'Min': np.float64(0.0), 'Mean': np.float64(0.0), 'Std': np.float64(0.0)}
[I 2024-11-17 07:13:47,333] Trial 56 finished with value: 38.0 and parameters: {'x_0': -3, 'x_1': 4, 'x_2': 2, 'x_3': 3}. Best is trial 7 with value: 6.0.
2024-11-17 07:13:47,369 - INFO - Candidate Mean Stats: {'Max': np.float64(84.0), 'Min': np.float64(-0.3012714015559927), 'Mean': np.float64(0.1593298425845564), 'Std': np.float64(2.7913753649767825)}
2024-11-17 07:13:47,369 - INFO - Candidate Std Stats: {'Max': np.float64(0.895371401142797), 'Min': np.float64(0.0), 'Mean': np.float64(0.06359292792555615), 'Std': np.float64(0.0481331920690634)}
2024-11-17 07:13:47,370 - INFO - Top 10 Mean Stats: {'Max': np.float64(-0.17314149991983335), 'Min': np.float64(-0.3012714015559927), 'Mean': np.float64(-0.21025885040412318), 'Std': np.float64(0.03557530898235838)}
2024-11-17 07:13:47,370 - INFO - Top 10 Std Stats: {'Max': np.float64(0.6038496341455288), 'Min': np.float64(0.3137244298645582), 'Mean': np.float64(0.4064761972026682), 'Std': np.float64(0.10273476328880604)}
2024-11-17 07:13:47,370 - INFO - Bottom 10 Mean Stats: {'Max': np.float64(84.0), 'Min': np.float64(63.0), 'Mean': np.float64(70.5), 'Std': np.float64(6.960603422117942)}
2024-11-17 07:13:47,370 - INFO - Bottom 10 Std Stats: {'Max': np.float64(0.0), 'Min': np.float64(0.0), 'Mean': np.float64(0.0), 'Std': np.float64(0.0)}
[I 2024-11-17 07:13:47,392] Trial 59 finished with value: 14.0 and parameters: {'x_0': -1, 'x_1': -2, 'x_2': -3, 'x_3': 0}. Best is trial 56 with value: 11.0.
2024-11-17 07:13:47,504 - INFO - Candidate Mean Stats: {'Max': np.float64(91.0), 'Min': np.float64(-0.317920314121596), 'Mean': np.float64(0.1574023089392183), 'Std': np.float64(2.696238029916054)}
2024-11-17 07:13:47,504 - INFO - Candidate Std Stats: {'Max': np.float64(0.562967149006902), 'Min': np.float64(0.0), 'Mean': np.float64(0.06523914450302984), 'Std': np.float64(0.04640307008720824)}
2024-11-17 07:13:47,506 - INFO - Top 10 Mean Stats: {'Max': np.float64(-0.16705159222215443), 'Min': np.float64(-0.317920314121596), 'Mean': np.float64(-0.21848480302436496), 'Std': np.float64(0.03988292483280392)}
2024-11-17 07:13:47,506 - INFO - Top 10 Std Stats: {'Max': np.float64(0.562967149006902), 'Min': np.float64(0.32398863014140533), 'Mean': np.float64(0.40644358585917706), 'Std': np.float64(0.07846754018430163)}
2024-11-17 07:13:47,506 - INFO - Bottom 10 Mean Stats: {'Max': np.float64(91.0), 'Min': np.float64(52.0), 'Mean': np.float64(66.5), 'Std': np.float64(13.720422734012244)}
2024-11-17 07:13:47,506 - INFO - Bottom 10 Std Stats: {'Max': np.float64(0.0), 'Min': np.float64(0.0), 'Mean': np.float64(0.0), 'Std': np.float64(0.0)}
[I 2024-11-17 07:13:47,522] Trial 59 finished with value: 42.0 and parameters: {'x_0': 2, 'x_1': -5, 'x_2': 3, 'x_3': 2}. Best is trial 39 with value: 11.0.
2024-11-17 07:13:47,563 - INFO - Candidate Mean Stats: {'Max': np.float64(75.0), 'Min': np.float64(-0.28416332923786913), 'Mean': np.float64(0.14493428322760246), 'Std': np.float64(2.560095543295848)}
2024-11-17 07:13:47,563 - INFO - Candidate Std Stats: {'Max': np.float64(0.5023294234257887), 'Min': np.float64(0.0), 'Mean': np.float64(0.06345519724544813), 'Std': np.float64(0.04923086984861535)}
2024-11-17 07:13:47,564 - INFO - Top 10 Mean Stats: {'Max': np.float64(-0.1690454947577792), 'Min': np.float64(-0.28416332923786913), 'Mean': np.float64(-0.20989524590849826), 'Std': np.float64(0.035273150102654104)}
2024-11-17 07:13:47,564 - INFO - Top 10 Std Stats: {'Max': np.float64(0.5023294234257887), 'Min': np.float64(0.2853088711702098), 'Mean': np.float64(0.39080252291779627), 'Std': np.float64(0.061214930001694076)}
2024-11-17 07:13:47,565 - INFO - Bottom 10 Mean Stats: {'Max': np.float64(75.0), 'Min': np.float64(55.0), 'Mean': np.float64(61.8), 'Std': np.float64(6.11228271597445)}
2024-11-17 07:13:47,565 - INFO - Bottom 10 Std Stats: {'Max': np.float64(0.0), 'Min': np.float64(0.0), 'Mean': np.float64(0.0), 'Std': np.float64(0.0)}
[I 2024-11-17 07:13:47,580] Trial 57 finished with value: 63.0 and parameters: {'x_0': 2, 'x_1': 5, 'x_2': -5, 'x_3': 3}. Best is trial 7 with value: 6.0.
2024-11-17 07:13:47,707 - INFO - Candidate Mean Stats: {'Max': np.float64(84.0), 'Min': np.float64(-0.20797454032820634), 'Mean': np.float64(0.16086565911986384), 'Std': np.float64(2.7937018106351825)}
2024-11-17 07:13:47,708 - INFO - Candidate Std Stats: {'Max': np.float64(0.4057908056626499), 'Min': np.float64(0.0), 'Mean': np.float64(0.06520696285009905), 'Std': np.float64(0.04726100362280845)}
2024-11-17 07:13:47,709 - INFO - Top 10 Mean Stats: {'Max': np.float64(-0.11055778694386316), 'Min': np.float64(-0.20797454032820634), 'Mean': np.float64(-0.1689628919502853), 'Std': np.float64(0.027054101659727534)}
2024-11-17 07:13:47,709 - INFO - Top 10 Std Stats: {'Max': np.float64(0.4057908056626499), 'Min': np.float64(0.3105183731955239), 'Mean': np.float64(0.3654028446037065), 'Std': np.float64(0.029325553998179574)}
2024-11-17 07:13:47,710 - INFO - Bottom 10 Mean Stats: {'Max': np.float64(84.0), 'Min': np.float64(63.0), 'Mean': np.float64(70.5), 'Std': np.float64(6.960603422117942)}
2024-11-17 07:13:47,710 - INFO - Bottom 10 Std Stats: {'Max': np.float64(0.0), 'Min': np.float64(0.0), 'Mean': np.float64(0.0), 'Std': np.float64(0.0)}
[I 2024-11-17 07:13:47,727] Trial 60 finished with value: 17.0 and parameters: {'x_0': -3, 'x_1': 0, 'x_2': -2, 'x_3': 2}. Best is trial 56 with value: 11.0.
2024-11-17 07:13:47,744 - INFO - Candidate Mean Stats: {'Max': np.float64(91.0), 'Min': np.float64(-0.2695174170472756), 'Mean': np.float64(0.16003801084607866), 'Std': np.float64(2.7183389158531797)}
2024-11-17 07:13:47,745 - INFO - Candidate Std Stats: {'Max': np.float64(0.5654854922084322), 'Min': np.float64(0.0), 'Mean': np.float64(0.063188319356347), 'Std': np.float64(0.04968819815417433)}
2024-11-17 07:13:47,746 - INFO - Top 10 Mean Stats: {'Max': np.float64(-0.07030882098116997), 'Min': np.float64(-0.2604898811644855), 'Mean': np.float64(-0.16756379128290122), 'Std': np.float64(0.05220353315109665)}
2024-11-17 07:13:47,746 - INFO - Top 10 Std Stats: {'Max': np.float64(0.4589081933611311), 'Min': np.float64(0.30091294274180086), 'Mean': np.float64(0.3661145123331845), 'Std': np.float64(0.044011640857246875)}
2024-11-17 07:13:47,746 - INFO - Bottom 10 Mean Stats: {'Max': np.float64(91.0), 'Min': np.float64(52.0), 'Mean': np.float64(66.5), 'Std': np.float64(13.720422734012244)}
2024-11-17 07:13:47,746 - INFO - Bottom 10 Std Stats: {'Max': np.float64(0.0), 'Min': np.float64(0.0), 'Mean': np.float64(0.0), 'Std': np.float64(0.0)}
[I 2024-11-17 07:13:47,763] Trial 60 finished with value: 33.0 and parameters: {'x_0': 0, 'x_1': 5, 'x_2': 2, 'x_3': -2}. Best is trial 39 with value: 11.0.
2024-11-17 07:13:47,817 - INFO - Candidate Mean Stats: {'Max': np.float64(75.0), 'Min': np.float64(-0.3477366548334226), 'Mean': np.float64(0.1476464667638924), 'Std': np.float64(2.6123551683189934)}
2024-11-17 07:13:47,818 - INFO - Candidate Std Stats: {'Max': np.float64(0.6778198366368203), 'Min': np.float64(0.0), 'Mean': np.float64(0.06190319804203423), 'Std': np.float64(0.052168172859800487)}
2024-11-17 07:13:47,819 - INFO - Top 10 Mean Stats: {'Max': np.float64(-0.15661567042608732), 'Min': np.float64(-0.3477366548334226), 'Mean': np.float64(-0.24476313345990736), 'Std': np.float64(0.056911661311361494)}
2024-11-17 07:13:47,819 - INFO - Top 10 Std Stats: {'Max': np.float64(0.6778198366368203), 'Min': np.float64(0.3912381693112113), 'Mean': np.float64(0.48161353168351806), 'Std': np.float64(0.07968475571744686)}
2024-11-17 07:13:47,819 - INFO - Bottom 10 Mean Stats: {'Max': np.float64(75.0), 'Min': np.float64(57.0), 'Mean': np.float64(62.6), 'Std': np.float64(5.6780278266313555)}
2024-11-17 07:13:47,819 - INFO - Bottom 10 Std Stats: {'Max': np.float64(0.0), 'Min': np.float64(0.0), 'Mean': np.float64(0.0), 'Std': np.float64(0.0)}
[I 2024-11-17 07:13:47,836] Trial 58 finished with value: 46.0 and parameters: {'x_0': -2, 'x_1': -4, 'x_2': -5, 'x_3': 1}. Best is trial 7 with value: 6.0.
2024-11-17 07:13:47,945 - INFO - Candidate Mean Stats: {'Max': np.float64(84.0), 'Min': np.float64(-0.21361162308127346), 'Mean': np.float64(0.16074287133355647), 'Std': np.float64(2.7972256036026266)}
2024-11-17 07:13:47,945 - INFO - Candidate Std Stats: {'Max': np.float64(0.4406105591184066), 'Min': np.float64(0.0), 'Mean': np.float64(0.06497559141681727), 'Std': np.float64(0.046227887115547456)}
2024-11-17 07:13:47,946 - INFO - Top 10 Mean Stats: {'Max': np.float64(-0.13217299089334955), 'Min': np.float64(-0.19869141169986668), 'Mean': np.float64(-0.17444028913184656), 'Std': np.float64(0.02109622329613825)}
2024-11-17 07:13:47,946 - INFO - Top 10 Std Stats: {'Max': np.float64(0.4406105591184066), 'Min': np.float64(0.3132081159219497), 'Mean': np.float64(0.3493749741589827), 'Std': np.float64(0.04114385989781253)}
2024-11-17 07:13:47,946 - INFO - Bottom 10 Mean Stats: {'Max': np.float64(84.0), 'Min': np.float64(63.0), 'Mean': np.float64(70.5), 'Std': np.float64(6.960603422117942)}
2024-11-17 07:13:47,947 - INFO - Bottom 10 Std Stats: {'Max': np.float64(0.0), 'Min': np.float64(0.0), 'Mean': np.float64(0.0), 'Std': np.float64(0.0)}
[I 2024-11-17 07:13:47,961] Trial 61 finished with value: 44.0 and parameters: {'x_0': -1, 'x_1': 5, 'x_2': -3, 'x_3': -3}. Best is trial 56 with value: 11.0.
2024-11-17 07:13:48,061 - INFO - Candidate Mean Stats: {'Max': np.float64(91.0), 'Min': np.float64(-0.21988039287699998), 'Mean': np.float64(0.1617715138941693), 'Std': np.float64(2.73188013422815)}
2024-11-17 07:13:48,061 - INFO - Candidate Std Stats: {'Max': np.float64(0.452252355583303), 'Min': np.float64(0.0), 'Mean': np.float64(0.06509466631188483), 'Std': np.float64(0.046601806669781254)}
2024-11-17 07:13:48,063 - INFO - Top 10 Mean Stats: {'Max': np.float64(-0.11363136056902834), 'Min': np.float64(-0.21988039287699998), 'Mean': np.float64(-0.17823881283065313), 'Std': np.float64(0.030491060170047973)}
2024-11-17 07:13:48,063 - INFO - Top 10 Std Stats: {'Max': np.float64(0.452252355583303), 'Min': np.float64(0.2572041544550113), 'Mean': np.float64(0.3677103574430507), 'Std': np.float64(0.061328564972240776)}
2024-11-17 07:13:48,063 - INFO - Bottom 10 Mean Stats: {'Max': np.float64(91.0), 'Min': np.float64(52.0), 'Mean': np.float64(66.5), 'Std': np.float64(13.720422734012244)}
2024-11-17 07:13:48,063 - INFO - Bottom 10 Std Stats: {'Max': np.float64(0.0), 'Min': np.float64(0.0), 'Mean': np.float64(0.0), 'Std': np.float64(0.0)}
[I 2024-11-17 07:13:48,082] Trial 61 finished with value: 17.0 and parameters: {'x_0': -2, 'x_1': -2, 'x_2': 0, 'x_3': -3}. Best is trial 39 with value: 11.0.
2024-11-17 07:13:48,128 - INFO - Candidate Mean Stats: {'Max': np.float64(75.0), 'Min': np.float64(-0.2506472855812633), 'Mean': np.float64(0.15248081571168837), 'Std': np.float64(2.639579784219579)}
2024-11-17 07:13:48,128 - INFO - Candidate Std Stats: {'Max': np.float64(0.43698111156755), 'Min': np.float64(0.0), 'Mean': np.float64(0.06354242176791633), 'Std': np.float64(0.04667751224118538)}
2024-11-17 07:13:48,129 - INFO - Top 10 Mean Stats: {'Max': np.float64(-0.12733444493939297), 'Min': np.float64(-0.2506472855812633), 'Mean': np.float64(-0.18428811085966404), 'Std': np.float64(0.04275878648004169)}
2024-11-17 07:13:48,129 - INFO - Top 10 Std Stats: {'Max': np.float64(0.37803472590100395), 'Min': np.float64(0.24854512414976862), 'Mean': np.float64(0.3178127478222243), 'Std': np.float64(0.04772863619110656)}
2024-11-17 07:13:48,129 - INFO - Bottom 10 Mean Stats: {'Max': np.float64(75.0), 'Min': np.float64(57.0), 'Mean': np.float64(62.6), 'Std': np.float64(5.6780278266313555)}
2024-11-17 07:13:48,129 - INFO - Bottom 10 Std Stats: {'Max': np.float64(0.0), 'Min': np.float64(0.0), 'Mean': np.float64(0.0), 'Std': np.float64(0.0)}
[I 2024-11-17 07:13:48,151] Trial 59 finished with value: 55.0 and parameters: {'x_0': 5, 'x_1': 2, 'x_2': -1, 'x_3': -5}. Best is trial 7 with value: 6.0.
2024-11-17 07:13:48,237 - INFO - Candidate Mean Stats: {'Max': np.float64(84.0), 'Min': np.float64(-0.23960944402784018), 'Mean': np.float64(0.16447993068560546), 'Std': np.float64(2.82056822247648)}
2024-11-17 07:13:48,237 - INFO - Candidate Std Stats: {'Max': np.float64(0.49811760800636823), 'Min': np.float64(0.0), 'Mean': np.float64(0.0658491665645786), 'Std': np.float64(0.04896700109454042)}
2024-11-17 07:13:48,238 - INFO - Top 10 Mean Stats: {'Max': np.float64(-0.1655405495433057), 'Min': np.float64(-0.23960944402784018), 'Mean': np.float64(-0.19218690713080103), 'Std': np.float64(0.020791709715638776)}
2024-11-17 07:13:48,239 - INFO - Top 10 Std Stats: {'Max': np.float64(0.4399932516116626), 'Min': np.float64(0.29920308018787184), 'Mean': np.float64(0.3869551646713978), 'Std': np.float64(0.03946143957406674)}
2024-11-17 07:13:48,239 - INFO - Bottom 10 Mean Stats: {'Max': np.float64(84.0), 'Min': np.float64(63.0), 'Mean': np.float64(70.5), 'Std': np.float64(6.960603422117942)}
2024-11-17 07:13:48,239 - INFO - Bottom 10 Std Stats: {'Max': np.float64(0.0), 'Min': np.float64(0.0), 'Mean': np.float64(0.0), 'Std': np.float64(0.0)}
[I 2024-11-17 07:13:48,254] Trial 62 finished with value: 39.0 and parameters: {'x_0': 3, 'x_1': -5, 'x_2': -2, 'x_3': 1}. Best is trial 56 with value: 11.0.
2024-11-17 07:13:48,336 - INFO - Candidate Mean Stats: {'Max': np.float64(91.0), 'Min': np.float64(-0.30362861209090697), 'Mean': np.float64(0.16245179488627823), 'Std': np.float64(2.7354375964951556)}
2024-11-17 07:13:48,336 - INFO - Candidate Std Stats: {'Max': np.float64(0.43058774920325615), 'Min': np.float64(0.0), 'Mean': np.float64(0.06085551481480146), 'Std': np.float64(0.048630145543176524)}
2024-11-17 07:13:48,337 - INFO - Top 10 Mean Stats: {'Max': np.float64(-0.12286646579295213), 'Min': np.float64(-0.30362861209090697), 'Mean': np.float64(-0.19358601918081192), 'Std': np.float64(0.046291571122010336)}
2024-11-17 07:13:48,338 - INFO - Top 10 Std Stats: {'Max': np.float64(0.43058774920325615), 'Min': np.float64(0.25435852694263916), 'Mean': np.float64(0.3543786196028339), 'Std': np.float64(0.047868778371538065)}
2024-11-17 07:13:48,338 - INFO - Bottom 10 Mean Stats: {'Max': np.float64(91.0), 'Min': np.float64(52.0), 'Mean': np.float64(66.5), 'Std': np.float64(13.720422734012244)}
2024-11-17 07:13:48,338 - INFO - Bottom 10 Std Stats: {'Max': np.float64(0.0), 'Min': np.float64(0.0), 'Mean': np.float64(0.0), 'Std': np.float64(0.0)}
[I 2024-11-17 07:13:48,354] Trial 62 finished with value: 51.0 and parameters: {'x_0': -5, 'x_1': 0, 'x_2': -1, 'x_3': 5}. Best is trial 39 with value: 11.0.
2024-11-17 07:13:48,439 - INFO - Candidate Mean Stats: {'Max': np.float64(75.0), 'Min': np.float64(-0.22545925771156994), 'Mean': np.float64(0.15494201121347337), 'Std': np.float64(2.678297849037428)}
2024-11-17 07:13:48,439 - INFO - Candidate Std Stats: {'Max': np.float64(0.432898617781983), 'Min': np.float64(0.0), 'Mean': np.float64(0.06608444340507492), 'Std': np.float64(0.0458751028409441)}
2024-11-17 07:13:48,440 - INFO - Top 10 Mean Stats: {'Max': np.float64(-0.14190594467181933), 'Min': np.float64(-0.22545925771156994), 'Mean': np.float64(-0.19222893877712627), 'Std': np.float64(0.026420804043903394)}
2024-11-17 07:13:48,440 - INFO - Top 10 Std Stats: {'Max': np.float64(0.41027826761328057), 'Min': np.float64(0.30501796471487014), 'Mean': np.float64(0.3570877374542255), 'Std': np.float64(0.03108589523033225)}
2024-11-17 07:13:48,441 - INFO - Bottom 10 Mean Stats: {'Max': np.float64(75.0), 'Min': np.float64(57.0), 'Mean': np.float64(62.6), 'Std': np.float64(5.6780278266313555)}
2024-11-17 07:13:48,441 - INFO - Bottom 10 Std Stats: {'Max': np.float64(0.0), 'Min': np.float64(0.0), 'Mean': np.float64(0.0), 'Std': np.float64(0.0)}
[I 2024-11-17 07:13:48,455] Trial 60 finished with value: 59.0 and parameters: {'x_0': 3, 'x_1': -3, 'x_2': -5, 'x_3': 4}. Best is trial 7 with value: 6.0.
2024-11-17 07:13:48,505 - INFO - Candidate Mean Stats: {'Max': np.float64(84.0), 'Min': np.float64(-0.2621368954357211), 'Mean': np.float64(0.16787033890936226), 'Std': np.float64(2.838718932205723)}
2024-11-17 07:13:48,505 - INFO - Candidate Std Stats: {'Max': np.float64(0.4687669558416504), 'Min': np.float64(0.0), 'Mean': np.float64(0.06801099240016975), 'Std': np.float64(0.04615094294877036)}
2024-11-17 07:13:48,507 - INFO - Top 10 Mean Stats: {'Max': np.float64(-0.14195811644962864), 'Min': np.float64(-0.2490207318907899), 'Mean': np.float64(-0.1740960458407717), 'Std': np.float64(0.03190066220181422)}
2024-11-17 07:13:48,507 - INFO - Top 10 Std Stats: {'Max': np.float64(0.4133230068027415), 'Min': np.float64(0.29800215737014246), 'Mean': np.float64(0.3582461287242088), 'Std': np.float64(0.038184487690303116)}
2024-11-17 07:13:48,507 - INFO - Bottom 10 Mean Stats: {'Max': np.float64(84.0), 'Min': np.float64(63.0), 'Mean': np.float64(70.5), 'Std': np.float64(6.960603422117942)}
2024-11-17 07:13:48,507 - INFO - Bottom 10 Std Stats: {'Max': np.float64(0.0), 'Min': np.float64(0.0), 'Mean': np.float64(0.0), 'Std': np.float64(0.0)}
