[I 2024-11-17 07:14:46,210] Trial 281 finished with value: 42.0 and parameters: {'x_0': -3, 'x_1': 2, 'x_2': 2, 'x_3': -5}. Best is trial 248 with value: 5.0.
2024-11-17 07:14:46,217 - INFO - Candidate Mean Stats: {'Max': np.float64(100.0), 'Min': np.float64(-0.2642365706209209), 'Mean': np.float64(0.9687258667206695), 'Std': np.float64(7.5003053585895945)}
2024-11-17 07:14:46,217 - INFO - Candidate Std Stats: {'Max': np.float64(0.5724557030727073), 'Min': np.float64(0.0), 'Mean': np.float64(0.04461123209680624), 'Std': np.float64(0.04816956898739756)}
2024-11-17 07:14:46,219 - INFO - Top 10 Mean Stats: {'Max': np.float64(0.0795432037986166), 'Min': np.float64(-0.2642365706209209), 'Mean': np.float64(-0.09687262670253523), 'Std': np.float64(0.10189537536615409)}
2024-11-17 07:14:46,219 - INFO - Top 10 Std Stats: {'Max': np.float64(0.5724557030727073), 'Min': np.float64(0.2730112744955456), 'Mean': np.float64(0.4314465772806644), 'Std': np.float64(0.10229369176599867)}
2024-11-17 07:14:46,219 - INFO - Bottom 10 Mean Stats: {'Max': np.float64(100.0), 'Min': np.float64(91.0), 'Mean': np.float64(95.5), 'Std': np.float64(4.5)}
2024-11-17 07:14:46,219 - INFO - Bottom 10 Std Stats: {'Max': np.float64(0.0), 'Min': np.float64(0.0), 'Mean': np.float64(0.0), 'Std': np.float64(0.0)}
[I 2024-11-17 07:14:46,236] Trial 289 finished with value: 66.0 and parameters: {'x_0': 5, 'x_1': 4, 'x_2': -5, 'x_3': 0}. Best is trial 179 with value: 1.0.
2024-11-17 07:14:46,277 - INFO - Candidate Mean Stats: {'Max': np.float64(91.0), 'Min': np.float64(-0.44092766982628345), 'Mean': np.float64(0.6702902427664004), 'Std': np.float64(5.554755696856099)}
2024-11-17 07:14:46,277 - INFO - Candidate Std Stats: {'Max': np.float64(0.8517272853453978), 'Min': np.float64(0.0), 'Mean': np.float64(0.0614679737923672), 'Std': np.float64(0.05135040831876662)}
2024-11-17 07:14:46,279 - INFO - Top 10 Mean Stats: {'Max': np.float64(-0.13508751675124792), 'Min': np.float64(-0.44092766982628345), 'Mean': np.float64(-0.26731490045573053), 'Std': np.float64(0.0913656122811536)}
2024-11-17 07:14:46,279 - INFO - Top 10 Std Stats: {'Max': np.float64(0.8517272853453978), 'Min': np.float64(0.35615735970312734), 'Mean': np.float64(0.5584979957349931), 'Std': np.float64(0.16067008211892192)}
2024-11-17 07:14:46,279 - INFO - Bottom 10 Mean Stats: {'Max': np.float64(91.0), 'Min': np.float64(73.0), 'Mean': np.float64(76.9), 'Std': np.float64(5.262128846769148)}
2024-11-17 07:14:46,279 - INFO - Bottom 10 Std Stats: {'Max': np.float64(0.0), 'Min': np.float64(0.0), 'Mean': np.float64(0.0), 'Std': np.float64(0.0)}
[I 2024-11-17 07:14:46,295] Trial 270 finished with value: 61.0 and parameters: {'x_0': -5, 'x_1': 4, 'x_2': -2, 'x_3': -4}. Best is trial 141 with value: 2.0.
2024-11-17 07:14:46,435 - INFO - Candidate Mean Stats: {'Max': np.float64(100.0), 'Min': np.float64(-0.1687812444919583), 'Mean': np.float64(0.8664101461218033), 'Std': np.float64(6.882914543290437)}
2024-11-17 07:14:46,435 - INFO - Candidate Std Stats: {'Max': np.float64(0.7883802240559163), 'Min': np.float64(0.0), 'Mean': np.float64(0.050589796674953814), 'Std': np.float64(0.044009837784796724)}
2024-11-17 07:14:46,437 - INFO - Top 10 Mean Stats: {'Max': np.float64(-0.12430244795463459), 'Min': np.float64(-0.1687812444919583), 'Mean': np.float64(-0.14521482767977667), 'Std': np.float64(0.013480860757633027)}
2024-11-17 07:14:46,437 - INFO - Top 10 Std Stats: {'Max': np.float64(0.35823618707352106), 'Min': np.float64(0.2815206096798317), 'Mean': np.float64(0.3073542670194861), 'Std': np.float64(0.020957245781756263)}
2024-11-17 07:14:46,437 - INFO - Bottom 10 Mean Stats: {'Max': np.float64(100.0), 'Min': np.float64(84.0), 'Mean': np.float64(93.0), 'Std': np.float64(5.019960159204453)}
2024-11-17 07:14:46,437 - INFO - Bottom 10 Std Stats: {'Max': np.float64(0.0), 'Min': np.float64(0.0), 'Mean': np.float64(0.0), 'Std': np.float64(0.0)}
[I 2024-11-17 07:14:46,453] Trial 282 finished with value: 21.0 and parameters: {'x_0': 0, 'x_1': -4, 'x_2': 1, 'x_3': -2}. Best is trial 248 with value: 5.0.
2024-11-17 07:14:46,489 - INFO - Candidate Mean Stats: {'Max': np.float64(100.0), 'Min': np.float64(-0.24620150145319455), 'Mean': np.float64(0.9715210527651954), 'Std': np.float64(7.519757691830495)}
2024-11-17 07:14:46,489 - INFO - Candidate Std Stats: {'Max': np.float64(0.6381207505247245), 'Min': np.float64(0.0), 'Mean': np.float64(0.03981427167122986), 'Std': np.float64(0.04653037868313239)}
2024-11-17 07:14:46,491 - INFO - Top 10 Mean Stats: {'Max': np.float64(-0.10478725762492651), 'Min': np.float64(-0.24620150145319455), 'Mean': np.float64(-0.18084812048861593), 'Std': np.float64(0.03818489769456377)}
2024-11-17 07:14:46,491 - INFO - Top 10 Std Stats: {'Max': np.float64(0.6283236219605227), 'Min': np.float64(0.3750363185079939), 'Mean': np.float64(0.44125511038660725), 'Std': np.float64(0.06770740743918519)}
2024-11-17 07:14:46,491 - INFO - Bottom 10 Mean Stats: {'Max': np.float64(100.0), 'Min': np.float64(91.0), 'Mean': np.float64(95.5), 'Std': np.float64(4.5)}
2024-11-17 07:14:46,491 - INFO - Bottom 10 Std Stats: {'Max': np.float64(0.0), 'Min': np.float64(0.0), 'Mean': np.float64(0.0), 'Std': np.float64(0.0)}
[I 2024-11-17 07:14:46,506] Trial 290 finished with value: 75.0 and parameters: {'x_0': -3, 'x_1': 5, 'x_2': -4, 'x_3': 5}. Best is trial 179 with value: 1.0.
2024-11-17 07:14:46,544 - INFO - Candidate Mean Stats: {'Max': np.float64(91.0), 'Min': np.float64(-0.3122853967616), 'Mean': np.float64(0.6713937192116382), 'Std': np.float64(5.5774533391821715)}
2024-11-17 07:14:46,545 - INFO - Candidate Std Stats: {'Max': np.float64(0.6457809228325064), 'Min': np.float64(0.0), 'Mean': np.float64(0.06378027411385132), 'Std': np.float64(0.04770632088011292)}
2024-11-17 07:14:46,546 - INFO - Top 10 Mean Stats: {'Max': np.float64(-0.2038158868984687), 'Min': np.float64(-0.3122853967616), 'Mean': np.float64(-0.2609493206662072), 'Std': np.float64(0.03626510168275786)}
2024-11-17 07:14:46,546 - INFO - Top 10 Std Stats: {'Max': np.float64(0.6457809228325064), 'Min': np.float64(0.33145853795973956), 'Mean': np.float64(0.45086747693076423), 'Std': np.float64(0.10241049617151515)}
2024-11-17 07:14:46,546 - INFO - Bottom 10 Mean Stats: {'Max': np.float64(91.0), 'Min': np.float64(73.0), 'Mean': np.float64(76.9), 'Std': np.float64(5.262128846769148)}
2024-11-17 07:14:46,546 - INFO - Bottom 10 Std Stats: {'Max': np.float64(0.0), 'Min': np.float64(0.0), 'Mean': np.float64(0.0), 'Std': np.float64(0.0)}
[I 2024-11-17 07:14:46,561] Trial 271 finished with value: 3.0 and parameters: {'x_0': -1, 'x_1': 0, 'x_2': 1, 'x_3': 1}. Best is trial 141 with value: 2.0.
2024-11-17 07:14:46,681 - INFO - Candidate Mean Stats: {'Max': np.float64(100.0), 'Min': np.float64(-0.2761479779704496), 'Mean': np.float64(0.8640291131363806), 'Std': np.float64(6.88538123720035)}
2024-11-17 07:14:46,681 - INFO - Candidate Std Stats: {'Max': np.float64(0.7992388313997238), 'Min': np.float64(0.0), 'Mean': np.float64(0.049753755802064016), 'Std': np.float64(0.051236934829641353)}
2024-11-17 07:14:46,682 - INFO - Top 10 Mean Stats: {'Max': np.float64(-0.13604998181413203), 'Min': np.float64(-0.2761479779704496), 'Mean': np.float64(-0.1984315540267035), 'Std': np.float64(0.03673120496859486)}
2024-11-17 07:14:46,682 - INFO - Top 10 Std Stats: {'Max': np.float64(0.45380610905757846), 'Min': np.float64(0.3245200505140569), 'Mean': np.float64(0.3868740388170769), 'Std': np.float64(0.038565333486159904)}
2024-11-17 07:14:46,682 - INFO - Bottom 10 Mean Stats: {'Max': np.float64(100.0), 'Min': np.float64(84.0), 'Mean': np.float64(93.0), 'Std': np.float64(5.019960159204453)}
2024-11-17 07:14:46,683 - INFO - Bottom 10 Std Stats: {'Max': np.float64(0.0), 'Min': np.float64(0.0), 'Mean': np.float64(0.0), 'Std': np.float64(0.0)}
[I 2024-11-17 07:14:46,697] Trial 283 finished with value: 51.0 and parameters: {'x_0': -5, 'x_1': 0, 'x_2': 5, 'x_3': -1}. Best is trial 248 with value: 5.0.
2024-11-17 07:14:46,763 - INFO - Candidate Mean Stats: {'Max': np.float64(100.0), 'Min': np.float64(-0.2963570374183417), 'Mean': np.float64(0.9813964092486901), 'Std': np.float64(7.543997476492503)}
2024-11-17 07:14:46,763 - INFO - Candidate Std Stats: {'Max': np.float64(0.454742853626634), 'Min': np.float64(0.0), 'Mean': np.float64(0.04468443572211343), 'Std': np.float64(0.042585807297499)}
2024-11-17 07:14:46,765 - INFO - Top 10 Mean Stats: {'Max': np.float64(-0.17879066087014459), 'Min': np.float64(-0.2963570374183417), 'Mean': np.float64(-0.2083444837755366), 'Std': np.float64(0.03699798436020601)}
2024-11-17 07:14:46,765 - INFO - Top 10 Std Stats: {'Max': np.float64(0.454742853626634), 'Min': np.float64(0.2980495912279876), 'Mean': np.float64(0.3627733299479409), 'Std': np.float64(0.03816984215392863)}
2024-11-17 07:14:46,765 - INFO - Bottom 10 Mean Stats: {'Max': np.float64(100.0), 'Min': np.float64(91.0), 'Mean': np.float64(95.5), 'Std': np.float64(4.5)}
2024-11-17 07:14:46,765 - INFO - Bottom 10 Std Stats: {'Max': np.float64(0.0), 'Min': np.float64(0.0), 'Mean': np.float64(0.0), 'Std': np.float64(0.0)}
[I 2024-11-17 07:14:46,781] Trial 291 finished with value: 14.0 and parameters: {'x_0': 0, 'x_1': -2, 'x_2': -1, 'x_3': -3}. Best is trial 179 with value: 1.0.
2024-11-17 07:14:46,808 - INFO - Candidate Mean Stats: {'Max': np.float64(91.0), 'Min': np.float64(-0.2576984988924288), 'Mean': np.float64(0.6715213029013662), 'Std': np.float64(5.577485473031281)}
2024-11-17 07:14:46,808 - INFO - Candidate Std Stats: {'Max': np.float64(0.43646563457682114), 'Min': np.float64(0.0), 'Mean': np.float64(0.06234861435765847), 'Std': np.float64(0.046710217951296804)}
2024-11-17 07:14:46,810 - INFO - Top 10 Mean Stats: {'Max': np.float64(-0.1617540419141567), 'Min': np.float64(-0.2576984988924288), 'Mean': np.float64(-0.19578618814065063), 'Std': np.float64(0.029891432662000686)}
2024-11-17 07:14:46,810 - INFO - Top 10 Std Stats: {'Max': np.float64(0.43646563457682114), 'Min': np.float64(0.2954158867591688), 'Mean': np.float64(0.36201356167854704), 'Std': np.float64(0.04200407593115532)}
2024-11-17 07:14:46,810 - INFO - Bottom 10 Mean Stats: {'Max': np.float64(91.0), 'Min': np.float64(73.0), 'Mean': np.float64(76.9), 'Std': np.float64(5.262128846769148)}
2024-11-17 07:14:46,810 - INFO - Bottom 10 Std Stats: {'Max': np.float64(0.0), 'Min': np.float64(0.0), 'Mean': np.float64(0.0), 'Std': np.float64(0.0)}
[I 2024-11-17 07:14:46,830] Trial 272 finished with value: 2.0 and parameters: {'x_0': -1, 'x_1': 0, 'x_2': -1, 'x_3': 0}. Best is trial 141 with value: 2.0.
2024-11-17 07:14:46,980 - INFO - Candidate Mean Stats: {'Max': np.float64(100.0), 'Min': np.float64(-0.21947607721928253), 'Mean': np.float64(0.8604450603229452), 'Std': np.float64(6.8986859424578535)}
2024-11-17 07:14:46,980 - INFO - Candidate Std Stats: {'Max': np.float64(0.4991526299893727), 'Min': np.float64(0.0), 'Mean': np.float64(0.05611581573392752), 'Std': np.float64(0.047811850773869104)}
2024-11-17 07:14:46,982 - INFO - Top 10 Mean Stats: {'Max': np.float64(-0.04974936556027394), 'Min': np.float64(-0.21947607721928253), 'Mean': np.float64(-0.15789226548550986), 'Std': np.float64(0.048260758951159506)}
2024-11-17 07:14:46,982 - INFO - Top 10 Std Stats: {'Max': np.float64(0.45321238350854787), 'Min': np.float64(0.2699435704493171), 'Mean': np.float64(0.3485668703345365), 'Std': np.float64(0.059241290951819014)}
2024-11-17 07:14:46,982 - INFO - Bottom 10 Mean Stats: {'Max': np.float64(100.0), 'Min': np.float64(84.0), 'Mean': np.float64(93.0), 'Std': np.float64(5.019960159204453)}
2024-11-17 07:14:46,982 - INFO - Bottom 10 Std Stats: {'Max': np.float64(0.0), 'Min': np.float64(0.0), 'Mean': np.float64(0.0), 'Std': np.float64(0.0)}
[I 2024-11-17 07:14:47,001] Trial 284 finished with value: 30.0 and parameters: {'x_0': -2, 'x_1': -1, 'x_2': 4, 'x_3': 3}. Best is trial 248 with value: 5.0.
2024-11-17 07:14:47,059 - INFO - Candidate Mean Stats: {'Max': np.float64(100.0), 'Min': np.float64(-0.24976597398464473), 'Mean': np.float64(0.9784540208509386), 'Std': np.float64(7.545234297867969)}
2024-11-17 07:14:47,059 - INFO - Candidate Std Stats: {'Max': np.float64(0.5414524824371282), 'Min': np.float64(0.0), 'Mean': np.float64(0.04871906797941845), 'Std': np.float64(0.041597103166922826)}
2024-11-17 07:14:47,061 - INFO - Top 10 Mean Stats: {'Max': np.float64(-0.17095753654040655), 'Min': np.float64(-0.24976597398464473), 'Mean': np.float64(-0.19583334644578348), 'Std': np.float64(0.024658922080287558)}
2024-11-17 07:14:47,061 - INFO - Top 10 Std Stats: {'Max': np.float64(0.5414524824371282), 'Min': np.float64(0.34133621270090375), 'Mean': np.float64(0.3918288272630945), 'Std': np.float64(0.06251382736175501)}
2024-11-17 07:14:47,061 - INFO - Bottom 10 Mean Stats: {'Max': np.float64(100.0), 'Min': np.float64(91.0), 'Mean': np.float64(95.5), 'Std': np.float64(4.5)}
2024-11-17 07:14:47,061 - INFO - Bottom 10 Std Stats: {'Max': np.float64(0.0), 'Min': np.float64(0.0), 'Mean': np.float64(0.0), 'Std': np.float64(0.0)}
[I 2024-11-17 07:14:47,079] Trial 292 finished with value: 14.0 and parameters: {'x_0': 0, 'x_1': 3, 'x_2': 1, 'x_3': 2}. Best is trial 179 with value: 1.0.
2024-11-17 07:14:47,202 - INFO - Candidate Mean Stats: {'Max': np.float64(91.0), 'Min': np.float64(-0.23754205475719523), 'Mean': np.float64(0.6724108968053926), 'Std': np.float64(5.5773983763099535)}
2024-11-17 07:14:47,202 - INFO - Candidate Std Stats: {'Max': np.float64(0.4986138403046631), 'Min': np.float64(0.0), 'Mean': np.float64(0.061423737950575284), 'Std': np.float64(0.04763681384265803)}
2024-11-17 07:14:47,204 - INFO - Top 10 Mean Stats: {'Max': np.float64(-0.1395359888136321), 'Min': np.float64(-0.2229401392332075), 'Mean': np.float64(-0.17328147555660947), 'Std': np.float64(0.02642253148987699)}
2024-11-17 07:14:47,204 - INFO - Top 10 Std Stats: {'Max': np.float64(0.442001847706036), 'Min': np.float64(0.247009958297409), 'Mean': np.float64(0.3328474402820437), 'Std': np.float64(0.04848525683772199)}
2024-11-17 07:14:47,204 - INFO - Bottom 10 Mean Stats: {'Max': np.float64(91.0), 'Min': np.float64(73.0), 'Mean': np.float64(76.9), 'Std': np.float64(5.262128846769148)}
2024-11-17 07:14:47,205 - INFO - Bottom 10 Std Stats: {'Max': np.float64(0.0), 'Min': np.float64(0.0), 'Mean': np.float64(0.0), 'Std': np.float64(0.0)}
[I 2024-11-17 07:14:47,222] Trial 273 finished with value: 2.0 and parameters: {'x_0': 1, 'x_1': 0, 'x_2': -1, 'x_3': 0}. Best is trial 141 with value: 2.0.
2024-11-17 07:14:47,252 - INFO - Candidate Mean Stats: {'Max': np.float64(100.0), 'Min': np.float64(-0.29018631699863245), 'Mean': np.float64(0.8722785112957665), 'Std': np.float64(6.901713128547779)}
2024-11-17 07:14:47,252 - INFO - Candidate Std Stats: {'Max': np.float64(0.4932747017229874), 'Min': np.float64(0.0), 'Mean': np.float64(0.049120274210701524), 'Std': np.float64(0.04140226865110786)}
2024-11-17 07:14:47,254 - INFO - Top 10 Mean Stats: {'Max': np.float64(-0.1549158017161624), 'Min': np.float64(-0.29018631699863245), 'Mean': np.float64(-0.2145414618970071), 'Std': np.float64(0.03758869083767238)}
2024-11-17 07:14:47,254 - INFO - Top 10 Std Stats: {'Max': np.float64(0.4932747017229874), 'Min': np.float64(0.285616930713156), 'Mean': np.float64(0.3597558263018989), 'Std': np.float64(0.06840488775304387)}
2024-11-17 07:14:47,254 - INFO - Bottom 10 Mean Stats: {'Max': np.float64(100.0), 'Min': np.float64(84.0), 'Mean': np.float64(93.0), 'Std': np.float64(5.019960159204453)}
2024-11-17 07:14:47,254 - INFO - Bottom 10 Std Stats: {'Max': np.float64(0.0), 'Min': np.float64(0.0), 'Mean': np.float64(0.0), 'Std': np.float64(0.0)}
[I 2024-11-17 07:14:47,274] Trial 285 finished with value: 7.0 and parameters: {'x_0': -1, 'x_1': 2, 'x_2': -1, 'x_3': 1}. Best is trial 248 with value: 5.0.
2024-11-17 07:14:47,335 - INFO - Candidate Mean Stats: {'Max': np.float64(100.0), 'Min': np.float64(-0.19899673374253377), 'Mean': np.float64(0.9820628543933277), 'Std': np.float64(7.5456764863079675)}
2024-11-17 07:14:47,335 - INFO - Candidate Std Stats: {'Max': np.float64(1.1131807808547753), 'Min': np.float64(0.0), 'Mean': np.float64(0.045498249772074624), 'Std': np.float64(0.045589255322833026)}
2024-11-17 07:14:47,336 - INFO - Top 10 Mean Stats: {'Max': np.float64(-0.05483760766119833), 'Min': np.float64(-0.19899673374253377), 'Mean': np.float64(-0.1452874674576498), 'Std': np.float64(0.044552539269222785)}
2024-11-17 07:14:47,336 - INFO - Top 10 Std Stats: {'Max': np.float64(0.4776721980327859), 'Min': np.float64(0.26616029125191587), 'Mean': np.float64(0.35908834628993863), 'Std': np.float64(0.06385416326693615)}
2024-11-17 07:14:47,336 - INFO - Bottom 10 Mean Stats: {'Max': np.float64(100.0), 'Min': np.float64(91.0), 'Mean': np.float64(95.5), 'Std': np.float64(4.5)}
2024-11-17 07:14:47,336 - INFO - Bottom 10 Std Stats: {'Max': np.float64(0.0), 'Min': np.float64(0.0), 'Mean': np.float64(0.0), 'Std': np.float64(0.0)}
[I 2024-11-17 07:14:47,353] Trial 293 finished with value: 3.0 and parameters: {'x_0': 0, 'x_1': 1, 'x_2': -1, 'x_3': -1}. Best is trial 179 with value: 1.0.
2024-11-17 07:14:47,478 - INFO - Candidate Mean Stats: {'Max': np.float64(91.0), 'Min': np.float64(-0.5448967052683098), 'Mean': np.float64(0.6697188614198473), 'Std': np.float64(5.577752548850315)}
2024-11-17 07:14:47,478 - INFO - Candidate Std Stats: {'Max': np.float64(0.6213702196096536), 'Min': np.float64(0.0), 'Mean': np.float64(0.055008929453110166), 'Std': np.float64(0.05325872507223763)}
2024-11-17 07:14:47,479 - INFO - Top 10 Mean Stats: {'Max': np.float64(-0.2024020407146002), 'Min': np.float64(-0.5448967052683098), 'Mean': np.float64(-0.3610224667169665), 'Std': np.float64(0.10395947952574609)}
2024-11-17 07:14:47,479 - INFO - Top 10 Std Stats: {'Max': np.float64(0.4978164701682145), 'Min': np.float64(0.29061191421493543), 'Mean': np.float64(0.4098926799145305), 'Std': np.float64(0.06748202860407679)}
2024-11-17 07:14:47,480 - INFO - Bottom 10 Mean Stats: {'Max': np.float64(91.0), 'Min': np.float64(73.0), 'Mean': np.float64(76.9), 'Std': np.float64(5.262128846769148)}
2024-11-17 07:14:47,480 - INFO - Bottom 10 Std Stats: {'Max': np.float64(0.0), 'Min': np.float64(0.0), 'Mean': np.float64(0.0), 'Std': np.float64(0.0)}
[I 2024-11-17 07:14:47,497] Trial 274 finished with value: 6.0 and parameters: {'x_0': -2, 'x_1': -1, 'x_2': 1, 'x_3': 0}. Best is trial 141 with value: 2.0.
2024-11-17 07:14:47,529 - INFO - Candidate Mean Stats: {'Max': np.float64(100.0), 'Min': np.float64(-0.2566447052195256), 'Mean': np.float64(0.872914671862788), 'Std': np.float64(6.901866129274359)}
2024-11-17 07:14:47,529 - INFO - Candidate Std Stats: {'Max': np.float64(0.6023882374711983), 'Min': np.float64(0.0), 'Mean': np.float64(0.04729846396444891), 'Std': np.float64(0.04602555901193608)}
2024-11-17 07:14:47,531 - INFO - Top 10 Mean Stats: {'Max': np.float64(-0.12498444156078278), 'Min': np.float64(-0.2566447052195256), 'Mean': np.float64(-0.19256154138705714), 'Std': np.float64(0.04391186111522247)}
2024-11-17 07:14:47,531 - INFO - Top 10 Std Stats: {'Max': np.float64(0.6023882374711983), 'Min': np.float64(0.3321812845299548), 'Mean': np.float64(0.42741909185292365), 'Std': np.float64(0.08731401215424066)}
2024-11-17 07:14:47,531 - INFO - Bottom 10 Mean Stats: {'Max': np.float64(100.0), 'Min': np.float64(84.0), 'Mean': np.float64(93.0), 'Std': np.float64(5.019960159204453)}
2024-11-17 07:14:47,531 - INFO - Bottom 10 Std Stats: {'Max': np.float64(0.0), 'Min': np.float64(0.0), 'Mean': np.float64(0.0), 'Std': np.float64(0.0)}
[I 2024-11-17 07:14:47,549] Trial 286 finished with value: 18.0 and parameters: {'x_0': -2, 'x_1': 1, 'x_2': -2, 'x_3': 3}. Best is trial 248 with value: 5.0.
2024-11-17 07:14:47,624 - INFO - Candidate Mean Stats: {'Max': np.float64(100.0), 'Min': np.float64(-0.25079768130275076), 'Mean': np.float64(0.9815016152864563), 'Std': np.float64(7.545784419379598)}
2024-11-17 07:14:47,624 - INFO - Candidate Std Stats: {'Max': np.float64(0.4740899425966793), 'Min': np.float64(0.0), 'Mean': np.float64(0.04474247773601632), 'Std': np.float64(0.045140278324467625)}
2024-11-17 07:14:47,626 - INFO - Top 10 Mean Stats: {'Max': np.float64(-0.09562266157699123), 'Min': np.float64(-0.25079768130275076), 'Mean': np.float64(-0.18411594247784352), 'Std': np.float64(0.040303513824666834)}
2024-11-17 07:14:47,626 - INFO - Top 10 Std Stats: {'Max': np.float64(0.4740899425966793), 'Min': np.float64(0.30548984980231725), 'Mean': np.float64(0.36927448455494183), 'Std': np.float64(0.052812270268927056)}
2024-11-17 07:14:47,626 - INFO - Bottom 10 Mean Stats: {'Max': np.float64(100.0), 'Min': np.float64(91.0), 'Mean': np.float64(95.5), 'Std': np.float64(4.5)}
2024-11-17 07:14:47,626 - INFO - Bottom 10 Std Stats: {'Max': np.float64(0.0), 'Min': np.float64(0.0), 'Mean': np.float64(0.0), 'Std': np.float64(0.0)}
