[I 2024-11-17 07:13:55,127] Trial 90 finished with value: 43.0 and parameters: {'x_0': -1, 'x_1': 1, 'x_2': 4, 'x_3': 5}. Best is trial 84 with value: 10.0.
2024-11-17 07:13:55,153 - INFO - Candidate Mean Stats: {'Max': np.float64(84.0), 'Min': np.float64(-0.2893496007643564), 'Mean': np.float64(0.23860763042692884), 'Std': np.float64(3.3634148088087015)}
2024-11-17 07:13:55,154 - INFO - Candidate Std Stats: {'Max': np.float64(0.6142300101404826), 'Min': np.float64(0.0), 'Mean': np.float64(0.060851083901525015), 'Std': np.float64(0.0500640550556029)}
2024-11-17 07:13:55,155 - INFO - Top 10 Mean Stats: {'Max': np.float64(-0.1578596047174381), 'Min': np.float64(-0.2893496007643564), 'Mean': np.float64(-0.20904776004255465), 'Std': np.float64(0.04298023490021642)}
2024-11-17 07:13:55,155 - INFO - Top 10 Std Stats: {'Max': np.float64(0.49731051376711005), 'Min': np.float64(0.3125086344868663), 'Mean': np.float64(0.38239064640829923), 'Std': np.float64(0.053627090434777626)}
2024-11-17 07:13:55,155 - INFO - Bottom 10 Mean Stats: {'Max': np.float64(84.0), 'Min': np.float64(66.0), 'Mean': np.float64(71.8), 'Std': np.float64(6.64529909033446)}
2024-11-17 07:13:55,155 - INFO - Bottom 10 Std Stats: {'Max': np.float64(0.0), 'Min': np.float64(0.0), 'Mean': np.float64(0.0), 'Std': np.float64(0.0)}
[I 2024-11-17 07:13:55,169] Trial 90 finished with value: 58.0 and parameters: {'x_0': -1, 'x_1': -5, 'x_2': -4, 'x_3': 4}. Best is trial 76 with value: 7.0.
2024-11-17 07:13:55,239 - INFO - Candidate Mean Stats: {'Max': np.float64(75.0), 'Min': np.float64(-0.25403663333537174), 'Mean': np.float64(0.2205396992533807), 'Std': np.float64(3.186749297362045)}
2024-11-17 07:13:55,239 - INFO - Candidate Std Stats: {'Max': np.float64(0.4429816052452912), 'Min': np.float64(0.0), 'Mean': np.float64(0.06470487375389633), 'Std': np.float64(0.04451797675058114)}
2024-11-17 07:13:55,241 - INFO - Top 10 Mean Stats: {'Max': np.float64(-0.14839407275503755), 'Min': np.float64(-0.25403663333537174), 'Mean': np.float64(-0.20082476343328642), 'Std': np.float64(0.03126070242816428)}
2024-11-17 07:13:55,241 - INFO - Top 10 Std Stats: {'Max': np.float64(0.3817908593482648), 'Min': np.float64(0.24864632764000127), 'Mean': np.float64(0.31748228067098155), 'Std': np.float64(0.04135638483960954)}
2024-11-17 07:13:55,241 - INFO - Bottom 10 Mean Stats: {'Max': np.float64(75.0), 'Min': np.float64(59.0), 'Mean': np.float64(66.7), 'Std': np.float64(5.950630218724736)}
2024-11-17 07:13:55,241 - INFO - Bottom 10 Std Stats: {'Max': np.float64(0.0), 'Min': np.float64(0.0), 'Mean': np.float64(0.0), 'Std': np.float64(0.0)}
[I 2024-11-17 07:13:55,254] Trial 86 finished with value: 33.0 and parameters: {'x_0': 5, 'x_1': 2, 'x_2': 2, 'x_3': 0}. Best is trial 7 with value: 6.0.
2024-11-17 07:13:55,320 - INFO - Candidate Mean Stats: {'Max': np.float64(91.0), 'Min': np.float64(-0.3357904558439392), 'Mean': np.float64(0.25514671331894506), 'Std': np.float64(3.5147936823635155)}
2024-11-17 07:13:55,320 - INFO - Candidate Std Stats: {'Max': np.float64(0.5434456506770526), 'Min': np.float64(0.0), 'Mean': np.float64(0.06351392459219449), 'Std': np.float64(0.04674173541869909)}
2024-11-17 07:13:55,322 - INFO - Top 10 Mean Stats: {'Max': np.float64(-0.016230713450164316), 'Min': np.float64(-0.3357904558439392), 'Mean': np.float64(-0.18599742673876135), 'Std': np.float64(0.07993946601471508)}
2024-11-17 07:13:55,322 - INFO - Top 10 Std Stats: {'Max': np.float64(0.5434456506770526), 'Min': np.float64(0.27314732731909364), 'Mean': np.float64(0.3543072046449761), 'Std': np.float64(0.07163553571154573)}
2024-11-17 07:13:55,322 - INFO - Bottom 10 Mean Stats: {'Max': np.float64(91.0), 'Min': np.float64(63.0), 'Mean': np.float64(77.6), 'Std': np.float64(7.1442284397967)}
2024-11-17 07:13:55,322 - INFO - Bottom 10 Std Stats: {'Max': np.float64(0.0), 'Min': np.float64(0.0), 'Mean': np.float64(0.0), 'Std': np.float64(0.0)}
[I 2024-11-17 07:13:55,335] Trial 91 finished with value: 84.0 and parameters: {'x_0': 5, 'x_1': -5, 'x_2': -5, 'x_3': -3}. Best is trial 84 with value: 10.0.
2024-11-17 07:13:55,397 - INFO - Candidate Mean Stats: {'Max': np.float64(84.0), 'Min': np.float64(-0.2516203780589262), 'Mean': np.float64(0.23998082793022285), 'Std': np.float64(3.3973034898596333)}
2024-11-17 07:13:55,398 - INFO - Candidate Std Stats: {'Max': np.float64(0.4729682534278195), 'Min': np.float64(0.0), 'Mean': np.float64(0.06357816708256186), 'Std': np.float64(0.047600847017651784)}
2024-11-17 07:13:55,399 - INFO - Top 10 Mean Stats: {'Max': np.float64(-0.13868423279352746), 'Min': np.float64(-0.2516203780589262), 'Mean': np.float64(-0.17348669870344863), 'Std': np.float64(0.030564213816113583)}
2024-11-17 07:13:55,399 - INFO - Top 10 Std Stats: {'Max': np.float64(0.4051205182254813), 'Min': np.float64(0.3237269792627068), 'Mean': np.float64(0.36302677406513817), 'Std': np.float64(0.024346735951705327)}
2024-11-17 07:13:55,399 - INFO - Bottom 10 Mean Stats: {'Max': np.float64(84.0), 'Min': np.float64(66.0), 'Mean': np.float64(71.8), 'Std': np.float64(6.64529909033446)}
2024-11-17 07:13:55,399 - INFO - Bottom 10 Std Stats: {'Max': np.float64(0.0), 'Min': np.float64(0.0), 'Mean': np.float64(0.0), 'Std': np.float64(0.0)}
[I 2024-11-17 07:13:55,415] Trial 91 finished with value: 39.0 and parameters: {'x_0': -2, 'x_1': -3, 'x_2': -1, 'x_3': -5}. Best is trial 76 with value: 7.0.
2024-11-17 07:13:55,515 - INFO - Candidate Mean Stats: {'Max': np.float64(75.0), 'Min': np.float64(-0.23387732018301027), 'Mean': np.float64(0.22035938135452193), 'Std': np.float64(3.198419025375556)}
2024-11-17 07:13:55,515 - INFO - Candidate Std Stats: {'Max': np.float64(0.5667859713175064), 'Min': np.float64(0.0), 'Mean': np.float64(0.06585349510713923), 'Std': np.float64(0.04788875289677281)}
2024-11-17 07:13:55,517 - INFO - Top 10 Mean Stats: {'Max': np.float64(-0.1502110845835071), 'Min': np.float64(-0.22483359666530137), 'Mean': np.float64(-0.20140464398301705), 'Std': np.float64(0.025622789425243774)}
2024-11-17 07:13:55,517 - INFO - Top 10 Std Stats: {'Max': np.float64(0.5667859713175064), 'Min': np.float64(0.3222731666697315), 'Mean': np.float64(0.38688252081235736), 'Std': np.float64(0.06861519609102433)}
2024-11-17 07:13:55,517 - INFO - Bottom 10 Mean Stats: {'Max': np.float64(75.0), 'Min': np.float64(59.0), 'Mean': np.float64(66.7), 'Std': np.float64(5.950630218724736)}
2024-11-17 07:13:55,517 - INFO - Bottom 10 Std Stats: {'Max': np.float64(0.0), 'Min': np.float64(0.0), 'Mean': np.float64(0.0), 'Std': np.float64(0.0)}
[I 2024-11-17 07:13:55,533] Trial 87 finished with value: 43.0 and parameters: {'x_0': -1, 'x_1': -4, 'x_2': 5, 'x_3': 1}. Best is trial 7 with value: 6.0.
2024-11-17 07:13:55,535 - INFO - Candidate Mean Stats: {'Max': np.float64(91.0), 'Min': np.float64(-0.41288523571787694), 'Mean': np.float64(0.2597880812717321), 'Std': np.float64(3.5823690866969207)}
2024-11-17 07:13:55,535 - INFO - Candidate Std Stats: {'Max': np.float64(0.8545021147361624), 'Min': np.float64(0.0), 'Mean': np.float64(0.06270018454001898), 'Std': np.float64(0.05007148375178501)}
2024-11-17 07:13:55,536 - INFO - Top 10 Mean Stats: {'Max': np.float64(-0.1839601080709235), 'Min': np.float64(-0.41288523571787694), 'Mean': np.float64(-0.2489098738597221), 'Std': np.float64(0.062351716839635495)}
2024-11-17 07:13:55,537 - INFO - Top 10 Std Stats: {'Max': np.float64(0.8545021147361624), 'Min': np.float64(0.40435194063234714), 'Mean': np.float64(0.5123643241851392), 'Std': np.float64(0.12333804420655473)}
2024-11-17 07:13:55,537 - INFO - Bottom 10 Mean Stats: {'Max': np.float64(91.0), 'Min': np.float64(75.0), 'Mean': np.float64(79.7), 'Std': np.float64(5.4230987451825)}
2024-11-17 07:13:55,537 - INFO - Bottom 10 Std Stats: {'Max': np.float64(0.0), 'Min': np.float64(0.0), 'Mean': np.float64(0.0), 'Std': np.float64(0.0)}
[I 2024-11-17 07:13:55,550] Trial 92 finished with value: 66.0 and parameters: {'x_0': 4, 'x_1': -3, 'x_2': -5, 'x_3': -4}. Best is trial 84 with value: 10.0.
2024-11-17 07:13:55,665 - INFO - Candidate Mean Stats: {'Max': np.float64(84.0), 'Min': np.float64(-0.26712555251428), 'Mean': np.float64(0.24318560618007706), 'Std': np.float64(3.412338224132486)}
2024-11-17 07:13:55,665 - INFO - Candidate Std Stats: {'Max': np.float64(0.4197543529148535), 'Min': np.float64(0.0), 'Mean': np.float64(0.064167532668841), 'Std': np.float64(0.0464358461296228)}
2024-11-17 07:13:55,666 - INFO - Top 10 Mean Stats: {'Max': np.float64(-0.16362030405228897), 'Min': np.float64(-0.26712555251428), 'Mean': np.float64(-0.20603183621969984), 'Std': np.float64(0.027765287004086737)}
2024-11-17 07:13:55,666 - INFO - Top 10 Std Stats: {'Max': np.float64(0.3407580670711996), 'Min': np.float64(0.2671267083497945), 'Mean': np.float64(0.30774984072703204), 'Std': np.float64(0.022664614367696248)}
2024-11-17 07:13:55,666 - INFO - Bottom 10 Mean Stats: {'Max': np.float64(84.0), 'Min': np.float64(66.0), 'Mean': np.float64(71.8), 'Std': np.float64(6.64529909033446)}
2024-11-17 07:13:55,666 - INFO - Bottom 10 Std Stats: {'Max': np.float64(0.0), 'Min': np.float64(0.0), 'Mean': np.float64(0.0), 'Std': np.float64(0.0)}
[I 2024-11-17 07:13:55,682] Trial 92 finished with value: 39.0 and parameters: {'x_0': -2, 'x_1': -5, 'x_2': 1, 'x_3': -3}. Best is trial 76 with value: 7.0.
2024-11-17 07:13:55,788 - INFO - Candidate Mean Stats: {'Max': np.float64(91.0), 'Min': np.float64(-0.2877815714249549), 'Mean': np.float64(0.26491474072171295), 'Std': np.float64(3.6232808348915038)}
2024-11-17 07:13:55,788 - INFO - Candidate Std Stats: {'Max': np.float64(0.4476344042019124), 'Min': np.float64(0.0), 'Mean': np.float64(0.062124353700291096), 'Std': np.float64(0.046579835782961175)}
2024-11-17 07:13:55,789 - INFO - Top 10 Mean Stats: {'Max': np.float64(-0.15788081732067624), 'Min': np.float64(-0.2877815714249549), 'Mean': np.float64(-0.219066459597775), 'Std': np.float64(0.03494080038077202)}
2024-11-17 07:13:55,789 - INFO - Top 10 Std Stats: {'Max': np.float64(0.4476344042019124), 'Min': np.float64(0.29313620243213145), 'Mean': np.float64(0.37189476317179576), 'Std': np.float64(0.05757184475768817)}
2024-11-17 07:13:55,789 - INFO - Bottom 10 Mean Stats: {'Max': np.float64(91.0), 'Min': np.float64(75.0), 'Mean': np.float64(79.7), 'Std': np.float64(5.4230987451825)}
2024-11-17 07:13:55,789 - INFO - Bottom 10 Std Stats: {'Max': np.float64(0.0), 'Min': np.float64(0.0), 'Mean': np.float64(0.0), 'Std': np.float64(0.0)}
[I 2024-11-17 07:13:55,810] Trial 93 finished with value: 35.0 and parameters: {'x_0': -3, 'x_1': -5, 'x_2': 0, 'x_3': -1}. Best is trial 84 with value: 10.0.
2024-11-17 07:13:55,813 - INFO - Candidate Mean Stats: {'Max': np.float64(75.0), 'Min': np.float64(-0.20509731812672066), 'Mean': np.float64(0.2259930467220034), 'Std': np.float64(3.217702499270584)}
2024-11-17 07:13:55,813 - INFO - Candidate Std Stats: {'Max': np.float64(0.5051271067999065), 'Min': np.float64(0.0), 'Mean': np.float64(0.0652762687098945), 'Std': np.float64(0.045584492123783876)}
2024-11-17 07:13:55,814 - INFO - Top 10 Mean Stats: {'Max': np.float64(-0.12496146904778546), 'Min': np.float64(-0.20509731812672066), 'Mean': np.float64(-0.16823710946829035), 'Std': np.float64(0.023161559262368736)}
2024-11-17 07:13:55,814 - INFO - Top 10 Std Stats: {'Max': np.float64(0.40834609849952874), 'Min': np.float64(0.2841082954152204), 'Mean': np.float64(0.35212328595066067), 'Std': np.float64(0.04060873730675713)}
2024-11-17 07:13:55,815 - INFO - Bottom 10 Mean Stats: {'Max': np.float64(75.0), 'Min': np.float64(59.0), 'Mean': np.float64(66.7), 'Std': np.float64(5.950630218724736)}
2024-11-17 07:13:55,815 - INFO - Bottom 10 Std Stats: {'Max': np.float64(0.0), 'Min': np.float64(0.0), 'Mean': np.float64(0.0), 'Std': np.float64(0.0)}
[I 2024-11-17 07:13:55,828] Trial 88 finished with value: 42.0 and parameters: {'x_0': -5, 'x_1': -2, 'x_2': 2, 'x_3': 3}. Best is trial 7 with value: 6.0.
2024-11-17 07:13:55,926 - INFO - Candidate Mean Stats: {'Max': np.float64(84.0), 'Min': np.float64(-0.30297458276475175), 'Mean': np.float64(0.24578504808464063), 'Std': np.float64(3.4273456677249037)}
2024-11-17 07:13:55,926 - INFO - Candidate Std Stats: {'Max': np.float64(0.7030005319575015), 'Min': np.float64(0.0), 'Mean': np.float64(0.06556612377148366), 'Std': np.float64(0.04666191583677056)}
2024-11-17 07:13:55,928 - INFO - Top 10 Mean Stats: {'Max': np.float64(-0.12146938340135674), 'Min': np.float64(-0.30297458276475175), 'Mean': np.float64(-0.22130046876920337), 'Std': np.float64(0.04924784917099639)}
2024-11-17 07:13:55,928 - INFO - Top 10 Std Stats: {'Max': np.float64(0.7030005319575015), 'Min': np.float64(0.2800790946852403), 'Mean': np.float64(0.3936858517319109), 'Std': np.float64(0.12409509716881384)}
2024-11-17 07:13:55,929 - INFO - Bottom 10 Mean Stats: {'Max': np.float64(84.0), 'Min': np.float64(66.0), 'Mean': np.float64(71.8), 'Std': np.float64(6.64529909033446)}
2024-11-17 07:13:55,929 - INFO - Bottom 10 Std Stats: {'Max': np.float64(0.0), 'Min': np.float64(0.0), 'Mean': np.float64(0.0), 'Std': np.float64(0.0)}
[I 2024-11-17 07:13:55,942] Trial 93 finished with value: 58.0 and parameters: {'x_0': -4, 'x_1': -1, 'x_2': 4, 'x_3': -5}. Best is trial 76 with value: 7.0.
2024-11-17 07:13:56,031 - INFO - Candidate Mean Stats: {'Max': np.float64(91.0), 'Min': np.float64(-0.18837533766026016), 'Mean': np.float64(0.2665187639476534), 'Std': np.float64(3.634701388258255)}
2024-11-17 07:13:56,032 - INFO - Candidate Std Stats: {'Max': np.float64(0.5036721347102322), 'Min': np.float64(0.0), 'Mean': np.float64(0.06437148443865899), 'Std': np.float64(0.04778003475864986)}
2024-11-17 07:13:56,033 - INFO - Top 10 Mean Stats: {'Max': np.float64(-0.061494297653785855), 'Min': np.float64(-0.18788747750823181), 'Mean': np.float64(-0.14943601733789677), 'Std': np.float64(0.041615061521997065)}
2024-11-17 07:13:56,033 - INFO - Top 10 Std Stats: {'Max': np.float64(0.5036721347102322), 'Min': np.float64(0.281794269542632), 'Mean': np.float64(0.3580068214405067), 'Std': np.float64(0.0697118616138792)}
2024-11-17 07:13:56,033 - INFO - Bottom 10 Mean Stats: {'Max': np.float64(91.0), 'Min': np.float64(75.0), 'Mean': np.float64(79.7), 'Std': np.float64(5.4230987451825)}
2024-11-17 07:13:56,033 - INFO - Bottom 10 Std Stats: {'Max': np.float64(0.0), 'Min': np.float64(0.0), 'Mean': np.float64(0.0), 'Std': np.float64(0.0)}
[I 2024-11-17 07:13:56,052] Trial 94 finished with value: 76.0 and parameters: {'x_0': 5, 'x_1': -5, 'x_2': -5, 'x_3': 1}. Best is trial 84 with value: 10.0.
2024-11-17 07:13:56,075 - INFO - Candidate Mean Stats: {'Max': np.float64(75.0), 'Min': np.float64(-0.2658369526905397), 'Mean': np.float64(0.22815003025388292), 'Std': np.float64(3.236222323277047)}
2024-11-17 07:13:56,075 - INFO - Candidate Std Stats: {'Max': np.float64(0.6618585499160335), 'Min': np.float64(0.0), 'Mean': np.float64(0.06377274702069531), 'Std': np.float64(0.04880247963434612)}
2024-11-17 07:13:56,077 - INFO - Top 10 Mean Stats: {'Max': np.float64(-0.1466430426889084), 'Min': np.float64(-0.2658369526905397), 'Mean': np.float64(-0.19682297782698713), 'Std': np.float64(0.03295596160096783)}
2024-11-17 07:13:56,077 - INFO - Top 10 Std Stats: {'Max': np.float64(0.5625083674313661), 'Min': np.float64(0.34430124837029247), 'Mean': np.float64(0.40354191003115314), 'Std': np.float64(0.0645903529485884)}
2024-11-17 07:13:56,077 - INFO - Bottom 10 Mean Stats: {'Max': np.float64(75.0), 'Min': np.float64(59.0), 'Mean': np.float64(66.7), 'Std': np.float64(5.950630218724736)}
2024-11-17 07:13:56,077 - INFO - Bottom 10 Std Stats: {'Max': np.float64(0.0), 'Min': np.float64(0.0), 'Mean': np.float64(0.0), 'Std': np.float64(0.0)}
[I 2024-11-17 07:13:56,092] Trial 89 finished with value: 17.0 and parameters: {'x_0': 2, 'x_1': 0, 'x_2': 2, 'x_3': -3}. Best is trial 7 with value: 6.0.
2024-11-17 07:13:56,188 - INFO - Candidate Mean Stats: {'Max': np.float64(84.0), 'Min': np.float64(-0.24709340524482842), 'Mean': np.float64(0.2507477005256706), 'Std': np.float64(3.460337830016878)}
2024-11-17 07:13:56,188 - INFO - Candidate Std Stats: {'Max': np.float64(0.48313924726808233), 'Min': np.float64(0.0), 'Mean': np.float64(0.06072290136758626), 'Std': np.float64(0.05141630002514918)}
2024-11-17 07:13:56,190 - INFO - Top 10 Mean Stats: {'Max': np.float64(-0.17152188916349953), 'Min': np.float64(-0.24709340524482842), 'Mean': np.float64(-0.20283960741722243), 'Std': np.float64(0.02390939319394979)}
2024-11-17 07:13:56,190 - INFO - Top 10 Std Stats: {'Max': np.float64(0.4514411488858505), 'Min': np.float64(0.2961216365194842), 'Mean': np.float64(0.36041180031667863), 'Std': np.float64(0.05251470535674644)}
2024-11-17 07:13:56,190 - INFO - Bottom 10 Mean Stats: {'Max': np.float64(84.0), 'Min': np.float64(66.0), 'Mean': np.float64(71.8), 'Std': np.float64(6.64529909033446)}
2024-11-17 07:13:56,190 - INFO - Bottom 10 Std Stats: {'Max': np.float64(0.0), 'Min': np.float64(0.0), 'Mean': np.float64(0.0), 'Std': np.float64(0.0)}
[I 2024-11-17 07:13:56,203] Trial 94 finished with value: 27.0 and parameters: {'x_0': 0, 'x_1': 3, 'x_2': -3, 'x_3': 3}. Best is trial 76 with value: 7.0.
2024-11-17 07:13:56,294 - INFO - Candidate Mean Stats: {'Max': np.float64(91.0), 'Min': np.float64(-0.25002339156544906), 'Mean': np.float64(0.272073122613592), 'Std': np.float64(3.688161910418794)}
2024-11-17 07:13:56,294 - INFO - Candidate Std Stats: {'Max': np.float64(0.524818704764196), 'Min': np.float64(0.0), 'Mean': np.float64(0.06546544267300039), 'Std': np.float64(0.04746342425990402)}
2024-11-17 07:13:56,295 - INFO - Top 10 Mean Stats: {'Max': np.float64(-0.1266096227825762), 'Min': np.float64(-0.25002339156544906), 'Mean': np.float64(-0.1982837775343311), 'Std': np.float64(0.029422483788884658)}
2024-11-17 07:13:56,295 - INFO - Top 10 Std Stats: {'Max': np.float64(0.524818704764196), 'Min': np.float64(0.3201332948841905), 'Mean': np.float64(0.37974075189522727), 'Std': np.float64(0.05675814686210269)}
2024-11-17 07:13:56,295 - INFO - Bottom 10 Mean Stats: {'Max': np.float64(91.0), 'Min': np.float64(75.0), 'Mean': np.float64(79.8), 'Std': np.float64(5.344155686354955)}
2024-11-17 07:13:56,295 - INFO - Bottom 10 Std Stats: {'Max': np.float64(0.0), 'Min': np.float64(0.0), 'Mean': np.float64(0.0), 'Std': np.float64(0.0)}
[I 2024-11-17 07:13:56,309] Trial 95 finished with value: 39.0 and parameters: {'x_0': 3, 'x_1': -1, 'x_2': -5, 'x_3': 2}. Best is trial 84 with value: 10.0.
2024-11-17 07:13:56,369 - INFO - Candidate Mean Stats: {'Max': np.float64(75.0), 'Min': np.float64(-0.26488674896693637), 'Mean': np.float64(0.22839158939164897), 'Std': np.float64(3.2392583166670628)}
2024-11-17 07:13:56,369 - INFO - Candidate Std Stats: {'Max': np.float64(0.44267932546915845), 'Min': np.float64(0.0), 'Mean': np.float64(0.06070959290386501), 'Std': np.float64(0.05144222285255564)}
2024-11-17 07:13:56,370 - INFO - Top 10 Mean Stats: {'Max': np.float64(-0.1504877709134788), 'Min': np.float64(-0.26488674896693637), 'Mean': np.float64(-0.20629484804242923), 'Std': np.float64(0.027530193700049152)}
2024-11-17 07:13:56,370 - INFO - Top 10 Std Stats: {'Max': np.float64(0.4398450740230645), 'Min': np.float64(0.3234243426681683), 'Mean': np.float64(0.3668717608699087), 'Std': np.float64(0.03486553608375676)}
2024-11-17 07:13:56,370 - INFO - Bottom 10 Mean Stats: {'Max': np.float64(75.0), 'Min': np.float64(59.0), 'Mean': np.float64(66.7), 'Std': np.float64(5.950630218724736)}
2024-11-17 07:13:56,370 - INFO - Bottom 10 Std Stats: {'Max': np.float64(0.0), 'Min': np.float64(0.0), 'Mean': np.float64(0.0), 'Std': np.float64(0.0)}
[I 2024-11-17 07:13:56,385] Trial 90 finished with value: 44.0 and parameters: {'x_0': -3, 'x_1': -5, 'x_2': -1, 'x_3': -3}. Best is trial 7 with value: 6.0.
2024-11-17 07:13:56,410 - INFO - Candidate Mean Stats: {'Max': np.float64(84.0), 'Min': np.float64(-0.2833894215388671), 'Mean': np.float64(0.2525659109516245), 'Std': np.float64(3.4674056122594337)}
2024-11-17 07:13:56,410 - INFO - Candidate Std Stats: {'Max': np.float64(0.5772669197320046), 'Min': np.float64(0.0), 'Mean': np.float64(0.06283125836383775), 'Std': np.float64(0.04865273594260782)}
2024-11-17 07:13:56,411 - INFO - Top 10 Mean Stats: {'Max': np.float64(-0.10493869314453667), 'Min': np.float64(-0.2833894215388671), 'Mean': np.float64(-0.17929554945107928), 'Std': np.float64(0.04689400402687804)}
2024-11-17 07:13:56,412 - INFO - Top 10 Std Stats: {'Max': np.float64(0.5772669197320046), 'Min': np.float64(0.27879487333452296), 'Mean': np.float64(0.39516989968155414), 'Std': np.float64(0.08261235572678514)}
2024-11-17 07:13:56,412 - INFO - Bottom 10 Mean Stats: {'Max': np.float64(84.0), 'Min': np.float64(66.0), 'Mean': np.float64(71.8), 'Std': np.float64(6.64529909033446)}
2024-11-17 07:13:56,412 - INFO - Bottom 10 Std Stats: {'Max': np.float64(0.0), 'Min': np.float64(0.0), 'Mean': np.float64(0.0), 'Std': np.float64(0.0)}
