[I 2024-11-17 07:14:31,057] Trial 220 finished with value: 5.0 and parameters: {'x_0': -2, 'x_1': 0, 'x_2': 1, 'x_3': 0}. Best is trial 141 with value: 2.0.
2024-11-17 07:14:31,076 - INFO - Candidate Mean Stats: {'Max': np.float64(100.0), 'Min': np.float64(-0.22467897978202692), 'Mean': np.float64(0.8034367328104285), 'Std': np.float64(6.870028893657806)}
2024-11-17 07:14:31,077 - INFO - Candidate Std Stats: {'Max': np.float64(0.35934629285515), 'Min': np.float64(0.0), 'Mean': np.float64(0.04718148577378364), 'Std': np.float64(0.04244743048059264)}
2024-11-17 07:14:31,078 - INFO - Top 10 Mean Stats: {'Max': np.float64(-0.051269121671664884), 'Min': np.float64(-0.22467897978202692), 'Mean': np.float64(-0.15627260600604503), 'Std': np.float64(0.04956118650142037)}
2024-11-17 07:14:31,078 - INFO - Top 10 Std Stats: {'Max': np.float64(0.35934629285515), 'Min': np.float64(0.23440133104600047), 'Mean': np.float64(0.2977678928473636), 'Std': np.float64(0.044861298572797775)}
2024-11-17 07:14:31,078 - INFO - Bottom 10 Mean Stats: {'Max': np.float64(100.0), 'Min': np.float64(91.0), 'Mean': np.float64(95.5), 'Std': np.float64(4.5)}
2024-11-17 07:14:31,078 - INFO - Bottom 10 Std Stats: {'Max': np.float64(0.0), 'Min': np.float64(0.0), 'Mean': np.float64(0.0), 'Std': np.float64(0.0)}
[I 2024-11-17 07:14:31,092] Trial 234 finished with value: 28.0 and parameters: {'x_0': 3, 'x_1': -3, 'x_2': -3, 'x_3': 1}. Best is trial 179 with value: 1.0.
2024-11-17 07:14:31,117 - INFO - Candidate Mean Stats: {'Max': np.float64(100.0), 'Min': np.float64(-0.2693432278468707), 'Mean': np.float64(0.6907486973016025), 'Std': np.float64(6.085260678898756)}
2024-11-17 07:14:31,117 - INFO - Candidate Std Stats: {'Max': np.float64(0.7361860249734694), 'Min': np.float64(0.0), 'Mean': np.float64(0.04693037208437187), 'Std': np.float64(0.051471438126548426)}
2024-11-17 07:14:31,118 - INFO - Top 10 Mean Stats: {'Max': np.float64(-0.11241988509972622), 'Min': np.float64(-0.2693432278468707), 'Mean': np.float64(-0.1882886756763298), 'Std': np.float64(0.044750694936502564)}
2024-11-17 07:14:31,118 - INFO - Top 10 Std Stats: {'Max': np.float64(0.5463318537816502), 'Min': np.float64(0.3816711760997928), 'Mean': np.float64(0.45871154998493574), 'Std': np.float64(0.05973922937936311)}
2024-11-17 07:14:31,119 - INFO - Bottom 10 Mean Stats: {'Max': np.float64(100.0), 'Min': np.float64(84.0), 'Mean': np.float64(89.1), 'Std': np.float64(4.90815647672321)}
2024-11-17 07:14:31,119 - INFO - Bottom 10 Std Stats: {'Max': np.float64(0.0), 'Min': np.float64(0.0), 'Mean': np.float64(0.0), 'Std': np.float64(0.0)}
[I 2024-11-17 07:14:31,133] Trial 227 finished with value: 9.0 and parameters: {'x_0': 2, 'x_1': 0, 'x_2': 1, 'x_3': 2}. Best is trial 190 with value: 6.0.
2024-11-17 07:14:31,352 - INFO - Candidate Mean Stats: {'Max': np.float64(100.0), 'Min': np.float64(-0.21517605467907108), 'Mean': np.float64(0.8010641140210886), 'Std': np.float64(6.874162075834295)}
2024-11-17 07:14:31,352 - INFO - Candidate Std Stats: {'Max': np.float64(0.47730106003131717), 'Min': np.float64(0.0), 'Mean': np.float64(0.05144530039334102), 'Std': np.float64(0.04651417388884058)}
2024-11-17 07:14:31,354 - INFO - Top 10 Mean Stats: {'Max': np.float64(-0.11683198471246523), 'Min': np.float64(-0.21517605467907108), 'Mean': np.float64(-0.15733318096760107), 'Std': np.float64(0.028656322514672247)}
2024-11-17 07:14:31,354 - INFO - Top 10 Std Stats: {'Max': np.float64(0.47730106003131717), 'Min': np.float64(0.280235454924489), 'Mean': np.float64(0.33612456652737993), 'Std': np.float64(0.056325733948258086)}
2024-11-17 07:14:31,354 - INFO - Bottom 10 Mean Stats: {'Max': np.float64(100.0), 'Min': np.float64(91.0), 'Mean': np.float64(95.5), 'Std': np.float64(4.5)}
2024-11-17 07:14:31,354 - INFO - Bottom 10 Std Stats: {'Max': np.float64(0.0), 'Min': np.float64(0.0), 'Mean': np.float64(0.0), 'Std': np.float64(0.0)}
2024-11-17 07:14:31,357 - INFO - Candidate Mean Stats: {'Max': np.float64(75.0), 'Min': np.float64(-0.261423545879409), 'Mean': np.float64(0.5545986215058887), 'Std': np.float64(5.032454187502643)}
2024-11-17 07:14:31,357 - INFO - Candidate Std Stats: {'Max': np.float64(0.49947846260649537), 'Min': np.float64(0.0), 'Mean': np.float64(0.06203101715549353), 'Std': np.float64(0.0477792000669161)}
2024-11-17 07:14:31,359 - INFO - Top 10 Mean Stats: {'Max': np.float64(-0.062391561193935054), 'Min': np.float64(-0.2464464748696431), 'Mean': np.float64(-0.1957960005839082), 'Std': np.float64(0.05005537465924835)}
2024-11-17 07:14:31,359 - INFO - Top 10 Std Stats: {'Max': np.float64(0.49947846260649537), 'Min': np.float64(0.30033366819419804), 'Mean': np.float64(0.37491442582620804), 'Std': np.float64(0.06595300262906689)}
2024-11-17 07:14:31,359 - INFO - Bottom 10 Mean Stats: {'Max': np.float64(75.0), 'Min': np.float64(70.0), 'Mean': np.float64(73.6), 'Std': np.float64(1.9595917942265422)}
2024-11-17 07:14:31,359 - INFO - Bottom 10 Std Stats: {'Max': np.float64(0.0), 'Min': np.float64(0.0), 'Mean': np.float64(0.0), 'Std': np.float64(0.0)}
[I 2024-11-17 07:14:31,369] Trial 235 finished with value: 75.0 and parameters: {'x_0': -4, 'x_1': -3, 'x_2': 5, 'x_3': 5}. Best is trial 179 with value: 1.0.
2024-11-17 07:14:31,375 - INFO - Candidate Mean Stats: {'Max': np.float64(100.0), 'Min': np.float64(-0.18875347964943992), 'Mean': np.float64(0.6912568637812219), 'Std': np.float64(6.0856539951269015)}
2024-11-17 07:14:31,375 - INFO - Candidate Std Stats: {'Max': np.float64(0.7527470169528316), 'Min': np.float64(0.0), 'Mean': np.float64(0.05241003591267163), 'Std': np.float64(0.04819383116863262)}
[I 2024-11-17 07:14:31,375] Trial 221 finished with value: 55.0 and parameters: {'x_0': -2, 'x_1': -5, 'x_2': -1, 'x_3': 5}. Best is trial 141 with value: 2.0.
2024-11-17 07:14:31,376 - INFO - Top 10 Mean Stats: {'Max': np.float64(0.1617500480690253), 'Min': np.float64(-0.18875347964943992), 'Mean': np.float64(-0.07686808073811954), 'Std': np.float64(0.10860956181176495)}
2024-11-17 07:14:31,376 - INFO - Top 10 Std Stats: {'Max': np.float64(0.7527470169528316), 'Min': np.float64(0.28091345880392277), 'Mean': np.float64(0.4246272207271982), 'Std': np.float64(0.13520695788134013)}
2024-11-17 07:14:31,376 - INFO - Bottom 10 Mean Stats: {'Max': np.float64(100.0), 'Min': np.float64(84.0), 'Mean': np.float64(89.1), 'Std': np.float64(4.90815647672321)}
2024-11-17 07:14:31,377 - INFO - Bottom 10 Std Stats: {'Max': np.float64(0.0), 'Min': np.float64(0.0), 'Mean': np.float64(0.0), 'Std': np.float64(0.0)}
[I 2024-11-17 07:14:31,390] Trial 228 finished with value: 79.0 and parameters: {'x_0': -5, 'x_1': 5, 'x_2': -5, 'x_3': -2}. Best is trial 190 with value: 6.0.
2024-11-17 07:14:31,595 - INFO - Candidate Mean Stats: {'Max': np.float64(100.0), 'Min': np.float64(-0.246160262141711), 'Mean': np.float64(0.8088629582946363), 'Std': np.float64(6.901158837551615)}
2024-11-17 07:14:31,595 - INFO - Candidate Std Stats: {'Max': np.float64(0.5737277405097411), 'Min': np.float64(0.0), 'Mean': np.float64(0.04483579417190842), 'Std': np.float64(0.04396111092036194)}
2024-11-17 07:14:31,596 - INFO - Top 10 Mean Stats: {'Max': np.float64(-0.16097673443686605), 'Min': np.float64(-0.246160262141711), 'Mean': np.float64(-0.19106554893363967), 'Std': np.float64(0.028790022976290245)}
2024-11-17 07:14:31,596 - INFO - Top 10 Std Stats: {'Max': np.float64(0.5737277405097411), 'Min': np.float64(0.2693626999941792), 'Mean': np.float64(0.36956103376269206), 'Std': np.float64(0.09099235312070915)}
2024-11-17 07:14:31,596 - INFO - Bottom 10 Mean Stats: {'Max': np.float64(100.0), 'Min': np.float64(91.0), 'Mean': np.float64(95.5), 'Std': np.float64(4.5)}
2024-11-17 07:14:31,596 - INFO - Bottom 10 Std Stats: {'Max': np.float64(0.0), 'Min': np.float64(0.0), 'Mean': np.float64(0.0), 'Std': np.float64(0.0)}
[I 2024-11-17 07:14:31,612] Trial 236 finished with value: 20.0 and parameters: {'x_0': 3, 'x_1': -1, 'x_2': 3, 'x_3': 1}. Best is trial 179 with value: 1.0.
2024-11-17 07:14:31,623 - INFO - Candidate Mean Stats: {'Max': np.float64(100.0), 'Min': np.float64(-0.27708702474586755), 'Mean': np.float64(0.6960864424890757), 'Std': np.float64(6.120036716123607)}
2024-11-17 07:14:31,623 - INFO - Candidate Std Stats: {'Max': np.float64(1.0442143814269964), 'Min': np.float64(0.0), 'Mean': np.float64(0.05125503652617021), 'Std': np.float64(0.05330375971956975)}
2024-11-17 07:14:31,624 - INFO - Top 10 Mean Stats: {'Max': np.float64(-0.06562388614355874), 'Min': np.float64(-0.27708702474586755), 'Mean': np.float64(-0.19653969499712048), 'Std': np.float64(0.07029797311426556)}
2024-11-17 07:14:31,624 - INFO - Top 10 Std Stats: {'Max': np.float64(1.0442143814269964), 'Min': np.float64(0.32013883519658587), 'Mean': np.float64(0.4825444940445863), 'Std': np.float64(0.19785447759499813)}
2024-11-17 07:14:31,624 - INFO - Bottom 10 Mean Stats: {'Max': np.float64(100.0), 'Min': np.float64(84.0), 'Mean': np.float64(89.1), 'Std': np.float64(4.90815647672321)}
2024-11-17 07:14:31,624 - INFO - Bottom 10 Std Stats: {'Max': np.float64(0.0), 'Min': np.float64(0.0), 'Mean': np.float64(0.0), 'Std': np.float64(0.0)}
2024-11-17 07:14:31,625 - INFO - Candidate Mean Stats: {'Max': np.float64(75.0), 'Min': np.float64(-0.27124145177939823), 'Mean': np.float64(0.5600662675213937), 'Std': np.float64(5.0523362147019135)}
2024-11-17 07:14:31,625 - INFO - Candidate Std Stats: {'Max': np.float64(0.5057700512647952), 'Min': np.float64(0.0), 'Mean': np.float64(0.06183348410589411), 'Std': np.float64(0.04876881144009223)}
2024-11-17 07:14:31,626 - INFO - Top 10 Mean Stats: {'Max': np.float64(-0.17947791283829323), 'Min': np.float64(-0.27124145177939823), 'Mean': np.float64(-0.20959688353363304), 'Std': np.float64(0.027628533385696184)}
2024-11-17 07:14:31,627 - INFO - Top 10 Std Stats: {'Max': np.float64(0.4341710700332075), 'Min': np.float64(0.3270348674470694), 'Mean': np.float64(0.37575892394496646), 'Std': np.float64(0.03765209127164581)}
2024-11-17 07:14:31,627 - INFO - Bottom 10 Mean Stats: {'Max': np.float64(75.0), 'Min': np.float64(70.0), 'Mean': np.float64(73.6), 'Std': np.float64(1.9595917942265422)}
2024-11-17 07:14:31,627 - INFO - Bottom 10 Std Stats: {'Max': np.float64(0.0), 'Min': np.float64(0.0), 'Mean': np.float64(0.0), 'Std': np.float64(0.0)}
[I 2024-11-17 07:14:31,640] Trial 229 finished with value: 70.0 and parameters: {'x_0': -5, 'x_1': -4, 'x_2': 2, 'x_3': -5}. Best is trial 190 with value: 6.0.
[I 2024-11-17 07:14:31,644] Trial 222 finished with value: 30.0 and parameters: {'x_0': -2, 'x_1': -5, 'x_2': -1, 'x_3': 0}. Best is trial 141 with value: 2.0.
2024-11-17 07:14:31,976 - INFO - Candidate Mean Stats: {'Max': np.float64(75.0), 'Min': np.float64(-0.22464588524060206), 'Mean': np.float64(0.5602993829204513), 'Std': np.float64(5.058388254334337)}
2024-11-17 07:14:31,976 - INFO - Candidate Std Stats: {'Max': np.float64(0.5123949681467272), 'Min': np.float64(0.0), 'Mean': np.float64(0.062408533176159735), 'Std': np.float64(0.045846128037439225)}
2024-11-17 07:14:31,977 - INFO - Top 10 Mean Stats: {'Max': np.float64(-0.1376921049923196), 'Min': np.float64(-0.22464588524060206), 'Mean': np.float64(-0.17301790611473578), 'Std': np.float64(0.026236406173460246)}
2024-11-17 07:14:31,977 - INFO - Top 10 Std Stats: {'Max': np.float64(0.4537087955974328), 'Min': np.float64(0.24882001479381677), 'Mean': np.float64(0.3149782489188978), 'Std': np.float64(0.05379862188600826)}
2024-11-17 07:14:31,977 - INFO - Bottom 10 Mean Stats: {'Max': np.float64(75.0), 'Min': np.float64(70.0), 'Mean': np.float64(73.6), 'Std': np.float64(1.9595917942265422)}
2024-11-17 07:14:31,977 - INFO - Bottom 10 Std Stats: {'Max': np.float64(0.0), 'Min': np.float64(0.0), 'Mean': np.float64(0.0), 'Std': np.float64(0.0)}
2024-11-17 07:14:31,998 - INFO - Candidate Mean Stats: {'Max': np.float64(100.0), 'Min': np.float64(-0.5237630328768309), 'Mean': np.float64(0.6984008369053666), 'Std': np.float64(6.147044483856413)}
2024-11-17 07:14:31,998 - INFO - Candidate Std Stats: {'Max': np.float64(0.8005131956267487), 'Min': np.float64(0.0), 'Mean': np.float64(0.05231263451527646), 'Std': np.float64(0.0484120638971741)}
2024-11-17 07:14:32,000 - INFO - Top 10 Mean Stats: {'Max': np.float64(-0.003208094308612036), 'Min': np.float64(-0.5237630328768309), 'Mean': np.float64(-0.27323871276660583), 'Std': np.float64(0.12947504939198645)}
2024-11-17 07:14:32,000 - INFO - Top 10 Std Stats: {'Max': np.float64(0.8005131956267487), 'Min': np.float64(0.31790442458166046), 'Mean': np.float64(0.5280321968075097), 'Std': np.float64(0.14755023578022317)}
2024-11-17 07:14:32,000 - INFO - Bottom 10 Mean Stats: {'Max': np.float64(100.0), 'Min': np.float64(84.0), 'Mean': np.float64(89.1), 'Std': np.float64(4.90815647672321)}
2024-11-17 07:14:32,000 - INFO - Bottom 10 Std Stats: {'Max': np.float64(0.0), 'Min': np.float64(0.0), 'Mean': np.float64(0.0), 'Std': np.float64(0.0)}
[I 2024-11-17 07:14:32,007] Trial 223 finished with value: 17.0 and parameters: {'x_0': 0, 'x_1': 0, 'x_2': 4, 'x_3': -1}. Best is trial 141 with value: 2.0.
2024-11-17 07:14:32,020 - INFO - Candidate Mean Stats: {'Max': np.float64(100.0), 'Min': np.float64(-0.17563617664468173), 'Mean': np.float64(0.8111279515300054), 'Std': np.float64(6.9028632254436975)}
2024-11-17 07:14:32,020 - INFO - Candidate Std Stats: {'Max': np.float64(0.5416584306187237), 'Min': np.float64(0.0), 'Mean': np.float64(0.046141678681535736), 'Std': np.float64(0.044776271098379394)}
2024-11-17 07:14:32,021 - INFO - Top 10 Mean Stats: {'Max': np.float64(-0.101942177539703), 'Min': np.float64(-0.17563617664468173), 'Mean': np.float64(-0.12850905119008038), 'Std': np.float64(0.019585346208213172)}
2024-11-17 07:14:32,021 - INFO - Top 10 Std Stats: {'Max': np.float64(0.3966253082080773), 'Min': np.float64(0.27041596809992346), 'Mean': np.float64(0.30847700244810305), 'Std': np.float64(0.03406264173027709)}
2024-11-17 07:14:32,021 - INFO - Bottom 10 Mean Stats: {'Max': np.float64(100.0), 'Min': np.float64(91.0), 'Mean': np.float64(95.5), 'Std': np.float64(4.5)}
2024-11-17 07:14:32,021 - INFO - Bottom 10 Std Stats: {'Max': np.float64(0.0), 'Min': np.float64(0.0), 'Mean': np.float64(0.0), 'Std': np.float64(0.0)}
[I 2024-11-17 07:14:32,024] Trial 230 finished with value: 12.0 and parameters: {'x_0': -1, 'x_1': 1, 'x_2': -3, 'x_3': -1}. Best is trial 190 with value: 6.0.
[I 2024-11-17 07:14:32,041] Trial 237 finished with value: 47.0 and parameters: {'x_0': 2, 'x_1': -3, 'x_2': -3, 'x_3': 5}. Best is trial 179 with value: 1.0.
2024-11-17 07:14:32,484 - INFO - Candidate Mean Stats: {'Max': np.float64(100.0), 'Min': np.float64(-0.23311869138251878), 'Mean': np.float64(0.8112944245493201), 'Std': np.float64(6.913767858068471)}
2024-11-17 07:14:32,484 - INFO - Candidate Std Stats: {'Max': np.float64(0.5435480514608936), 'Min': np.float64(0.0), 'Mean': np.float64(0.051152138948774434), 'Std': np.float64(0.04733062720006167)}
2024-11-17 07:14:32,486 - INFO - Top 10 Mean Stats: {'Max': np.float64(-0.08964812071130432), 'Min': np.float64(-0.23311869138251878), 'Mean': np.float64(-0.18839668282996122), 'Std': np.float64(0.03616639505089939)}
2024-11-17 07:14:32,486 - INFO - Top 10 Std Stats: {'Max': np.float64(0.4536512942914048), 'Min': np.float64(0.3155378358823243), 'Mean': np.float64(0.35475483085596565), 'Std': np.float64(0.04106762542161231)}
2024-11-17 07:14:32,486 - INFO - Bottom 10 Mean Stats: {'Max': np.float64(100.0), 'Min': np.float64(91.0), 'Mean': np.float64(95.5), 'Std': np.float64(4.5)}
2024-11-17 07:14:32,486 - INFO - Bottom 10 Std Stats: {'Max': np.float64(0.0), 'Min': np.float64(0.0), 'Mean': np.float64(0.0), 'Std': np.float64(0.0)}
[I 2024-11-17 07:14:32,503] Trial 238 finished with value: 20.0 and parameters: {'x_0': -2, 'x_1': -4, 'x_2': 0, 'x_3': 0}. Best is trial 179 with value: 1.0.
2024-11-17 07:14:32,507 - INFO - Candidate Mean Stats: {'Max': np.float64(75.0), 'Min': np.float64(-0.25178655171103526), 'Mean': np.float64(0.5638942733868878), 'Std': np.float64(5.0599516827699045)}
2024-11-17 07:14:32,507 - INFO - Candidate Std Stats: {'Max': np.float64(0.5482472066894529), 'Min': np.float64(0.0), 'Mean': np.float64(0.06357776507410871), 'Std': np.float64(0.05011104149078457)}
2024-11-17 07:14:32,525 - INFO - Top 10 Mean Stats: {'Max': np.float64(-0.136208737960705), 'Min': np.float64(-0.25178655171103526), 'Mean': np.float64(-0.20504831955590003), 'Std': np.float64(0.03172854855124712)}
2024-11-17 07:14:32,525 - INFO - Top 10 Std Stats: {'Max': np.float64(0.48219135838646576), 'Min': np.float64(0.3249856179251447), 'Mean': np.float64(0.3931015602378841), 'Std': np.float64(0.05260785271025523)}
2024-11-17 07:14:32,526 - INFO - Bottom 10 Mean Stats: {'Max': np.float64(75.0), 'Min': np.float64(70.0), 'Mean': np.float64(73.6), 'Std': np.float64(1.9595917942265422)}
2024-11-17 07:14:32,526 - INFO - Bottom 10 Std Stats: {'Max': np.float64(0.0), 'Min': np.float64(0.0), 'Mean': np.float64(0.0), 'Std': np.float64(0.0)}
2024-11-17 07:14:32,550 - INFO - Candidate Mean Stats: {'Max': np.float64(100.0), 'Min': np.float64(-0.25298186432865943), 'Mean': np.float64(0.7008083872311572), 'Std': np.float64(6.147569240982041)}
2024-11-17 07:14:32,550 - INFO - Candidate Std Stats: {'Max': np.float64(0.9328226117039274), 'Min': np.float64(0.0), 'Mean': np.float64(0.046368896128981915), 'Std': np.float64(0.04987796216984638)}
2024-11-17 07:14:32,553 - INFO - Top 10 Mean Stats: {'Max': np.float64(0.3055889032205298), 'Min': np.float64(-0.25298186432865943), 'Mean': np.float64(-0.08297531495281986), 'Std': np.float64(0.15216629940078513)}
2024-11-17 07:14:32,553 - INFO - Top 10 Std Stats: {'Max': np.float64(0.9328226117039274), 'Min': np.float64(0.3093890846914304), 'Mean': np.float64(0.4947639887549834), 'Std': np.float64(0.169131358556308)}
2024-11-17 07:14:32,553 - INFO - Bottom 10 Mean Stats: {'Max': np.float64(100.0), 'Min': np.float64(84.0), 'Mean': np.float64(89.1), 'Std': np.float64(4.90815647672321)}
2024-11-17 07:14:32,553 - INFO - Bottom 10 Std Stats: {'Max': np.float64(0.0), 'Min': np.float64(0.0), 'Mean': np.float64(0.0), 'Std': np.float64(0.0)}
[I 2024-11-17 07:14:32,557] Trial 224 finished with value: 68.0 and parameters: {'x_0': 5, 'x_1': 5, 'x_2': 3, 'x_3': 3}. Best is trial 141 with value: 2.0.
[I 2024-11-17 07:14:32,570] Trial 231 finished with value: 75.0 and parameters: {'x_0': -5, 'x_1': 5, 'x_2': -5, 'x_3': 0}. Best is trial 190 with value: 6.0.
2024-11-17 07:14:32,911 - INFO - Candidate Mean Stats: {'Max': np.float64(75.0), 'Min': np.float64(-0.23234663143252013), 'Mean': np.float64(0.566713753795837), 'Std': np.float64(5.090750072210217)}
2024-11-17 07:14:32,911 - INFO - Candidate Std Stats: {'Max': np.float64(0.47591450724154716), 'Min': np.float64(0.0), 'Mean': np.float64(0.06306710494584236), 'Std': np.float64(0.049724823026147086)}
2024-11-17 07:14:32,912 - INFO - Top 10 Mean Stats: {'Max': np.float64(-0.14212300164061703), 'Min': np.float64(-0.23234663143252013), 'Mean': np.float64(-0.17509401067134345), 'Std': np.float64(0.02940900336627452)}
2024-11-17 07:14:32,912 - INFO - Top 10 Std Stats: {'Max': np.float64(0.47591450724154716), 'Min': np.float64(0.32163797449033704), 'Mean': np.float64(0.3907617335522276), 'Std': np.float64(0.0454425413952864)}
2024-11-17 07:14:32,913 - INFO - Bottom 10 Mean Stats: {'Max': np.float64(75.0), 'Min': np.float64(70.0), 'Mean': np.float64(73.6), 'Std': np.float64(1.9595917942265422)}
2024-11-17 07:14:32,913 - INFO - Bottom 10 Std Stats: {'Max': np.float64(0.0), 'Min': np.float64(0.0), 'Mean': np.float64(0.0), 'Std': np.float64(0.0)}
2024-11-17 07:14:32,920 - INFO - Candidate Mean Stats: {'Max': np.float64(100.0), 'Min': np.float64(-0.2202860733991722), 'Mean': np.float64(0.8106115986101804), 'Std': np.float64(6.915807029213623)}
2024-11-17 07:14:32,920 - INFO - Candidate Std Stats: {'Max': np.float64(0.47864876010586355), 'Min': np.float64(0.0), 'Mean': np.float64(0.05693861984304807), 'Std': np.float64(0.046328621864030285)}
2024-11-17 07:14:32,923 - INFO - Top 10 Mean Stats: {'Max': np.float64(-0.10389779671590453), 'Min': np.float64(-0.20211758965633847), 'Mean': np.float64(-0.15452373938111727), 'Std': np.float64(0.025863194049184846)}
2024-11-17 07:14:32,923 - INFO - Top 10 Std Stats: {'Max': np.float64(0.4746573931625962), 'Min': np.float64(0.3102899860539931), 'Mean': np.float64(0.3615306466334263), 'Std': np.float64(0.04439751843826053)}
2024-11-17 07:14:32,923 - INFO - Bottom 10 Mean Stats: {'Max': np.float64(100.0), 'Min': np.float64(91.0), 'Mean': np.float64(95.5), 'Std': np.float64(4.5)}
2024-11-17 07:14:32,923 - INFO - Bottom 10 Std Stats: {'Max': np.float64(0.0), 'Min': np.float64(0.0), 'Mean': np.float64(0.0), 'Std': np.float64(0.0)}
[I 2024-11-17 07:14:32,930] Trial 225 finished with value: 15.0 and parameters: {'x_0': 1, 'x_1': -1, 'x_2': -3, 'x_3': 2}. Best is trial 141 with value: 2.0.
