[I 2024-11-17 07:14:38,765] Trial 245 finished with value: 63.0 and parameters: {'x_0': -3, 'x_1': 2, 'x_2': 5, 'x_3': -5}. Best is trial 141 with value: 2.0.
2024-11-17 07:14:38,963 - INFO - Candidate Mean Stats: {'Max': np.float64(100.0), 'Min': np.float64(-0.27548757149646047), 'Mean': np.float64(0.7947905879293062), 'Std': np.float64(6.641223152710915)}
2024-11-17 07:14:38,963 - INFO - Candidate Std Stats: {'Max': np.float64(0.4605808079034639), 'Min': np.float64(0.0), 'Mean': np.float64(0.04787503587501462), 'Std': np.float64(0.04528213053923766)}
2024-11-17 07:14:38,965 - INFO - Top 10 Mean Stats: {'Max': np.float64(-0.1270525405658726), 'Min': np.float64(-0.27548757149646047), 'Mean': np.float64(-0.17807764995998582), 'Std': np.float64(0.04575455778079088)}
2024-11-17 07:14:38,965 - INFO - Top 10 Std Stats: {'Max': np.float64(0.3496913487387606), 'Min': np.float64(0.1954234850564877), 'Mean': np.float64(0.29231279830049783), 'Std': np.float64(0.04050563175427528)}
2024-11-17 07:14:38,965 - INFO - Bottom 10 Mean Stats: {'Max': np.float64(100.0), 'Min': np.float64(84.0), 'Mean': np.float64(92.3), 'Std': np.float64(5.692978130996113)}
2024-11-17 07:14:38,965 - INFO - Bottom 10 Std Stats: {'Max': np.float64(0.0), 'Min': np.float64(0.0), 'Mean': np.float64(0.0), 'Std': np.float64(0.0)}
[I 2024-11-17 07:14:38,980] Trial 254 finished with value: 59.0 and parameters: {'x_0': -5, 'x_1': 0, 'x_2': -3, 'x_3': -5}. Best is trial 248 with value: 5.0.
2024-11-17 07:14:39,000 - INFO - Candidate Mean Stats: {'Max': np.float64(100.0), 'Min': np.float64(-0.27002215499790005), 'Mean': np.float64(0.8916808094279307), 'Std': np.float64(7.207573118705095)}
2024-11-17 07:14:39,000 - INFO - Candidate Std Stats: {'Max': np.float64(0.5074267340155866), 'Min': np.float64(0.0), 'Mean': np.float64(0.04462772668226515), 'Std': np.float64(0.0427943963448905)}
2024-11-17 07:14:39,001 - INFO - Top 10 Mean Stats: {'Max': np.float64(-0.08865927903936896), 'Min': np.float64(-0.27002215499790005), 'Mean': np.float64(-0.1827029699377212), 'Std': np.float64(0.046619629974820595)}
2024-11-17 07:14:39,001 - INFO - Top 10 Std Stats: {'Max': np.float64(0.5074267340155866), 'Min': np.float64(0.33126871238470085), 'Mean': np.float64(0.39360166880837594), 'Std': np.float64(0.05062696989964983)}
2024-11-17 07:14:39,001 - INFO - Bottom 10 Mean Stats: {'Max': np.float64(100.0), 'Min': np.float64(91.0), 'Mean': np.float64(95.5), 'Std': np.float64(4.5)}
2024-11-17 07:14:39,001 - INFO - Bottom 10 Std Stats: {'Max': np.float64(0.0), 'Min': np.float64(0.0), 'Mean': np.float64(0.0), 'Std': np.float64(0.0)}
[I 2024-11-17 07:14:39,016] Trial 262 finished with value: 31.0 and parameters: {'x_0': -5, 'x_1': -2, 'x_2': 1, 'x_3': 1}. Best is trial 179 with value: 1.0.
2024-11-17 07:14:39,065 - INFO - Candidate Mean Stats: {'Max': np.float64(75.0), 'Min': np.float64(-0.2909780884632234), 'Mean': np.float64(0.6157238553561097), 'Std': np.float64(5.31605115713111)}
2024-11-17 07:14:39,065 - INFO - Candidate Std Stats: {'Max': np.float64(0.526002814145621), 'Min': np.float64(0.0), 'Mean': np.float64(0.06321577430933921), 'Std': np.float64(0.048318119698527645)}
2024-11-17 07:14:39,066 - INFO - Top 10 Mean Stats: {'Max': np.float64(-0.14157594094102438), 'Min': np.float64(-0.2909780884632234), 'Mean': np.float64(-0.20040254727479517), 'Std': np.float64(0.04693530792798968)}
2024-11-17 07:14:39,066 - INFO - Top 10 Std Stats: {'Max': np.float64(0.4932212086354731), 'Min': np.float64(0.2981573812456398), 'Mean': np.float64(0.3807407805965331), 'Std': np.float64(0.06440990190687541)}
2024-11-17 07:14:39,066 - INFO - Bottom 10 Mean Stats: {'Max': np.float64(75.0), 'Min': np.float64(70.0), 'Mean': np.float64(73.6), 'Std': np.float64(1.9595917942265422)}
2024-11-17 07:14:39,066 - INFO - Bottom 10 Std Stats: {'Max': np.float64(0.0), 'Min': np.float64(0.0), 'Mean': np.float64(0.0), 'Std': np.float64(0.0)}
[I 2024-11-17 07:14:39,081] Trial 246 finished with value: 26.0 and parameters: {'x_0': 2, 'x_1': 3, 'x_2': 2, 'x_3': -3}. Best is trial 141 with value: 2.0.
2024-11-17 07:14:39,177 - INFO - Candidate Mean Stats: {'Max': np.float64(100.0), 'Min': np.float64(-0.22298796748087382), 'Mean': np.float64(0.795730919184383), 'Std': np.float64(6.6589717929633565)}
2024-11-17 07:14:39,177 - INFO - Candidate Std Stats: {'Max': np.float64(0.5883866832592529), 'Min': np.float64(0.0), 'Mean': np.float64(0.051338273203084275), 'Std': np.float64(0.04641396614749444)}
2024-11-17 07:14:39,179 - INFO - Top 10 Mean Stats: {'Max': np.float64(-0.14064374447870526), 'Min': np.float64(-0.22298796748087382), 'Mean': np.float64(-0.17429510851263957), 'Std': np.float64(0.023866060961327693)}
2024-11-17 07:14:39,179 - INFO - Top 10 Std Stats: {'Max': np.float64(0.466197716491099), 'Min': np.float64(0.27417267521441824), 'Mean': np.float64(0.3399302459343572), 'Std': np.float64(0.05331658709941042)}
2024-11-17 07:14:39,179 - INFO - Bottom 10 Mean Stats: {'Max': np.float64(100.0), 'Min': np.float64(84.0), 'Mean': np.float64(92.3), 'Std': np.float64(5.692978130996113)}
2024-11-17 07:14:39,179 - INFO - Bottom 10 Std Stats: {'Max': np.float64(0.0), 'Min': np.float64(0.0), 'Mean': np.float64(0.0), 'Std': np.float64(0.0)}
[I 2024-11-17 07:14:39,195] Trial 255 finished with value: 29.0 and parameters: {'x_0': 4, 'x_1': -3, 'x_2': 2, 'x_3': 0}. Best is trial 248 with value: 5.0.
2024-11-17 07:14:39,231 - INFO - Candidate Mean Stats: {'Max': np.float64(100.0), 'Min': np.float64(-0.36393306806007064), 'Mean': np.float64(0.8933681739153909), 'Std': np.float64(7.2119162594760535)}
2024-11-17 07:14:39,231 - INFO - Candidate Std Stats: {'Max': np.float64(0.6395505037152293), 'Min': np.float64(0.0), 'Mean': np.float64(0.045142821989393574), 'Std': np.float64(0.041897558891199206)}
2024-11-17 07:14:39,232 - INFO - Top 10 Mean Stats: {'Max': np.float64(-0.1028133131785826), 'Min': np.float64(-0.36393306806007064), 'Mean': np.float64(-0.17626234516773787), 'Std': np.float64(0.07070976897967876)}
2024-11-17 07:14:39,232 - INFO - Top 10 Std Stats: {'Max': np.float64(0.6395505037152293), 'Min': np.float64(0.29317373361988003), 'Mean': np.float64(0.39253451953295376), 'Std': np.float64(0.10087578063335602)}
2024-11-17 07:14:39,232 - INFO - Bottom 10 Mean Stats: {'Max': np.float64(100.0), 'Min': np.float64(91.0), 'Mean': np.float64(95.5), 'Std': np.float64(4.5)}
2024-11-17 07:14:39,232 - INFO - Bottom 10 Std Stats: {'Max': np.float64(0.0), 'Min': np.float64(0.0), 'Mean': np.float64(0.0), 'Std': np.float64(0.0)}
[I 2024-11-17 07:14:39,248] Trial 263 finished with value: 54.0 and parameters: {'x_0': -3, 'x_1': -5, 'x_2': -4, 'x_3': 2}. Best is trial 179 with value: 1.0.
2024-11-17 07:14:39,335 - INFO - Candidate Mean Stats: {'Max': np.float64(75.0), 'Min': np.float64(-0.3008279944540047), 'Mean': np.float64(0.6173577919182842), 'Std': np.float64(5.320204702933571)}
2024-11-17 07:14:39,335 - INFO - Candidate Std Stats: {'Max': np.float64(0.6070070033957597), 'Min': np.float64(0.0), 'Mean': np.float64(0.06290355584416799), 'Std': np.float64(0.04867869288700712)}
2024-11-17 07:14:39,336 - INFO - Top 10 Mean Stats: {'Max': np.float64(-0.15940564090372378), 'Min': np.float64(-0.3008279944540047), 'Mean': np.float64(-0.21603461906471946), 'Std': np.float64(0.04122835868363265)}
2024-11-17 07:14:39,336 - INFO - Top 10 Std Stats: {'Max': np.float64(0.6070070033957597), 'Min': np.float64(0.3586952973956496), 'Mean': np.float64(0.4157706804622543), 'Std': np.float64(0.06870517753764559)}
2024-11-17 07:14:39,336 - INFO - Bottom 10 Mean Stats: {'Max': np.float64(75.0), 'Min': np.float64(70.0), 'Mean': np.float64(73.6), 'Std': np.float64(1.9595917942265422)}
2024-11-17 07:14:39,336 - INFO - Bottom 10 Std Stats: {'Max': np.float64(0.0), 'Min': np.float64(0.0), 'Mean': np.float64(0.0), 'Std': np.float64(0.0)}
[I 2024-11-17 07:14:39,351] Trial 247 finished with value: 91.0 and parameters: {'x_0': -4, 'x_1': 5, 'x_2': -5, 'x_3': 5}. Best is trial 141 with value: 2.0.
2024-11-17 07:14:39,455 - INFO - Candidate Mean Stats: {'Max': np.float64(100.0), 'Min': np.float64(-0.24541327994155396), 'Mean': np.float64(0.8978496956989488), 'Std': np.float64(7.225147355126383)}
2024-11-17 07:14:39,455 - INFO - Candidate Std Stats: {'Max': np.float64(0.42597414332872224), 'Min': np.float64(0.0), 'Mean': np.float64(0.04532040186013181), 'Std': np.float64(0.043328425671840226)}
2024-11-17 07:14:39,456 - INFO - Top 10 Mean Stats: {'Max': np.float64(-0.13604996339763686), 'Min': np.float64(-0.24541327994155396), 'Mean': np.float64(-0.1761802712851807), 'Std': np.float64(0.03677442250894425)}
2024-11-17 07:14:39,456 - INFO - Top 10 Std Stats: {'Max': np.float64(0.42597414332872224), 'Min': np.float64(0.26628074684312075), 'Mean': np.float64(0.34308606982579715), 'Std': np.float64(0.048126188109183926)}
2024-11-17 07:14:39,456 - INFO - Bottom 10 Mean Stats: {'Max': np.float64(100.0), 'Min': np.float64(91.0), 'Mean': np.float64(95.5), 'Std': np.float64(4.5)}
2024-11-17 07:14:39,456 - INFO - Bottom 10 Std Stats: {'Max': np.float64(0.0), 'Min': np.float64(0.0), 'Mean': np.float64(0.0), 'Std': np.float64(0.0)}
2024-11-17 07:14:39,457 - INFO - Candidate Mean Stats: {'Max': np.float64(100.0), 'Min': np.float64(-0.2540657432500224), 'Mean': np.float64(0.7997462551628436), 'Std': np.float64(6.662795212192913)}
2024-11-17 07:14:39,457 - INFO - Candidate Std Stats: {'Max': np.float64(0.678502285546835), 'Min': np.float64(0.0), 'Mean': np.float64(0.04992250014239877), 'Std': np.float64(0.04568941505384872)}
2024-11-17 07:14:39,459 - INFO - Top 10 Mean Stats: {'Max': np.float64(-0.12194409589755743), 'Min': np.float64(-0.2540657432500224), 'Mean': np.float64(-0.17049593220673737), 'Std': np.float64(0.03210857371079778)}
2024-11-17 07:14:39,459 - INFO - Top 10 Std Stats: {'Max': np.float64(0.37840920533489925), 'Min': np.float64(0.2600244199493397), 'Mean': np.float64(0.31747243035818223), 'Std': np.float64(0.03611588148550439)}
2024-11-17 07:14:39,459 - INFO - Bottom 10 Mean Stats: {'Max': np.float64(100.0), 'Min': np.float64(84.0), 'Mean': np.float64(92.3), 'Std': np.float64(5.692978130996113)}
2024-11-17 07:14:39,459 - INFO - Bottom 10 Std Stats: {'Max': np.float64(0.0), 'Min': np.float64(0.0), 'Mean': np.float64(0.0), 'Std': np.float64(0.0)}
[I 2024-11-17 07:14:39,472] Trial 264 finished with value: 66.0 and parameters: {'x_0': -3, 'x_1': -4, 'x_2': 5, 'x_3': -4}. Best is trial 179 with value: 1.0.
[I 2024-11-17 07:14:39,474] Trial 256 finished with value: 47.0 and parameters: {'x_0': 2, 'x_1': 5, 'x_2': -3, 'x_3': -3}. Best is trial 248 with value: 5.0.
2024-11-17 07:14:39,654 - INFO - Candidate Mean Stats: {'Max': np.float64(91.0), 'Min': np.float64(-0.3542789776386912), 'Mean': np.float64(0.6213380412303366), 'Std': np.float64(5.372639860613409)}
2024-11-17 07:14:39,654 - INFO - Candidate Std Stats: {'Max': np.float64(0.5881693037421222), 'Min': np.float64(0.0), 'Mean': np.float64(0.060595839353581225), 'Std': np.float64(0.050847325451639405)}
2024-11-17 07:14:39,656 - INFO - Top 10 Mean Stats: {'Max': np.float64(-0.15718467398368352), 'Min': np.float64(-0.3542789776386912), 'Mean': np.float64(-0.26475592081968113), 'Std': np.float64(0.06078728390545459)}
2024-11-17 07:14:39,656 - INFO - Top 10 Std Stats: {'Max': np.float64(0.5881693037421222), 'Min': np.float64(0.2438036194134388), 'Mean': np.float64(0.4110156747171193), 'Std': np.float64(0.08687082281076096)}
2024-11-17 07:14:39,656 - INFO - Bottom 10 Mean Stats: {'Max': np.float64(91.0), 'Min': np.float64(70.0), 'Mean': np.float64(75.7), 'Std': np.float64(5.330103188494572)}
2024-11-17 07:14:39,656 - INFO - Bottom 10 Std Stats: {'Max': np.float64(0.0), 'Min': np.float64(0.0), 'Mean': np.float64(0.0), 'Std': np.float64(0.0)}
[I 2024-11-17 07:14:39,671] Trial 248 finished with value: 2.0 and parameters: {'x_0': -1, 'x_1': 0, 'x_2': 1, 'x_3': 0}. Best is trial 141 with value: 2.0.
2024-11-17 07:14:39,713 - INFO - Candidate Mean Stats: {'Max': np.float64(100.0), 'Min': np.float64(-0.34034785600810175), 'Mean': np.float64(0.8005792665026781), 'Std': np.float64(6.674021407850352)}
2024-11-17 07:14:39,713 - INFO - Candidate Std Stats: {'Max': np.float64(0.6255906277878603), 'Min': np.float64(0.0), 'Mean': np.float64(0.05383172581221395), 'Std': np.float64(0.04800745550121469)}
2024-11-17 07:14:39,715 - INFO - Top 10 Mean Stats: {'Max': np.float64(-0.10932619741772753), 'Min': np.float64(-0.34034785600810175), 'Mean': np.float64(-0.19806264059965462), 'Std': np.float64(0.06924872386161407)}
2024-11-17 07:14:39,715 - INFO - Top 10 Std Stats: {'Max': np.float64(0.6255906277878603), 'Min': np.float64(0.28571451435101664), 'Mean': np.float64(0.3714833358624951), 'Std': np.float64(0.0897307100561586)}
2024-11-17 07:14:39,715 - INFO - Bottom 10 Mean Stats: {'Max': np.float64(100.0), 'Min': np.float64(84.0), 'Mean': np.float64(92.3), 'Std': np.float64(5.692978130996113)}
2024-11-17 07:14:39,715 - INFO - Bottom 10 Std Stats: {'Max': np.float64(0.0), 'Min': np.float64(0.0), 'Mean': np.float64(0.0), 'Std': np.float64(0.0)}
2024-11-17 07:14:39,723 - INFO - Candidate Mean Stats: {'Max': np.float64(100.0), 'Min': np.float64(-0.3004454728628728), 'Mean': np.float64(0.8927555532581385), 'Std': np.float64(7.246310922561747)}
2024-11-17 07:14:39,723 - INFO - Candidate Std Stats: {'Max': np.float64(0.4659047324591105), 'Min': np.float64(0.0), 'Mean': np.float64(0.052993797161662956), 'Std': np.float64(0.04590438052707863)}
2024-11-17 07:14:39,724 - INFO - Top 10 Mean Stats: {'Max': np.float64(-0.16481043233117476), 'Min': np.float64(-0.3004454728628728), 'Mean': np.float64(-0.20767654725650203), 'Std': np.float64(0.041347303250481554)}
2024-11-17 07:14:39,724 - INFO - Top 10 Std Stats: {'Max': np.float64(0.4412807020435647), 'Min': np.float64(0.2956538269604966), 'Mean': np.float64(0.3629688183750219), 'Std': np.float64(0.04721598065102302)}
2024-11-17 07:14:39,724 - INFO - Bottom 10 Mean Stats: {'Max': np.float64(100.0), 'Min': np.float64(91.0), 'Mean': np.float64(95.5), 'Std': np.float64(4.5)}
2024-11-17 07:14:39,724 - INFO - Bottom 10 Std Stats: {'Max': np.float64(0.0), 'Min': np.float64(0.0), 'Mean': np.float64(0.0), 'Std': np.float64(0.0)}
[I 2024-11-17 07:14:39,732] Trial 257 finished with value: 9.0 and parameters: {'x_0': -2, 'x_1': -2, 'x_2': 1, 'x_3': 0}. Best is trial 248 with value: 5.0.
[I 2024-11-17 07:14:39,741] Trial 265 finished with value: 27.0 and parameters: {'x_0': -3, 'x_1': 1, 'x_2': -4, 'x_3': -1}. Best is trial 179 with value: 1.0.
2024-11-17 07:14:39,981 - INFO - Candidate Mean Stats: {'Max': np.float64(91.0), 'Min': np.float64(-0.26885835044080375), 'Mean': np.float64(0.6234625714978848), 'Std': np.float64(5.372419243814707)}
2024-11-17 07:14:39,981 - INFO - Candidate Std Stats: {'Max': np.float64(0.5247496415960572), 'Min': np.float64(0.0), 'Mean': np.float64(0.06424627994448882), 'Std': np.float64(0.047911562111574525)}
2024-11-17 07:14:39,982 - INFO - Top 10 Mean Stats: {'Max': np.float64(-0.15426364015182448), 'Min': np.float64(-0.26885835044080375), 'Mean': np.float64(-0.20151950802398724), 'Std': np.float64(0.047533080352568466)}
2024-11-17 07:14:39,982 - INFO - Top 10 Std Stats: {'Max': np.float64(0.5247496415960572), 'Min': np.float64(0.31698068448878913), 'Mean': np.float64(0.3889807500404584), 'Std': np.float64(0.0557204213441519)}
2024-11-17 07:14:39,982 - INFO - Bottom 10 Mean Stats: {'Max': np.float64(91.0), 'Min': np.float64(70.0), 'Mean': np.float64(75.7), 'Std': np.float64(5.330103188494572)}
2024-11-17 07:14:39,982 - INFO - Bottom 10 Std Stats: {'Max': np.float64(0.0), 'Min': np.float64(0.0), 'Mean': np.float64(0.0), 'Std': np.float64(0.0)}
2024-11-17 07:14:39,991 - INFO - Candidate Mean Stats: {'Max': np.float64(100.0), 'Min': np.float64(-0.2060248172132786), 'Mean': np.float64(0.801753357429535), 'Std': np.float64(6.674293093057649)}
2024-11-17 07:14:39,991 - INFO - Candidate Std Stats: {'Max': np.float64(0.5377345029624863), 'Min': np.float64(0.0), 'Mean': np.float64(0.05196431968442239), 'Std': np.float64(0.04701720713725787)}
2024-11-17 07:14:39,992 - INFO - Top 10 Mean Stats: {'Max': np.float64(-0.14770197771605842), 'Min': np.float64(-0.2060248172132786), 'Mean': np.float64(-0.1776233731165174), 'Std': np.float64(0.018727766767063073)}
2024-11-17 07:14:39,992 - INFO - Top 10 Std Stats: {'Max': np.float64(0.39809967332382196), 'Min': np.float64(0.29846195282970334), 'Mean': np.float64(0.35172326995202857), 'Std': np.float64(0.03110218165515288)}
2024-11-17 07:14:39,992 - INFO - Bottom 10 Mean Stats: {'Max': np.float64(100.0), 'Min': np.float64(84.0), 'Mean': np.float64(92.3), 'Std': np.float64(5.692978130996113)}
2024-11-17 07:14:39,992 - INFO - Bottom 10 Std Stats: {'Max': np.float64(0.0), 'Min': np.float64(0.0), 'Mean': np.float64(0.0), 'Std': np.float64(0.0)}
[I 2024-11-17 07:14:40,001] Trial 249 finished with value: 17.0 and parameters: {'x_0': -1, 'x_1': 0, 'x_2': -4, 'x_3': 0}. Best is trial 141 with value: 2.0.
[I 2024-11-17 07:14:40,009] Trial 258 finished with value: 26.0 and parameters: {'x_0': 3, 'x_1': -2, 'x_2': -3, 'x_3': -2}. Best is trial 248 with value: 5.0.
2024-11-17 07:14:40,014 - INFO - Candidate Mean Stats: {'Max': np.float64(100.0), 'Min': np.float64(-0.18318222944307688), 'Mean': np.float64(0.89927631659349), 'Std': np.float64(7.248957474174838)}
2024-11-17 07:14:40,014 - INFO - Candidate Std Stats: {'Max': np.float64(0.4828441133069237), 'Min': np.float64(0.0), 'Mean': np.float64(0.051159729302346746), 'Std': np.float64(0.045797680952868305)}
2024-11-17 07:14:40,016 - INFO - Top 10 Mean Stats: {'Max': np.float64(-0.02041578927197473), 'Min': np.float64(-0.18318222944307688), 'Mean': np.float64(-0.14165790211842677), 'Std': np.float64(0.04818754082537519)}
2024-11-17 07:14:40,016 - INFO - Top 10 Std Stats: {'Max': np.float64(0.4828441133069237), 'Min': np.float64(0.3234959055945474), 'Mean': np.float64(0.3863116711445755), 'Std': np.float64(0.04801880693194486)}
2024-11-17 07:14:40,016 - INFO - Bottom 10 Mean Stats: {'Max': np.float64(100.0), 'Min': np.float64(91.0), 'Mean': np.float64(95.5), 'Std': np.float64(4.5)}
2024-11-17 07:14:40,016 - INFO - Bottom 10 Std Stats: {'Max': np.float64(0.0), 'Min': np.float64(0.0), 'Mean': np.float64(0.0), 'Std': np.float64(0.0)}
[I 2024-11-17 07:14:40,030] Trial 266 finished with value: 59.0 and parameters: {'x_0': -3, 'x_1': 0, 'x_2': 5, 'x_3': 5}. Best is trial 179 with value: 1.0.
2024-11-17 07:14:40,193 - INFO - Candidate Mean Stats: {'Max': np.float64(100.0), 'Min': np.float64(-0.2449704682570784), 'Mean': np.float64(0.8041442953998901), 'Std': np.float64(6.677464768798652)}
2024-11-17 07:14:40,193 - INFO - Candidate Std Stats: {'Max': np.float64(0.7536382505158612), 'Min': np.float64(0.0), 'Mean': np.float64(0.051138660207506736), 'Std': np.float64(0.04827693630413884)}
2024-11-17 07:14:40,195 - INFO - Top 10 Mean Stats: {'Max': np.float64(-0.13567917082108913), 'Min': np.float64(-0.2449704682570784), 'Mean': np.float64(-0.1869919573093483), 'Std': np.float64(0.034581330950594645)}
2024-11-17 07:14:40,195 - INFO - Top 10 Std Stats: {'Max': np.float64(0.5166540470067619), 'Min': np.float64(0.35415060409280846), 'Mean': np.float64(0.4290376657429868), 'Std': np.float64(0.0521643040259487)}
2024-11-17 07:14:40,196 - INFO - Bottom 10 Mean Stats: {'Max': np.float64(100.0), 'Min': np.float64(84.0), 'Mean': np.float64(92.3), 'Std': np.float64(5.692978130996113)}
2024-11-17 07:14:40,196 - INFO - Bottom 10 Std Stats: {'Max': np.float64(0.0), 'Min': np.float64(0.0), 'Mean': np.float64(0.0), 'Std': np.float64(0.0)}
