[I 2024-11-17 07:14:40,214] Trial 259 finished with value: 34.0 and parameters: {'x_0': 5, 'x_1': -2, 'x_2': 1, 'x_3': -2}. Best is trial 248 with value: 5.0.
2024-11-17 07:14:40,266 - INFO - Candidate Mean Stats: {'Max': np.float64(91.0), 'Min': np.float64(-0.24228656907899246), 'Mean': np.float64(0.6259117881017608), 'Std': np.float64(5.37395959075508)}
2024-11-17 07:14:40,266 - INFO - Candidate Std Stats: {'Max': np.float64(0.5601459614066439), 'Min': np.float64(0.0), 'Mean': np.float64(0.060716986750911514), 'Std': np.float64(0.048179091006623126)}
2024-11-17 07:14:40,268 - INFO - Top 10 Mean Stats: {'Max': np.float64(0.03625462383487185), 'Min': np.float64(-0.24228656907899246), 'Mean': np.float64(-0.17154721279960886), 'Std': np.float64(0.0744039604056772)}
2024-11-17 07:14:40,268 - INFO - Top 10 Std Stats: {'Max': np.float64(0.5601459614066439), 'Min': np.float64(0.3029135610529597), 'Mean': np.float64(0.3634851888005217), 'Std': np.float64(0.0752702774567141)}
2024-11-17 07:14:40,268 - INFO - Bottom 10 Mean Stats: {'Max': np.float64(91.0), 'Min': np.float64(70.0), 'Mean': np.float64(75.7), 'Std': np.float64(5.330103188494572)}
2024-11-17 07:14:40,268 - INFO - Bottom 10 Std Stats: {'Max': np.float64(0.0), 'Min': np.float64(0.0), 'Mean': np.float64(0.0), 'Std': np.float64(0.0)}
2024-11-17 07:14:40,280 - INFO - Candidate Mean Stats: {'Max': np.float64(100.0), 'Min': np.float64(-0.21509745960536017), 'Mean': np.float64(0.9045634534862343), 'Std': np.float64(7.264666464336061)}
2024-11-17 07:14:40,280 - INFO - Candidate Std Stats: {'Max': np.float64(0.47070274854157), 'Min': np.float64(0.0), 'Mean': np.float64(0.05276311870208959), 'Std': np.float64(0.04498637030526169)}
2024-11-17 07:14:40,282 - INFO - Top 10 Mean Stats: {'Max': np.float64(-0.09762109586348758), 'Min': np.float64(-0.21509745960536017), 'Mean': np.float64(-0.15948129002002567), 'Std': np.float64(0.0340027764118079)}
2024-11-17 07:14:40,282 - INFO - Top 10 Std Stats: {'Max': np.float64(0.47070274854157), 'Min': np.float64(0.3074399317138127), 'Mean': np.float64(0.37063750632528125), 'Std': np.float64(0.04372406193133855)}
2024-11-17 07:14:40,282 - INFO - Bottom 10 Mean Stats: {'Max': np.float64(100.0), 'Min': np.float64(91.0), 'Mean': np.float64(95.5), 'Std': np.float64(4.5)}
2024-11-17 07:14:40,282 - INFO - Bottom 10 Std Stats: {'Max': np.float64(0.0), 'Min': np.float64(0.0), 'Mean': np.float64(0.0), 'Std': np.float64(0.0)}
[I 2024-11-17 07:14:40,283] Trial 250 finished with value: 82.0 and parameters: {'x_0': -5, 'x_1': 4, 'x_2': 5, 'x_3': -4}. Best is trial 141 with value: 2.0.
[I 2024-11-17 07:14:40,298] Trial 267 finished with value: 76.0 and parameters: {'x_0': 5, 'x_1': -5, 'x_2': 5, 'x_3': -1}. Best is trial 179 with value: 1.0.
2024-11-17 07:14:40,508 - INFO - Candidate Mean Stats: {'Max': np.float64(100.0), 'Min': np.float64(-0.2980594978869589), 'Mean': np.float64(0.8082670901747329), 'Std': np.float64(6.682891623336067)}
2024-11-17 07:14:40,509 - INFO - Candidate Std Stats: {'Max': np.float64(0.5060153951561271), 'Min': np.float64(0.0), 'Mean': np.float64(0.04739093392446951), 'Std': np.float64(0.045153907793392456)}
2024-11-17 07:14:40,510 - INFO - Top 10 Mean Stats: {'Max': np.float64(0.02155009817061746), 'Min': np.float64(-0.2980594978869589), 'Mean': np.float64(-0.14774852075652326), 'Std': np.float64(0.08399819913581712)}
2024-11-17 07:14:40,510 - INFO - Top 10 Std Stats: {'Max': np.float64(0.4410997927721005), 'Min': np.float64(0.2704848519655611), 'Mean': np.float64(0.3237432287993919), 'Std': np.float64(0.06150040235224626)}
2024-11-17 07:14:40,510 - INFO - Bottom 10 Mean Stats: {'Max': np.float64(100.0), 'Min': np.float64(84.0), 'Mean': np.float64(92.3), 'Std': np.float64(5.692978130996113)}
2024-11-17 07:14:40,510 - INFO - Bottom 10 Std Stats: {'Max': np.float64(0.0), 'Min': np.float64(0.0), 'Mean': np.float64(0.0), 'Std': np.float64(0.0)}
[I 2024-11-17 07:14:40,527] Trial 260 finished with value: 82.0 and parameters: {'x_0': -5, 'x_1': -4, 'x_2': 4, 'x_3': -5}. Best is trial 248 with value: 5.0.
2024-11-17 07:14:40,564 - INFO - Candidate Mean Stats: {'Max': np.float64(100.0), 'Min': np.float64(-0.21069674051244366), 'Mean': np.float64(0.9119630170206523), 'Std': np.float64(7.29088116065005)}
2024-11-17 07:14:40,564 - INFO - Candidate Std Stats: {'Max': np.float64(0.36775504360684275), 'Min': np.float64(0.0), 'Mean': np.float64(0.04924493118855771), 'Std': np.float64(0.04100892019296142)}
2024-11-17 07:14:40,566 - INFO - Top 10 Mean Stats: {'Max': np.float64(-0.13258231213050317), 'Min': np.float64(-0.21069674051244366), 'Mean': np.float64(-0.17319559334065238), 'Std': np.float64(0.024218098621758742)}
2024-11-17 07:14:40,566 - INFO - Top 10 Std Stats: {'Max': np.float64(0.35094873214662015), 'Min': np.float64(0.2475279279780648), 'Mean': np.float64(0.2846648531176673), 'Std': np.float64(0.03205899012423248)}
2024-11-17 07:14:40,566 - INFO - Bottom 10 Mean Stats: {'Max': np.float64(100.0), 'Min': np.float64(91.0), 'Mean': np.float64(95.5), 'Std': np.float64(4.5)}
2024-11-17 07:14:40,566 - INFO - Bottom 10 Std Stats: {'Max': np.float64(0.0), 'Min': np.float64(0.0), 'Mean': np.float64(0.0), 'Std': np.float64(0.0)}
[I 2024-11-17 07:14:40,580] Trial 268 finished with value: 6.0 and parameters: {'x_0': 0, 'x_1': -1, 'x_2': 1, 'x_3': -2}. Best is trial 179 with value: 1.0.
2024-11-17 07:14:40,583 - INFO - Candidate Mean Stats: {'Max': np.float64(91.0), 'Min': np.float64(-0.2009017605461337), 'Mean': np.float64(0.631700473297114), 'Std': np.float64(5.415855209552251)}
2024-11-17 07:14:40,583 - INFO - Candidate Std Stats: {'Max': np.float64(0.519144121797582), 'Min': np.float64(0.0), 'Mean': np.float64(0.0619570679221703), 'Std': np.float64(0.048611410302041656)}
2024-11-17 07:14:40,585 - INFO - Top 10 Mean Stats: {'Max': np.float64(-0.14893401036562792), 'Min': np.float64(-0.2009017605461337), 'Mean': np.float64(-0.17475426234193478), 'Std': np.float64(0.016093962831533436)}
2024-11-17 07:14:40,585 - INFO - Top 10 Std Stats: {'Max': np.float64(0.3817425988597937), 'Min': np.float64(0.3253831742229845), 'Mean': np.float64(0.3451071891570104), 'Std': np.float64(0.01848506879144394)}
2024-11-17 07:14:40,585 - INFO - Bottom 10 Mean Stats: {'Max': np.float64(91.0), 'Min': np.float64(73.0), 'Mean': np.float64(76.9), 'Std': np.float64(5.262128846769148)}
2024-11-17 07:14:40,585 - INFO - Bottom 10 Std Stats: {'Max': np.float64(0.0), 'Min': np.float64(0.0), 'Mean': np.float64(0.0), 'Std': np.float64(0.0)}
[I 2024-11-17 07:14:40,599] Trial 251 finished with value: 10.0 and parameters: {'x_0': 2, 'x_1': 1, 'x_2': 2, 'x_3': -1}. Best is trial 141 with value: 2.0.
2024-11-17 07:14:40,809 - INFO - Candidate Mean Stats: {'Max': np.float64(100.0), 'Min': np.float64(-0.22631041334266974), 'Mean': np.float64(0.812795299755675), 'Std': np.float64(6.71662208073099)}
2024-11-17 07:14:40,809 - INFO - Candidate Std Stats: {'Max': np.float64(0.5208602681871322), 'Min': np.float64(0.0), 'Mean': np.float64(0.04902120291440461), 'Std': np.float64(0.0436070675902577)}
2024-11-17 07:14:40,810 - INFO - Top 10 Mean Stats: {'Max': np.float64(-0.08910330177944084), 'Min': np.float64(-0.22631041334266974), 'Mean': np.float64(-0.16491461435592986), 'Std': np.float64(0.035732711319659965)}
2024-11-17 07:14:40,810 - INFO - Top 10 Std Stats: {'Max': np.float64(0.4294401519365942), 'Min': np.float64(0.27649345429900457), 'Mean': np.float64(0.3382182445185685), 'Std': np.float64(0.05024081260988044)}
2024-11-17 07:14:40,810 - INFO - Bottom 10 Mean Stats: {'Max': np.float64(100.0), 'Min': np.float64(84.0), 'Mean': np.float64(92.3), 'Std': np.float64(5.692978130996113)}
2024-11-17 07:14:40,810 - INFO - Bottom 10 Std Stats: {'Max': np.float64(0.0), 'Min': np.float64(0.0), 'Mean': np.float64(0.0), 'Std': np.float64(0.0)}
2024-11-17 07:14:40,816 - INFO - Candidate Mean Stats: {'Max': np.float64(100.0), 'Min': np.float64(-0.2357975274224416), 'Mean': np.float64(0.9108120819509846), 'Std': np.float64(7.291167980211971)}
2024-11-17 07:14:40,816 - INFO - Candidate Std Stats: {'Max': np.float64(0.4578684761181521), 'Min': np.float64(0.0), 'Mean': np.float64(0.05333440525325133), 'Std': np.float64(0.042864416294488734)}
2024-11-17 07:14:40,817 - INFO - Top 10 Mean Stats: {'Max': np.float64(-0.11846887028353596), 'Min': np.float64(-0.2357975274224416), 'Mean': np.float64(-0.15089585377449397), 'Std': np.float64(0.03482712109239324)}
2024-11-17 07:14:40,817 - INFO - Top 10 Std Stats: {'Max': np.float64(0.4578684761181521), 'Min': np.float64(0.26848503271085516), 'Mean': np.float64(0.32594625031042335), 'Std': np.float64(0.058461740207537555)}
2024-11-17 07:14:40,817 - INFO - Bottom 10 Mean Stats: {'Max': np.float64(100.0), 'Min': np.float64(91.0), 'Mean': np.float64(95.5), 'Std': np.float64(4.5)}
2024-11-17 07:14:40,817 - INFO - Bottom 10 Std Stats: {'Max': np.float64(0.0), 'Min': np.float64(0.0), 'Mean': np.float64(0.0), 'Std': np.float64(0.0)}
[I 2024-11-17 07:14:40,826] Trial 261 finished with value: 7.0 and parameters: {'x_0': -1, 'x_1': -1, 'x_2': 1, 'x_3': 2}. Best is trial 248 with value: 5.0.
[I 2024-11-17 07:14:40,832] Trial 269 finished with value: 14.0 and parameters: {'x_0': -2, 'x_1': 0, 'x_2': 3, 'x_3': 1}. Best is trial 179 with value: 1.0.
2024-11-17 07:14:40,899 - INFO - Candidate Mean Stats: {'Max': np.float64(91.0), 'Min': np.float64(-0.32686122736848267), 'Mean': np.float64(0.6310405048033497), 'Std': np.float64(5.4165705545290255)}
2024-11-17 07:14:40,899 - INFO - Candidate Std Stats: {'Max': np.float64(0.6132579080410284), 'Min': np.float64(0.0), 'Mean': np.float64(0.06232957339319968), 'Std': np.float64(0.051545918090763726)}
2024-11-17 07:14:40,900 - INFO - Top 10 Mean Stats: {'Max': np.float64(-0.16874884460838951), 'Min': np.float64(-0.32686122736848267), 'Mean': np.float64(-0.22142491149465765), 'Std': np.float64(0.045743787945498014)}
2024-11-17 07:14:40,900 - INFO - Top 10 Std Stats: {'Max': np.float64(0.5250465673283264), 'Min': np.float64(0.2737092056500151), 'Mean': np.float64(0.3915384822156353), 'Std': np.float64(0.06683528983253975)}
2024-11-17 07:14:40,901 - INFO - Bottom 10 Mean Stats: {'Max': np.float64(91.0), 'Min': np.float64(73.0), 'Mean': np.float64(76.9), 'Std': np.float64(5.262128846769148)}
2024-11-17 07:14:40,901 - INFO - Bottom 10 Std Stats: {'Max': np.float64(0.0), 'Min': np.float64(0.0), 'Mean': np.float64(0.0), 'Std': np.float64(0.0)}
[I 2024-11-17 07:14:40,919] Trial 252 finished with value: 11.0 and parameters: {'x_0': 1, 'x_1': 0, 'x_2': 1, 'x_3': -3}. Best is trial 141 with value: 2.0.
2024-11-17 07:14:41,103 - INFO - Candidate Mean Stats: {'Max': np.float64(100.0), 'Min': np.float64(-0.22196568134386374), 'Mean': np.float64(0.8122077492637543), 'Std': np.float64(6.71693380583578)}
2024-11-17 07:14:41,103 - INFO - Candidate Std Stats: {'Max': np.float64(0.5117298540704893), 'Min': np.float64(0.0), 'Mean': np.float64(0.05067524773636483), 'Std': np.float64(0.04673886249714073)}
2024-11-17 07:14:41,104 - INFO - Top 10 Mean Stats: {'Max': np.float64(-0.04863092674318774), 'Min': np.float64(-0.22196568134386374), 'Mean': np.float64(-0.14374595990942685), 'Std': np.float64(0.045866178692091274)}
2024-11-17 07:14:41,104 - INFO - Top 10 Std Stats: {'Max': np.float64(0.4391396060722053), 'Min': np.float64(0.29405428296427644), 'Mean': np.float64(0.3544980764828177), 'Std': np.float64(0.04707187651935987)}
2024-11-17 07:14:41,104 - INFO - Bottom 10 Mean Stats: {'Max': np.float64(100.0), 'Min': np.float64(84.0), 'Mean': np.float64(92.3), 'Std': np.float64(5.692978130996113)}
2024-11-17 07:14:41,104 - INFO - Bottom 10 Std Stats: {'Max': np.float64(0.0), 'Min': np.float64(0.0), 'Mean': np.float64(0.0), 'Std': np.float64(0.0)}
2024-11-17 07:14:41,117 - INFO - Candidate Mean Stats: {'Max': np.float64(100.0), 'Min': np.float64(-0.2411107136091602), 'Mean': np.float64(0.913307379183188), 'Std': np.float64(7.29179115498053)}
2024-11-17 07:14:41,117 - INFO - Candidate Std Stats: {'Max': np.float64(0.5347895983296647), 'Min': np.float64(0.0), 'Mean': np.float64(0.04246015854981482), 'Std': np.float64(0.04418543646796535)}
2024-11-17 07:14:41,118 - INFO - Top 10 Mean Stats: {'Max': np.float64(-0.0031241144485734894), 'Min': np.float64(-0.2411107136091602), 'Mean': np.float64(-0.14414371845601037), 'Std': np.float64(0.06758308515779239)}
2024-11-17 07:14:41,119 - INFO - Top 10 Std Stats: {'Max': np.float64(0.5077256439033726), 'Min': np.float64(0.2722835230303497), 'Mean': np.float64(0.37237063699550843), 'Std': np.float64(0.08051042291653018)}
2024-11-17 07:14:41,119 - INFO - Bottom 10 Mean Stats: {'Max': np.float64(100.0), 'Min': np.float64(91.0), 'Mean': np.float64(95.5), 'Std': np.float64(4.5)}
2024-11-17 07:14:41,119 - INFO - Bottom 10 Std Stats: {'Max': np.float64(0.0), 'Min': np.float64(0.0), 'Mean': np.float64(0.0), 'Std': np.float64(0.0)}
[I 2024-11-17 07:14:41,119] Trial 262 finished with value: 29.0 and parameters: {'x_0': 2, 'x_1': 0, 'x_2': 4, 'x_3': -3}. Best is trial 248 with value: 5.0.
[I 2024-11-17 07:14:41,136] Trial 270 finished with value: 22.0 and parameters: {'x_0': 0, 'x_1': -2, 'x_2': 3, 'x_3': -3}. Best is trial 179 with value: 1.0.
2024-11-17 07:14:41,208 - INFO - Candidate Mean Stats: {'Max': np.float64(91.0), 'Min': np.float64(-0.308007654527798), 'Mean': np.float64(0.6324578258650089), 'Std': np.float64(5.417166694826063)}
2024-11-17 07:14:41,208 - INFO - Candidate Std Stats: {'Max': np.float64(0.5968992664291679), 'Min': np.float64(0.0), 'Mean': np.float64(0.06432798905256519), 'Std': np.float64(0.04937381661191574)}
2024-11-17 07:14:41,209 - INFO - Top 10 Mean Stats: {'Max': np.float64(-0.17696933093440403), 'Min': np.float64(-0.308007654527798), 'Mean': np.float64(-0.22648725815593815), 'Std': np.float64(0.03817629706966084)}
2024-11-17 07:14:41,209 - INFO - Top 10 Std Stats: {'Max': np.float64(0.513135717182842), 'Min': np.float64(0.3209605816335623), 'Mean': np.float64(0.40583070388480447), 'Std': np.float64(0.04915011912261949)}
2024-11-17 07:14:41,209 - INFO - Bottom 10 Mean Stats: {'Max': np.float64(91.0), 'Min': np.float64(73.0), 'Mean': np.float64(76.9), 'Std': np.float64(5.262128846769148)}
2024-11-17 07:14:41,209 - INFO - Bottom 10 Std Stats: {'Max': np.float64(0.0), 'Min': np.float64(0.0), 'Mean': np.float64(0.0), 'Std': np.float64(0.0)}
[I 2024-11-17 07:14:41,224] Trial 253 finished with value: 42.0 and parameters: {'x_0': -2, 'x_1': 2, 'x_2': 5, 'x_3': 3}. Best is trial 141 with value: 2.0.
2024-11-17 07:14:41,319 - INFO - Candidate Mean Stats: {'Max': np.float64(100.0), 'Min': np.float64(-0.21736949796023447), 'Mean': np.float64(0.8133827010912626), 'Std': np.float64(6.7210542996475855)}
2024-11-17 07:14:41,319 - INFO - Candidate Std Stats: {'Max': np.float64(0.5119654320738143), 'Min': np.float64(0.0), 'Mean': np.float64(0.0474175586940239), 'Std': np.float64(0.044525322833374625)}
2024-11-17 07:14:41,321 - INFO - Top 10 Mean Stats: {'Max': np.float64(-0.1406939096817528), 'Min': np.float64(-0.21736949796023447), 'Mean': np.float64(-0.17850833706299515), 'Std': np.float64(0.024261490965908995)}
2024-11-17 07:14:41,321 - INFO - Top 10 Std Stats: {'Max': np.float64(0.5119654320738143), 'Min': np.float64(0.295259611682043), 'Mean': np.float64(0.36198782661097556), 'Std': np.float64(0.066197483238379)}
2024-11-17 07:14:41,321 - INFO - Bottom 10 Mean Stats: {'Max': np.float64(100.0), 'Min': np.float64(84.0), 'Mean': np.float64(92.3), 'Std': np.float64(5.692978130996113)}
2024-11-17 07:14:41,321 - INFO - Bottom 10 Std Stats: {'Max': np.float64(0.0), 'Min': np.float64(0.0), 'Mean': np.float64(0.0), 'Std': np.float64(0.0)}
[I 2024-11-17 07:14:41,338] Trial 263 finished with value: 30.0 and parameters: {'x_0': -1, 'x_1': -2, 'x_2': -5, 'x_3': 0}. Best is trial 248 with value: 5.0.
2024-11-17 07:14:41,354 - INFO - Candidate Mean Stats: {'Max': np.float64(100.0), 'Min': np.float64(-0.2066335106248561), 'Mean': np.float64(0.9167512666760349), 'Std': np.float64(7.293629734415538)}
2024-11-17 07:14:41,354 - INFO - Candidate Std Stats: {'Max': np.float64(0.4326041747233318), 'Min': np.float64(0.0), 'Mean': np.float64(0.047125538364799456), 'Std': np.float64(0.041397006575385)}
2024-11-17 07:14:41,355 - INFO - Top 10 Mean Stats: {'Max': np.float64(-0.1454575352200129), 'Min': np.float64(-0.2066335106248561), 'Mean': np.float64(-0.1700749864023167), 'Std': np.float64(0.019112678049280393)}
2024-11-17 07:14:41,355 - INFO - Top 10 Std Stats: {'Max': np.float64(0.40605539845436056), 'Min': np.float64(0.3033830418400142), 'Mean': np.float64(0.34832637219121737), 'Std': np.float64(0.03220413936264259)}
2024-11-17 07:14:41,356 - INFO - Bottom 10 Mean Stats: {'Max': np.float64(100.0), 'Min': np.float64(91.0), 'Mean': np.float64(95.5), 'Std': np.float64(4.5)}
2024-11-17 07:14:41,356 - INFO - Bottom 10 Std Stats: {'Max': np.float64(0.0), 'Min': np.float64(0.0), 'Mean': np.float64(0.0), 'Std': np.float64(0.0)}
[I 2024-11-17 07:14:41,372] Trial 271 finished with value: 34.0 and parameters: {'x_0': 5, 'x_1': 2, 'x_2': 2, 'x_3': -1}. Best is trial 179 with value: 1.0.
2024-11-17 07:14:41,497 - INFO - Candidate Mean Stats: {'Max': np.float64(91.0), 'Min': np.float64(-0.27021646847361114), 'Mean': np.float64(0.635170774390582), 'Std': np.float64(5.427947300817382)}
2024-11-17 07:14:41,497 - INFO - Candidate Std Stats: {'Max': np.float64(0.5764397349747881), 'Min': np.float64(0.0), 'Mean': np.float64(0.06172069696001845), 'Std': np.float64(0.04717018429075346)}
2024-11-17 07:14:41,499 - INFO - Top 10 Mean Stats: {'Max': np.float64(-0.13625776557696984), 'Min': np.float64(-0.27021646847361114), 'Mean': np.float64(-0.2124781683324639), 'Std': np.float64(0.03636361494862287)}
2024-11-17 07:14:41,499 - INFO - Top 10 Std Stats: {'Max': np.float64(0.5764397349747881), 'Min': np.float64(0.3626101368477182), 'Mean': np.float64(0.428585603905186), 'Std': np.float64(0.06447567894417267)}
2024-11-17 07:14:41,499 - INFO - Bottom 10 Mean Stats: {'Max': np.float64(91.0), 'Min': np.float64(73.0), 'Mean': np.float64(76.9), 'Std': np.float64(5.262128846769148)}
2024-11-17 07:14:41,499 - INFO - Bottom 10 Std Stats: {'Max': np.float64(0.0), 'Min': np.float64(0.0), 'Mean': np.float64(0.0), 'Std': np.float64(0.0)}
[I 2024-11-17 07:14:41,515] Trial 254 finished with value: 60.0 and parameters: {'x_0': -5, 'x_1': 3, 'x_2': 5, 'x_3': 1}. Best is trial 141 with value: 2.0.
2024-11-17 07:14:41,605 - INFO - Candidate Mean Stats: {'Max': np.float64(100.0), 'Min': np.float64(-0.20127012703618283), 'Mean': np.float64(0.8179090866084575), 'Std': np.float64(6.725085027562521)}
2024-11-17 07:14:41,605 - INFO - Candidate Std Stats: {'Max': np.float64(0.532992832677855), 'Min': np.float64(0.0), 'Mean': np.float64(0.05373443413135378), 'Std': np.float64(0.04529033624341625)}
2024-11-17 07:14:41,607 - INFO - Top 10 Mean Stats: {'Max': np.float64(-0.11154508303110584), 'Min': np.float64(-0.20127012703618283), 'Mean': np.float64(-0.1649826856260941), 'Std': np.float64(0.025804079983968053)}
2024-11-17 07:14:41,607 - INFO - Top 10 Std Stats: {'Max': np.float64(0.3649005325990333), 'Min': np.float64(0.2734127308876012), 'Mean': np.float64(0.31660115305153413), 'Std': np.float64(0.025714990945994907)}
2024-11-17 07:14:41,607 - INFO - Bottom 10 Mean Stats: {'Max': np.float64(100.0), 'Min': np.float64(84.0), 'Mean': np.float64(92.3), 'Std': np.float64(5.692978130996113)}
2024-11-17 07:14:41,607 - INFO - Bottom 10 Std Stats: {'Max': np.float64(0.0), 'Min': np.float64(0.0), 'Mean': np.float64(0.0), 'Std': np.float64(0.0)}
2024-11-17 07:14:41,619 - INFO - Candidate Mean Stats: {'Max': np.float64(100.0), 'Min': np.float64(-0.19453192108605483), 'Mean': np.float64(0.9180425667515805), 'Std': np.float64(7.2988846106754695)}
2024-11-17 07:14:41,619 - INFO - Candidate Std Stats: {'Max': np.float64(0.727540222548701), 'Min': np.float64(0.0), 'Mean': np.float64(0.04798014666235799), 'Std': np.float64(0.044488564549199895)}
2024-11-17 07:14:41,620 - INFO - Top 10 Mean Stats: {'Max': np.float64(-0.003729066576786777), 'Min': np.float64(-0.19453192108605483), 'Mean': np.float64(-0.11049076740654121), 'Std': np.float64(0.05026588474127586)}
2024-11-17 07:14:41,621 - INFO - Top 10 Std Stats: {'Max': np.float64(0.727540222548701), 'Min': np.float64(0.3618519497531478), 'Mean': np.float64(0.5024820899438922), 'Std': np.float64(0.11243309203391828)}
2024-11-17 07:14:41,621 - INFO - Bottom 10 Mean Stats: {'Max': np.float64(100.0), 'Min': np.float64(91.0), 'Mean': np.float64(95.5), 'Std': np.float64(4.5)}
2024-11-17 07:14:41,621 - INFO - Bottom 10 Std Stats: {'Max': np.float64(0.0), 'Min': np.float64(0.0), 'Mean': np.float64(0.0), 'Std': np.float64(0.0)}
[I 2024-11-17 07:14:41,622] Trial 264 finished with value: 30.0 and parameters: {'x_0': 4, 'x_1': 3, 'x_2': -1, 'x_3': -2}. Best is trial 248 with value: 5.0.
