[I 2024-11-17 07:14:49,132] Trial 292 finished with value: 20.0 and parameters: {'x_0': 3, 'x_1': 1, 'x_2': -1, 'x_3': -3}. Best is trial 290 with value: 2.0.
2024-11-17 07:14:49,174 - INFO - Candidate Mean Stats: {'Max': np.float64(91.0), 'Min': np.float64(-0.6759791947273625), 'Mean': np.float64(0.6695940147375358), 'Std': np.float64(5.578971917055077)}
2024-11-17 07:14:49,174 - INFO - Candidate Std Stats: {'Max': np.float64(0.5140156762522504), 'Min': np.float64(0.0), 'Mean': np.float64(0.05558177435156131), 'Std': np.float64(0.04980078942368033)}
2024-11-17 07:14:49,176 - INFO - Top 10 Mean Stats: {'Max': np.float64(-0.18404645021664506), 'Min': np.float64(-0.6759791947273625), 'Mean': np.float64(-0.40341519579692314), 'Std': np.float64(0.1334971392909801)}
2024-11-17 07:14:49,176 - INFO - Top 10 Std Stats: {'Max': np.float64(0.5140156762522504), 'Min': np.float64(0.2342440063095795), 'Mean': np.float64(0.3692348102748408), 'Std': np.float64(0.07060673447198208)}
2024-11-17 07:14:49,176 - INFO - Bottom 10 Mean Stats: {'Max': np.float64(91.0), 'Min': np.float64(73.0), 'Mean': np.float64(76.9), 'Std': np.float64(5.262128846769148)}
2024-11-17 07:14:49,176 - INFO - Bottom 10 Std Stats: {'Max': np.float64(0.0), 'Min': np.float64(0.0), 'Mean': np.float64(0.0), 'Std': np.float64(0.0)}
2024-11-17 07:14:49,199 - INFO - Candidate Mean Stats: {'Max': np.float64(100.0), 'Min': np.float64(-0.21337146802110168), 'Mean': np.float64(0.9999729135717352), 'Std': np.float64(7.603542229083996)}
2024-11-17 07:14:49,199 - INFO - Candidate Std Stats: {'Max': np.float64(0.5389331918482574), 'Min': np.float64(0.0), 'Mean': np.float64(0.04907440962463009), 'Std': np.float64(0.0428015707698335)}
2024-11-17 07:14:49,201 - INFO - Top 10 Mean Stats: {'Max': np.float64(-0.12320999003254529), 'Min': np.float64(-0.21337146802110168), 'Mean': np.float64(-0.15887043719058874), 'Std': np.float64(0.02483709527472565)}
2024-11-17 07:14:49,201 - INFO - Top 10 Std Stats: {'Max': np.float64(0.4380765275420291), 'Min': np.float64(0.2606662961652205), 'Mean': np.float64(0.33294174192220355), 'Std': np.float64(0.05785643029184727)}
2024-11-17 07:14:49,201 - INFO - Bottom 10 Mean Stats: {'Max': np.float64(100.0), 'Min': np.float64(91.0), 'Mean': np.float64(95.5), 'Std': np.float64(4.5)}
2024-11-17 07:14:49,201 - INFO - Bottom 10 Std Stats: {'Max': np.float64(0.0), 'Min': np.float64(0.0), 'Mean': np.float64(0.0), 'Std': np.float64(0.0)}
[I 2024-11-17 07:14:49,203] Trial 280 finished with value: 6.0 and parameters: {'x_0': 1, 'x_1': 2, 'x_2': -1, 'x_3': 0}. Best is trial 141 with value: 2.0.
[I 2024-11-17 07:14:49,218] Trial 300 finished with value: 22.0 and parameters: {'x_0': 4, 'x_1': 1, 'x_2': -2, 'x_3': -1}. Best is trial 179 with value: 1.0.
2024-11-17 07:14:49,382 - INFO - Candidate Mean Stats: {'Max': np.float64(100.0), 'Min': np.float64(-0.17967611481852003), 'Mean': np.float64(0.8863930570828432), 'Std': np.float64(6.937039204977)}
2024-11-17 07:14:49,382 - INFO - Candidate Std Stats: {'Max': np.float64(0.5222909120896821), 'Min': np.float64(0.0), 'Mean': np.float64(0.04817419029336716), 'Std': np.float64(0.04473593474029721)}
2024-11-17 07:14:49,383 - INFO - Top 10 Mean Stats: {'Max': np.float64(-0.08064031760931675), 'Min': np.float64(-0.17967611481852003), 'Mean': np.float64(-0.14332019898522605), 'Std': np.float64(0.029804444155733453)}
2024-11-17 07:14:49,383 - INFO - Top 10 Std Stats: {'Max': np.float64(0.38055720086905453), 'Min': np.float64(0.28396598406261114), 'Mean': np.float64(0.3375600972191016), 'Std': np.float64(0.031572304314117894)}
2024-11-17 07:14:49,384 - INFO - Bottom 10 Mean Stats: {'Max': np.float64(100.0), 'Min': np.float64(84.0), 'Mean': np.float64(93.0), 'Std': np.float64(5.019960159204453)}
2024-11-17 07:14:49,384 - INFO - Bottom 10 Std Stats: {'Max': np.float64(0.0), 'Min': np.float64(0.0), 'Mean': np.float64(0.0), 'Std': np.float64(0.0)}
[I 2024-11-17 07:14:49,401] Trial 293 finished with value: 75.0 and parameters: {'x_0': -5, 'x_1': 4, 'x_2': 5, 'x_3': 3}. Best is trial 290 with value: 2.0.
2024-11-17 07:14:49,500 - INFO - Candidate Mean Stats: {'Max': np.float64(100.0), 'Min': np.float64(-0.19472070168134042), 'Mean': np.float64(1.0037324797152933), 'Std': np.float64(7.605217147123824)}
2024-11-17 07:14:49,501 - INFO - Candidate Std Stats: {'Max': np.float64(0.5438552692768286), 'Min': np.float64(0.0), 'Mean': np.float64(0.044730181847652505), 'Std': np.float64(0.04297564324758288)}
2024-11-17 07:14:49,502 - INFO - Top 10 Mean Stats: {'Max': np.float64(-0.03391498036932609), 'Min': np.float64(-0.19472070168134042), 'Mean': np.float64(-0.11363175851442212), 'Std': np.float64(0.052715187700746895)}
2024-11-17 07:14:49,502 - INFO - Top 10 Std Stats: {'Max': np.float64(0.5438552692768286), 'Min': np.float64(0.29363190187795374), 'Mean': np.float64(0.3889362890256213), 'Std': np.float64(0.06947764775346188)}
2024-11-17 07:14:49,502 - INFO - Bottom 10 Mean Stats: {'Max': np.float64(100.0), 'Min': np.float64(91.0), 'Mean': np.float64(95.5), 'Std': np.float64(4.5)}
2024-11-17 07:14:49,502 - INFO - Bottom 10 Std Stats: {'Max': np.float64(0.0), 'Min': np.float64(0.0), 'Mean': np.float64(0.0), 'Std': np.float64(0.0)}
2024-11-17 07:14:49,505 - INFO - Candidate Mean Stats: {'Max': np.float64(91.0), 'Min': np.float64(-0.4626325761136175), 'Mean': np.float64(0.6745427129596339), 'Std': np.float64(5.578567701749753)}
2024-11-17 07:14:49,505 - INFO - Candidate Std Stats: {'Max': np.float64(0.48539924355017494), 'Min': np.float64(0.0), 'Mean': np.float64(0.05792516492920175), 'Std': np.float64(0.05038889873298269)}
2024-11-17 07:14:49,507 - INFO - Top 10 Mean Stats: {'Max': np.float64(-0.10519416493841131), 'Min': np.float64(-0.4626325761136175), 'Mean': np.float64(-0.25972785670108467), 'Std': np.float64(0.10217811725276761)}
2024-11-17 07:14:49,507 - INFO - Top 10 Std Stats: {'Max': np.float64(0.46769865283726336), 'Min': np.float64(0.23904121564093478), 'Mean': np.float64(0.35390136898218943), 'Std': np.float64(0.0684426706143677)}
2024-11-17 07:14:49,507 - INFO - Bottom 10 Mean Stats: {'Max': np.float64(91.0), 'Min': np.float64(73.0), 'Mean': np.float64(76.9), 'Std': np.float64(5.262128846769148)}
2024-11-17 07:14:49,507 - INFO - Bottom 10 Std Stats: {'Max': np.float64(0.0), 'Min': np.float64(0.0), 'Mean': np.float64(0.0), 'Std': np.float64(0.0)}
[I 2024-11-17 07:14:49,523] Trial 281 finished with value: 6.0 and parameters: {'x_0': 1, 'x_1': 2, 'x_2': 1, 'x_3': 0}. Best is trial 141 with value: 2.0.
[I 2024-11-17 07:14:49,527] Trial 301 finished with value: 76.0 and parameters: {'x_0': -5, 'x_1': -5, 'x_2': -5, 'x_3': 1}. Best is trial 179 with value: 1.0.
2024-11-17 07:14:49,645 - INFO - Candidate Mean Stats: {'Max': np.float64(100.0), 'Min': np.float64(-0.24681389341229734), 'Mean': np.float64(0.8894035646048071), 'Std': np.float64(6.964269125460539)}
2024-11-17 07:14:49,645 - INFO - Candidate Std Stats: {'Max': np.float64(0.6328640363344614), 'Min': np.float64(0.0), 'Mean': np.float64(0.04664674789641975), 'Std': np.float64(0.04766078011198228)}
2024-11-17 07:14:49,647 - INFO - Top 10 Mean Stats: {'Max': np.float64(-0.1348925715358164), 'Min': np.float64(-0.24681389341229734), 'Mean': np.float64(-0.18847084949603204), 'Std': np.float64(0.03410452193237602)}
2024-11-17 07:14:49,647 - INFO - Top 10 Std Stats: {'Max': np.float64(0.4932625593010466), 'Min': np.float64(0.32660930955146317), 'Mean': np.float64(0.39799914054314844), 'Std': np.float64(0.051851763730072706)}
2024-11-17 07:14:49,647 - INFO - Bottom 10 Mean Stats: {'Max': np.float64(100.0), 'Min': np.float64(84.0), 'Mean': np.float64(93.0), 'Std': np.float64(5.019960159204453)}
2024-11-17 07:14:49,647 - INFO - Bottom 10 Std Stats: {'Max': np.float64(0.0), 'Min': np.float64(0.0), 'Mean': np.float64(0.0), 'Std': np.float64(0.0)}
[I 2024-11-17 07:14:49,664] Trial 294 finished with value: 11.0 and parameters: {'x_0': 0, 'x_1': -1, 'x_2': -1, 'x_3': -3}. Best is trial 290 with value: 2.0.
2024-11-17 07:14:49,756 - INFO - Candidate Mean Stats: {'Max': np.float64(100.0), 'Min': np.float64(-0.16134455375539114), 'Mean': np.float64(1.0099341391711432), 'Std': np.float64(7.630305312976707)}
2024-11-17 07:14:49,757 - INFO - Candidate Std Stats: {'Max': np.float64(0.4510789094457384), 'Min': np.float64(0.0), 'Mean': np.float64(0.04790023859744276), 'Std': np.float64(0.04176953521539869)}
2024-11-17 07:14:49,758 - INFO - Top 10 Mean Stats: {'Max': np.float64(-0.11785345132018248), 'Min': np.float64(-0.16134455375539114), 'Mean': np.float64(-0.14219879211096037), 'Std': np.float64(0.014073009867668119)}
2024-11-17 07:14:49,758 - INFO - Top 10 Std Stats: {'Max': np.float64(0.3288004282431064), 'Min': np.float64(0.21031865861248786), 'Mean': np.float64(0.2765840938896732), 'Std': np.float64(0.03188659972101775)}
2024-11-17 07:14:49,758 - INFO - Bottom 10 Mean Stats: {'Max': np.float64(100.0), 'Min': np.float64(91.0), 'Mean': np.float64(95.5), 'Std': np.float64(4.5)}
2024-11-17 07:14:49,758 - INFO - Bottom 10 Std Stats: {'Max': np.float64(0.0), 'Min': np.float64(0.0), 'Mean': np.float64(0.0), 'Std': np.float64(0.0)}
[I 2024-11-17 07:14:49,774] Trial 302 finished with value: 25.0 and parameters: {'x_0': 4, 'x_1': 2, 'x_2': 1, 'x_3': -2}. Best is trial 179 with value: 1.0.
2024-11-17 07:14:49,814 - INFO - Candidate Mean Stats: {'Max': np.float64(91.0), 'Min': np.float64(-0.37775312799534955), 'Mean': np.float64(0.674676420669059), 'Std': np.float64(5.578766072219129)}
2024-11-17 07:14:49,814 - INFO - Candidate Std Stats: {'Max': np.float64(0.4994988063025844), 'Min': np.float64(0.0), 'Mean': np.float64(0.05482350220882436), 'Std': np.float64(0.05049009112263713)}
2024-11-17 07:14:49,816 - INFO - Top 10 Mean Stats: {'Max': np.float64(-0.13014872188917892), 'Min': np.float64(-0.24005469999344053), 'Mean': np.float64(-0.17703490285383633), 'Std': np.float64(0.03933677992488602)}
2024-11-17 07:14:49,816 - INFO - Top 10 Std Stats: {'Max': np.float64(0.47922240320145293), 'Min': np.float64(0.36426748553758626), 'Mean': np.float64(0.41428582177601186), 'Std': np.float64(0.031014483324876274)}
2024-11-17 07:14:49,816 - INFO - Bottom 10 Mean Stats: {'Max': np.float64(91.0), 'Min': np.float64(73.0), 'Mean': np.float64(76.9), 'Std': np.float64(5.262128846769148)}
2024-11-17 07:14:49,816 - INFO - Bottom 10 Std Stats: {'Max': np.float64(0.0), 'Min': np.float64(0.0), 'Mean': np.float64(0.0), 'Std': np.float64(0.0)}
[I 2024-11-17 07:14:49,834] Trial 282 finished with value: 9.0 and parameters: {'x_0': 0, 'x_1': 0, 'x_2': 0, 'x_3': -3}. Best is trial 141 with value: 2.0.
2024-11-17 07:14:49,932 - INFO - Candidate Mean Stats: {'Max': np.float64(100.0), 'Min': np.float64(-0.3125981719012426), 'Mean': np.float64(0.8884444941311589), 'Std': np.float64(6.964976511342005)}
2024-11-17 07:14:49,932 - INFO - Candidate Std Stats: {'Max': np.float64(0.6945244475463972), 'Min': np.float64(0.0), 'Mean': np.float64(0.05085943670289134), 'Std': np.float64(0.05001399406137213)}
2024-11-17 07:14:49,934 - INFO - Top 10 Mean Stats: {'Max': np.float64(-0.0038282516123486323), 'Min': np.float64(-0.3125981719012426), 'Mean': np.float64(-0.1755780683068933), 'Std': np.float64(0.08179427519150782)}
2024-11-17 07:14:49,934 - INFO - Top 10 Std Stats: {'Max': np.float64(0.6945244475463972), 'Min': np.float64(0.3411313409190707), 'Mean': np.float64(0.46593811063202856), 'Std': np.float64(0.10626177206396754)}
2024-11-17 07:14:49,934 - INFO - Bottom 10 Mean Stats: {'Max': np.float64(100.0), 'Min': np.float64(84.0), 'Mean': np.float64(93.0), 'Std': np.float64(5.019960159204453)}
2024-11-17 07:14:49,934 - INFO - Bottom 10 Std Stats: {'Max': np.float64(0.0), 'Min': np.float64(0.0), 'Mean': np.float64(0.0), 'Std': np.float64(0.0)}
[I 2024-11-17 07:14:49,949] Trial 295 finished with value: 34.0 and parameters: {'x_0': 1, 'x_1': -2, 'x_2': -5, 'x_3': -2}. Best is trial 290 with value: 2.0.
2024-11-17 07:14:50,025 - INFO - Candidate Mean Stats: {'Max': np.float64(100.0), 'Min': np.float64(-0.2368894957719072), 'Mean': np.float64(1.0050613494854768), 'Std': np.float64(7.633701600902431)}
2024-11-17 07:14:50,026 - INFO - Candidate Std Stats: {'Max': np.float64(0.6226410444028938), 'Min': np.float64(0.0), 'Mean': np.float64(0.05621428177701437), 'Std': np.float64(0.05024601733366773)}
2024-11-17 07:14:50,027 - INFO - Top 10 Mean Stats: {'Max': np.float64(-0.018402977890490103), 'Min': np.float64(-0.2368894957719072), 'Mean': np.float64(-0.1604572143750593), 'Std': np.float64(0.05554006879551707)}
2024-11-17 07:14:50,027 - INFO - Top 10 Std Stats: {'Max': np.float64(0.6226410444028938), 'Min': np.float64(0.33260209808105134), 'Mean': np.float64(0.4318379441181267), 'Std': np.float64(0.09124034982015117)}
2024-11-17 07:14:50,027 - INFO - Bottom 10 Mean Stats: {'Max': np.float64(100.0), 'Min': np.float64(91.0), 'Mean': np.float64(95.5), 'Std': np.float64(4.5)}
2024-11-17 07:14:50,027 - INFO - Bottom 10 Std Stats: {'Max': np.float64(0.0), 'Min': np.float64(0.0), 'Mean': np.float64(0.0), 'Std': np.float64(0.0)}
[I 2024-11-17 07:14:50,046] Trial 303 finished with value: 75.0 and parameters: {'x_0': -4, 'x_1': -5, 'x_2': -5, 'x_3': 3}. Best is trial 179 with value: 1.0.
2024-11-17 07:14:50,065 - INFO - Candidate Mean Stats: {'Max': np.float64(91.0), 'Min': np.float64(-0.4591457857512145), 'Mean': np.float64(0.6737979680720668), 'Std': np.float64(5.57939390937687)}
2024-11-17 07:14:50,065 - INFO - Candidate Std Stats: {'Max': np.float64(0.5456853387975334), 'Min': np.float64(0.0), 'Mean': np.float64(0.0598780577628747), 'Std': np.float64(0.051429529216567384)}
2024-11-17 07:14:50,067 - INFO - Top 10 Mean Stats: {'Max': np.float64(-0.09595693200035034), 'Min': np.float64(-0.4591457857512145), 'Mean': np.float64(-0.3088267271576667), 'Std': np.float64(0.1091400786384064)}
2024-11-17 07:14:50,067 - INFO - Top 10 Std Stats: {'Max': np.float64(0.540359284012184), 'Min': np.float64(0.30150776153117526), 'Mean': np.float64(0.3990620140055414), 'Std': np.float64(0.08147442720273422)}
2024-11-17 07:14:50,067 - INFO - Bottom 10 Mean Stats: {'Max': np.float64(91.0), 'Min': np.float64(73.0), 'Mean': np.float64(76.9), 'Std': np.float64(5.262128846769148)}
2024-11-17 07:14:50,067 - INFO - Bottom 10 Std Stats: {'Max': np.float64(0.0), 'Min': np.float64(0.0), 'Mean': np.float64(0.0), 'Std': np.float64(0.0)}
[I 2024-11-17 07:14:50,084] Trial 283 finished with value: 6.0 and parameters: {'x_0': 1, 'x_1': -2, 'x_2': 1, 'x_3': 0}. Best is trial 141 with value: 2.0.
2024-11-17 07:14:50,143 - INFO - Candidate Mean Stats: {'Max': np.float64(100.0), 'Min': np.float64(-0.5322243644970781), 'Mean': np.float64(0.8912156064205261), 'Std': np.float64(6.9703012221045935)}
2024-11-17 07:14:50,143 - INFO - Candidate Std Stats: {'Max': np.float64(0.6346822707842927), 'Min': np.float64(0.0), 'Mean': np.float64(0.04325476512320884), 'Std': np.float64(0.050228776520198144)}
2024-11-17 07:14:50,145 - INFO - Top 10 Mean Stats: {'Max': np.float64(-0.16576191999298348), 'Min': np.float64(-0.5322243644970781), 'Mean': np.float64(-0.28688865070011194), 'Std': np.float64(0.09758519467902091)}
2024-11-17 07:14:50,145 - INFO - Top 10 Std Stats: {'Max': np.float64(0.6346822707842927), 'Min': np.float64(0.3866632256537607), 'Mean': np.float64(0.47684924666341555), 'Std': np.float64(0.06660503428449403)}
2024-11-17 07:14:50,145 - INFO - Bottom 10 Mean Stats: {'Max': np.float64(100.0), 'Min': np.float64(84.0), 'Mean': np.float64(93.0), 'Std': np.float64(5.019960159204453)}
2024-11-17 07:14:50,145 - INFO - Bottom 10 Std Stats: {'Max': np.float64(0.0), 'Min': np.float64(0.0), 'Mean': np.float64(0.0), 'Std': np.float64(0.0)}
[I 2024-11-17 07:14:50,161] Trial 296 finished with value: 15.0 and parameters: {'x_0': -1, 'x_1': 2, 'x_2': -3, 'x_3': 1}. Best is trial 290 with value: 2.0.
2024-11-17 07:14:50,304 - INFO - Candidate Mean Stats: {'Max': np.float64(100.0), 'Min': np.float64(-0.17202214260798648), 'Mean': np.float64(1.016319397538945), 'Std': np.float64(7.657378408626107)}
2024-11-17 07:14:50,304 - INFO - Candidate Std Stats: {'Max': np.float64(0.3873936183632833), 'Min': np.float64(0.0), 'Mean': np.float64(0.046302980777856065), 'Std': np.float64(0.03981192193641232)}
2024-11-17 07:14:50,306 - INFO - Top 10 Mean Stats: {'Max': np.float64(-0.10012121343741612), 'Min': np.float64(-0.15475516676959483), 'Mean': np.float64(-0.12021617611468041), 'Std': np.float64(0.01785485937991116)}
2024-11-17 07:14:50,306 - INFO - Top 10 Std Stats: {'Max': np.float64(0.30629657916685493), 'Min': np.float64(0.2507493063899121), 'Mean': np.float64(0.269601576588138), 'Std': np.float64(0.015449432485931957)}
2024-11-17 07:14:50,306 - INFO - Bottom 10 Mean Stats: {'Max': np.float64(100.0), 'Min': np.float64(91.0), 'Mean': np.float64(95.5), 'Std': np.float64(4.5)}
2024-11-17 07:14:50,306 - INFO - Bottom 10 Std Stats: {'Max': np.float64(0.0), 'Min': np.float64(0.0), 'Mean': np.float64(0.0), 'Std': np.float64(0.0)}
[I 2024-11-17 07:14:50,322] Trial 304 finished with value: 25.0 and parameters: {'x_0': -2, 'x_1': -2, 'x_2': -4, 'x_3': -1}. Best is trial 179 with value: 1.0.
2024-11-17 07:14:50,397 - INFO - Candidate Mean Stats: {'Max': np.float64(91.0), 'Min': np.float64(-0.832024115092721), 'Mean': np.float64(0.672926279503788), 'Std': np.float64(5.579734872689544)}
2024-11-17 07:14:50,397 - INFO - Candidate Std Stats: {'Max': np.float64(0.633109651409747), 'Min': np.float64(0.0), 'Mean': np.float64(0.050028219115443376), 'Std': np.float64(0.049133439919287446)}
2024-11-17 07:14:50,398 - INFO - Top 10 Mean Stats: {'Max': np.float64(-0.2198317513945328), 'Min': np.float64(-0.832024115092721), 'Mean': np.float64(-0.42527221979271956), 'Std': np.float64(0.2185789734839721)}
2024-11-17 07:14:50,398 - INFO - Top 10 Std Stats: {'Max': np.float64(0.633109651409747), 'Min': np.float64(0.1699293819751654), 'Mean': np.float64(0.4006538846974558), 'Std': np.float64(0.13093374118387544)}
2024-11-17 07:14:50,398 - INFO - Bottom 10 Mean Stats: {'Max': np.float64(91.0), 'Min': np.float64(73.0), 'Mean': np.float64(76.9), 'Std': np.float64(5.262128846769148)}
2024-11-17 07:14:50,398 - INFO - Bottom 10 Std Stats: {'Max': np.float64(0.0), 'Min': np.float64(0.0), 'Mean': np.float64(0.0), 'Std': np.float64(0.0)}
[I 2024-11-17 07:14:50,414] Trial 284 finished with value: 6.0 and parameters: {'x_0': 1, 'x_1': -2, 'x_2': -1, 'x_3': 0}. Best is trial 141 with value: 2.0.
2024-11-17 07:14:50,448 - INFO - Candidate Mean Stats: {'Max': np.float64(100.0), 'Min': np.float64(-0.28035326767771884), 'Mean': np.float64(0.8961858602640029), 'Std': np.float64(6.970774038856187)}
2024-11-17 07:14:50,448 - INFO - Candidate Std Stats: {'Max': np.float64(0.5728496221563468), 'Min': np.float64(0.0), 'Mean': np.float64(0.04640286747213288), 'Std': np.float64(0.04658766697880849)}
2024-11-17 07:14:50,450 - INFO - Top 10 Mean Stats: {'Max': np.float64(-0.12230627664357359), 'Min': np.float64(-0.28035326767771884), 'Mean': np.float64(-0.20185025816616728), 'Std': np.float64(0.050725775555365026)}
2024-11-17 07:14:50,450 - INFO - Top 10 Std Stats: {'Max': np.float64(0.5728496221563468), 'Min': np.float64(0.3268461487805536), 'Mean': np.float64(0.4176471449931844), 'Std': np.float64(0.07917118878384007)}
2024-11-17 07:14:50,450 - INFO - Bottom 10 Mean Stats: {'Max': np.float64(100.0), 'Min': np.float64(84.0), 'Mean': np.float64(93.0), 'Std': np.float64(5.019960159204453)}
2024-11-17 07:14:50,450 - INFO - Bottom 10 Std Stats: {'Max': np.float64(0.0), 'Min': np.float64(0.0), 'Mean': np.float64(0.0), 'Std': np.float64(0.0)}
[I 2024-11-17 07:14:50,466] Trial 297 finished with value: 6.0 and parameters: {'x_0': 0, 'x_1': -1, 'x_2': -1, 'x_3': 2}. Best is trial 290 with value: 2.0.
2024-11-17 07:14:50,564 - INFO - Candidate Mean Stats: {'Max': np.float64(100.0), 'Min': np.float64(-0.21369189515174022), 'Mean': np.float64(1.0163748211040105), 'Std': np.float64(7.66014896647875)}
2024-11-17 07:14:50,564 - INFO - Candidate Std Stats: {'Max': np.float64(0.4153783696127569), 'Min': np.float64(0.0), 'Mean': np.float64(0.04485435265303821), 'Std': np.float64(0.041877984769911766)}
2024-11-17 07:14:50,565 - INFO - Top 10 Mean Stats: {'Max': np.float64(-0.15535526275969697), 'Min': np.float64(-0.21369189515174022), 'Mean': np.float64(-0.1906119316854038), 'Std': np.float64(0.01909025927627947)}
2024-11-17 07:14:50,565 - INFO - Top 10 Std Stats: {'Max': np.float64(0.4153783696127569), 'Min': np.float64(0.27562245185751066), 'Mean': np.float64(0.3365025739097285), 'Std': np.float64(0.039130021861188025)}
2024-11-17 07:14:50,566 - INFO - Bottom 10 Mean Stats: {'Max': np.float64(100.0), 'Min': np.float64(91.0), 'Mean': np.float64(95.5), 'Std': np.float64(4.5)}
2024-11-17 07:14:50,566 - INFO - Bottom 10 Std Stats: {'Max': np.float64(0.0), 'Min': np.float64(0.0), 'Mean': np.float64(0.0), 'Std': np.float64(0.0)}
