[I 2024-11-17 07:14:26,748] Trial 205 finished with value: 70.0 and parameters: {'x_0': -2, 'x_1': -5, 'x_2': -5, 'x_3': 4}. Best is trial 141 with value: 2.0.
2024-11-17 07:14:26,828 - INFO - Candidate Mean Stats: {'Max': np.float64(100.0), 'Min': np.float64(-0.22453118398542066), 'Mean': np.float64(0.7365981531058032), 'Std': np.float64(6.613024581814262)}
2024-11-17 07:14:26,828 - INFO - Candidate Std Stats: {'Max': np.float64(0.591396477938403), 'Min': np.float64(0.0), 'Mean': np.float64(0.048243882367432774), 'Std': np.float64(0.04582023738496456)}
2024-11-17 07:14:26,830 - INFO - Top 10 Mean Stats: {'Max': np.float64(-0.0030530998852347003), 'Min': np.float64(-0.22453118398542066), 'Mean': np.float64(-0.1300974612823488), 'Std': np.float64(0.08141921669392455)}
2024-11-17 07:14:26,830 - INFO - Top 10 Std Stats: {'Max': np.float64(0.591396477938403), 'Min': np.float64(0.32761880735784743), 'Mean': np.float64(0.43058979221291943), 'Std': np.float64(0.07567953887915028)}
2024-11-17 07:14:26,830 - INFO - Bottom 10 Mean Stats: {'Max': np.float64(100.0), 'Min': np.float64(91.0), 'Mean': np.float64(95.5), 'Std': np.float64(4.5)}
2024-11-17 07:14:26,830 - INFO - Bottom 10 Std Stats: {'Max': np.float64(0.0), 'Min': np.float64(0.0), 'Mean': np.float64(0.0), 'Std': np.float64(0.0)}
[I 2024-11-17 07:14:26,845] Trial 217 finished with value: 54.0 and parameters: {'x_0': -2, 'x_1': -5, 'x_2': 5, 'x_3': 0}. Best is trial 179 with value: 1.0.
2024-11-17 07:14:26,940 - INFO - Candidate Mean Stats: {'Max': np.float64(100.0), 'Min': np.float64(-0.3533261193860275), 'Mean': np.float64(0.6134044988912718), 'Std': np.float64(5.635056670281005)}
2024-11-17 07:14:26,940 - INFO - Candidate Std Stats: {'Max': np.float64(0.8116643341292065), 'Min': np.float64(0.0), 'Mean': np.float64(0.051017066272786536), 'Std': np.float64(0.048218564219237384)}
2024-11-17 07:14:26,941 - INFO - Top 10 Mean Stats: {'Max': np.float64(0.2924194424944219), 'Min': np.float64(-0.3533261193860275), 'Mean': np.float64(-0.09360219055705823), 'Std': np.float64(0.15376741354687098)}
2024-11-17 07:14:26,941 - INFO - Top 10 Std Stats: {'Max': np.float64(0.8116643341292065), 'Min': np.float64(0.1203945890766143), 'Mean': np.float64(0.4012505470201216), 'Std': np.float64(0.17460219725550202)}
2024-11-17 07:14:26,941 - INFO - Bottom 10 Mean Stats: {'Max': np.float64(100.0), 'Min': np.float64(82.0), 'Mean': np.float64(87.1), 'Std': np.float64(5.647123161398199)}
2024-11-17 07:14:26,941 - INFO - Bottom 10 Std Stats: {'Max': np.float64(0.0), 'Min': np.float64(0.0), 'Mean': np.float64(0.0), 'Std': np.float64(0.0)}
[I 2024-11-17 07:14:26,956] Trial 212 finished with value: 75.0 and parameters: {'x_0': -5, 'x_1': -4, 'x_2': -3, 'x_3': -5}. Best is trial 190 with value: 6.0.
2024-11-17 07:14:27,012 - INFO - Candidate Mean Stats: {'Max': np.float64(75.0), 'Min': np.float64(-0.22371612120292675), 'Mean': np.float64(0.5202228906110524), 'Std': np.float64(4.872603940939151)}
2024-11-17 07:14:27,012 - INFO - Candidate Std Stats: {'Max': np.float64(0.5670603103243501), 'Min': np.float64(0.0), 'Mean': np.float64(0.06568395465206688), 'Std': np.float64(0.049552773514806046)}
2024-11-17 07:14:27,014 - INFO - Top 10 Mean Stats: {'Max': np.float64(-0.11565137090151822), 'Min': np.float64(-0.22371612120292675), 'Mean': np.float64(-0.18435098727375016), 'Std': np.float64(0.02727086617335968)}
2024-11-17 07:14:27,014 - INFO - Top 10 Std Stats: {'Max': np.float64(0.5354571858997887), 'Min': np.float64(0.3525385974322509), 'Mean': np.float64(0.4229340905673298), 'Std': np.float64(0.0502900229261616)}
2024-11-17 07:14:27,014 - INFO - Bottom 10 Mean Stats: {'Max': np.float64(75.0), 'Min': np.float64(70.0), 'Mean': np.float64(73.1), 'Std': np.float64(2.1656407827707715)}
2024-11-17 07:14:27,014 - INFO - Bottom 10 Std Stats: {'Max': np.float64(0.0), 'Min': np.float64(0.0), 'Mean': np.float64(0.0), 'Std': np.float64(0.0)}
[I 2024-11-17 07:14:27,032] Trial 206 finished with value: 54.0 and parameters: {'x_0': -3, 'x_1': -5, 'x_2': -4, 'x_3': 2}. Best is trial 141 with value: 2.0.
2024-11-17 07:14:27,099 - INFO - Candidate Mean Stats: {'Max': np.float64(100.0), 'Min': np.float64(-0.220534189073848), 'Mean': np.float64(0.7463131902699613), 'Std': np.float64(6.627018910343948)}
2024-11-17 07:14:27,099 - INFO - Candidate Std Stats: {'Max': np.float64(0.4633045205251974), 'Min': np.float64(0.0), 'Mean': np.float64(0.04444271532836204), 'Std': np.float64(0.04212471038432703)}
2024-11-17 07:14:27,100 - INFO - Top 10 Mean Stats: {'Max': np.float64(-0.08118902149247069), 'Min': np.float64(-0.220534189073848), 'Mean': np.float64(-0.1382951942407788), 'Std': np.float64(0.04311166528625626)}
2024-11-17 07:14:27,100 - INFO - Top 10 Std Stats: {'Max': np.float64(0.44756507010887625), 'Min': np.float64(0.2994555957049638), 'Mean': np.float64(0.3523384056211356), 'Std': np.float64(0.042807958559029656)}
2024-11-17 07:14:27,100 - INFO - Bottom 10 Mean Stats: {'Max': np.float64(100.0), 'Min': np.float64(91.0), 'Mean': np.float64(95.5), 'Std': np.float64(4.5)}
2024-11-17 07:14:27,100 - INFO - Bottom 10 Std Stats: {'Max': np.float64(0.0), 'Min': np.float64(0.0), 'Mean': np.float64(0.0), 'Std': np.float64(0.0)}
[I 2024-11-17 07:14:27,118] Trial 218 finished with value: 29.0 and parameters: {'x_0': -5, 'x_1': 0, 'x_2': 2, 'x_3': 0}. Best is trial 179 with value: 1.0.
2024-11-17 07:14:27,212 - INFO - Candidate Mean Stats: {'Max': np.float64(100.0), 'Min': np.float64(-0.4717552018744944), 'Mean': np.float64(0.6163481098886076), 'Std': np.float64(5.668713601631389)}
2024-11-17 07:14:27,212 - INFO - Candidate Std Stats: {'Max': np.float64(0.7811728173356093), 'Min': np.float64(0.0), 'Mean': np.float64(0.054856000751113465), 'Std': np.float64(0.049723606894951276)}
2024-11-17 07:14:27,213 - INFO - Top 10 Mean Stats: {'Max': np.float64(0.012418594564541374), 'Min': np.float64(-0.4717552018744944), 'Mean': np.float64(-0.22272586300758065), 'Std': np.float64(0.1169768528546677)}
2024-11-17 07:14:27,213 - INFO - Top 10 Std Stats: {'Max': np.float64(0.7811728173356093), 'Min': np.float64(0.3034285701440836), 'Mean': np.float64(0.4539781125671615), 'Std': np.float64(0.12597391300950828)}
2024-11-17 07:14:27,213 - INFO - Bottom 10 Mean Stats: {'Max': np.float64(100.0), 'Min': np.float64(82.0), 'Mean': np.float64(87.1), 'Std': np.float64(5.647123161398199)}
2024-11-17 07:14:27,213 - INFO - Bottom 10 Std Stats: {'Max': np.float64(0.0), 'Min': np.float64(0.0), 'Mean': np.float64(0.0), 'Std': np.float64(0.0)}
[I 2024-11-17 07:14:27,229] Trial 213 finished with value: 76.0 and parameters: {'x_0': -5, 'x_1': 1, 'x_2': -5, 'x_3': -5}. Best is trial 190 with value: 6.0.
2024-11-17 07:14:27,350 - INFO - Candidate Mean Stats: {'Max': np.float64(75.0), 'Min': np.float64(-0.22220859149032549), 'Mean': np.float64(0.5232490106864731), 'Std': np.float64(4.892676192116442)}
2024-11-17 07:14:27,350 - INFO - Candidate Std Stats: {'Max': np.float64(0.4953842653636347), 'Min': np.float64(0.0), 'Mean': np.float64(0.06285317606091549), 'Std': np.float64(0.050884414883194486)}
2024-11-17 07:14:27,351 - INFO - Top 10 Mean Stats: {'Max': np.float64(-0.07517135328309474), 'Min': np.float64(-0.21518011890937436), 'Mean': np.float64(-0.169257744904361), 'Std': np.float64(0.040337658285979024)}
2024-11-17 07:14:27,351 - INFO - Top 10 Std Stats: {'Max': np.float64(0.4953842653636347), 'Min': np.float64(0.3621150514348211), 'Mean': np.float64(0.41291662545165264), 'Std': np.float64(0.04359994101035742)}
2024-11-17 07:14:27,351 - INFO - Bottom 10 Mean Stats: {'Max': np.float64(75.0), 'Min': np.float64(70.0), 'Mean': np.float64(73.1), 'Std': np.float64(2.1656407827707715)}
2024-11-17 07:14:27,351 - INFO - Bottom 10 Std Stats: {'Max': np.float64(0.0), 'Min': np.float64(0.0), 'Mean': np.float64(0.0), 'Std': np.float64(0.0)}
[I 2024-11-17 07:14:27,366] Trial 207 finished with value: 31.0 and parameters: {'x_0': 1, 'x_1': -1, 'x_2': 5, 'x_3': -2}. Best is trial 141 with value: 2.0.
2024-11-17 07:14:27,382 - INFO - Candidate Mean Stats: {'Max': np.float64(100.0), 'Min': np.float64(-0.3233419278155451), 'Mean': np.float64(0.7452272853314126), 'Std': np.float64(6.631456071716121)}
2024-11-17 07:14:27,382 - INFO - Candidate Std Stats: {'Max': np.float64(0.4759731252340824), 'Min': np.float64(0.0), 'Mean': np.float64(0.04839055283135679), 'Std': np.float64(0.04875203281093411)}
2024-11-17 07:14:27,383 - INFO - Top 10 Mean Stats: {'Max': np.float64(-0.10740693082165705), 'Min': np.float64(-0.3233419278155451), 'Mean': np.float64(-0.20249644889968904), 'Std': np.float64(0.06519780151464451)}
2024-11-17 07:14:27,383 - INFO - Top 10 Std Stats: {'Max': np.float64(0.4694632512715263), 'Min': np.float64(0.32238132570182476), 'Mean': np.float64(0.3755013002928003), 'Std': np.float64(0.04203684631880506)}
2024-11-17 07:14:27,383 - INFO - Bottom 10 Mean Stats: {'Max': np.float64(100.0), 'Min': np.float64(91.0), 'Mean': np.float64(95.5), 'Std': np.float64(4.5)}
2024-11-17 07:14:27,383 - INFO - Bottom 10 Std Stats: {'Max': np.float64(0.0), 'Min': np.float64(0.0), 'Mean': np.float64(0.0), 'Std': np.float64(0.0)}
[I 2024-11-17 07:14:27,399] Trial 219 finished with value: 55.0 and parameters: {'x_0': 2, 'x_1': 1, 'x_2': -5, 'x_3': 5}. Best is trial 179 with value: 1.0.
2024-11-17 07:14:27,542 - INFO - Candidate Mean Stats: {'Max': np.float64(100.0), 'Min': np.float64(-0.27028929891349984), 'Mean': np.float64(0.6239365178247672), 'Std': np.float64(5.702574198530834)}
2024-11-17 07:14:27,543 - INFO - Candidate Std Stats: {'Max': np.float64(0.8811736859048415), 'Min': np.float64(0.0), 'Mean': np.float64(0.049586477077235534), 'Std': np.float64(0.0501972599244792)}
2024-11-17 07:14:27,544 - INFO - Top 10 Mean Stats: {'Max': np.float64(-0.09456030641419673), 'Min': np.float64(-0.27028929891349984), 'Mean': np.float64(-0.19020716275841032), 'Std': np.float64(0.04908534990224768)}
2024-11-17 07:14:27,544 - INFO - Top 10 Std Stats: {'Max': np.float64(0.8811736859048415), 'Min': np.float64(0.28791445637220736), 'Mean': np.float64(0.42108591644876026), 'Std': np.float64(0.16335987399309781)}
2024-11-17 07:14:27,544 - INFO - Bottom 10 Mean Stats: {'Max': np.float64(100.0), 'Min': np.float64(82.0), 'Mean': np.float64(87.1), 'Std': np.float64(5.647123161398199)}
2024-11-17 07:14:27,544 - INFO - Bottom 10 Std Stats: {'Max': np.float64(0.0), 'Min': np.float64(0.0), 'Mean': np.float64(0.0), 'Std': np.float64(0.0)}
[I 2024-11-17 07:14:27,566] Trial 214 finished with value: 75.0 and parameters: {'x_0': -5, 'x_1': 0, 'x_2': -5, 'x_3': -5}. Best is trial 190 with value: 6.0.
2024-11-17 07:14:27,603 - INFO - Candidate Mean Stats: {'Max': np.float64(75.0), 'Min': np.float64(-0.2659846696520244), 'Mean': np.float64(0.5245054918526142), 'Std': np.float64(4.899231254960085)}
2024-11-17 07:14:27,604 - INFO - Candidate Std Stats: {'Max': np.float64(0.5001742658916786), 'Min': np.float64(0.0), 'Mean': np.float64(0.060725773928818914), 'Std': np.float64(0.049307322948434505)}
2024-11-17 07:14:27,605 - INFO - Top 10 Mean Stats: {'Max': np.float64(-0.042122176674868575), 'Min': np.float64(-0.2659846696520244), 'Mean': np.float64(-0.18652914448110366), 'Std': np.float64(0.05869391146803335)}
2024-11-17 07:14:27,605 - INFO - Top 10 Std Stats: {'Max': np.float64(0.5001742658916786), 'Min': np.float64(0.2721254595364238), 'Mean': np.float64(0.3683495708337025), 'Std': np.float64(0.06278079686373976)}
2024-11-17 07:14:27,605 - INFO - Bottom 10 Mean Stats: {'Max': np.float64(75.0), 'Min': np.float64(70.0), 'Mean': np.float64(73.1), 'Std': np.float64(2.1656407827707715)}
2024-11-17 07:14:27,605 - INFO - Bottom 10 Std Stats: {'Max': np.float64(0.0), 'Min': np.float64(0.0), 'Mean': np.float64(0.0), 'Std': np.float64(0.0)}
[I 2024-11-17 07:14:27,620] Trial 208 finished with value: 5.0 and parameters: {'x_0': -2, 'x_1': 0, 'x_2': -1, 'x_3': 0}. Best is trial 141 with value: 2.0.
2024-11-17 07:14:27,658 - INFO - Candidate Mean Stats: {'Max': np.float64(100.0), 'Min': np.float64(-0.2732601898298859), 'Mean': np.float64(0.7463770176004999), 'Std': np.float64(6.646883227307511)}
2024-11-17 07:14:27,658 - INFO - Candidate Std Stats: {'Max': np.float64(0.6311713345175616), 'Min': np.float64(0.0), 'Mean': np.float64(0.052367413811339664), 'Std': np.float64(0.04423354133394075)}
2024-11-17 07:14:27,659 - INFO - Top 10 Mean Stats: {'Max': np.float64(-0.14784811081012322), 'Min': np.float64(-0.2732601898298859), 'Mean': np.float64(-0.18896623041934027), 'Std': np.float64(0.034859237238931175)}
2024-11-17 07:14:27,659 - INFO - Top 10 Std Stats: {'Max': np.float64(0.40696157287797724), 'Min': np.float64(0.2746522794263425), 'Mean': np.float64(0.34875199212819), 'Std': np.float64(0.040238146460258306)}
2024-11-17 07:14:27,659 - INFO - Bottom 10 Mean Stats: {'Max': np.float64(100.0), 'Min': np.float64(91.0), 'Mean': np.float64(95.5), 'Std': np.float64(4.5)}
2024-11-17 07:14:27,660 - INFO - Bottom 10 Std Stats: {'Max': np.float64(0.0), 'Min': np.float64(0.0), 'Mean': np.float64(0.0), 'Std': np.float64(0.0)}
[I 2024-11-17 07:14:27,675] Trial 220 finished with value: 31.0 and parameters: {'x_0': 1, 'x_1': -1, 'x_2': -5, 'x_3': -2}. Best is trial 179 with value: 1.0.
2024-11-17 07:14:27,834 - INFO - Candidate Mean Stats: {'Max': np.float64(100.0), 'Min': np.float64(-0.2908035283244076), 'Mean': np.float64(0.6264040302948676), 'Std': np.float64(5.73588420210593)}
2024-11-17 07:14:27,834 - INFO - Candidate Std Stats: {'Max': np.float64(0.6974977689645826), 'Min': np.float64(0.0), 'Mean': np.float64(0.053436889736089246), 'Std': np.float64(0.04903056437869036)}
2024-11-17 07:14:27,836 - INFO - Top 10 Mean Stats: {'Max': np.float64(0.009078976182907006), 'Min': np.float64(-0.2908035283244076), 'Mean': np.float64(-0.12477008916560765), 'Std': np.float64(0.08042683207382374)}
2024-11-17 07:14:27,836 - INFO - Top 10 Std Stats: {'Max': np.float64(0.5498211609380655), 'Min': np.float64(0.32575582041020446), 'Mean': np.float64(0.4344308193390587), 'Std': np.float64(0.07319553173298668)}
2024-11-17 07:14:27,836 - INFO - Bottom 10 Mean Stats: {'Max': np.float64(100.0), 'Min': np.float64(82.0), 'Mean': np.float64(87.1), 'Std': np.float64(5.647123161398199)}
2024-11-17 07:14:27,836 - INFO - Bottom 10 Std Stats: {'Max': np.float64(0.0), 'Min': np.float64(0.0), 'Mean': np.float64(0.0), 'Std': np.float64(0.0)}
[I 2024-11-17 07:14:27,851] Trial 215 finished with value: 70.0 and parameters: {'x_0': 2, 'x_1': -4, 'x_2': -5, 'x_3': -5}. Best is trial 190 with value: 6.0.
2024-11-17 07:14:27,893 - INFO - Candidate Mean Stats: {'Max': np.float64(75.0), 'Min': np.float64(-0.23313829714221806), 'Mean': np.float64(0.5248451992395016), 'Std': np.float64(4.899387682066103)}
2024-11-17 07:14:27,893 - INFO - Candidate Std Stats: {'Max': np.float64(0.4354812502400901), 'Min': np.float64(0.0), 'Mean': np.float64(0.0649790211193882), 'Std': np.float64(0.05029304023744347)}
2024-11-17 07:14:27,894 - INFO - Top 10 Mean Stats: {'Max': np.float64(-0.14945652620280941), 'Min': np.float64(-0.23005906530634634), 'Mean': np.float64(-0.18758146956632282), 'Std': np.float64(0.021125914321618325)}
2024-11-17 07:14:27,894 - INFO - Top 10 Std Stats: {'Max': np.float64(0.4354812502400901), 'Min': np.float64(0.2805630181368461), 'Mean': np.float64(0.35380662542418617), 'Std': np.float64(0.04701214251610605)}
2024-11-17 07:14:27,894 - INFO - Bottom 10 Mean Stats: {'Max': np.float64(75.0), 'Min': np.float64(70.0), 'Mean': np.float64(73.1), 'Std': np.float64(2.1656407827707715)}
2024-11-17 07:14:27,894 - INFO - Bottom 10 Std Stats: {'Max': np.float64(0.0), 'Min': np.float64(0.0), 'Mean': np.float64(0.0), 'Std': np.float64(0.0)}
2024-11-17 07:14:27,909 - INFO - Candidate Mean Stats: {'Max': np.float64(100.0), 'Min': np.float64(-0.20666590779881694), 'Mean': np.float64(0.7480857560848747), 'Std': np.float64(6.651630068905565)}
2024-11-17 07:14:27,909 - INFO - Candidate Std Stats: {'Max': np.float64(0.43291786588481224), 'Min': np.float64(0.0), 'Mean': np.float64(0.055756993384610175), 'Std': np.float64(0.04646254759056243)}
[I 2024-11-17 07:14:27,910] Trial 209 finished with value: 38.0 and parameters: {'x_0': 3, 'x_1': 3, 'x_2': 4, 'x_3': -2}. Best is trial 141 with value: 2.0.
2024-11-17 07:14:27,910 - INFO - Top 10 Mean Stats: {'Max': np.float64(-0.12835524290622088), 'Min': np.float64(-0.20666590779881694), 'Mean': np.float64(-0.17337175765131987), 'Std': np.float64(0.022926034079763933)}
2024-11-17 07:14:27,910 - INFO - Top 10 Std Stats: {'Max': np.float64(0.4164872427818313), 'Min': np.float64(0.3288433067393985), 'Mean': np.float64(0.3755719888301957), 'Std': np.float64(0.031079050287450293)}
2024-11-17 07:14:27,911 - INFO - Bottom 10 Mean Stats: {'Max': np.float64(100.0), 'Min': np.float64(91.0), 'Mean': np.float64(95.5), 'Std': np.float64(4.5)}
2024-11-17 07:14:27,911 - INFO - Bottom 10 Std Stats: {'Max': np.float64(0.0), 'Min': np.float64(0.0), 'Mean': np.float64(0.0), 'Std': np.float64(0.0)}
[I 2024-11-17 07:14:27,935] Trial 221 finished with value: 15.0 and parameters: {'x_0': 1, 'x_1': -3, 'x_2': -1, 'x_3': -2}. Best is trial 179 with value: 1.0.
2024-11-17 07:14:28,159 - INFO - Candidate Mean Stats: {'Max': np.float64(100.0), 'Min': np.float64(-0.2857313549477919), 'Mean': np.float64(0.631251486383122), 'Std': np.float64(5.7644539865866316)}
2024-11-17 07:14:28,159 - INFO - Candidate Std Stats: {'Max': np.float64(0.7806479467558577), 'Min': np.float64(0.0), 'Mean': np.float64(0.05706988153686244), 'Std': np.float64(0.05213760013415685)}
2024-11-17 07:14:28,161 - INFO - Top 10 Mean Stats: {'Max': np.float64(-0.004666617591844646), 'Min': np.float64(-0.2857313549477919), 'Mean': np.float64(-0.1822413839378632), 'Std': np.float64(0.07280694329724505)}
2024-11-17 07:14:28,161 - INFO - Top 10 Std Stats: {'Max': np.float64(0.7806479467558577), 'Min': np.float64(0.2814996265898503), 'Mean': np.float64(0.42528002117371067), 'Std': np.float64(0.1472488757014984)}
2024-11-17 07:14:28,161 - INFO - Bottom 10 Mean Stats: {'Max': np.float64(100.0), 'Min': np.float64(82.0), 'Mean': np.float64(87.1), 'Std': np.float64(5.647123161398199)}
2024-11-17 07:14:28,161 - INFO - Bottom 10 Std Stats: {'Max': np.float64(0.0), 'Min': np.float64(0.0), 'Mean': np.float64(0.0), 'Std': np.float64(0.0)}
[I 2024-11-17 07:14:28,177] Trial 216 finished with value: 91.0 and parameters: {'x_0': -5, 'x_1': 4, 'x_2': -5, 'x_3': -5}. Best is trial 190 with value: 6.0.
2024-11-17 07:14:28,209 - INFO - Candidate Mean Stats: {'Max': np.float64(100.0), 'Min': np.float64(-0.26836807159074927), 'Mean': np.float64(0.7541957599795127), 'Std': np.float64(6.652107632723812)}
2024-11-17 07:14:28,209 - INFO - Candidate Std Stats: {'Max': np.float64(0.5362324481269661), 'Min': np.float64(0.0), 'Mean': np.float64(0.04308940379585454), 'Std': np.float64(0.04382226164452943)}
2024-11-17 07:14:28,211 - INFO - Top 10 Mean Stats: {'Max': np.float64(-0.12017304805347359), 'Min': np.float64(-0.26836807159074927), 'Mean': np.float64(-0.17803960675989508), 'Std': np.float64(0.03645345801380254)}
2024-11-17 07:14:28,211 - INFO - Top 10 Std Stats: {'Max': np.float64(0.5362324481269661), 'Min': np.float64(0.2785647602108576), 'Mean': np.float64(0.38600152485104566), 'Std': np.float64(0.06611584443087856)}
2024-11-17 07:14:28,211 - INFO - Bottom 10 Mean Stats: {'Max': np.float64(100.0), 'Min': np.float64(91.0), 'Mean': np.float64(95.5), 'Std': np.float64(4.5)}
2024-11-17 07:14:28,211 - INFO - Bottom 10 Std Stats: {'Max': np.float64(0.0), 'Min': np.float64(0.0), 'Mean': np.float64(0.0), 'Std': np.float64(0.0)}
[I 2024-11-17 07:14:28,228] Trial 222 finished with value: 67.0 and parameters: {'x_0': -5, 'x_1': 5, 'x_2': -4, 'x_3': -1}. Best is trial 179 with value: 1.0.
2024-11-17 07:14:28,240 - INFO - Candidate Mean Stats: {'Max': np.float64(75.0), 'Min': np.float64(-0.24688709484311366), 'Mean': np.float64(0.5264852900392062), 'Std': np.float64(4.909262415662761)}
2024-11-17 07:14:28,241 - INFO - Candidate Std Stats: {'Max': np.float64(0.5595127292834455), 'Min': np.float64(0.0), 'Mean': np.float64(0.06400801893241984), 'Std': np.float64(0.048952038849279046)}
2024-11-17 07:14:28,242 - INFO - Top 10 Mean Stats: {'Max': np.float64(-0.1608068228413384), 'Min': np.float64(-0.24688709484311366), 'Mean': np.float64(-0.20027114217281064), 'Std': np.float64(0.02821327433072852)}
2024-11-17 07:14:28,242 - INFO - Top 10 Std Stats: {'Max': np.float64(0.5595127292834455), 'Min': np.float64(0.29118624296691076), 'Mean': np.float64(0.37691362351517343), 'Std': np.float64(0.07327800231178966)}
2024-11-17 07:14:28,242 - INFO - Bottom 10 Mean Stats: {'Max': np.float64(75.0), 'Min': np.float64(70.0), 'Mean': np.float64(73.1), 'Std': np.float64(2.1656407827707715)}
2024-11-17 07:14:28,242 - INFO - Bottom 10 Std Stats: {'Max': np.float64(0.0), 'Min': np.float64(0.0), 'Mean': np.float64(0.0), 'Std': np.float64(0.0)}
