[I 2024-11-17 07:14:07,261] Trial 139 finished with value: 84.0 and parameters: {'x_0': 3, 'x_1': -5, 'x_2': -5, 'x_3': 5}. Best is trial 84 with value: 10.0.
2024-11-17 07:14:07,377 - INFO - Candidate Mean Stats: {'Max': np.float64(75.0), 'Min': np.float64(-0.25895654160165626), 'Mean': np.float64(0.33487027344182596), 'Std': np.float64(3.9031517416647707)}
2024-11-17 07:14:07,377 - INFO - Candidate Std Stats: {'Max': np.float64(0.6450241834806402), 'Min': np.float64(0.0), 'Mean': np.float64(0.06391861221097964), 'Std': np.float64(0.04868767998135577)}
2024-11-17 07:14:07,379 - INFO - Top 10 Mean Stats: {'Max': np.float64(-0.13952100647614502), 'Min': np.float64(-0.25895654160165626), 'Mean': np.float64(-0.2137871855467804), 'Std': np.float64(0.04079870318867551)}
2024-11-17 07:14:07,379 - INFO - Top 10 Std Stats: {'Max': np.float64(0.5501419403216279), 'Min': np.float64(0.36222999569770936), 'Mean': np.float64(0.4219641905557376), 'Std': np.float64(0.05463409330398329)}
2024-11-17 07:14:07,379 - INFO - Bottom 10 Mean Stats: {'Max': np.float64(75.0), 'Min': np.float64(61.0), 'Mean': np.float64(69.4), 'Std': np.float64(4.923413450036469)}
2024-11-17 07:14:07,379 - INFO - Bottom 10 Std Stats: {'Max': np.float64(0.0), 'Min': np.float64(0.0), 'Mean': np.float64(0.0), 'Std': np.float64(0.0)}
2024-11-17 07:14:07,386 - INFO - Candidate Mean Stats: {'Max': np.float64(84.0), 'Min': np.float64(-0.2529890103527254), 'Mean': np.float64(0.3731530102805823), 'Std': np.float64(4.214184950686324)}
2024-11-17 07:14:07,386 - INFO - Candidate Std Stats: {'Max': np.float64(0.47786922800279197), 'Min': np.float64(0.0), 'Mean': np.float64(0.0652017591538273), 'Std': np.float64(0.04626268782980817)}
2024-11-17 07:14:07,388 - INFO - Top 10 Mean Stats: {'Max': np.float64(-0.1416940098246326), 'Min': np.float64(-0.22137788085629134), 'Mean': np.float64(-0.18012847701455886), 'Std': np.float64(0.024723348398577493)}
2024-11-17 07:14:07,388 - INFO - Top 10 Std Stats: {'Max': np.float64(0.47786922800279197), 'Min': np.float64(0.33151531362742737), 'Mean': np.float64(0.3863284072512698), 'Std': np.float64(0.04779706106646542)}
2024-11-17 07:14:07,388 - INFO - Bottom 10 Mean Stats: {'Max': np.float64(84.0), 'Min': np.float64(66.0), 'Mean': np.float64(73.4), 'Std': np.float64(6.003332407921454)}
2024-11-17 07:14:07,388 - INFO - Bottom 10 Std Stats: {'Max': np.float64(0.0), 'Min': np.float64(0.0), 'Mean': np.float64(0.0), 'Std': np.float64(0.0)}
[I 2024-11-17 07:14:07,400] Trial 133 finished with value: 30.0 and parameters: {'x_0': 1, 'x_1': -3, 'x_2': -2, 'x_3': -4}. Best is trial 91 with value: 5.0.
[I 2024-11-17 07:14:07,411] Trial 138 finished with value: 68.0 and parameters: {'x_0': 3, 'x_1': 3, 'x_2': 5, 'x_3': 5}. Best is trial 76 with value: 7.0.
2024-11-17 07:14:07,478 - INFO - Candidate Mean Stats: {'Max': np.float64(100.0), 'Min': np.float64(-0.220285882680111), 'Mean': np.float64(0.4565524301661353), 'Std': np.float64(5.099721875049653)}
2024-11-17 07:14:07,478 - INFO - Candidate Std Stats: {'Max': np.float64(0.7931890803234308), 'Min': np.float64(0.0), 'Mean': np.float64(0.050771999041973395), 'Std': np.float64(0.04984081415163754)}
2024-11-17 07:14:07,480 - INFO - Top 10 Mean Stats: {'Max': np.float64(0.15771717216084413), 'Min': np.float64(-0.21833017406463956), 'Mean': np.float64(-0.10326982526406107), 'Std': np.float64(0.11036471433671344)}
2024-11-17 07:14:07,480 - INFO - Top 10 Std Stats: {'Max': np.float64(0.7931890803234308), 'Min': np.float64(0.340541535092454), 'Mean': np.float64(0.5190204825584338), 'Std': np.float64(0.15716959783202555)}
2024-11-17 07:14:07,480 - INFO - Bottom 10 Mean Stats: {'Max': np.float64(100.0), 'Min': np.float64(84.0), 'Mean': np.float64(91.6), 'Std': np.float64(6.216108107168021)}
2024-11-17 07:14:07,480 - INFO - Bottom 10 Std Stats: {'Max': np.float64(0.0), 'Min': np.float64(0.0), 'Mean': np.float64(0.0), 'Std': np.float64(0.0)}
[I 2024-11-17 07:14:07,494] Trial 140 finished with value: 100.0 and parameters: {'x_0': -5, 'x_1': -5, 'x_2': -5, 'x_3': 5}. Best is trial 84 with value: 10.0.
2024-11-17 07:14:07,634 - INFO - Candidate Mean Stats: {'Max': np.float64(75.0), 'Min': np.float64(-0.2851595507153998), 'Mean': np.float64(0.3378151112071008), 'Std': np.float64(3.910764646685979)}
2024-11-17 07:14:07,634 - INFO - Candidate Std Stats: {'Max': np.float64(0.43225154840466296), 'Min': np.float64(0.0), 'Mean': np.float64(0.06563702060668725), 'Std': np.float64(0.04487667580786014)}
2024-11-17 07:14:07,636 - INFO - Top 10 Mean Stats: {'Max': np.float64(-0.1590455521032585), 'Min': np.float64(-0.2851595507153998), 'Mean': np.float64(-0.2046839602479585), 'Std': np.float64(0.03733603225819653)}
2024-11-17 07:14:07,636 - INFO - Top 10 Std Stats: {'Max': np.float64(0.41553832480456776), 'Min': np.float64(0.30536994559349756), 'Mean': np.float64(0.3683236064396419), 'Std': np.float64(0.032212904198478796)}
2024-11-17 07:14:07,636 - INFO - Bottom 10 Mean Stats: {'Max': np.float64(75.0), 'Min': np.float64(61.0), 'Mean': np.float64(69.4), 'Std': np.float64(4.923413450036469)}
2024-11-17 07:14:07,636 - INFO - Bottom 10 Std Stats: {'Max': np.float64(0.0), 'Min': np.float64(0.0), 'Mean': np.float64(0.0), 'Std': np.float64(0.0)}
2024-11-17 07:14:07,638 - INFO - Candidate Mean Stats: {'Max': np.float64(84.0), 'Min': np.float64(-0.24005940729797043), 'Mean': np.float64(0.3768937456932526), 'Std': np.float64(4.251166064145776)}
2024-11-17 07:14:07,638 - INFO - Candidate Std Stats: {'Max': np.float64(0.5000057683642313), 'Min': np.float64(0.0), 'Mean': np.float64(0.06580553220101944), 'Std': np.float64(0.04772419452620806)}
2024-11-17 07:14:07,640 - INFO - Top 10 Mean Stats: {'Max': np.float64(-0.13377402988018822), 'Min': np.float64(-0.24005940729797043), 'Mean': np.float64(-0.1810279371905126), 'Std': np.float64(0.03322750301155219)}
2024-11-17 07:14:07,640 - INFO - Top 10 Std Stats: {'Max': np.float64(0.4546473718387211), 'Min': np.float64(0.2695224246501942), 'Mean': np.float64(0.3495159629053635), 'Std': np.float64(0.04646009439274782)}
2024-11-17 07:14:07,640 - INFO - Bottom 10 Mean Stats: {'Max': np.float64(84.0), 'Min': np.float64(66.0), 'Mean': np.float64(73.6), 'Std': np.float64(5.782732917920384)}
2024-11-17 07:14:07,640 - INFO - Bottom 10 Std Stats: {'Max': np.float64(0.0), 'Min': np.float64(0.0), 'Mean': np.float64(0.0), 'Std': np.float64(0.0)}
[I 2024-11-17 07:14:07,650] Trial 134 finished with value: 14.0 and parameters: {'x_0': -2, 'x_1': -3, 'x_2': -1, 'x_3': 0}. Best is trial 91 with value: 5.0.
[I 2024-11-17 07:14:07,654] Trial 139 finished with value: 30.0 and parameters: {'x_0': -4, 'x_1': -1, 'x_2': 2, 'x_3': 3}. Best is trial 76 with value: 7.0.
2024-11-17 07:14:07,703 - INFO - Candidate Mean Stats: {'Max': np.float64(100.0), 'Min': np.float64(-0.5394885305732922), 'Mean': np.float64(0.4599428123203004), 'Std': np.float64(5.165952397792641)}
2024-11-17 07:14:07,703 - INFO - Candidate Std Stats: {'Max': np.float64(1.1166416853455043), 'Min': np.float64(0.0), 'Mean': np.float64(0.05507831603740608), 'Std': np.float64(0.05163669050965506)}
2024-11-17 07:14:07,704 - INFO - Top 10 Mean Stats: {'Max': np.float64(-0.17316388163888008), 'Min': np.float64(-0.5394885305732922), 'Mean': np.float64(-0.33447181601446), 'Std': np.float64(0.10412394994934875)}
2024-11-17 07:14:07,704 - INFO - Top 10 Std Stats: {'Max': np.float64(0.5772771392066532), 'Min': np.float64(0.3066143926208841), 'Mean': np.float64(0.4363619680429589), 'Std': np.float64(0.08777622463347796)}
2024-11-17 07:14:07,704 - INFO - Bottom 10 Mean Stats: {'Max': np.float64(100.0), 'Min': np.float64(84.0), 'Mean': np.float64(93.2), 'Std': np.float64(6.11228271597445)}
2024-11-17 07:14:07,704 - INFO - Bottom 10 Std Stats: {'Max': np.float64(0.0), 'Min': np.float64(0.0), 'Mean': np.float64(0.0), 'Std': np.float64(0.0)}
[I 2024-11-17 07:14:07,722] Trial 141 finished with value: 91.0 and parameters: {'x_0': 5, 'x_1': -5, 'x_2': 4, 'x_3': 5}. Best is trial 84 with value: 10.0.
2024-11-17 07:14:07,901 - INFO - Candidate Mean Stats: {'Max': np.float64(84.0), 'Min': np.float64(-0.2282218249753898), 'Mean': np.float64(0.37803707290948135), 'Std': np.float64(4.2582762862782655)}
2024-11-17 07:14:07,901 - INFO - Candidate Std Stats: {'Max': np.float64(0.4745933170003003), 'Min': np.float64(0.0), 'Mean': np.float64(0.06040806776928135), 'Std': np.float64(0.04867296443928713)}
2024-11-17 07:14:07,902 - INFO - Top 10 Mean Stats: {'Max': np.float64(-0.165852365515536), 'Min': np.float64(-0.2282218249753898), 'Mean': np.float64(-0.20360648278008808), 'Std': np.float64(0.022623097077681745)}
2024-11-17 07:14:07,903 - INFO - Top 10 Std Stats: {'Max': np.float64(0.4745933170003003), 'Min': np.float64(0.3693263131715713), 'Mean': np.float64(0.4090980992669494), 'Std': np.float64(0.03270889685688104)}
2024-11-17 07:14:07,903 - INFO - Bottom 10 Mean Stats: {'Max': np.float64(84.0), 'Min': np.float64(66.0), 'Mean': np.float64(73.6), 'Std': np.float64(5.782732917920384)}
2024-11-17 07:14:07,903 - INFO - Bottom 10 Std Stats: {'Max': np.float64(0.0), 'Min': np.float64(0.0), 'Mean': np.float64(0.0), 'Std': np.float64(0.0)}
2024-11-17 07:14:07,910 - INFO - Candidate Mean Stats: {'Max': np.float64(75.0), 'Min': np.float64(-0.2865352184377129), 'Mean': np.float64(0.33942847919802605), 'Std': np.float64(3.912330142724678)}
2024-11-17 07:14:07,910 - INFO - Candidate Std Stats: {'Max': np.float64(0.4535116853467285), 'Min': np.float64(0.0), 'Mean': np.float64(0.06398344039290747), 'Std': np.float64(0.0464146712329538)}
2024-11-17 07:14:07,911 - INFO - Top 10 Mean Stats: {'Max': np.float64(-0.1454015055285698), 'Min': np.float64(-0.2865352184377129), 'Mean': np.float64(-0.20492028727230127), 'Std': np.float64(0.037158126486400364)}
2024-11-17 07:14:07,911 - INFO - Top 10 Std Stats: {'Max': np.float64(0.4535116853467285), 'Min': np.float64(0.23139600099827737), 'Mean': np.float64(0.3470439477769613), 'Std': np.float64(0.05600564368622426)}
2024-11-17 07:14:07,911 - INFO - Bottom 10 Mean Stats: {'Max': np.float64(75.0), 'Min': np.float64(61.0), 'Mean': np.float64(69.4), 'Std': np.float64(4.923413450036469)}
2024-11-17 07:14:07,911 - INFO - Bottom 10 Std Stats: {'Max': np.float64(0.0), 'Min': np.float64(0.0), 'Mean': np.float64(0.0), 'Std': np.float64(0.0)}
[I 2024-11-17 07:14:07,917] Trial 140 finished with value: 42.0 and parameters: {'x_0': 5, 'x_1': 2, 'x_2': -3, 'x_3': 2}. Best is trial 76 with value: 7.0.
2024-11-17 07:14:07,926 - INFO - Candidate Mean Stats: {'Max': np.float64(100.0), 'Min': np.float64(-0.3701837275694565), 'Mean': np.float64(0.46762171407210507), 'Std': np.float64(5.21972707397879)}
2024-11-17 07:14:07,926 - INFO - Candidate Std Stats: {'Max': np.float64(0.680148379407251), 'Min': np.float64(0.0), 'Mean': np.float64(0.05609737466880901), 'Std': np.float64(0.047688525128171656)}
[I 2024-11-17 07:14:07,926] Trial 135 finished with value: 22.0 and parameters: {'x_0': 3, 'x_1': -2, 'x_2': 3, 'x_3': 0}. Best is trial 91 with value: 5.0.
2024-11-17 07:14:07,927 - INFO - Top 10 Mean Stats: {'Max': np.float64(-0.04020842715962356), 'Min': np.float64(-0.3701837275694565), 'Mean': np.float64(-0.2065377169592304), 'Std': np.float64(0.09887953649170295)}
2024-11-17 07:14:07,927 - INFO - Top 10 Std Stats: {'Max': np.float64(0.680148379407251), 'Min': np.float64(0.2824428517039441), 'Mean': np.float64(0.46097016617473263), 'Std': np.float64(0.12355654919888279)}
2024-11-17 07:14:07,927 - INFO - Bottom 10 Mean Stats: {'Max': np.float64(100.0), 'Min': np.float64(84.0), 'Mean': np.float64(93.9), 'Std': np.float64(5.374941860150675)}
2024-11-17 07:14:07,927 - INFO - Bottom 10 Std Stats: {'Max': np.float64(0.0), 'Min': np.float64(0.0), 'Mean': np.float64(0.0), 'Std': np.float64(0.0)}
[I 2024-11-17 07:14:07,941] Trial 142 finished with value: 84.0 and parameters: {'x_0': 5, 'x_1': 3, 'x_2': -5, 'x_3': 5}. Best is trial 84 with value: 10.0.
2024-11-17 07:14:08,143 - INFO - Candidate Mean Stats: {'Max': np.float64(84.0), 'Min': np.float64(-0.23071123311796166), 'Mean': np.float64(0.3827664343868702), 'Std': np.float64(4.2719843599326905)}
2024-11-17 07:14:08,144 - INFO - Candidate Std Stats: {'Max': np.float64(0.499150224761048), 'Min': np.float64(0.0), 'Mean': np.float64(0.06366012868620888), 'Std': np.float64(0.04629437681920896)}
2024-11-17 07:14:08,145 - INFO - Top 10 Mean Stats: {'Max': np.float64(-0.10048877344898943), 'Min': np.float64(-0.23071123311796166), 'Mean': np.float64(-0.17543903763121016), 'Std': np.float64(0.041570055312087954)}
2024-11-17 07:14:08,145 - INFO - Top 10 Std Stats: {'Max': np.float64(0.499150224761048), 'Min': np.float64(0.28600555009830064), 'Mean': np.float64(0.3771365559807182), 'Std': np.float64(0.054182159008033005)}
2024-11-17 07:14:08,145 - INFO - Bottom 10 Mean Stats: {'Max': np.float64(84.0), 'Min': np.float64(66.0), 'Mean': np.float64(73.6), 'Std': np.float64(5.782732917920384)}
2024-11-17 07:14:08,145 - INFO - Bottom 10 Std Stats: {'Max': np.float64(0.0), 'Min': np.float64(0.0), 'Mean': np.float64(0.0), 'Std': np.float64(0.0)}
[I 2024-11-17 07:14:08,160] Trial 141 finished with value: 42.0 and parameters: {'x_0': 0, 'x_1': 4, 'x_2': -1, 'x_3': 5}. Best is trial 76 with value: 7.0.
2024-11-17 07:14:08,194 - INFO - Candidate Mean Stats: {'Max': np.float64(100.0), 'Min': np.float64(-0.4761219008912801), 'Mean': np.float64(0.4731281722473398), 'Std': np.float64(5.265185303954576)}
2024-11-17 07:14:08,194 - INFO - Candidate Std Stats: {'Max': np.float64(1.0462337599931586), 'Min': np.float64(0.0), 'Mean': np.float64(0.04701176577519422), 'Std': np.float64(0.04837581980035824)}
2024-11-17 07:14:08,196 - INFO - Top 10 Mean Stats: {'Max': np.float64(0.18264880377883938), 'Min': np.float64(-0.4761219008912801), 'Mean': np.float64(-0.12034264879390792), 'Std': np.float64(0.16310698448117905)}
2024-11-17 07:14:08,196 - INFO - Top 10 Std Stats: {'Max': np.float64(1.0462337599931586), 'Min': np.float64(0.34969717175905474), 'Mean': np.float64(0.5703799319056586), 'Std': np.float64(0.1982114005218952)}
2024-11-17 07:14:08,196 - INFO - Bottom 10 Mean Stats: {'Max': np.float64(100.0), 'Min': np.float64(84.0), 'Mean': np.float64(93.9), 'Std': np.float64(5.374941860150675)}
2024-11-17 07:14:08,196 - INFO - Bottom 10 Std Stats: {'Max': np.float64(0.0), 'Min': np.float64(0.0), 'Mean': np.float64(0.0), 'Std': np.float64(0.0)}
2024-11-17 07:14:08,196 - INFO - Candidate Mean Stats: {'Max': np.float64(75.0), 'Min': np.float64(-0.28296120538729597), 'Mean': np.float64(0.339946690544119), 'Std': np.float64(3.916522153320775)}
2024-11-17 07:14:08,197 - INFO - Candidate Std Stats: {'Max': np.float64(0.47457146076013923), 'Min': np.float64(0.0), 'Mean': np.float64(0.06408065127272664), 'Std': np.float64(0.049593565217984595)}
2024-11-17 07:14:08,198 - INFO - Top 10 Mean Stats: {'Max': np.float64(-0.1605729395899143), 'Min': np.float64(-0.28296120538729597), 'Mean': np.float64(-0.2077565008070475), 'Std': np.float64(0.03849200208116146)}
2024-11-17 07:14:08,198 - INFO - Top 10 Std Stats: {'Max': np.float64(0.4590841359520491), 'Min': np.float64(0.3130678426010365), 'Mean': np.float64(0.4027605604747178), 'Std': np.float64(0.04158502406723232)}
2024-11-17 07:14:08,199 - INFO - Bottom 10 Mean Stats: {'Max': np.float64(75.0), 'Min': np.float64(61.0), 'Mean': np.float64(69.4), 'Std': np.float64(4.923413450036469)}
2024-11-17 07:14:08,199 - INFO - Bottom 10 Std Stats: {'Max': np.float64(0.0), 'Min': np.float64(0.0), 'Mean': np.float64(0.0), 'Std': np.float64(0.0)}
[I 2024-11-17 07:14:08,213] Trial 143 finished with value: 76.0 and parameters: {'x_0': -1, 'x_1': -5, 'x_2': -5, 'x_3': 5}. Best is trial 84 with value: 10.0.
[I 2024-11-17 07:14:08,217] Trial 136 finished with value: 57.0 and parameters: {'x_0': -4, 'x_1': 0, 'x_2': -4, 'x_3': -5}. Best is trial 91 with value: 5.0.
2024-11-17 07:14:08,404 - INFO - Candidate Mean Stats: {'Max': np.float64(84.0), 'Min': np.float64(-0.3542764181084101), 'Mean': np.float64(0.38540744603799676), 'Std': np.float64(4.2858279295473585)}
2024-11-17 07:14:08,404 - INFO - Candidate Std Stats: {'Max': np.float64(0.6641675093727429), 'Min': np.float64(0.0), 'Mean': np.float64(0.06246840420247862), 'Std': np.float64(0.05064882652600005)}
2024-11-17 07:14:08,405 - INFO - Top 10 Mean Stats: {'Max': np.float64(-0.15846893781426394), 'Min': np.float64(-0.3542764181084101), 'Mean': np.float64(-0.2429626837534234), 'Std': np.float64(0.06632807319860945)}
2024-11-17 07:14:08,405 - INFO - Top 10 Std Stats: {'Max': np.float64(0.6613897273279581), 'Min': np.float64(0.3083701892761116), 'Mean': np.float64(0.42698745598366583), 'Std': np.float64(0.1041414780957379)}
2024-11-17 07:14:08,405 - INFO - Bottom 10 Mean Stats: {'Max': np.float64(84.0), 'Min': np.float64(66.0), 'Mean': np.float64(73.6), 'Std': np.float64(5.782732917920384)}
2024-11-17 07:14:08,405 - INFO - Bottom 10 Std Stats: {'Max': np.float64(0.0), 'Min': np.float64(0.0), 'Mean': np.float64(0.0), 'Std': np.float64(0.0)}
[I 2024-11-17 07:14:08,419] Trial 142 finished with value: 27.0 and parameters: {'x_0': -1, 'x_1': -3, 'x_2': 1, 'x_3': 4}. Best is trial 76 with value: 7.0.
2024-11-17 07:14:08,437 - INFO - Candidate Mean Stats: {'Max': np.float64(75.0), 'Min': np.float64(-0.214051029417112), 'Mean': np.float64(0.34427698970998954), 'Std': np.float64(3.944373477478196)}
2024-11-17 07:14:08,437 - INFO - Candidate Std Stats: {'Max': np.float64(0.5375440689142419), 'Min': np.float64(0.0), 'Mean': np.float64(0.0655138035090621), 'Std': np.float64(0.04745650832378609)}
2024-11-17 07:14:08,438 - INFO - Top 10 Mean Stats: {'Max': np.float64(-0.13298101785334565), 'Min': np.float64(-0.18751450676678902), 'Mean': np.float64(-0.15929684241771985), 'Std': np.float64(0.019095699966266172)}
2024-11-17 07:14:08,438 - INFO - Top 10 Std Stats: {'Max': np.float64(0.37137604007235725), 'Min': np.float64(0.27850032370836525), 'Mean': np.float64(0.3345282013425478), 'Std': np.float64(0.03065720297439617)}
2024-11-17 07:14:08,438 - INFO - Bottom 10 Mean Stats: {'Max': np.float64(75.0), 'Min': np.float64(61.0), 'Mean': np.float64(69.4), 'Std': np.float64(4.923413450036469)}
2024-11-17 07:14:08,438 - INFO - Bottom 10 Std Stats: {'Max': np.float64(0.0), 'Min': np.float64(0.0), 'Mean': np.float64(0.0), 'Std': np.float64(0.0)}
2024-11-17 07:14:08,451 - INFO - Candidate Mean Stats: {'Max': np.float64(100.0), 'Min': np.float64(-0.44347831398657866), 'Mean': np.float64(0.4775708323139555), 'Std': np.float64(5.302118776051262)}
2024-11-17 07:14:08,451 - INFO - Candidate Std Stats: {'Max': np.float64(0.7906041919607114), 'Min': np.float64(0.0), 'Mean': np.float64(0.05708330554008089), 'Std': np.float64(0.04937147714304462)}
2024-11-17 07:14:08,452 - INFO - Top 10 Mean Stats: {'Max': np.float64(-0.05919081077307649), 'Min': np.float64(-0.44347831398657866), 'Mean': np.float64(-0.2464681317634294), 'Std': np.float64(0.1050791234884787)}
2024-11-17 07:14:08,452 - INFO - Top 10 Std Stats: {'Max': np.float64(0.7906041919607114), 'Min': np.float64(0.36534565015529363), 'Mean': np.float64(0.5243264652403823), 'Std': np.float64(0.12856212718272858)}
2024-11-17 07:14:08,453 - INFO - Bottom 10 Mean Stats: {'Max': np.float64(100.0), 'Min': np.float64(84.0), 'Mean': np.float64(93.9), 'Std': np.float64(5.374941860150675)}
2024-11-17 07:14:08,453 - INFO - Bottom 10 Std Stats: {'Max': np.float64(0.0), 'Min': np.float64(0.0), 'Mean': np.float64(0.0), 'Std': np.float64(0.0)}
[I 2024-11-17 07:14:08,453] Trial 137 finished with value: 37.0 and parameters: {'x_0': -5, 'x_1': -2, 'x_2': 2, 'x_3': 2}. Best is trial 91 with value: 5.0.
[I 2024-11-17 07:14:08,468] Trial 144 finished with value: 79.0 and parameters: {'x_0': 2, 'x_1': -5, 'x_2': -5, 'x_3': 5}. Best is trial 84 with value: 10.0.
2024-11-17 07:14:08,656 - INFO - Candidate Mean Stats: {'Max': np.float64(84.0), 'Min': np.float64(-0.30268650455284773), 'Mean': np.float64(0.38644295051520017), 'Std': np.float64(4.291533890134408)}
2024-11-17 07:14:08,656 - INFO - Candidate Std Stats: {'Max': np.float64(0.588527410969492), 'Min': np.float64(0.0), 'Mean': np.float64(0.061415743499187624), 'Std': np.float64(0.05017093602581343)}
2024-11-17 07:14:08,658 - INFO - Top 10 Mean Stats: {'Max': np.float64(-0.13907885416956822), 'Min': np.float64(-0.30268650455284773), 'Mean': np.float64(-0.2040156566721035), 'Std': np.float64(0.04496246493975192)}
2024-11-17 07:14:08,658 - INFO - Top 10 Std Stats: {'Max': np.float64(0.588527410969492), 'Min': np.float64(0.32091872378943825), 'Mean': np.float64(0.4323347956572759), 'Std': np.float64(0.07252032921756417)}
2024-11-17 07:14:08,658 - INFO - Bottom 10 Mean Stats: {'Max': np.float64(84.0), 'Min': np.float64(66.0), 'Mean': np.float64(73.6), 'Std': np.float64(5.782732917920384)}
2024-11-17 07:14:08,658 - INFO - Bottom 10 Std Stats: {'Max': np.float64(0.0), 'Min': np.float64(0.0), 'Mean': np.float64(0.0), 'Std': np.float64(0.0)}
