[I 2024-11-17 07:15:30,480] Trial 496 finished with value: 30.0 and parameters: {'x_0': 0, 'x_1': -1, 'x_2': -2, 'x_3': 5}. Best is trial 179 with value: 1.0.
2024-11-17 07:15:30,532 - INFO - Candidate Mean Stats: {'Max': np.float64(100.0), 'Min': np.float64(-0.5683264259709258), 'Mean': np.float64(1.1451899012873146), 'Std': np.float64(7.531187484801058)}
2024-11-17 07:15:30,532 - INFO - Candidate Std Stats: {'Max': np.float64(0.37576835844950013), 'Min': np.float64(0.0), 'Mean': np.float64(0.025636674627369224), 'Std': np.float64(0.03200359782390175)}
2024-11-17 07:15:30,533 - INFO - Top 10 Mean Stats: {'Max': np.float64(-0.35937632257788366), 'Min': np.float64(-0.5683264259709258), 'Mean': np.float64(-0.47490134729096056), 'Std': np.float64(0.047974114638589686)}
2024-11-17 07:15:30,533 - INFO - Top 10 Std Stats: {'Max': np.float64(0.20490361732440884), 'Min': np.float64(0.07944970323262712), 'Mean': np.float64(0.10465869321369306), 'Std': np.float64(0.03646388684695324)}
2024-11-17 07:15:30,534 - INFO - Bottom 10 Mean Stats: {'Max': np.float64(100.0), 'Min': np.float64(91.0), 'Mean': np.float64(93.7), 'Std': np.float64(4.124318125460256)}
2024-11-17 07:15:30,534 - INFO - Bottom 10 Std Stats: {'Max': np.float64(0.0), 'Min': np.float64(0.0), 'Mean': np.float64(0.0), 'Std': np.float64(0.0)}
2024-11-17 07:15:30,547 - INFO - Candidate Mean Stats: {'Max': np.float64(91.0), 'Min': np.float64(-0.4805769633717407), 'Mean': np.float64(0.9769132388068644), 'Std': np.float64(6.876240330347116)}
2024-11-17 07:15:30,547 - INFO - Candidate Std Stats: {'Max': np.float64(0.8548746353839096), 'Min': np.float64(0.0), 'Mean': np.float64(0.028781008268591177), 'Std': np.float64(0.04229519222503122)}
2024-11-17 07:15:30,549 - INFO - Top 10 Mean Stats: {'Max': np.float64(-0.2356756617253089), 'Min': np.float64(-0.4805769633717407), 'Mean': np.float64(-0.3916614766295259), 'Std': np.float64(0.08118033663535087)}
2024-11-17 07:15:30,549 - INFO - Top 10 Std Stats: {'Max': np.float64(0.23818352265062956), 'Min': np.float64(0.08443676988050004), 'Mean': np.float64(0.13502528793830978), 'Std': np.float64(0.053061193499919605)}
2024-11-17 07:15:30,549 - INFO - Bottom 10 Mean Stats: {'Max': np.float64(91.0), 'Min': np.float64(82.0), 'Mean': np.float64(84.9), 'Std': np.float64(4.036087214122113)}
2024-11-17 07:15:30,549 - INFO - Bottom 10 Std Stats: {'Max': np.float64(0.0), 'Min': np.float64(0.0), 'Mean': np.float64(0.0), 'Std': np.float64(0.0)}
[I 2024-11-17 07:15:30,552] Trial 497 finished with value: 4.0 and parameters: {'x_0': -1, 'x_1': 1, 'x_2': -1, 'x_3': 1}. Best is trial 362 with value: 1.0.
[I 2024-11-17 07:15:30,567] Trial 426 finished with value: 13.0 and parameters: {'x_0': -2, 'x_1': 0, 'x_2': 3, 'x_3': 0}. Best is trial 320 with value: 0.0.
2024-11-17 07:15:30,613 - INFO - Candidate Mean Stats: {'Max': np.float64(100.0), 'Min': np.float64(-0.4126301239828267), 'Mean': np.float64(1.3224950758032872), 'Std': np.float64(8.298636710686294)}
2024-11-17 07:15:30,614 - INFO - Candidate Std Stats: {'Max': np.float64(0.3326251332080589), 'Min': np.float64(0.0), 'Mean': np.float64(0.02266052451552142), 'Std': np.float64(0.028768389257519657)}
2024-11-17 07:15:30,615 - INFO - Top 10 Mean Stats: {'Max': np.float64(-0.24293658344746918), 'Min': np.float64(-0.284608074488171), 'Mean': np.float64(-0.26263148053992486), 'Std': np.float64(0.013407504050484171)}
2024-11-17 07:15:30,615 - INFO - Top 10 Std Stats: {'Max': np.float64(0.3111717433554667), 'Min': np.float64(0.22596383960844882), 'Mean': np.float64(0.28207939449438624), 'Std': np.float64(0.024273620236282916)}
2024-11-17 07:15:30,615 - INFO - Bottom 10 Mean Stats: {'Max': np.float64(100.0), 'Min': np.float64(91.0), 'Mean': np.float64(95.5), 'Std': np.float64(4.5)}
2024-11-17 07:15:30,615 - INFO - Bottom 10 Std Stats: {'Max': np.float64(0.0), 'Min': np.float64(0.0), 'Mean': np.float64(0.0), 'Std': np.float64(0.0)}
[I 2024-11-17 07:15:30,634] Trial 497 finished with value: 2.0 and parameters: {'x_0': 0, 'x_1': -1, 'x_2': 0, 'x_3': 1}. Best is trial 179 with value: 1.0.
2024-11-17 07:15:30,709 - INFO - Candidate Mean Stats: {'Max': np.float64(100.0), 'Min': np.float64(-0.5591068508542765), 'Mean': np.float64(1.1460542754237066), 'Std': np.float64(7.531121707443716)}
2024-11-17 07:15:30,709 - INFO - Candidate Std Stats: {'Max': np.float64(0.5929776676489079), 'Min': np.float64(0.0), 'Mean': np.float64(0.024377812587447863), 'Std': np.float64(0.03197894225286072)}
2024-11-17 07:15:30,711 - INFO - Top 10 Mean Stats: {'Max': np.float64(-0.5070929979950717), 'Min': np.float64(-0.5591068508542765), 'Mean': np.float64(-0.5365178505477166), 'Std': np.float64(0.015164499756219953)}
2024-11-17 07:15:30,711 - INFO - Top 10 Std Stats: {'Max': np.float64(0.1993050742885053), 'Min': np.float64(0.13100931633093546), 'Mean': np.float64(0.14586431428456473), 'Std': np.float64(0.021312384232873082)}
2024-11-17 07:15:30,711 - INFO - Bottom 10 Mean Stats: {'Max': np.float64(100.0), 'Min': np.float64(91.0), 'Mean': np.float64(93.7), 'Std': np.float64(4.124318125460256)}
2024-11-17 07:15:30,711 - INFO - Bottom 10 Std Stats: {'Max': np.float64(0.0), 'Min': np.float64(0.0), 'Mean': np.float64(0.0), 'Std': np.float64(0.0)}
[I 2024-11-17 07:15:30,729] Trial 498 finished with value: 7.0 and parameters: {'x_0': -1, 'x_1': 1, 'x_2': 1, 'x_3': 2}. Best is trial 362 with value: 1.0.
2024-11-17 07:15:30,749 - INFO - Candidate Mean Stats: {'Max': np.float64(100.0), 'Min': np.float64(-0.3925849638216622), 'Mean': np.float64(1.328328386921159), 'Std': np.float64(8.297708581067708)}
2024-11-17 07:15:30,749 - INFO - Candidate Std Stats: {'Max': np.float64(0.2563760027776807), 'Min': np.float64(0.0), 'Mean': np.float64(0.02554175734006079), 'Std': np.float64(0.03127461554439641)}
2024-11-17 07:15:30,750 - INFO - Top 10 Mean Stats: {'Max': np.float64(-0.27516463439561123), 'Min': np.float64(-0.3925849638216622), 'Mean': np.float64(-0.35781212142428875), 'Std': np.float64(0.040207448893859445)}
2024-11-17 07:15:30,750 - INFO - Top 10 Std Stats: {'Max': np.float64(0.2563760027776807), 'Min': np.float64(0.18780227901396904), 'Mean': np.float64(0.23826203578686136), 'Std': np.float64(0.024098064262146168)}
2024-11-17 07:15:30,750 - INFO - Bottom 10 Mean Stats: {'Max': np.float64(100.0), 'Min': np.float64(91.0), 'Mean': np.float64(95.5), 'Std': np.float64(4.5)}
2024-11-17 07:15:30,751 - INFO - Bottom 10 Std Stats: {'Max': np.float64(0.0), 'Min': np.float64(0.0), 'Mean': np.float64(0.0), 'Std': np.float64(0.0)}
[I 2024-11-17 07:15:30,768] Trial 498 finished with value: 3.0 and parameters: {'x_0': 0, 'x_1': 1, 'x_2': -1, 'x_3': 1}. Best is trial 179 with value: 1.0.
2024-11-17 07:15:30,845 - INFO - Candidate Mean Stats: {'Max': np.float64(91.0), 'Min': np.float64(-0.30222086428510986), 'Mean': np.float64(0.9760132695797806), 'Std': np.float64(6.877160858019142)}
2024-11-17 07:15:30,845 - INFO - Candidate Std Stats: {'Max': np.float64(0.7585971306831488), 'Min': np.float64(0.0), 'Mean': np.float64(0.045475343377783604), 'Std': np.float64(0.04809744451269545)}
2024-11-17 07:15:30,847 - INFO - Top 10 Mean Stats: {'Max': np.float64(-0.1882815780793749), 'Min': np.float64(-0.30222086428510986), 'Mean': np.float64(-0.21224304520628884), 'Std': np.float64(0.0328902582091541)}
2024-11-17 07:15:30,847 - INFO - Top 10 Std Stats: {'Max': np.float64(0.45083281691250676), 'Min': np.float64(0.2574798454075738), 'Mean': np.float64(0.3741347063056386), 'Std': np.float64(0.05268602673881091)}
2024-11-17 07:15:30,847 - INFO - Bottom 10 Mean Stats: {'Max': np.float64(91.0), 'Min': np.float64(82.0), 'Mean': np.float64(84.9), 'Std': np.float64(4.036087214122113)}
2024-11-17 07:15:30,847 - INFO - Bottom 10 Std Stats: {'Max': np.float64(0.0), 'Min': np.float64(0.0), 'Mean': np.float64(0.0), 'Std': np.float64(0.0)}
[I 2024-11-17 07:15:30,865] Trial 427 finished with value: 34.0 and parameters: {'x_0': 4, 'x_1': 1, 'x_2': -1, 'x_3': -4}. Best is trial 320 with value: 0.0.
2024-11-17 07:15:30,865 - INFO - Candidate Mean Stats: {'Max': np.float64(100.0), 'Min': np.float64(-0.5296602505575414), 'Mean': np.float64(1.149996974037726), 'Std': np.float64(7.530748429652475)}
2024-11-17 07:15:30,865 - INFO - Candidate Std Stats: {'Max': np.float64(0.6020294331942233), 'Min': np.float64(0.0), 'Mean': np.float64(0.02530462639654698), 'Std': np.float64(0.03283323285794412)}
2024-11-17 07:15:30,867 - INFO - Top 10 Mean Stats: {'Max': np.float64(-0.45287753606448), 'Min': np.float64(-0.5296602505575414), 'Mean': np.float64(-0.5062643943818872), 'Std': np.float64(0.021392497216945416)}
2024-11-17 07:15:30,867 - INFO - Top 10 Std Stats: {'Max': np.float64(0.09218193907084399), 'Min': np.float64(0.028155819682669034), 'Mean': np.float64(0.06213448912209977), 'Std': np.float64(0.019566454399932882)}
2024-11-17 07:15:30,867 - INFO - Bottom 10 Mean Stats: {'Max': np.float64(100.0), 'Min': np.float64(91.0), 'Mean': np.float64(93.7), 'Std': np.float64(4.124318125460256)}
2024-11-17 07:15:30,867 - INFO - Bottom 10 Std Stats: {'Max': np.float64(0.0), 'Min': np.float64(0.0), 'Mean': np.float64(0.0), 'Std': np.float64(0.0)}
[I 2024-11-17 07:15:30,886] Trial 499 finished with value: 6.0 and parameters: {'x_0': -1, 'x_1': 1, 'x_2': 2, 'x_3': 0}. Best is trial 362 with value: 1.0.
2024-11-17 07:15:30,889 - INFO - Best value: 1.0
2024-11-17 07:15:30,893 - INFO - Best params: {'x_0': -1, 'x_1': 0, 'x_2': 0, 'x_3': 0}
2024-11-17 07:15:30,899 - INFO - Candidate Mean Stats: {'Max': np.float64(100.0), 'Min': np.float64(-0.4108563100624642), 'Mean': np.float64(1.3246939498996424), 'Std': np.float64(8.29831542440932)}
2024-11-17 07:15:30,900 - INFO - Candidate Std Stats: {'Max': np.float64(0.3011058673518194), 'Min': np.float64(0.0), 'Mean': np.float64(0.02638146674322606), 'Std': np.float64(0.03195975656430601)}
2024-11-17 07:15:30,911 - INFO - Top 10 Mean Stats: {'Max': np.float64(-0.2630476057006205), 'Min': np.float64(-0.4108563100624642), 'Mean': np.float64(-0.34570204701795815), 'Std': np.float64(0.048828564955836415)}
2024-11-17 07:15:30,912 - INFO - Top 10 Std Stats: {'Max': np.float64(0.2566310744256284), 'Min': np.float64(0.1407284965000411), 'Mean': np.float64(0.17483284619896178), 'Std': np.float64(0.039185969237747496)}
2024-11-17 07:15:30,912 - INFO - Bottom 10 Mean Stats: {'Max': np.float64(100.0), 'Min': np.float64(91.0), 'Mean': np.float64(95.5), 'Std': np.float64(4.5)}
2024-11-17 07:15:30,912 - INFO - Bottom 10 Std Stats: {'Max': np.float64(0.0), 'Min': np.float64(0.0), 'Mean': np.float64(0.0), 'Std': np.float64(0.0)}
[I 2024-11-17 07:15:30,969] Trial 499 finished with value: 3.0 and parameters: {'x_0': 0, 'x_1': -1, 'x_2': -1, 'x_3': 1}. Best is trial 179 with value: 1.0.
2024-11-17 07:15:30,972 - INFO - Best value: 1.0
2024-11-17 07:15:30,977 - INFO - Best params: {'x_0': 1, 'x_1': 0, 'x_2': 0, 'x_3': 0}
2024-11-17 07:15:31,100 - INFO - Candidate Mean Stats: {'Max': np.float64(91.0), 'Min': np.float64(-0.5113003273820599), 'Mean': np.float64(0.9787597557114004), 'Std': np.float64(6.882540047298341)}
2024-11-17 07:15:31,100 - INFO - Candidate Std Stats: {'Max': np.float64(0.4981124328356232), 'Min': np.float64(0.0), 'Mean': np.float64(0.03415925557626594), 'Std': np.float64(0.04208968912119968)}
2024-11-17 07:15:31,102 - INFO - Top 10 Mean Stats: {'Max': np.float64(-0.4082458868895933), 'Min': np.float64(-0.5113003273820599), 'Mean': np.float64(-0.4554998645133949), 'Std': np.float64(0.033525989710180885)}
2024-11-17 07:15:31,102 - INFO - Top 10 Std Stats: {'Max': np.float64(0.11412815413153507), 'Min': np.float64(0.07413311986529375), 'Mean': np.float64(0.0920208271972093), 'Std': np.float64(0.011713523488080864)}
2024-11-17 07:15:31,102 - INFO - Bottom 10 Mean Stats: {'Max': np.float64(91.0), 'Min': np.float64(82.0), 'Mean': np.float64(84.9), 'Std': np.float64(4.036087214122113)}
2024-11-17 07:15:31,102 - INFO - Bottom 10 Std Stats: {'Max': np.float64(0.0), 'Min': np.float64(0.0), 'Mean': np.float64(0.0), 'Std': np.float64(0.0)}
[I 2024-11-17 07:15:31,124] Trial 428 finished with value: 14.0 and parameters: {'x_0': -2, 'x_1': -1, 'x_2': 3, 'x_3': 0}. Best is trial 320 with value: 0.0.
2024-11-17 07:15:31,330 - INFO - Candidate Mean Stats: {'Max': np.float64(91.0), 'Min': np.float64(-1.4214094991154937), 'Mean': np.float64(0.9779961253264365), 'Std': np.float64(6.883610688669588)}
2024-11-17 07:15:31,330 - INFO - Candidate Std Stats: {'Max': np.float64(2.9015756976846205), 'Min': np.float64(0.0), 'Mean': np.float64(0.03405135245619451), 'Std': np.float64(0.0538998824361874)}
2024-11-17 07:15:31,332 - INFO - Top 10 Mean Stats: {'Max': np.float64(-0.2153730687812585), 'Min': np.float64(-1.4214094991154937), 'Mean': np.float64(-0.5394094535791758), 'Std': np.float64(0.3525130583010264)}
2024-11-17 07:15:31,332 - INFO - Top 10 Std Stats: {'Max': np.float64(2.9015756976846205), 'Min': np.float64(0.20965212593393184), 'Mean': np.float64(0.7145864830384309), 'Std': np.float64(0.8896748239024991)}
2024-11-17 07:15:31,332 - INFO - Bottom 10 Mean Stats: {'Max': np.float64(91.0), 'Min': np.float64(82.0), 'Mean': np.float64(84.9), 'Std': np.float64(4.036087214122113)}
2024-11-17 07:15:31,332 - INFO - Bottom 10 Std Stats: {'Max': np.float64(0.0), 'Min': np.float64(0.0), 'Mean': np.float64(0.0), 'Std': np.float64(0.0)}
[I 2024-11-17 07:15:31,351] Trial 429 finished with value: 61.0 and parameters: {'x_0': 2, 'x_1': 4, 'x_2': -5, 'x_3': -4}. Best is trial 320 with value: 0.0.
2024-11-17 07:15:31,578 - INFO - Candidate Mean Stats: {'Max': np.float64(91.0), 'Min': np.float64(-0.3491207589392546), 'Mean': np.float64(0.9817113779170408), 'Std': np.float64(6.901502159805405)}
2024-11-17 07:15:31,578 - INFO - Candidate Std Stats: {'Max': np.float64(0.6633400864634493), 'Min': np.float64(0.0), 'Mean': np.float64(0.045518883340741056), 'Std': np.float64(0.045634449678837535)}
2024-11-17 07:15:31,579 - INFO - Top 10 Mean Stats: {'Max': np.float64(-0.15731766546166215), 'Min': np.float64(-0.3491207589392546), 'Mean': np.float64(-0.26854077438942675), 'Std': np.float64(0.07239529140218824)}
2024-11-17 07:15:31,579 - INFO - Top 10 Std Stats: {'Max': np.float64(0.37314519027584814), 'Min': np.float64(0.23117514293467095), 'Mean': np.float64(0.29227558872850945), 'Std': np.float64(0.048051706481357016)}
2024-11-17 07:15:31,579 - INFO - Bottom 10 Mean Stats: {'Max': np.float64(91.0), 'Min': np.float64(82.0), 'Mean': np.float64(84.9), 'Std': np.float64(4.036087214122113)}
2024-11-17 07:15:31,579 - INFO - Bottom 10 Std Stats: {'Max': np.float64(0.0), 'Min': np.float64(0.0), 'Mean': np.float64(0.0), 'Std': np.float64(0.0)}
[I 2024-11-17 07:15:31,601] Trial 430 finished with value: 14.0 and parameters: {'x_0': 1, 'x_1': 2, 'x_2': 3, 'x_3': 0}. Best is trial 320 with value: 0.0.
2024-11-17 07:15:31,827 - INFO - Candidate Mean Stats: {'Max': np.float64(91.0), 'Min': np.float64(-0.5932171594895118), 'Mean': np.float64(0.9845052469280263), 'Std': np.float64(6.902079528318437)}
2024-11-17 07:15:31,827 - INFO - Candidate Std Stats: {'Max': np.float64(0.7012697759348202), 'Min': np.float64(0.0), 'Mean': np.float64(0.028540840360828348), 'Std': np.float64(0.04227050536019866)}
2024-11-17 07:15:31,828 - INFO - Top 10 Mean Stats: {'Max': np.float64(-0.22784155382802354), 'Min': np.float64(-0.5932171594895118), 'Mean': np.float64(-0.4840330621455167), 'Std': np.float64(0.09916631311204777)}
2024-11-17 07:15:31,828 - INFO - Top 10 Std Stats: {'Max': np.float64(0.33008203205139813), 'Min': np.float64(0.07332178841019266), 'Mean': np.float64(0.12736861337523833), 'Std': np.float64(0.07024361667497774)}
2024-11-17 07:15:31,828 - INFO - Bottom 10 Mean Stats: {'Max': np.float64(91.0), 'Min': np.float64(82.0), 'Mean': np.float64(84.9), 'Std': np.float64(4.036087214122113)}
2024-11-17 07:15:31,828 - INFO - Bottom 10 Std Stats: {'Max': np.float64(0.0), 'Min': np.float64(0.0), 'Mean': np.float64(0.0), 'Std': np.float64(0.0)}
[I 2024-11-17 07:15:31,848] Trial 431 finished with value: 13.0 and parameters: {'x_0': 0, 'x_1': -2, 'x_2': 3, 'x_3': 0}. Best is trial 320 with value: 0.0.
2024-11-17 07:15:32,056 - INFO - Candidate Mean Stats: {'Max': np.float64(91.0), 'Min': np.float64(-0.5137186851613427), 'Mean': np.float64(0.9799177368057415), 'Std': np.float64(6.903560088942137)}
2024-11-17 07:15:32,056 - INFO - Candidate Std Stats: {'Max': np.float64(0.8016397261117184), 'Min': np.float64(0.0), 'Mean': np.float64(0.04373755696805156), 'Std': np.float64(0.044985763845717744)}
2024-11-17 07:15:32,058 - INFO - Top 10 Mean Stats: {'Max': np.float64(-0.16837179569391383), 'Min': np.float64(-0.5137186851613427), 'Mean': np.float64(-0.3743819049298297), 'Std': np.float64(0.11190713875683242)}
2024-11-17 07:15:32,058 - INFO - Top 10 Std Stats: {'Max': np.float64(0.36997615950938784), 'Min': np.float64(0.17782008823385262), 'Mean': np.float64(0.24851783743771913), 'Std': np.float64(0.06076484867942603)}
2024-11-17 07:15:32,058 - INFO - Bottom 10 Mean Stats: {'Max': np.float64(91.0), 'Min': np.float64(82.0), 'Mean': np.float64(84.9), 'Std': np.float64(4.036087214122113)}
2024-11-17 07:15:32,058 - INFO - Bottom 10 Std Stats: {'Max': np.float64(0.0), 'Min': np.float64(0.0), 'Mean': np.float64(0.0), 'Std': np.float64(0.0)}
[I 2024-11-17 07:15:32,077] Trial 432 finished with value: 13.0 and parameters: {'x_0': 0, 'x_1': 2, 'x_2': 3, 'x_3': 0}. Best is trial 320 with value: 0.0.
2024-11-17 07:15:32,278 - INFO - Candidate Mean Stats: {'Max': np.float64(91.0), 'Min': np.float64(-0.5077117725387804), 'Mean': np.float64(0.982847419453025), 'Std': np.float64(6.903975852684528)}
2024-11-17 07:15:32,278 - INFO - Candidate Std Stats: {'Max': np.float64(0.8234044800274802), 'Min': np.float64(0.0), 'Mean': np.float64(0.04613336963581701), 'Std': np.float64(0.04547632439179718)}
2024-11-17 07:15:32,279 - INFO - Top 10 Mean Stats: {'Max': np.float64(-0.18103425433128068), 'Min': np.float64(-0.5077117725387804), 'Mean': np.float64(-0.36130160570160874), 'Std': np.float64(0.10239998172197966)}
2024-11-17 07:15:32,279 - INFO - Top 10 Std Stats: {'Max': np.float64(0.4818455856067336), 'Min': np.float64(0.21682927861776963), 'Mean': np.float64(0.2897056639489946), 'Std': np.float64(0.08200144969078899)}
2024-11-17 07:15:32,280 - INFO - Bottom 10 Mean Stats: {'Max': np.float64(91.0), 'Min': np.float64(82.0), 'Mean': np.float64(84.9), 'Std': np.float64(4.036087214122113)}
2024-11-17 07:15:32,280 - INFO - Bottom 10 Std Stats: {'Max': np.float64(0.0), 'Min': np.float64(0.0), 'Mean': np.float64(0.0), 'Std': np.float64(0.0)}
[I 2024-11-17 07:15:32,302] Trial 433 finished with value: 17.0 and parameters: {'x_0': -2, 'x_1': 2, 'x_2': 3, 'x_3': 0}. Best is trial 320 with value: 0.0.
2024-11-17 07:15:32,497 - INFO - Candidate Mean Stats: {'Max': np.float64(91.0), 'Min': np.float64(-0.511164075645887), 'Mean': np.float64(0.9907113850682888), 'Std': np.float64(6.904301878823854)}
2024-11-17 07:15:32,497 - INFO - Candidate Std Stats: {'Max': np.float64(0.6182967834369832), 'Min': np.float64(0.0), 'Mean': np.float64(0.034777795366117685), 'Std': np.float64(0.045970887822930996)}
2024-11-17 07:15:32,499 - INFO - Top 10 Mean Stats: {'Max': np.float64(-0.15065565292730054), 'Min': np.float64(-0.511164075645887), 'Mean': np.float64(-0.3798439412720708), 'Std': np.float64(0.08915925331759912)}
2024-11-17 07:15:32,499 - INFO - Top 10 Std Stats: {'Max': np.float64(0.3241399391437746), 'Min': np.float64(0.18297466893453546), 'Mean': np.float64(0.22451714279953938), 'Std': np.float64(0.04050792078968533)}
2024-11-17 07:15:32,499 - INFO - Bottom 10 Mean Stats: {'Max': np.float64(91.0), 'Min': np.float64(82.0), 'Mean': np.float64(84.9), 'Std': np.float64(4.036087214122113)}
2024-11-17 07:15:32,499 - INFO - Bottom 10 Std Stats: {'Max': np.float64(0.0), 'Min': np.float64(0.0), 'Mean': np.float64(0.0), 'Std': np.float64(0.0)}
[I 2024-11-17 07:15:32,520] Trial 434 finished with value: 14.0 and parameters: {'x_0': -1, 'x_1': -2, 'x_2': 3, 'x_3': 0}. Best is trial 320 with value: 0.0.
2024-11-17 07:15:32,748 - INFO - Candidate Mean Stats: {'Max': np.float64(91.0), 'Min': np.float64(-0.5813551232381857), 'Mean': np.float64(0.9862750924654015), 'Std': np.float64(6.905883675533057)}
2024-11-17 07:15:32,749 - INFO - Candidate Std Stats: {'Max': np.float64(0.8676621417308308), 'Min': np.float64(0.0), 'Mean': np.float64(0.03613803723067722), 'Std': np.float64(0.04398739404554067)}
2024-11-17 07:15:32,750 - INFO - Top 10 Mean Stats: {'Max': np.float64(-0.16657204111634755), 'Min': np.float64(-0.5813551232381857), 'Mean': np.float64(-0.4203855262056024), 'Std': np.float64(0.1646378215038514)}
2024-11-17 07:15:32,751 - INFO - Top 10 Std Stats: {'Max': np.float64(0.33771206079714083), 'Min': np.float64(0.04159171592752766), 'Mean': np.float64(0.13718452259477737), 'Std': np.float64(0.12282613940900156)}
2024-11-17 07:15:32,751 - INFO - Bottom 10 Mean Stats: {'Max': np.float64(91.0), 'Min': np.float64(82.0), 'Mean': np.float64(84.9), 'Std': np.float64(4.036087214122113)}
2024-11-17 07:15:32,751 - INFO - Bottom 10 Std Stats: {'Max': np.float64(0.0), 'Min': np.float64(0.0), 'Mean': np.float64(0.0), 'Std': np.float64(0.0)}
