[I 2024-11-17 07:15:18,959] Trial 427 finished with value: 6.0 and parameters: {'x_0': 0, 'x_1': 1, 'x_2': -2, 'x_3': -1}. Best is trial 179 with value: 1.0.
2024-11-17 07:15:18,975 - INFO - Candidate Mean Stats: {'Max': np.float64(91.0), 'Min': np.float64(-0.342112645301557), 'Mean': np.float64(0.8577920733068498), 'Std': np.float64(6.403372465217196)}
2024-11-17 07:15:18,976 - INFO - Candidate Std Stats: {'Max': np.float64(1.4410554669976139), 'Min': np.float64(0.0), 'Mean': np.float64(0.04455668992300841), 'Std': np.float64(0.0494602304053879)}
2024-11-17 07:15:18,977 - INFO - Top 10 Mean Stats: {'Max': np.float64(-0.002427841159683731), 'Min': np.float64(-0.342112645301557), 'Mean': np.float64(-0.28805744696179497), 'Std': np.float64(0.10018263112464923)}
2024-11-17 07:15:18,977 - INFO - Top 10 Std Stats: {'Max': np.float64(0.5859130589352948), 'Min': np.float64(0.20777628333444864), 'Mean': np.float64(0.27834548768659634), 'Std': np.float64(0.1115913806714039)}
2024-11-17 07:15:18,977 - INFO - Bottom 10 Mean Stats: {'Max': np.float64(91.0), 'Min': np.float64(75.0), 'Mean': np.float64(82.7), 'Std': np.float64(4.960846701924985)}
2024-11-17 07:15:18,977 - INFO - Bottom 10 Std Stats: {'Max': np.float64(0.0), 'Min': np.float64(0.0), 'Mean': np.float64(0.0), 'Std': np.float64(0.0)}
[I 2024-11-17 07:15:18,993] Trial 382 finished with value: 76.0 and parameters: {'x_0': 5, 'x_1': 5, 'x_2': -5, 'x_3': 1}. Best is trial 320 with value: 0.0.
2024-11-17 07:15:19,016 - INFO - Candidate Mean Stats: {'Max': np.float64(100.0), 'Min': np.float64(-0.5715398115944031), 'Mean': np.float64(1.0626712551243815), 'Std': np.float64(7.368277847585632)}
2024-11-17 07:15:19,016 - INFO - Candidate Std Stats: {'Max': np.float64(0.46163682571845976), 'Min': np.float64(0.0), 'Mean': np.float64(0.02446051289238799), 'Std': np.float64(0.03478580404670312)}
2024-11-17 07:15:19,018 - INFO - Top 10 Mean Stats: {'Max': np.float64(-0.4535710485888065), 'Min': np.float64(-0.5715398115944031), 'Mean': np.float64(-0.5158448175547281), 'Std': np.float64(0.03261095587501826)}
2024-11-17 07:15:19,018 - INFO - Top 10 Std Stats: {'Max': np.float64(0.14220023373921806), 'Min': np.float64(0.11233040717802678), 'Mean': np.float64(0.12639100378068702), 'Std': np.float64(0.009387201859096627)}
2024-11-17 07:15:19,018 - INFO - Bottom 10 Mean Stats: {'Max': np.float64(100.0), 'Min': np.float64(84.0), 'Mean': np.float64(93.0), 'Std': np.float64(5.019960159204453)}
2024-11-17 07:15:19,018 - INFO - Bottom 10 Std Stats: {'Max': np.float64(0.0), 'Min': np.float64(0.0), 'Mean': np.float64(0.0), 'Std': np.float64(0.0)}
[I 2024-11-17 07:15:19,033] Trial 434 finished with value: 7.0 and parameters: {'x_0': -1, 'x_1': -1, 'x_2': 2, 'x_3': 1}. Best is trial 362 with value: 1.0.
2024-11-17 07:15:19,101 - INFO - Candidate Mean Stats: {'Max': np.float64(100.0), 'Min': np.float64(-0.5964419450923855), 'Mean': np.float64(1.2019538800479723), 'Std': np.float64(8.066818176609695)}
2024-11-17 07:15:19,101 - INFO - Candidate Std Stats: {'Max': np.float64(0.3174241305738646), 'Min': np.float64(0.0), 'Mean': np.float64(0.025008469615394505), 'Std': np.float64(0.034805097515660306)}
2024-11-17 07:15:19,102 - INFO - Top 10 Mean Stats: {'Max': np.float64(-0.39325636544435616), 'Min': np.float64(-0.5964419450923855), 'Mean': np.float64(-0.48059568087702187), 'Std': np.float64(0.06336860645836574)}
2024-11-17 07:15:19,102 - INFO - Top 10 Std Stats: {'Max': np.float64(0.1697446748125329), 'Min': np.float64(0.06776572236865278), 'Mean': np.float64(0.12466982582183901), 'Std': np.float64(0.029010401028938253)}
2024-11-17 07:15:19,102 - INFO - Bottom 10 Mean Stats: {'Max': np.float64(100.0), 'Min': np.float64(91.0), 'Mean': np.float64(95.5), 'Std': np.float64(4.5)}
2024-11-17 07:15:19,102 - INFO - Bottom 10 Std Stats: {'Max': np.float64(0.0), 'Min': np.float64(0.0), 'Mean': np.float64(0.0), 'Std': np.float64(0.0)}
[I 2024-11-17 07:15:19,119] Trial 428 finished with value: 5.0 and parameters: {'x_0': 0, 'x_1': -1, 'x_2': -2, 'x_3': 0}. Best is trial 179 with value: 1.0.
2024-11-17 07:15:19,192 - INFO - Candidate Mean Stats: {'Max': np.float64(100.0), 'Min': np.float64(-0.5782914776214202), 'Mean': np.float64(1.058667846185572), 'Std': np.float64(7.369063297643566)}
2024-11-17 07:15:19,192 - INFO - Candidate Std Stats: {'Max': np.float64(0.5251346436319014), 'Min': np.float64(0.0), 'Mean': np.float64(0.03484836702623061), 'Std': np.float64(0.03935691130611999)}
2024-11-17 07:15:19,194 - INFO - Top 10 Mean Stats: {'Max': np.float64(-0.4742600965016289), 'Min': np.float64(-0.5782914776214202), 'Mean': np.float64(-0.5209491741375057), 'Std': np.float64(0.0255860406669484)}
2024-11-17 07:15:19,194 - INFO - Top 10 Std Stats: {'Max': np.float64(0.09436361716153219), 'Min': np.float64(0.06365118977779802), 'Mean': np.float64(0.07993240333509162), 'Std': np.float64(0.00940873807070967)}
2024-11-17 07:15:19,194 - INFO - Bottom 10 Mean Stats: {'Max': np.float64(100.0), 'Min': np.float64(84.0), 'Mean': np.float64(93.0), 'Std': np.float64(5.019960159204453)}
2024-11-17 07:15:19,194 - INFO - Bottom 10 Std Stats: {'Max': np.float64(0.0), 'Min': np.float64(0.0), 'Mean': np.float64(0.0), 'Std': np.float64(0.0)}
[I 2024-11-17 07:15:19,211] Trial 435 finished with value: 7.0 and parameters: {'x_0': -1, 'x_1': -1, 'x_2': 2, 'x_3': -1}. Best is trial 362 with value: 1.0.
2024-11-17 07:15:19,211 - INFO - Candidate Mean Stats: {'Max': np.float64(91.0), 'Min': np.float64(-0.34150645098404037), 'Mean': np.float64(0.8689237604764811), 'Std': np.float64(6.43263519001355)}
2024-11-17 07:15:19,211 - INFO - Candidate Std Stats: {'Max': np.float64(0.6092160217822474), 'Min': np.float64(0.0), 'Mean': np.float64(0.03643637638362484), 'Std': np.float64(0.045539011604141345)}
2024-11-17 07:15:19,213 - INFO - Top 10 Mean Stats: {'Max': np.float64(0.04943292494563541), 'Min': np.float64(-0.34150645098404037), 'Mean': np.float64(-0.209966615081208), 'Std': np.float64(0.11152989503162965)}
2024-11-17 07:15:19,213 - INFO - Top 10 Std Stats: {'Max': np.float64(0.6092160217822474), 'Min': np.float64(0.19371103840258325), 'Mean': np.float64(0.32475360100638706), 'Std': np.float64(0.13633652433419138)}
2024-11-17 07:15:19,213 - INFO - Bottom 10 Mean Stats: {'Max': np.float64(91.0), 'Min': np.float64(76.0), 'Mean': np.float64(82.8), 'Std': np.float64(4.812483766206387)}
2024-11-17 07:15:19,213 - INFO - Bottom 10 Std Stats: {'Max': np.float64(0.0), 'Min': np.float64(0.0), 'Mean': np.float64(0.0), 'Std': np.float64(0.0)}
[I 2024-11-17 07:15:19,229] Trial 383 finished with value: 18.0 and parameters: {'x_0': -1, 'x_1': -4, 'x_2': 1, 'x_3': 0}. Best is trial 320 with value: 0.0.
2024-11-17 07:15:19,279 - INFO - Candidate Mean Stats: {'Max': np.float64(100.0), 'Min': np.float64(-0.5596385144791981), 'Mean': np.float64(1.1992367787746645), 'Std': np.float64(8.067342910100418)}
2024-11-17 07:15:19,279 - INFO - Candidate Std Stats: {'Max': np.float64(0.38242806630962517), 'Min': np.float64(0.0), 'Mean': np.float64(0.022708968853307518), 'Std': np.float64(0.03046446315134801)}
2024-11-17 07:15:19,280 - INFO - Top 10 Mean Stats: {'Max': np.float64(-0.4311879315531392), 'Min': np.float64(-0.5596385144791981), 'Mean': np.float64(-0.502649700238437), 'Std': np.float64(0.052140176356405936)}
2024-11-17 07:15:19,280 - INFO - Top 10 Std Stats: {'Max': np.float64(0.1124140110273304), 'Min': np.float64(0.05392228901816164), 'Mean': np.float64(0.08004590733714882), 'Std': np.float64(0.018469186026212395)}
2024-11-17 07:15:19,280 - INFO - Bottom 10 Mean Stats: {'Max': np.float64(100.0), 'Min': np.float64(91.0), 'Mean': np.float64(95.5), 'Std': np.float64(4.5)}
2024-11-17 07:15:19,280 - INFO - Bottom 10 Std Stats: {'Max': np.float64(0.0), 'Min': np.float64(0.0), 'Mean': np.float64(0.0), 'Std': np.float64(0.0)}
[I 2024-11-17 07:15:19,297] Trial 429 finished with value: 26.0 and parameters: {'x_0': 0, 'x_1': 1, 'x_2': 4, 'x_3': -3}. Best is trial 179 with value: 1.0.
2024-11-17 07:15:19,339 - INFO - Candidate Mean Stats: {'Max': np.float64(100.0), 'Min': np.float64(-0.5250427791249382), 'Mean': np.float64(1.0599139651300604), 'Std': np.float64(7.36912047980212)}
2024-11-17 07:15:19,339 - INFO - Candidate Std Stats: {'Max': np.float64(0.6647171967102711), 'Min': np.float64(0.0), 'Mean': np.float64(0.024765141684664475), 'Std': np.float64(0.03426583857105875)}
2024-11-17 07:15:19,340 - INFO - Top 10 Mean Stats: {'Max': np.float64(-0.4616182033070155), 'Min': np.float64(-0.5250427791249382), 'Mean': np.float64(-0.4909130367130599), 'Std': np.float64(0.022331058214956966)}
2024-11-17 07:15:19,340 - INFO - Top 10 Std Stats: {'Max': np.float64(0.18142127249047021), 'Min': np.float64(0.0827566760449875), 'Mean': np.float64(0.1330610382244294), 'Std': np.float64(0.0281340943877657)}
2024-11-17 07:15:19,340 - INFO - Bottom 10 Mean Stats: {'Max': np.float64(100.0), 'Min': np.float64(84.0), 'Mean': np.float64(93.0), 'Std': np.float64(5.019960159204453)}
2024-11-17 07:15:19,340 - INFO - Bottom 10 Std Stats: {'Max': np.float64(0.0), 'Min': np.float64(0.0), 'Mean': np.float64(0.0), 'Std': np.float64(0.0)}
[I 2024-11-17 07:15:19,358] Trial 436 finished with value: 9.0 and parameters: {'x_0': -1, 'x_1': -2, 'x_2': 2, 'x_3': 0}. Best is trial 362 with value: 1.0.
2024-11-17 07:15:19,423 - INFO - Candidate Mean Stats: {'Max': np.float64(100.0), 'Min': np.float64(-0.5992160549929688), 'Mean': np.float64(1.203312726661742), 'Std': np.float64(8.069591991858756)}
2024-11-17 07:15:19,423 - INFO - Candidate Std Stats: {'Max': np.float64(0.3034561729218963), 'Min': np.float64(0.0), 'Mean': np.float64(0.023524762850101726), 'Std': np.float64(0.0321209747310599)}
2024-11-17 07:15:19,424 - INFO - Top 10 Mean Stats: {'Max': np.float64(-0.4573529610832141), 'Min': np.float64(-0.5992160549929688), 'Mean': np.float64(-0.5308841361174309), 'Std': np.float64(0.051889987562278854)}
2024-11-17 07:15:19,424 - INFO - Top 10 Std Stats: {'Max': np.float64(0.12825731556340972), 'Min': np.float64(0.0957504696290284), 'Mean': np.float64(0.11568869337087415), 'Std': np.float64(0.011628922514726754)}
2024-11-17 07:15:19,425 - INFO - Bottom 10 Mean Stats: {'Max': np.float64(100.0), 'Min': np.float64(91.0), 'Mean': np.float64(95.5), 'Std': np.float64(4.5)}
2024-11-17 07:15:19,425 - INFO - Bottom 10 Std Stats: {'Max': np.float64(0.0), 'Min': np.float64(0.0), 'Mean': np.float64(0.0), 'Std': np.float64(0.0)}
[I 2024-11-17 07:15:19,443] Trial 430 finished with value: 26.0 and parameters: {'x_0': 0, 'x_1': -1, 'x_2': 4, 'x_3': 3}. Best is trial 179 with value: 1.0.
2024-11-17 07:15:19,456 - INFO - Candidate Mean Stats: {'Max': np.float64(91.0), 'Min': np.float64(-0.3773194100472863), 'Mean': np.float64(0.8665355066580329), 'Std': np.float64(6.434668556225727)}
2024-11-17 07:15:19,457 - INFO - Candidate Std Stats: {'Max': np.float64(0.7257858489324949), 'Min': np.float64(0.0), 'Mean': np.float64(0.03954250233711268), 'Std': np.float64(0.047667072706427165)}
2024-11-17 07:15:19,458 - INFO - Top 10 Mean Stats: {'Max': np.float64(0.21984937527694792), 'Min': np.float64(-0.329951563384013), 'Mean': np.float64(-0.1027919202307563), 'Std': np.float64(0.14337392391132753)}
2024-11-17 07:15:19,458 - INFO - Top 10 Std Stats: {'Max': np.float64(0.7257858489324949), 'Min': np.float64(0.15981611388982925), 'Mean': np.float64(0.4539183405746405), 'Std': np.float64(0.1702993111019515)}
2024-11-17 07:15:19,458 - INFO - Bottom 10 Mean Stats: {'Max': np.float64(91.0), 'Min': np.float64(76.0), 'Mean': np.float64(82.8), 'Std': np.float64(4.812483766206387)}
2024-11-17 07:15:19,458 - INFO - Bottom 10 Std Stats: {'Max': np.float64(0.0), 'Min': np.float64(0.0), 'Mean': np.float64(0.0), 'Std': np.float64(0.0)}
[I 2024-11-17 07:15:19,476] Trial 384 finished with value: 66.0 and parameters: {'x_0': -3, 'x_1': 4, 'x_2': -5, 'x_3': -4}. Best is trial 320 with value: 0.0.
2024-11-17 07:15:19,601 - INFO - Candidate Mean Stats: {'Max': np.float64(100.0), 'Min': np.float64(-0.4592264529127362), 'Mean': np.float64(1.2028132271003777), 'Std': np.float64(8.072492026515286)}
2024-11-17 07:15:19,601 - INFO - Candidate Std Stats: {'Max': np.float64(0.3537934127156885), 'Min': np.float64(0.0), 'Mean': np.float64(0.03357415077310699), 'Std': np.float64(0.03899769456264673)}
2024-11-17 07:15:19,603 - INFO - Candidate Mean Stats: {'Max': np.float64(100.0), 'Min': np.float64(-0.6234387445853511), 'Mean': np.float64(1.0526407256829788), 'Std': np.float64(7.370467322657311)}
2024-11-17 07:15:19,603 - INFO - Candidate Std Stats: {'Max': np.float64(0.5348685930480879), 'Min': np.float64(0.0), 'Mean': np.float64(0.039972451754812705), 'Std': np.float64(0.04291312451905771)}
2024-11-17 07:15:19,603 - INFO - Top 10 Mean Stats: {'Max': np.float64(-0.35284627546437924), 'Min': np.float64(-0.4592264529127362), 'Mean': np.float64(-0.41629893690823144), 'Std': np.float64(0.04560585986384885)}
2024-11-17 07:15:19,603 - INFO - Top 10 Std Stats: {'Max': np.float64(0.1980189409654013), 'Min': np.float64(0.10124878693189421), 'Mean': np.float64(0.15845830248126908), 'Std': np.float64(0.0350063901303843)}
2024-11-17 07:15:19,603 - INFO - Bottom 10 Mean Stats: {'Max': np.float64(100.0), 'Min': np.float64(91.0), 'Mean': np.float64(95.5), 'Std': np.float64(4.5)}
2024-11-17 07:15:19,603 - INFO - Bottom 10 Std Stats: {'Max': np.float64(0.0), 'Min': np.float64(0.0), 'Mean': np.float64(0.0), 'Std': np.float64(0.0)}
2024-11-17 07:15:19,604 - INFO - Top 10 Mean Stats: {'Max': np.float64(-0.47892310655146586), 'Min': np.float64(-0.6234387445853511), 'Mean': np.float64(-0.560474434926739), 'Std': np.float64(0.04521260357998795)}
2024-11-17 07:15:19,604 - INFO - Top 10 Std Stats: {'Max': np.float64(0.19322658344693744), 'Min': np.float64(0.06051854256239605), 'Mean': np.float64(0.13797535436124428), 'Std': np.float64(0.0419857144633546)}
2024-11-17 07:15:19,604 - INFO - Bottom 10 Mean Stats: {'Max': np.float64(100.0), 'Min': np.float64(84.0), 'Mean': np.float64(93.0), 'Std': np.float64(5.019960159204453)}
2024-11-17 07:15:19,604 - INFO - Bottom 10 Std Stats: {'Max': np.float64(0.0), 'Min': np.float64(0.0), 'Mean': np.float64(0.0), 'Std': np.float64(0.0)}
[I 2024-11-17 07:15:19,620] Trial 431 finished with value: 9.0 and parameters: {'x_0': 0, 'x_1': -1, 'x_2': -2, 'x_3': 2}. Best is trial 179 with value: 1.0.
[I 2024-11-17 07:15:19,622] Trial 437 finished with value: 9.0 and parameters: {'x_0': -1, 'x_1': 0, 'x_2': 2, 'x_3': -2}. Best is trial 362 with value: 1.0.
2024-11-17 07:15:19,725 - INFO - Candidate Mean Stats: {'Max': np.float64(91.0), 'Min': np.float64(-0.3224666935900882), 'Mean': np.float64(0.8701110993415949), 'Std': np.float64(6.457240577170158)}
2024-11-17 07:15:19,725 - INFO - Candidate Std Stats: {'Max': np.float64(0.6885271695451494), 'Min': np.float64(0.0), 'Mean': np.float64(0.038468563226601464), 'Std': np.float64(0.043876695034096344)}
2024-11-17 07:15:19,727 - INFO - Top 10 Mean Stats: {'Max': np.float64(0.23644914663949232), 'Min': np.float64(-0.26595062425250426), 'Mean': np.float64(-0.14054887138504274), 'Std': np.float64(0.13535249031024152)}
2024-11-17 07:15:19,727 - INFO - Top 10 Std Stats: {'Max': np.float64(0.6885271695451494), 'Min': np.float64(0.20021764662094538), 'Mean': np.float64(0.3508561187311543), 'Std': np.float64(0.1350511043028212)}
2024-11-17 07:15:19,727 - INFO - Bottom 10 Mean Stats: {'Max': np.float64(91.0), 'Min': np.float64(76.0), 'Mean': np.float64(82.8), 'Std': np.float64(4.812483766206387)}
2024-11-17 07:15:19,727 - INFO - Bottom 10 Std Stats: {'Max': np.float64(0.0), 'Min': np.float64(0.0), 'Mean': np.float64(0.0), 'Std': np.float64(0.0)}
2024-11-17 07:15:19,743 - INFO - Candidate Mean Stats: {'Max': np.float64(100.0), 'Min': np.float64(-0.6122913299153463), 'Mean': np.float64(1.2075650678910241), 'Std': np.float64(8.072165600617565)}
2024-11-17 07:15:19,744 - INFO - Candidate Std Stats: {'Max': np.float64(0.3078455527877768), 'Min': np.float64(0.0), 'Mean': np.float64(0.02372012932964312), 'Std': np.float64(0.03275395267661586)}
[I 2024-11-17 07:15:19,744] Trial 385 finished with value: 61.0 and parameters: {'x_0': 4, 'x_1': 5, 'x_2': -2, 'x_3': -4}. Best is trial 320 with value: 0.0.
2024-11-17 07:15:19,745 - INFO - Top 10 Mean Stats: {'Max': np.float64(-0.39297931827362437), 'Min': np.float64(-0.6122913299153463), 'Mean': np.float64(-0.5096986151901598), 'Std': np.float64(0.07111221034384652)}
2024-11-17 07:15:19,745 - INFO - Top 10 Std Stats: {'Max': np.float64(0.1330629874525989), 'Min': np.float64(0.08541516418119459), 'Mean': np.float64(0.10964428099468564), 'Std': np.float64(0.0168793912075613)}
2024-11-17 07:15:19,745 - INFO - Bottom 10 Mean Stats: {'Max': np.float64(100.0), 'Min': np.float64(91.0), 'Mean': np.float64(95.5), 'Std': np.float64(4.5)}
2024-11-17 07:15:19,745 - INFO - Bottom 10 Std Stats: {'Max': np.float64(0.0), 'Min': np.float64(0.0), 'Mean': np.float64(0.0), 'Std': np.float64(0.0)}
[I 2024-11-17 07:15:19,765] Trial 432 finished with value: 9.0 and parameters: {'x_0': 0, 'x_1': 1, 'x_2': -2, 'x_3': 2}. Best is trial 179 with value: 1.0.
2024-11-17 07:15:19,809 - INFO - Candidate Mean Stats: {'Max': np.float64(100.0), 'Min': np.float64(-0.5581186329454195), 'Mean': np.float64(1.059528923095771), 'Std': np.float64(7.369894095298868)}
2024-11-17 07:15:19,809 - INFO - Candidate Std Stats: {'Max': np.float64(0.6149621219923884), 'Min': np.float64(0.0), 'Mean': np.float64(0.03325461815611191), 'Std': np.float64(0.0401151282116795)}
2024-11-17 07:15:19,811 - INFO - Top 10 Mean Stats: {'Max': np.float64(-0.2602864468666052), 'Min': np.float64(-0.5581186329454195), 'Mean': np.float64(-0.47561729764788474), 'Std': np.float64(0.07825206004431105)}
2024-11-17 07:15:19,811 - INFO - Top 10 Std Stats: {'Max': np.float64(0.4415108408821658), 'Min': np.float64(0.04840577005769608), 'Mean': np.float64(0.11633513864615457), 'Std': np.float64(0.10952065278350823)}
2024-11-17 07:15:19,811 - INFO - Bottom 10 Mean Stats: {'Max': np.float64(100.0), 'Min': np.float64(84.0), 'Mean': np.float64(93.0), 'Std': np.float64(5.019960159204453)}
2024-11-17 07:15:19,811 - INFO - Bottom 10 Std Stats: {'Max': np.float64(0.0), 'Min': np.float64(0.0), 'Mean': np.float64(0.0), 'Std': np.float64(0.0)}
[I 2024-11-17 07:15:19,828] Trial 438 finished with value: 11.0 and parameters: {'x_0': 3, 'x_1': 0, 'x_2': 1, 'x_3': -1}. Best is trial 362 with value: 1.0.
2024-11-17 07:15:19,902 - INFO - Candidate Mean Stats: {'Max': np.float64(100.0), 'Min': np.float64(-0.5661339515676911), 'Mean': np.float64(1.2055793845074214), 'Std': np.float64(8.072796725993506)}
2024-11-17 07:15:19,902 - INFO - Candidate Std Stats: {'Max': np.float64(0.3619471069130279), 'Min': np.float64(0.0), 'Mean': np.float64(0.02558347551447471), 'Std': np.float64(0.033363506466110276)}
2024-11-17 07:15:19,904 - INFO - Top 10 Mean Stats: {'Max': np.float64(-0.10273734545010615), 'Min': np.float64(-0.5661339515676911), 'Mean': np.float64(-0.42928679117763713), 'Std': np.float64(0.13447008707854047)}
2024-11-17 07:15:19,904 - INFO - Top 10 Std Stats: {'Max': np.float64(0.3619471069130279), 'Min': np.float64(0.03939782232621393), 'Mean': np.float64(0.1099188156849201), 'Std': np.float64(0.08824769096646687)}
2024-11-17 07:15:19,904 - INFO - Bottom 10 Mean Stats: {'Max': np.float64(100.0), 'Min': np.float64(91.0), 'Mean': np.float64(95.5), 'Std': np.float64(4.5)}
2024-11-17 07:15:19,904 - INFO - Bottom 10 Std Stats: {'Max': np.float64(0.0), 'Min': np.float64(0.0), 'Mean': np.float64(0.0), 'Std': np.float64(0.0)}
[I 2024-11-17 07:15:19,921] Trial 433 finished with value: 9.0 and parameters: {'x_0': 0, 'x_1': 1, 'x_2': -2, 'x_3': -2}. Best is trial 179 with value: 1.0.
2024-11-17 07:15:19,951 - INFO - Candidate Mean Stats: {'Max': np.float64(100.0), 'Min': np.float64(-0.6226178223119623), 'Mean': np.float64(1.065513374517415), 'Std': np.float64(7.369671725056972)}
2024-11-17 07:15:19,951 - INFO - Candidate Std Stats: {'Max': np.float64(0.35992454068931157), 'Min': np.float64(0.0), 'Mean': np.float64(0.025189197045516105), 'Std': np.float64(0.03246009004585109)}
2024-11-17 07:15:19,953 - INFO - Top 10 Mean Stats: {'Max': np.float64(-0.490033504758136), 'Min': np.float64(-0.6226178223119623), 'Mean': np.float64(-0.5602836923546473), 'Std': np.float64(0.04688935456190805)}
2024-11-17 07:15:19,953 - INFO - Top 10 Std Stats: {'Max': np.float64(0.1274860901981167), 'Min': np.float64(0.08111896979290982), 'Mean': np.float64(0.10790042103065829), 'Std': np.float64(0.016256226456479977)}
2024-11-17 07:15:19,953 - INFO - Bottom 10 Mean Stats: {'Max': np.float64(100.0), 'Min': np.float64(84.0), 'Mean': np.float64(93.0), 'Std': np.float64(5.019960159204453)}
2024-11-17 07:15:19,953 - INFO - Bottom 10 Std Stats: {'Max': np.float64(0.0), 'Min': np.float64(0.0), 'Mean': np.float64(0.0), 'Std': np.float64(0.0)}
