[I 2024-11-17 07:15:06,935] Trial 373 finished with value: 5.0 and parameters: {'x_0': -1, 'x_1': 0, 'x_2': 0, 'x_3': 2}. Best is trial 362 with value: 1.0.
2024-11-17 07:15:07,026 - INFO - Candidate Mean Stats: {'Max': np.float64(100.0), 'Min': np.float64(-0.4968301184245448), 'Mean': np.float64(1.141589828813771), 'Std': np.float64(8.008290746189347)}
2024-11-17 07:15:07,026 - INFO - Candidate Std Stats: {'Max': np.float64(0.6975144933500981), 'Min': np.float64(0.0), 'Mean': np.float64(0.03475104469563322), 'Std': np.float64(0.042576151098857734)}
2024-11-17 07:15:07,027 - INFO - Top 10 Mean Stats: {'Max': np.float64(-0.230434840102207), 'Min': np.float64(-0.4968301184245448), 'Mean': np.float64(-0.31868224474713924), 'Std': np.float64(0.07835115530822537)}
2024-11-17 07:15:07,027 - INFO - Top 10 Std Stats: {'Max': np.float64(0.6975144933500981), 'Min': np.float64(0.3103494324770924), 'Mean': np.float64(0.451227344900979), 'Std': np.float64(0.11480364509764521)}
2024-11-17 07:15:07,027 - INFO - Bottom 10 Mean Stats: {'Max': np.float64(100.0), 'Min': np.float64(91.0), 'Mean': np.float64(95.5), 'Std': np.float64(4.5)}
2024-11-17 07:15:07,027 - INFO - Bottom 10 Std Stats: {'Max': np.float64(0.0), 'Min': np.float64(0.0), 'Mean': np.float64(0.0), 'Std': np.float64(0.0)}
[I 2024-11-17 07:15:07,044] Trial 366 finished with value: 27.0 and parameters: {'x_0': 0, 'x_1': 1, 'x_2': -1, 'x_3': -5}. Best is trial 179 with value: 1.0.
2024-11-17 07:15:07,061 - INFO - Candidate Mean Stats: {'Max': np.float64(100.0), 'Min': np.float64(-0.989803224118414), 'Mean': np.float64(0.9750370628016696), 'Std': np.float64(7.169691034330072)}
2024-11-17 07:15:07,061 - INFO - Candidate Std Stats: {'Max': np.float64(0.4744533285161989), 'Min': np.float64(0.0), 'Mean': np.float64(0.02706341629240943), 'Std': np.float64(0.037965620120888395)}
2024-11-17 07:15:07,062 - INFO - Top 10 Mean Stats: {'Max': np.float64(-0.2182759615517365), 'Min': np.float64(-0.989803224118414), 'Mean': np.float64(-0.5578430185864769), 'Std': np.float64(0.2879054935502572)}
2024-11-17 07:15:07,062 - INFO - Top 10 Std Stats: {'Max': np.float64(0.2187410713019871), 'Min': np.float64(0.03430976808183145), 'Mean': np.float64(0.14883912097483046), 'Std': np.float64(0.05730341735549198)}
2024-11-17 07:15:07,062 - INFO - Bottom 10 Mean Stats: {'Max': np.float64(100.0), 'Min': np.float64(84.0), 'Mean': np.float64(93.0), 'Std': np.float64(5.019960159204453)}
2024-11-17 07:15:07,062 - INFO - Bottom 10 Std Stats: {'Max': np.float64(0.0), 'Min': np.float64(0.0), 'Mean': np.float64(0.0), 'Std': np.float64(0.0)}
2024-11-17 07:15:07,072 - INFO - Candidate Mean Stats: {'Max': np.float64(91.0), 'Min': np.float64(-0.34086973044538804), 'Mean': np.float64(0.7525760201808434), 'Std': np.float64(5.887845006001244)}
2024-11-17 07:15:07,073 - INFO - Candidate Std Stats: {'Max': np.float64(0.5450105018794429), 'Min': np.float64(0.0), 'Mean': np.float64(0.04827571231635207), 'Std': np.float64(0.04882207975787744)}
2024-11-17 07:15:07,074 - INFO - Top 10 Mean Stats: {'Max': np.float64(-0.19690222613560687), 'Min': np.float64(-0.34086973044538804), 'Mean': np.float64(-0.2390235734032033), 'Std': np.float64(0.04933676497336405)}
2024-11-17 07:15:07,074 - INFO - Top 10 Std Stats: {'Max': np.float64(0.4988691723087358), 'Min': np.float64(0.21254819805603667), 'Mean': np.float64(0.37184517572431747), 'Std': np.float64(0.0891606495022613)}
2024-11-17 07:15:07,074 - INFO - Bottom 10 Mean Stats: {'Max': np.float64(91.0), 'Min': np.float64(75.0), 'Mean': np.float64(79.7), 'Std': np.float64(6.245798587850877)}
2024-11-17 07:15:07,075 - INFO - Bottom 10 Std Stats: {'Max': np.float64(0.0), 'Min': np.float64(0.0), 'Mean': np.float64(0.0), 'Std': np.float64(0.0)}
[I 2024-11-17 07:15:07,090] Trial 374 finished with value: 6.0 and parameters: {'x_0': -1, 'x_1': 0, 'x_2': -1, 'x_3': 2}. Best is trial 362 with value: 1.0.
[I 2024-11-17 07:15:07,102] Trial 343 finished with value: 43.0 and parameters: {'x_0': -1, 'x_1': 5, 'x_2': -1, 'x_3': 4}. Best is trial 320 with value: 0.0.
2024-11-17 07:15:07,227 - INFO - Candidate Mean Stats: {'Max': np.float64(100.0), 'Min': np.float64(-1.103488486825006), 'Mean': np.float64(0.9767524000299698), 'Std': np.float64(7.16962590012881)}
2024-11-17 07:15:07,228 - INFO - Candidate Std Stats: {'Max': np.float64(0.5142935723578558), 'Min': np.float64(0.0), 'Mean': np.float64(0.027052420646470003), 'Std': np.float64(0.03942441292220527)}
2024-11-17 07:15:07,229 - INFO - Top 10 Mean Stats: {'Max': np.float64(-0.20976421265136364), 'Min': np.float64(-1.103488486825006), 'Mean': np.float64(-0.5384541020954734), 'Std': np.float64(0.29041863015536085)}
2024-11-17 07:15:07,230 - INFO - Top 10 Std Stats: {'Max': np.float64(0.2287966563126866), 'Min': np.float64(0.053853515811288256), 'Mean': np.float64(0.11345147686090973), 'Std': np.float64(0.0505470760968083)}
2024-11-17 07:15:07,230 - INFO - Bottom 10 Mean Stats: {'Max': np.float64(100.0), 'Min': np.float64(84.0), 'Mean': np.float64(93.0), 'Std': np.float64(5.019960159204453)}
2024-11-17 07:15:07,230 - INFO - Bottom 10 Std Stats: {'Max': np.float64(0.0), 'Min': np.float64(0.0), 'Mean': np.float64(0.0), 'Std': np.float64(0.0)}
[I 2024-11-17 07:15:07,249] Trial 375 finished with value: 6.0 and parameters: {'x_0': -1, 'x_1': 0, 'x_2': 1, 'x_3': 2}. Best is trial 362 with value: 1.0.
2024-11-17 07:15:07,284 - INFO - Candidate Mean Stats: {'Max': np.float64(100.0), 'Min': np.float64(-0.5158362112561757), 'Mean': np.float64(1.140582471386386), 'Std': np.float64(8.01151335584711)}
2024-11-17 07:15:07,284 - INFO - Candidate Std Stats: {'Max': np.float64(0.5795695914533155), 'Min': np.float64(0.0), 'Mean': np.float64(0.03436040712056929), 'Std': np.float64(0.04077589212255142)}
2024-11-17 07:15:07,285 - INFO - Top 10 Mean Stats: {'Max': np.float64(-0.052451557643053336), 'Min': np.float64(-0.5158362112561757), 'Mean': np.float64(-0.27616957496899397), 'Std': np.float64(0.116091293407984)}
2024-11-17 07:15:07,285 - INFO - Top 10 Std Stats: {'Max': np.float64(0.5795695914533155), 'Min': np.float64(0.2697360584589854), 'Mean': np.float64(0.40634486493073485), 'Std': np.float64(0.09259901425445358)}
2024-11-17 07:15:07,285 - INFO - Bottom 10 Mean Stats: {'Max': np.float64(100.0), 'Min': np.float64(91.0), 'Mean': np.float64(95.5), 'Std': np.float64(4.5)}
2024-11-17 07:15:07,286 - INFO - Bottom 10 Std Stats: {'Max': np.float64(0.0), 'Min': np.float64(0.0), 'Mean': np.float64(0.0), 'Std': np.float64(0.0)}
[I 2024-11-17 07:15:07,303] Trial 367 finished with value: 2.0 and parameters: {'x_0': 0, 'x_1': -1, 'x_2': -1, 'x_3': 0}. Best is trial 179 with value: 1.0.
2024-11-17 07:15:07,377 - INFO - Candidate Mean Stats: {'Max': np.float64(91.0), 'Min': np.float64(-0.2191811013095873), 'Mean': np.float64(0.7559366868523972), 'Std': np.float64(5.8981320633206336)}
2024-11-17 07:15:07,377 - INFO - Candidate Std Stats: {'Max': np.float64(0.39984278042373805), 'Min': np.float64(0.0), 'Mean': np.float64(0.053986329729466376), 'Std': np.float64(0.04322518403723536)}
2024-11-17 07:15:07,378 - INFO - Top 10 Mean Stats: {'Max': np.float64(-0.12529532231962343), 'Min': np.float64(-0.20196038352278117), 'Mean': np.float64(-0.16839877605834824), 'Std': np.float64(0.025736582769471925)}
2024-11-17 07:15:07,378 - INFO - Top 10 Std Stats: {'Max': np.float64(0.39984278042373805), 'Min': np.float64(0.2659865044767413), 'Mean': np.float64(0.3290826980969973), 'Std': np.float64(0.03380677482148231)}
2024-11-17 07:15:07,379 - INFO - Bottom 10 Mean Stats: {'Max': np.float64(91.0), 'Min': np.float64(75.0), 'Mean': np.float64(79.7), 'Std': np.float64(6.245798587850877)}
2024-11-17 07:15:07,379 - INFO - Bottom 10 Std Stats: {'Max': np.float64(0.0), 'Min': np.float64(0.0), 'Mean': np.float64(0.0), 'Std': np.float64(0.0)}
[I 2024-11-17 07:15:07,394] Trial 344 finished with value: 12.0 and parameters: {'x_0': 0, 'x_1': -2, 'x_2': -2, 'x_3': -2}. Best is trial 320 with value: 0.0.
2024-11-17 07:15:07,411 - INFO - Candidate Mean Stats: {'Max': np.float64(100.0), 'Min': np.float64(-0.8185359949889011), 'Mean': np.float64(0.9741421257307331), 'Std': np.float64(7.1701111331436245)}
2024-11-17 07:15:07,411 - INFO - Candidate Std Stats: {'Max': np.float64(0.47508650799264635), 'Min': np.float64(0.0), 'Mean': np.float64(0.03323116325951747), 'Std': np.float64(0.0425036494851783)}
2024-11-17 07:15:07,412 - INFO - Top 10 Mean Stats: {'Max': np.float64(-0.1252611304502676), 'Min': np.float64(-0.8185359949889011), 'Mean': np.float64(-0.38223276100894554), 'Std': np.float64(0.3103444724674387)}
2024-11-17 07:15:07,413 - INFO - Top 10 Std Stats: {'Max': np.float64(0.32239107261495575), 'Min': np.float64(0.12663004315250795), 'Mean': np.float64(0.2495082182539567), 'Std': np.float64(0.07718281214426402)}
2024-11-17 07:15:07,413 - INFO - Bottom 10 Mean Stats: {'Max': np.float64(100.0), 'Min': np.float64(84.0), 'Mean': np.float64(93.0), 'Std': np.float64(5.019960159204453)}
2024-11-17 07:15:07,413 - INFO - Bottom 10 Std Stats: {'Max': np.float64(0.0), 'Min': np.float64(0.0), 'Mean': np.float64(0.0), 'Std': np.float64(0.0)}
[I 2024-11-17 07:15:07,427] Trial 376 finished with value: 11.0 and parameters: {'x_0': -1, 'x_1': 0, 'x_2': -3, 'x_3': -1}. Best is trial 362 with value: 1.0.
2024-11-17 07:15:07,546 - INFO - Candidate Mean Stats: {'Max': np.float64(100.0), 'Min': np.float64(-0.3825177921279743), 'Mean': np.float64(1.143031872607472), 'Std': np.float64(8.011209131661904)}
2024-11-17 07:15:07,546 - INFO - Candidate Std Stats: {'Max': np.float64(0.4207825538419557), 'Min': np.float64(0.0), 'Mean': np.float64(0.04054522624125894), 'Std': np.float64(0.042242008511681514)}
2024-11-17 07:15:07,548 - INFO - Top 10 Mean Stats: {'Max': np.float64(-0.1891321088566409), 'Min': np.float64(-0.3825177921279743), 'Mean': np.float64(-0.3223413493589143), 'Std': np.float64(0.06211418038361095)}
2024-11-17 07:15:07,548 - INFO - Top 10 Std Stats: {'Max': np.float64(0.4207825538419557), 'Min': np.float64(0.31193180708569573), 'Mean': np.float64(0.36334184218805393), 'Std': np.float64(0.03244375026101285)}
2024-11-17 07:15:07,548 - INFO - Bottom 10 Mean Stats: {'Max': np.float64(100.0), 'Min': np.float64(91.0), 'Mean': np.float64(95.5), 'Std': np.float64(4.5)}
2024-11-17 07:15:07,548 - INFO - Bottom 10 Std Stats: {'Max': np.float64(0.0), 'Min': np.float64(0.0), 'Mean': np.float64(0.0), 'Std': np.float64(0.0)}
[I 2024-11-17 07:15:07,566] Trial 368 finished with value: 2.0 and parameters: {'x_0': 0, 'x_1': -1, 'x_2': 1, 'x_3': 0}. Best is trial 179 with value: 1.0.
2024-11-17 07:15:07,644 - INFO - Candidate Mean Stats: {'Max': np.float64(100.0), 'Min': np.float64(-0.6196886287550946), 'Mean': np.float64(0.9746223312844228), 'Std': np.float64(7.170625484778411)}
2024-11-17 07:15:07,644 - INFO - Candidate Std Stats: {'Max': np.float64(0.7161189937895742), 'Min': np.float64(0.0), 'Mean': np.float64(0.03996476847728546), 'Std': np.float64(0.04418114987578961)}
2024-11-17 07:15:07,645 - INFO - Top 10 Mean Stats: {'Max': np.float64(-0.28811690416028785), 'Min': np.float64(-0.6196886287550946), 'Mean': np.float64(-0.39235717321785196), 'Std': np.float64(0.12626844537919982)}
2024-11-17 07:15:07,645 - INFO - Top 10 Std Stats: {'Max': np.float64(0.33631468239071527), 'Min': np.float64(0.24017143872216065), 'Mean': np.float64(0.2685506790287582), 'Std': np.float64(0.031677879587068025)}
2024-11-17 07:15:07,645 - INFO - Bottom 10 Mean Stats: {'Max': np.float64(100.0), 'Min': np.float64(84.0), 'Mean': np.float64(93.0), 'Std': np.float64(5.019960159204453)}
2024-11-17 07:15:07,646 - INFO - Bottom 10 Std Stats: {'Max': np.float64(0.0), 'Min': np.float64(0.0), 'Mean': np.float64(0.0), 'Std': np.float64(0.0)}
[I 2024-11-17 07:15:07,665] Trial 377 finished with value: 11.0 and parameters: {'x_0': -1, 'x_1': 0, 'x_2': -3, 'x_3': 1}. Best is trial 362 with value: 1.0.
2024-11-17 07:15:07,684 - INFO - Candidate Mean Stats: {'Max': np.float64(91.0), 'Min': np.float64(-0.29583410593174236), 'Mean': np.float64(0.7572605011214738), 'Std': np.float64(5.898780445838933)}
2024-11-17 07:15:07,684 - INFO - Candidate Std Stats: {'Max': np.float64(0.5381937916187739), 'Min': np.float64(0.0), 'Mean': np.float64(0.04369453505651067), 'Std': np.float64(0.04900121336734802)}
2024-11-17 07:15:07,686 - INFO - Top 10 Mean Stats: {'Max': np.float64(-0.17418014757569386), 'Min': np.float64(-0.29583410593174236), 'Mean': np.float64(-0.24176861465848795), 'Std': np.float64(0.04656386659761107)}
2024-11-17 07:15:07,686 - INFO - Top 10 Std Stats: {'Max': np.float64(0.4910497154213132), 'Min': np.float64(0.24805799846760165), 'Mean': np.float64(0.3334728961803338), 'Std': np.float64(0.07639495758957095)}
2024-11-17 07:15:07,687 - INFO - Bottom 10 Mean Stats: {'Max': np.float64(91.0), 'Min': np.float64(75.0), 'Mean': np.float64(79.7), 'Std': np.float64(6.245798587850877)}
2024-11-17 07:15:07,687 - INFO - Bottom 10 Std Stats: {'Max': np.float64(0.0), 'Min': np.float64(0.0), 'Mean': np.float64(0.0), 'Std': np.float64(0.0)}
[I 2024-11-17 07:15:07,712] Trial 345 finished with value: 68.0 and parameters: {'x_0': 3, 'x_1': 5, 'x_2': -5, 'x_3': 3}. Best is trial 320 with value: 0.0.
2024-11-17 07:15:07,803 - INFO - Candidate Mean Stats: {'Max': np.float64(100.0), 'Min': np.float64(-0.5770015123339718), 'Mean': np.float64(1.1405477652007143), 'Std': np.float64(8.011552678681005)}
2024-11-17 07:15:07,803 - INFO - Candidate Std Stats: {'Max': np.float64(0.5390355485733527), 'Min': np.float64(0.0), 'Mean': np.float64(0.04279100963657956), 'Std': np.float64(0.04470977685975956)}
2024-11-17 07:15:07,805 - INFO - Top 10 Mean Stats: {'Max': np.float64(-0.18396528825713848), 'Min': np.float64(-0.5770015123339718), 'Mean': np.float64(-0.36786961552272623), 'Std': np.float64(0.13114670370038242)}
2024-11-17 07:15:07,805 - INFO - Top 10 Std Stats: {'Max': np.float64(0.5390355485733527), 'Min': np.float64(0.2635392890257165), 'Mean': np.float64(0.35400438851463556), 'Std': np.float64(0.08292774387588416)}
2024-11-17 07:15:07,805 - INFO - Bottom 10 Mean Stats: {'Max': np.float64(100.0), 'Min': np.float64(91.0), 'Mean': np.float64(95.5), 'Std': np.float64(4.5)}
2024-11-17 07:15:07,805 - INFO - Bottom 10 Std Stats: {'Max': np.float64(0.0), 'Min': np.float64(0.0), 'Mean': np.float64(0.0), 'Std': np.float64(0.0)}
[I 2024-11-17 07:15:07,823] Trial 369 finished with value: 10.0 and parameters: {'x_0': 0, 'x_1': 1, 'x_2': -3, 'x_3': 0}. Best is trial 179 with value: 1.0.
2024-11-17 07:15:07,858 - INFO - Candidate Mean Stats: {'Max': np.float64(100.0), 'Min': np.float64(-0.7644238542342593), 'Mean': np.float64(0.974966940375784), 'Std': np.float64(7.171152814855728)}
2024-11-17 07:15:07,858 - INFO - Candidate Std Stats: {'Max': np.float64(0.43466588106866555), 'Min': np.float64(0.0), 'Mean': np.float64(0.0323492447221336), 'Std': np.float64(0.040999719551621495)}
2024-11-17 07:15:07,860 - INFO - Top 10 Mean Stats: {'Max': np.float64(-0.015221362795098326), 'Min': np.float64(-0.7644238542342593), 'Mean': np.float64(-0.2127538623627469), 'Std': np.float64(0.2775458653480884)}
2024-11-17 07:15:07,860 - INFO - Top 10 Std Stats: {'Max': np.float64(0.39724789601438243), 'Min': np.float64(0.08924727618748382), 'Mean': np.float64(0.2968572128998159), 'Std': np.float64(0.10583782135498697)}
2024-11-17 07:15:07,860 - INFO - Bottom 10 Mean Stats: {'Max': np.float64(100.0), 'Min': np.float64(84.0), 'Mean': np.float64(93.0), 'Std': np.float64(5.019960159204453)}
2024-11-17 07:15:07,860 - INFO - Bottom 10 Std Stats: {'Max': np.float64(0.0), 'Min': np.float64(0.0), 'Mean': np.float64(0.0), 'Std': np.float64(0.0)}
[I 2024-11-17 07:15:07,879] Trial 378 finished with value: 14.0 and parameters: {'x_0': -1, 'x_1': 0, 'x_2': -3, 'x_3': -2}. Best is trial 362 with value: 1.0.
2024-11-17 07:15:08,014 - INFO - Candidate Mean Stats: {'Max': np.float64(91.0), 'Min': np.float64(-0.27560100997566234), 'Mean': np.float64(0.7623396798529117), 'Std': np.float64(5.9248547037893164)}
2024-11-17 07:15:08,014 - INFO - Candidate Std Stats: {'Max': np.float64(0.5488863872624247), 'Min': np.float64(0.0), 'Mean': np.float64(0.048463334411830684), 'Std': np.float64(0.047971621647050065)}
2024-11-17 07:15:08,016 - INFO - Top 10 Mean Stats: {'Max': np.float64(-0.09746456025356813), 'Min': np.float64(-0.27560100997566234), 'Mean': np.float64(-0.1904889176833026), 'Std': np.float64(0.04979001148024391)}
2024-11-17 07:15:08,016 - INFO - Top 10 Std Stats: {'Max': np.float64(0.5488863872624247), 'Min': np.float64(0.23632010928996353), 'Mean': np.float64(0.384909758236808), 'Std': np.float64(0.09836926364635577)}
2024-11-17 07:15:08,016 - INFO - Bottom 10 Mean Stats: {'Max': np.float64(91.0), 'Min': np.float64(75.0), 'Mean': np.float64(79.7), 'Std': np.float64(6.245798587850877)}
2024-11-17 07:15:08,016 - INFO - Bottom 10 Std Stats: {'Max': np.float64(0.0), 'Min': np.float64(0.0), 'Mean': np.float64(0.0), 'Std': np.float64(0.0)}
[I 2024-11-17 07:15:08,034] Trial 346 finished with value: 82.0 and parameters: {'x_0': 4, 'x_1': 4, 'x_2': -5, 'x_3': -5}. Best is trial 320 with value: 0.0.
2024-11-17 07:15:08,080 - INFO - Candidate Mean Stats: {'Max': np.float64(100.0), 'Min': np.float64(-0.481248827456824), 'Mean': np.float64(1.1455358811771645), 'Std': np.float64(8.011289963754617)}
2024-11-17 07:15:08,080 - INFO - Candidate Std Stats: {'Max': np.float64(0.47602885556347), 'Min': np.float64(0.0), 'Mean': np.float64(0.03478017777612135), 'Std': np.float64(0.04347964473096781)}
2024-11-17 07:15:08,082 - INFO - Top 10 Mean Stats: {'Max': np.float64(-0.26624070162789176), 'Min': np.float64(-0.481248827456824), 'Mean': np.float64(-0.3696373780381252), 'Std': np.float64(0.05910483595659584)}
2024-11-17 07:15:08,082 - INFO - Top 10 Std Stats: {'Max': np.float64(0.4124686271639294), 'Min': np.float64(0.2639497285573186), 'Mean': np.float64(0.32261589495162035), 'Std': np.float64(0.03971271614461919)}
2024-11-17 07:15:08,082 - INFO - Bottom 10 Mean Stats: {'Max': np.float64(100.0), 'Min': np.float64(91.0), 'Mean': np.float64(95.5), 'Std': np.float64(4.5)}
2024-11-17 07:15:08,082 - INFO - Bottom 10 Std Stats: {'Max': np.float64(0.0), 'Min': np.float64(0.0), 'Mean': np.float64(0.0), 'Std': np.float64(0.0)}
2024-11-17 07:15:08,084 - INFO - Candidate Mean Stats: {'Max': np.float64(100.0), 'Min': np.float64(-0.7259377971260258), 'Mean': np.float64(0.9759898391786151), 'Std': np.float64(7.171940527413629)}
2024-11-17 07:15:08,084 - INFO - Candidate Std Stats: {'Max': np.float64(0.7544155188726632), 'Min': np.float64(0.0), 'Mean': np.float64(0.03269713250649586), 'Std': np.float64(0.044067833700078475)}
2024-11-17 07:15:08,086 - INFO - Top 10 Mean Stats: {'Max': np.float64(0.3194778008845348), 'Min': np.float64(-0.7259377971260258), 'Mean': np.float64(-0.1304288999265298), 'Std': np.float64(0.23778277918541552)}
2024-11-17 07:15:08,086 - INFO - Top 10 Std Stats: {'Max': np.float64(0.7544155188726632), 'Min': np.float64(0.2551069649591464), 'Mean': np.float64(0.4106193875900869), 'Std': np.float64(0.15062695829156522)}
2024-11-17 07:15:08,086 - INFO - Bottom 10 Mean Stats: {'Max': np.float64(100.0), 'Min': np.float64(84.0), 'Mean': np.float64(93.0), 'Std': np.float64(5.019960159204453)}
2024-11-17 07:15:08,087 - INFO - Bottom 10 Std Stats: {'Max': np.float64(0.0), 'Min': np.float64(0.0), 'Mean': np.float64(0.0), 'Std': np.float64(0.0)}
[I 2024-11-17 07:15:08,105] Trial 370 finished with value: 3.0 and parameters: {'x_0': 0, 'x_1': -1, 'x_2': 1, 'x_3': -1}. Best is trial 179 with value: 1.0.
[I 2024-11-17 07:15:08,107] Trial 379 finished with value: 14.0 and parameters: {'x_0': -1, 'x_1': 0, 'x_2': -3, 'x_3': 2}. Best is trial 362 with value: 1.0.
2024-11-17 07:15:08,320 - INFO - Candidate Mean Stats: {'Max': np.float64(100.0), 'Min': np.float64(-0.3351017510302443), 'Mean': np.float64(0.9831329001396627), 'Std': np.float64(7.171961491356433)}
2024-11-17 07:15:08,321 - INFO - Candidate Std Stats: {'Max': np.float64(0.5900511396540897), 'Min': np.float64(0.0), 'Mean': np.float64(0.030230346367412026), 'Std': np.float64(0.037973838522922604)}
2024-11-17 07:15:08,322 - INFO - Top 10 Mean Stats: {'Max': np.float64(-0.14532994394232954), 'Min': np.float64(-0.3351017510302443), 'Mean': np.float64(-0.27491312803497353), 'Std': np.float64(0.05579836120333512)}
2024-11-17 07:15:08,322 - INFO - Top 10 Std Stats: {'Max': np.float64(0.31802370306517186), 'Min': np.float64(0.1626015530176825), 'Mean': np.float64(0.1999997235610937), 'Std': np.float64(0.04654483331635122)}
2024-11-17 07:15:08,323 - INFO - Bottom 10 Mean Stats: {'Max': np.float64(100.0), 'Min': np.float64(84.0), 'Mean': np.float64(93.0), 'Std': np.float64(5.019960159204453)}
2024-11-17 07:15:08,323 - INFO - Bottom 10 Std Stats: {'Max': np.float64(0.0), 'Min': np.float64(0.0), 'Mean': np.float64(0.0), 'Std': np.float64(0.0)}
