[I 2024-11-17 07:14:16,797] Trial 174 finished with value: 49.0 and parameters: {'x_0': 2, 'x_1': -4, 'x_2': -5, 'x_3': -2}. Best is trial 76 with value: 7.0.
2024-11-17 07:14:16,925 - INFO - Candidate Mean Stats: {'Max': np.float64(75.0), 'Min': np.float64(-0.30456959416778784), 'Mean': np.float64(0.4295518601120311), 'Std': np.float64(4.419981666631209)}
2024-11-17 07:14:16,925 - INFO - Candidate Std Stats: {'Max': np.float64(0.5132606238642157), 'Min': np.float64(0.0), 'Mean': np.float64(0.062512855900547), 'Std': np.float64(0.04808985656818459)}
2024-11-17 07:14:16,927 - INFO - Top 10 Mean Stats: {'Max': np.float64(-0.14902451445943904), 'Min': np.float64(-0.30456959416778784), 'Mean': np.float64(-0.21556249469452965), 'Std': np.float64(0.04060086713440108)}
2024-11-17 07:14:16,927 - INFO - Top 10 Std Stats: {'Max': np.float64(0.4693822055476886), 'Min': np.float64(0.30089708757168304), 'Mean': np.float64(0.39281674906690395), 'Std': np.float64(0.05959453034401534)}
2024-11-17 07:14:16,927 - INFO - Bottom 10 Mean Stats: {'Max': np.float64(75.0), 'Min': np.float64(66.0), 'Mean': np.float64(72.0), 'Std': np.float64(3.5496478698597698)}
2024-11-17 07:14:16,927 - INFO - Bottom 10 Std Stats: {'Max': np.float64(0.0), 'Min': np.float64(0.0), 'Mean': np.float64(0.0), 'Std': np.float64(0.0)}
[I 2024-11-17 07:14:16,941] Trial 169 finished with value: 23.0 and parameters: {'x_0': -1, 'x_1': 3, 'x_2': -3, 'x_3': 2}. Best is trial 141 with value: 2.0.
2024-11-17 07:14:16,981 - INFO - Candidate Mean Stats: {'Max': np.float64(100.0), 'Min': np.float64(-0.19380207057313883), 'Mean': np.float64(0.6269620986410765), 'Std': np.float64(6.176056724189538)}
2024-11-17 07:14:16,982 - INFO - Candidate Std Stats: {'Max': np.float64(0.4858931922354765), 'Min': np.float64(0.0), 'Mean': np.float64(0.05138722184850149), 'Std': np.float64(0.04383458135964145)}
2024-11-17 07:14:16,983 - INFO - Top 10 Mean Stats: {'Max': np.float64(-0.11784393642738482), 'Min': np.float64(-0.19380207057313883), 'Mean': np.float64(-0.15308939332383484), 'Std': np.float64(0.022278506048116965)}
2024-11-17 07:14:16,983 - INFO - Top 10 Std Stats: {'Max': np.float64(0.37054883603817546), 'Min': np.float64(0.2922901513159743), 'Mean': np.float64(0.31973712481130506), 'Std': np.float64(0.02221504844390362)}
2024-11-17 07:14:16,983 - INFO - Bottom 10 Mean Stats: {'Max': np.float64(100.0), 'Min': np.float64(91.0), 'Mean': np.float64(95.5), 'Std': np.float64(4.5)}
2024-11-17 07:14:16,983 - INFO - Bottom 10 Std Stats: {'Max': np.float64(0.0), 'Min': np.float64(0.0), 'Mean': np.float64(0.0), 'Std': np.float64(0.0)}
[I 2024-11-17 07:14:16,998] Trial 178 finished with value: 59.0 and parameters: {'x_0': -4, 'x_1': -3, 'x_2': -3, 'x_3': -5}. Best is trial 155 with value: 5.0.
2024-11-17 07:14:17,057 - INFO - Candidate Mean Stats: {'Max': np.float64(91.0), 'Min': np.float64(-0.24716989495895364), 'Mean': np.float64(0.4767446387146273), 'Std': np.float64(4.809509427437466)}
2024-11-17 07:14:17,058 - INFO - Candidate Std Stats: {'Max': np.float64(0.47407775147838904), 'Min': np.float64(0.0), 'Mean': np.float64(0.062308926174780975), 'Std': np.float64(0.047711855009059514)}
2024-11-17 07:14:17,059 - INFO - Top 10 Mean Stats: {'Max': np.float64(-0.14729259062567604), 'Min': np.float64(-0.24716989495895364), 'Mean': np.float64(-0.19073914295473393), 'Std': np.float64(0.027590352052819875)}
2024-11-17 07:14:17,059 - INFO - Top 10 Std Stats: {'Max': np.float64(0.47407775147838904), 'Min': np.float64(0.3184072909169574), 'Mean': np.float64(0.3951803507623929), 'Std': np.float64(0.05632186116474374)}
2024-11-17 07:14:17,059 - INFO - Bottom 10 Mean Stats: {'Max': np.float64(91.0), 'Min': np.float64(70.0), 'Mean': np.float64(79.2), 'Std': np.float64(7.0398863627192165)}
2024-11-17 07:14:17,059 - INFO - Bottom 10 Std Stats: {'Max': np.float64(0.0), 'Min': np.float64(0.0), 'Mean': np.float64(0.0), 'Std': np.float64(0.0)}
[I 2024-11-17 07:14:17,073] Trial 175 finished with value: 26.0 and parameters: {'x_0': -4, 'x_1': 1, 'x_2': 3, 'x_3': 0}. Best is trial 76 with value: 7.0.
2024-11-17 07:14:17,221 - INFO - Candidate Mean Stats: {'Max': np.float64(75.0), 'Min': np.float64(-0.29369986964341843), 'Mean': np.float64(0.4305687950429764), 'Std': np.float64(4.42397785964387)}
2024-11-17 07:14:17,221 - INFO - Candidate Std Stats: {'Max': np.float64(0.5547829581665568), 'Min': np.float64(0.0), 'Mean': np.float64(0.06321191323501606), 'Std': np.float64(0.050397462240929676)}
2024-11-17 07:14:17,223 - INFO - Top 10 Mean Stats: {'Max': np.float64(-0.14157152052431415), 'Min': np.float64(-0.29369986964341843), 'Mean': np.float64(-0.2185167128344355), 'Std': np.float64(0.04579360088780673)}
2024-11-17 07:14:17,223 - INFO - Top 10 Std Stats: {'Max': np.float64(0.5192622532962765), 'Min': np.float64(0.31856307354825397), 'Mean': np.float64(0.40307624178076373), 'Std': np.float64(0.0578141756658587)}
2024-11-17 07:14:17,223 - INFO - Bottom 10 Mean Stats: {'Max': np.float64(75.0), 'Min': np.float64(66.0), 'Mean': np.float64(72.0), 'Std': np.float64(3.5496478698597698)}
2024-11-17 07:14:17,223 - INFO - Bottom 10 Std Stats: {'Max': np.float64(0.0), 'Min': np.float64(0.0), 'Mean': np.float64(0.0), 'Std': np.float64(0.0)}
[I 2024-11-17 07:14:17,238] Trial 170 finished with value: 42.0 and parameters: {'x_0': -1, 'x_1': 5, 'x_2': -4, 'x_3': 0}. Best is trial 141 with value: 2.0.
2024-11-17 07:14:17,252 - INFO - Candidate Mean Stats: {'Max': np.float64(100.0), 'Min': np.float64(-0.17677974319093764), 'Mean': np.float64(0.6287034257517047), 'Std': np.float64(6.195109116000658)}
2024-11-17 07:14:17,252 - INFO - Candidate Std Stats: {'Max': np.float64(0.4243268174339184), 'Min': np.float64(0.0), 'Mean': np.float64(0.05400386120806922), 'Std': np.float64(0.047139067126774965)}
2024-11-17 07:14:17,254 - INFO - Top 10 Mean Stats: {'Max': np.float64(-0.046849939572301415), 'Min': np.float64(-0.16244037768364794), 'Mean': np.float64(-0.11203881860220069), 'Std': np.float64(0.03600949423003179)}
2024-11-17 07:14:17,254 - INFO - Top 10 Std Stats: {'Max': np.float64(0.3883410596998543), 'Min': np.float64(0.2713302230478528), 'Mean': np.float64(0.3025696226940673), 'Std': np.float64(0.03521538848410447)}
2024-11-17 07:14:17,254 - INFO - Bottom 10 Mean Stats: {'Max': np.float64(100.0), 'Min': np.float64(91.0), 'Mean': np.float64(95.5), 'Std': np.float64(4.5)}
2024-11-17 07:14:17,254 - INFO - Bottom 10 Std Stats: {'Max': np.float64(0.0), 'Min': np.float64(0.0), 'Mean': np.float64(0.0), 'Std': np.float64(0.0)}
[I 2024-11-17 07:14:17,271] Trial 179 finished with value: 1.0 and parameters: {'x_0': 1, 'x_1': 0, 'x_2': 0, 'x_3': 0}. Best is trial 179 with value: 1.0.
2024-11-17 07:14:17,330 - INFO - Candidate Mean Stats: {'Max': np.float64(91.0), 'Min': np.float64(-0.27393002232241426), 'Mean': np.float64(0.4765096891367752), 'Std': np.float64(4.814335643701019)}
2024-11-17 07:14:17,330 - INFO - Candidate Std Stats: {'Max': np.float64(0.6133453417267739), 'Min': np.float64(0.0), 'Mean': np.float64(0.061060263217043546), 'Std': np.float64(0.05168005231919731)}
2024-11-17 07:14:17,331 - INFO - Top 10 Mean Stats: {'Max': np.float64(-0.20060774626165143), 'Min': np.float64(-0.27393002232241426), 'Mean': np.float64(-0.22704590203985844), 'Std': np.float64(0.024602095353148595)}
2024-11-17 07:14:17,331 - INFO - Top 10 Std Stats: {'Max': np.float64(0.6133453417267739), 'Min': np.float64(0.42105743533752565), 'Mean': np.float64(0.4886708384387147), 'Std': np.float64(0.058172969049964454)}
2024-11-17 07:14:17,332 - INFO - Bottom 10 Mean Stats: {'Max': np.float64(91.0), 'Min': np.float64(70.0), 'Mean': np.float64(79.2), 'Std': np.float64(7.0398863627192165)}
2024-11-17 07:14:17,332 - INFO - Bottom 10 Std Stats: {'Max': np.float64(0.0), 'Min': np.float64(0.0), 'Mean': np.float64(0.0), 'Std': np.float64(0.0)}
[I 2024-11-17 07:14:17,345] Trial 176 finished with value: 20.0 and parameters: {'x_0': -1, 'x_1': 3, 'x_2': -1, 'x_3': -3}. Best is trial 76 with value: 7.0.
2024-11-17 07:14:17,518 - INFO - Candidate Mean Stats: {'Max': np.float64(75.0), 'Min': np.float64(-0.2794513569663283), 'Mean': np.float64(0.43229652130679547), 'Std': np.float64(4.437394368772582)}
2024-11-17 07:14:17,518 - INFO - Candidate Std Stats: {'Max': np.float64(0.620737857447835), 'Min': np.float64(0.0), 'Mean': np.float64(0.06037813866362713), 'Std': np.float64(0.050399271077558885)}
2024-11-17 07:14:17,520 - INFO - Top 10 Mean Stats: {'Max': np.float64(-0.15443986006686353), 'Min': np.float64(-0.2794513569663283), 'Mean': np.float64(-0.20908703215660668), 'Std': np.float64(0.04419990255574651)}
2024-11-17 07:14:17,520 - INFO - Top 10 Std Stats: {'Max': np.float64(0.5125942393877825), 'Min': np.float64(0.29916524708597947), 'Mean': np.float64(0.38828555691131034), 'Std': np.float64(0.06334317315457565)}
2024-11-17 07:14:17,520 - INFO - Bottom 10 Mean Stats: {'Max': np.float64(75.0), 'Min': np.float64(66.0), 'Mean': np.float64(72.0), 'Std': np.float64(3.5496478698597698)}
2024-11-17 07:14:17,520 - INFO - Bottom 10 Std Stats: {'Max': np.float64(0.0), 'Min': np.float64(0.0), 'Mean': np.float64(0.0), 'Std': np.float64(0.0)}
2024-11-17 07:14:17,530 - INFO - Candidate Mean Stats: {'Max': np.float64(100.0), 'Min': np.float64(-0.2306477158003844), 'Mean': np.float64(0.6305775829754758), 'Std': np.float64(6.194910734764138)}
2024-11-17 07:14:17,530 - INFO - Candidate Std Stats: {'Max': np.float64(0.38664941405344844), 'Min': np.float64(0.0), 'Mean': np.float64(0.05167061461094443), 'Std': np.float64(0.045020621741841155)}
2024-11-17 07:14:17,532 - INFO - Top 10 Mean Stats: {'Max': np.float64(-0.09788874924939131), 'Min': np.float64(-0.2306477158003844), 'Mean': np.float64(-0.15953004628889972), 'Std': np.float64(0.03478911942478015)}
2024-11-17 07:14:17,532 - INFO - Top 10 Std Stats: {'Max': np.float64(0.38664941405344844), 'Min': np.float64(0.27449193809084194), 'Mean': np.float64(0.3097088437321233), 'Std': np.float64(0.03314629792364221)}
2024-11-17 07:14:17,532 - INFO - Bottom 10 Mean Stats: {'Max': np.float64(100.0), 'Min': np.float64(91.0), 'Mean': np.float64(95.5), 'Std': np.float64(4.5)}
2024-11-17 07:14:17,532 - INFO - Bottom 10 Std Stats: {'Max': np.float64(0.0), 'Min': np.float64(0.0), 'Mean': np.float64(0.0), 'Std': np.float64(0.0)}
[I 2024-11-17 07:14:17,536] Trial 171 finished with value: 58.0 and parameters: {'x_0': -4, 'x_1': -1, 'x_2': -5, 'x_3': -4}. Best is trial 141 with value: 2.0.
[I 2024-11-17 07:14:17,546] Trial 180 finished with value: 17.0 and parameters: {'x_0': 3, 'x_1': 2, 'x_2': 0, 'x_3': -2}. Best is trial 179 with value: 1.0.
2024-11-17 07:14:17,619 - INFO - Candidate Mean Stats: {'Max': np.float64(91.0), 'Min': np.float64(-0.3534908961153581), 'Mean': np.float64(0.47884656817185933), 'Std': np.float64(4.816950279572223)}
2024-11-17 07:14:17,619 - INFO - Candidate Std Stats: {'Max': np.float64(0.5765460132008273), 'Min': np.float64(0.0), 'Mean': np.float64(0.06526743212147962), 'Std': np.float64(0.0482985156798922)}
2024-11-17 07:14:17,621 - INFO - Top 10 Mean Stats: {'Max': np.float64(-0.12118736935497343), 'Min': np.float64(-0.3534908961153581), 'Mean': np.float64(-0.22855197782681294), 'Std': np.float64(0.06579023733419749)}
2024-11-17 07:14:17,621 - INFO - Top 10 Std Stats: {'Max': np.float64(0.5765460132008273), 'Min': np.float64(0.3688808533060521), 'Mean': np.float64(0.4715499622218675), 'Std': np.float64(0.06485994358237399)}
2024-11-17 07:14:17,621 - INFO - Bottom 10 Mean Stats: {'Max': np.float64(91.0), 'Min': np.float64(70.0), 'Mean': np.float64(79.2), 'Std': np.float64(7.0398863627192165)}
2024-11-17 07:14:17,621 - INFO - Bottom 10 Std Stats: {'Max': np.float64(0.0), 'Min': np.float64(0.0), 'Mean': np.float64(0.0), 'Std': np.float64(0.0)}
[I 2024-11-17 07:14:17,635] Trial 177 finished with value: 44.0 and parameters: {'x_0': 3, 'x_1': 1, 'x_2': 5, 'x_3': 3}. Best is trial 76 with value: 7.0.
2024-11-17 07:14:17,754 - INFO - Candidate Mean Stats: {'Max': np.float64(75.0), 'Min': np.float64(-0.2561262935396585), 'Mean': np.float64(0.4361978543911902), 'Std': np.float64(4.462837499674646)}
2024-11-17 07:14:17,755 - INFO - Candidate Std Stats: {'Max': np.float64(0.5686229324703452), 'Min': np.float64(0.0), 'Mean': np.float64(0.06223178249027139), 'Std': np.float64(0.04857244615170747)}
2024-11-17 07:14:17,756 - INFO - Top 10 Mean Stats: {'Max': np.float64(-0.14927938733412377), 'Min': np.float64(-0.2561262935396585), 'Mean': np.float64(-0.17958903579291782), 'Std': np.float64(0.02988374597144756)}
2024-11-17 07:14:17,756 - INFO - Top 10 Std Stats: {'Max': np.float64(0.3743663158578343), 'Min': np.float64(0.3170855898582382), 'Mean': np.float64(0.3484021454369082), 'Std': np.float64(0.01864508295237115)}
2024-11-17 07:14:17,756 - INFO - Bottom 10 Mean Stats: {'Max': np.float64(75.0), 'Min': np.float64(66.0), 'Mean': np.float64(72.0), 'Std': np.float64(3.5496478698597698)}
2024-11-17 07:14:17,756 - INFO - Bottom 10 Std Stats: {'Max': np.float64(0.0), 'Min': np.float64(0.0), 'Mean': np.float64(0.0), 'Std': np.float64(0.0)}
[I 2024-11-17 07:14:17,772] Trial 172 finished with value: 31.0 and parameters: {'x_0': -1, 'x_1': 2, 'x_2': 1, 'x_3': 5}. Best is trial 141 with value: 2.0.
2024-11-17 07:14:17,787 - INFO - Candidate Mean Stats: {'Max': np.float64(100.0), 'Min': np.float64(-0.2603998932517223), 'Mean': np.float64(0.6339598133809735), 'Std': np.float64(6.196176603491351)}
2024-11-17 07:14:17,787 - INFO - Candidate Std Stats: {'Max': np.float64(0.6121120159855786), 'Min': np.float64(0.0), 'Mean': np.float64(0.048972715120823455), 'Std': np.float64(0.047978742788080175)}
2024-11-17 07:14:17,788 - INFO - Top 10 Mean Stats: {'Max': np.float64(-0.1232948947147026), 'Min': np.float64(-0.2603998932517223), 'Mean': np.float64(-0.16693905106240103), 'Std': np.float64(0.03488580914481368)}
2024-11-17 07:14:17,788 - INFO - Top 10 Std Stats: {'Max': np.float64(0.6121120159855786), 'Min': np.float64(0.3001433871039651), 'Mean': np.float64(0.4215958535196978), 'Std': np.float64(0.10150697258165947)}
2024-11-17 07:14:17,788 - INFO - Bottom 10 Mean Stats: {'Max': np.float64(100.0), 'Min': np.float64(91.0), 'Mean': np.float64(95.5), 'Std': np.float64(4.5)}
2024-11-17 07:14:17,789 - INFO - Bottom 10 Std Stats: {'Max': np.float64(0.0), 'Min': np.float64(0.0), 'Mean': np.float64(0.0), 'Std': np.float64(0.0)}
[I 2024-11-17 07:14:17,803] Trial 181 finished with value: 67.0 and parameters: {'x_0': 4, 'x_1': -1, 'x_2': -5, 'x_3': 5}. Best is trial 179 with value: 1.0.
2024-11-17 07:14:17,867 - INFO - Candidate Mean Stats: {'Max': np.float64(91.0), 'Min': np.float64(-0.3037247377400512), 'Mean': np.float64(0.48222088684523734), 'Std': np.float64(4.83030791988293)}
2024-11-17 07:14:17,867 - INFO - Candidate Std Stats: {'Max': np.float64(0.5782455291458071), 'Min': np.float64(0.0), 'Mean': np.float64(0.06236821756740287), 'Std': np.float64(0.04801594591988793)}
2024-11-17 07:14:17,868 - INFO - Top 10 Mean Stats: {'Max': np.float64(-0.16331054682182322), 'Min': np.float64(-0.3037247377400512), 'Mean': np.float64(-0.23480146688321418), 'Std': np.float64(0.04298095807980557)}
2024-11-17 07:14:17,868 - INFO - Top 10 Std Stats: {'Max': np.float64(0.45944304277965337), 'Min': np.float64(0.35076759172604466), 'Mean': np.float64(0.40317870952867196), 'Std': np.float64(0.03401728109053105)}
2024-11-17 07:14:17,868 - INFO - Bottom 10 Mean Stats: {'Max': np.float64(91.0), 'Min': np.float64(70.0), 'Mean': np.float64(79.2), 'Std': np.float64(7.0398863627192165)}
2024-11-17 07:14:17,869 - INFO - Bottom 10 Std Stats: {'Max': np.float64(0.0), 'Min': np.float64(0.0), 'Mean': np.float64(0.0), 'Std': np.float64(0.0)}
[I 2024-11-17 07:14:17,883] Trial 178 finished with value: 18.0 and parameters: {'x_0': -3, 'x_1': -2, 'x_2': -1, 'x_3': -2}. Best is trial 76 with value: 7.0.
2024-11-17 07:14:18,012 - INFO - Candidate Mean Stats: {'Max': np.float64(100.0), 'Min': np.float64(-0.24991566995804596), 'Mean': np.float64(0.630780541563148), 'Std': np.float64(6.221172207688461)}
2024-11-17 07:14:18,012 - INFO - Candidate Std Stats: {'Max': np.float64(0.5067049495999771), 'Min': np.float64(0.0), 'Mean': np.float64(0.059971365348982154), 'Std': np.float64(0.05032183084512142)}
2024-11-17 07:14:18,014 - INFO - Top 10 Mean Stats: {'Max': np.float64(-0.13221111840164612), 'Min': np.float64(-0.24991566995804596), 'Mean': np.float64(-0.19987134663743714), 'Std': np.float64(0.033980338538726465)}
2024-11-17 07:14:18,014 - INFO - Top 10 Std Stats: {'Max': np.float64(0.49865350325692476), 'Min': np.float64(0.33856240856135283), 'Mean': np.float64(0.41447416041479446), 'Std': np.float64(0.04587363580999164)}
2024-11-17 07:14:18,014 - INFO - Bottom 10 Mean Stats: {'Max': np.float64(100.0), 'Min': np.float64(91.0), 'Mean': np.float64(95.5), 'Std': np.float64(4.5)}
2024-11-17 07:14:18,014 - INFO - Bottom 10 Std Stats: {'Max': np.float64(0.0), 'Min': np.float64(0.0), 'Mean': np.float64(0.0), 'Std': np.float64(0.0)}
[I 2024-11-17 07:14:18,029] Trial 182 finished with value: 31.0 and parameters: {'x_0': 2, 'x_1': 3, 'x_2': -3, 'x_3': 3}. Best is trial 179 with value: 1.0.
2024-11-17 07:14:18,035 - INFO - Candidate Mean Stats: {'Max': np.float64(75.0), 'Min': np.float64(-0.2706127659106161), 'Mean': np.float64(0.43593414609314207), 'Std': np.float64(4.4702107119216645)}
2024-11-17 07:14:18,035 - INFO - Candidate Std Stats: {'Max': np.float64(0.4652825051070627), 'Min': np.float64(0.0), 'Mean': np.float64(0.06451174575971923), 'Std': np.float64(0.04430761785097407)}
2024-11-17 07:14:18,037 - INFO - Top 10 Mean Stats: {'Max': np.float64(-0.1647446838596595), 'Min': np.float64(-0.2706127659106161), 'Mean': np.float64(-0.20746744962230218), 'Std': np.float64(0.0349739039370184)}
2024-11-17 07:14:18,038 - INFO - Top 10 Std Stats: {'Max': np.float64(0.4652825051070627), 'Min': np.float64(0.3134158432104911), 'Mean': np.float64(0.37257122345428717), 'Std': np.float64(0.046911491783670434)}
2024-11-17 07:14:18,038 - INFO - Bottom 10 Mean Stats: {'Max': np.float64(75.0), 'Min': np.float64(66.0), 'Mean': np.float64(72.0), 'Std': np.float64(3.5496478698597698)}
2024-11-17 07:14:18,038 - INFO - Bottom 10 Std Stats: {'Max': np.float64(0.0), 'Min': np.float64(0.0), 'Mean': np.float64(0.0), 'Std': np.float64(0.0)}
[I 2024-11-17 07:14:18,053] Trial 173 finished with value: 16.0 and parameters: {'x_0': -2, 'x_1': -2, 'x_2': -2, 'x_3': 2}. Best is trial 141 with value: 2.0.
2024-11-17 07:14:18,147 - INFO - Candidate Mean Stats: {'Max': np.float64(91.0), 'Min': np.float64(-0.21462998359496552), 'Mean': np.float64(0.4833438530726258), 'Std': np.float64(4.832485934825526)}
2024-11-17 07:14:18,147 - INFO - Candidate Std Stats: {'Max': np.float64(0.48550836380459184), 'Min': np.float64(0.0), 'Mean': np.float64(0.06523454270991148), 'Std': np.float64(0.04476444984477527)}
2024-11-17 07:14:18,149 - INFO - Top 10 Mean Stats: {'Max': np.float64(-0.10586949266680504), 'Min': np.float64(-0.21462998359496552), 'Mean': np.float64(-0.16335020880640522), 'Std': np.float64(0.03619848962642315)}
2024-11-17 07:14:18,149 - INFO - Top 10 Std Stats: {'Max': np.float64(0.4165422080908438), 'Min': np.float64(0.2803063681870098), 'Mean': np.float64(0.33170912358914445), 'Std': np.float64(0.04508690903913756)}
2024-11-17 07:14:18,149 - INFO - Bottom 10 Mean Stats: {'Max': np.float64(91.0), 'Min': np.float64(70.0), 'Mean': np.float64(79.2), 'Std': np.float64(7.0398863627192165)}
2024-11-17 07:14:18,149 - INFO - Bottom 10 Std Stats: {'Max': np.float64(0.0), 'Min': np.float64(0.0), 'Mean': np.float64(0.0), 'Std': np.float64(0.0)}
[I 2024-11-17 07:14:18,166] Trial 179 finished with value: 47.0 and parameters: {'x_0': -2, 'x_1': -3, 'x_2': 3, 'x_3': 5}. Best is trial 76 with value: 7.0.
2024-11-17 07:14:18,255 - INFO - Candidate Mean Stats: {'Max': np.float64(100.0), 'Min': np.float64(-0.21131505587707639), 'Mean': np.float64(0.6350545441340192), 'Std': np.float64(6.226019117336032)}
2024-11-17 07:14:18,255 - INFO - Candidate Std Stats: {'Max': np.float64(0.44704512281666386), 'Min': np.float64(0.0), 'Mean': np.float64(0.048972134544439085), 'Std': np.float64(0.04473649306529733)}
2024-11-17 07:14:18,256 - INFO - Top 10 Mean Stats: {'Max': np.float64(-0.10050181440202459), 'Min': np.float64(-0.21131505587707639), 'Mean': np.float64(-0.16505331337279555), 'Std': np.float64(0.03057326157884128)}
2024-11-17 07:14:18,256 - INFO - Top 10 Std Stats: {'Max': np.float64(0.4008839840083103), 'Min': np.float64(0.2931953608215153), 'Mean': np.float64(0.336282014055707), 'Std': np.float64(0.035291912778479484)}
2024-11-17 07:14:18,257 - INFO - Bottom 10 Mean Stats: {'Max': np.float64(100.0), 'Min': np.float64(91.0), 'Mean': np.float64(95.5), 'Std': np.float64(4.5)}
2024-11-17 07:14:18,257 - INFO - Bottom 10 Std Stats: {'Max': np.float64(0.0), 'Min': np.float64(0.0), 'Mean': np.float64(0.0), 'Std': np.float64(0.0)}
