[I 2024-11-17 07:14:04,476] Trial 122 finished with value: 18.0 and parameters: {'x_0': 0, 'x_1': -1, 'x_2': -1, 'x_3': -4}. Best is trial 91 with value: 5.0.
2024-11-17 07:14:04,512 - INFO - Candidate Mean Stats: {'Max': np.float64(100.0), 'Min': np.float64(-0.64385435309007), 'Mean': np.float64(0.3859486031191646), 'Std': np.float64(4.537560166767631)}
2024-11-17 07:14:04,512 - INFO - Candidate Std Stats: {'Max': np.float64(0.7919142322336463), 'Min': np.float64(0.0), 'Mean': np.float64(0.05792185054377064), 'Std': np.float64(0.05147277946158406)}
2024-11-17 07:14:04,513 - INFO - Top 10 Mean Stats: {'Max': np.float64(-0.1128521235043238), 'Min': np.float64(-0.64385435309007), 'Mean': np.float64(-0.3277877239851182), 'Std': np.float64(0.1501533170514138)}
2024-11-17 07:14:04,513 - INFO - Top 10 Std Stats: {'Max': np.float64(0.7919142322336463), 'Min': np.float64(0.3688739076264253), 'Mean': np.float64(0.5176628138893047), 'Std': np.float64(0.1237775399348394)}
2024-11-17 07:14:04,513 - INFO - Bottom 10 Mean Stats: {'Max': np.float64(100.0), 'Min': np.float64(79.0), 'Mean': np.float64(87.1), 'Std': np.float64(7.673982017179869)}
2024-11-17 07:14:04,513 - INFO - Bottom 10 Std Stats: {'Max': np.float64(0.0), 'Min': np.float64(0.0), 'Mean': np.float64(0.0), 'Std': np.float64(0.0)}
[I 2024-11-17 07:14:04,527] Trial 128 finished with value: 84.0 and parameters: {'x_0': 5, 'x_1': -5, 'x_2': -5, 'x_3': 3}. Best is trial 84 with value: 10.0.
2024-11-17 07:14:04,652 - INFO - Candidate Mean Stats: {'Max': np.float64(84.0), 'Min': np.float64(-0.2802535503716669), 'Mean': np.float64(0.3433565672115619), 'Std': np.float64(4.03578273209783)}
2024-11-17 07:14:04,652 - INFO - Candidate Std Stats: {'Max': np.float64(0.5299248751765852), 'Min': np.float64(0.0), 'Mean': np.float64(0.06392798367123076), 'Std': np.float64(0.04895729915381305)}
2024-11-17 07:14:04,653 - INFO - Top 10 Mean Stats: {'Max': np.float64(-0.1254088048343324), 'Min': np.float64(-0.2802535503716669), 'Mean': np.float64(-0.18383151800920533), 'Std': np.float64(0.04356955206419576)}
2024-11-17 07:14:04,653 - INFO - Top 10 Std Stats: {'Max': np.float64(0.5299248751765852), 'Min': np.float64(0.3004681787152213), 'Mean': np.float64(0.3791325413378259), 'Std': np.float64(0.062403351990215024)}
2024-11-17 07:14:04,653 - INFO - Bottom 10 Mean Stats: {'Max': np.float64(84.0), 'Min': np.float64(66.0), 'Mean': np.float64(72.7), 'Std': np.float64(6.403905058634146)}
2024-11-17 07:14:04,653 - INFO - Bottom 10 Std Stats: {'Max': np.float64(0.0), 'Min': np.float64(0.0), 'Mean': np.float64(0.0), 'Std': np.float64(0.0)}
[I 2024-11-17 07:14:04,672] Trial 128 finished with value: 51.0 and parameters: {'x_0': -1, 'x_1': -4, 'x_2': 3, 'x_3': 5}. Best is trial 76 with value: 7.0.
2024-11-17 07:14:04,755 - INFO - Candidate Mean Stats: {'Max': np.float64(75.0), 'Min': np.float64(-0.2890591607912274), 'Mean': np.float64(0.30860408671216677), 'Std': np.float64(3.7235782452104593)}
2024-11-17 07:14:04,755 - INFO - Candidate Std Stats: {'Max': np.float64(0.5816723728457666), 'Min': np.float64(0.0), 'Mean': np.float64(0.062252313592611505), 'Std': np.float64(0.04755882711338883)}
2024-11-17 07:14:04,756 - INFO - Top 10 Mean Stats: {'Max': np.float64(-0.16899619067180074), 'Min': np.float64(-0.2890591607912274), 'Mean': np.float64(-0.21210864620370837), 'Std': np.float64(0.040553430106947806)}
2024-11-17 07:14:04,757 - INFO - Top 10 Std Stats: {'Max': np.float64(0.5816723728457666), 'Min': np.float64(0.2726874760777975), 'Mean': np.float64(0.3675058164950181), 'Std': np.float64(0.07916379097318238)}
2024-11-17 07:14:04,757 - INFO - Bottom 10 Mean Stats: {'Max': np.float64(75.0), 'Min': np.float64(60.0), 'Mean': np.float64(67.0), 'Std': np.float64(5.585696017507576)}
2024-11-17 07:14:04,757 - INFO - Bottom 10 Std Stats: {'Max': np.float64(0.0), 'Min': np.float64(0.0), 'Mean': np.float64(0.0), 'Std': np.float64(0.0)}
[I 2024-11-17 07:14:04,770] Trial 123 finished with value: 51.0 and parameters: {'x_0': 3, 'x_1': 4, 'x_2': 1, 'x_3': -5}. Best is trial 91 with value: 5.0.
2024-11-17 07:14:04,788 - INFO - Candidate Mean Stats: {'Max': np.float64(100.0), 'Min': np.float64(-0.3068521480421488), 'Mean': np.float64(0.39455971360300807), 'Std': np.float64(4.589627950755017)}
2024-11-17 07:14:04,789 - INFO - Candidate Std Stats: {'Max': np.float64(0.7419228895227231), 'Min': np.float64(0.0), 'Mean': np.float64(0.0538721672082711), 'Std': np.float64(0.05395196264848411)}
2024-11-17 07:14:04,790 - INFO - Top 10 Mean Stats: {'Max': np.float64(-0.04105612637077187), 'Min': np.float64(-0.3068521480421488), 'Mean': np.float64(-0.1667084507175409), 'Std': np.float64(0.07061355547249452)}
2024-11-17 07:14:04,790 - INFO - Top 10 Std Stats: {'Max': np.float64(0.6433650691792759), 'Min': np.float64(0.322665853692628), 'Mean': np.float64(0.47374193535730524), 'Std': np.float64(0.11234075466226466)}
2024-11-17 07:14:04,790 - INFO - Bottom 10 Mean Stats: {'Max': np.float64(100.0), 'Min': np.float64(79.0), 'Mean': np.float64(87.6), 'Std': np.float64(7.28285658241325)}
2024-11-17 07:14:04,790 - INFO - Bottom 10 Std Stats: {'Max': np.float64(0.0), 'Min': np.float64(0.0), 'Mean': np.float64(0.0), 'Std': np.float64(0.0)}
[I 2024-11-17 07:14:04,804] Trial 129 finished with value: 91.0 and parameters: {'x_0': 5, 'x_1': -5, 'x_2': -5, 'x_3': 4}. Best is trial 84 with value: 10.0.
2024-11-17 07:14:04,915 - INFO - Candidate Mean Stats: {'Max': np.float64(84.0), 'Min': np.float64(-0.3429793205026458), 'Mean': np.float64(0.34609112307000206), 'Std': np.float64(4.057508920075243)}
2024-11-17 07:14:04,915 - INFO - Candidate Std Stats: {'Max': np.float64(0.4189475390897067), 'Min': np.float64(0.0), 'Mean': np.float64(0.06630057101703503), 'Std': np.float64(0.0468382495416776)}
2024-11-17 07:14:04,917 - INFO - Top 10 Mean Stats: {'Max': np.float64(-0.16583264472021073), 'Min': np.float64(-0.3429793205026458), 'Mean': np.float64(-0.23284427371614558), 'Std': np.float64(0.06253387127488316)}
2024-11-17 07:14:04,917 - INFO - Top 10 Std Stats: {'Max': np.float64(0.4189475390897067), 'Min': np.float64(0.28885307684572475), 'Mean': np.float64(0.3549847084322209), 'Std': np.float64(0.039460355506346904)}
2024-11-17 07:14:04,917 - INFO - Bottom 10 Mean Stats: {'Max': np.float64(84.0), 'Min': np.float64(66.0), 'Mean': np.float64(72.7), 'Std': np.float64(6.403905058634146)}
2024-11-17 07:14:04,917 - INFO - Bottom 10 Std Stats: {'Max': np.float64(0.0), 'Min': np.float64(0.0), 'Mean': np.float64(0.0), 'Std': np.float64(0.0)}
[I 2024-11-17 07:14:04,934] Trial 129 finished with value: 44.0 and parameters: {'x_0': 5, 'x_1': -3, 'x_2': -3, 'x_3': -1}. Best is trial 76 with value: 7.0.
2024-11-17 07:14:04,983 - INFO - Candidate Mean Stats: {'Max': np.float64(100.0), 'Min': np.float64(-0.41027093427483424), 'Mean': np.float64(0.3998824773891655), 'Std': np.float64(4.650402551652164)}
2024-11-17 07:14:04,983 - INFO - Candidate Std Stats: {'Max': np.float64(0.6701864095896576), 'Min': np.float64(0.0), 'Mean': np.float64(0.054228316769281575), 'Std': np.float64(0.0515231240999436)}
2024-11-17 07:14:04,985 - INFO - Top 10 Mean Stats: {'Max': np.float64(-0.07198382512485156), 'Min': np.float64(-0.41027093427483424), 'Mean': np.float64(-0.21343161567760674), 'Std': np.float64(0.09311003810167334)}
2024-11-17 07:14:04,985 - INFO - Top 10 Std Stats: {'Max': np.float64(0.5959391974904487), 'Min': np.float64(0.3344595768329021), 'Mean': np.float64(0.45428463469380287), 'Std': np.float64(0.07838064980475826)}
2024-11-17 07:14:04,985 - INFO - Bottom 10 Mean Stats: {'Max': np.float64(100.0), 'Min': np.float64(79.0), 'Mean': np.float64(88.8), 'Std': np.float64(6.734983296193095)}
2024-11-17 07:14:04,985 - INFO - Bottom 10 Std Stats: {'Max': np.float64(0.0), 'Min': np.float64(0.0), 'Mean': np.float64(0.0), 'Std': np.float64(0.0)}
[I 2024-11-17 07:14:04,999] Trial 130 finished with value: 76.0 and parameters: {'x_0': 5, 'x_1': -5, 'x_2': -1, 'x_3': 5}. Best is trial 84 with value: 10.0.
2024-11-17 07:14:05,023 - INFO - Candidate Mean Stats: {'Max': np.float64(75.0), 'Min': np.float64(-0.2367197400834395), 'Mean': np.float64(0.312009020850662), 'Std': np.float64(3.7470876026768147)}
2024-11-17 07:14:05,023 - INFO - Candidate Std Stats: {'Max': np.float64(0.5208200708630422), 'Min': np.float64(0.0), 'Mean': np.float64(0.06757809438759495), 'Std': np.float64(0.045467896542291206)}
2024-11-17 07:14:05,024 - INFO - Top 10 Mean Stats: {'Max': np.float64(-0.1371914059999753), 'Min': np.float64(-0.2367197400834395), 'Mean': np.float64(-0.1824998011106494), 'Std': np.float64(0.02971956680829049)}
2024-11-17 07:14:05,024 - INFO - Top 10 Std Stats: {'Max': np.float64(0.5208200708630422), 'Min': np.float64(0.29613602083943663), 'Mean': np.float64(0.3734552815441239), 'Std': np.float64(0.06559700718326406)}
2024-11-17 07:14:05,024 - INFO - Bottom 10 Mean Stats: {'Max': np.float64(75.0), 'Min': np.float64(60.0), 'Mean': np.float64(67.0), 'Std': np.float64(5.585696017507576)}
2024-11-17 07:14:05,024 - INFO - Bottom 10 Std Stats: {'Max': np.float64(0.0), 'Min': np.float64(0.0), 'Mean': np.float64(0.0), 'Std': np.float64(0.0)}
[I 2024-11-17 07:14:05,038] Trial 124 finished with value: 46.0 and parameters: {'x_0': -1, 'x_1': -4, 'x_2': -5, 'x_3': 2}. Best is trial 91 with value: 5.0.
2024-11-17 07:14:05,195 - INFO - Candidate Mean Stats: {'Max': np.float64(84.0), 'Min': np.float64(-0.2748864751880871), 'Mean': np.float64(0.3515658172135363), 'Std': np.float64(4.073277935301512)}
2024-11-17 07:14:05,195 - INFO - Candidate Std Stats: {'Max': np.float64(0.5391934496094398), 'Min': np.float64(0.0), 'Mean': np.float64(0.0619877851687561), 'Std': np.float64(0.047527887863715666)}
2024-11-17 07:14:05,197 - INFO - Top 10 Mean Stats: {'Max': np.float64(-0.1442953089974821), 'Min': np.float64(-0.2748864751880871), 'Mean': np.float64(-0.1810932060793859), 'Std': np.float64(0.03713349500229722)}
2024-11-17 07:14:05,197 - INFO - Top 10 Std Stats: {'Max': np.float64(0.5391934496094398), 'Min': np.float64(0.3063581649518697), 'Mean': np.float64(0.3885750617833278), 'Std': np.float64(0.06846787678760234)}
2024-11-17 07:14:05,197 - INFO - Bottom 10 Mean Stats: {'Max': np.float64(84.0), 'Min': np.float64(66.0), 'Mean': np.float64(72.7), 'Std': np.float64(6.403905058634146)}
2024-11-17 07:14:05,197 - INFO - Bottom 10 Std Stats: {'Max': np.float64(0.0), 'Min': np.float64(0.0), 'Mean': np.float64(0.0), 'Std': np.float64(0.0)}
2024-11-17 07:14:05,201 - INFO - Candidate Mean Stats: {'Max': np.float64(100.0), 'Min': np.float64(-0.4165969136470631), 'Mean': np.float64(0.4046776684396039), 'Std': np.float64(4.692185621952656)}
2024-11-17 07:14:05,201 - INFO - Candidate Std Stats: {'Max': np.float64(0.7071377101547568), 'Min': np.float64(0.0), 'Mean': np.float64(0.05400186371576327), 'Std': np.float64(0.04974854391567983)}
2024-11-17 07:14:05,202 - INFO - Top 10 Mean Stats: {'Max': np.float64(0.060899458297780096), 'Min': np.float64(-0.4165969136470631), 'Mean': np.float64(-0.1646191639197972), 'Std': np.float64(0.11572321176480244)}
2024-11-17 07:14:05,203 - INFO - Top 10 Std Stats: {'Max': np.float64(0.6845640673018173), 'Min': np.float64(0.37805769105032855), 'Mean': np.float64(0.46983550072521857), 'Std': np.float64(0.09363258022939007)}
2024-11-17 07:14:05,203 - INFO - Bottom 10 Mean Stats: {'Max': np.float64(100.0), 'Min': np.float64(79.0), 'Mean': np.float64(88.8), 'Std': np.float64(6.734983296193095)}
2024-11-17 07:14:05,203 - INFO - Bottom 10 Std Stats: {'Max': np.float64(0.0), 'Min': np.float64(0.0), 'Mean': np.float64(0.0), 'Std': np.float64(0.0)}
[I 2024-11-17 07:14:05,211] Trial 130 finished with value: 73.0 and parameters: {'x_0': -5, 'x_1': -4, 'x_2': -4, 'x_3': 4}. Best is trial 76 with value: 7.0.
[I 2024-11-17 07:14:05,216] Trial 131 finished with value: 79.0 and parameters: {'x_0': 5, 'x_1': -2, 'x_2': -5, 'x_3': 5}. Best is trial 84 with value: 10.0.
2024-11-17 07:14:05,282 - INFO - Candidate Mean Stats: {'Max': np.float64(75.0), 'Min': np.float64(-0.3462957004048673), 'Mean': np.float64(0.31544434237292723), 'Std': np.float64(3.766033789928132)}
2024-11-17 07:14:05,282 - INFO - Candidate Std Stats: {'Max': np.float64(0.6531303328750591), 'Min': np.float64(0.0), 'Mean': np.float64(0.06367186403154618), 'Std': np.float64(0.04846391052430533)}
2024-11-17 07:14:05,284 - INFO - Top 10 Mean Stats: {'Max': np.float64(-0.16518251874218032), 'Min': np.float64(-0.3462957004048673), 'Mean': np.float64(-0.21586719472533594), 'Std': np.float64(0.054259590802397145)}
2024-11-17 07:14:05,284 - INFO - Top 10 Std Stats: {'Max': np.float64(0.6531303328750591), 'Min': np.float64(0.3356393392281902), 'Mean': np.float64(0.4064305874321999), 'Std': np.float64(0.08496951263265932)}
2024-11-17 07:14:05,284 - INFO - Bottom 10 Mean Stats: {'Max': np.float64(75.0), 'Min': np.float64(60.0), 'Mean': np.float64(67.0), 'Std': np.float64(5.585696017507576)}
2024-11-17 07:14:05,284 - INFO - Bottom 10 Std Stats: {'Max': np.float64(0.0), 'Min': np.float64(0.0), 'Mean': np.float64(0.0), 'Std': np.float64(0.0)}
[I 2024-11-17 07:14:05,298] Trial 125 finished with value: 9.0 and parameters: {'x_0': -2, 'x_1': 2, 'x_2': -1, 'x_3': 0}. Best is trial 91 with value: 5.0.
2024-11-17 07:14:05,452 - INFO - Candidate Mean Stats: {'Max': np.float64(100.0), 'Min': np.float64(-0.32957099582863714), 'Mean': np.float64(0.4084795733934337), 'Std': np.float64(4.737057691282309)}
2024-11-17 07:14:05,452 - INFO - Candidate Std Stats: {'Max': np.float64(0.7269855387864166), 'Min': np.float64(0.0), 'Mean': np.float64(0.055710228568076794), 'Std': np.float64(0.051072345212049744)}
2024-11-17 07:14:05,453 - INFO - Top 10 Mean Stats: {'Max': np.float64(0.10668180957444155), 'Min': np.float64(-0.32957099582863714), 'Mean': np.float64(-0.15709630114165402), 'Std': np.float64(0.10828955678821506)}
2024-11-17 07:14:05,453 - INFO - Top 10 Std Stats: {'Max': np.float64(0.7269855387864166), 'Min': np.float64(0.39130251513810077), 'Mean': np.float64(0.4964034137702723), 'Std': np.float64(0.10378024041292196)}
2024-11-17 07:14:05,453 - INFO - Bottom 10 Mean Stats: {'Max': np.float64(100.0), 'Min': np.float64(79.0), 'Mean': np.float64(88.8), 'Std': np.float64(6.734983296193095)}
2024-11-17 07:14:05,453 - INFO - Bottom 10 Std Stats: {'Max': np.float64(0.0), 'Min': np.float64(0.0), 'Mean': np.float64(0.0), 'Std': np.float64(0.0)}
2024-11-17 07:14:05,455 - INFO - Candidate Mean Stats: {'Max': np.float64(84.0), 'Min': np.float64(-0.2466858578248287), 'Mean': np.float64(0.3547316144376678), 'Std': np.float64(4.1174530821253805)}
2024-11-17 07:14:05,455 - INFO - Candidate Std Stats: {'Max': np.float64(0.5126854386711573), 'Min': np.float64(0.0), 'Mean': np.float64(0.06422705760978926), 'Std': np.float64(0.04659342154277011)}
2024-11-17 07:14:05,456 - INFO - Top 10 Mean Stats: {'Max': np.float64(-0.1454080339755556), 'Min': np.float64(-0.2466858578248287), 'Mean': np.float64(-0.20829351456774323), 'Std': np.float64(0.030818844798591337)}
2024-11-17 07:14:05,456 - INFO - Top 10 Std Stats: {'Max': np.float64(0.5126854386711573), 'Min': np.float64(0.3011231269635851), 'Mean': np.float64(0.37669674461973535), 'Std': np.float64(0.05589668919566206)}
2024-11-17 07:14:05,456 - INFO - Bottom 10 Mean Stats: {'Max': np.float64(84.0), 'Min': np.float64(66.0), 'Mean': np.float64(73.4), 'Std': np.float64(6.003332407921454)}
2024-11-17 07:14:05,456 - INFO - Bottom 10 Std Stats: {'Max': np.float64(0.0), 'Min': np.float64(0.0), 'Mean': np.float64(0.0), 'Std': np.float64(0.0)}
[I 2024-11-17 07:14:05,468] Trial 132 finished with value: 79.0 and parameters: {'x_0': 5, 'x_1': 2, 'x_2': -5, 'x_3': 5}. Best is trial 84 with value: 10.0.
[I 2024-11-17 07:14:05,470] Trial 131 finished with value: 52.0 and parameters: {'x_0': -5, 'x_1': -5, 'x_2': -1, 'x_3': 1}. Best is trial 76 with value: 7.0.
2024-11-17 07:14:05,507 - INFO - Candidate Mean Stats: {'Max': np.float64(75.0), 'Min': np.float64(-0.3328356481402931), 'Mean': np.float64(0.31627100248010576), 'Std': np.float64(3.766699825505594)}
2024-11-17 07:14:05,508 - INFO - Candidate Std Stats: {'Max': np.float64(0.5367489813772625), 'Min': np.float64(0.0), 'Mean': np.float64(0.06316337452460961), 'Std': np.float64(0.04916723947389198)}
2024-11-17 07:14:05,509 - INFO - Top 10 Mean Stats: {'Max': np.float64(-0.16400146642748165), 'Min': np.float64(-0.3328356481402931), 'Mean': np.float64(-0.21888320711536952), 'Std': np.float64(0.04677398430313364)}
2024-11-17 07:14:05,509 - INFO - Top 10 Std Stats: {'Max': np.float64(0.5028611865134235), 'Min': np.float64(0.3536772876784277), 'Mean': np.float64(0.42532515876299193), 'Std': np.float64(0.050215298578730076)}
2024-11-17 07:14:05,509 - INFO - Bottom 10 Mean Stats: {'Max': np.float64(75.0), 'Min': np.float64(60.0), 'Mean': np.float64(67.0), 'Std': np.float64(5.585696017507576)}
2024-11-17 07:14:05,509 - INFO - Bottom 10 Std Stats: {'Max': np.float64(0.0), 'Min': np.float64(0.0), 'Mean': np.float64(0.0), 'Std': np.float64(0.0)}
[I 2024-11-17 07:14:05,527] Trial 126 finished with value: 21.0 and parameters: {'x_0': -2, 'x_1': 0, 'x_2': 1, 'x_3': 4}. Best is trial 91 with value: 5.0.
2024-11-17 07:14:05,682 - INFO - Candidate Mean Stats: {'Max': np.float64(84.0), 'Min': np.float64(-0.24536679562698333), 'Mean': np.float64(0.3573926048048373), 'Std': np.float64(4.139588155651693)}
2024-11-17 07:14:05,682 - INFO - Candidate Std Stats: {'Max': np.float64(0.5373934344325935), 'Min': np.float64(0.0), 'Mean': np.float64(0.06104375174132406), 'Std': np.float64(0.05116163246105217)}
2024-11-17 07:14:05,683 - INFO - Top 10 Mean Stats: {'Max': np.float64(-0.13275557620058392), 'Min': np.float64(-0.24536679562698333), 'Mean': np.float64(-0.21169554224216905), 'Std': np.float64(0.03135938973388642)}
2024-11-17 07:14:05,683 - INFO - Top 10 Std Stats: {'Max': np.float64(0.4429949808750188), 'Min': np.float64(0.31150232544429113), 'Mean': np.float64(0.3837580797050252), 'Std': np.float64(0.04053620060176361)}
2024-11-17 07:14:05,684 - INFO - Bottom 10 Mean Stats: {'Max': np.float64(84.0), 'Min': np.float64(66.0), 'Mean': np.float64(73.4), 'Std': np.float64(6.003332407921454)}
2024-11-17 07:14:05,684 - INFO - Bottom 10 Std Stats: {'Max': np.float64(0.0), 'Min': np.float64(0.0), 'Mean': np.float64(0.0), 'Std': np.float64(0.0)}
[I 2024-11-17 07:14:05,700] Trial 132 finished with value: 25.0 and parameters: {'x_0': -4, 'x_1': -1, 'x_2': 2, 'x_3': -2}. Best is trial 76 with value: 7.0.
2024-11-17 07:14:05,701 - INFO - Candidate Mean Stats: {'Max': np.float64(100.0), 'Min': np.float64(-0.2683208429875161), 'Mean': np.float64(0.41648018636213685), 'Std': np.float64(4.78115974745417)}
2024-11-17 07:14:05,701 - INFO - Candidate Std Stats: {'Max': np.float64(0.8576511915392577), 'Min': np.float64(0.0), 'Mean': np.float64(0.056248259247882126), 'Std': np.float64(0.052122924072755726)}
2024-11-17 07:14:05,702 - INFO - Top 10 Mean Stats: {'Max': np.float64(0.038014687099731215), 'Min': np.float64(-0.2683208429875161), 'Mean': np.float64(-0.13404661593168551), 'Std': np.float64(0.09463465539561543)}
2024-11-17 07:14:05,702 - INFO - Top 10 Std Stats: {'Max': np.float64(0.8576511915392577), 'Min': np.float64(0.30000711616619424), 'Mean': np.float64(0.49825161288742625), 'Std': np.float64(0.15245024704983412)}
2024-11-17 07:14:05,702 - INFO - Bottom 10 Mean Stats: {'Max': np.float64(100.0), 'Min': np.float64(79.0), 'Mean': np.float64(88.8), 'Std': np.float64(6.734983296193095)}
2024-11-17 07:14:05,702 - INFO - Bottom 10 Std Stats: {'Max': np.float64(0.0), 'Min': np.float64(0.0), 'Mean': np.float64(0.0), 'Std': np.float64(0.0)}
[I 2024-11-17 07:14:05,715] Trial 133 finished with value: 84.0 and parameters: {'x_0': -3, 'x_1': -5, 'x_2': -5, 'x_3': 5}. Best is trial 84 with value: 10.0.
2024-11-17 07:14:05,766 - INFO - Candidate Mean Stats: {'Max': np.float64(75.0), 'Min': np.float64(-0.23212990937432942), 'Mean': np.float64(0.31797311848510834), 'Std': np.float64(3.770552942319928)}
2024-11-17 07:14:05,766 - INFO - Candidate Std Stats: {'Max': np.float64(0.46468435486343784), 'Min': np.float64(0.0), 'Mean': np.float64(0.06386099516904027), 'Std': np.float64(0.047181212722781404)}
2024-11-17 07:14:05,768 - INFO - Top 10 Mean Stats: {'Max': np.float64(-0.1426030165012368), 'Min': np.float64(-0.23212990937432942), 'Mean': np.float64(-0.1896948832716389), 'Std': np.float64(0.02309756127565089)}
2024-11-17 07:14:05,768 - INFO - Top 10 Std Stats: {'Max': np.float64(0.46468435486343784), 'Min': np.float64(0.3221626087319531), 'Mean': np.float64(0.3715159529541209), 'Std': np.float64(0.04658080255891225)}
2024-11-17 07:14:05,768 - INFO - Bottom 10 Mean Stats: {'Max': np.float64(75.0), 'Min': np.float64(60.0), 'Mean': np.float64(67.0), 'Std': np.float64(5.585696017507576)}
2024-11-17 07:14:05,768 - INFO - Bottom 10 Std Stats: {'Max': np.float64(0.0), 'Min': np.float64(0.0), 'Mean': np.float64(0.0), 'Std': np.float64(0.0)}
