[I 2024-11-17 07:14:56,369] Trial 320 finished with value: 15.0 and parameters: {'x_0': -1, 'x_1': -2, 'x_2': -3, 'x_3': -1}. Best is trial 290 with value: 2.0.
[I 2024-11-17 07:14:56,371] Trial 305 finished with value: 51.0 and parameters: {'x_0': 4, 'x_1': 1, 'x_2': 3, 'x_3': -5}. Best is trial 288 with value: 1.0.
2024-11-17 07:14:56,536 - INFO - Candidate Mean Stats: {'Max': np.float64(100.0), 'Min': np.float64(-0.6727779198163055), 'Mean': np.float64(0.9223684769916383), 'Std': np.float64(7.075048839037044)}
2024-11-17 07:14:56,536 - INFO - Candidate Std Stats: {'Max': np.float64(0.5906150467806996), 'Min': np.float64(0.0), 'Mean': np.float64(0.03462920566035635), 'Std': np.float64(0.045033281155489845)}
2024-11-17 07:14:56,537 - INFO - Top 10 Mean Stats: {'Max': np.float64(-0.2517558731481808), 'Min': np.float64(-0.6727779198163055), 'Mean': np.float64(-0.48708125330968627), 'Std': np.float64(0.14989793048323574)}
2024-11-17 07:14:56,537 - INFO - Top 10 Std Stats: {'Max': np.float64(0.5612649837995402), 'Min': np.float64(0.10031173246150912), 'Mean': np.float64(0.2664396103092877), 'Std': np.float64(0.14993478297692206)}
2024-11-17 07:14:56,537 - INFO - Bottom 10 Mean Stats: {'Max': np.float64(100.0), 'Min': np.float64(84.0), 'Mean': np.float64(93.0), 'Std': np.float64(5.019960159204453)}
2024-11-17 07:14:56,537 - INFO - Bottom 10 Std Stats: {'Max': np.float64(0.0), 'Min': np.float64(0.0), 'Mean': np.float64(0.0), 'Std': np.float64(0.0)}
2024-11-17 07:14:56,551 - INFO - Candidate Mean Stats: {'Max': np.float64(100.0), 'Min': np.float64(-0.29290885104176523), 'Mean': np.float64(1.0692916008140698), 'Std': np.float64(7.812334193559456)}
2024-11-17 07:14:56,551 - INFO - Candidate Std Stats: {'Max': np.float64(0.4814792991129361), 'Min': np.float64(0.0), 'Mean': np.float64(0.04771441556642828), 'Std': np.float64(0.040626596941598404)}
[I 2024-11-17 07:14:56,553] Trial 321 finished with value: 4.0 and parameters: {'x_0': -1, 'x_1': -1, 'x_2': 1, 'x_3': -1}. Best is trial 290 with value: 2.0.
2024-11-17 07:14:56,553 - INFO - Top 10 Mean Stats: {'Max': np.float64(-0.13020670628193434), 'Min': np.float64(-0.29290885104176523), 'Mean': np.float64(-0.1928052976341586), 'Std': np.float64(0.04325695736118274)}
2024-11-17 07:14:56,553 - INFO - Top 10 Std Stats: {'Max': np.float64(0.4814792991129361), 'Min': np.float64(0.30656287247854114), 'Mean': np.float64(0.37692179308924534), 'Std': np.float64(0.046453294920303735)}
2024-11-17 07:14:56,553 - INFO - Bottom 10 Mean Stats: {'Max': np.float64(100.0), 'Min': np.float64(91.0), 'Mean': np.float64(95.5), 'Std': np.float64(4.5)}
2024-11-17 07:14:56,553 - INFO - Bottom 10 Std Stats: {'Max': np.float64(0.0), 'Min': np.float64(0.0), 'Mean': np.float64(0.0), 'Std': np.float64(0.0)}
[I 2024-11-17 07:14:56,568] Trial 327 finished with value: 26.0 and parameters: {'x_0': 4, 'x_1': 0, 'x_2': -3, 'x_3': -1}. Best is trial 179 with value: 1.0.
2024-11-17 07:14:56,640 - INFO - Candidate Mean Stats: {'Max': np.float64(91.0), 'Min': np.float64(-0.39902048917296695), 'Mean': np.float64(0.6880885405517705), 'Std': np.float64(5.60919215053988)}
2024-11-17 07:14:56,640 - INFO - Candidate Std Stats: {'Max': np.float64(0.46626232555094105), 'Min': np.float64(0.0), 'Mean': np.float64(0.04726707760433172), 'Std': np.float64(0.045103751865234104)}
2024-11-17 07:14:56,642 - INFO - Top 10 Mean Stats: {'Max': np.float64(-0.1553106197595445), 'Min': np.float64(-0.39902048917296695), 'Mean': np.float64(-0.267166409723466), 'Std': np.float64(0.0800856682822061)}
2024-11-17 07:14:56,642 - INFO - Top 10 Std Stats: {'Max': np.float64(0.46626232555094105), 'Min': np.float64(0.21718135965236432), 'Mean': np.float64(0.36637078683801994), 'Std': np.float64(0.09144269906145815)}
2024-11-17 07:14:56,642 - INFO - Bottom 10 Mean Stats: {'Max': np.float64(91.0), 'Min': np.float64(73.0), 'Mean': np.float64(76.9), 'Std': np.float64(5.262128846769148)}
2024-11-17 07:14:56,642 - INFO - Bottom 10 Std Stats: {'Max': np.float64(0.0), 'Min': np.float64(0.0), 'Mean': np.float64(0.0), 'Std': np.float64(0.0)}
[I 2024-11-17 07:14:56,659] Trial 306 finished with value: 26.0 and parameters: {'x_0': -1, 'x_1': 5, 'x_2': 0, 'x_3': 0}. Best is trial 288 with value: 1.0.
2024-11-17 07:14:56,710 - INFO - Candidate Mean Stats: {'Max': np.float64(100.0), 'Min': np.float64(-0.43241948772015365), 'Mean': np.float64(0.9309389126705967), 'Std': np.float64(7.074020296721958)}
2024-11-17 07:14:56,710 - INFO - Candidate Std Stats: {'Max': np.float64(0.4434469446606069), 'Min': np.float64(0.0), 'Mean': np.float64(0.037645129395399844), 'Std': np.float64(0.04257562547281762)}
2024-11-17 07:14:56,712 - INFO - Top 10 Mean Stats: {'Max': np.float64(-0.20312968003594545), 'Min': np.float64(-0.43241948772015365), 'Mean': np.float64(-0.33382750872632955), 'Std': np.float64(0.07059392836727482)}
2024-11-17 07:14:56,712 - INFO - Top 10 Std Stats: {'Max': np.float64(0.4434469446606069), 'Min': np.float64(0.26818179010225796), 'Mean': np.float64(0.3398804389730073), 'Std': np.float64(0.049588917434413175)}
2024-11-17 07:14:56,712 - INFO - Bottom 10 Mean Stats: {'Max': np.float64(100.0), 'Min': np.float64(84.0), 'Mean': np.float64(93.0), 'Std': np.float64(5.019960159204453)}
2024-11-17 07:14:56,712 - INFO - Bottom 10 Std Stats: {'Max': np.float64(0.0), 'Min': np.float64(0.0), 'Mean': np.float64(0.0), 'Std': np.float64(0.0)}
[I 2024-11-17 07:14:56,729] Trial 322 finished with value: 7.0 and parameters: {'x_0': -1, 'x_1': -2, 'x_2': -1, 'x_3': 1}. Best is trial 290 with value: 2.0.
2024-11-17 07:14:56,821 - INFO - Candidate Mean Stats: {'Max': np.float64(100.0), 'Min': np.float64(-0.22865222913264077), 'Mean': np.float64(1.0690300571058546), 'Std': np.float64(7.815295808646289)}
2024-11-17 07:14:56,821 - INFO - Candidate Std Stats: {'Max': np.float64(0.4289695762966536), 'Min': np.float64(0.0), 'Mean': np.float64(0.048544096649176), 'Std': np.float64(0.03996973974919507)}
2024-11-17 07:14:56,823 - INFO - Top 10 Mean Stats: {'Max': np.float64(-0.1262957888562131), 'Min': np.float64(-0.22865222913264077), 'Mean': np.float64(-0.15898593286304602), 'Std': np.float64(0.030771533223081942)}
2024-11-17 07:14:56,823 - INFO - Top 10 Std Stats: {'Max': np.float64(0.4289695762966536), 'Min': np.float64(0.25952160874705854), 'Mean': np.float64(0.3042586449462176), 'Std': np.float64(0.05318381305010067)}
2024-11-17 07:14:56,823 - INFO - Bottom 10 Mean Stats: {'Max': np.float64(100.0), 'Min': np.float64(91.0), 'Mean': np.float64(95.5), 'Std': np.float64(4.5)}
2024-11-17 07:14:56,823 - INFO - Bottom 10 Std Stats: {'Max': np.float64(0.0), 'Min': np.float64(0.0), 'Mean': np.float64(0.0), 'Std': np.float64(0.0)}
[I 2024-11-17 07:14:56,840] Trial 328 finished with value: 25.0 and parameters: {'x_0': -4, 'x_1': -1, 'x_2': -2, 'x_3': 2}. Best is trial 179 with value: 1.0.
2024-11-17 07:14:56,873 - INFO - Candidate Mean Stats: {'Max': np.float64(91.0), 'Min': np.float64(-0.3710310637473035), 'Mean': np.float64(0.6896424688776949), 'Std': np.float64(5.6131411857661195)}
2024-11-17 07:14:56,874 - INFO - Candidate Std Stats: {'Max': np.float64(0.5517255086669655), 'Min': np.float64(0.0), 'Mean': np.float64(0.053459236643884855), 'Std': np.float64(0.04849878178367511)}
2024-11-17 07:14:56,875 - INFO - Top 10 Mean Stats: {'Max': np.float64(-0.08695202633356378), 'Min': np.float64(-0.3710310637473035), 'Mean': np.float64(-0.24355355545210253), 'Std': np.float64(0.0945628950627251)}
2024-11-17 07:14:56,875 - INFO - Top 10 Std Stats: {'Max': np.float64(0.5517255086669655), 'Min': np.float64(0.21239017479285402), 'Mean': np.float64(0.36865794440682076), 'Std': np.float64(0.09878157760157195)}
2024-11-17 07:14:56,875 - INFO - Bottom 10 Mean Stats: {'Max': np.float64(91.0), 'Min': np.float64(73.0), 'Mean': np.float64(76.9), 'Std': np.float64(5.262128846769148)}
2024-11-17 07:14:56,875 - INFO - Bottom 10 Std Stats: {'Max': np.float64(0.0), 'Min': np.float64(0.0), 'Mean': np.float64(0.0), 'Std': np.float64(0.0)}
[I 2024-11-17 07:14:56,892] Trial 307 finished with value: 11.0 and parameters: {'x_0': 3, 'x_1': -1, 'x_2': 1, 'x_3': 0}. Best is trial 288 with value: 1.0.
2024-11-17 07:14:56,904 - INFO - Candidate Mean Stats: {'Max': np.float64(100.0), 'Min': np.float64(-0.5793754170515684), 'Mean': np.float64(0.9279813293129567), 'Std': np.float64(7.07464152370742)}
2024-11-17 07:14:56,904 - INFO - Candidate Std Stats: {'Max': np.float64(0.5363299096382893), 'Min': np.float64(0.0), 'Mean': np.float64(0.032037809911881134), 'Std': np.float64(0.044180533745860506)}
2024-11-17 07:14:56,906 - INFO - Top 10 Mean Stats: {'Max': np.float64(-0.36328625333355025), 'Min': np.float64(-0.5793754170515684), 'Mean': np.float64(-0.5075535986584276), 'Std': np.float64(0.06673593433441447)}
2024-11-17 07:14:56,906 - INFO - Top 10 Std Stats: {'Max': np.float64(0.42386864648000155), 'Min': np.float64(0.22794023804049346), 'Mean': np.float64(0.2949911791674539), 'Std': np.float64(0.05183322797979947)}
2024-11-17 07:14:56,906 - INFO - Bottom 10 Mean Stats: {'Max': np.float64(100.0), 'Min': np.float64(84.0), 'Mean': np.float64(93.0), 'Std': np.float64(5.019960159204453)}
2024-11-17 07:14:56,906 - INFO - Bottom 10 Std Stats: {'Max': np.float64(0.0), 'Min': np.float64(0.0), 'Mean': np.float64(0.0), 'Std': np.float64(0.0)}
[I 2024-11-17 07:14:56,921] Trial 323 finished with value: 11.0 and parameters: {'x_0': -1, 'x_1': -1, 'x_2': -3, 'x_3': 0}. Best is trial 290 with value: 2.0.
2024-11-17 07:14:57,105 - INFO - Candidate Mean Stats: {'Max': np.float64(100.0), 'Min': np.float64(-0.1922510912412259), 'Mean': np.float64(1.0748730899733039), 'Std': np.float64(7.817256110242851)}
2024-11-17 07:14:57,105 - INFO - Candidate Std Stats: {'Max': np.float64(0.40631101822647747), 'Min': np.float64(0.0), 'Mean': np.float64(0.04737626527772164), 'Std': np.float64(0.041749785922870375)}
2024-11-17 07:14:57,107 - INFO - Top 10 Mean Stats: {'Max': np.float64(-0.04301630104200044), 'Min': np.float64(-0.1922510912412259), 'Mean': np.float64(-0.12138801408341708), 'Std': np.float64(0.04177217421928496)}
2024-11-17 07:14:57,107 - INFO - Top 10 Std Stats: {'Max': np.float64(0.40631101822647747), 'Min': np.float64(0.2508641059714384), 'Mean': np.float64(0.320744993216783), 'Std': np.float64(0.045972102747334855)}
2024-11-17 07:14:57,107 - INFO - Bottom 10 Mean Stats: {'Max': np.float64(100.0), 'Min': np.float64(91.0), 'Mean': np.float64(95.5), 'Std': np.float64(4.5)}
2024-11-17 07:14:57,107 - INFO - Bottom 10 Std Stats: {'Max': np.float64(0.0), 'Min': np.float64(0.0), 'Mean': np.float64(0.0), 'Std': np.float64(0.0)}
[I 2024-11-17 07:14:57,125] Trial 329 finished with value: 39.0 and parameters: {'x_0': -3, 'x_1': -5, 'x_2': -2, 'x_3': -1}. Best is trial 179 with value: 1.0.
2024-11-17 07:14:57,163 - INFO - Candidate Mean Stats: {'Max': np.float64(91.0), 'Min': np.float64(-0.5386995340026193), 'Mean': np.float64(0.6904289218437007), 'Std': np.float64(5.613777215390615)}
2024-11-17 07:14:57,163 - INFO - Candidate Std Stats: {'Max': np.float64(0.5103749909358364), 'Min': np.float64(0.0), 'Mean': np.float64(0.04743317986241693), 'Std': np.float64(0.0462781184721486)}
2024-11-17 07:14:57,164 - INFO - Top 10 Mean Stats: {'Max': np.float64(-0.18372354015960504), 'Min': np.float64(-0.5386995340026193), 'Mean': np.float64(-0.39372061106003275), 'Std': np.float64(0.13580820742471586)}
2024-11-17 07:14:57,164 - INFO - Top 10 Std Stats: {'Max': np.float64(0.4439915857856875), 'Min': np.float64(0.11084564706518303), 'Mean': np.float64(0.22825168348194252), 'Std': np.float64(0.1294288461283508)}
2024-11-17 07:14:57,165 - INFO - Bottom 10 Mean Stats: {'Max': np.float64(91.0), 'Min': np.float64(73.0), 'Mean': np.float64(76.9), 'Std': np.float64(5.262128846769148)}
2024-11-17 07:14:57,165 - INFO - Bottom 10 Std Stats: {'Max': np.float64(0.0), 'Min': np.float64(0.0), 'Mean': np.float64(0.0), 'Std': np.float64(0.0)}
2024-11-17 07:14:57,170 - INFO - Candidate Mean Stats: {'Max': np.float64(100.0), 'Min': np.float64(-0.6123719662344986), 'Mean': np.float64(0.9257852394456725), 'Std': np.float64(7.075493764586016)}
2024-11-17 07:14:57,170 - INFO - Candidate Std Stats: {'Max': np.float64(0.6087195292118972), 'Min': np.float64(0.0), 'Mean': np.float64(0.0388920136540942), 'Std': np.float64(0.04611903123580797)}
2024-11-17 07:14:57,172 - INFO - Top 10 Mean Stats: {'Max': np.float64(-0.08892560861738266), 'Min': np.float64(-0.6123719662344986), 'Mean': np.float64(-0.43763798025337514), 'Std': np.float64(0.14424024396280122)}
2024-11-17 07:14:57,172 - INFO - Top 10 Std Stats: {'Max': np.float64(0.6087195292118972), 'Min': np.float64(0.25531500911428845), 'Mean': np.float64(0.3494681311688129), 'Std': np.float64(0.09443791117242376)}
2024-11-17 07:14:57,172 - INFO - Bottom 10 Mean Stats: {'Max': np.float64(100.0), 'Min': np.float64(84.0), 'Mean': np.float64(93.0), 'Std': np.float64(5.019960159204453)}
2024-11-17 07:14:57,172 - INFO - Bottom 10 Std Stats: {'Max': np.float64(0.0), 'Min': np.float64(0.0), 'Mean': np.float64(0.0), 'Std': np.float64(0.0)}
[I 2024-11-17 07:14:57,184] Trial 308 finished with value: 14.0 and parameters: {'x_0': 3, 'x_1': 2, 'x_2': 1, 'x_3': 0}. Best is trial 288 with value: 1.0.
[I 2024-11-17 07:14:57,188] Trial 324 finished with value: 12.0 and parameters: {'x_0': -1, 'x_1': -1, 'x_2': -3, 'x_3': -1}. Best is trial 290 with value: 2.0.
2024-11-17 07:14:57,350 - INFO - Candidate Mean Stats: {'Max': np.float64(100.0), 'Min': np.float64(-0.2506137654618466), 'Mean': np.float64(1.0671586291830817), 'Std': np.float64(7.824904768516498)}
2024-11-17 07:14:57,350 - INFO - Candidate Std Stats: {'Max': np.float64(0.4007465551808268), 'Min': np.float64(0.0), 'Mean': np.float64(0.05162713633867259), 'Std': np.float64(0.044482056461409146)}
2024-11-17 07:14:57,352 - INFO - Top 10 Mean Stats: {'Max': np.float64(-0.08291473765017364), 'Min': np.float64(-0.2506137654618466), 'Mean': np.float64(-0.16318421295605334), 'Std': np.float64(0.04555395487767021)}
2024-11-17 07:14:57,352 - INFO - Top 10 Std Stats: {'Max': np.float64(0.4007465551808268), 'Min': np.float64(0.2497194704982987), 'Mean': np.float64(0.30855845936110066), 'Std': np.float64(0.04023177986437133)}
2024-11-17 07:14:57,352 - INFO - Bottom 10 Mean Stats: {'Max': np.float64(100.0), 'Min': np.float64(91.0), 'Mean': np.float64(95.5), 'Std': np.float64(4.5)}
2024-11-17 07:14:57,352 - INFO - Bottom 10 Std Stats: {'Max': np.float64(0.0), 'Min': np.float64(0.0), 'Mean': np.float64(0.0), 'Std': np.float64(0.0)}
2024-11-17 07:14:57,365 - INFO - Candidate Mean Stats: {'Max': np.float64(100.0), 'Min': np.float64(-0.5318618972781771), 'Mean': np.float64(0.933217613008056), 'Std': np.float64(7.075253793893827)}
2024-11-17 07:14:57,365 - INFO - Candidate Std Stats: {'Max': np.float64(0.5333931039224218), 'Min': np.float64(0.0), 'Mean': np.float64(0.037540415991974406), 'Std': np.float64(0.04420039323702433)}
2024-11-17 07:14:57,366 - INFO - Top 10 Mean Stats: {'Max': np.float64(-0.17761949058368787), 'Min': np.float64(-0.5318618972781771), 'Mean': np.float64(-0.3689550380802225), 'Std': np.float64(0.12948318257426122)}
2024-11-17 07:14:57,366 - INFO - Top 10 Std Stats: {'Max': np.float64(0.5333931039224218), 'Min': np.float64(0.3270355854361605), 'Mean': np.float64(0.4295403649944049), 'Std': np.float64(0.06585826533580115)}
2024-11-17 07:14:57,367 - INFO - Bottom 10 Mean Stats: {'Max': np.float64(100.0), 'Min': np.float64(84.0), 'Mean': np.float64(93.0), 'Std': np.float64(5.019960159204453)}
2024-11-17 07:14:57,367 - INFO - Bottom 10 Std Stats: {'Max': np.float64(0.0), 'Min': np.float64(0.0), 'Mean': np.float64(0.0), 'Std': np.float64(0.0)}
[I 2024-11-17 07:14:57,369] Trial 330 finished with value: 34.0 and parameters: {'x_0': -4, 'x_1': -4, 'x_2': 1, 'x_3': 1}. Best is trial 179 with value: 1.0.
[I 2024-11-17 07:14:57,382] Trial 325 finished with value: 4.0 and parameters: {'x_0': -1, 'x_1': -1, 'x_2': 1, 'x_3': 1}. Best is trial 290 with value: 2.0.
2024-11-17 07:14:57,432 - INFO - Candidate Mean Stats: {'Max': np.float64(91.0), 'Min': np.float64(-0.5688941840232756), 'Mean': np.float64(0.6921802724856814), 'Std': np.float64(5.614748864981807)}
2024-11-17 07:14:57,432 - INFO - Candidate Std Stats: {'Max': np.float64(0.5221931891586903), 'Min': np.float64(0.0), 'Mean': np.float64(0.05077854741752555), 'Std': np.float64(0.04972740348290019)}
2024-11-17 07:14:57,433 - INFO - Top 10 Mean Stats: {'Max': np.float64(-0.2056978262367984), 'Min': np.float64(-0.5688941840232756), 'Mean': np.float64(-0.3338902505401636), 'Std': np.float64(0.10300404505668855)}
2024-11-17 07:14:57,433 - INFO - Top 10 Std Stats: {'Max': np.float64(0.4774092548667418), 'Min': np.float64(0.10984464723873705), 'Mean': np.float64(0.37748676964933864), 'Std': np.float64(0.13222041203360788)}
2024-11-17 07:14:57,433 - INFO - Bottom 10 Mean Stats: {'Max': np.float64(91.0), 'Min': np.float64(73.0), 'Mean': np.float64(76.9), 'Std': np.float64(5.262128846769148)}
2024-11-17 07:14:57,434 - INFO - Bottom 10 Std Stats: {'Max': np.float64(0.0), 'Min': np.float64(0.0), 'Mean': np.float64(0.0), 'Std': np.float64(0.0)}
[I 2024-11-17 07:14:57,449] Trial 309 finished with value: 10.0 and parameters: {'x_0': 1, 'x_1': 0, 'x_2': 3, 'x_3': 0}. Best is trial 288 with value: 1.0.
2024-11-17 07:14:57,610 - INFO - Candidate Mean Stats: {'Max': np.float64(100.0), 'Min': np.float64(-0.24990442728134932), 'Mean': np.float64(0.9319351506626217), 'Std': np.float64(7.075465400914693)}
2024-11-17 07:14:57,610 - INFO - Candidate Std Stats: {'Max': np.float64(0.5157949184698933), 'Min': np.float64(0.0), 'Mean': np.float64(0.0462564107605378), 'Std': np.float64(0.04504774233419122)}
2024-11-17 07:14:57,611 - INFO - Top 10 Mean Stats: {'Max': np.float64(-0.14726725835730375), 'Min': np.float64(-0.24990442728134932), 'Mean': np.float64(-0.2023058929772529), 'Std': np.float64(0.03008809785337952)}
2024-11-17 07:14:57,611 - INFO - Top 10 Std Stats: {'Max': np.float64(0.5157949184698933), 'Min': np.float64(0.2756898264531083), 'Mean': np.float64(0.39318931891608966), 'Std': np.float64(0.05885041656068595)}
2024-11-17 07:14:57,611 - INFO - Bottom 10 Mean Stats: {'Max': np.float64(100.0), 'Min': np.float64(84.0), 'Mean': np.float64(93.0), 'Std': np.float64(5.019960159204453)}
2024-11-17 07:14:57,611 - INFO - Bottom 10 Std Stats: {'Max': np.float64(0.0), 'Min': np.float64(0.0), 'Mean': np.float64(0.0), 'Std': np.float64(0.0)}
[I 2024-11-17 07:14:57,628] Trial 326 finished with value: 15.0 and parameters: {'x_0': -1, 'x_1': -2, 'x_2': -3, 'x_3': 1}. Best is trial 290 with value: 2.0.
2024-11-17 07:14:57,697 - INFO - Candidate Mean Stats: {'Max': np.float64(100.0), 'Min': np.float64(-0.24668021282070662), 'Mean': np.float64(1.0758704494075733), 'Std': np.float64(7.828779891703418)}
2024-11-17 07:14:57,698 - INFO - Candidate Std Stats: {'Max': np.float64(0.6466041145106113), 'Min': np.float64(0.0), 'Mean': np.float64(0.043999388098775925), 'Std': np.float64(0.04256567338706339)}
2024-11-17 07:14:57,699 - INFO - Top 10 Mean Stats: {'Max': np.float64(-0.053198043322134604), 'Min': np.float64(-0.24668021282070662), 'Mean': np.float64(-0.17116089945555407), 'Std': np.float64(0.05459625913286803)}
2024-11-17 07:14:57,699 - INFO - Top 10 Std Stats: {'Max': np.float64(0.4963013321216752), 'Min': np.float64(0.25737270917121763), 'Mean': np.float64(0.3693367920992121), 'Std': np.float64(0.0695755356406264)}
2024-11-17 07:14:57,699 - INFO - Bottom 10 Mean Stats: {'Max': np.float64(100.0), 'Min': np.float64(91.0), 'Mean': np.float64(95.5), 'Std': np.float64(4.5)}
2024-11-17 07:14:57,699 - INFO - Bottom 10 Std Stats: {'Max': np.float64(0.0), 'Min': np.float64(0.0), 'Mean': np.float64(0.0), 'Std': np.float64(0.0)}
2024-11-17 07:14:57,707 - INFO - Candidate Mean Stats: {'Max': np.float64(91.0), 'Min': np.float64(-0.611716181956898), 'Mean': np.float64(0.6933408313523572), 'Std': np.float64(5.615206620205337)}
2024-11-17 07:14:57,707 - INFO - Candidate Std Stats: {'Max': np.float64(0.4449923095406102), 'Min': np.float64(0.0), 'Mean': np.float64(0.04847093944226889), 'Std': np.float64(0.0452552564667396)}
2024-11-17 07:14:57,708 - INFO - Top 10 Mean Stats: {'Max': np.float64(-0.22495307852890994), 'Min': np.float64(-0.611716181956898), 'Mean': np.float64(-0.40513502784790684), 'Std': np.float64(0.14844903538076074)}
2024-11-17 07:14:57,708 - INFO - Top 10 Std Stats: {'Max': np.float64(0.43881086958357324), 'Min': np.float64(0.158837990092469), 'Mean': np.float64(0.2946136426729514), 'Std': np.float64(0.09899878094837074)}
2024-11-17 07:14:57,709 - INFO - Bottom 10 Mean Stats: {'Max': np.float64(91.0), 'Min': np.float64(73.0), 'Mean': np.float64(76.9), 'Std': np.float64(5.262128846769148)}
2024-11-17 07:14:57,709 - INFO - Bottom 10 Std Stats: {'Max': np.float64(0.0), 'Min': np.float64(0.0), 'Mean': np.float64(0.0), 'Std': np.float64(0.0)}
[I 2024-11-17 07:14:57,716] Trial 331 finished with value: 9.0 and parameters: {'x_0': 2, 'x_1': 2, 'x_2': 0, 'x_3': 1}. Best is trial 179 with value: 1.0.
