[I 2024-11-17 07:15:25,163] Trial 464 finished with value: 26.0 and parameters: {'x_0': 0, 'x_1': -1, 'x_2': -3, 'x_3': 4}. Best is trial 179 with value: 1.0.
2024-11-17 07:15:25,302 - INFO - Candidate Mean Stats: {'Max': np.float64(100.0), 'Min': np.float64(-0.543256158881045), 'Mean': np.float64(1.2642248746093916), 'Std': np.float64(8.186585418877256)}
2024-11-17 07:15:25,302 - INFO - Candidate Std Stats: {'Max': np.float64(0.3081108364770164), 'Min': np.float64(0.0), 'Mean': np.float64(0.02149077567273591), 'Std': np.float64(0.029067354539701294)}
2024-11-17 07:15:25,304 - INFO - Top 10 Mean Stats: {'Max': np.float64(-0.16273269603057056), 'Min': np.float64(-0.543256158881045), 'Mean': np.float64(-0.2825344429995607), 'Std': np.float64(0.11392915153397455)}
2024-11-17 07:15:25,304 - INFO - Top 10 Std Stats: {'Max': np.float64(0.3081108364770164), 'Min': np.float64(0.05490722132772238), 'Mean': np.float64(0.17456230694230132), 'Std': np.float64(0.09881913372370713)}
2024-11-17 07:15:25,304 - INFO - Bottom 10 Mean Stats: {'Max': np.float64(100.0), 'Min': np.float64(91.0), 'Mean': np.float64(95.5), 'Std': np.float64(4.5)}
2024-11-17 07:15:25,305 - INFO - Bottom 10 Std Stats: {'Max': np.float64(0.0), 'Min': np.float64(0.0), 'Mean': np.float64(0.0), 'Std': np.float64(0.0)}
2024-11-17 07:15:25,312 - INFO - Candidate Mean Stats: {'Max': np.float64(91.0), 'Min': np.float64(-0.49354403341695097), 'Mean': np.float64(0.9272199192983775), 'Std': np.float64(6.743606825663474)}
2024-11-17 07:15:25,313 - INFO - Candidate Std Stats: {'Max': np.float64(0.6612689619738396), 'Min': np.float64(0.0), 'Mean': np.float64(0.040896871109697905), 'Std': np.float64(0.04199951051564808)}
2024-11-17 07:15:25,314 - INFO - Top 10 Mean Stats: {'Max': np.float64(-0.18582181834002526), 'Min': np.float64(-0.49354403341695097), 'Mean': np.float64(-0.36371186364646574), 'Std': np.float64(0.10071923212042298)}
2024-11-17 07:15:25,314 - INFO - Top 10 Std Stats: {'Max': np.float64(0.4594008582859066), 'Min': np.float64(0.11158148583474473), 'Mean': np.float64(0.2196740320766999), 'Std': np.float64(0.11675379944560514)}
2024-11-17 07:15:25,314 - INFO - Bottom 10 Mean Stats: {'Max': np.float64(91.0), 'Min': np.float64(82.0), 'Mean': np.float64(84.9), 'Std': np.float64(4.036087214122113)}
2024-11-17 07:15:25,314 - INFO - Bottom 10 Std Stats: {'Max': np.float64(0.0), 'Min': np.float64(0.0), 'Mean': np.float64(0.0), 'Std': np.float64(0.0)}
[I 2024-11-17 07:15:25,322] Trial 465 finished with value: 26.0 and parameters: {'x_0': 0, 'x_1': 1, 'x_2': -3, 'x_3': 4}. Best is trial 179 with value: 1.0.
[I 2024-11-17 07:15:25,333] Trial 406 finished with value: 60.0 and parameters: {'x_0': -5, 'x_1': -3, 'x_2': -5, 'x_3': -1}. Best is trial 320 with value: 0.0.
2024-11-17 07:15:25,338 - INFO - Candidate Mean Stats: {'Max': np.float64(100.0), 'Min': np.float64(-0.2973986597054231), 'Mean': np.float64(1.0998642335879416), 'Std': np.float64(7.458884746492807)}
2024-11-17 07:15:25,338 - INFO - Candidate Std Stats: {'Max': np.float64(0.6092451445657221), 'Min': np.float64(0.0), 'Mean': np.float64(0.04002611038603274), 'Std': np.float64(0.04193659246771842)}
2024-11-17 07:15:25,340 - INFO - Top 10 Mean Stats: {'Max': np.float64(-0.10325694919845958), 'Min': np.float64(-0.15158090232763216), 'Mean': np.float64(-0.13224999054418585), 'Std': np.float64(0.01369553869833036)}
2024-11-17 07:15:25,340 - INFO - Top 10 Std Stats: {'Max': np.float64(0.30151083374207505), 'Min': np.float64(0.23262263891319135), 'Mean': np.float64(0.2654448420749226), 'Std': np.float64(0.02045663526530102)}
2024-11-17 07:15:25,340 - INFO - Bottom 10 Mean Stats: {'Max': np.float64(100.0), 'Min': np.float64(91.0), 'Mean': np.float64(93.7), 'Std': np.float64(4.124318125460256)}
2024-11-17 07:15:25,340 - INFO - Bottom 10 Std Stats: {'Max': np.float64(0.0), 'Min': np.float64(0.0), 'Mean': np.float64(0.0), 'Std': np.float64(0.0)}
[I 2024-11-17 07:15:25,356] Trial 469 finished with value: 54.0 and parameters: {'x_0': 5, 'x_1': 4, 'x_2': -2, 'x_3': 3}. Best is trial 362 with value: 1.0.
2024-11-17 07:15:25,451 - INFO - Candidate Mean Stats: {'Max': np.float64(100.0), 'Min': np.float64(-0.4028419116256646), 'Mean': np.float64(1.2691455563269793), 'Std': np.float64(8.1886694899747)}
2024-11-17 07:15:25,452 - INFO - Candidate Std Stats: {'Max': np.float64(0.30788335254964216), 'Min': np.float64(0.0), 'Mean': np.float64(0.024188135081272363), 'Std': np.float64(0.03058736087986836)}
2024-11-17 07:15:25,453 - INFO - Top 10 Mean Stats: {'Max': np.float64(-0.09222076137777793), 'Min': np.float64(-0.4028419116256646), 'Mean': np.float64(-0.2551323096337278), 'Std': np.float64(0.08653559288052852)}
2024-11-17 07:15:25,454 - INFO - Top 10 Std Stats: {'Max': np.float64(0.30788335254964216), 'Min': np.float64(0.04943780559347509), 'Mean': np.float64(0.19560765849249453), 'Std': np.float64(0.07883588669520694)}
2024-11-17 07:15:25,454 - INFO - Bottom 10 Mean Stats: {'Max': np.float64(100.0), 'Min': np.float64(91.0), 'Mean': np.float64(95.5), 'Std': np.float64(4.5)}
2024-11-17 07:15:25,454 - INFO - Bottom 10 Std Stats: {'Max': np.float64(0.0), 'Min': np.float64(0.0), 'Mean': np.float64(0.0), 'Std': np.float64(0.0)}
[I 2024-11-17 07:15:25,474] Trial 466 finished with value: 18.0 and parameters: {'x_0': 0, 'x_1': -1, 'x_2': -4, 'x_3': -1}. Best is trial 179 with value: 1.0.
2024-11-17 07:15:25,495 - INFO - Candidate Mean Stats: {'Max': np.float64(100.0), 'Min': np.float64(-0.20387487229968296), 'Mean': np.float64(1.1092207314677995), 'Std': np.float64(7.470862942168761)}
2024-11-17 07:15:25,495 - INFO - Candidate Std Stats: {'Max': np.float64(0.4927930684618134), 'Min': np.float64(0.0), 'Mean': np.float64(0.03219332437750031), 'Std': np.float64(0.03889444133397186)}
2024-11-17 07:15:25,497 - INFO - Top 10 Mean Stats: {'Max': np.float64(0.010199351462360107), 'Min': np.float64(-0.15024598272051914), 'Mean': np.float64(-0.10264874328388258), 'Std': np.float64(0.042402694716333934)}
2024-11-17 07:15:25,497 - INFO - Top 10 Std Stats: {'Max': np.float64(0.38948015085383625), 'Min': np.float64(0.24146090626426212), 'Mean': np.float64(0.2859865349371926), 'Std': np.float64(0.046935949056916504)}
2024-11-17 07:15:25,498 - INFO - Bottom 10 Mean Stats: {'Max': np.float64(100.0), 'Min': np.float64(91.0), 'Mean': np.float64(93.7), 'Std': np.float64(4.124318125460256)}
2024-11-17 07:15:25,498 - INFO - Bottom 10 Std Stats: {'Max': np.float64(0.0), 'Min': np.float64(0.0), 'Mean': np.float64(0.0), 'Std': np.float64(0.0)}
[I 2024-11-17 07:15:25,520] Trial 470 finished with value: 36.0 and parameters: {'x_0': 4, 'x_1': -4, 'x_2': -2, 'x_3': 0}. Best is trial 362 with value: 1.0.
2024-11-17 07:15:25,574 - INFO - Candidate Mean Stats: {'Max': np.float64(91.0), 'Min': np.float64(-0.49716704712245885), 'Mean': np.float64(0.9430312532962054), 'Std': np.float64(6.7596489530346675)}
2024-11-17 07:15:25,574 - INFO - Candidate Std Stats: {'Max': np.float64(0.5446348935324432), 'Min': np.float64(0.0), 'Mean': np.float64(0.03418658245791106), 'Std': np.float64(0.04438380230510426)}
2024-11-17 07:15:25,576 - INFO - Top 10 Mean Stats: {'Max': np.float64(-0.34389602446024947), 'Min': np.float64(-0.49716704712245885), 'Mean': np.float64(-0.4021600352275799), 'Std': np.float64(0.05446637228373971)}
2024-11-17 07:15:25,576 - INFO - Top 10 Std Stats: {'Max': np.float64(0.24646729858008085), 'Min': np.float64(0.1847050986291393), 'Mean': np.float64(0.216995937699409), 'Std': np.float64(0.021791145535526527)}
2024-11-17 07:15:25,576 - INFO - Bottom 10 Mean Stats: {'Max': np.float64(91.0), 'Min': np.float64(82.0), 'Mean': np.float64(84.9), 'Std': np.float64(4.036087214122113)}
2024-11-17 07:15:25,576 - INFO - Bottom 10 Std Stats: {'Max': np.float64(0.0), 'Min': np.float64(0.0), 'Mean': np.float64(0.0), 'Std': np.float64(0.0)}
[I 2024-11-17 07:15:25,593] Trial 407 finished with value: 11.0 and parameters: {'x_0': -1, 'x_1': -3, 'x_2': 1, 'x_3': 0}. Best is trial 320 with value: 0.0.
2024-11-17 07:15:25,603 - INFO - Candidate Mean Stats: {'Max': np.float64(100.0), 'Min': np.float64(-0.4071816093005184), 'Mean': np.float64(1.268111577465943), 'Std': np.float64(8.190160295084013)}
2024-11-17 07:15:25,603 - INFO - Candidate Std Stats: {'Max': np.float64(0.24746801793310985), 'Min': np.float64(0.0), 'Mean': np.float64(0.022330959103400536), 'Std': np.float64(0.029915508077159356)}
2024-11-17 07:15:25,604 - INFO - Top 10 Mean Stats: {'Max': np.float64(-0.30189041877143064), 'Min': np.float64(-0.4071816093005184), 'Mean': np.float64(-0.34938330435269266), 'Std': np.float64(0.0435013328837545)}
2024-11-17 07:15:25,605 - INFO - Top 10 Std Stats: {'Max': np.float64(0.15082594023792942), 'Min': np.float64(0.0634814978715862), 'Mean': np.float64(0.11404308933814185), 'Std': np.float64(0.029140573831165036)}
2024-11-17 07:15:25,605 - INFO - Bottom 10 Mean Stats: {'Max': np.float64(100.0), 'Min': np.float64(91.0), 'Mean': np.float64(95.5), 'Std': np.float64(4.5)}
2024-11-17 07:15:25,605 - INFO - Bottom 10 Std Stats: {'Max': np.float64(0.0), 'Min': np.float64(0.0), 'Mean': np.float64(0.0), 'Std': np.float64(0.0)}
[I 2024-11-17 07:15:25,622] Trial 467 finished with value: 30.0 and parameters: {'x_0': 0, 'x_1': 1, 'x_2': -5, 'x_3': -2}. Best is trial 179 with value: 1.0.
2024-11-17 07:15:25,695 - INFO - Candidate Mean Stats: {'Max': np.float64(100.0), 'Min': np.float64(-0.28661933970650405), 'Mean': np.float64(1.1112699894081046), 'Std': np.float64(7.476479801448837)}
2024-11-17 07:15:25,695 - INFO - Candidate Std Stats: {'Max': np.float64(0.598147257976627), 'Min': np.float64(0.0), 'Mean': np.float64(0.03447271398070297), 'Std': np.float64(0.03922912702334777)}
2024-11-17 07:15:25,696 - INFO - Top 10 Mean Stats: {'Max': np.float64(-0.22779625645831722), 'Min': np.float64(-0.28661933970650405), 'Mean': np.float64(-0.25242656465408203), 'Std': np.float64(0.01561677898234256)}
2024-11-17 07:15:25,697 - INFO - Top 10 Std Stats: {'Max': np.float64(0.2501811601623353), 'Min': np.float64(0.2087175406304401), 'Mean': np.float64(0.2358553342630491), 'Std': np.float64(0.012075555371757547)}
2024-11-17 07:15:25,697 - INFO - Bottom 10 Mean Stats: {'Max': np.float64(100.0), 'Min': np.float64(91.0), 'Mean': np.float64(93.7), 'Std': np.float64(4.124318125460256)}
2024-11-17 07:15:25,697 - INFO - Bottom 10 Std Stats: {'Max': np.float64(0.0), 'Min': np.float64(0.0), 'Mean': np.float64(0.0), 'Std': np.float64(0.0)}
[I 2024-11-17 07:15:25,714] Trial 471 finished with value: 18.0 and parameters: {'x_0': -1, 'x_1': 0, 'x_2': 4, 'x_3': -1}. Best is trial 362 with value: 1.0.
2024-11-17 07:15:25,746 - INFO - Candidate Mean Stats: {'Max': np.float64(100.0), 'Min': np.float64(-0.40557714206709505), 'Mean': np.float64(1.2673186682624502), 'Std': np.float64(8.19401885948327)}
2024-11-17 07:15:25,746 - INFO - Candidate Std Stats: {'Max': np.float64(0.25582334243511423), 'Min': np.float64(0.0), 'Mean': np.float64(0.022962317130845525), 'Std': np.float64(0.03056181127161251)}
2024-11-17 07:15:25,748 - INFO - Top 10 Mean Stats: {'Max': np.float64(-0.30628992793870197), 'Min': np.float64(-0.40557714206709505), 'Mean': np.float64(-0.3640032582517285), 'Std': np.float64(0.028641222387650853)}
2024-11-17 07:15:25,748 - INFO - Top 10 Std Stats: {'Max': np.float64(0.1199647024918406), 'Min': np.float64(0.0635103333324836), 'Mean': np.float64(0.08908450357659793), 'Std': np.float64(0.018321678701888354)}
2024-11-17 07:15:25,748 - INFO - Bottom 10 Mean Stats: {'Max': np.float64(100.0), 'Min': np.float64(91.0), 'Mean': np.float64(95.5), 'Std': np.float64(4.5)}
2024-11-17 07:15:25,748 - INFO - Bottom 10 Std Stats: {'Max': np.float64(0.0), 'Min': np.float64(0.0), 'Mean': np.float64(0.0), 'Std': np.float64(0.0)}
[I 2024-11-17 07:15:25,765] Trial 468 finished with value: 30.0 and parameters: {'x_0': 0, 'x_1': -1, 'x_2': -5, 'x_3': -2}. Best is trial 179 with value: 1.0.
2024-11-17 07:15:25,841 - INFO - Candidate Mean Stats: {'Max': np.float64(91.0), 'Min': np.float64(-0.38521418401599156), 'Mean': np.float64(0.9393710293749058), 'Std': np.float64(6.760755921518281)}
2024-11-17 07:15:25,841 - INFO - Candidate Std Stats: {'Max': np.float64(0.6179148429712475), 'Min': np.float64(0.0), 'Mean': np.float64(0.04597985911478572), 'Std': np.float64(0.04416632287538138)}
2024-11-17 07:15:25,843 - INFO - Top 10 Mean Stats: {'Max': np.float64(-0.16567462873664446), 'Min': np.float64(-0.38521418401599156), 'Mean': np.float64(-0.27642556626448195), 'Std': np.float64(0.058108044108661785)}
2024-11-17 07:15:25,843 - INFO - Top 10 Std Stats: {'Max': np.float64(0.33309732050182556), 'Min': np.float64(0.22871899441362148), 'Mean': np.float64(0.2786723099881167), 'Std': np.float64(0.03227345530138374)}
2024-11-17 07:15:25,843 - INFO - Bottom 10 Mean Stats: {'Max': np.float64(91.0), 'Min': np.float64(82.0), 'Mean': np.float64(84.9), 'Std': np.float64(4.036087214122113)}
2024-11-17 07:15:25,843 - INFO - Bottom 10 Std Stats: {'Max': np.float64(0.0), 'Min': np.float64(0.0), 'Mean': np.float64(0.0), 'Std': np.float64(0.0)}
[I 2024-11-17 07:15:25,860] Trial 408 finished with value: 11.0 and parameters: {'x_0': -1, 'x_1': -3, 'x_2': -1, 'x_3': 0}. Best is trial 320 with value: 0.0.
2024-11-17 07:15:25,879 - INFO - Candidate Mean Stats: {'Max': np.float64(100.0), 'Min': np.float64(-0.2367194731953825), 'Mean': np.float64(1.1105430933363747), 'Std': np.float64(7.478088958002868)}
2024-11-17 07:15:25,880 - INFO - Candidate Std Stats: {'Max': np.float64(0.5917937432801442), 'Min': np.float64(0.0), 'Mean': np.float64(0.0314782330692166), 'Std': np.float64(0.038971350572804896)}
2024-11-17 07:15:25,881 - INFO - Top 10 Mean Stats: {'Max': np.float64(-0.13131179349424868), 'Min': np.float64(-0.2367194731953825), 'Mean': np.float64(-0.19646891544679124), 'Std': np.float64(0.03393913549678699)}
2024-11-17 07:15:25,881 - INFO - Top 10 Std Stats: {'Max': np.float64(0.28766400186111685), 'Min': np.float64(0.17251150410710492), 'Mean': np.float64(0.20373617358720747), 'Std': np.float64(0.04162402670740092)}
2024-11-17 07:15:25,881 - INFO - Bottom 10 Mean Stats: {'Max': np.float64(100.0), 'Min': np.float64(91.0), 'Mean': np.float64(93.7), 'Std': np.float64(4.124318125460256)}
2024-11-17 07:15:25,881 - INFO - Bottom 10 Std Stats: {'Max': np.float64(0.0), 'Min': np.float64(0.0), 'Mean': np.float64(0.0), 'Std': np.float64(0.0)}
2024-11-17 07:15:25,882 - INFO - Candidate Mean Stats: {'Max': np.float64(100.0), 'Min': np.float64(-0.3934039908864933), 'Mean': np.float64(1.2736557019197743), 'Std': np.float64(8.196794737360346)}
2024-11-17 07:15:25,882 - INFO - Candidate Std Stats: {'Max': np.float64(0.2650870040628555), 'Min': np.float64(0.0), 'Mean': np.float64(0.022761036567106045), 'Std': np.float64(0.02992903906638098)}
2024-11-17 07:15:25,884 - INFO - Top 10 Mean Stats: {'Max': np.float64(-0.26483165165222333), 'Min': np.float64(-0.3934039908864933), 'Mean': np.float64(-0.3270701619237545), 'Std': np.float64(0.04431462030203307)}
2024-11-17 07:15:25,884 - INFO - Top 10 Std Stats: {'Max': np.float64(0.15033401683336123), 'Min': np.float64(0.0633952979207419), 'Mean': np.float64(0.11847441973497226), 'Std': np.float64(0.029975908855580036)}
2024-11-17 07:15:25,884 - INFO - Bottom 10 Mean Stats: {'Max': np.float64(100.0), 'Min': np.float64(91.0), 'Mean': np.float64(95.5), 'Std': np.float64(4.5)}
2024-11-17 07:15:25,884 - INFO - Bottom 10 Std Stats: {'Max': np.float64(0.0), 'Min': np.float64(0.0), 'Mean': np.float64(0.0), 'Std': np.float64(0.0)}
[I 2024-11-17 07:15:25,899] Trial 472 finished with value: 21.0 and parameters: {'x_0': -1, 'x_1': 0, 'x_2': -2, 'x_3': -4}. Best is trial 362 with value: 1.0.
[I 2024-11-17 07:15:25,901] Trial 469 finished with value: 21.0 and parameters: {'x_0': 0, 'x_1': -1, 'x_2': -4, 'x_3': 2}. Best is trial 179 with value: 1.0.
2024-11-17 07:15:26,039 - INFO - Candidate Mean Stats: {'Max': np.float64(100.0), 'Min': np.float64(-0.2198517652964261), 'Mean': np.float64(1.1164650698408105), 'Std': np.float64(7.479256656250471)}
2024-11-17 07:15:26,040 - INFO - Candidate Std Stats: {'Max': np.float64(0.43429244728300037), 'Min': np.float64(0.0), 'Mean': np.float64(0.026289243606031857), 'Std': np.float64(0.033594734290451116)}
2024-11-17 07:15:26,041 - INFO - Top 10 Mean Stats: {'Max': np.float64(-0.16062690745467345), 'Min': np.float64(-0.19796822280798534), 'Mean': np.float64(-0.18332533933119532), 'Std': np.float64(0.010911295831554129)}
2024-11-17 07:15:26,041 - INFO - Top 10 Std Stats: {'Max': np.float64(0.27723076520309037), 'Min': np.float64(0.24516090288556794), 'Mean': np.float64(0.26703124534925415), 'Std': np.float64(0.008795459698043427)}
2024-11-17 07:15:26,041 - INFO - Bottom 10 Mean Stats: {'Max': np.float64(100.0), 'Min': np.float64(91.0), 'Mean': np.float64(93.7), 'Std': np.float64(4.124318125460256)}
2024-11-17 07:15:26,041 - INFO - Bottom 10 Std Stats: {'Max': np.float64(0.0), 'Min': np.float64(0.0), 'Mean': np.float64(0.0), 'Std': np.float64(0.0)}
2024-11-17 07:15:26,061 - INFO - Candidate Mean Stats: {'Max': np.float64(100.0), 'Min': np.float64(-0.4503010526748036), 'Mean': np.float64(1.269518163552808), 'Std': np.float64(8.199246835698737)}
2024-11-17 07:15:26,062 - INFO - Candidate Std Stats: {'Max': np.float64(0.2945091741438877), 'Min': np.float64(0.0), 'Mean': np.float64(0.033037017566359926), 'Std': np.float64(0.03544770377834628)}
2024-11-17 07:15:26,063 - INFO - Top 10 Mean Stats: {'Max': np.float64(-0.27919812521191983), 'Min': np.float64(-0.4503010526748036), 'Mean': np.float64(-0.36296364049999974), 'Std': np.float64(0.0644822522774254)}
2024-11-17 07:15:26,063 - INFO - Top 10 Std Stats: {'Max': np.float64(0.2246840584025563), 'Min': np.float64(0.09064868215790768), 'Mean': np.float64(0.14930788333600006), 'Std': np.float64(0.05610561232332868)}
2024-11-17 07:15:26,063 - INFO - Bottom 10 Mean Stats: {'Max': np.float64(100.0), 'Min': np.float64(91.0), 'Mean': np.float64(95.5), 'Std': np.float64(4.5)}
2024-11-17 07:15:26,063 - INFO - Bottom 10 Std Stats: {'Max': np.float64(0.0), 'Min': np.float64(0.0), 'Mean': np.float64(0.0), 'Std': np.float64(0.0)}
[I 2024-11-17 07:15:26,066] Trial 473 finished with value: 2.0 and parameters: {'x_0': -1, 'x_1': 1, 'x_2': 0, 'x_3': 0}. Best is trial 362 with value: 1.0.
2024-11-17 07:15:26,070 - INFO - Candidate Mean Stats: {'Max': np.float64(91.0), 'Min': np.float64(-0.7128745380836291), 'Mean': np.float64(0.9392781891402935), 'Std': np.float64(6.761366784898078)}
2024-11-17 07:15:26,070 - INFO - Candidate Std Stats: {'Max': np.float64(0.7915325065038072), 'Min': np.float64(0.0), 'Mean': np.float64(0.04379756017988956), 'Std': np.float64(0.04541648004991721)}
2024-11-17 07:15:26,071 - INFO - Top 10 Mean Stats: {'Max': np.float64(-0.3001736605520316), 'Min': np.float64(-0.7128745380836291), 'Mean': np.float64(-0.455273770708135), 'Std': np.float64(0.13833203129676377)}
2024-11-17 07:15:26,072 - INFO - Top 10 Std Stats: {'Max': np.float64(0.3241188858482564), 'Min': np.float64(0.08553180941746498), 'Mean': np.float64(0.19270218265404168), 'Std': np.float64(0.09944749320410304)}
2024-11-17 07:15:26,072 - INFO - Bottom 10 Mean Stats: {'Max': np.float64(91.0), 'Min': np.float64(82.0), 'Mean': np.float64(84.9), 'Std': np.float64(4.036087214122113)}
2024-11-17 07:15:26,072 - INFO - Bottom 10 Std Stats: {'Max': np.float64(0.0), 'Min': np.float64(0.0), 'Mean': np.float64(0.0), 'Std': np.float64(0.0)}
[I 2024-11-17 07:15:26,082] Trial 470 finished with value: 21.0 and parameters: {'x_0': 0, 'x_1': 1, 'x_2': -4, 'x_3': 2}. Best is trial 179 with value: 1.0.
