[I 2024-11-17 07:15:42,988] Trial 483 finished with value: 16.0 and parameters: {'x_0': 0, 'x_1': 4, 'x_2': 0, 'x_3': 0}. Best is trial 320 with value: 0.0.
2024-11-17 07:15:43,189 - INFO - Candidate Mean Stats: {'Max': np.float64(91.0), 'Min': np.float64(-0.3270850806045165), 'Mean': np.float64(1.1073901479242243), 'Std': np.float64(7.30156554171073)}
2024-11-17 07:15:43,189 - INFO - Candidate Std Stats: {'Max': np.float64(0.6862954200026069), 'Min': np.float64(0.0), 'Mean': np.float64(0.03981550671419674), 'Std': np.float64(0.0438732514740278)}
2024-11-17 07:15:43,191 - INFO - Top 10 Mean Stats: {'Max': np.float64(-0.1845526917162462), 'Min': np.float64(-0.26672378298342286), 'Mean': np.float64(-0.22393937865952376), 'Std': np.float64(0.03072788760911046)}
2024-11-17 07:15:43,191 - INFO - Top 10 Std Stats: {'Max': np.float64(0.30216906557777123), 'Min': np.float64(0.20871287638584385), 'Mean': np.float64(0.2519271561987845), 'Std': np.float64(0.0349066358483019)}
2024-11-17 07:15:43,191 - INFO - Bottom 10 Mean Stats: {'Max': np.float64(91.0), 'Min': np.float64(82.0), 'Mean': np.float64(85.8), 'Std': np.float64(4.28485705712571)}
2024-11-17 07:15:43,191 - INFO - Bottom 10 Std Stats: {'Max': np.float64(0.0), 'Min': np.float64(0.0), 'Mean': np.float64(0.0), 'Std': np.float64(0.0)}
[I 2024-11-17 07:15:43,212] Trial 484 finished with value: 25.0 and parameters: {'x_0': 3, 'x_1': 4, 'x_2': 0, 'x_3': 0}. Best is trial 320 with value: 0.0.
2024-11-17 07:15:43,436 - INFO - Candidate Mean Stats: {'Max': np.float64(91.0), 'Min': np.float64(-0.3470643875305182), 'Mean': np.float64(1.1050921211975775), 'Std': np.float64(7.304826212493331)}
2024-11-17 07:15:43,436 - INFO - Candidate Std Stats: {'Max': np.float64(0.6373946622006541), 'Min': np.float64(0.0), 'Mean': np.float64(0.035700316658077734), 'Std': np.float64(0.04326261347968883)}
2024-11-17 07:15:43,437 - INFO - Top 10 Mean Stats: {'Max': np.float64(-0.15330855026496742), 'Min': np.float64(-0.32689049746133714), 'Mean': np.float64(-0.27046716011847965), 'Std': np.float64(0.06231822115747438)}
2024-11-17 07:15:43,438 - INFO - Top 10 Std Stats: {'Max': np.float64(0.3286107932706301), 'Min': np.float64(0.17392927824267387), 'Mean': np.float64(0.2310875652227064), 'Std': np.float64(0.05475607052434867)}
2024-11-17 07:15:43,438 - INFO - Bottom 10 Mean Stats: {'Max': np.float64(91.0), 'Min': np.float64(82.0), 'Mean': np.float64(85.8), 'Std': np.float64(4.28485705712571)}
2024-11-17 07:15:43,438 - INFO - Bottom 10 Std Stats: {'Max': np.float64(0.0), 'Min': np.float64(0.0), 'Mean': np.float64(0.0), 'Std': np.float64(0.0)}
[I 2024-11-17 07:15:43,454] Trial 485 finished with value: 26.0 and parameters: {'x_0': 1, 'x_1': 5, 'x_2': 0, 'x_3': 0}. Best is trial 320 with value: 0.0.
2024-11-17 07:15:43,689 - INFO - Candidate Mean Stats: {'Max': np.float64(91.0), 'Min': np.float64(-0.4178737805108357), 'Mean': np.float64(1.1048067633472558), 'Std': np.float64(7.308001238778397)}
2024-11-17 07:15:43,689 - INFO - Candidate Std Stats: {'Max': np.float64(0.4986754692877723), 'Min': np.float64(0.0), 'Mean': np.float64(0.0402064708024134), 'Std': np.float64(0.044242632888900804)}
2024-11-17 07:15:43,691 - INFO - Top 10 Mean Stats: {'Max': np.float64(-0.13233443901868752), 'Min': np.float64(-0.4178737805108357), 'Mean': np.float64(-0.24585892887402921), 'Std': np.float64(0.08747303257165015)}
2024-11-17 07:15:43,691 - INFO - Top 10 Std Stats: {'Max': np.float64(0.4580446381126176), 'Min': np.float64(0.0601873687695024), 'Mean': np.float64(0.30446631310082967), 'Std': np.float64(0.12515997108935237)}
2024-11-17 07:15:43,691 - INFO - Bottom 10 Mean Stats: {'Max': np.float64(91.0), 'Min': np.float64(82.0), 'Mean': np.float64(85.8), 'Std': np.float64(4.28485705712571)}
2024-11-17 07:15:43,691 - INFO - Bottom 10 Std Stats: {'Max': np.float64(0.0), 'Min': np.float64(0.0), 'Mean': np.float64(0.0), 'Std': np.float64(0.0)}
[I 2024-11-17 07:15:43,709] Trial 486 finished with value: 18.0 and parameters: {'x_0': 0, 'x_1': -4, 'x_2': -1, 'x_3': -1}. Best is trial 320 with value: 0.0.
2024-11-17 07:15:43,991 - INFO - Candidate Mean Stats: {'Max': np.float64(91.0), 'Min': np.float64(-0.41271269566861096), 'Mean': np.float64(1.1059994783270861), 'Std': np.float64(7.309346044134236)}
2024-11-17 07:15:43,991 - INFO - Candidate Std Stats: {'Max': np.float64(1.1167384084973586), 'Min': np.float64(0.0), 'Mean': np.float64(0.0435533276270467), 'Std': np.float64(0.04295254854099751)}
2024-11-17 07:15:43,993 - INFO - Top 10 Mean Stats: {'Max': np.float64(0.5399880372675636), 'Min': np.float64(-0.41271269566861096), 'Mean': np.float64(-0.16340650495260314), 'Std': np.float64(0.25232700722024975)}
2024-11-17 07:15:43,993 - INFO - Top 10 Std Stats: {'Max': np.float64(1.1167384084973586), 'Min': np.float64(0.08077296281401544), 'Mean': np.float64(0.38819719012847775), 'Std': np.float64(0.27686798825174663)}
2024-11-17 07:15:43,993 - INFO - Bottom 10 Mean Stats: {'Max': np.float64(91.0), 'Min': np.float64(82.0), 'Mean': np.float64(85.8), 'Std': np.float64(4.28485705712571)}
2024-11-17 07:15:43,993 - INFO - Bottom 10 Std Stats: {'Max': np.float64(0.0), 'Min': np.float64(0.0), 'Mean': np.float64(0.0), 'Std': np.float64(0.0)}
[I 2024-11-17 07:15:44,011] Trial 487 finished with value: 50.0 and parameters: {'x_0': -3, 'x_1': -4, 'x_2': -5, 'x_3': 0}. Best is trial 320 with value: 0.0.
2024-11-17 07:15:44,280 - INFO - Candidate Mean Stats: {'Max': np.float64(91.0), 'Min': np.float64(-0.3902448695143758), 'Mean': np.float64(1.1082518747933616), 'Std': np.float64(7.3206706659438945)}
2024-11-17 07:15:44,280 - INFO - Candidate Std Stats: {'Max': np.float64(0.47267283311704195), 'Min': np.float64(0.0), 'Mean': np.float64(0.045460056782448514), 'Std': np.float64(0.044720099698343146)}
2024-11-17 07:15:44,282 - INFO - Top 10 Mean Stats: {'Max': np.float64(-0.14519703907223308), 'Min': np.float64(-0.3902448695143758), 'Mean': np.float64(-0.21457409574761396), 'Std': np.float64(0.06913320491581888)}
2024-11-17 07:15:44,282 - INFO - Top 10 Std Stats: {'Max': np.float64(0.4381789749527521), 'Min': np.float64(0.09691872872901901), 'Mean': np.float64(0.3259057832892481), 'Std': np.float64(0.09669401301749678)}
2024-11-17 07:15:44,282 - INFO - Bottom 10 Mean Stats: {'Max': np.float64(91.0), 'Min': np.float64(82.0), 'Mean': np.float64(85.8), 'Std': np.float64(4.28485705712571)}
2024-11-17 07:15:44,282 - INFO - Bottom 10 Std Stats: {'Max': np.float64(0.0), 'Min': np.float64(0.0), 'Mean': np.float64(0.0), 'Std': np.float64(0.0)}
[I 2024-11-17 07:15:44,299] Trial 488 finished with value: 21.0 and parameters: {'x_0': 0, 'x_1': -2, 'x_2': -1, 'x_3': 4}. Best is trial 320 with value: 0.0.
2024-11-17 07:15:44,497 - INFO - Candidate Mean Stats: {'Max': np.float64(91.0), 'Min': np.float64(-0.24649051968690058), 'Mean': np.float64(1.123647273558448), 'Std': np.float64(7.320478705729142)}
2024-11-17 07:15:44,497 - INFO - Candidate Std Stats: {'Max': np.float64(0.5169506108591527), 'Min': np.float64(0.0), 'Mean': np.float64(0.03891683653063819), 'Std': np.float64(0.04094113372847358)}
2024-11-17 07:15:44,498 - INFO - Top 10 Mean Stats: {'Max': np.float64(0.0936795114023917), 'Min': np.float64(-0.24649051968690058), 'Mean': np.float64(-0.1422885143344329), 'Std': np.float64(0.09144825618741766)}
2024-11-17 07:15:44,498 - INFO - Top 10 Std Stats: {'Max': np.float64(0.5169506108591527), 'Min': np.float64(0.19810728147064494), 'Mean': np.float64(0.29577400058262926), 'Std': np.float64(0.08514781001942465)}
2024-11-17 07:15:44,498 - INFO - Bottom 10 Mean Stats: {'Max': np.float64(91.0), 'Min': np.float64(82.0), 'Mean': np.float64(85.8), 'Std': np.float64(4.28485705712571)}
2024-11-17 07:15:44,499 - INFO - Bottom 10 Std Stats: {'Max': np.float64(0.0), 'Min': np.float64(0.0), 'Mean': np.float64(0.0), 'Std': np.float64(0.0)}
[I 2024-11-17 07:15:44,515] Trial 489 finished with value: 5.0 and parameters: {'x_0': 2, 'x_1': 0, 'x_2': 1, 'x_3': 0}. Best is trial 320 with value: 0.0.
2024-11-17 07:15:44,750 - INFO - Candidate Mean Stats: {'Max': np.float64(91.0), 'Min': np.float64(-0.3331142992554932), 'Mean': np.float64(1.1195091514429176), 'Std': np.float64(7.321177579302607)}
2024-11-17 07:15:44,751 - INFO - Candidate Std Stats: {'Max': np.float64(0.5201064731951106), 'Min': np.float64(0.0), 'Mean': np.float64(0.03823795368875188), 'Std': np.float64(0.042776274176073)}
2024-11-17 07:15:44,752 - INFO - Top 10 Mean Stats: {'Max': np.float64(-0.25897809908381964), 'Min': np.float64(-0.3331142992554932), 'Mean': np.float64(-0.2949876438539345), 'Std': np.float64(0.019444697930644753)}
2024-11-17 07:15:44,752 - INFO - Top 10 Std Stats: {'Max': np.float64(0.2715518488999038), 'Min': np.float64(0.20841437572786542), 'Mean': np.float64(0.2269122462700782), 'Std': np.float64(0.017990541989456647)}
2024-11-17 07:15:44,752 - INFO - Bottom 10 Mean Stats: {'Max': np.float64(91.0), 'Min': np.float64(82.0), 'Mean': np.float64(85.8), 'Std': np.float64(4.28485705712571)}
2024-11-17 07:15:44,752 - INFO - Bottom 10 Std Stats: {'Max': np.float64(0.0), 'Min': np.float64(0.0), 'Mean': np.float64(0.0), 'Std': np.float64(0.0)}
[I 2024-11-17 07:15:44,769] Trial 490 finished with value: 57.0 and parameters: {'x_0': 4, 'x_1': 5, 'x_2': 0, 'x_3': -4}. Best is trial 320 with value: 0.0.
2024-11-17 07:15:45,030 - INFO - Candidate Mean Stats: {'Max': np.float64(91.0), 'Min': np.float64(-0.3424502085829003), 'Mean': np.float64(1.119408106424408), 'Std': np.float64(7.336294667697102)}
2024-11-17 07:15:45,030 - INFO - Candidate Std Stats: {'Max': np.float64(0.5831814457925307), 'Min': np.float64(0.0), 'Mean': np.float64(0.03562787024608708), 'Std': np.float64(0.04446975699736634)}
2024-11-17 07:15:45,031 - INFO - Top 10 Mean Stats: {'Max': np.float64(-0.14064950114434482), 'Min': np.float64(-0.2030502762365436), 'Mean': np.float64(-0.171444369091934), 'Std': np.float64(0.02182321177028194)}
2024-11-17 07:15:45,031 - INFO - Top 10 Std Stats: {'Max': np.float64(0.4048490583420926), 'Min': np.float64(0.31211745519588785), 'Mean': np.float64(0.3493589896160132), 'Std': np.float64(0.030783885170978697)}
2024-11-17 07:15:45,031 - INFO - Bottom 10 Mean Stats: {'Max': np.float64(91.0), 'Min': np.float64(82.0), 'Mean': np.float64(85.8), 'Std': np.float64(4.28485705712571)}
2024-11-17 07:15:45,031 - INFO - Bottom 10 Std Stats: {'Max': np.float64(0.0), 'Min': np.float64(0.0), 'Mean': np.float64(0.0), 'Std': np.float64(0.0)}
[I 2024-11-17 07:15:45,053] Trial 491 finished with value: 54.0 and parameters: {'x_0': -4, 'x_1': -3, 'x_2': -2, 'x_3': 5}. Best is trial 320 with value: 0.0.
2024-11-17 07:15:45,273 - INFO - Candidate Mean Stats: {'Max': np.float64(91.0), 'Min': np.float64(-0.42478913214842756), 'Mean': np.float64(1.126985687716554), 'Std': np.float64(7.348726472397657)}
2024-11-17 07:15:45,273 - INFO - Candidate Std Stats: {'Max': np.float64(0.5974067246318172), 'Min': np.float64(0.0), 'Mean': np.float64(0.033024456746270525), 'Std': np.float64(0.038985616084642)}
2024-11-17 07:15:45,275 - INFO - Top 10 Mean Stats: {'Max': np.float64(-0.14514875698784363), 'Min': np.float64(-0.42478913214842756), 'Mean': np.float64(-0.34141638433361593), 'Std': np.float64(0.0993890262464546)}
2024-11-17 07:15:45,275 - INFO - Top 10 Std Stats: {'Max': np.float64(0.3592909266573531), 'Min': np.float64(0.06203736578760039), 'Mean': np.float64(0.1317510610137147), 'Std': np.float64(0.1119964674802525)}
2024-11-17 07:15:45,275 - INFO - Bottom 10 Mean Stats: {'Max': np.float64(91.0), 'Min': np.float64(82.0), 'Mean': np.float64(85.8), 'Std': np.float64(4.28485705712571)}
2024-11-17 07:15:45,275 - INFO - Bottom 10 Std Stats: {'Max': np.float64(0.0), 'Min': np.float64(0.0), 'Mean': np.float64(0.0), 'Std': np.float64(0.0)}
[I 2024-11-17 07:15:45,301] Trial 492 finished with value: 25.0 and parameters: {'x_0': 3, 'x_1': -4, 'x_2': 0, 'x_3': 0}. Best is trial 320 with value: 0.0.
2024-11-17 07:15:45,545 - INFO - Candidate Mean Stats: {'Max': np.float64(91.0), 'Min': np.float64(-0.27834485433951583), 'Mean': np.float64(1.1279577278766106), 'Std': np.float64(7.351493936800441)}
2024-11-17 07:15:45,545 - INFO - Candidate Std Stats: {'Max': np.float64(0.6048094557805078), 'Min': np.float64(0.0), 'Mean': np.float64(0.032676281911272455), 'Std': np.float64(0.041772966303212776)}
2024-11-17 07:15:45,549 - INFO - Top 10 Mean Stats: {'Max': np.float64(-0.06659032743404417), 'Min': np.float64(-0.27834485433951583), 'Mean': np.float64(-0.1895785864879676), 'Std': np.float64(0.07458946017071132)}
2024-11-17 07:15:45,549 - INFO - Top 10 Std Stats: {'Max': np.float64(0.3971446629445438), 'Min': np.float64(0.14874848960823278), 'Mean': np.float64(0.2530721003701341), 'Std': np.float64(0.09152960456759084)}
2024-11-17 07:15:45,550 - INFO - Bottom 10 Mean Stats: {'Max': np.float64(91.0), 'Min': np.float64(82.0), 'Mean': np.float64(85.8), 'Std': np.float64(4.28485705712571)}
2024-11-17 07:15:45,550 - INFO - Bottom 10 Std Stats: {'Max': np.float64(0.0), 'Min': np.float64(0.0), 'Mean': np.float64(0.0), 'Std': np.float64(0.0)}
[I 2024-11-17 07:15:45,568] Trial 493 finished with value: 73.0 and parameters: {'x_0': 4, 'x_1': 5, 'x_2': -4, 'x_3': -4}. Best is trial 320 with value: 0.0.
2024-11-17 07:15:45,903 - INFO - Candidate Mean Stats: {'Max': np.float64(91.0), 'Min': np.float64(-0.4664163596030078), 'Mean': np.float64(1.1308007507846862), 'Std': np.float64(7.3757360857345855)}
2024-11-17 07:15:45,903 - INFO - Candidate Std Stats: {'Max': np.float64(0.7059998513479215), 'Min': np.float64(0.0), 'Mean': np.float64(0.03641261794812591), 'Std': np.float64(0.04179364793848592)}
2024-11-17 07:15:45,904 - INFO - Top 10 Mean Stats: {'Max': np.float64(-0.1618314745175722), 'Min': np.float64(-0.4664163596030078), 'Mean': np.float64(-0.3586874137957727), 'Std': np.float64(0.09825973428358849)}
2024-11-17 07:15:45,904 - INFO - Top 10 Std Stats: {'Max': np.float64(0.3328497179827267), 'Min': np.float64(0.10812740280547835), 'Mean': np.float64(0.16963949466425854), 'Std': np.float64(0.07857213562783712)}
2024-11-17 07:15:45,904 - INFO - Bottom 10 Mean Stats: {'Max': np.float64(91.0), 'Min': np.float64(82.0), 'Mean': np.float64(85.8), 'Std': np.float64(4.28485705712571)}
2024-11-17 07:15:45,905 - INFO - Bottom 10 Std Stats: {'Max': np.float64(0.0), 'Min': np.float64(0.0), 'Mean': np.float64(0.0), 'Std': np.float64(0.0)}
[I 2024-11-17 07:15:45,925] Trial 494 finished with value: 17.0 and parameters: {'x_0': 0, 'x_1': 4, 'x_2': 1, 'x_3': 0}. Best is trial 320 with value: 0.0.
2024-11-17 07:15:46,259 - INFO - Candidate Mean Stats: {'Max': np.float64(91.0), 'Min': np.float64(-0.3869440529465843), 'Mean': np.float64(1.1266102554023476), 'Std': np.float64(7.377714249457028)}
2024-11-17 07:15:46,259 - INFO - Candidate Std Stats: {'Max': np.float64(0.5687270891259941), 'Min': np.float64(0.0), 'Mean': np.float64(0.04684368573744765), 'Std': np.float64(0.04158794327749032)}
2024-11-17 07:15:46,261 - INFO - Top 10 Mean Stats: {'Max': np.float64(-0.1471352053523986), 'Min': np.float64(-0.3869440529465843), 'Mean': np.float64(-0.24951636486375034), 'Std': np.float64(0.09754219937370613)}
2024-11-17 07:15:46,261 - INFO - Top 10 Std Stats: {'Max': np.float64(0.46298369989537114), 'Min': np.float64(0.07353936458216008), 'Mean': np.float64(0.26379724884907774), 'Std': np.float64(0.14181748177113968)}
2024-11-17 07:15:46,261 - INFO - Bottom 10 Mean Stats: {'Max': np.float64(91.0), 'Min': np.float64(82.0), 'Mean': np.float64(85.8), 'Std': np.float64(4.28485705712571)}
2024-11-17 07:15:46,261 - INFO - Bottom 10 Std Stats: {'Max': np.float64(0.0), 'Min': np.float64(0.0), 'Mean': np.float64(0.0), 'Std': np.float64(0.0)}
[I 2024-11-17 07:15:46,281] Trial 495 finished with value: 75.0 and parameters: {'x_0': -4, 'x_1': 5, 'x_2': 3, 'x_3': -5}. Best is trial 320 with value: 0.0.
2024-11-17 07:15:46,521 - INFO - Candidate Mean Stats: {'Max': np.float64(91.0), 'Min': np.float64(-0.43694267563503475), 'Mean': np.float64(1.14078375076097), 'Std': np.float64(7.401577663857839)}
2024-11-17 07:15:46,521 - INFO - Candidate Std Stats: {'Max': np.float64(0.7242613839588011), 'Min': np.float64(0.0), 'Mean': np.float64(0.033248258016686044), 'Std': np.float64(0.04146102810786196)}
2024-11-17 07:15:46,522 - INFO - Top 10 Mean Stats: {'Max': np.float64(-0.34928800264851445), 'Min': np.float64(-0.43694267563503475), 'Mean': np.float64(-0.39042882384818917), 'Std': np.float64(0.027971548985545235)}
2024-11-17 07:15:46,523 - INFO - Top 10 Std Stats: {'Max': np.float64(0.19518561312156596), 'Min': np.float64(0.1493764603235005), 'Mean': np.float64(0.17128905831423885), 'Std': np.float64(0.013366149011907628)}
2024-11-17 07:15:46,523 - INFO - Bottom 10 Mean Stats: {'Max': np.float64(91.0), 'Min': np.float64(82.0), 'Mean': np.float64(85.8), 'Std': np.float64(4.28485705712571)}
2024-11-17 07:15:46,523 - INFO - Bottom 10 Std Stats: {'Max': np.float64(0.0), 'Min': np.float64(0.0), 'Mean': np.float64(0.0), 'Std': np.float64(0.0)}
[I 2024-11-17 07:15:46,542] Trial 496 finished with value: 5.0 and parameters: {'x_0': 2, 'x_1': 1, 'x_2': 0, 'x_3': 0}. Best is trial 320 with value: 0.0.
2024-11-17 07:15:46,749 - INFO - Candidate Mean Stats: {'Max': np.float64(91.0), 'Min': np.float64(-0.3847046292354871), 'Mean': np.float64(1.1417763128001492), 'Std': np.float64(7.401504625092732)}
2024-11-17 07:15:46,749 - INFO - Candidate Std Stats: {'Max': np.float64(0.6377920541651483), 'Min': np.float64(0.0), 'Mean': np.float64(0.03503453581338556), 'Std': np.float64(0.04300047209625774)}
2024-11-17 07:15:46,751 - INFO - Top 10 Mean Stats: {'Max': np.float64(0.019649258460999054), 'Min': np.float64(-0.3847046292354871), 'Mean': np.float64(-0.1568297900423774), 'Std': np.float64(0.12624354677103047)}
2024-11-17 07:15:46,751 - INFO - Top 10 Std Stats: {'Max': np.float64(0.5342181365165484), 'Min': np.float64(0.062484061227242024), 'Mean': np.float64(0.31388468720712404), 'Std': np.float64(0.13399081967490356)}
2024-11-17 07:15:46,751 - INFO - Bottom 10 Mean Stats: {'Max': np.float64(91.0), 'Min': np.float64(82.0), 'Mean': np.float64(85.8), 'Std': np.float64(4.28485705712571)}
2024-11-17 07:15:46,751 - INFO - Bottom 10 Std Stats: {'Max': np.float64(0.0), 'Min': np.float64(0.0), 'Mean': np.float64(0.0), 'Std': np.float64(0.0)}
[I 2024-11-17 07:15:46,771] Trial 497 finished with value: 82.0 and parameters: {'x_0': 4, 'x_1': 5, 'x_2': -5, 'x_3': 4}. Best is trial 320 with value: 0.0.
2024-11-17 07:15:47,053 - INFO - Candidate Mean Stats: {'Max': np.float64(91.0), 'Min': np.float64(-0.3514837005484375), 'Mean': np.float64(1.1458436639387921), 'Std': np.float64(7.431838789293886)}
2024-11-17 07:15:47,053 - INFO - Candidate Std Stats: {'Max': np.float64(0.7349870431651463), 'Min': np.float64(0.0), 'Mean': np.float64(0.04608585093289234), 'Std': np.float64(0.04791728657955325)}
2024-11-17 07:15:47,055 - INFO - Top 10 Mean Stats: {'Max': np.float64(-0.1892778155714171), 'Min': np.float64(-0.3514837005484375), 'Mean': np.float64(-0.2952595332525597), 'Std': np.float64(0.04917144823634837)}
2024-11-17 07:15:47,055 - INFO - Top 10 Std Stats: {'Max': np.float64(0.6376831742485632), 'Min': np.float64(0.2669380517539721), 'Mean': np.float64(0.35326386207431815), 'Std': np.float64(0.10045866024807969)}
2024-11-17 07:15:47,055 - INFO - Bottom 10 Mean Stats: {'Max': np.float64(91.0), 'Min': np.float64(82.0), 'Mean': np.float64(85.8), 'Std': np.float64(4.28485705712571)}
2024-11-17 07:15:47,055 - INFO - Bottom 10 Std Stats: {'Max': np.float64(0.0), 'Min': np.float64(0.0), 'Mean': np.float64(0.0), 'Std': np.float64(0.0)}
[I 2024-11-17 07:15:47,072] Trial 498 finished with value: 61.0 and parameters: {'x_0': -4, 'x_1': 2, 'x_2': -5, 'x_3': -4}. Best is trial 320 with value: 0.0.
2024-11-17 07:15:47,331 - INFO - Candidate Mean Stats: {'Max': np.float64(91.0), 'Min': np.float64(-0.44678141270152205), 'Mean': np.float64(1.1421842812784433), 'Std': np.float64(7.449487695441732)}
2024-11-17 07:15:47,332 - INFO - Candidate Std Stats: {'Max': np.float64(0.5455268550281605), 'Min': np.float64(0.0), 'Mean': np.float64(0.03693617205804762), 'Std': np.float64(0.04282070753697895)}
2024-11-17 07:15:47,333 - INFO - Top 10 Mean Stats: {'Max': np.float64(-0.15231278076102178), 'Min': np.float64(-0.44678141270152205), 'Mean': np.float64(-0.29869399349640957), 'Std': np.float64(0.1277636141174561)}
2024-11-17 07:15:47,333 - INFO - Top 10 Std Stats: {'Max': np.float64(0.38570018124322136), 'Min': np.float64(0.03885797123947728), 'Mean': np.float64(0.19836201243681234), 'Std': np.float64(0.15260346682784962)}
2024-11-17 07:15:47,333 - INFO - Bottom 10 Mean Stats: {'Max': np.float64(91.0), 'Min': np.float64(82.0), 'Mean': np.float64(85.8), 'Std': np.float64(4.28485705712571)}
2024-11-17 07:15:47,333 - INFO - Bottom 10 Std Stats: {'Max': np.float64(0.0), 'Min': np.float64(0.0), 'Mean': np.float64(0.0), 'Std': np.float64(0.0)}
