[I 2024-11-17 07:13:53,720] Trial 84 finished with value: 10.0 and parameters: {'x_0': 0, 'x_1': 0, 'x_2': -1, 'x_3': 3}. Best is trial 84 with value: 10.0.
2024-11-17 07:13:53,907 - INFO - Candidate Mean Stats: {'Max': np.float64(84.0), 'Min': np.float64(-0.2941282293726949), 'Mean': np.float64(0.2264665302780436), 'Std': np.float64(3.2909055022774125)}
2024-11-17 07:13:53,907 - INFO - Candidate Std Stats: {'Max': np.float64(0.5559240179181528), 'Min': np.float64(0.0), 'Mean': np.float64(0.06159594376846417), 'Std': np.float64(0.051659115345598236)}
2024-11-17 07:13:53,908 - INFO - Top 10 Mean Stats: {'Max': np.float64(-0.07125420707944845), 'Min': np.float64(-0.2941282293726949), 'Mean': np.float64(-0.1847811772678571), 'Std': np.float64(0.06171836058052332)}
2024-11-17 07:13:53,908 - INFO - Top 10 Std Stats: {'Max': np.float64(0.44211071698841), 'Min': np.float64(0.2878671733324687), 'Mean': np.float64(0.3673373638302453), 'Std': np.float64(0.03829522102899246)}
2024-11-17 07:13:53,908 - INFO - Bottom 10 Mean Stats: {'Max': np.float64(84.0), 'Min': np.float64(66.0), 'Mean': np.float64(71.8), 'Std': np.float64(6.64529909033446)}
2024-11-17 07:13:53,908 - INFO - Bottom 10 Std Stats: {'Max': np.float64(0.0), 'Min': np.float64(0.0), 'Mean': np.float64(0.0), 'Std': np.float64(0.0)}
2024-11-17 07:13:53,914 - INFO - Candidate Mean Stats: {'Max': np.float64(91.0), 'Min': np.float64(-0.21683219482305915), 'Mean': np.float64(0.2319341547593387), 'Std': np.float64(3.3447945479110937)}
2024-11-17 07:13:53,914 - INFO - Candidate Std Stats: {'Max': np.float64(0.42238855404248105), 'Min': np.float64(0.0), 'Mean': np.float64(0.06364814182484736), 'Std': np.float64(0.04697866011362192)}
2024-11-17 07:13:53,916 - INFO - Top 10 Mean Stats: {'Max': np.float64(-0.14675415675956566), 'Min': np.float64(-0.21683219482305915), 'Mean': np.float64(-0.18337150050596937), 'Std': np.float64(0.026541963390024875)}
2024-11-17 07:13:53,916 - INFO - Top 10 Std Stats: {'Max': np.float64(0.40169488285077287), 'Min': np.float64(0.2700520680839155), 'Mean': np.float64(0.33154651459360457), 'Std': np.float64(0.03638823241118985)}
2024-11-17 07:13:53,916 - INFO - Bottom 10 Mean Stats: {'Max': np.float64(91.0), 'Min': np.float64(63.0), 'Mean': np.float64(76.4), 'Std': np.float64(8.380930735902785)}
2024-11-17 07:13:53,916 - INFO - Bottom 10 Std Stats: {'Max': np.float64(0.0), 'Min': np.float64(0.0), 'Mean': np.float64(0.0), 'Std': np.float64(0.0)}
[I 2024-11-17 07:13:53,923] Trial 85 finished with value: 9.0 and parameters: {'x_0': -1, 'x_1': 2, 'x_2': 0, 'x_3': 2}. Best is trial 76 with value: 7.0.
[I 2024-11-17 07:13:53,931] Trial 85 finished with value: 42.0 and parameters: {'x_0': 4, 'x_1': -4, 'x_2': -3, 'x_3': 1}. Best is trial 84 with value: 10.0.
2024-11-17 07:13:53,932 - INFO - Candidate Mean Stats: {'Max': np.float64(75.0), 'Min': np.float64(-0.28073808059534633), 'Mean': np.float64(0.20995919108681663), 'Std': np.float64(3.1289957890443567)}
2024-11-17 07:13:53,932 - INFO - Candidate Std Stats: {'Max': np.float64(0.539484455355758), 'Min': np.float64(0.0), 'Mean': np.float64(0.06188605457104624), 'Std': np.float64(0.05050537518103003)}
2024-11-17 07:13:53,933 - INFO - Top 10 Mean Stats: {'Max': np.float64(-0.16721793325096007), 'Min': np.float64(-0.27199982271362877), 'Mean': np.float64(-0.2376694372662333), 'Std': np.float64(0.029410161825030548)}
2024-11-17 07:13:53,933 - INFO - Top 10 Std Stats: {'Max': np.float64(0.539484455355758), 'Min': np.float64(0.3912517600721409), 'Mean': np.float64(0.4665677999468974), 'Std': np.float64(0.04039410427230662)}
2024-11-17 07:13:53,933 - INFO - Bottom 10 Mean Stats: {'Max': np.float64(75.0), 'Min': np.float64(59.0), 'Mean': np.float64(66.7), 'Std': np.float64(5.950630218724736)}
2024-11-17 07:13:53,933 - INFO - Bottom 10 Std Stats: {'Max': np.float64(0.0), 'Min': np.float64(0.0), 'Mean': np.float64(0.0), 'Std': np.float64(0.0)}
[I 2024-11-17 07:13:53,946] Trial 81 finished with value: 15.0 and parameters: {'x_0': -1, 'x_1': 3, 'x_2': 2, 'x_3': 1}. Best is trial 7 with value: 6.0.
2024-11-17 07:13:54,158 - INFO - Candidate Mean Stats: {'Max': np.float64(91.0), 'Min': np.float64(-0.22677971592310414), 'Mean': np.float64(0.23618612735980274), 'Std': np.float64(3.3624609183435656)}
2024-11-17 07:13:54,158 - INFO - Candidate Std Stats: {'Max': np.float64(0.44252142813478534), 'Min': np.float64(0.0), 'Mean': np.float64(0.06467145431938752), 'Std': np.float64(0.04555017887852426)}
2024-11-17 07:13:54,159 - INFO - Top 10 Mean Stats: {'Max': np.float64(-0.08630206195874071), 'Min': np.float64(-0.22677971592310414), 'Mean': np.float64(-0.1470511396331435), 'Std': np.float64(0.04069133402073185)}
2024-11-17 07:13:54,159 - INFO - Top 10 Std Stats: {'Max': np.float64(0.40336711226443894), 'Min': np.float64(0.2221913983915898), 'Mean': np.float64(0.3110401710796743), 'Std': np.float64(0.04970170912815723)}
2024-11-17 07:13:54,159 - INFO - Bottom 10 Mean Stats: {'Max': np.float64(91.0), 'Min': np.float64(63.0), 'Mean': np.float64(76.4), 'Std': np.float64(8.380930735902785)}
2024-11-17 07:13:54,159 - INFO - Bottom 10 Std Stats: {'Max': np.float64(0.0), 'Min': np.float64(0.0), 'Mean': np.float64(0.0), 'Std': np.float64(0.0)}
[I 2024-11-17 07:13:54,175] Trial 86 finished with value: 58.0 and parameters: {'x_0': 4, 'x_1': -5, 'x_2': -1, 'x_3': 4}. Best is trial 84 with value: 10.0.
2024-11-17 07:13:54,179 - INFO - Candidate Mean Stats: {'Max': np.float64(84.0), 'Min': np.float64(-0.22279196553692743), 'Mean': np.float64(0.22642412052403169), 'Std': np.float64(3.2917526551139122)}
2024-11-17 07:13:54,179 - INFO - Candidate Std Stats: {'Max': np.float64(0.43669553382813214), 'Min': np.float64(0.0), 'Mean': np.float64(0.06446334465497945), 'Std': np.float64(0.04734242036653902)}
2024-11-17 07:13:54,180 - INFO - Top 10 Mean Stats: {'Max': np.float64(-0.14201294924026092), 'Min': np.float64(-0.22279196553692743), 'Mean': np.float64(-0.18989845478131787), 'Std': np.float64(0.02522775398848993)}
2024-11-17 07:13:54,180 - INFO - Top 10 Std Stats: {'Max': np.float64(0.43141271350395616), 'Min': np.float64(0.2816733677490058), 'Mean': np.float64(0.36662725975113386), 'Std': np.float64(0.04507636078442422)}
2024-11-17 07:13:54,180 - INFO - Bottom 10 Mean Stats: {'Max': np.float64(84.0), 'Min': np.float64(66.0), 'Mean': np.float64(71.8), 'Std': np.float64(6.64529909033446)}
2024-11-17 07:13:54,180 - INFO - Bottom 10 Std Stats: {'Max': np.float64(0.0), 'Min': np.float64(0.0), 'Mean': np.float64(0.0), 'Std': np.float64(0.0)}
[I 2024-11-17 07:13:54,194] Trial 86 finished with value: 7.0 and parameters: {'x_0': -1, 'x_1': 2, 'x_2': 1, 'x_3': 1}. Best is trial 76 with value: 7.0.
2024-11-17 07:13:54,214 - INFO - Candidate Mean Stats: {'Max': np.float64(75.0), 'Min': np.float64(-0.2611945958684577), 'Mean': np.float64(0.21260060960819477), 'Std': np.float64(3.1312601372940407)}
2024-11-17 07:13:54,214 - INFO - Candidate Std Stats: {'Max': np.float64(0.5537095992196939), 'Min': np.float64(0.0), 'Mean': np.float64(0.06348621450643735), 'Std': np.float64(0.048436629498507126)}
2024-11-17 07:13:54,215 - INFO - Top 10 Mean Stats: {'Max': np.float64(-0.1080180252066556), 'Min': np.float64(-0.2611945958684577), 'Mean': np.float64(-0.18511816516649574), 'Std': np.float64(0.04248216899649678)}
2024-11-17 07:13:54,215 - INFO - Top 10 Std Stats: {'Max': np.float64(0.5537095992196939), 'Min': np.float64(0.27383689039432413), 'Mean': np.float64(0.38656315350937076), 'Std': np.float64(0.0730453189414024)}
2024-11-17 07:13:54,215 - INFO - Bottom 10 Mean Stats: {'Max': np.float64(75.0), 'Min': np.float64(59.0), 'Mean': np.float64(66.7), 'Std': np.float64(5.950630218724736)}
2024-11-17 07:13:54,215 - INFO - Bottom 10 Std Stats: {'Max': np.float64(0.0), 'Min': np.float64(0.0), 'Mean': np.float64(0.0), 'Std': np.float64(0.0)}
[I 2024-11-17 07:13:54,230] Trial 82 finished with value: 10.0 and parameters: {'x_0': 3, 'x_1': 0, 'x_2': 1, 'x_3': 0}. Best is trial 7 with value: 6.0.
2024-11-17 07:13:54,421 - INFO - Candidate Mean Stats: {'Max': np.float64(91.0), 'Min': np.float64(-0.24299152280537012), 'Mean': np.float64(0.24056579414297932), 'Std': np.float64(3.396162535088035)}
2024-11-17 07:13:54,421 - INFO - Candidate Std Stats: {'Max': np.float64(0.5186996238141816), 'Min': np.float64(0.0), 'Mean': np.float64(0.06593614563349998), 'Std': np.float64(0.047573033053869326)}
2024-11-17 07:13:54,422 - INFO - Top 10 Mean Stats: {'Max': np.float64(-0.16343121059102514), 'Min': np.float64(-0.24299152280537012), 'Mean': np.float64(-0.19127860462419866), 'Std': np.float64(0.027291921311676865)}
2024-11-17 07:13:54,423 - INFO - Top 10 Std Stats: {'Max': np.float64(0.4215194011088464), 'Min': np.float64(0.30640403415483036), 'Mean': np.float64(0.342459523517919), 'Std': np.float64(0.031230507876834526)}
2024-11-17 07:13:54,423 - INFO - Bottom 10 Mean Stats: {'Max': np.float64(91.0), 'Min': np.float64(63.0), 'Mean': np.float64(76.4), 'Std': np.float64(8.380930735902785)}
2024-11-17 07:13:54,423 - INFO - Bottom 10 Std Stats: {'Max': np.float64(0.0), 'Min': np.float64(0.0), 'Mean': np.float64(0.0), 'Std': np.float64(0.0)}
[I 2024-11-17 07:13:54,435] Trial 87 finished with value: 34.0 and parameters: {'x_0': 1, 'x_1': 5, 'x_2': -2, 'x_3': -2}. Best is trial 84 with value: 10.0.
2024-11-17 07:13:54,450 - INFO - Candidate Mean Stats: {'Max': np.float64(84.0), 'Min': np.float64(-0.24872022614950237), 'Mean': np.float64(0.22853820813778394), 'Std': np.float64(3.292116620600329)}
2024-11-17 07:13:54,450 - INFO - Candidate Std Stats: {'Max': np.float64(0.43446505412599346), 'Min': np.float64(0.0), 'Mean': np.float64(0.06608641097289016), 'Std': np.float64(0.045812396528551444)}
2024-11-17 07:13:54,451 - INFO - Top 10 Mean Stats: {'Max': np.float64(-0.1359292802095679), 'Min': np.float64(-0.24872022614950237), 'Mean': np.float64(-0.18294426392820345), 'Std': np.float64(0.030152727394248503)}
2024-11-17 07:13:54,451 - INFO - Top 10 Std Stats: {'Max': np.float64(0.3950277425127453), 'Min': np.float64(0.2839246670434935), 'Mean': np.float64(0.3325805090469355), 'Std': np.float64(0.03246653300177357)}
2024-11-17 07:13:54,451 - INFO - Bottom 10 Mean Stats: {'Max': np.float64(84.0), 'Min': np.float64(66.0), 'Mean': np.float64(71.8), 'Std': np.float64(6.64529909033446)}
2024-11-17 07:13:54,451 - INFO - Bottom 10 Std Stats: {'Max': np.float64(0.0), 'Min': np.float64(0.0), 'Mean': np.float64(0.0), 'Std': np.float64(0.0)}
2024-11-17 07:13:54,456 - INFO - Candidate Mean Stats: {'Max': np.float64(75.0), 'Min': np.float64(-0.3060335842981082), 'Mean': np.float64(0.21313220069148017), 'Std': np.float64(3.132334695086874)}
2024-11-17 07:13:54,456 - INFO - Candidate Std Stats: {'Max': np.float64(0.5122233063414618), 'Min': np.float64(0.0), 'Mean': np.float64(0.06651907669138173), 'Std': np.float64(0.04749617250898501)}
2024-11-17 07:13:54,457 - INFO - Top 10 Mean Stats: {'Max': np.float64(-0.0102412138630394), 'Min': np.float64(-0.3060335842981082), 'Mean': np.float64(-0.18656358138937273), 'Std': np.float64(0.07366860721598986)}
2024-11-17 07:13:54,457 - INFO - Top 10 Std Stats: {'Max': np.float64(0.5122233063414618), 'Min': np.float64(0.2655007553302238), 'Mean': np.float64(0.33886280548489967), 'Std': np.float64(0.0665021116440493)}
2024-11-17 07:13:54,457 - INFO - Bottom 10 Mean Stats: {'Max': np.float64(75.0), 'Min': np.float64(59.0), 'Mean': np.float64(66.7), 'Std': np.float64(5.950630218724736)}
2024-11-17 07:13:54,457 - INFO - Bottom 10 Std Stats: {'Max': np.float64(0.0), 'Min': np.float64(0.0), 'Mean': np.float64(0.0), 'Std': np.float64(0.0)}
[I 2024-11-17 07:13:54,464] Trial 87 finished with value: 17.0 and parameters: {'x_0': -2, 'x_1': -2, 'x_2': -3, 'x_3': 0}. Best is trial 76 with value: 7.0.
[I 2024-11-17 07:13:54,470] Trial 83 finished with value: 51.0 and parameters: {'x_0': 1, 'x_1': 4, 'x_2': 5, 'x_3': -3}. Best is trial 7 with value: 6.0.
2024-11-17 07:13:54,678 - INFO - Candidate Mean Stats: {'Max': np.float64(91.0), 'Min': np.float64(-0.32413929876872866), 'Mean': np.float64(0.2411706381080649), 'Std': np.float64(3.40770851572623)}
2024-11-17 07:13:54,678 - INFO - Candidate Std Stats: {'Max': np.float64(0.5950842267176626), 'Min': np.float64(0.0), 'Mean': np.float64(0.06357008560362692), 'Std': np.float64(0.04864095249285379)}
2024-11-17 07:13:54,680 - INFO - Top 10 Mean Stats: {'Max': np.float64(-0.19245598354856225), 'Min': np.float64(-0.32413929876872866), 'Mean': np.float64(-0.23266401485017663), 'Std': np.float64(0.0340082012636701)}
2024-11-17 07:13:54,680 - INFO - Top 10 Std Stats: {'Max': np.float64(0.5950842267176626), 'Min': np.float64(0.374540001630194), 'Mean': np.float64(0.443476256606988), 'Std': np.float64(0.06195784916177629)}
2024-11-17 07:13:54,680 - INFO - Bottom 10 Mean Stats: {'Max': np.float64(91.0), 'Min': np.float64(63.0), 'Mean': np.float64(76.4), 'Std': np.float64(8.380930735902785)}
2024-11-17 07:13:54,680 - INFO - Bottom 10 Std Stats: {'Max': np.float64(0.0), 'Min': np.float64(0.0), 'Mean': np.float64(0.0), 'Std': np.float64(0.0)}
2024-11-17 07:13:54,681 - INFO - Candidate Mean Stats: {'Max': np.float64(84.0), 'Min': np.float64(-0.29141891621954374), 'Mean': np.float64(0.22883221328965728), 'Std': np.float64(3.2950903867957053)}
2024-11-17 07:13:54,681 - INFO - Candidate Std Stats: {'Max': np.float64(0.5205000235299607), 'Min': np.float64(0.0), 'Mean': np.float64(0.06248034753935188), 'Std': np.float64(0.047821700114985946)}
2024-11-17 07:13:54,682 - INFO - Top 10 Mean Stats: {'Max': np.float64(-0.17775532737556668), 'Min': np.float64(-0.29141891621954374), 'Mean': np.float64(-0.23218376234299512), 'Std': np.float64(0.03994637055768113)}
2024-11-17 07:13:54,682 - INFO - Top 10 Std Stats: {'Max': np.float64(0.42428329494044614), 'Min': np.float64(0.2785441465159324), 'Mean': np.float64(0.34087625904375896), 'Std': np.float64(0.046699345857705146)}
2024-11-17 07:13:54,683 - INFO - Bottom 10 Mean Stats: {'Max': np.float64(84.0), 'Min': np.float64(66.0), 'Mean': np.float64(71.8), 'Std': np.float64(6.64529909033446)}
2024-11-17 07:13:54,683 - INFO - Bottom 10 Std Stats: {'Max': np.float64(0.0), 'Min': np.float64(0.0), 'Mean': np.float64(0.0), 'Std': np.float64(0.0)}
[I 2024-11-17 07:13:54,694] Trial 88 finished with value: 59.0 and parameters: {'x_0': -5, 'x_1': 3, 'x_2': 3, 'x_3': -4}. Best is trial 84 with value: 10.0.
[I 2024-11-17 07:13:54,695] Trial 88 finished with value: 58.0 and parameters: {'x_0': 2, 'x_1': 2, 'x_2': -5, 'x_3': 5}. Best is trial 76 with value: 7.0.
2024-11-17 07:13:54,730 - INFO - Candidate Mean Stats: {'Max': np.float64(75.0), 'Min': np.float64(-0.267754940500692), 'Mean': np.float64(0.21572131153326804), 'Std': np.float64(3.1603809822752718)}
2024-11-17 07:13:54,730 - INFO - Candidate Std Stats: {'Max': np.float64(0.4064622517355959), 'Min': np.float64(0.0), 'Mean': np.float64(0.06579757737409204), 'Std': np.float64(0.046030373840255434)}
2024-11-17 07:13:54,732 - INFO - Top 10 Mean Stats: {'Max': np.float64(-0.11265794482722054), 'Min': np.float64(-0.267754940500692), 'Mean': np.float64(-0.18522932073536874), 'Std': np.float64(0.042790883736056204)}
2024-11-17 07:13:54,732 - INFO - Top 10 Std Stats: {'Max': np.float64(0.3998583285121543), 'Min': np.float64(0.22494867834890084), 'Mean': np.float64(0.3091591542189516), 'Std': np.float64(0.04993477755116359)}
2024-11-17 07:13:54,732 - INFO - Bottom 10 Mean Stats: {'Max': np.float64(75.0), 'Min': np.float64(59.0), 'Mean': np.float64(66.7), 'Std': np.float64(5.950630218724736)}
2024-11-17 07:13:54,732 - INFO - Bottom 10 Std Stats: {'Max': np.float64(0.0), 'Min': np.float64(0.0), 'Mean': np.float64(0.0), 'Std': np.float64(0.0)}
[I 2024-11-17 07:13:54,747] Trial 84 finished with value: 9.0 and parameters: {'x_0': -2, 'x_1': 2, 'x_2': 1, 'x_3': 0}. Best is trial 7 with value: 6.0.
2024-11-17 07:13:54,883 - INFO - Candidate Mean Stats: {'Max': np.float64(84.0), 'Min': np.float64(-0.2284247672683116), 'Mean': np.float64(0.23217990829017365), 'Std': np.float64(3.329544068902175)}
2024-11-17 07:13:54,883 - INFO - Candidate Std Stats: {'Max': np.float64(0.3962219222970021), 'Min': np.float64(0.0), 'Mean': np.float64(0.06383174472785248), 'Std': np.float64(0.048289138147897696)}
2024-11-17 07:13:54,884 - INFO - Top 10 Mean Stats: {'Max': np.float64(-0.08041170662510447), 'Min': np.float64(-0.19680431483997776), 'Mean': np.float64(-0.15424761661642156), 'Std': np.float64(0.036131808065715365)}
2024-11-17 07:13:54,884 - INFO - Top 10 Std Stats: {'Max': np.float64(0.3962219222970021), 'Min': np.float64(0.29084530421448035), 'Mean': np.float64(0.3342117389610306), 'Std': np.float64(0.035006023880355806)}
2024-11-17 07:13:54,884 - INFO - Bottom 10 Mean Stats: {'Max': np.float64(84.0), 'Min': np.float64(66.0), 'Mean': np.float64(71.8), 'Std': np.float64(6.64529909033446)}
2024-11-17 07:13:54,885 - INFO - Bottom 10 Std Stats: {'Max': np.float64(0.0), 'Min': np.float64(0.0), 'Mean': np.float64(0.0), 'Std': np.float64(0.0)}
2024-11-17 07:13:54,891 - INFO - Candidate Mean Stats: {'Max': np.float64(91.0), 'Min': np.float64(-0.2801730328999963), 'Mean': np.float64(0.24534268909937587), 'Std': np.float64(3.442123595232885)}
2024-11-17 07:13:54,891 - INFO - Candidate Std Stats: {'Max': np.float64(0.5227241746973565), 'Min': np.float64(0.0), 'Mean': np.float64(0.06290540037032501), 'Std': np.float64(0.048215843445528386)}
2024-11-17 07:13:54,893 - INFO - Top 10 Mean Stats: {'Max': np.float64(0.0038320995895150035), 'Min': np.float64(-0.2801730328999963), 'Mean': np.float64(-0.18528753770075476), 'Std': np.float64(0.07441809902717038)}
2024-11-17 07:13:54,893 - INFO - Top 10 Std Stats: {'Max': np.float64(0.5227241746973565), 'Min': np.float64(0.2940426630400582), 'Mean': np.float64(0.3631368326694983), 'Std': np.float64(0.06399371340838127)}
2024-11-17 07:13:54,893 - INFO - Bottom 10 Mean Stats: {'Max': np.float64(91.0), 'Min': np.float64(63.0), 'Mean': np.float64(76.4), 'Std': np.float64(8.380930735902785)}
2024-11-17 07:13:54,893 - INFO - Bottom 10 Std Stats: {'Max': np.float64(0.0), 'Min': np.float64(0.0), 'Mean': np.float64(0.0), 'Std': np.float64(0.0)}
[I 2024-11-17 07:13:54,898] Trial 89 finished with value: 58.0 and parameters: {'x_0': -5, 'x_1': -1, 'x_2': 4, 'x_3': 4}. Best is trial 76 with value: 7.0.
[I 2024-11-17 07:13:54,907] Trial 89 finished with value: 75.0 and parameters: {'x_0': 5, 'x_1': -3, 'x_2': -5, 'x_3': -4}. Best is trial 84 with value: 10.0.
2024-11-17 07:13:54,983 - INFO - Candidate Mean Stats: {'Max': np.float64(75.0), 'Min': np.float64(-0.2555725689255342), 'Mean': np.float64(0.21759351506276772), 'Std': np.float64(3.1611139487696205)}
2024-11-17 07:13:54,983 - INFO - Candidate Std Stats: {'Max': np.float64(0.5334688521592549), 'Min': np.float64(0.0), 'Mean': np.float64(0.062467332674679577), 'Std': np.float64(0.04787892882664333)}
2024-11-17 07:13:54,984 - INFO - Top 10 Mean Stats: {'Max': np.float64(-0.14544894265314265), 'Min': np.float64(-0.2555725689255342), 'Mean': np.float64(-0.19620578535219346), 'Std': np.float64(0.033136000831533084)}
2024-11-17 07:13:54,984 - INFO - Top 10 Std Stats: {'Max': np.float64(0.5334688521592549), 'Min': np.float64(0.31966095939505357), 'Mean': np.float64(0.3922318775964387), 'Std': np.float64(0.05564069308747569)}
2024-11-17 07:13:54,984 - INFO - Bottom 10 Mean Stats: {'Max': np.float64(75.0), 'Min': np.float64(59.0), 'Mean': np.float64(66.7), 'Std': np.float64(5.950630218724736)}
2024-11-17 07:13:54,984 - INFO - Bottom 10 Std Stats: {'Max': np.float64(0.0), 'Min': np.float64(0.0), 'Mean': np.float64(0.0), 'Std': np.float64(0.0)}
[I 2024-11-17 07:13:54,999] Trial 85 finished with value: 49.0 and parameters: {'x_0': 2, 'x_1': -5, 'x_2': 4, 'x_3': 2}. Best is trial 7 with value: 6.0.
2024-11-17 07:13:55,112 - INFO - Candidate Mean Stats: {'Max': np.float64(91.0), 'Min': np.float64(-0.2670780612526983), 'Mean': np.float64(0.2515230258205222), 'Std': np.float64(3.497049224718863)}
2024-11-17 07:13:55,112 - INFO - Candidate Std Stats: {'Max': np.float64(0.43568524477662485), 'Min': np.float64(0.0), 'Mean': np.float64(0.06380756415687666), 'Std': np.float64(0.04803625113493736)}
2024-11-17 07:13:55,114 - INFO - Top 10 Mean Stats: {'Max': np.float64(-0.13229515786142326), 'Min': np.float64(-0.2670780612526983), 'Mean': np.float64(-0.1868752053770917), 'Std': np.float64(0.03809914174835674)}
2024-11-17 07:13:55,114 - INFO - Top 10 Std Stats: {'Max': np.float64(0.43568524477662485), 'Min': np.float64(0.25906457818947914), 'Mean': np.float64(0.3265699924622691), 'Std': np.float64(0.045404332246493116)}
2024-11-17 07:13:55,114 - INFO - Bottom 10 Mean Stats: {'Max': np.float64(91.0), 'Min': np.float64(63.0), 'Mean': np.float64(77.6), 'Std': np.float64(7.1442284397967)}
2024-11-17 07:13:55,114 - INFO - Bottom 10 Std Stats: {'Max': np.float64(0.0), 'Min': np.float64(0.0), 'Mean': np.float64(0.0), 'Std': np.float64(0.0)}
