[I 2024-11-17 07:13:36,750] Trial 14 finished with value: 61.0 and parameters: {'x_0': -4, 'x_1': 5, 'x_2': 4, 'x_3': -2}. Best is trial 7 with value: 6.0.
2024-11-17 07:13:36,832 - INFO - Candidate Mean Stats: {'Max': np.float64(75.0), 'Min': np.float64(-0.1941965963734607), 'Mean': np.float64(0.04212884815200984), 'Std': np.float64(1.3699725346499958)}
2024-11-17 07:13:36,832 - INFO - Candidate Std Stats: {'Max': np.float64(0.476128695694184), 'Min': np.float64(0.0), 'Mean': np.float64(0.06371254951436715), 'Std': np.float64(0.047202882771705985)}
2024-11-17 07:13:36,833 - INFO - Top 10 Mean Stats: {'Max': np.float64(-0.11776055323400099), 'Min': np.float64(-0.1888084229318149), 'Mean': np.float64(-0.15363670796115406), 'Std': np.float64(0.02369132437974225)}
2024-11-17 07:13:36,833 - INFO - Top 10 Std Stats: {'Max': np.float64(0.36102596217714344), 'Min': np.float64(0.2806271834191171), 'Mean': np.float64(0.3137276053950676), 'Std': np.float64(0.020831569916314595)}
2024-11-17 07:13:36,833 - INFO - Bottom 10 Mean Stats: {'Max': np.float64(75.0), 'Min': np.float64(35.0), 'Mean': np.float64(47.6), 'Std': np.float64(12.354756169184402)}
2024-11-17 07:13:36,833 - INFO - Bottom 10 Std Stats: {'Max': np.float64(0.0), 'Min': np.float64(0.0), 'Mean': np.float64(0.0), 'Std': np.float64(0.0)}
[I 2024-11-17 07:13:36,853] Trial 15 finished with value: 26.0 and parameters: {'x_0': 0, 'x_1': -3, 'x_2': 1, 'x_3': -4}. Best is trial 1 with value: 20.0.
2024-11-17 07:13:36,931 - INFO - Candidate Mean Stats: {'Max': np.float64(67.0), 'Min': np.float64(-0.24628445053726988), 'Mean': np.float64(0.04191546715395573), 'Std': np.float64(1.3741909535515169)}
2024-11-17 07:13:36,931 - INFO - Candidate Std Stats: {'Max': np.float64(0.4726770674587548), 'Min': np.float64(0.0), 'Mean': np.float64(0.06715840813023677), 'Std': np.float64(0.04433426998452997)}
2024-11-17 07:13:36,933 - INFO - Top 10 Mean Stats: {'Max': np.float64(-0.13683769008474148), 'Min': np.float64(-0.24628445053726988), 'Mean': np.float64(-0.17067184335354862), 'Std': np.float64(0.031249049779381984)}
2024-11-17 07:13:36,933 - INFO - Top 10 Std Stats: {'Max': np.float64(0.38019205836333964), 'Min': np.float64(0.2556046422271461), 'Mean': np.float64(0.3175700431114959), 'Std': np.float64(0.03565104013689785)}
2024-11-17 07:13:36,933 - INFO - Bottom 10 Mean Stats: {'Max': np.float64(67.0), 'Min': np.float64(30.0), 'Mean': np.float64(47.8), 'Std': np.float64(12.351518125315609)}
2024-11-17 07:13:36,933 - INFO - Bottom 10 Std Stats: {'Max': np.float64(0.0), 'Min': np.float64(0.0), 'Mean': np.float64(0.0), 'Std': np.float64(0.0)}
[I 2024-11-17 07:13:36,947] Trial 16 finished with value: 36.0 and parameters: {'x_0': -3, 'x_1': -1, 'x_2': 5, 'x_3': -1}. Best is trial 3 with value: 13.0.
2024-11-17 07:13:36,965 - INFO - Candidate Mean Stats: {'Max': np.float64(66.0), 'Min': np.float64(-0.2857868545179789), 'Mean': np.float64(0.04699907673668013), 'Std': np.float64(1.5713769972031393)}
2024-11-17 07:13:36,965 - INFO - Candidate Std Stats: {'Max': np.float64(0.5044115672085543), 'Min': np.float64(0.0), 'Mean': np.float64(0.065613339159885), 'Std': np.float64(0.04780678382453281)}
2024-11-17 07:13:36,966 - INFO - Top 10 Mean Stats: {'Max': np.float64(-0.13702110828222472), 'Min': np.float64(-0.2857868545179789), 'Mean': np.float64(-0.21876964580575858), 'Std': np.float64(0.046784450933379046)}
2024-11-17 07:13:36,967 - INFO - Top 10 Std Stats: {'Max': np.float64(0.5044115672085543), 'Min': np.float64(0.25818213353579844), 'Mean': np.float64(0.3978581592158987), 'Std': np.float64(0.07776870483425663)}
2024-11-17 07:13:36,967 - INFO - Bottom 10 Mean Stats: {'Max': np.float64(66.0), 'Min': np.float64(45.0), 'Mean': np.float64(55.0), 'Std': np.float64(5.932958789676531)}
2024-11-17 07:13:36,967 - INFO - Bottom 10 Std Stats: {'Max': np.float64(0.0), 'Min': np.float64(0.0), 'Mean': np.float64(0.0), 'Std': np.float64(0.0)}
[I 2024-11-17 07:13:36,983] Trial 15 finished with value: 33.0 and parameters: {'x_0': 2, 'x_1': -2, 'x_2': 3, 'x_3': -4}. Best is trial 7 with value: 6.0.
2024-11-17 07:13:37,080 - INFO - Candidate Mean Stats: {'Max': np.float64(75.0), 'Min': np.float64(-0.24898202331295555), 'Mean': np.float64(0.042469217234706945), 'Std': np.float64(1.3867162860403641)}
2024-11-17 07:13:37,080 - INFO - Candidate Std Stats: {'Max': np.float64(0.48838471943350514), 'Min': np.float64(0.0), 'Mean': np.float64(0.06409614158687643), 'Std': np.float64(0.048224662835788905)}
2024-11-17 07:13:37,081 - INFO - Top 10 Mean Stats: {'Max': np.float64(-0.1548245625397945), 'Min': np.float64(-0.24898202331295555), 'Mean': np.float64(-0.19210352499138342), 'Std': np.float64(0.0332665376120195)}
2024-11-17 07:13:37,081 - INFO - Top 10 Std Stats: {'Max': np.float64(0.48838471943350514), 'Min': np.float64(0.2683450287772396), 'Mean': np.float64(0.31901977831144124), 'Std': np.float64(0.061777535970489336)}
2024-11-17 07:13:37,081 - INFO - Bottom 10 Mean Stats: {'Max': np.float64(75.0), 'Min': np.float64(35.0), 'Mean': np.float64(47.6), 'Std': np.float64(12.354756169184402)}
2024-11-17 07:13:37,081 - INFO - Bottom 10 Std Stats: {'Max': np.float64(0.0), 'Min': np.float64(0.0), 'Mean': np.float64(0.0), 'Std': np.float64(0.0)}
[I 2024-11-17 07:13:37,096] Trial 16 finished with value: 46.0 and parameters: {'x_0': 5, 'x_1': 1, 'x_2': 4, 'x_3': 2}. Best is trial 1 with value: 20.0.
2024-11-17 07:13:37,209 - INFO - Candidate Mean Stats: {'Max': np.float64(67.0), 'Min': np.float64(-0.27407386745588747), 'Mean': np.float64(0.043935105246018076), 'Std': np.float64(1.4059514957798036)}
2024-11-17 07:13:37,209 - INFO - Candidate Std Stats: {'Max': np.float64(0.5333840790935496), 'Min': np.float64(0.0), 'Mean': np.float64(0.061693720753205755), 'Std': np.float64(0.05030167089019466)}
2024-11-17 07:13:37,211 - INFO - Top 10 Mean Stats: {'Max': np.float64(-0.1596388281777262), 'Min': np.float64(-0.27407386745588747), 'Mean': np.float64(-0.2182479350178353), 'Std': np.float64(0.03847945824265014)}
2024-11-17 07:13:37,211 - INFO - Top 10 Std Stats: {'Max': np.float64(0.5333840790935496), 'Min': np.float64(0.322581608004946), 'Mean': np.float64(0.4164432508017578), 'Std': np.float64(0.05788125606634209)}
2024-11-17 07:13:37,211 - INFO - Bottom 10 Mean Stats: {'Max': np.float64(67.0), 'Min': np.float64(34.0), 'Mean': np.float64(48.4), 'Std': np.float64(11.594826432508595)}
2024-11-17 07:13:37,211 - INFO - Bottom 10 Std Stats: {'Max': np.float64(0.0), 'Min': np.float64(0.0), 'Mean': np.float64(0.0), 'Std': np.float64(0.0)}
[I 2024-11-17 07:13:37,227] Trial 17 finished with value: 66.0 and parameters: {'x_0': 4, 'x_1': -4, 'x_2': 5, 'x_3': 3}. Best is trial 3 with value: 13.0.
2024-11-17 07:13:37,258 - INFO - Candidate Mean Stats: {'Max': np.float64(66.0), 'Min': np.float64(-0.26120386243896115), 'Mean': np.float64(0.050159761689301266), 'Std': np.float64(1.5947632644404968)}
2024-11-17 07:13:37,258 - INFO - Candidate Std Stats: {'Max': np.float64(0.5255340215373758), 'Min': np.float64(0.0), 'Mean': np.float64(0.06578182393971137), 'Std': np.float64(0.046838545992534356)}
2024-11-17 07:13:37,260 - INFO - Top 10 Mean Stats: {'Max': np.float64(-0.11503182143838124), 'Min': np.float64(-0.26120386243896115), 'Mean': np.float64(-0.16901405096589195), 'Std': np.float64(0.0387296872822527)}
2024-11-17 07:13:37,260 - INFO - Top 10 Std Stats: {'Max': np.float64(0.4053861885366642), 'Min': np.float64(0.293497781227096), 'Mean': np.float64(0.33465121725530345), 'Std': np.float64(0.03004985609314151)}
2024-11-17 07:13:37,260 - INFO - Bottom 10 Mean Stats: {'Max': np.float64(66.0), 'Min': np.float64(45.0), 'Mean': np.float64(55.0), 'Std': np.float64(5.932958789676531)}
2024-11-17 07:13:37,261 - INFO - Bottom 10 Std Stats: {'Max': np.float64(0.0), 'Min': np.float64(0.0), 'Mean': np.float64(0.0), 'Std': np.float64(0.0)}
[I 2024-11-17 07:13:37,278] Trial 16 finished with value: 59.0 and parameters: {'x_0': -3, 'x_1': -3, 'x_2': -4, 'x_3': 5}. Best is trial 7 with value: 6.0.
2024-11-17 07:13:37,327 - INFO - Candidate Mean Stats: {'Max': np.float64(75.0), 'Min': np.float64(-0.2066204318768726), 'Mean': np.float64(0.04599638098870777), 'Std': np.float64(1.4377813249176767)}
2024-11-17 07:13:37,327 - INFO - Candidate Std Stats: {'Max': np.float64(0.4853250583973498), 'Min': np.float64(0.0), 'Mean': np.float64(0.06794731024177451), 'Std': np.float64(0.04432484403858853)}
2024-11-17 07:13:37,329 - INFO - Top 10 Mean Stats: {'Max': np.float64(-0.12922212204071773), 'Min': np.float64(-0.2066204318768726), 'Mean': np.float64(-0.16298125440294364), 'Std': np.float64(0.02579688482936511)}
2024-11-17 07:13:37,329 - INFO - Top 10 Std Stats: {'Max': np.float64(0.4117872752561853), 'Min': np.float64(0.2692619650639161), 'Mean': np.float64(0.3301977477717553), 'Std': np.float64(0.0411912159491839)}
2024-11-17 07:13:37,329 - INFO - Bottom 10 Mean Stats: {'Max': np.float64(75.0), 'Min': np.float64(37.0), 'Mean': np.float64(48.7), 'Std': np.float64(11.653754759733019)}
2024-11-17 07:13:37,329 - INFO - Bottom 10 Std Stats: {'Max': np.float64(0.0), 'Min': np.float64(0.0), 'Mean': np.float64(0.0), 'Std': np.float64(0.0)}
[I 2024-11-17 07:13:37,348] Trial 17 finished with value: 31.0 and parameters: {'x_0': -3, 'x_1': -2, 'x_2': -3, 'x_3': -3}. Best is trial 1 with value: 20.0.
2024-11-17 07:13:37,463 - INFO - Candidate Mean Stats: {'Max': np.float64(67.0), 'Min': np.float64(-0.21521041318353312), 'Mean': np.float64(0.04900590507473412), 'Std': np.float64(1.5078993438602002)}
2024-11-17 07:13:37,463 - INFO - Candidate Std Stats: {'Max': np.float64(0.4408930855551601), 'Min': np.float64(0.0), 'Mean': np.float64(0.06363790645663911), 'Std': np.float64(0.04829782356505043)}
2024-11-17 07:13:37,464 - INFO - Top 10 Mean Stats: {'Max': np.float64(-0.14626578306871385), 'Min': np.float64(-0.21521041318353312), 'Mean': np.float64(-0.17892138567218524), 'Std': np.float64(0.021625058295638176)}
2024-11-17 07:13:37,465 - INFO - Top 10 Std Stats: {'Max': np.float64(0.3781458585332188), 'Min': np.float64(0.3038847597058898), 'Mean': np.float64(0.33918105589818587), 'Std': np.float64(0.025889666295649462)}
2024-11-17 07:13:37,465 - INFO - Bottom 10 Mean Stats: {'Max': np.float64(67.0), 'Min': np.float64(34.0), 'Mean': np.float64(51.6), 'Std': np.float64(11.594826432508595)}
2024-11-17 07:13:37,465 - INFO - Bottom 10 Std Stats: {'Max': np.float64(0.0), 'Min': np.float64(0.0), 'Mean': np.float64(0.0), 'Std': np.float64(0.0)}
[I 2024-11-17 07:13:37,479] Trial 18 finished with value: 45.0 and parameters: {'x_0': 2, 'x_1': 4, 'x_2': 4, 'x_3': -3}. Best is trial 3 with value: 13.0.
2024-11-17 07:13:37,517 - INFO - Candidate Mean Stats: {'Max': np.float64(66.0), 'Min': np.float64(-0.2834696848173231), 'Mean': np.float64(0.05469749323420414), 'Std': np.float64(1.6674823542386565)}
2024-11-17 07:13:37,517 - INFO - Candidate Std Stats: {'Max': np.float64(0.5567886314300425), 'Min': np.float64(0.0), 'Mean': np.float64(0.06253058277628863), 'Std': np.float64(0.04880348466412426)}
2024-11-17 07:13:37,518 - INFO - Top 10 Mean Stats: {'Max': np.float64(-0.17101746272650922), 'Min': np.float64(-0.2834696848173231), 'Mean': np.float64(-0.21117059549651257), 'Std': np.float64(0.032572518846038935)}
2024-11-17 07:13:37,518 - INFO - Top 10 Std Stats: {'Max': np.float64(0.5567886314300425), 'Min': np.float64(0.32611133548550264), 'Mean': np.float64(0.41650940019848814), 'Std': np.float64(0.06271914588786033)}
2024-11-17 07:13:37,518 - INFO - Bottom 10 Mean Stats: {'Max': np.float64(66.0), 'Min': np.float64(50.0), 'Mean': np.float64(56.4), 'Std': np.float64(4.983974317750845)}
2024-11-17 07:13:37,518 - INFO - Bottom 10 Std Stats: {'Max': np.float64(0.0), 'Min': np.float64(0.0), 'Mean': np.float64(0.0), 'Std': np.float64(0.0)}
[I 2024-11-17 07:13:37,533] Trial 17 finished with value: 30.0 and parameters: {'x_0': 4, 'x_1': -1, 'x_2': 3, 'x_3': -2}. Best is trial 7 with value: 6.0.
2024-11-17 07:13:37,547 - INFO - Candidate Mean Stats: {'Max': np.float64(75.0), 'Min': np.float64(-0.24628848481642188), 'Mean': np.float64(0.04844129659980568), 'Std': np.float64(1.4603465279164918)}
2024-11-17 07:13:37,547 - INFO - Candidate Std Stats: {'Max': np.float64(0.5021351568887463), 'Min': np.float64(0.0), 'Mean': np.float64(0.06529208801467895), 'Std': np.float64(0.047091824513475794)}
2024-11-17 07:13:37,548 - INFO - Top 10 Mean Stats: {'Max': np.float64(-0.1710819109413177), 'Min': np.float64(-0.24628848481642188), 'Mean': np.float64(-0.2018917117721153), 'Std': np.float64(0.021310952212757008)}
2024-11-17 07:13:37,549 - INFO - Top 10 Std Stats: {'Max': np.float64(0.5021351568887463), 'Min': np.float64(0.3276631705350112), 'Mean': np.float64(0.38252011552627946), 'Std': np.float64(0.053893710533030964)}
2024-11-17 07:13:37,549 - INFO - Bottom 10 Mean Stats: {'Max': np.float64(75.0), 'Min': np.float64(37.0), 'Mean': np.float64(48.7), 'Std': np.float64(11.653754759733019)}
2024-11-17 07:13:37,549 - INFO - Bottom 10 Std Stats: {'Max': np.float64(0.0), 'Min': np.float64(0.0), 'Mean': np.float64(0.0), 'Std': np.float64(0.0)}
[I 2024-11-17 07:13:37,565] Trial 18 finished with value: 30.0 and parameters: {'x_0': -2, 'x_1': 4, 'x_2': 3, 'x_3': 1}. Best is trial 1 with value: 20.0.
2024-11-17 07:13:37,694 - INFO - Candidate Mean Stats: {'Max': np.float64(67.0), 'Min': np.float64(-0.2687522590284934), 'Mean': np.float64(0.05351841523411809), 'Std': np.float64(1.552932506887649)}
2024-11-17 07:13:37,694 - INFO - Candidate Std Stats: {'Max': np.float64(0.37333903384303757), 'Min': np.float64(0.0), 'Mean': np.float64(0.06362156414875118), 'Std': np.float64(0.04664637405073892)}
2024-11-17 07:13:37,695 - INFO - Top 10 Mean Stats: {'Max': np.float64(-0.12184106214592713), 'Min': np.float64(-0.2687522590284934), 'Mean': np.float64(-0.1751606228753276), 'Std': np.float64(0.04106370646399937)}
2024-11-17 07:13:37,695 - INFO - Top 10 Std Stats: {'Max': np.float64(0.37333903384303757), 'Min': np.float64(0.2594323937909355), 'Mean': np.float64(0.3086427116770166), 'Std': np.float64(0.036004172321866604)}
2024-11-17 07:13:37,695 - INFO - Bottom 10 Mean Stats: {'Max': np.float64(67.0), 'Min': np.float64(36.0), 'Mean': np.float64(52.7), 'Std': np.float64(10.325211862233143)}
2024-11-17 07:13:37,695 - INFO - Bottom 10 Std Stats: {'Max': np.float64(0.0), 'Min': np.float64(0.0), 'Mean': np.float64(0.0), 'Std': np.float64(0.0)}
[I 2024-11-17 07:13:37,711] Trial 19 finished with value: 22.0 and parameters: {'x_0': -4, 'x_1': 1, 'x_2': 2, 'x_3': 1}. Best is trial 3 with value: 13.0.
2024-11-17 07:13:37,776 - INFO - Candidate Mean Stats: {'Max': np.float64(66.0), 'Min': np.float64(-0.24733181919495006), 'Mean': np.float64(0.05529653917499462), 'Std': np.float64(1.6857993070574957)}
2024-11-17 07:13:37,776 - INFO - Candidate Std Stats: {'Max': np.float64(0.48721386450402665), 'Min': np.float64(0.0), 'Mean': np.float64(0.06553805764374514), 'Std': np.float64(0.04567051364171003)}
2024-11-17 07:13:37,778 - INFO - Top 10 Mean Stats: {'Max': np.float64(-0.1510440205315549), 'Min': np.float64(-0.24733181919495006), 'Mean': np.float64(-0.18027326820817727), 'Std': np.float64(0.02741324542012443)}
2024-11-17 07:13:37,778 - INFO - Top 10 Std Stats: {'Max': np.float64(0.48721386450402665), 'Min': np.float64(0.3029354068409667), 'Mean': np.float64(0.35872713765168623), 'Std': np.float64(0.04811852655583995)}
2024-11-17 07:13:37,778 - INFO - Bottom 10 Mean Stats: {'Max': np.float64(66.0), 'Min': np.float64(50.0), 'Mean': np.float64(56.4), 'Std': np.float64(4.983974317750845)}
2024-11-17 07:13:37,778 - INFO - Bottom 10 Std Stats: {'Max': np.float64(0.0), 'Min': np.float64(0.0), 'Mean': np.float64(0.0), 'Std': np.float64(0.0)}
2024-11-17 07:13:37,781 - INFO - Candidate Mean Stats: {'Max': np.float64(75.0), 'Min': np.float64(-0.25451564141182625), 'Mean': np.float64(0.050543391000668396), 'Std': np.float64(1.481180993152033)}
2024-11-17 07:13:37,781 - INFO - Candidate Std Stats: {'Max': np.float64(0.591721314111278), 'Min': np.float64(0.0), 'Mean': np.float64(0.06377965427374346), 'Std': np.float64(0.05053981154562401)}
2024-11-17 07:13:37,782 - INFO - Top 10 Mean Stats: {'Max': np.float64(-0.14713656726302657), 'Min': np.float64(-0.24420917322261312), 'Mean': np.float64(-0.1971933999013536), 'Std': np.float64(0.025298169685865533)}
2024-11-17 07:13:37,782 - INFO - Top 10 Std Stats: {'Max': np.float64(0.5151207497942857), 'Min': np.float64(0.3253948275666446), 'Mean': np.float64(0.39200678627673613), 'Std': np.float64(0.04969984423034905)}
2024-11-17 07:13:37,783 - INFO - Bottom 10 Mean Stats: {'Max': np.float64(75.0), 'Min': np.float64(37.0), 'Mean': np.float64(48.7), 'Std': np.float64(11.653754759733019)}
2024-11-17 07:13:37,783 - INFO - Bottom 10 Std Stats: {'Max': np.float64(0.0), 'Min': np.float64(0.0), 'Mean': np.float64(0.0), 'Std': np.float64(0.0)}
[I 2024-11-17 07:13:37,792] Trial 18 finished with value: 42.0 and parameters: {'x_0': 5, 'x_1': -1, 'x_2': 0, 'x_3': -4}. Best is trial 7 with value: 6.0.
[I 2024-11-17 07:13:37,796] Trial 19 finished with value: 22.0 and parameters: {'x_0': -4, 'x_1': 2, 'x_2': 1, 'x_3': 1}. Best is trial 1 with value: 20.0.
2024-11-17 07:13:37,985 - INFO - Candidate Mean Stats: {'Max': np.float64(67.0), 'Min': np.float64(-0.2482982334759622), 'Mean': np.float64(0.054080665579821316), 'Std': np.float64(1.563548931528058)}
2024-11-17 07:13:37,985 - INFO - Candidate Std Stats: {'Max': np.float64(0.5423885691398764), 'Min': np.float64(0.0), 'Mean': np.float64(0.06594973329122318), 'Std': np.float64(0.047509174203195725)}
2024-11-17 07:13:37,986 - INFO - Top 10 Mean Stats: {'Max': np.float64(-0.1486615190198466), 'Min': np.float64(-0.2482982334759622), 'Mean': np.float64(-0.18464269380230997), 'Std': np.float64(0.030728736269196658)}
2024-11-17 07:13:37,986 - INFO - Top 10 Std Stats: {'Max': np.float64(0.5423885691398764), 'Min': np.float64(0.29892283432928823), 'Mean': np.float64(0.38067820431382804), 'Std': np.float64(0.07914632574936596)}
2024-11-17 07:13:37,986 - INFO - Bottom 10 Mean Stats: {'Max': np.float64(67.0), 'Min': np.float64(36.0), 'Mean': np.float64(52.7), 'Std': np.float64(10.325211862233143)}
2024-11-17 07:13:37,987 - INFO - Bottom 10 Std Stats: {'Max': np.float64(0.0), 'Min': np.float64(0.0), 'Mean': np.float64(0.0), 'Std': np.float64(0.0)}
[I 2024-11-17 07:13:38,003] Trial 20 finished with value: 22.0 and parameters: {'x_0': 0, 'x_1': 3, 'x_2': 3, 'x_3': 2}. Best is trial 3 with value: 13.0.
2024-11-17 07:13:38,022 - INFO - Candidate Mean Stats: {'Max': np.float64(66.0), 'Min': np.float64(-0.2109307224854256), 'Mean': np.float64(0.05930171926576297), 'Std': np.float64(1.721012055982009)}
2024-11-17 07:13:38,022 - INFO - Candidate Std Stats: {'Max': np.float64(0.4383703180413899), 'Min': np.float64(0.0), 'Mean': np.float64(0.06372112396642667), 'Std': np.float64(0.04510937147732587)}
2024-11-17 07:13:38,023 - INFO - Top 10 Mean Stats: {'Max': np.float64(-0.13300802822389488), 'Min': np.float64(-0.2096343007444316), 'Mean': np.float64(-0.1650647618733841), 'Std': np.float64(0.02418197657369729)}
2024-11-17 07:13:38,023 - INFO - Top 10 Std Stats: {'Max': np.float64(0.39892963462613135), 'Min': np.float64(0.30394491931308143), 'Mean': np.float64(0.3413536844145921), 'Std': np.float64(0.03201374551375522)}
2024-11-17 07:13:38,023 - INFO - Bottom 10 Mean Stats: {'Max': np.float64(66.0), 'Min': np.float64(50.0), 'Mean': np.float64(56.4), 'Std': np.float64(4.983974317750845)}
2024-11-17 07:13:38,023 - INFO - Bottom 10 Std Stats: {'Max': np.float64(0.0), 'Min': np.float64(0.0), 'Mean': np.float64(0.0), 'Std': np.float64(0.0)}
2024-11-17 07:13:38,025 - INFO - Candidate Mean Stats: {'Max': np.float64(75.0), 'Min': np.float64(-0.3304288911299403), 'Mean': np.float64(0.05154491739478615), 'Std': np.float64(1.4922546820226565)}
2024-11-17 07:13:38,025 - INFO - Candidate Std Stats: {'Max': np.float64(0.5118734949352061), 'Min': np.float64(0.0), 'Mean': np.float64(0.06228453033611516), 'Std': np.float64(0.05036395958917462)}
2024-11-17 07:13:38,026 - INFO - Top 10 Mean Stats: {'Max': np.float64(-0.14815577461571508), 'Min': np.float64(-0.3304288911299403), 'Mean': np.float64(-0.23799369249546207), 'Std': np.float64(0.04601677845699221)}
2024-11-17 07:13:38,026 - INFO - Top 10 Std Stats: {'Max': np.float64(0.5118734949352061), 'Min': np.float64(0.2794240272324527), 'Mean': np.float64(0.37367661104532457), 'Std': np.float64(0.07454444612511893)}
2024-11-17 07:13:38,026 - INFO - Bottom 10 Mean Stats: {'Max': np.float64(75.0), 'Min': np.float64(37.0), 'Mean': np.float64(48.7), 'Std': np.float64(11.653754759733019)}
2024-11-17 07:13:38,027 - INFO - Bottom 10 Std Stats: {'Max': np.float64(0.0), 'Min': np.float64(0.0), 'Mean': np.float64(0.0), 'Std': np.float64(0.0)}
[I 2024-11-17 07:13:38,041] Trial 19 finished with value: 16.0 and parameters: {'x_0': -2, 'x_1': 2, 'x_2': -2, 'x_3': 2}. Best is trial 7 with value: 6.0.
