[I 2024-11-17 07:13:52,467] Trial 79 finished with value: 75.0 and parameters: {'x_0': 5, 'x_1': -5, 'x_2': -5, 'x_3': 0}. Best is trial 39 with value: 11.0.
2024-11-17 07:13:52,643 - INFO - Candidate Mean Stats: {'Max': np.float64(75.0), 'Min': np.float64(-0.22401290128597579), 'Mean': np.float64(0.19879651546478153), 'Std': np.float64(3.009088953590243)}
2024-11-17 07:13:52,643 - INFO - Candidate Std Stats: {'Max': np.float64(0.49579144046586365), 'Min': np.float64(0.0), 'Mean': np.float64(0.0635983568391494), 'Std': np.float64(0.048259280751988376)}
2024-11-17 07:13:52,645 - INFO - Top 10 Mean Stats: {'Max': np.float64(-0.1671818614013512), 'Min': np.float64(-0.2185250443863675), 'Mean': np.float64(-0.18883300986827617), 'Std': np.float64(0.01547959174041577)}
2024-11-17 07:13:52,645 - INFO - Top 10 Std Stats: {'Max': np.float64(0.4315128724587885), 'Min': np.float64(0.27889262811169757), 'Mean': np.float64(0.33426374004222864), 'Std': np.float64(0.046693010816641574)}
2024-11-17 07:13:52,645 - INFO - Bottom 10 Mean Stats: {'Max': np.float64(75.0), 'Min': np.float64(58.0), 'Mean': np.float64(64.5), 'Std': np.float64(6.328506932918696)}
2024-11-17 07:13:52,645 - INFO - Bottom 10 Std Stats: {'Max': np.float64(0.0), 'Min': np.float64(0.0), 'Mean': np.float64(0.0), 'Std': np.float64(0.0)}
2024-11-17 07:13:52,656 - INFO - Candidate Mean Stats: {'Max': np.float64(84.0), 'Min': np.float64(-0.24149284669391413), 'Mean': np.float64(0.21432476726706312), 'Std': np.float64(3.217333555605907)}
2024-11-17 07:13:52,657 - INFO - Candidate Std Stats: {'Max': np.float64(0.48735250729842), 'Min': np.float64(0.0), 'Mean': np.float64(0.0634318971640763), 'Std': np.float64(0.05002570256670729)}
2024-11-17 07:13:52,658 - INFO - Top 10 Mean Stats: {'Max': np.float64(-0.11561761658926409), 'Min': np.float64(-0.24149284669391413), 'Mean': np.float64(-0.18706431532580542), 'Std': np.float64(0.038449249571698346)}
2024-11-17 07:13:52,658 - INFO - Top 10 Std Stats: {'Max': np.float64(0.4614594986363549), 'Min': np.float64(0.3515804614120553), 'Mean': np.float64(0.4206250875569041), 'Std': np.float64(0.03141563915947535)}
2024-11-17 07:13:52,658 - INFO - Bottom 10 Mean Stats: {'Max': np.float64(84.0), 'Min': np.float64(66.0), 'Mean': np.float64(71.8), 'Std': np.float64(6.64529909033446)}
2024-11-17 07:13:52,658 - INFO - Bottom 10 Std Stats: {'Max': np.float64(0.0), 'Min': np.float64(0.0), 'Mean': np.float64(0.0), 'Std': np.float64(0.0)}
[I 2024-11-17 07:13:52,658] Trial 76 finished with value: 12.0 and parameters: {'x_0': -1, 'x_1': -1, 'x_2': 3, 'x_3': 1}. Best is trial 7 with value: 6.0.
[I 2024-11-17 07:13:52,671] Trial 80 finished with value: 54.0 and parameters: {'x_0': 4, 'x_1': -3, 'x_2': 5, 'x_3': 2}. Best is trial 76 with value: 7.0.
2024-11-17 07:13:52,709 - INFO - Candidate Mean Stats: {'Max': np.float64(91.0), 'Min': np.float64(-0.23465671605279725), 'Mean': np.float64(0.2186933429739866), 'Std': np.float64(3.243637014146817)}
2024-11-17 07:13:52,709 - INFO - Candidate Std Stats: {'Max': np.float64(0.5063157656321888), 'Min': np.float64(0.0), 'Mean': np.float64(0.06456646475853146), 'Std': np.float64(0.04816979499342433)}
2024-11-17 07:13:52,710 - INFO - Top 10 Mean Stats: {'Max': np.float64(-0.17363337299915016), 'Min': np.float64(-0.23465671605279725), 'Mean': np.float64(-0.20083383066859564), 'Std': np.float64(0.019270087321366005)}
2024-11-17 07:13:52,710 - INFO - Top 10 Std Stats: {'Max': np.float64(0.5063157656321888), 'Min': np.float64(0.3001375367484616), 'Mean': np.float64(0.37788169652467846), 'Std': np.float64(0.05948716724740686)}
2024-11-17 07:13:52,711 - INFO - Bottom 10 Mean Stats: {'Max': np.float64(91.0), 'Min': np.float64(59.0), 'Mean': np.float64(74.8), 'Std': np.float64(9.88736567544662)}
2024-11-17 07:13:52,711 - INFO - Bottom 10 Std Stats: {'Max': np.float64(0.0), 'Min': np.float64(0.0), 'Mean': np.float64(0.0), 'Std': np.float64(0.0)}
[I 2024-11-17 07:13:52,723] Trial 80 finished with value: 38.0 and parameters: {'x_0': -5, 'x_1': 0, 'x_2': 2, 'x_3': -3}. Best is trial 39 with value: 11.0.
2024-11-17 07:13:52,884 - INFO - Candidate Mean Stats: {'Max': np.float64(75.0), 'Min': np.float64(-0.29661104228801366), 'Mean': np.float64(0.1983300083045585), 'Std': np.float64(3.010761474420871)}
2024-11-17 07:13:52,884 - INFO - Candidate Std Stats: {'Max': np.float64(0.5742223515952427), 'Min': np.float64(0.0), 'Mean': np.float64(0.06195249458816649), 'Std': np.float64(0.052129701912113455)}
2024-11-17 07:13:52,885 - INFO - Top 10 Mean Stats: {'Max': np.float64(-0.18136171900704662), 'Min': np.float64(-0.29661104228801366), 'Mean': np.float64(-0.23277665363834293), 'Std': np.float64(0.03806338973290256)}
2024-11-17 07:13:52,885 - INFO - Top 10 Std Stats: {'Max': np.float64(0.5742223515952427), 'Min': np.float64(0.27305855992182565), 'Mean': np.float64(0.39962269125771793), 'Std': np.float64(0.07583516474169885)}
2024-11-17 07:13:52,885 - INFO - Bottom 10 Mean Stats: {'Max': np.float64(75.0), 'Min': np.float64(58.0), 'Mean': np.float64(64.5), 'Std': np.float64(6.328506932918696)}
2024-11-17 07:13:52,885 - INFO - Bottom 10 Std Stats: {'Max': np.float64(0.0), 'Min': np.float64(0.0), 'Mean': np.float64(0.0), 'Std': np.float64(0.0)}
[I 2024-11-17 07:13:52,898] Trial 77 finished with value: 66.0 and parameters: {'x_0': -3, 'x_1': -5, 'x_2': 4, 'x_3': 4}. Best is trial 7 with value: 6.0.
2024-11-17 07:13:52,912 - INFO - Candidate Mean Stats: {'Max': np.float64(84.0), 'Min': np.float64(-0.21490614579920644), 'Mean': np.float64(0.21907631298703717), 'Std': np.float64(3.2478120673583493)}
2024-11-17 07:13:52,912 - INFO - Candidate Std Stats: {'Max': np.float64(0.4584911417942367), 'Min': np.float64(0.0), 'Mean': np.float64(0.06630898680570008), 'Std': np.float64(0.0436536688687109)}
2024-11-17 07:13:52,914 - INFO - Top 10 Mean Stats: {'Max': np.float64(-0.00739637242701745), 'Min': np.float64(-0.21490614579920644), 'Mean': np.float64(-0.15051788103854502), 'Std': np.float64(0.05610265355686477)}
2024-11-17 07:13:52,914 - INFO - Top 10 Std Stats: {'Max': np.float64(0.4584911417942367), 'Min': np.float64(0.2969135215132608), 'Mean': np.float64(0.35575738558861286), 'Std': np.float64(0.04907311936768947)}
2024-11-17 07:13:52,914 - INFO - Bottom 10 Mean Stats: {'Max': np.float64(84.0), 'Min': np.float64(66.0), 'Mean': np.float64(71.8), 'Std': np.float64(6.64529909033446)}
2024-11-17 07:13:52,914 - INFO - Bottom 10 Std Stats: {'Max': np.float64(0.0), 'Min': np.float64(0.0), 'Mean': np.float64(0.0), 'Std': np.float64(0.0)}
[I 2024-11-17 07:13:52,929] Trial 81 finished with value: 23.0 and parameters: {'x_0': 3, 'x_1': -1, 'x_2': 3, 'x_3': -2}. Best is trial 76 with value: 7.0.
2024-11-17 07:13:52,946 - INFO - Candidate Mean Stats: {'Max': np.float64(91.0), 'Min': np.float64(-0.3050391927720415), 'Mean': np.float64(0.22259294102806043), 'Std': np.float64(3.258527240507052)}
2024-11-17 07:13:52,946 - INFO - Candidate Std Stats: {'Max': np.float64(0.5767166682900331), 'Min': np.float64(0.0), 'Mean': np.float64(0.062215070341478614), 'Std': np.float64(0.04816268746381311)}
2024-11-17 07:13:52,947 - INFO - Top 10 Mean Stats: {'Max': np.float64(-0.12298517532723321), 'Min': np.float64(-0.3050391927720415), 'Mean': np.float64(-0.18399944772098292), 'Std': np.float64(0.047787651662277615)}
2024-11-17 07:13:52,947 - INFO - Top 10 Std Stats: {'Max': np.float64(0.5767166682900331), 'Min': np.float64(0.2926962036770727), 'Mean': np.float64(0.3863508367369193), 'Std': np.float64(0.07928742783454927)}
2024-11-17 07:13:52,947 - INFO - Bottom 10 Mean Stats: {'Max': np.float64(91.0), 'Min': np.float64(59.0), 'Mean': np.float64(74.8), 'Std': np.float64(9.88736567544662)}
2024-11-17 07:13:52,947 - INFO - Bottom 10 Std Stats: {'Max': np.float64(0.0), 'Min': np.float64(0.0), 'Mean': np.float64(0.0), 'Std': np.float64(0.0)}
[I 2024-11-17 07:13:52,963] Trial 81 finished with value: 75.0 and parameters: {'x_0': 5, 'x_1': 3, 'x_2': -5, 'x_3': -4}. Best is trial 39 with value: 11.0.
2024-11-17 07:13:53,140 - INFO - Candidate Mean Stats: {'Max': np.float64(84.0), 'Min': np.float64(-0.2962593448941428), 'Mean': np.float64(0.2197995228057478), 'Std': np.float64(3.2533152163402277)}
2024-11-17 07:13:53,140 - INFO - Candidate Std Stats: {'Max': np.float64(0.5197250991434623), 'Min': np.float64(0.0), 'Mean': np.float64(0.060945177526986534), 'Std': np.float64(0.04889006202585094)}
2024-11-17 07:13:53,141 - INFO - Top 10 Mean Stats: {'Max': np.float64(-0.15528300117244515), 'Min': np.float64(-0.2962593448941428), 'Mean': np.float64(-0.21135248172372742), 'Std': np.float64(0.04906767275730788)}
2024-11-17 07:13:53,141 - INFO - Top 10 Std Stats: {'Max': np.float64(0.47570786286322514), 'Min': np.float64(0.31215759372588764), 'Mean': np.float64(0.4134150638451907), 'Std': np.float64(0.049288040275204066)}
2024-11-17 07:13:53,142 - INFO - Bottom 10 Mean Stats: {'Max': np.float64(84.0), 'Min': np.float64(66.0), 'Mean': np.float64(71.8), 'Std': np.float64(6.64529909033446)}
2024-11-17 07:13:53,142 - INFO - Bottom 10 Std Stats: {'Max': np.float64(0.0), 'Min': np.float64(0.0), 'Mean': np.float64(0.0), 'Std': np.float64(0.0)}
2024-11-17 07:13:53,151 - INFO - Candidate Mean Stats: {'Max': np.float64(75.0), 'Min': np.float64(-0.2190774512944537), 'Mean': np.float64(0.20327259600722394), 'Std': np.float64(3.0594338766120166)}
2024-11-17 07:13:53,151 - INFO - Candidate Std Stats: {'Max': np.float64(0.42818834878066514), 'Min': np.float64(0.0), 'Mean': np.float64(0.06388634789154643), 'Std': np.float64(0.04716705208590103)}
2024-11-17 07:13:53,152 - INFO - Top 10 Mean Stats: {'Max': np.float64(-0.11105421361828319), 'Min': np.float64(-0.21115420261435375), 'Mean': np.float64(-0.16715643227946222), 'Std': np.float64(0.03347369767554328)}
2024-11-17 07:13:53,152 - INFO - Top 10 Std Stats: {'Max': np.float64(0.42818834878066514), 'Min': np.float64(0.3206800517321894), 'Mean': np.float64(0.3725488048067128), 'Std': np.float64(0.033327079853617665)}
2024-11-17 07:13:53,152 - INFO - Bottom 10 Mean Stats: {'Max': np.float64(75.0), 'Min': np.float64(59.0), 'Mean': np.float64(65.3), 'Std': np.float64(5.950630218724736)}
2024-11-17 07:13:53,152 - INFO - Bottom 10 Std Stats: {'Max': np.float64(0.0), 'Min': np.float64(0.0), 'Mean': np.float64(0.0), 'Std': np.float64(0.0)}
[I 2024-11-17 07:13:53,155] Trial 82 finished with value: 36.0 and parameters: {'x_0': 1, 'x_1': 5, 'x_2': -3, 'x_3': 1}. Best is trial 76 with value: 7.0.
[I 2024-11-17 07:13:53,171] Trial 78 finished with value: 23.0 and parameters: {'x_0': 2, 'x_1': -3, 'x_2': 3, 'x_3': 1}. Best is trial 7 with value: 6.0.
2024-11-17 07:13:53,196 - INFO - Candidate Mean Stats: {'Max': np.float64(91.0), 'Min': np.float64(-0.229694336445133), 'Mean': np.float64(0.22709525162918937), 'Std': np.float64(3.3166460420197756)}
2024-11-17 07:13:53,196 - INFO - Candidate Std Stats: {'Max': np.float64(0.39944792648971655), 'Min': np.float64(0.0), 'Mean': np.float64(0.06371148532490324), 'Std': np.float64(0.04473651075900994)}
2024-11-17 07:13:53,197 - INFO - Top 10 Mean Stats: {'Max': np.float64(-0.0580937777783781), 'Min': np.float64(-0.229694336445133), 'Mean': np.float64(-0.15366724821437358), 'Std': np.float64(0.04742850215291816)}
2024-11-17 07:13:53,197 - INFO - Top 10 Std Stats: {'Max': np.float64(0.39944792648971655), 'Min': np.float64(0.20766105154384648), 'Mean': np.float64(0.31665200347031125), 'Std': np.float64(0.050949003371260425)}
2024-11-17 07:13:53,197 - INFO - Bottom 10 Mean Stats: {'Max': np.float64(91.0), 'Min': np.float64(63.0), 'Mean': np.float64(76.4), 'Std': np.float64(8.380930735902785)}
2024-11-17 07:13:53,197 - INFO - Bottom 10 Std Stats: {'Max': np.float64(0.0), 'Min': np.float64(0.0), 'Mean': np.float64(0.0), 'Std': np.float64(0.0)}
[I 2024-11-17 07:13:53,214] Trial 82 finished with value: 39.0 and parameters: {'x_0': -1, 'x_1': -5, 'x_2': -3, 'x_3': 2}. Best is trial 39 with value: 11.0.
2024-11-17 07:13:53,398 - INFO - Candidate Mean Stats: {'Max': np.float64(84.0), 'Min': np.float64(-0.20813292452025656), 'Mean': np.float64(0.22237459513003008), 'Std': np.float64(3.2667145149281076)}
2024-11-17 07:13:53,399 - INFO - Candidate Std Stats: {'Max': np.float64(0.3673674667646147), 'Min': np.float64(0.0), 'Mean': np.float64(0.06437583662493877), 'Std': np.float64(0.043664078083414944)}
2024-11-17 07:13:53,400 - INFO - Top 10 Mean Stats: {'Max': np.float64(-0.11173435890823964), 'Min': np.float64(-0.20813292452025656), 'Mean': np.float64(-0.16018757530114933), 'Std': np.float64(0.026653167683393736)}
2024-11-17 07:13:53,400 - INFO - Top 10 Std Stats: {'Max': np.float64(0.3235489315626468), 'Min': np.float64(0.24223184958872476), 'Mean': np.float64(0.29409441456080987), 'Std': np.float64(0.023348188516267236)}
2024-11-17 07:13:53,400 - INFO - Bottom 10 Mean Stats: {'Max': np.float64(84.0), 'Min': np.float64(66.0), 'Mean': np.float64(71.8), 'Std': np.float64(6.64529909033446)}
2024-11-17 07:13:53,400 - INFO - Bottom 10 Std Stats: {'Max': np.float64(0.0), 'Min': np.float64(0.0), 'Mean': np.float64(0.0), 'Std': np.float64(0.0)}
2024-11-17 07:13:53,401 - INFO - Candidate Mean Stats: {'Max': np.float64(75.0), 'Min': np.float64(-0.2895632853347928), 'Mean': np.float64(0.2043005369987303), 'Std': np.float64(3.0652715393739216)}
2024-11-17 07:13:53,401 - INFO - Candidate Std Stats: {'Max': np.float64(0.7440901038093028), 'Min': np.float64(0.0), 'Mean': np.float64(0.06338194438614964), 'Std': np.float64(0.047686640021683206)}
2024-11-17 07:13:53,403 - INFO - Top 10 Mean Stats: {'Max': np.float64(-0.1786528954228026), 'Min': np.float64(-0.2895632853347928), 'Mean': np.float64(-0.22117187815652523), 'Std': np.float64(0.033746039677925395)}
2024-11-17 07:13:53,403 - INFO - Top 10 Std Stats: {'Max': np.float64(0.5443813722781583), 'Min': np.float64(0.29265464570801786), 'Mean': np.float64(0.3630390527744828), 'Std': np.float64(0.0657694277378782)}
2024-11-17 07:13:53,403 - INFO - Bottom 10 Mean Stats: {'Max': np.float64(75.0), 'Min': np.float64(59.0), 'Mean': np.float64(65.3), 'Std': np.float64(5.950630218724736)}
2024-11-17 07:13:53,403 - INFO - Bottom 10 Std Stats: {'Max': np.float64(0.0), 'Min': np.float64(0.0), 'Mean': np.float64(0.0), 'Std': np.float64(0.0)}
[I 2024-11-17 07:13:53,416] Trial 83 finished with value: 45.0 and parameters: {'x_0': 2, 'x_1': 0, 'x_2': -5, 'x_3': 4}. Best is trial 76 with value: 7.0.
[I 2024-11-17 07:13:53,418] Trial 79 finished with value: 22.0 and parameters: {'x_0': 1, 'x_1': 1, 'x_2': -2, 'x_3': -4}. Best is trial 7 with value: 6.0.
2024-11-17 07:13:53,461 - INFO - Candidate Mean Stats: {'Max': np.float64(91.0), 'Min': np.float64(-0.222268556704333), 'Mean': np.float64(0.2295520511769211), 'Std': np.float64(3.3321104958904963)}
2024-11-17 07:13:53,461 - INFO - Candidate Std Stats: {'Max': np.float64(0.41245163680476504), 'Min': np.float64(0.0), 'Mean': np.float64(0.06500955466197716), 'Std': np.float64(0.04475186423756413)}
2024-11-17 07:13:53,463 - INFO - Top 10 Mean Stats: {'Max': np.float64(-0.130135213795199), 'Min': np.float64(-0.222268556704333), 'Mean': np.float64(-0.1667664773182403), 'Std': np.float64(0.027792854100934006)}
2024-11-17 07:13:53,463 - INFO - Top 10 Std Stats: {'Max': np.float64(0.3698637605390706), 'Min': np.float64(0.2783702436224456), 'Mean': np.float64(0.31400067505767326), 'Std': np.float64(0.032818428020993946)}
2024-11-17 07:13:53,463 - INFO - Bottom 10 Mean Stats: {'Max': np.float64(91.0), 'Min': np.float64(63.0), 'Mean': np.float64(76.4), 'Std': np.float64(8.380930735902785)}
2024-11-17 07:13:53,463 - INFO - Bottom 10 Std Stats: {'Max': np.float64(0.0), 'Min': np.float64(0.0), 'Mean': np.float64(0.0), 'Std': np.float64(0.0)}
[I 2024-11-17 07:13:53,477] Trial 83 finished with value: 34.0 and parameters: {'x_0': 0, 'x_1': 4, 'x_2': -3, 'x_3': 3}. Best is trial 39 with value: 11.0.
2024-11-17 07:13:53,653 - INFO - Candidate Mean Stats: {'Max': np.float64(75.0), 'Min': np.float64(-0.3143805016604605), 'Mean': np.float64(0.2062980893545175), 'Std': np.float64(3.070536392015846)}
2024-11-17 07:13:53,653 - INFO - Candidate Std Stats: {'Max': np.float64(0.6474665394841448), 'Min': np.float64(0.0), 'Mean': np.float64(0.0648593063098362), 'Std': np.float64(0.048570563073892396)}
2024-11-17 07:13:53,654 - INFO - Top 10 Mean Stats: {'Max': np.float64(-0.09875365493303105), 'Min': np.float64(-0.3143805016604605), 'Mean': np.float64(-0.20432803668599284), 'Std': np.float64(0.05944191132133413)}
2024-11-17 07:13:53,654 - INFO - Top 10 Std Stats: {'Max': np.float64(0.6474665394841448), 'Min': np.float64(0.34843590047565454), 'Mean': np.float64(0.4621333640386984), 'Std': np.float64(0.09496429685259147)}
2024-11-17 07:13:53,654 - INFO - Bottom 10 Mean Stats: {'Max': np.float64(75.0), 'Min': np.float64(59.0), 'Mean': np.float64(65.3), 'Std': np.float64(5.950630218724736)}
2024-11-17 07:13:53,654 - INFO - Bottom 10 Std Stats: {'Max': np.float64(0.0), 'Min': np.float64(0.0), 'Mean': np.float64(0.0), 'Std': np.float64(0.0)}
2024-11-17 07:13:53,661 - INFO - Candidate Mean Stats: {'Max': np.float64(84.0), 'Min': np.float64(-0.2405237137518843), 'Mean': np.float64(0.22476937217036294), 'Std': np.float64(3.2876694957657246)}
2024-11-17 07:13:53,661 - INFO - Candidate Std Stats: {'Max': np.float64(0.37615590438767826), 'Min': np.float64(0.0), 'Mean': np.float64(0.06609165231713712), 'Std': np.float64(0.04512284676238762)}
2024-11-17 07:13:53,663 - INFO - Top 10 Mean Stats: {'Max': np.float64(-0.13630949913376136), 'Min': np.float64(-0.2405237137518843), 'Mean': np.float64(-0.18630937173014464), 'Std': np.float64(0.030833106812286244)}
2024-11-17 07:13:53,663 - INFO - Top 10 Std Stats: {'Max': np.float64(0.37615590438767826), 'Min': np.float64(0.25877271432597304), 'Mean': np.float64(0.33629183028768495), 'Std': np.float64(0.0341463862287367)}
2024-11-17 07:13:53,663 - INFO - Bottom 10 Mean Stats: {'Max': np.float64(84.0), 'Min': np.float64(66.0), 'Mean': np.float64(71.8), 'Std': np.float64(6.64529909033446)}
2024-11-17 07:13:53,663 - INFO - Bottom 10 Std Stats: {'Max': np.float64(0.0), 'Min': np.float64(0.0), 'Mean': np.float64(0.0), 'Std': np.float64(0.0)}
[I 2024-11-17 07:13:53,669] Trial 80 finished with value: 73.0 and parameters: {'x_0': 4, 'x_1': 4, 'x_2': -5, 'x_3': -4}. Best is trial 7 with value: 6.0.
[I 2024-11-17 07:13:53,676] Trial 84 finished with value: 18.0 and parameters: {'x_0': -3, 'x_1': 1, 'x_2': -2, 'x_3': 2}. Best is trial 76 with value: 7.0.
2024-11-17 07:13:53,705 - INFO - Candidate Mean Stats: {'Max': np.float64(91.0), 'Min': np.float64(-0.29471210553017235), 'Mean': np.float64(0.2323420262487151), 'Std': np.float64(3.343750865943926)}
2024-11-17 07:13:53,705 - INFO - Candidate Std Stats: {'Max': np.float64(0.5898443905299471), 'Min': np.float64(0.0), 'Mean': np.float64(0.06383352044596381), 'Std': np.float64(0.048492957546083355)}
2024-11-17 07:13:53,706 - INFO - Top 10 Mean Stats: {'Max': np.float64(-0.10840433699811354), 'Min': np.float64(-0.29471210553017235), 'Mean': np.float64(-0.22431365780213217), 'Std': np.float64(0.052880820301619204)}
2024-11-17 07:13:53,706 - INFO - Top 10 Std Stats: {'Max': np.float64(0.4416082349039382), 'Min': np.float64(0.286822290830731), 'Mean': np.float64(0.3436489484519173), 'Std': np.float64(0.04719110651111836)}
2024-11-17 07:13:53,707 - INFO - Bottom 10 Mean Stats: {'Max': np.float64(91.0), 'Min': np.float64(63.0), 'Mean': np.float64(76.4), 'Std': np.float64(8.380930735902785)}
2024-11-17 07:13:53,707 - INFO - Bottom 10 Std Stats: {'Max': np.float64(0.0), 'Min': np.float64(0.0), 'Mean': np.float64(0.0), 'Std': np.float64(0.0)}
