[I 2024-11-17 07:15:26,089] Trial 409 finished with value: 13.0 and parameters: {'x_0': -2, 'x_1': -3, 'x_2': 0, 'x_3': 0}. Best is trial 320 with value: 0.0.
2024-11-17 07:15:26,274 - INFO - Candidate Mean Stats: {'Max': np.float64(100.0), 'Min': np.float64(-0.2700642427220675), 'Mean': np.float64(1.111835155243645), 'Std': np.float64(7.479918120379151)}
2024-11-17 07:15:26,274 - INFO - Candidate Std Stats: {'Max': np.float64(0.6351301305172914), 'Min': np.float64(0.0), 'Mean': np.float64(0.033818862804507153), 'Std': np.float64(0.039633260673514414)}
2024-11-17 07:15:26,276 - INFO - Top 10 Mean Stats: {'Max': np.float64(-0.16743348983958098), 'Min': np.float64(-0.2700642427220675), 'Mean': np.float64(-0.24304280536283557), 'Std': np.float64(0.037010904362951236)}
2024-11-17 07:15:26,276 - INFO - Top 10 Std Stats: {'Max': np.float64(0.33350948671794844), 'Min': np.float64(0.1818799737448916), 'Mean': np.float64(0.21833857348173283), 'Std': np.float64(0.04688334324437602)}
2024-11-17 07:15:26,276 - INFO - Bottom 10 Mean Stats: {'Max': np.float64(100.0), 'Min': np.float64(91.0), 'Mean': np.float64(93.7), 'Std': np.float64(4.124318125460256)}
2024-11-17 07:15:26,276 - INFO - Bottom 10 Std Stats: {'Max': np.float64(0.0), 'Min': np.float64(0.0), 'Mean': np.float64(0.0), 'Std': np.float64(0.0)}
2024-11-17 07:15:26,279 - INFO - Candidate Mean Stats: {'Max': np.float64(100.0), 'Min': np.float64(-0.42663053105890764), 'Mean': np.float64(1.2592929216260862), 'Std': np.float64(8.20258709126045)}
2024-11-17 07:15:26,279 - INFO - Candidate Std Stats: {'Max': np.float64(0.395299398809965), 'Min': np.float64(0.0), 'Mean': np.float64(0.04048378809063128), 'Std': np.float64(0.04116906994373663)}
2024-11-17 07:15:26,280 - INFO - Top 10 Mean Stats: {'Max': np.float64(-0.050850467142099884), 'Min': np.float64(-0.42663053105890764), 'Mean': np.float64(-0.25775442380723346), 'Std': np.float64(0.11883405764016415)}
2024-11-17 07:15:26,280 - INFO - Top 10 Std Stats: {'Max': np.float64(0.395299398809965), 'Min': np.float64(0.038571601968156906), 'Mean': np.float64(0.20909526783547197), 'Std': np.float64(0.11248064672694331)}
2024-11-17 07:15:26,280 - INFO - Bottom 10 Mean Stats: {'Max': np.float64(100.0), 'Min': np.float64(91.0), 'Mean': np.float64(95.5), 'Std': np.float64(4.5)}
2024-11-17 07:15:26,280 - INFO - Bottom 10 Std Stats: {'Max': np.float64(0.0), 'Min': np.float64(0.0), 'Mean': np.float64(0.0), 'Std': np.float64(0.0)}
[I 2024-11-17 07:15:26,297] Trial 474 finished with value: 15.0 and parameters: {'x_0': 2, 'x_1': -3, 'x_2': 1, 'x_3': -1}. Best is trial 362 with value: 1.0.
[I 2024-11-17 07:15:26,299] Trial 471 finished with value: 33.0 and parameters: {'x_0': 0, 'x_1': -1, 'x_2': 4, 'x_3': 4}. Best is trial 179 with value: 1.0.
2024-11-17 07:15:26,391 - INFO - Candidate Mean Stats: {'Max': np.float64(91.0), 'Min': np.float64(-0.742787114806166), 'Mean': np.float64(0.9374702204075485), 'Std': np.float64(6.7624726087638285)}
2024-11-17 07:15:26,391 - INFO - Candidate Std Stats: {'Max': np.float64(0.5766665158505335), 'Min': np.float64(0.0), 'Mean': np.float64(0.04085604636402979), 'Std': np.float64(0.04030855793030681)}
2024-11-17 07:15:26,393 - INFO - Top 10 Mean Stats: {'Max': np.float64(-0.3316142256922159), 'Min': np.float64(-0.742787114806166), 'Mean': np.float64(-0.5039164837092319), 'Std': np.float64(0.10875585353254488)}
2024-11-17 07:15:26,393 - INFO - Top 10 Std Stats: {'Max': np.float64(0.19489146435657898), 'Min': np.float64(0.07072780402186556), 'Mean': np.float64(0.1295410455773412), 'Std': np.float64(0.03251573168131642)}
2024-11-17 07:15:26,393 - INFO - Bottom 10 Mean Stats: {'Max': np.float64(91.0), 'Min': np.float64(82.0), 'Mean': np.float64(84.9), 'Std': np.float64(4.036087214122113)}
2024-11-17 07:15:26,393 - INFO - Bottom 10 Std Stats: {'Max': np.float64(0.0), 'Min': np.float64(0.0), 'Mean': np.float64(0.0), 'Std': np.float64(0.0)}
[I 2024-11-17 07:15:26,410] Trial 410 finished with value: 14.0 and parameters: {'x_0': -2, 'x_1': -3, 'x_2': 1, 'x_3': 0}. Best is trial 320 with value: 0.0.
2024-11-17 07:15:26,432 - INFO - Candidate Mean Stats: {'Max': np.float64(100.0), 'Min': np.float64(-0.5256654614020387), 'Mean': np.float64(1.2785716156863813), 'Std': np.float64(8.204238034923726)}
2024-11-17 07:15:26,432 - INFO - Candidate Std Stats: {'Max': np.float64(0.3378269936184276), 'Min': np.float64(0.0), 'Mean': np.float64(0.022088420800739857), 'Std': np.float64(0.030454657799518104)}
2024-11-17 07:15:26,434 - INFO - Top 10 Mean Stats: {'Max': np.float64(-0.25348386178088456), 'Min': np.float64(-0.5256654614020387), 'Mean': np.float64(-0.39617616508583003), 'Std': np.float64(0.09350598049475789)}
2024-11-17 07:15:26,434 - INFO - Top 10 Std Stats: {'Max': np.float64(0.24743874169205768), 'Min': np.float64(0.029577295897893457), 'Mean': np.float64(0.11993356274647823), 'Std': np.float64(0.07050849057832036)}
2024-11-17 07:15:26,434 - INFO - Bottom 10 Mean Stats: {'Max': np.float64(100.0), 'Min': np.float64(91.0), 'Mean': np.float64(95.5), 'Std': np.float64(4.5)}
2024-11-17 07:15:26,434 - INFO - Bottom 10 Std Stats: {'Max': np.float64(0.0), 'Min': np.float64(0.0), 'Mean': np.float64(0.0), 'Std': np.float64(0.0)}
[I 2024-11-17 07:15:26,452] Trial 472 finished with value: 30.0 and parameters: {'x_0': 0, 'x_1': -1, 'x_2': -5, 'x_3': 2}. Best is trial 179 with value: 1.0.
2024-11-17 07:15:26,477 - INFO - Candidate Mean Stats: {'Max': np.float64(100.0), 'Min': np.float64(-0.24825833563435476), 'Mean': np.float64(1.1128267055085304), 'Std': np.float64(7.480781270807679)}
2024-11-17 07:15:26,477 - INFO - Candidate Std Stats: {'Max': np.float64(0.6388084236487839), 'Min': np.float64(0.0), 'Mean': np.float64(0.030891898215039734), 'Std': np.float64(0.03811153570489401)}
2024-11-17 07:15:26,479 - INFO - Top 10 Mean Stats: {'Max': np.float64(-0.14770406079068918), 'Min': np.float64(-0.24825833563435476), 'Mean': np.float64(-0.18893066340162282), 'Std': np.float64(0.03071279541666767)}
2024-11-17 07:15:26,479 - INFO - Top 10 Std Stats: {'Max': np.float64(0.3935442669972433), 'Min': np.float64(0.24450038242452973), 'Mean': np.float64(0.3089859505835769), 'Std': np.float64(0.05343393826591102)}
2024-11-17 07:15:26,479 - INFO - Bottom 10 Mean Stats: {'Max': np.float64(100.0), 'Min': np.float64(91.0), 'Mean': np.float64(93.7), 'Std': np.float64(4.124318125460256)}
2024-11-17 07:15:26,479 - INFO - Bottom 10 Std Stats: {'Max': np.float64(0.0), 'Min': np.float64(0.0), 'Mean': np.float64(0.0), 'Std': np.float64(0.0)}
[I 2024-11-17 07:15:26,498] Trial 475 finished with value: 6.0 and parameters: {'x_0': -2, 'x_1': -1, 'x_2': 1, 'x_3': 0}. Best is trial 362 with value: 1.0.
2024-11-17 07:15:26,625 - INFO - Candidate Mean Stats: {'Max': np.float64(100.0), 'Min': np.float64(-0.419416852969725), 'Mean': np.float64(1.2705065274781797), 'Std': np.float64(8.209146702038169)}
2024-11-17 07:15:26,625 - INFO - Candidate Std Stats: {'Max': np.float64(0.42865360049484813), 'Min': np.float64(0.0), 'Mean': np.float64(0.0348722687310642), 'Std': np.float64(0.04175666437862493)}
2024-11-17 07:15:26,627 - INFO - Top 10 Mean Stats: {'Max': np.float64(-0.11416150177368034), 'Min': np.float64(-0.419416852969725), 'Mean': np.float64(-0.3009247123681926), 'Std': np.float64(0.112014826724098)}
2024-11-17 07:15:26,627 - INFO - Top 10 Std Stats: {'Max': np.float64(0.42865360049484813), 'Min': np.float64(0.16567802775999965), 'Mean': np.float64(0.2819089003554345), 'Std': np.float64(0.10416435366074589)}
2024-11-17 07:15:26,627 - INFO - Bottom 10 Mean Stats: {'Max': np.float64(100.0), 'Min': np.float64(91.0), 'Mean': np.float64(95.5), 'Std': np.float64(4.5)}
2024-11-17 07:15:26,627 - INFO - Bottom 10 Std Stats: {'Max': np.float64(0.0), 'Min': np.float64(0.0), 'Mean': np.float64(0.0), 'Std': np.float64(0.0)}
[I 2024-11-17 07:15:26,644] Trial 473 finished with value: 13.0 and parameters: {'x_0': 2, 'x_1': 1, 'x_2': -2, 'x_3': -2}. Best is trial 179 with value: 1.0.
2024-11-17 07:15:26,666 - INFO - Candidate Mean Stats: {'Max': np.float64(100.0), 'Min': np.float64(-0.1794998823421225), 'Mean': np.float64(1.119463435902453), 'Std': np.float64(7.479999686764985)}
2024-11-17 07:15:26,667 - INFO - Candidate Std Stats: {'Max': np.float64(0.47767522630213144), 'Min': np.float64(0.0), 'Mean': np.float64(0.024817685776419927), 'Std': np.float64(0.0336759511960727)}
2024-11-17 07:15:26,668 - INFO - Top 10 Mean Stats: {'Max': np.float64(-0.10850426543771804), 'Min': np.float64(-0.13560950010609352), 'Mean': np.float64(-0.12074749800395075), 'Std': np.float64(0.006939335531463103)}
2024-11-17 07:15:26,668 - INFO - Top 10 Std Stats: {'Max': np.float64(0.210755489524101), 'Min': np.float64(0.18624502778539523), 'Mean': np.float64(0.195307421672234), 'Std': np.float64(0.008313792874342035)}
2024-11-17 07:15:26,668 - INFO - Bottom 10 Mean Stats: {'Max': np.float64(100.0), 'Min': np.float64(91.0), 'Mean': np.float64(93.7), 'Std': np.float64(4.124318125460256)}
2024-11-17 07:15:26,668 - INFO - Bottom 10 Std Stats: {'Max': np.float64(0.0), 'Min': np.float64(0.0), 'Mean': np.float64(0.0), 'Std': np.float64(0.0)}
2024-11-17 07:15:26,679 - INFO - Candidate Mean Stats: {'Max': np.float64(91.0), 'Min': np.float64(-0.33409831091275877), 'Mean': np.float64(0.9400573972469327), 'Std': np.float64(6.763103658227333)}
2024-11-17 07:15:26,679 - INFO - Candidate Std Stats: {'Max': np.float64(0.9726739978209065), 'Min': np.float64(0.0), 'Mean': np.float64(0.054613532304766864), 'Std': np.float64(0.04326202887682661)}
2024-11-17 07:15:26,681 - INFO - Top 10 Mean Stats: {'Max': np.float64(0.5585000826951789), 'Min': np.float64(-0.33409831091275877), 'Mean': np.float64(-0.15702355498700654), 'Std': np.float64(0.2479033864380935)}
2024-11-17 07:15:26,681 - INFO - Top 10 Std Stats: {'Max': np.float64(0.9726739978209065), 'Min': np.float64(0.20629484178408528), 'Mean': np.float64(0.3389009316007819), 'Std': np.float64(0.21487361149068201)}
2024-11-17 07:15:26,681 - INFO - Bottom 10 Mean Stats: {'Max': np.float64(91.0), 'Min': np.float64(82.0), 'Mean': np.float64(84.9), 'Std': np.float64(4.036087214122113)}
2024-11-17 07:15:26,681 - INFO - Bottom 10 Std Stats: {'Max': np.float64(0.0), 'Min': np.float64(0.0), 'Mean': np.float64(0.0), 'Std': np.float64(0.0)}
[I 2024-11-17 07:15:26,687] Trial 476 finished with value: 12.0 and parameters: {'x_0': -1, 'x_1': -3, 'x_2': -1, 'x_3': -1}. Best is trial 362 with value: 1.0.
[I 2024-11-17 07:15:26,698] Trial 411 finished with value: 58.0 and parameters: {'x_0': -4, 'x_1': 5, 'x_2': -1, 'x_3': -4}. Best is trial 320 with value: 0.0.
2024-11-17 07:15:26,769 - INFO - Candidate Mean Stats: {'Max': np.float64(100.0), 'Min': np.float64(-0.44464750994005636), 'Mean': np.float64(1.2806389571084882), 'Std': np.float64(8.20835926394011)}
2024-11-17 07:15:26,770 - INFO - Candidate Std Stats: {'Max': np.float64(0.29333454179735363), 'Min': np.float64(0.0), 'Mean': np.float64(0.02584616265267366), 'Std': np.float64(0.033124306756309604)}
2024-11-17 07:15:26,771 - INFO - Top 10 Mean Stats: {'Max': np.float64(-0.22409837120473108), 'Min': np.float64(-0.44464750994005636), 'Mean': np.float64(-0.3376506401917516), 'Std': np.float64(0.07490007296205439)}
2024-11-17 07:15:26,771 - INFO - Top 10 Std Stats: {'Max': np.float64(0.1718024458841961), 'Min': np.float64(0.035456729806746023), 'Mean': np.float64(0.08705658680641905), 'Std': np.float64(0.05194311087697304)}
2024-11-17 07:15:26,771 - INFO - Bottom 10 Mean Stats: {'Max': np.float64(100.0), 'Min': np.float64(91.0), 'Mean': np.float64(95.5), 'Std': np.float64(4.5)}
2024-11-17 07:15:26,771 - INFO - Bottom 10 Std Stats: {'Max': np.float64(0.0), 'Min': np.float64(0.0), 'Mean': np.float64(0.0), 'Std': np.float64(0.0)}
[I 2024-11-17 07:15:26,788] Trial 474 finished with value: 21.0 and parameters: {'x_0': 0, 'x_1': -1, 'x_2': -4, 'x_3': -2}. Best is trial 179 with value: 1.0.
2024-11-17 07:15:26,863 - INFO - Candidate Mean Stats: {'Max': np.float64(100.0), 'Min': np.float64(-0.3977648608591667), 'Mean': np.float64(1.115431132063284), 'Std': np.float64(7.4812267004229716)}
2024-11-17 07:15:26,863 - INFO - Candidate Std Stats: {'Max': np.float64(0.6281509946040202), 'Min': np.float64(0.0), 'Mean': np.float64(0.0340822647877171), 'Std': np.float64(0.04230653207294203)}
2024-11-17 07:15:26,865 - INFO - Top 10 Mean Stats: {'Max': np.float64(-0.14292111686067235), 'Min': np.float64(-0.3977648608591667), 'Mean': np.float64(-0.2404107050383769), 'Std': np.float64(0.08674600304229628)}
2024-11-17 07:15:26,865 - INFO - Top 10 Std Stats: {'Max': np.float64(0.35379607219497244), 'Min': np.float64(0.1240742608617869), 'Mean': np.float64(0.24020993210260927), 'Std': np.float64(0.07705258021854823)}
2024-11-17 07:15:26,865 - INFO - Bottom 10 Mean Stats: {'Max': np.float64(100.0), 'Min': np.float64(91.0), 'Mean': np.float64(93.7), 'Std': np.float64(4.124318125460256)}
2024-11-17 07:15:26,865 - INFO - Bottom 10 Std Stats: {'Max': np.float64(0.0), 'Min': np.float64(0.0), 'Mean': np.float64(0.0), 'Std': np.float64(0.0)}
[I 2024-11-17 07:15:26,884] Trial 477 finished with value: 19.0 and parameters: {'x_0': -1, 'x_1': -1, 'x_2': 4, 'x_3': 1}. Best is trial 362 with value: 1.0.
2024-11-17 07:15:26,918 - INFO - Candidate Mean Stats: {'Max': np.float64(100.0), 'Min': np.float64(-0.4547793665800044), 'Mean': np.float64(1.2798490491318144), 'Std': np.float64(8.210317480477986)}
2024-11-17 07:15:26,918 - INFO - Candidate Std Stats: {'Max': np.float64(0.26661436268732275), 'Min': np.float64(0.0), 'Mean': np.float64(0.022772943621551543), 'Std': np.float64(0.030375767916550354)}
2024-11-17 07:15:26,920 - INFO - Top 10 Mean Stats: {'Max': np.float64(-0.17226554522809834), 'Min': np.float64(-0.4547793665800044), 'Mean': np.float64(-0.32719908027866185), 'Std': np.float64(0.10786974357130281)}
2024-11-17 07:15:26,920 - INFO - Top 10 Std Stats: {'Max': np.float64(0.2462801813138299), 'Min': np.float64(0.04140437296971559), 'Mean': np.float64(0.14992929743900124), 'Std': np.float64(0.06565249769677482)}
2024-11-17 07:15:26,920 - INFO - Bottom 10 Mean Stats: {'Max': np.float64(100.0), 'Min': np.float64(91.0), 'Mean': np.float64(95.5), 'Std': np.float64(4.5)}
2024-11-17 07:15:26,920 - INFO - Bottom 10 Std Stats: {'Max': np.float64(0.0), 'Min': np.float64(0.0), 'Mean': np.float64(0.0), 'Std': np.float64(0.0)}
[I 2024-11-17 07:15:26,937] Trial 475 finished with value: 21.0 and parameters: {'x_0': 0, 'x_1': 1, 'x_2': -4, 'x_3': -2}. Best is trial 179 with value: 1.0.
2024-11-17 07:15:26,948 - INFO - Candidate Mean Stats: {'Max': np.float64(91.0), 'Min': np.float64(-0.5551484657015986), 'Mean': np.float64(0.9436754141154611), 'Std': np.float64(6.779561604795641)}
2024-11-17 07:15:26,948 - INFO - Candidate Std Stats: {'Max': np.float64(1.1941158044552704), 'Min': np.float64(0.0), 'Mean': np.float64(0.037290484654079616), 'Std': np.float64(0.04697924885093077)}
2024-11-17 07:15:26,950 - INFO - Top 10 Mean Stats: {'Max': np.float64(-0.17999060174482095), 'Min': np.float64(-0.5551484657015986), 'Mean': np.float64(-0.4024534264035252), 'Std': np.float64(0.1235652975245619)}
2024-11-17 07:15:26,950 - INFO - Top 10 Std Stats: {'Max': np.float64(0.40865408610847037), 'Min': np.float64(0.029216726638626615), 'Mean': np.float64(0.16504940908509774), 'Std': np.float64(0.12057154128431352)}
2024-11-17 07:15:26,950 - INFO - Bottom 10 Mean Stats: {'Max': np.float64(91.0), 'Min': np.float64(82.0), 'Mean': np.float64(84.9), 'Std': np.float64(4.036087214122113)}
2024-11-17 07:15:26,950 - INFO - Bottom 10 Std Stats: {'Max': np.float64(0.0), 'Min': np.float64(0.0), 'Mean': np.float64(0.0), 'Std': np.float64(0.0)}
[I 2024-11-17 07:15:26,968] Trial 412 finished with value: 19.0 and parameters: {'x_0': 3, 'x_1': -3, 'x_2': -1, 'x_3': 0}. Best is trial 320 with value: 0.0.
2024-11-17 07:15:27,011 - INFO - Candidate Mean Stats: {'Max': np.float64(100.0), 'Min': np.float64(-0.2629820277950649), 'Mean': np.float64(1.1202700111319854), 'Std': np.float64(7.48218993528534)}
2024-11-17 07:15:27,011 - INFO - Candidate Std Stats: {'Max': np.float64(0.3737434918879811), 'Min': np.float64(0.0), 'Mean': np.float64(0.025970767885357834), 'Std': np.float64(0.03371220993336188)}
2024-11-17 07:15:27,013 - INFO - Top 10 Mean Stats: {'Max': np.float64(-0.1650347593030385), 'Min': np.float64(-0.2629820277950649), 'Mean': np.float64(-0.20185081750949263), 'Std': np.float64(0.039615998083756376)}
2024-11-17 07:15:27,013 - INFO - Top 10 Std Stats: {'Max': np.float64(0.24542229571655338), 'Min': np.float64(0.149417181275088), 'Mean': np.float64(0.20434722076143297), 'Std': np.float64(0.03485828161178716)}
2024-11-17 07:15:27,013 - INFO - Bottom 10 Mean Stats: {'Max': np.float64(100.0), 'Min': np.float64(91.0), 'Mean': np.float64(93.7), 'Std': np.float64(4.124318125460256)}
2024-11-17 07:15:27,013 - INFO - Bottom 10 Std Stats: {'Max': np.float64(0.0), 'Min': np.float64(0.0), 'Mean': np.float64(0.0), 'Std': np.float64(0.0)}
[I 2024-11-17 07:15:27,031] Trial 478 finished with value: 19.0 and parameters: {'x_0': -1, 'x_1': -1, 'x_2': 4, 'x_3': -1}. Best is trial 362 with value: 1.0.
2024-11-17 07:15:27,071 - INFO - Candidate Mean Stats: {'Max': np.float64(100.0), 'Min': np.float64(-0.4575447345055384), 'Mean': np.float64(1.2796548958686873), 'Std': np.float64(8.212152037404525)}
2024-11-17 07:15:27,071 - INFO - Candidate Std Stats: {'Max': np.float64(0.5451574156659669), 'Min': np.float64(0.0), 'Mean': np.float64(0.03194940376238961), 'Std': np.float64(0.03787419914522474)}
2024-11-17 07:15:27,072 - INFO - Top 10 Mean Stats: {'Max': np.float64(-0.1257815733507423), 'Min': np.float64(-0.4575447345055384), 'Mean': np.float64(-0.30256303197698103), 'Std': np.float64(0.12877338205806724)}
2024-11-17 07:15:27,072 - INFO - Top 10 Std Stats: {'Max': np.float64(0.5451574156659669), 'Min': np.float64(0.04614962892150473), 'Mean': np.float64(0.28703800020465303), 'Std': np.float64(0.19549886064852842)}
2024-11-17 07:15:27,072 - INFO - Bottom 10 Mean Stats: {'Max': np.float64(100.0), 'Min': np.float64(91.0), 'Mean': np.float64(95.5), 'Std': np.float64(4.5)}
2024-11-17 07:15:27,072 - INFO - Bottom 10 Std Stats: {'Max': np.float64(0.0), 'Min': np.float64(0.0), 'Mean': np.float64(0.0), 'Std': np.float64(0.0)}
[I 2024-11-17 07:15:27,090] Trial 476 finished with value: 49.0 and parameters: {'x_0': -2, 'x_1': -4, 'x_2': -2, 'x_3': -5}. Best is trial 179 with value: 1.0.
2024-11-17 07:15:27,157 - INFO - Candidate Mean Stats: {'Max': np.float64(100.0), 'Min': np.float64(-0.33536987841414645), 'Mean': np.float64(1.1253707766309997), 'Std': np.float64(7.48310482815088)}
2024-11-17 07:15:27,157 - INFO - Candidate Std Stats: {'Max': np.float64(0.6406761284101687), 'Min': np.float64(0.0), 'Mean': np.float64(0.02779231750398666), 'Std': np.float64(0.03542869076074752)}
2024-11-17 07:15:27,159 - INFO - Top 10 Mean Stats: {'Max': np.float64(-0.28112696957149974), 'Min': np.float64(-0.33536987841414645), 'Mean': np.float64(-0.3084639810429528), 'Std': np.float64(0.014382598348030528)}
2024-11-17 07:15:27,159 - INFO - Top 10 Std Stats: {'Max': np.float64(0.1011476982105357), 'Min': np.float64(0.08201808732989688), 'Mean': np.float64(0.09228025091857739), 'Std': np.float64(0.00650194474337556)}
2024-11-17 07:15:27,159 - INFO - Bottom 10 Mean Stats: {'Max': np.float64(100.0), 'Min': np.float64(91.0), 'Mean': np.float64(93.7), 'Std': np.float64(4.124318125460256)}
2024-11-17 07:15:27,159 - INFO - Bottom 10 Std Stats: {'Max': np.float64(0.0), 'Min': np.float64(0.0), 'Mean': np.float64(0.0), 'Std': np.float64(0.0)}
[I 2024-11-17 07:15:27,176] Trial 479 finished with value: 21.0 and parameters: {'x_0': -1, 'x_1': 0, 'x_2': 4, 'x_3': 2}. Best is trial 362 with value: 1.0.
2024-11-17 07:15:27,210 - INFO - Candidate Mean Stats: {'Max': np.float64(100.0), 'Min': np.float64(-0.4002549969152181), 'Mean': np.float64(1.284960296322736), 'Std': np.float64(8.221341576433833)}
2024-11-17 07:15:27,210 - INFO - Candidate Std Stats: {'Max': np.float64(0.3006625740264136), 'Min': np.float64(0.0), 'Mean': np.float64(0.021127018537481997), 'Std': np.float64(0.02788637657330458)}
2024-11-17 07:15:27,212 - INFO - Top 10 Mean Stats: {'Max': np.float64(-0.17283864990964493), 'Min': np.float64(-0.4002549969152181), 'Mean': np.float64(-0.291644669639935), 'Std': np.float64(0.09934752601328774)}
2024-11-17 07:15:27,212 - INFO - Top 10 Std Stats: {'Max': np.float64(0.19669633283621601), 'Min': np.float64(0.061881418664245645), 'Mean': np.float64(0.12635019092646532), 'Std': np.float64(0.05643978911698285)}
2024-11-17 07:15:27,212 - INFO - Bottom 10 Mean Stats: {'Max': np.float64(100.0), 'Min': np.float64(91.0), 'Mean': np.float64(95.5), 'Std': np.float64(4.5)}
2024-11-17 07:15:27,212 - INFO - Bottom 10 Std Stats: {'Max': np.float64(0.0), 'Min': np.float64(0.0), 'Mean': np.float64(0.0), 'Std': np.float64(0.0)}
2024-11-17 07:15:27,217 - INFO - Candidate Mean Stats: {'Max': np.float64(91.0), 'Min': np.float64(-0.5937515478607868), 'Mean': np.float64(0.940760129928718), 'Std': np.float64(6.781765156833717)}
2024-11-17 07:15:27,217 - INFO - Candidate Std Stats: {'Max': np.float64(0.47599519109869154), 'Min': np.float64(0.0), 'Mean': np.float64(0.043919094862347574), 'Std': np.float64(0.04384867038911008)}
2024-11-17 07:15:27,219 - INFO - Top 10 Mean Stats: {'Max': np.float64(-0.16940870503885339), 'Min': np.float64(-0.5937515478607868), 'Mean': np.float64(-0.3051509529814479), 'Std': np.float64(0.15569277953146768)}
2024-11-17 07:15:27,219 - INFO - Top 10 Std Stats: {'Max': np.float64(0.47599519109869154), 'Min': np.float64(0.04006906815730052), 'Mean': np.float64(0.27322837668842836), 'Std': np.float64(0.14892930586273984)}
2024-11-17 07:15:27,219 - INFO - Bottom 10 Mean Stats: {'Max': np.float64(91.0), 'Min': np.float64(82.0), 'Mean': np.float64(84.9), 'Std': np.float64(4.036087214122113)}
2024-11-17 07:15:27,219 - INFO - Bottom 10 Std Stats: {'Max': np.float64(0.0), 'Min': np.float64(0.0), 'Mean': np.float64(0.0), 'Std': np.float64(0.0)}
