[I 2024-11-17 07:15:01,742] Trial 346 finished with value: 7.0 and parameters: {'x_0': -1, 'x_1': -1, 'x_2': -2, 'x_3': -1}. Best is trial 290 with value: 2.0.
2024-11-17 07:15:01,889 - INFO - Candidate Mean Stats: {'Max': np.float64(100.0), 'Min': np.float64(-0.3444628527443788), 'Mean': np.float64(1.1071868244272616), 'Std': np.float64(7.930816591026977)}
2024-11-17 07:15:01,889 - INFO - Candidate Std Stats: {'Max': np.float64(0.5783049478402619), 'Min': np.float64(0.0), 'Mean': np.float64(0.040910202780003874), 'Std': np.float64(0.04510964598732129)}
2024-11-17 07:15:01,890 - INFO - Top 10 Mean Stats: {'Max': np.float64(-0.0688785109856134), 'Min': np.float64(-0.3444628527443788), 'Mean': np.float64(-0.21533661908350177), 'Std': np.float64(0.07638897821080562)}
2024-11-17 07:15:01,890 - INFO - Top 10 Std Stats: {'Max': np.float64(0.5783049478402619), 'Min': np.float64(0.3084881676973857), 'Mean': np.float64(0.4481448295482922), 'Std': np.float64(0.09734438230931483)}
2024-11-17 07:15:01,891 - INFO - Bottom 10 Mean Stats: {'Max': np.float64(100.0), 'Min': np.float64(91.0), 'Mean': np.float64(95.5), 'Std': np.float64(4.5)}
2024-11-17 07:15:01,891 - INFO - Bottom 10 Std Stats: {'Max': np.float64(0.0), 'Min': np.float64(0.0), 'Mean': np.float64(0.0), 'Std': np.float64(0.0)}
[I 2024-11-17 07:15:01,909] Trial 346 finished with value: 18.0 and parameters: {'x_0': 0, 'x_1': 1, 'x_2': -1, 'x_3': -4}. Best is trial 179 with value: 1.0.
2024-11-17 07:15:01,927 - INFO - Candidate Mean Stats: {'Max': np.float64(100.0), 'Min': np.float64(-0.5726046010221557), 'Mean': np.float64(0.9449715931098489), 'Std': np.float64(7.090867357245123)}
2024-11-17 07:15:01,927 - INFO - Candidate Std Stats: {'Max': np.float64(0.5076089080156632), 'Min': np.float64(0.0), 'Mean': np.float64(0.023569340724752252), 'Std': np.float64(0.035846440209133065)}
2024-11-17 07:15:01,928 - INFO - Top 10 Mean Stats: {'Max': np.float64(-0.3863904145902168), 'Min': np.float64(-0.5726046010221557), 'Mean': np.float64(-0.47177833920573214), 'Std': np.float64(0.06301549412063233)}
2024-11-17 07:15:01,928 - INFO - Top 10 Std Stats: {'Max': np.float64(0.1876934761389192), 'Min': np.float64(0.08900056396469458), 'Mean': np.float64(0.14854493604742747), 'Std': np.float64(0.028957035696511934)}
2024-11-17 07:15:01,928 - INFO - Bottom 10 Mean Stats: {'Max': np.float64(100.0), 'Min': np.float64(84.0), 'Mean': np.float64(93.0), 'Std': np.float64(5.019960159204453)}
2024-11-17 07:15:01,929 - INFO - Bottom 10 Std Stats: {'Max': np.float64(0.0), 'Min': np.float64(0.0), 'Mean': np.float64(0.0), 'Std': np.float64(0.0)}
[I 2024-11-17 07:15:01,944] Trial 347 finished with value: 7.0 and parameters: {'x_0': -1, 'x_1': -1, 'x_2': -1, 'x_3': -2}. Best is trial 290 with value: 2.0.
2024-11-17 07:15:02,011 - INFO - Candidate Mean Stats: {'Max': np.float64(91.0), 'Min': np.float64(-0.6008412487088631), 'Mean': np.float64(0.7211020766298566), 'Std': np.float64(5.751048502287231)}
2024-11-17 07:15:02,011 - INFO - Candidate Std Stats: {'Max': np.float64(0.47546238271845626), 'Min': np.float64(0.0), 'Mean': np.float64(0.05346312813275282), 'Std': np.float64(0.044789815637387306)}
2024-11-17 07:15:02,013 - INFO - Top 10 Mean Stats: {'Max': np.float64(-0.21443833429239106), 'Min': np.float64(-0.6008412487088631), 'Mean': np.float64(-0.4605063304276304), 'Std': np.float64(0.11061277227849721)}
2024-11-17 07:15:02,013 - INFO - Top 10 Std Stats: {'Max': np.float64(0.39019587016561935), 'Min': np.float64(0.24336781688513176), 'Mean': np.float64(0.300648190528117), 'Std': np.float64(0.054115118569730225)}
2024-11-17 07:15:02,013 - INFO - Bottom 10 Mean Stats: {'Max': np.float64(91.0), 'Min': np.float64(75.0), 'Mean': np.float64(78.1), 'Std': np.float64(5.08822169328342)}
2024-11-17 07:15:02,013 - INFO - Bottom 10 Std Stats: {'Max': np.float64(0.0), 'Min': np.float64(0.0), 'Mean': np.float64(0.0), 'Std': np.float64(0.0)}
[I 2024-11-17 07:15:02,029] Trial 325 finished with value: 2.0 and parameters: {'x_0': 0, 'x_1': -1, 'x_2': -1, 'x_3': 0}. Best is trial 320 with value: 0.0.
2024-11-17 07:15:02,132 - INFO - Candidate Mean Stats: {'Max': np.float64(100.0), 'Min': np.float64(-0.34482007284642896), 'Mean': np.float64(1.1108741432253841), 'Std': np.float64(7.931700523136181)}
2024-11-17 07:15:02,132 - INFO - Candidate Std Stats: {'Max': np.float64(0.5360394143995231), 'Min': np.float64(0.0), 'Mean': np.float64(0.04335729270271759), 'Std': np.float64(0.04330315619976169)}
2024-11-17 07:15:02,133 - INFO - Top 10 Mean Stats: {'Max': np.float64(-0.05388869499361134), 'Min': np.float64(-0.34482007284642896), 'Mean': np.float64(-0.24053417120139414), 'Std': np.float64(0.08085497623972498)}
2024-11-17 07:15:02,133 - INFO - Top 10 Std Stats: {'Max': np.float64(0.5360394143995231), 'Min': np.float64(0.24088862560364427), 'Mean': np.float64(0.35245914545646706), 'Std': np.float64(0.07366852539097404)}
2024-11-17 07:15:02,134 - INFO - Bottom 10 Mean Stats: {'Max': np.float64(100.0), 'Min': np.float64(91.0), 'Mean': np.float64(95.5), 'Std': np.float64(4.5)}
2024-11-17 07:15:02,134 - INFO - Bottom 10 Std Stats: {'Max': np.float64(0.0), 'Min': np.float64(0.0), 'Mean': np.float64(0.0), 'Std': np.float64(0.0)}
2024-11-17 07:15:02,135 - INFO - Candidate Mean Stats: {'Max': np.float64(100.0), 'Min': np.float64(-0.38169506230462635), 'Mean': np.float64(0.9436932680936904), 'Std': np.float64(7.09126554753098)}
2024-11-17 07:15:02,135 - INFO - Candidate Std Stats: {'Max': np.float64(0.5286128740853326), 'Min': np.float64(0.0), 'Mean': np.float64(0.03427434755282799), 'Std': np.float64(0.04533823217075759)}
2024-11-17 07:15:02,137 - INFO - Top 10 Mean Stats: {'Max': np.float64(-0.14110132427123256), 'Min': np.float64(-0.38169506230462635), 'Mean': np.float64(-0.2987545122054938), 'Std': np.float64(0.08776855080818127)}
2024-11-17 07:15:02,137 - INFO - Top 10 Std Stats: {'Max': np.float64(0.4519918861497097), 'Min': np.float64(0.17159209180694285), 'Mean': np.float64(0.2468493761535298), 'Std': np.float64(0.08122224766965863)}
2024-11-17 07:15:02,137 - INFO - Bottom 10 Mean Stats: {'Max': np.float64(100.0), 'Min': np.float64(84.0), 'Mean': np.float64(93.0), 'Std': np.float64(5.019960159204453)}
2024-11-17 07:15:02,137 - INFO - Bottom 10 Std Stats: {'Max': np.float64(0.0), 'Min': np.float64(0.0), 'Mean': np.float64(0.0), 'Std': np.float64(0.0)}
[I 2024-11-17 07:15:02,151] Trial 347 finished with value: 14.0 and parameters: {'x_0': 0, 'x_1': 1, 'x_2': -3, 'x_3': -2}. Best is trial 179 with value: 1.0.
[I 2024-11-17 07:15:02,153] Trial 348 finished with value: 54.0 and parameters: {'x_0': 5, 'x_1': 4, 'x_2': 2, 'x_3': 3}. Best is trial 290 with value: 2.0.
2024-11-17 07:15:02,291 - INFO - Candidate Mean Stats: {'Max': np.float64(91.0), 'Min': np.float64(-0.9161572125102625), 'Mean': np.float64(0.7193442095172448), 'Std': np.float64(5.751310845535534)}
2024-11-17 07:15:02,291 - INFO - Candidate Std Stats: {'Max': np.float64(0.5157779944996941), 'Min': np.float64(0.0), 'Mean': np.float64(0.04429614937724417), 'Std': np.float64(0.05022518253931101)}
2024-11-17 07:15:02,292 - INFO - Top 10 Mean Stats: {'Max': np.float64(-0.16617670530943088), 'Min': np.float64(-0.9161572125102625), 'Mean': np.float64(-0.6331199251549428), 'Std': np.float64(0.25816185015117565)}
2024-11-17 07:15:02,292 - INFO - Top 10 Std Stats: {'Max': np.float64(0.49550448329402236), 'Min': np.float64(0.0595007021949636), 'Mean': np.float64(0.1930252172575706), 'Std': np.float64(0.13941731183599207)}
2024-11-17 07:15:02,293 - INFO - Bottom 10 Mean Stats: {'Max': np.float64(91.0), 'Min': np.float64(75.0), 'Mean': np.float64(78.1), 'Std': np.float64(5.08822169328342)}
2024-11-17 07:15:02,293 - INFO - Bottom 10 Std Stats: {'Max': np.float64(0.0), 'Min': np.float64(0.0), 'Mean': np.float64(0.0), 'Std': np.float64(0.0)}
2024-11-17 07:15:02,299 - INFO - Candidate Mean Stats: {'Max': np.float64(100.0), 'Min': np.float64(-0.5594235534743022), 'Mean': np.float64(0.9468323656494497), 'Std': np.float64(7.104878480847312)}
2024-11-17 07:15:02,300 - INFO - Candidate Std Stats: {'Max': np.float64(0.4587236005273363), 'Min': np.float64(0.0), 'Mean': np.float64(0.028061073737885862), 'Std': np.float64(0.04094729255119994)}
2024-11-17 07:15:02,301 - INFO - Top 10 Mean Stats: {'Max': np.float64(-0.21708209618391452), 'Min': np.float64(-0.5594235534743022), 'Mean': np.float64(-0.4202645745725646), 'Std': np.float64(0.13765559142308156)}
2024-11-17 07:15:02,302 - INFO - Top 10 Std Stats: {'Max': np.float64(0.4587236005273363), 'Min': np.float64(0.1617463704308326), 'Mean': np.float64(0.26447885995925674), 'Std': np.float64(0.10590676210769166)}
2024-11-17 07:15:02,302 - INFO - Bottom 10 Mean Stats: {'Max': np.float64(100.0), 'Min': np.float64(84.0), 'Mean': np.float64(93.0), 'Std': np.float64(5.019960159204453)}
2024-11-17 07:15:02,302 - INFO - Bottom 10 Std Stats: {'Max': np.float64(0.0), 'Min': np.float64(0.0), 'Mean': np.float64(0.0), 'Std': np.float64(0.0)}
[I 2024-11-17 07:15:02,310] Trial 326 finished with value: 1.0 and parameters: {'x_0': 0, 'x_1': -1, 'x_2': 0, 'x_3': 0}. Best is trial 320 with value: 0.0.
[I 2024-11-17 07:15:02,319] Trial 349 finished with value: 10.0 and parameters: {'x_0': -1, 'x_1': -2, 'x_2': -1, 'x_3': -2}. Best is trial 290 with value: 2.0.
2024-11-17 07:15:02,383 - INFO - Candidate Mean Stats: {'Max': np.float64(100.0), 'Min': np.float64(-0.33009199558338626), 'Mean': np.float64(1.1125532401093383), 'Std': np.float64(7.932337189096214)}
2024-11-17 07:15:02,383 - INFO - Candidate Std Stats: {'Max': np.float64(0.6080546344099023), 'Min': np.float64(0.0), 'Mean': np.float64(0.043259571982734155), 'Std': np.float64(0.042855426387053606)}
2024-11-17 07:15:02,384 - INFO - Top 10 Mean Stats: {'Max': np.float64(-0.19330727774498602), 'Min': np.float64(-0.33009199558338626), 'Mean': np.float64(-0.2563973331134004), 'Std': np.float64(0.04716402239338967)}
2024-11-17 07:15:02,384 - INFO - Top 10 Std Stats: {'Max': np.float64(0.49535685517765327), 'Min': np.float64(0.2752732365066197), 'Mean': np.float64(0.3962481057469526), 'Std': np.float64(0.05926803589289032)}
2024-11-17 07:15:02,384 - INFO - Bottom 10 Mean Stats: {'Max': np.float64(100.0), 'Min': np.float64(91.0), 'Mean': np.float64(95.5), 'Std': np.float64(4.5)}
2024-11-17 07:15:02,385 - INFO - Bottom 10 Std Stats: {'Max': np.float64(0.0), 'Min': np.float64(0.0), 'Mean': np.float64(0.0), 'Std': np.float64(0.0)}
[I 2024-11-17 07:15:02,401] Trial 348 finished with value: 43.0 and parameters: {'x_0': -1, 'x_1': 4, 'x_2': 5, 'x_3': -1}. Best is trial 179 with value: 1.0.
2024-11-17 07:15:02,492 - INFO - Candidate Mean Stats: {'Max': np.float64(100.0), 'Min': np.float64(-0.5953081153809652), 'Mean': np.float64(0.9512253854559082), 'Std': np.float64(7.104771524845048)}
2024-11-17 07:15:02,492 - INFO - Candidate Std Stats: {'Max': np.float64(0.48856419417626196), 'Min': np.float64(0.0), 'Mean': np.float64(0.023787962827100467), 'Std': np.float64(0.035744957419809514)}
2024-11-17 07:15:02,494 - INFO - Top 10 Mean Stats: {'Max': np.float64(-0.1390220144206657), 'Min': np.float64(-0.5953081153809652), 'Mean': np.float64(-0.37466483446438137), 'Std': np.float64(0.1810657889294837)}
2024-11-17 07:15:02,494 - INFO - Top 10 Std Stats: {'Max': np.float64(0.48856419417626196), 'Min': np.float64(0.168604725573188), 'Mean': np.float64(0.30155869262900964), 'Std': np.float64(0.11952660906979036)}
2024-11-17 07:15:02,494 - INFO - Bottom 10 Mean Stats: {'Max': np.float64(100.0), 'Min': np.float64(84.0), 'Mean': np.float64(93.0), 'Std': np.float64(5.019960159204453)}
2024-11-17 07:15:02,494 - INFO - Bottom 10 Std Stats: {'Max': np.float64(0.0), 'Min': np.float64(0.0), 'Mean': np.float64(0.0), 'Std': np.float64(0.0)}
[I 2024-11-17 07:15:02,510] Trial 350 finished with value: 9.0 and parameters: {'x_0': -1, 'x_1': -2, 'x_2': 0, 'x_3': -2}. Best is trial 290 with value: 2.0.
2024-11-17 07:15:02,539 - INFO - Candidate Mean Stats: {'Max': np.float64(91.0), 'Min': np.float64(-0.6615204483115396), 'Mean': np.float64(0.7220978072354852), 'Std': np.float64(5.750930916558507)}
2024-11-17 07:15:02,539 - INFO - Candidate Std Stats: {'Max': np.float64(0.5863565291138291), 'Min': np.float64(0.0), 'Mean': np.float64(0.04680492481271369), 'Std': np.float64(0.04555365179056284)}
2024-11-17 07:15:02,541 - INFO - Top 10 Mean Stats: {'Max': np.float64(-0.22073528988336943), 'Min': np.float64(-0.6615204483115396), 'Mean': np.float64(-0.4684677898071296), 'Std': np.float64(0.18255597418012795)}
2024-11-17 07:15:02,541 - INFO - Top 10 Std Stats: {'Max': np.float64(0.5554938597286698), 'Min': np.float64(0.08328893908349963), 'Mean': np.float64(0.23898481472838357), 'Std': np.float64(0.1643714818639072)}
2024-11-17 07:15:02,541 - INFO - Bottom 10 Mean Stats: {'Max': np.float64(91.0), 'Min': np.float64(75.0), 'Mean': np.float64(78.1), 'Std': np.float64(5.08822169328342)}
2024-11-17 07:15:02,541 - INFO - Bottom 10 Std Stats: {'Max': np.float64(0.0), 'Min': np.float64(0.0), 'Mean': np.float64(0.0), 'Std': np.float64(0.0)}
[I 2024-11-17 07:15:02,560] Trial 327 finished with value: 51.0 and parameters: {'x_0': -5, 'x_1': -4, 'x_2': -3, 'x_3': -1}. Best is trial 320 with value: 0.0.
2024-11-17 07:15:02,644 - INFO - Candidate Mean Stats: {'Max': np.float64(100.0), 'Min': np.float64(-0.6939200343804041), 'Mean': np.float64(0.9461099072311899), 'Std': np.float64(7.105830094799535)}
2024-11-17 07:15:02,644 - INFO - Candidate Std Stats: {'Max': np.float64(0.5409048159773288), 'Min': np.float64(0.0), 'Mean': np.float64(0.03498520145464955), 'Std': np.float64(0.04338003168859591)}
2024-11-17 07:15:02,645 - INFO - Top 10 Mean Stats: {'Max': np.float64(-0.3041558400459979), 'Min': np.float64(-0.6939200343804041), 'Mean': np.float64(-0.43403387803253396), 'Std': np.float64(0.1440962233481465)}
2024-11-17 07:15:02,645 - INFO - Top 10 Std Stats: {'Max': np.float64(0.3411577018030715), 'Min': np.float64(0.0530085039717029), 'Mean': np.float64(0.24007455124380517), 'Std': np.float64(0.10938628376388661)}
2024-11-17 07:15:02,645 - INFO - Bottom 10 Mean Stats: {'Max': np.float64(100.0), 'Min': np.float64(84.0), 'Mean': np.float64(93.0), 'Std': np.float64(5.019960159204453)}
2024-11-17 07:15:02,645 - INFO - Bottom 10 Std Stats: {'Max': np.float64(0.0), 'Min': np.float64(0.0), 'Mean': np.float64(0.0), 'Std': np.float64(0.0)}
2024-11-17 07:15:02,658 - INFO - Candidate Mean Stats: {'Max': np.float64(100.0), 'Min': np.float64(-0.26347513474064777), 'Mean': np.float64(1.1188878798992508), 'Std': np.float64(7.9393931919545295)}
2024-11-17 07:15:02,658 - INFO - Candidate Std Stats: {'Max': np.float64(0.6022441702791872), 'Min': np.float64(0.0), 'Mean': np.float64(0.04432802327654479), 'Std': np.float64(0.043278194998130654)}
2024-11-17 07:15:02,660 - INFO - Top 10 Mean Stats: {'Max': np.float64(0.05564248380523036), 'Min': np.float64(-0.26347513474064777), 'Mean': np.float64(-0.13451035325019806), 'Std': np.float64(0.09108175152567467)}
2024-11-17 07:15:02,660 - INFO - Top 10 Std Stats: {'Max': np.float64(0.6022441702791872), 'Min': np.float64(0.34672063997633057), 'Mean': np.float64(0.44823387680546867), 'Std': np.float64(0.06695469103943685)}
2024-11-17 07:15:02,660 - INFO - Bottom 10 Mean Stats: {'Max': np.float64(100.0), 'Min': np.float64(91.0), 'Mean': np.float64(95.5), 'Std': np.float64(4.5)}
2024-11-17 07:15:02,660 - INFO - Bottom 10 Std Stats: {'Max': np.float64(0.0), 'Min': np.float64(0.0), 'Mean': np.float64(0.0), 'Std': np.float64(0.0)}
[I 2024-11-17 07:15:02,667] Trial 351 finished with value: 9.0 and parameters: {'x_0': -1, 'x_1': 2, 'x_2': 0, 'x_3': -2}. Best is trial 290 with value: 2.0.
[I 2024-11-17 07:15:02,677] Trial 349 finished with value: 66.0 and parameters: {'x_0': 4, 'x_1': -5, 'x_2': 0, 'x_3': 5}. Best is trial 179 with value: 1.0.
2024-11-17 07:15:02,829 - INFO - Candidate Mean Stats: {'Max': np.float64(100.0), 'Min': np.float64(-0.7764695493980346), 'Mean': np.float64(0.9527255425641344), 'Std': np.float64(7.105336324868326)}
2024-11-17 07:15:02,830 - INFO - Candidate Std Stats: {'Max': np.float64(0.48072985474253), 'Min': np.float64(0.0), 'Mean': np.float64(0.02649104375815836), 'Std': np.float64(0.040089150361047765)}
2024-11-17 07:15:02,831 - INFO - Top 10 Mean Stats: {'Max': np.float64(-0.20832654231554065), 'Min': np.float64(-0.7764695493980346), 'Mean': np.float64(-0.3932190667597083), 'Std': np.float64(0.2074198070937628)}
2024-11-17 07:15:02,831 - INFO - Top 10 Std Stats: {'Max': np.float64(0.39083665020618363), 'Min': np.float64(0.026739789248972398), 'Mean': np.float64(0.23987818733276356), 'Std': np.float64(0.15300081221413966)}
2024-11-17 07:15:02,831 - INFO - Bottom 10 Mean Stats: {'Max': np.float64(100.0), 'Min': np.float64(84.0), 'Mean': np.float64(93.0), 'Std': np.float64(5.019960159204453)}
2024-11-17 07:15:02,831 - INFO - Bottom 10 Std Stats: {'Max': np.float64(0.0), 'Min': np.float64(0.0), 'Mean': np.float64(0.0), 'Std': np.float64(0.0)}
[I 2024-11-17 07:15:02,847] Trial 352 finished with value: 10.0 and parameters: {'x_0': -1, 'x_1': 2, 'x_2': -1, 'x_3': -2}. Best is trial 290 with value: 2.0.
2024-11-17 07:15:02,848 - INFO - Candidate Mean Stats: {'Max': np.float64(91.0), 'Min': np.float64(-0.663068237883025), 'Mean': np.float64(0.7260686893147879), 'Std': np.float64(5.765875093288806)}
2024-11-17 07:15:02,848 - INFO - Candidate Std Stats: {'Max': np.float64(0.43695095859246924), 'Min': np.float64(0.0), 'Mean': np.float64(0.052030704237249745), 'Std': np.float64(0.04700335608048209)}
2024-11-17 07:15:02,849 - INFO - Top 10 Mean Stats: {'Max': np.float64(-0.1263916455833048), 'Min': np.float64(-0.663068237883025), 'Mean': np.float64(-0.45251812251133555), 'Std': np.float64(0.2190539940708334)}
2024-11-17 07:15:02,849 - INFO - Top 10 Std Stats: {'Max': np.float64(0.4186853054598989), 'Min': np.float64(0.25111003708234714), 'Mean': np.float64(0.3603662150511386), 'Std': np.float64(0.048811656833281744)}
2024-11-17 07:15:02,850 - INFO - Bottom 10 Mean Stats: {'Max': np.float64(91.0), 'Min': np.float64(75.0), 'Mean': np.float64(78.1), 'Std': np.float64(5.08822169328342)}
2024-11-17 07:15:02,850 - INFO - Bottom 10 Std Stats: {'Max': np.float64(0.0), 'Min': np.float64(0.0), 'Mean': np.float64(0.0), 'Std': np.float64(0.0)}
[I 2024-11-17 07:15:02,866] Trial 328 finished with value: 5.0 and parameters: {'x_0': 0, 'x_1': 2, 'x_2': -1, 'x_3': 0}. Best is trial 320 with value: 0.0.
2024-11-17 07:15:02,908 - INFO - Candidate Mean Stats: {'Max': np.float64(100.0), 'Min': np.float64(-0.1968510636840382), 'Mean': np.float64(1.1139627793357205), 'Std': np.float64(7.95876566657446)}
2024-11-17 07:15:02,908 - INFO - Candidate Std Stats: {'Max': np.float64(0.6744008013418031), 'Min': np.float64(0.0), 'Mean': np.float64(0.051232656397403806), 'Std': np.float64(0.04577390213113501)}
2024-11-17 07:15:02,910 - INFO - Top 10 Mean Stats: {'Max': np.float64(0.15361834723463974), 'Min': np.float64(-0.18293124247622933), 'Mean': np.float64(-0.07148703859964191), 'Std': np.float64(0.10301455683865646)}
2024-11-17 07:15:02,910 - INFO - Top 10 Std Stats: {'Max': np.float64(0.6744008013418031), 'Min': np.float64(0.24186412759635534), 'Mean': np.float64(0.42090939769119756), 'Std': np.float64(0.14395323661464676)}
2024-11-17 07:15:02,910 - INFO - Bottom 10 Mean Stats: {'Max': np.float64(100.0), 'Min': np.float64(91.0), 'Mean': np.float64(95.5), 'Std': np.float64(4.5)}
2024-11-17 07:15:02,910 - INFO - Bottom 10 Std Stats: {'Max': np.float64(0.0), 'Min': np.float64(0.0), 'Mean': np.float64(0.0), 'Std': np.float64(0.0)}
[I 2024-11-17 07:15:02,926] Trial 350 finished with value: 84.0 and parameters: {'x_0': 5, 'x_1': -5, 'x_2': -3, 'x_3': -5}. Best is trial 179 with value: 1.0.
2024-11-17 07:15:03,084 - INFO - Candidate Mean Stats: {'Max': np.float64(100.0), 'Min': np.float64(-0.39695236951836466), 'Mean': np.float64(0.9536820389290129), 'Std': np.float64(7.105687289624569)}
2024-11-17 07:15:03,084 - INFO - Candidate Std Stats: {'Max': np.float64(0.5563843710986734), 'Min': np.float64(0.0), 'Mean': np.float64(0.04201905706575026), 'Std': np.float64(0.04292451948423291)}
2024-11-17 07:15:03,086 - INFO - Top 10 Mean Stats: {'Max': np.float64(-0.11915566592197133), 'Min': np.float64(-0.39695236951836466), 'Mean': np.float64(-0.21545501289280328), 'Std': np.float64(0.11120781255692912)}
2024-11-17 07:15:03,086 - INFO - Top 10 Std Stats: {'Max': np.float64(0.3586941842228583), 'Min': np.float64(0.2140590567878679), 'Mean': np.float64(0.3064400968877556), 'Std': np.float64(0.03750294696996185)}
2024-11-17 07:15:03,086 - INFO - Bottom 10 Mean Stats: {'Max': np.float64(100.0), 'Min': np.float64(84.0), 'Mean': np.float64(93.0), 'Std': np.float64(5.019960159204453)}
2024-11-17 07:15:03,086 - INFO - Bottom 10 Std Stats: {'Max': np.float64(0.0), 'Min': np.float64(0.0), 'Mean': np.float64(0.0), 'Std': np.float64(0.0)}
