[I 2024-11-17 07:15:16,771] Trial 374 finished with value: 58.0 and parameters: {'x_0': -1, 'x_1': 4, 'x_2': 5, 'x_3': -4}. Best is trial 320 with value: 0.0.
2024-11-17 07:15:16,775 - INFO - Candidate Mean Stats: {'Max': np.float64(100.0), 'Min': np.float64(-1.0342885885206283), 'Mean': np.float64(1.1863868000729945), 'Std': np.float64(8.04615672237823)}
2024-11-17 07:15:16,775 - INFO - Candidate Std Stats: {'Max': np.float64(0.3275600891929529), 'Min': np.float64(0.0), 'Mean': np.float64(0.02681708026257583), 'Std': np.float64(0.03633434420108616)}
2024-11-17 07:15:16,777 - INFO - Top 10 Mean Stats: {'Max': np.float64(-0.21888079903927168), 'Min': np.float64(-1.0342885885206283), 'Mean': np.float64(-0.49437587618892687), 'Std': np.float64(0.2600500183892586)}
2024-11-17 07:15:16,777 - INFO - Top 10 Std Stats: {'Max': np.float64(0.26763169565248407), 'Min': np.float64(0.09263413955783091), 'Mean': np.float64(0.14874087193883712), 'Std': np.float64(0.04925588323768932)}
2024-11-17 07:15:16,777 - INFO - Bottom 10 Mean Stats: {'Max': np.float64(100.0), 'Min': np.float64(91.0), 'Mean': np.float64(95.5), 'Std': np.float64(4.5)}
2024-11-17 07:15:16,777 - INFO - Bottom 10 Std Stats: {'Max': np.float64(0.0), 'Min': np.float64(0.0), 'Mean': np.float64(0.0), 'Std': np.float64(0.0)}
[I 2024-11-17 07:15:16,795] Trial 414 finished with value: 9.0 and parameters: {'x_0': 0, 'x_1': -1, 'x_2': 2, 'x_3': 2}. Best is trial 179 with value: 1.0.
2024-11-17 07:15:16,862 - INFO - Candidate Mean Stats: {'Max': np.float64(100.0), 'Min': np.float64(-0.26081075998490677), 'Mean': np.float64(1.0456906949588272), 'Std': np.float64(7.342573171048019)}
2024-11-17 07:15:16,862 - INFO - Candidate Std Stats: {'Max': np.float64(0.4893992555261976), 'Min': np.float64(0.0), 'Mean': np.float64(0.030132198164245592), 'Std': np.float64(0.04114915588572444)}
2024-11-17 07:15:16,863 - INFO - Top 10 Mean Stats: {'Max': np.float64(-0.08240813531784455), 'Min': np.float64(-0.26081075998490677), 'Mean': np.float64(-0.2099582791279279), 'Std': np.float64(0.0474576870415553)}
2024-11-17 07:15:16,863 - INFO - Top 10 Std Stats: {'Max': np.float64(0.4274774543399562), 'Min': np.float64(0.1442952481871608), 'Mean': np.float64(0.22893375449063727), 'Std': np.float64(0.09463469475683813)}
2024-11-17 07:15:16,863 - INFO - Bottom 10 Mean Stats: {'Max': np.float64(100.0), 'Min': np.float64(84.0), 'Mean': np.float64(93.0), 'Std': np.float64(5.019960159204453)}
2024-11-17 07:15:16,863 - INFO - Bottom 10 Std Stats: {'Max': np.float64(0.0), 'Min': np.float64(0.0), 'Mean': np.float64(0.0), 'Std': np.float64(0.0)}
[I 2024-11-17 07:15:16,882] Trial 422 finished with value: 42.0 and parameters: {'x_0': 5, 'x_1': -4, 'x_2': 0, 'x_3': -1}. Best is trial 362 with value: 1.0.
2024-11-17 07:15:16,980 - INFO - Candidate Mean Stats: {'Max': np.float64(100.0), 'Min': np.float64(-0.9290260230258166), 'Mean': np.float64(1.18071047569901), 'Std': np.float64(8.047283302753772)}
2024-11-17 07:15:16,981 - INFO - Candidate Std Stats: {'Max': np.float64(0.37599195299958577), 'Min': np.float64(0.0), 'Mean': np.float64(0.027834753731628845), 'Std': np.float64(0.037969905497433815)}
2024-11-17 07:15:16,982 - INFO - Top 10 Mean Stats: {'Max': np.float64(-0.15759412568647793), 'Min': np.float64(-0.9290260230258166), 'Mean': np.float64(-0.32674926382700653), 'Std': np.float64(0.20692160666623247)}
2024-11-17 07:15:16,982 - INFO - Top 10 Std Stats: {'Max': np.float64(0.3475577377950782), 'Min': np.float64(0.0907991576066517), 'Mean': np.float64(0.26118715595431574), 'Std': np.float64(0.07045243065594096)}
2024-11-17 07:15:16,983 - INFO - Bottom 10 Mean Stats: {'Max': np.float64(100.0), 'Min': np.float64(91.0), 'Mean': np.float64(95.5), 'Std': np.float64(4.5)}
2024-11-17 07:15:16,983 - INFO - Bottom 10 Std Stats: {'Max': np.float64(0.0), 'Min': np.float64(0.0), 'Mean': np.float64(0.0), 'Std': np.float64(0.0)}
[I 2024-11-17 07:15:17,000] Trial 415 finished with value: 14.0 and parameters: {'x_0': 0, 'x_1': -1, 'x_2': -3, 'x_3': 2}. Best is trial 179 with value: 1.0.
2024-11-17 07:15:17,010 - INFO - Candidate Mean Stats: {'Max': np.float64(91.0), 'Min': np.float64(-0.2454776412085698), 'Mean': np.float64(0.8261775434573022), 'Std': np.float64(6.245415204307278)}
2024-11-17 07:15:17,010 - INFO - Candidate Std Stats: {'Max': np.float64(0.47424392671479343), 'Min': np.float64(0.0), 'Mean': np.float64(0.049393978501054876), 'Std': np.float64(0.049036255298092565)}
2024-11-17 07:15:17,012 - INFO - Top 10 Mean Stats: {'Max': np.float64(-0.13464443519233835), 'Min': np.float64(-0.2454776412085698), 'Mean': np.float64(-0.18255522305473548), 'Std': np.float64(0.03320661845316002)}
2024-11-17 07:15:17,012 - INFO - Top 10 Std Stats: {'Max': np.float64(0.4558735543370176), 'Min': np.float64(0.30379093274022045), 'Mean': np.float64(0.36852330559327423), 'Std': np.float64(0.05022118185249184)}
2024-11-17 07:15:17,012 - INFO - Bottom 10 Mean Stats: {'Max': np.float64(91.0), 'Min': np.float64(75.0), 'Mean': np.float64(82.7), 'Std': np.float64(4.960846701924985)}
2024-11-17 07:15:17,012 - INFO - Bottom 10 Std Stats: {'Max': np.float64(0.0), 'Min': np.float64(0.0), 'Mean': np.float64(0.0), 'Std': np.float64(0.0)}
[I 2024-11-17 07:15:17,028] Trial 375 finished with value: 63.0 and parameters: {'x_0': -5, 'x_1': -3, 'x_2': 5, 'x_3': 2}. Best is trial 320 with value: 0.0.
2024-11-17 07:15:17,055 - INFO - Candidate Mean Stats: {'Max': np.float64(100.0), 'Min': np.float64(-0.310553827227695), 'Mean': np.float64(1.0457994321244244), 'Std': np.float64(7.350768230295814)}
2024-11-17 07:15:17,055 - INFO - Candidate Std Stats: {'Max': np.float64(0.5823101917914766), 'Min': np.float64(0.0), 'Mean': np.float64(0.03201950760401649), 'Std': np.float64(0.0380985114179214)}
2024-11-17 07:15:17,057 - INFO - Top 10 Mean Stats: {'Max': np.float64(-0.15753811411723734), 'Min': np.float64(-0.310553827227695), 'Mean': np.float64(-0.2633336905910062), 'Std': np.float64(0.05309224550052419)}
2024-11-17 07:15:17,057 - INFO - Top 10 Std Stats: {'Max': np.float64(0.32239179313771626), 'Min': np.float64(0.14743456288279666), 'Mean': np.float64(0.1911175877628241), 'Std': np.float64(0.0630510199708703)}
2024-11-17 07:15:17,057 - INFO - Bottom 10 Mean Stats: {'Max': np.float64(100.0), 'Min': np.float64(84.0), 'Mean': np.float64(93.0), 'Std': np.float64(5.019960159204453)}
2024-11-17 07:15:17,057 - INFO - Bottom 10 Std Stats: {'Max': np.float64(0.0), 'Min': np.float64(0.0), 'Mean': np.float64(0.0), 'Std': np.float64(0.0)}
[I 2024-11-17 07:15:17,073] Trial 423 finished with value: 39.0 and parameters: {'x_0': 1, 'x_1': -5, 'x_2': -3, 'x_3': 2}. Best is trial 362 with value: 1.0.
2024-11-17 07:15:17,159 - INFO - Candidate Mean Stats: {'Max': np.float64(100.0), 'Min': np.float64(-0.35628807361568726), 'Mean': np.float64(1.1867510246547313), 'Std': np.float64(8.047272369744066)}
2024-11-17 07:15:17,159 - INFO - Candidate Std Stats: {'Max': np.float64(0.39362445367082954), 'Min': np.float64(0.0), 'Mean': np.float64(0.02497833813721877), 'Std': np.float64(0.03702688098178061)}
2024-11-17 07:15:17,161 - INFO - Top 10 Mean Stats: {'Max': np.float64(-0.13004771697024128), 'Min': np.float64(-0.35628807361568726), 'Mean': np.float64(-0.26734912266986866), 'Std': np.float64(0.07547395267022343)}
2024-11-17 07:15:17,161 - INFO - Top 10 Std Stats: {'Max': np.float64(0.3344294471985675), 'Min': np.float64(0.13383231964347386), 'Mean': np.float64(0.20375339166884454), 'Std': np.float64(0.06872338554717293)}
2024-11-17 07:15:17,161 - INFO - Bottom 10 Mean Stats: {'Max': np.float64(100.0), 'Min': np.float64(91.0), 'Mean': np.float64(95.5), 'Std': np.float64(4.5)}
2024-11-17 07:15:17,161 - INFO - Bottom 10 Std Stats: {'Max': np.float64(0.0), 'Min': np.float64(0.0), 'Mean': np.float64(0.0), 'Std': np.float64(0.0)}
[I 2024-11-17 07:15:17,178] Trial 416 finished with value: 17.0 and parameters: {'x_0': 0, 'x_1': -1, 'x_2': 4, 'x_3': 0}. Best is trial 179 with value: 1.0.
2024-11-17 07:15:17,238 - INFO - Candidate Mean Stats: {'Max': np.float64(100.0), 'Min': np.float64(-0.37802872458917164), 'Mean': np.float64(1.0550677857245931), 'Std': np.float64(7.356533043220922)}
2024-11-17 07:15:17,238 - INFO - Candidate Std Stats: {'Max': np.float64(0.5628962756619412), 'Min': np.float64(0.0), 'Mean': np.float64(0.023010873197538417), 'Std': np.float64(0.03190145847916356)}
2024-11-17 07:15:17,240 - INFO - Top 10 Mean Stats: {'Max': np.float64(-0.3032773505282844), 'Min': np.float64(-0.37802872458917164), 'Mean': np.float64(-0.33303005953622966), 'Std': np.float64(0.021131594361327093)}
2024-11-17 07:15:17,240 - INFO - Top 10 Std Stats: {'Max': np.float64(0.1814283700249358), 'Min': np.float64(0.14026079705994435), 'Mean': np.float64(0.15693000564472084), 'Std': np.float64(0.01237572872518876)}
2024-11-17 07:15:17,240 - INFO - Bottom 10 Mean Stats: {'Max': np.float64(100.0), 'Min': np.float64(84.0), 'Mean': np.float64(93.0), 'Std': np.float64(5.019960159204453)}
2024-11-17 07:15:17,240 - INFO - Bottom 10 Std Stats: {'Max': np.float64(0.0), 'Min': np.float64(0.0), 'Mean': np.float64(0.0), 'Std': np.float64(0.0)}
[I 2024-11-17 07:15:17,257] Trial 424 finished with value: 11.0 and parameters: {'x_0': -1, 'x_1': 0, 'x_2': 3, 'x_3': -1}. Best is trial 362 with value: 1.0.
2024-11-17 07:15:17,325 - INFO - Candidate Mean Stats: {'Max': np.float64(100.0), 'Min': np.float64(-0.498069720311885), 'Mean': np.float64(1.187170161222691), 'Std': np.float64(8.048453952791238)}
2024-11-17 07:15:17,326 - INFO - Candidate Std Stats: {'Max': np.float64(0.40178915221918327), 'Min': np.float64(0.0), 'Mean': np.float64(0.024226890648614302), 'Std': np.float64(0.0354337108660051)}
2024-11-17 07:15:17,327 - INFO - Top 10 Mean Stats: {'Max': np.float64(-0.19058468317469998), 'Min': np.float64(-0.498069720311885), 'Mean': np.float64(-0.4249314435808742), 'Std': np.float64(0.08494390429823845)}
2024-11-17 07:15:17,327 - INFO - Top 10 Std Stats: {'Max': np.float64(0.40178915221918327), 'Min': np.float64(0.1393031050231134), 'Mean': np.float64(0.25879927360829486), 'Std': np.float64(0.06538800610267101)}
2024-11-17 07:15:17,327 - INFO - Bottom 10 Mean Stats: {'Max': np.float64(100.0), 'Min': np.float64(91.0), 'Mean': np.float64(95.5), 'Std': np.float64(4.5)}
2024-11-17 07:15:17,327 - INFO - Bottom 10 Std Stats: {'Max': np.float64(0.0), 'Min': np.float64(0.0), 'Mean': np.float64(0.0), 'Std': np.float64(0.0)}
2024-11-17 07:15:17,329 - INFO - Candidate Mean Stats: {'Max': np.float64(91.0), 'Min': np.float64(-0.3729882829976452), 'Mean': np.float64(0.8281015304275835), 'Std': np.float64(6.266829724863679)}
2024-11-17 07:15:17,329 - INFO - Candidate Std Stats: {'Max': np.float64(0.7040092974698543), 'Min': np.float64(0.0), 'Mean': np.float64(0.0415692923440964), 'Std': np.float64(0.04885399922431342)}
2024-11-17 07:15:17,330 - INFO - Top 10 Mean Stats: {'Max': np.float64(-0.06865148736369028), 'Min': np.float64(-0.3729882829976452), 'Mean': np.float64(-0.1895824678826486), 'Std': np.float64(0.08986823709201526)}
2024-11-17 07:15:17,330 - INFO - Top 10 Std Stats: {'Max': np.float64(0.47470441563031995), 'Min': np.float64(0.3194651781184079), 'Mean': np.float64(0.39766289616244055), 'Std': np.float64(0.05832977276052627)}
2024-11-17 07:15:17,330 - INFO - Bottom 10 Mean Stats: {'Max': np.float64(91.0), 'Min': np.float64(75.0), 'Mean': np.float64(82.7), 'Std': np.float64(4.960846701924985)}
2024-11-17 07:15:17,330 - INFO - Bottom 10 Std Stats: {'Max': np.float64(0.0), 'Min': np.float64(0.0), 'Mean': np.float64(0.0), 'Std': np.float64(0.0)}
[I 2024-11-17 07:15:17,349] Trial 417 finished with value: 6.0 and parameters: {'x_0': 0, 'x_1': -1, 'x_2': -2, 'x_3': -1}. Best is trial 179 with value: 1.0.
[I 2024-11-17 07:15:17,351] Trial 376 finished with value: 64.0 and parameters: {'x_0': 4, 'x_1': 4, 'x_2': 4, 'x_3': -4}. Best is trial 320 with value: 0.0.
2024-11-17 07:15:17,428 - INFO - Candidate Mean Stats: {'Max': np.float64(100.0), 'Min': np.float64(-0.35377406475032847), 'Mean': np.float64(1.0462946662241082), 'Std': np.float64(7.358306837555711)}
2024-11-17 07:15:17,428 - INFO - Candidate Std Stats: {'Max': np.float64(0.40319828193684154), 'Min': np.float64(0.0), 'Mean': np.float64(0.03147603809674511), 'Std': np.float64(0.03732748559778146)}
2024-11-17 07:15:17,429 - INFO - Top 10 Mean Stats: {'Max': np.float64(-0.1991741172147418), 'Min': np.float64(-0.35377406475032847), 'Mean': np.float64(-0.3021077151959824), 'Std': np.float64(0.059476108639403655)}
2024-11-17 07:15:17,429 - INFO - Top 10 Std Stats: {'Max': np.float64(0.24156317601268548), 'Min': np.float64(0.11619653616306833), 'Mean': np.float64(0.16386217588120894), 'Std': np.float64(0.0494672856266836)}
2024-11-17 07:15:17,430 - INFO - Bottom 10 Mean Stats: {'Max': np.float64(100.0), 'Min': np.float64(84.0), 'Mean': np.float64(93.0), 'Std': np.float64(5.019960159204453)}
2024-11-17 07:15:17,430 - INFO - Bottom 10 Std Stats: {'Max': np.float64(0.0), 'Min': np.float64(0.0), 'Mean': np.float64(0.0), 'Std': np.float64(0.0)}
[I 2024-11-17 07:15:17,447] Trial 425 finished with value: 6.0 and parameters: {'x_0': -1, 'x_1': 0, 'x_2': 2, 'x_3': 1}. Best is trial 362 with value: 1.0.
2024-11-17 07:15:17,467 - INFO - Candidate Mean Stats: {'Max': np.float64(100.0), 'Min': np.float64(-0.3215960471364673), 'Mean': np.float64(1.1878328065682684), 'Std': np.float64(8.048499854762557)}
2024-11-17 07:15:17,467 - INFO - Candidate Std Stats: {'Max': np.float64(0.3742168559999474), 'Min': np.float64(0.0), 'Mean': np.float64(0.02292704935306334), 'Std': np.float64(0.03251406682850124)}
2024-11-17 07:15:17,469 - INFO - Top 10 Mean Stats: {'Max': np.float64(-0.10627786954333099), 'Min': np.float64(-0.3215960471364673), 'Mean': np.float64(-0.212331959959158), 'Std': np.float64(0.08677938231749414)}
2024-11-17 07:15:17,469 - INFO - Top 10 Std Stats: {'Max': np.float64(0.2413479979960928), 'Min': np.float64(0.08008066757234088), 'Mean': np.float64(0.16663280064831024), 'Std': np.float64(0.061542130889370265)}
2024-11-17 07:15:17,469 - INFO - Bottom 10 Mean Stats: {'Max': np.float64(100.0), 'Min': np.float64(91.0), 'Mean': np.float64(95.5), 'Std': np.float64(4.5)}
2024-11-17 07:15:17,469 - INFO - Bottom 10 Std Stats: {'Max': np.float64(0.0), 'Min': np.float64(0.0), 'Mean': np.float64(0.0), 'Std': np.float64(0.0)}
[I 2024-11-17 07:15:17,487] Trial 418 finished with value: 21.0 and parameters: {'x_0': 0, 'x_1': 1, 'x_2': 4, 'x_3': 2}. Best is trial 179 with value: 1.0.
2024-11-17 07:15:17,547 - INFO - Candidate Mean Stats: {'Max': np.float64(91.0), 'Min': np.float64(-0.31392535591412496), 'Mean': np.float64(0.8369260989624231), 'Std': np.float64(6.287957798434814)}
2024-11-17 07:15:17,547 - INFO - Candidate Std Stats: {'Max': np.float64(0.5480667513541898), 'Min': np.float64(0.0), 'Mean': np.float64(0.04002686982484946), 'Std': np.float64(0.04581378886446616)}
2024-11-17 07:15:17,549 - INFO - Top 10 Mean Stats: {'Max': np.float64(0.005512289934898651), 'Min': np.float64(-0.31392535591412496), 'Mean': np.float64(-0.19336834312395973), 'Std': np.float64(0.11140931309539395)}
2024-11-17 07:15:17,549 - INFO - Top 10 Std Stats: {'Max': np.float64(0.5480667513541898), 'Min': np.float64(0.1263201340883511), 'Mean': np.float64(0.3285948743772586), 'Std': np.float64(0.14263588961091683)}
2024-11-17 07:15:17,549 - INFO - Bottom 10 Mean Stats: {'Max': np.float64(91.0), 'Min': np.float64(75.0), 'Mean': np.float64(82.7), 'Std': np.float64(4.960846701924985)}
2024-11-17 07:15:17,549 - INFO - Bottom 10 Std Stats: {'Max': np.float64(0.0), 'Min': np.float64(0.0), 'Mean': np.float64(0.0), 'Std': np.float64(0.0)}
[I 2024-11-17 07:15:17,567] Trial 377 finished with value: 61.0 and parameters: {'x_0': 4, 'x_1': 2, 'x_2': -5, 'x_3': -4}. Best is trial 320 with value: 0.0.
2024-11-17 07:15:17,578 - INFO - Candidate Mean Stats: {'Max': np.float64(100.0), 'Min': np.float64(-0.4298788916391486), 'Mean': np.float64(1.0522881902841705), 'Std': np.float64(7.357693816980274)}
2024-11-17 07:15:17,578 - INFO - Candidate Std Stats: {'Max': np.float64(0.4548172061014221), 'Min': np.float64(0.0), 'Mean': np.float64(0.026652477925500184), 'Std': np.float64(0.0370681573627406)}
2024-11-17 07:15:17,580 - INFO - Top 10 Mean Stats: {'Max': np.float64(-0.3601130633628643), 'Min': np.float64(-0.4298788916391486), 'Mean': np.float64(-0.39231038658724626), 'Std': np.float64(0.01852584202877673)}
2024-11-17 07:15:17,580 - INFO - Top 10 Std Stats: {'Max': np.float64(0.283918955804782), 'Min': np.float64(0.22034735889360094), 'Mean': np.float64(0.24973223902031289), 'Std': np.float64(0.017923090278393162)}
2024-11-17 07:15:17,580 - INFO - Bottom 10 Mean Stats: {'Max': np.float64(100.0), 'Min': np.float64(84.0), 'Mean': np.float64(93.0), 'Std': np.float64(5.019960159204453)}
2024-11-17 07:15:17,580 - INFO - Bottom 10 Std Stats: {'Max': np.float64(0.0), 'Min': np.float64(0.0), 'Mean': np.float64(0.0), 'Std': np.float64(0.0)}
[I 2024-11-17 07:15:17,600] Trial 426 finished with value: 6.0 and parameters: {'x_0': -1, 'x_1': -1, 'x_2': 2, 'x_3': 0}. Best is trial 362 with value: 1.0.
2024-11-17 07:15:17,611 - INFO - Candidate Mean Stats: {'Max': np.float64(100.0), 'Min': np.float64(-0.4480741447847098), 'Mean': np.float64(1.189587220765268), 'Std': np.float64(8.050110457230149)}
2024-11-17 07:15:17,611 - INFO - Candidate Std Stats: {'Max': np.float64(0.3213492625129264), 'Min': np.float64(0.0), 'Mean': np.float64(0.021730525666889225), 'Std': np.float64(0.031184766138234586)}
2024-11-17 07:15:17,612 - INFO - Top 10 Mean Stats: {'Max': np.float64(-0.20761172102104913), 'Min': np.float64(-0.4480741447847098), 'Mean': np.float64(-0.2945190222009444), 'Std': np.float64(0.09565971885641937)}
2024-11-17 07:15:17,612 - INFO - Top 10 Std Stats: {'Max': np.float64(0.3107604204599198), 'Min': np.float64(0.12079177773147075), 'Mean': np.float64(0.22962742962565236), 'Std': np.float64(0.07801524603288972)}
2024-11-17 07:15:17,613 - INFO - Bottom 10 Mean Stats: {'Max': np.float64(100.0), 'Min': np.float64(91.0), 'Mean': np.float64(95.5), 'Std': np.float64(4.5)}
2024-11-17 07:15:17,613 - INFO - Bottom 10 Std Stats: {'Max': np.float64(0.0), 'Min': np.float64(0.0), 'Mean': np.float64(0.0), 'Std': np.float64(0.0)}
[I 2024-11-17 07:15:17,628] Trial 419 finished with value: 21.0 and parameters: {'x_0': 0, 'x_1': -1, 'x_2': 4, 'x_3': 2}. Best is trial 179 with value: 1.0.
2024-11-17 07:15:17,757 - INFO - Candidate Mean Stats: {'Max': np.float64(100.0), 'Min': np.float64(-0.38488864448263893), 'Mean': np.float64(1.0509392657302568), 'Std': np.float64(7.358019340778775)}
2024-11-17 07:15:17,757 - INFO - Candidate Std Stats: {'Max': np.float64(0.6247960509746774), 'Min': np.float64(0.0), 'Mean': np.float64(0.03322815466980309), 'Std': np.float64(0.039476067730587976)}
2024-11-17 07:15:17,759 - INFO - Top 10 Mean Stats: {'Max': np.float64(-0.15085993825185323), 'Min': np.float64(-0.38488864448263893), 'Mean': np.float64(-0.23563411730444953), 'Std': np.float64(0.06547574805215978)}
2024-11-17 07:15:17,759 - INFO - Top 10 Std Stats: {'Max': np.float64(0.349432389165402), 'Min': np.float64(0.14660285015383487), 'Mean': np.float64(0.24883947487376168), 'Std': np.float64(0.05661039674095081)}
2024-11-17 07:15:17,759 - INFO - Bottom 10 Mean Stats: {'Max': np.float64(100.0), 'Min': np.float64(84.0), 'Mean': np.float64(93.0), 'Std': np.float64(5.019960159204453)}
2024-11-17 07:15:17,759 - INFO - Bottom 10 Std Stats: {'Max': np.float64(0.0), 'Min': np.float64(0.0), 'Mean': np.float64(0.0), 'Std': np.float64(0.0)}
[I 2024-11-17 07:15:17,777] Trial 427 finished with value: 11.0 and parameters: {'x_0': -1, 'x_1': 0, 'x_2': 3, 'x_3': 1}. Best is trial 362 with value: 1.0.
2024-11-17 07:15:17,779 - INFO - Candidate Mean Stats: {'Max': np.float64(100.0), 'Min': np.float64(-0.5510184102257086), 'Mean': np.float64(1.1843578412295306), 'Std': np.float64(8.05270745445416)}
2024-11-17 07:15:17,780 - INFO - Candidate Std Stats: {'Max': np.float64(0.4667585057747111), 'Min': np.float64(0.0), 'Mean': np.float64(0.030079208035581582), 'Std': np.float64(0.0383219808614245)}
2024-11-17 07:15:17,781 - INFO - Top 10 Mean Stats: {'Max': np.float64(-0.15809460464917172), 'Min': np.float64(-0.5510184102257086), 'Mean': np.float64(-0.3453926237211351), 'Std': np.float64(0.12600183785315536)}
2024-11-17 07:15:17,781 - INFO - Top 10 Std Stats: {'Max': np.float64(0.4667585057747111), 'Min': np.float64(0.06654429095810707), 'Mean': np.float64(0.21372129214313987), 'Std': np.float64(0.13286662225836687)}
2024-11-17 07:15:17,781 - INFO - Bottom 10 Mean Stats: {'Max': np.float64(100.0), 'Min': np.float64(91.0), 'Mean': np.float64(95.5), 'Std': np.float64(4.5)}
2024-11-17 07:15:17,781 - INFO - Bottom 10 Std Stats: {'Max': np.float64(0.0), 'Min': np.float64(0.0), 'Mean': np.float64(0.0), 'Std': np.float64(0.0)}
2024-11-17 07:15:17,798 - INFO - Candidate Mean Stats: {'Max': np.float64(91.0), 'Min': np.float64(-0.34368332391077494), 'Mean': np.float64(0.8391484079240085), 'Std': np.float64(6.307827515794675)}
2024-11-17 07:15:17,798 - INFO - Candidate Std Stats: {'Max': np.float64(0.6163255107429008), 'Min': np.float64(0.0), 'Mean': np.float64(0.04270771351064233), 'Std': np.float64(0.04611123504608034)}
2024-11-17 07:15:17,799 - INFO - Top 10 Mean Stats: {'Max': np.float64(-0.16068815293215089), 'Min': np.float64(-0.32966857790980697), 'Mean': np.float64(-0.23304893670252663), 'Std': np.float64(0.05052744838673538)}
2024-11-17 07:15:17,800 - INFO - Top 10 Std Stats: {'Max': np.float64(0.3706726946869339), 'Min': np.float64(0.15305273406983333), 'Mean': np.float64(0.30196915579344774), 'Std': np.float64(0.06228328119552916)}
2024-11-17 07:15:17,800 - INFO - Bottom 10 Mean Stats: {'Max': np.float64(91.0), 'Min': np.float64(75.0), 'Mean': np.float64(82.7), 'Std': np.float64(4.960846701924985)}
