[I 2024-11-17 07:14:21,113] Trial 184 finished with value: 57.0 and parameters: {'x_0': -3, 'x_1': -4, 'x_2': 4, 'x_3': -4}. Best is trial 141 with value: 2.0.
[I 2024-11-17 07:14:21,125] Trial 190 finished with value: 6.0 and parameters: {'x_0': -2, 'x_1': 1, 'x_2': 0, 'x_3': 1}. Best is trial 190 with value: 6.0.
2024-11-17 07:14:21,269 - INFO - Candidate Mean Stats: {'Max': np.float64(100.0), 'Min': np.float64(-0.21992161383658354), 'Mean': np.float64(0.6687386553409475), 'Std': np.float64(6.351830293966558)}
2024-11-17 07:14:21,269 - INFO - Candidate Std Stats: {'Max': np.float64(0.6059819120323336), 'Min': np.float64(0.0), 'Mean': np.float64(0.05131215045220023), 'Std': np.float64(0.050656728242131514)}
2024-11-17 07:14:21,271 - INFO - Top 10 Mean Stats: {'Max': np.float64(0.03140154223176309), 'Min': np.float64(-0.21992161383658354), 'Mean': np.float64(-0.15816705840753112), 'Std': np.float64(0.06901174405829213)}
2024-11-17 07:14:21,271 - INFO - Top 10 Std Stats: {'Max': np.float64(0.6059819120323336), 'Min': np.float64(0.3293769984006319), 'Mean': np.float64(0.4022747288682753), 'Std': np.float64(0.08480663552587067)}
2024-11-17 07:14:21,271 - INFO - Bottom 10 Mean Stats: {'Max': np.float64(100.0), 'Min': np.float64(91.0), 'Mean': np.float64(95.5), 'Std': np.float64(4.5)}
2024-11-17 07:14:21,271 - INFO - Bottom 10 Std Stats: {'Max': np.float64(0.0), 'Min': np.float64(0.0), 'Mean': np.float64(0.0), 'Std': np.float64(0.0)}
[I 2024-11-17 07:14:21,286] Trial 195 finished with value: 60.0 and parameters: {'x_0': 5, 'x_1': 1, 'x_2': -3, 'x_3': 5}. Best is trial 179 with value: 1.0.
2024-11-17 07:14:21,393 - INFO - Candidate Mean Stats: {'Max': np.float64(91.0), 'Min': np.float64(-0.2846779745549378), 'Mean': np.float64(0.5199619570700607), 'Std': np.float64(5.037280605373266)}
2024-11-17 07:14:21,393 - INFO - Candidate Std Stats: {'Max': np.float64(0.7553553457083358), 'Min': np.float64(0.0), 'Mean': np.float64(0.059949637638655164), 'Std': np.float64(0.05332945025711648)}
2024-11-17 07:14:21,394 - INFO - Top 10 Mean Stats: {'Max': np.float64(-0.05918177639263491), 'Min': np.float64(-0.2846779745549378), 'Mean': np.float64(-0.21454296199345618), 'Std': np.float64(0.06253471974495099)}
2024-11-17 07:14:21,394 - INFO - Top 10 Std Stats: {'Max': np.float64(0.7382663578575643), 'Min': np.float64(0.3134637444187799), 'Mean': np.float64(0.4747005902159104), 'Std': np.float64(0.12993008557337699)}
2024-11-17 07:14:21,394 - INFO - Candidate Mean Stats: {'Max': np.float64(75.0), 'Min': np.float64(-0.25770434865822633), 'Mean': np.float64(0.4634416489339694), 'Std': np.float64(4.5752167331627005)}
2024-11-17 07:14:21,394 - INFO - Bottom 10 Mean Stats: {'Max': np.float64(91.0), 'Min': np.float64(75.0), 'Mean': np.float64(81.3), 'Std': np.float64(5.866003750424986)}
2024-11-17 07:14:21,394 - INFO - Bottom 10 Std Stats: {'Max': np.float64(0.0), 'Min': np.float64(0.0), 'Mean': np.float64(0.0), 'Std': np.float64(0.0)}
2024-11-17 07:14:21,394 - INFO - Candidate Std Stats: {'Max': np.float64(0.4945360681943091), 'Min': np.float64(0.0), 'Mean': np.float64(0.06416648176295524), 'Std': np.float64(0.049005382903777525)}
2024-11-17 07:14:21,396 - INFO - Top 10 Mean Stats: {'Max': np.float64(-0.13530087272649885), 'Min': np.float64(-0.25770434865822633), 'Mean': np.float64(-0.2072112124086097), 'Std': np.float64(0.03556595653986664)}
2024-11-17 07:14:21,396 - INFO - Top 10 Std Stats: {'Max': np.float64(0.4945360681943091), 'Min': np.float64(0.24875531662066588), 'Mean': np.float64(0.3486222763500507), 'Std': np.float64(0.07531500088277703)}
2024-11-17 07:14:21,396 - INFO - Bottom 10 Mean Stats: {'Max': np.float64(75.0), 'Min': np.float64(66.0), 'Mean': np.float64(72.0), 'Std': np.float64(3.5496478698597698)}
2024-11-17 07:14:21,396 - INFO - Bottom 10 Std Stats: {'Max': np.float64(0.0), 'Min': np.float64(0.0), 'Mean': np.float64(0.0), 'Std': np.float64(0.0)}
[I 2024-11-17 07:14:21,411] Trial 185 finished with value: 51.0 and parameters: {'x_0': -3, 'x_1': -1, 'x_2': 4, 'x_3': -5}. Best is trial 141 with value: 2.0.
[I 2024-11-17 07:14:21,413] Trial 191 finished with value: 70.0 and parameters: {'x_0': -5, 'x_1': -4, 'x_2': -5, 'x_3': 2}. Best is trial 190 with value: 6.0.
2024-11-17 07:14:21,470 - INFO - Candidate Mean Stats: {'Max': np.float64(100.0), 'Min': np.float64(-0.208465293522515), 'Mean': np.float64(0.6782683400379491), 'Std': np.float64(6.370180934101301)}
2024-11-17 07:14:21,470 - INFO - Candidate Std Stats: {'Max': np.float64(0.5977275949729225), 'Min': np.float64(0.0), 'Mean': np.float64(0.04883161596145183), 'Std': np.float64(0.04338302152160091)}
2024-11-17 07:14:21,472 - INFO - Top 10 Mean Stats: {'Max': np.float64(-0.09712959783531563), 'Min': np.float64(-0.208465293522515), 'Mean': np.float64(-0.15844610118438499), 'Std': np.float64(0.03110667809018391)}
2024-11-17 07:14:21,472 - INFO - Top 10 Std Stats: {'Max': np.float64(0.4281361157065948), 'Min': np.float64(0.2767702611278625), 'Mean': np.float64(0.3396401777425746), 'Std': np.float64(0.04404039252903544)}
2024-11-17 07:14:21,472 - INFO - Bottom 10 Mean Stats: {'Max': np.float64(100.0), 'Min': np.float64(91.0), 'Mean': np.float64(95.5), 'Std': np.float64(4.5)}
2024-11-17 07:14:21,472 - INFO - Bottom 10 Std Stats: {'Max': np.float64(0.0), 'Min': np.float64(0.0), 'Mean': np.float64(0.0), 'Std': np.float64(0.0)}
[I 2024-11-17 07:14:21,486] Trial 196 finished with value: 26.0 and parameters: {'x_0': 0, 'x_1': 4, 'x_2': 3, 'x_3': -1}. Best is trial 179 with value: 1.0.
2024-11-17 07:14:21,619 - INFO - Candidate Mean Stats: {'Max': np.float64(91.0), 'Min': np.float64(-0.29651845906785523), 'Mean': np.float64(0.5244374173690306), 'Std': np.float64(5.069924903015643)}
2024-11-17 07:14:21,619 - INFO - Candidate Std Stats: {'Max': np.float64(0.5083126447388124), 'Min': np.float64(0.0), 'Mean': np.float64(0.06372540740736374), 'Std': np.float64(0.047349969392481525)}
2024-11-17 07:14:21,620 - INFO - Top 10 Mean Stats: {'Max': np.float64(-0.13788332020423621), 'Min': np.float64(-0.29651845906785523), 'Mean': np.float64(-0.20476167104516999), 'Std': np.float64(0.05582114707088379)}
2024-11-17 07:14:21,620 - INFO - Top 10 Std Stats: {'Max': np.float64(0.5083126447388124), 'Min': np.float64(0.23211293297277982), 'Mean': np.float64(0.3346448942683662), 'Std': np.float64(0.08993442789751575)}
2024-11-17 07:14:21,620 - INFO - Bottom 10 Mean Stats: {'Max': np.float64(91.0), 'Min': np.float64(75.0), 'Mean': np.float64(81.3), 'Std': np.float64(5.866003750424986)}
2024-11-17 07:14:21,620 - INFO - Bottom 10 Std Stats: {'Max': np.float64(0.0), 'Min': np.float64(0.0), 'Mean': np.float64(0.0), 'Std': np.float64(0.0)}
[I 2024-11-17 07:14:21,641] Trial 192 finished with value: 42.0 and parameters: {'x_0': -5, 'x_1': -3, 'x_2': -2, 'x_3': 2}. Best is trial 190 with value: 6.0.
2024-11-17 07:14:21,667 - INFO - Candidate Mean Stats: {'Max': np.float64(75.0), 'Min': np.float64(-0.26443236847680973), 'Mean': np.float64(0.46501562655328094), 'Std': np.float64(4.594435811680456)}
2024-11-17 07:14:21,667 - INFO - Candidate Std Stats: {'Max': np.float64(0.4982633771700165), 'Min': np.float64(0.0), 'Mean': np.float64(0.06548154597968632), 'Std': np.float64(0.04795973869213323)}
2024-11-17 07:14:21,668 - INFO - Top 10 Mean Stats: {'Max': np.float64(-0.1853629560646609), 'Min': np.float64(-0.26443236847680973), 'Mean': np.float64(-0.22241964182456098), 'Std': np.float64(0.027846112011102323)}
2024-11-17 07:14:21,669 - INFO - Top 10 Std Stats: {'Max': np.float64(0.47966954110055465), 'Min': np.float64(0.36768463328321005), 'Mean': np.float64(0.4162140995236358), 'Std': np.float64(0.035078295497803454)}
2024-11-17 07:14:21,669 - INFO - Bottom 10 Mean Stats: {'Max': np.float64(75.0), 'Min': np.float64(66.0), 'Mean': np.float64(72.0), 'Std': np.float64(3.5496478698597698)}
2024-11-17 07:14:21,669 - INFO - Bottom 10 Std Stats: {'Max': np.float64(0.0), 'Min': np.float64(0.0), 'Mean': np.float64(0.0), 'Std': np.float64(0.0)}
[I 2024-11-17 07:14:21,684] Trial 186 finished with value: 18.0 and parameters: {'x_0': -1, 'x_1': 2, 'x_2': -3, 'x_3': -2}. Best is trial 141 with value: 2.0.
2024-11-17 07:14:21,709 - INFO - Candidate Mean Stats: {'Max': np.float64(100.0), 'Min': np.float64(-0.24138624454633234), 'Mean': np.float64(0.6792363673264944), 'Std': np.float64(6.373680928170654)}
2024-11-17 07:14:21,709 - INFO - Candidate Std Stats: {'Max': np.float64(0.4335856866798242), 'Min': np.float64(0.0), 'Mean': np.float64(0.05097312365440677), 'Std': np.float64(0.043564550740535)}
2024-11-17 07:14:21,710 - INFO - Top 10 Mean Stats: {'Max': np.float64(-0.14848053653612417), 'Min': np.float64(-0.24138624454633234), 'Mean': np.float64(-0.1901661445387385), 'Std': np.float64(0.028338909508131352)}
2024-11-17 07:14:21,710 - INFO - Top 10 Std Stats: {'Max': np.float64(0.40092126736347505), 'Min': np.float64(0.2918876836417197), 'Mean': np.float64(0.34208152468018393), 'Std': np.float64(0.030818373303474266)}
2024-11-17 07:14:21,710 - INFO - Bottom 10 Mean Stats: {'Max': np.float64(100.0), 'Min': np.float64(91.0), 'Mean': np.float64(95.5), 'Std': np.float64(4.5)}
2024-11-17 07:14:21,711 - INFO - Bottom 10 Std Stats: {'Max': np.float64(0.0), 'Min': np.float64(0.0), 'Mean': np.float64(0.0), 'Std': np.float64(0.0)}
[I 2024-11-17 07:14:21,725] Trial 197 finished with value: 26.0 and parameters: {'x_0': 2, 'x_1': 3, 'x_2': -3, 'x_3': 2}. Best is trial 179 with value: 1.0.
2024-11-17 07:14:21,867 - INFO - Candidate Mean Stats: {'Max': np.float64(75.0), 'Min': np.float64(-0.25212167113965483), 'Mean': np.float64(0.46701519003937025), 'Std': np.float64(4.596625430987225)}
2024-11-17 07:14:21,867 - INFO - Candidate Std Stats: {'Max': np.float64(0.4787638365491876), 'Min': np.float64(0.0), 'Mean': np.float64(0.061645636017819735), 'Std': np.float64(0.04829549585305769)}
2024-11-17 07:14:21,868 - INFO - Top 10 Mean Stats: {'Max': np.float64(-0.09394091174047384), 'Min': np.float64(-0.25212167113965483), 'Mean': np.float64(-0.17894234939180648), 'Std': np.float64(0.05170890807952444)}
2024-11-17 07:14:21,868 - INFO - Top 10 Std Stats: {'Max': np.float64(0.4635400173849123), 'Min': np.float64(0.3110632462108154), 'Mean': np.float64(0.4220569540673522), 'Std': np.float64(0.0419054305603523)}
2024-11-17 07:14:21,868 - INFO - Bottom 10 Mean Stats: {'Max': np.float64(75.0), 'Min': np.float64(66.0), 'Mean': np.float64(72.0), 'Std': np.float64(3.5496478698597698)}
2024-11-17 07:14:21,868 - INFO - Bottom 10 Std Stats: {'Max': np.float64(0.0), 'Min': np.float64(0.0), 'Mean': np.float64(0.0), 'Std': np.float64(0.0)}
[I 2024-11-17 07:14:21,883] Trial 187 finished with value: 11.0 and parameters: {'x_0': 1, 'x_1': 3, 'x_2': 1, 'x_3': 0}. Best is trial 141 with value: 2.0.
2024-11-17 07:14:21,889 - INFO - Candidate Mean Stats: {'Max': np.float64(91.0), 'Min': np.float64(-0.28238156876573656), 'Mean': np.float64(0.5272894004219969), 'Std': np.float64(5.081503961254704)}
2024-11-17 07:14:21,889 - INFO - Candidate Std Stats: {'Max': np.float64(0.7549030622279821), 'Min': np.float64(0.0), 'Mean': np.float64(0.06424071970068482), 'Std': np.float64(0.04907166543772936)}
2024-11-17 07:14:21,890 - INFO - Top 10 Mean Stats: {'Max': np.float64(0.15840868604100727), 'Min': np.float64(-0.28238156876573656), 'Mean': np.float64(-0.13960417510150155), 'Std': np.float64(0.11926420262997603)}
2024-11-17 07:14:21,890 - INFO - Top 10 Std Stats: {'Max': np.float64(0.7549030622279821), 'Min': np.float64(0.2502419750008664), 'Mean': np.float64(0.385601169052509), 'Std': np.float64(0.13769714481679393)}
2024-11-17 07:14:21,890 - INFO - Bottom 10 Mean Stats: {'Max': np.float64(91.0), 'Min': np.float64(75.0), 'Mean': np.float64(81.3), 'Std': np.float64(5.866003750424986)}
2024-11-17 07:14:21,890 - INFO - Bottom 10 Std Stats: {'Max': np.float64(0.0), 'Min': np.float64(0.0), 'Mean': np.float64(0.0), 'Std': np.float64(0.0)}
[I 2024-11-17 07:14:21,905] Trial 193 finished with value: 67.0 and parameters: {'x_0': -5, 'x_1': -4, 'x_2': 1, 'x_3': -5}. Best is trial 190 with value: 6.0.
2024-11-17 07:14:21,956 - INFO - Candidate Mean Stats: {'Max': np.float64(100.0), 'Min': np.float64(-0.18707202953841562), 'Mean': np.float64(0.6800360334228588), 'Std': np.float64(6.377226209849781)}
2024-11-17 07:14:21,957 - INFO - Candidate Std Stats: {'Max': np.float64(0.4953900002931309), 'Min': np.float64(0.0), 'Mean': np.float64(0.04793234467556865), 'Std': np.float64(0.04603309686509127)}
2024-11-17 07:14:21,958 - INFO - Top 10 Mean Stats: {'Max': np.float64(-0.09431579751115657), 'Min': np.float64(-0.18707202953841562), 'Mean': np.float64(-0.14746877920795814), 'Std': np.float64(0.031111579660205006)}
2024-11-17 07:14:21,958 - INFO - Top 10 Std Stats: {'Max': np.float64(0.3734329451849814), 'Min': np.float64(0.2850632682098237), 'Mean': np.float64(0.3329175268374903), 'Std': np.float64(0.027293611172462207)}
2024-11-17 07:14:21,958 - INFO - Bottom 10 Mean Stats: {'Max': np.float64(100.0), 'Min': np.float64(91.0), 'Mean': np.float64(95.5), 'Std': np.float64(4.5)}
2024-11-17 07:14:21,958 - INFO - Bottom 10 Std Stats: {'Max': np.float64(0.0), 'Min': np.float64(0.0), 'Mean': np.float64(0.0), 'Std': np.float64(0.0)}
[I 2024-11-17 07:14:21,972] Trial 198 finished with value: 68.0 and parameters: {'x_0': 5, 'x_1': 3, 'x_2': 3, 'x_3': -5}. Best is trial 179 with value: 1.0.
2024-11-17 07:14:22,124 - INFO - Candidate Mean Stats: {'Max': np.float64(75.0), 'Min': np.float64(-0.2698701031420003), 'Mean': np.float64(0.46989029684140865), 'Std': np.float64(4.597234669852692)}
2024-11-17 07:14:22,124 - INFO - Candidate Std Stats: {'Max': np.float64(0.4456619154160284), 'Min': np.float64(0.0), 'Mean': np.float64(0.06182090136004737), 'Std': np.float64(0.0495168432558084)}
2024-11-17 07:14:22,126 - INFO - Top 10 Mean Stats: {'Max': np.float64(-0.11607175973597432), 'Min': np.float64(-0.2698701031420003), 'Mean': np.float64(-0.1930774113805483), 'Std': np.float64(0.03850930538831481)}
2024-11-17 07:14:22,126 - INFO - Top 10 Std Stats: {'Max': np.float64(0.4456619154160284), 'Min': np.float64(0.2205913308401658), 'Mean': np.float64(0.36690196576751005), 'Std': np.float64(0.0669702079213689)}
2024-11-17 07:14:22,126 - INFO - Bottom 10 Mean Stats: {'Max': np.float64(75.0), 'Min': np.float64(66.0), 'Mean': np.float64(72.0), 'Std': np.float64(3.5496478698597698)}
2024-11-17 07:14:22,126 - INFO - Bottom 10 Std Stats: {'Max': np.float64(0.0), 'Min': np.float64(0.0), 'Mean': np.float64(0.0), 'Std': np.float64(0.0)}
[I 2024-11-17 07:14:22,143] Trial 188 finished with value: 67.0 and parameters: {'x_0': -1, 'x_1': 5, 'x_2': -5, 'x_3': -4}. Best is trial 141 with value: 2.0.
2024-11-17 07:14:22,158 - INFO - Candidate Mean Stats: {'Max': np.float64(91.0), 'Min': np.float64(-0.3085069373250108), 'Mean': np.float64(0.5316549444940013), 'Std': np.float64(5.111122739293293)}
2024-11-17 07:14:22,158 - INFO - Candidate Std Stats: {'Max': np.float64(0.5125179825667836), 'Min': np.float64(0.0), 'Mean': np.float64(0.06013422446283551), 'Std': np.float64(0.05156615669210201)}
2024-11-17 07:14:22,159 - INFO - Top 10 Mean Stats: {'Max': np.float64(-0.12734809610300132), 'Min': np.float64(-0.3085069373250108), 'Mean': np.float64(-0.22061678577884467), 'Std': np.float64(0.04924270427383514)}
2024-11-17 07:14:22,160 - INFO - Top 10 Std Stats: {'Max': np.float64(0.43484059071358844), 'Min': np.float64(0.3157803841108657), 'Mean': np.float64(0.390587951212838), 'Std': np.float64(0.03582543302003072)}
2024-11-17 07:14:22,160 - INFO - Bottom 10 Mean Stats: {'Max': np.float64(91.0), 'Min': np.float64(75.0), 'Mean': np.float64(81.3), 'Std': np.float64(5.866003750424986)}
2024-11-17 07:14:22,160 - INFO - Bottom 10 Std Stats: {'Max': np.float64(0.0), 'Min': np.float64(0.0), 'Mean': np.float64(0.0), 'Std': np.float64(0.0)}
[I 2024-11-17 07:14:22,173] Trial 194 finished with value: 54.0 and parameters: {'x_0': 3, 'x_1': -4, 'x_2': -5, 'x_3': -2}. Best is trial 190 with value: 6.0.
2024-11-17 07:14:22,217 - INFO - Candidate Mean Stats: {'Max': np.float64(100.0), 'Min': np.float64(-0.18085581980753532), 'Mean': np.float64(0.6844169608602357), 'Std': np.float64(6.40145559122394)}
2024-11-17 07:14:22,217 - INFO - Candidate Std Stats: {'Max': np.float64(0.4757813891607561), 'Min': np.float64(0.0), 'Mean': np.float64(0.04632319958929886), 'Std': np.float64(0.04615902118441825)}
2024-11-17 07:14:22,219 - INFO - Top 10 Mean Stats: {'Max': np.float64(0.041354735579885935), 'Min': np.float64(-0.1768680626044789), 'Mean': np.float64(-0.08161520757487303), 'Std': np.float64(0.06877715784363826)}
2024-11-17 07:14:22,219 - INFO - Top 10 Std Stats: {'Max': np.float64(0.4757813891607561), 'Min': np.float64(0.28230180458602133), 'Mean': np.float64(0.37549136027921837), 'Std': np.float64(0.06322508676888342)}
2024-11-17 07:14:22,219 - INFO - Bottom 10 Mean Stats: {'Max': np.float64(100.0), 'Min': np.float64(91.0), 'Mean': np.float64(95.5), 'Std': np.float64(4.5)}
2024-11-17 07:14:22,219 - INFO - Bottom 10 Std Stats: {'Max': np.float64(0.0), 'Min': np.float64(0.0), 'Mean': np.float64(0.0), 'Std': np.float64(0.0)}
[I 2024-11-17 07:14:22,237] Trial 199 finished with value: 43.0 and parameters: {'x_0': 1, 'x_1': -1, 'x_2': 4, 'x_3': 5}. Best is trial 179 with value: 1.0.
2024-11-17 07:14:22,404 - INFO - Candidate Mean Stats: {'Max': np.float64(75.0), 'Min': np.float64(-0.26779035388690225), 'Mean': np.float64(0.47298314051277895), 'Std': np.float64(4.630143507017951)}
2024-11-17 07:14:22,404 - INFO - Candidate Std Stats: {'Max': np.float64(0.5853197505011795), 'Min': np.float64(0.0), 'Mean': np.float64(0.061568468712686), 'Std': np.float64(0.049458103444824)}
2024-11-17 07:14:22,405 - INFO - Top 10 Mean Stats: {'Max': np.float64(-0.17286191963887193), 'Min': np.float64(-0.26779035388690225), 'Mean': np.float64(-0.20526113460815293), 'Std': np.float64(0.032883224331835506)}
2024-11-17 07:14:22,405 - INFO - Top 10 Std Stats: {'Max': np.float64(0.5853197505011795), 'Min': np.float64(0.35241447636200757), 'Mean': np.float64(0.42776523899626023), 'Std': np.float64(0.07232071884739832)}
2024-11-17 07:14:22,405 - INFO - Bottom 10 Mean Stats: {'Max': np.float64(75.0), 'Min': np.float64(66.0), 'Mean': np.float64(72.1), 'Std': np.float64(3.3896902513356584)}
2024-11-17 07:14:22,405 - INFO - Bottom 10 Std Stats: {'Max': np.float64(0.0), 'Min': np.float64(0.0), 'Mean': np.float64(0.0), 'Std': np.float64(0.0)}
2024-11-17 07:14:22,421 - INFO - Candidate Mean Stats: {'Max': np.float64(91.0), 'Min': np.float64(-0.31944544506331674), 'Mean': np.float64(0.5351195791819491), 'Std': np.float64(5.130209209997841)}
2024-11-17 07:14:22,421 - INFO - Candidate Std Stats: {'Max': np.float64(0.5218745376403733), 'Min': np.float64(0.0), 'Mean': np.float64(0.05896128684037236), 'Std': np.float64(0.051401771033053746)}
2024-11-17 07:14:22,422 - INFO - Top 10 Mean Stats: {'Max': np.float64(-0.16725738697901057), 'Min': np.float64(-0.31944544506331674), 'Mean': np.float64(-0.22783019180177044), 'Std': np.float64(0.04729694806755889)}
2024-11-17 07:14:22,422 - INFO - Top 10 Std Stats: {'Max': np.float64(0.5218745376403733), 'Min': np.float64(0.3902509585647813), 'Mean': np.float64(0.4377131188910434), 'Std': np.float64(0.045550029980600336)}
2024-11-17 07:14:22,422 - INFO - Bottom 10 Mean Stats: {'Max': np.float64(91.0), 'Min': np.float64(75.0), 'Mean': np.float64(81.3), 'Std': np.float64(5.866003750424986)}
2024-11-17 07:14:22,422 - INFO - Bottom 10 Std Stats: {'Max': np.float64(0.0), 'Min': np.float64(0.0), 'Mean': np.float64(0.0), 'Std': np.float64(0.0)}
[I 2024-11-17 07:14:22,423] Trial 189 finished with value: 18.0 and parameters: {'x_0': -2, 'x_1': 2, 'x_2': -1, 'x_3': -3}. Best is trial 141 with value: 2.0.
[I 2024-11-17 07:14:22,436] Trial 195 finished with value: 67.0 and parameters: {'x_0': -1, 'x_1': -4, 'x_2': -5, 'x_3': -5}. Best is trial 190 with value: 6.0.
2024-11-17 07:14:22,507 - INFO - Candidate Mean Stats: {'Max': np.float64(100.0), 'Min': np.float64(-0.21746947391697297), 'Mean': np.float64(0.69202476524191), 'Std': np.float64(6.410534525201459)}
2024-11-17 07:14:22,507 - INFO - Candidate Std Stats: {'Max': np.float64(0.538670792152478), 'Min': np.float64(0.0), 'Mean': np.float64(0.047125917370200776), 'Std': np.float64(0.04107025145672834)}
2024-11-17 07:14:22,509 - INFO - Top 10 Mean Stats: {'Max': np.float64(-0.12449437776995212), 'Min': np.float64(-0.21746947391697297), 'Mean': np.float64(-0.15574000106512184), 'Std': np.float64(0.03040999173877979)}
2024-11-17 07:14:22,509 - INFO - Top 10 Std Stats: {'Max': np.float64(0.3452909004988652), 'Min': np.float64(0.19515489363188357), 'Mean': np.float64(0.27649366117116114), 'Std': np.float64(0.045977452296432714)}
2024-11-17 07:14:22,509 - INFO - Bottom 10 Mean Stats: {'Max': np.float64(100.0), 'Min': np.float64(91.0), 'Mean': np.float64(95.5), 'Std': np.float64(4.5)}
2024-11-17 07:14:22,509 - INFO - Bottom 10 Std Stats: {'Max': np.float64(0.0), 'Min': np.float64(0.0), 'Mean': np.float64(0.0), 'Std': np.float64(0.0)}
