[I 2024-11-17 07:14:22,524] Trial 200 finished with value: 37.0 and parameters: {'x_0': -4, 'x_1': -2, 'x_2': -1, 'x_3': 4}. Best is trial 179 with value: 1.0.
2024-11-17 07:14:22,659 - INFO - Candidate Mean Stats: {'Max': np.float64(91.0), 'Min': np.float64(-0.2760775529218885), 'Mean': np.float64(0.5387794596803827), 'Std': np.float64(5.159635456149861)}
2024-11-17 07:14:22,660 - INFO - Candidate Std Stats: {'Max': np.float64(0.6270242709042578), 'Min': np.float64(0.0), 'Mean': np.float64(0.06344762353131009), 'Std': np.float64(0.049328853125865615)}
2024-11-17 07:14:22,661 - INFO - Top 10 Mean Stats: {'Max': np.float64(-0.11051696504414114), 'Min': np.float64(-0.2760775529218885), 'Mean': np.float64(-0.18307543072894142), 'Std': np.float64(0.04497344509250711)}
2024-11-17 07:14:22,661 - INFO - Candidate Mean Stats: {'Max': np.float64(75.0), 'Min': np.float64(-0.24692490346582305), 'Mean': np.float64(0.4755642124887725), 'Std': np.float64(4.632271127760516)}
2024-11-17 07:14:22,661 - INFO - Top 10 Std Stats: {'Max': np.float64(0.5724610773162618), 'Min': np.float64(0.28659244042940746), 'Mean': np.float64(0.393553892975423), 'Std': np.float64(0.06987446486339914)}
2024-11-17 07:14:22,661 - INFO - Candidate Std Stats: {'Max': np.float64(0.5554153487803348), 'Min': np.float64(0.0), 'Mean': np.float64(0.0640253616371554), 'Std': np.float64(0.04723815732806866)}
2024-11-17 07:14:22,661 - INFO - Bottom 10 Mean Stats: {'Max': np.float64(91.0), 'Min': np.float64(75.0), 'Mean': np.float64(81.3), 'Std': np.float64(5.866003750424986)}
2024-11-17 07:14:22,661 - INFO - Bottom 10 Std Stats: {'Max': np.float64(0.0), 'Min': np.float64(0.0), 'Mean': np.float64(0.0), 'Std': np.float64(0.0)}
2024-11-17 07:14:22,662 - INFO - Top 10 Mean Stats: {'Max': np.float64(-0.17861736352731483), 'Min': np.float64(-0.24692490346582305), 'Mean': np.float64(-0.20752614851602744), 'Std': np.float64(0.022359761906736702)}
2024-11-17 07:14:22,662 - INFO - Top 10 Std Stats: {'Max': np.float64(0.5554153487803348), 'Min': np.float64(0.3569445151250619), 'Mean': np.float64(0.4152179387890582), 'Std': np.float64(0.057630515640031174)}
2024-11-17 07:14:22,663 - INFO - Bottom 10 Mean Stats: {'Max': np.float64(75.0), 'Min': np.float64(66.0), 'Mean': np.float64(72.1), 'Std': np.float64(3.3896902513356584)}
2024-11-17 07:14:22,663 - INFO - Bottom 10 Std Stats: {'Max': np.float64(0.0), 'Min': np.float64(0.0), 'Mean': np.float64(0.0), 'Std': np.float64(0.0)}
[I 2024-11-17 07:14:22,678] Trial 196 finished with value: 75.0 and parameters: {'x_0': 3, 'x_1': -4, 'x_2': -5, 'x_3': -5}. Best is trial 190 with value: 6.0.
[I 2024-11-17 07:14:22,683] Trial 190 finished with value: 41.0 and parameters: {'x_0': 4, 'x_1': 3, 'x_2': 4, 'x_3': 0}. Best is trial 141 with value: 2.0.
2024-11-17 07:14:22,758 - INFO - Candidate Mean Stats: {'Max': np.float64(100.0), 'Min': np.float64(-0.235577516328691), 'Mean': np.float64(0.6935528777256131), 'Std': np.float64(6.417657494579343)}
2024-11-17 07:14:22,758 - INFO - Candidate Std Stats: {'Max': np.float64(0.4910130545617026), 'Min': np.float64(0.0), 'Mean': np.float64(0.0485070809887983), 'Std': np.float64(0.042346442735545435)}
2024-11-17 07:14:22,760 - INFO - Top 10 Mean Stats: {'Max': np.float64(-0.12508193431766446), 'Min': np.float64(-0.235577516328691), 'Mean': np.float64(-0.1780463259842216), 'Std': np.float64(0.030178429050637397)}
2024-11-17 07:14:22,760 - INFO - Top 10 Std Stats: {'Max': np.float64(0.4910130545617026), 'Min': np.float64(0.31936699541091496), 'Mean': np.float64(0.37934210276190194), 'Std': np.float64(0.05779367443202243)}
2024-11-17 07:14:22,760 - INFO - Bottom 10 Mean Stats: {'Max': np.float64(100.0), 'Min': np.float64(91.0), 'Mean': np.float64(95.5), 'Std': np.float64(4.5)}
2024-11-17 07:14:22,760 - INFO - Bottom 10 Std Stats: {'Max': np.float64(0.0), 'Min': np.float64(0.0), 'Mean': np.float64(0.0), 'Std': np.float64(0.0)}
[I 2024-11-17 07:14:22,774] Trial 201 finished with value: 31.0 and parameters: {'x_0': 5, 'x_1': 2, 'x_2': -1, 'x_3': -1}. Best is trial 179 with value: 1.0.
2024-11-17 07:14:22,918 - INFO - Candidate Mean Stats: {'Max': np.float64(91.0), 'Min': np.float64(-0.3217330657728768), 'Mean': np.float64(0.5449068159446768), 'Std': np.float64(5.196091091012302)}
2024-11-17 07:14:22,919 - INFO - Candidate Std Stats: {'Max': np.float64(0.5683605822791997), 'Min': np.float64(0.0), 'Mean': np.float64(0.06397476405638355), 'Std': np.float64(0.049182039257570975)}
2024-11-17 07:14:22,920 - INFO - Top 10 Mean Stats: {'Max': np.float64(-0.0911120259541256), 'Min': np.float64(-0.3217330657728768), 'Mean': np.float64(-0.205968257688884), 'Std': np.float64(0.06274600074691841)}
2024-11-17 07:14:22,920 - INFO - Top 10 Std Stats: {'Max': np.float64(0.43653796810656303), 'Min': np.float64(0.27697814068997745), 'Mean': np.float64(0.3519618466106975), 'Std': np.float64(0.053546850212936516)}
2024-11-17 07:14:22,921 - INFO - Bottom 10 Mean Stats: {'Max': np.float64(91.0), 'Min': np.float64(75.0), 'Mean': np.float64(81.3), 'Std': np.float64(5.866003750424986)}
2024-11-17 07:14:22,921 - INFO - Bottom 10 Std Stats: {'Max': np.float64(0.0), 'Min': np.float64(0.0), 'Mean': np.float64(0.0), 'Std': np.float64(0.0)}
2024-11-17 07:14:22,927 - INFO - Candidate Mean Stats: {'Max': np.float64(75.0), 'Min': np.float64(-0.27220917418781415), 'Mean': np.float64(0.47875766690391297), 'Std': np.float64(4.644326848360189)}
2024-11-17 07:14:22,927 - INFO - Candidate Std Stats: {'Max': np.float64(0.5572300762376772), 'Min': np.float64(0.0), 'Mean': np.float64(0.06256708314932204), 'Std': np.float64(0.04971652702624471)}
2024-11-17 07:14:22,928 - INFO - Top 10 Mean Stats: {'Max': np.float64(-0.1517839669978482), 'Min': np.float64(-0.27220917418781415), 'Mean': np.float64(-0.19337628214195898), 'Std': np.float64(0.03277369260926346)}
2024-11-17 07:14:22,928 - INFO - Top 10 Std Stats: {'Max': np.float64(0.41639613002838044), 'Min': np.float64(0.25734597581815566), 'Mean': np.float64(0.3365178785699944), 'Std': np.float64(0.05116925717105647)}
2024-11-17 07:14:22,929 - INFO - Bottom 10 Mean Stats: {'Max': np.float64(75.0), 'Min': np.float64(66.0), 'Mean': np.float64(72.1), 'Std': np.float64(3.3896902513356584)}
2024-11-17 07:14:22,929 - INFO - Bottom 10 Std Stats: {'Max': np.float64(0.0), 'Min': np.float64(0.0), 'Mean': np.float64(0.0), 'Std': np.float64(0.0)}
[I 2024-11-17 07:14:22,940] Trial 197 finished with value: 6.0 and parameters: {'x_0': -1, 'x_1': 1, 'x_2': 0, 'x_3': 2}. Best is trial 190 with value: 6.0.
[I 2024-11-17 07:14:22,947] Trial 191 finished with value: 54.0 and parameters: {'x_0': 5, 'x_1': -5, 'x_2': 2, 'x_3': 0}. Best is trial 141 with value: 2.0.
2024-11-17 07:14:23,018 - INFO - Candidate Mean Stats: {'Max': np.float64(100.0), 'Min': np.float64(-0.32004198292105573), 'Mean': np.float64(0.694413570425727), 'Std': np.float64(6.422647516200096)}
2024-11-17 07:14:23,018 - INFO - Candidate Std Stats: {'Max': np.float64(0.5378874511275312), 'Min': np.float64(0.0), 'Mean': np.float64(0.04302297254233461), 'Std': np.float64(0.046384478747668996)}
2024-11-17 07:14:23,020 - INFO - Top 10 Mean Stats: {'Max': np.float64(-0.10562880680704659), 'Min': np.float64(-0.32004198292105573), 'Mean': np.float64(-0.17743797170753153), 'Std': np.float64(0.0698803125358087)}
2024-11-17 07:14:23,020 - INFO - Top 10 Std Stats: {'Max': np.float64(0.5239736197845422), 'Min': np.float64(0.2655460524365145), 'Mean': np.float64(0.3722317000309141), 'Std': np.float64(0.07629468166719937)}
2024-11-17 07:14:23,020 - INFO - Bottom 10 Mean Stats: {'Max': np.float64(100.0), 'Min': np.float64(91.0), 'Mean': np.float64(95.5), 'Std': np.float64(4.5)}
2024-11-17 07:14:23,020 - INFO - Bottom 10 Std Stats: {'Max': np.float64(0.0), 'Min': np.float64(0.0), 'Mean': np.float64(0.0), 'Std': np.float64(0.0)}
[I 2024-11-17 07:14:23,037] Trial 202 finished with value: 63.0 and parameters: {'x_0': 2, 'x_1': -5, 'x_2': -5, 'x_3': 3}. Best is trial 179 with value: 1.0.
2024-11-17 07:14:23,219 - INFO - Candidate Mean Stats: {'Max': np.float64(75.0), 'Min': np.float64(-0.26814678615708976), 'Mean': np.float64(0.4810997973958125), 'Std': np.float64(4.6654851101537735)}
2024-11-17 07:14:23,219 - INFO - Candidate Std Stats: {'Max': np.float64(0.4528397432936281), 'Min': np.float64(0.0), 'Mean': np.float64(0.06615122229295144), 'Std': np.float64(0.04853170369635488)}
2024-11-17 07:14:23,220 - INFO - Top 10 Mean Stats: {'Max': np.float64(-0.16451407785862335), 'Min': np.float64(-0.26814678615708976), 'Mean': np.float64(-0.20048477076323973), 'Std': np.float64(0.03083810422143719)}
2024-11-17 07:14:23,220 - INFO - Top 10 Std Stats: {'Max': np.float64(0.4466955860584536), 'Min': np.float64(0.30398713961979057), 'Mean': np.float64(0.37201329867382144), 'Std': np.float64(0.045203436627659535)}
2024-11-17 07:14:23,220 - INFO - Bottom 10 Mean Stats: {'Max': np.float64(75.0), 'Min': np.float64(66.0), 'Mean': np.float64(72.1), 'Std': np.float64(3.3896902513356584)}
2024-11-17 07:14:23,220 - INFO - Bottom 10 Std Stats: {'Max': np.float64(0.0), 'Min': np.float64(0.0), 'Mean': np.float64(0.0), 'Std': np.float64(0.0)}
2024-11-17 07:14:23,232 - INFO - Candidate Mean Stats: {'Max': np.float64(91.0), 'Min': np.float64(-0.3645378303732751), 'Mean': np.float64(0.5436303386084917), 'Std': np.float64(5.196452527898017)}
2024-11-17 07:14:23,232 - INFO - Candidate Std Stats: {'Max': np.float64(0.8155682586696965), 'Min': np.float64(0.0), 'Mean': np.float64(0.060949232845383276), 'Std': np.float64(0.0498772545072768)}
2024-11-17 07:14:23,234 - INFO - Top 10 Mean Stats: {'Max': np.float64(-0.2094348193213324), 'Min': np.float64(-0.3645378303732751), 'Mean': np.float64(-0.2585170003062933), 'Std': np.float64(0.044452472314386114)}
2024-11-17 07:14:23,234 - INFO - Top 10 Std Stats: {'Max': np.float64(0.4941793266092995), 'Min': np.float64(0.34750632387506303), 'Mean': np.float64(0.43629653951934044), 'Std': np.float64(0.04867779187422691)}
2024-11-17 07:14:23,234 - INFO - Bottom 10 Mean Stats: {'Max': np.float64(91.0), 'Min': np.float64(75.0), 'Mean': np.float64(81.3), 'Std': np.float64(5.866003750424986)}
2024-11-17 07:14:23,234 - INFO - Bottom 10 Std Stats: {'Max': np.float64(0.0), 'Min': np.float64(0.0), 'Mean': np.float64(0.0), 'Std': np.float64(0.0)}
[I 2024-11-17 07:14:23,235] Trial 192 finished with value: 8.0 and parameters: {'x_0': 0, 'x_1': 2, 'x_2': 0, 'x_3': 2}. Best is trial 141 with value: 2.0.
[I 2024-11-17 07:14:23,248] Trial 198 finished with value: 67.0 and parameters: {'x_0': -5, 'x_1': -4, 'x_2': -5, 'x_3': 1}. Best is trial 190 with value: 6.0.
2024-11-17 07:14:23,260 - INFO - Candidate Mean Stats: {'Max': np.float64(100.0), 'Min': np.float64(-0.2974918800710308), 'Mean': np.float64(0.6991832431585451), 'Std': np.float64(6.443219865999271)}
2024-11-17 07:14:23,260 - INFO - Candidate Std Stats: {'Max': np.float64(0.5272153751914923), 'Min': np.float64(0.0), 'Mean': np.float64(0.0460563263952529), 'Std': np.float64(0.04325047177394566)}
2024-11-17 07:14:23,261 - INFO - Top 10 Mean Stats: {'Max': np.float64(-0.06107231567548323), 'Min': np.float64(-0.2974918800710308), 'Mean': np.float64(-0.18230794662966074), 'Std': np.float64(0.06730886608167523)}
2024-11-17 07:14:23,262 - INFO - Top 10 Std Stats: {'Max': np.float64(0.42760699616291664), 'Min': np.float64(0.2866745903042535), 'Mean': np.float64(0.35762983336138005), 'Std': np.float64(0.04264041402236021)}
2024-11-17 07:14:23,262 - INFO - Bottom 10 Mean Stats: {'Max': np.float64(100.0), 'Min': np.float64(91.0), 'Mean': np.float64(95.5), 'Std': np.float64(4.5)}
2024-11-17 07:14:23,262 - INFO - Bottom 10 Std Stats: {'Max': np.float64(0.0), 'Min': np.float64(0.0), 'Mean': np.float64(0.0), 'Std': np.float64(0.0)}
[I 2024-11-17 07:14:23,278] Trial 203 finished with value: 66.0 and parameters: {'x_0': 5, 'x_1': 0, 'x_2': -5, 'x_3': 4}. Best is trial 179 with value: 1.0.
2024-11-17 07:14:23,451 - INFO - Candidate Mean Stats: {'Max': np.float64(75.0), 'Min': np.float64(-0.29327388760189815), 'Mean': np.float64(0.48040813329231685), 'Std': np.float64(4.666018530070006)}
2024-11-17 07:14:23,451 - INFO - Candidate Std Stats: {'Max': np.float64(0.6256082582499211), 'Min': np.float64(0.0), 'Mean': np.float64(0.06231097839768294), 'Std': np.float64(0.05101428822318618)}
2024-11-17 07:14:23,453 - INFO - Top 10 Mean Stats: {'Max': np.float64(-0.1812189164485128), 'Min': np.float64(-0.29327388760189815), 'Mean': np.float64(-0.22420334637364264), 'Std': np.float64(0.029167544592073075)}
2024-11-17 07:14:23,453 - INFO - Top 10 Std Stats: {'Max': np.float64(0.6256082582499211), 'Min': np.float64(0.38433215327469683), 'Mean': np.float64(0.45787075655418785), 'Std': np.float64(0.06461201002910513)}
2024-11-17 07:14:23,453 - INFO - Bottom 10 Mean Stats: {'Max': np.float64(75.0), 'Min': np.float64(66.0), 'Mean': np.float64(72.1), 'Std': np.float64(3.3896902513356584)}
2024-11-17 07:14:23,453 - INFO - Bottom 10 Std Stats: {'Max': np.float64(0.0), 'Min': np.float64(0.0), 'Mean': np.float64(0.0), 'Std': np.float64(0.0)}
[I 2024-11-17 07:14:23,468] Trial 193 finished with value: 35.0 and parameters: {'x_0': 0, 'x_1': -1, 'x_2': -3, 'x_3': 5}. Best is trial 141 with value: 2.0.
2024-11-17 07:14:23,515 - INFO - Candidate Mean Stats: {'Max': np.float64(100.0), 'Min': np.float64(-0.29160335519633807), 'Mean': np.float64(0.6989571961483314), 'Std': np.float64(6.4662768947490905)}
2024-11-17 07:14:23,515 - INFO - Candidate Std Stats: {'Max': np.float64(0.5077590736777893), 'Min': np.float64(0.0), 'Mean': np.float64(0.05116880514896041), 'Std': np.float64(0.04881229934428978)}
2024-11-17 07:14:23,517 - INFO - Top 10 Mean Stats: {'Max': np.float64(-0.18183413969604417), 'Min': np.float64(-0.29160335519633807), 'Mean': np.float64(-0.22971006019883697), 'Std': np.float64(0.03284263162369993)}
2024-11-17 07:14:23,517 - INFO - Top 10 Std Stats: {'Max': np.float64(0.5057873939817965), 'Min': np.float64(0.3554954276471349), 'Mean': np.float64(0.41854670740187927), 'Std': np.float64(0.05817457818734984)}
2024-11-17 07:14:23,517 - INFO - Bottom 10 Mean Stats: {'Max': np.float64(100.0), 'Min': np.float64(91.0), 'Mean': np.float64(95.5), 'Std': np.float64(4.5)}
2024-11-17 07:14:23,517 - INFO - Bottom 10 Std Stats: {'Max': np.float64(0.0), 'Min': np.float64(0.0), 'Mean': np.float64(0.0), 'Std': np.float64(0.0)}
2024-11-17 07:14:23,518 - INFO - Candidate Mean Stats: {'Max': np.float64(91.0), 'Min': np.float64(-0.2888206169783598), 'Mean': np.float64(0.5496715477156268), 'Std': np.float64(5.225245945004938)}
2024-11-17 07:14:23,518 - INFO - Candidate Std Stats: {'Max': np.float64(0.6342762001176412), 'Min': np.float64(0.0), 'Mean': np.float64(0.06407927328030673), 'Std': np.float64(0.04765573283458486)}
2024-11-17 07:14:23,520 - INFO - Top 10 Mean Stats: {'Max': np.float64(-0.19805197520279108), 'Min': np.float64(-0.2888206169783598), 'Mean': np.float64(-0.240161166738953), 'Std': np.float64(0.03342741652484705)}
2024-11-17 07:14:23,520 - INFO - Top 10 Std Stats: {'Max': np.float64(0.6342762001176412), 'Min': np.float64(0.3463489376210865), 'Mean': np.float64(0.43643445849751006), 'Std': np.float64(0.0770518531818475)}
2024-11-17 07:14:23,520 - INFO - Bottom 10 Mean Stats: {'Max': np.float64(91.0), 'Min': np.float64(75.0), 'Mean': np.float64(81.3), 'Std': np.float64(5.866003750424986)}
2024-11-17 07:14:23,520 - INFO - Bottom 10 Std Stats: {'Max': np.float64(0.0), 'Min': np.float64(0.0), 'Mean': np.float64(0.0), 'Std': np.float64(0.0)}
[I 2024-11-17 07:14:23,532] Trial 204 finished with value: 50.0 and parameters: {'x_0': -4, 'x_1': -5, 'x_2': 3, 'x_3': 0}. Best is trial 179 with value: 1.0.
[I 2024-11-17 07:14:23,534] Trial 199 finished with value: 20.0 and parameters: {'x_0': 1, 'x_1': 1, 'x_2': 3, 'x_3': -3}. Best is trial 190 with value: 6.0.
2024-11-17 07:14:23,713 - INFO - Candidate Mean Stats: {'Max': np.float64(75.0), 'Min': np.float64(-0.2979467694352319), 'Mean': np.float64(0.4839058330435394), 'Std': np.float64(4.6746028232595656)}
2024-11-17 07:14:23,713 - INFO - Candidate Std Stats: {'Max': np.float64(0.4833628694820585), 'Min': np.float64(0.0), 'Mean': np.float64(0.062489424132988476), 'Std': np.float64(0.0463963772555633)}
2024-11-17 07:14:23,715 - INFO - Top 10 Mean Stats: {'Max': np.float64(-0.08938401080306109), 'Min': np.float64(-0.2979467694352319), 'Mean': np.float64(-0.20572560969964884), 'Std': np.float64(0.056241731169155186)}
2024-11-17 07:14:23,715 - INFO - Top 10 Std Stats: {'Max': np.float64(0.4833628694820585), 'Min': np.float64(0.246447961017735), 'Mean': np.float64(0.373490376234476), 'Std': np.float64(0.06770981363310487)}
2024-11-17 07:14:23,715 - INFO - Bottom 10 Mean Stats: {'Max': np.float64(75.0), 'Min': np.float64(66.0), 'Mean': np.float64(72.1), 'Std': np.float64(3.3896902513356584)}
2024-11-17 07:14:23,715 - INFO - Bottom 10 Std Stats: {'Max': np.float64(0.0), 'Min': np.float64(0.0), 'Mean': np.float64(0.0), 'Std': np.float64(0.0)}
[I 2024-11-17 07:14:23,730] Trial 194 finished with value: 17.0 and parameters: {'x_0': 0, 'x_1': 3, 'x_2': -2, 'x_3': 2}. Best is trial 141 with value: 2.0.
2024-11-17 07:14:23,785 - INFO - Candidate Mean Stats: {'Max': np.float64(100.0), 'Min': np.float64(-0.2126291884068921), 'Mean': np.float64(0.7041749204910277), 'Std': np.float64(6.478902147135926)}
2024-11-17 07:14:23,785 - INFO - Candidate Std Stats: {'Max': np.float64(0.4423121909411628), 'Min': np.float64(0.0), 'Mean': np.float64(0.053562147075628425), 'Std': np.float64(0.04647960953034805)}
2024-11-17 07:14:23,787 - INFO - Top 10 Mean Stats: {'Max': np.float64(-0.09166482897749621), 'Min': np.float64(-0.2126291884068921), 'Mean': np.float64(-0.17288776030511038), 'Std': np.float64(0.03381113584804069)}
2024-11-17 07:14:23,787 - INFO - Top 10 Std Stats: {'Max': np.float64(0.4423121909411628), 'Min': np.float64(0.2747303899039112), 'Mean': np.float64(0.3413501386183579), 'Std': np.float64(0.04481272784714748)}
2024-11-17 07:14:23,787 - INFO - Bottom 10 Mean Stats: {'Max': np.float64(100.0), 'Min': np.float64(91.0), 'Mean': np.float64(95.5), 'Std': np.float64(4.5)}
2024-11-17 07:14:23,787 - INFO - Bottom 10 Std Stats: {'Max': np.float64(0.0), 'Min': np.float64(0.0), 'Mean': np.float64(0.0), 'Std': np.float64(0.0)}
[I 2024-11-17 07:14:23,804] Trial 205 finished with value: 22.0 and parameters: {'x_0': -4, 'x_1': -1, 'x_2': 2, 'x_3': 1}. Best is trial 179 with value: 1.0.
2024-11-17 07:14:23,823 - INFO - Candidate Mean Stats: {'Max': np.float64(91.0), 'Min': np.float64(-0.31789775270830567), 'Mean': np.float64(0.5517629704628889), 'Std': np.float64(5.227635662215082)}
2024-11-17 07:14:23,823 - INFO - Candidate Std Stats: {'Max': np.float64(0.6973604694158014), 'Min': np.float64(0.0), 'Mean': np.float64(0.06091061762757491), 'Std': np.float64(0.050229291700477664)}
2024-11-17 07:14:23,824 - INFO - Top 10 Mean Stats: {'Max': np.float64(-0.19177034279558958), 'Min': np.float64(-0.31789775270830567), 'Mean': np.float64(-0.24130033249529742), 'Std': np.float64(0.03407076604974687)}
2024-11-17 07:14:23,824 - INFO - Top 10 Std Stats: {'Max': np.float64(0.5217790116495068), 'Min': np.float64(0.36298762359068104), 'Mean': np.float64(0.4486041494992148), 'Std': np.float64(0.05182141626631204)}
2024-11-17 07:14:23,824 - INFO - Bottom 10 Mean Stats: {'Max': np.float64(91.0), 'Min': np.float64(75.0), 'Mean': np.float64(81.3), 'Std': np.float64(5.866003750424986)}
2024-11-17 07:14:23,824 - INFO - Bottom 10 Std Stats: {'Max': np.float64(0.0), 'Min': np.float64(0.0), 'Mean': np.float64(0.0), 'Std': np.float64(0.0)}
[I 2024-11-17 07:14:23,839] Trial 200 finished with value: 45.0 and parameters: {'x_0': -5, 'x_1': 0, 'x_2': -4, 'x_3': -2}. Best is trial 190 with value: 6.0.
2024-11-17 07:14:23,976 - INFO - Candidate Mean Stats: {'Max': np.float64(75.0), 'Min': np.float64(-0.21114598249138092), 'Mean': np.float64(0.4856633661189462), 'Std': np.float64(4.676544855901351)}
2024-11-17 07:14:23,976 - INFO - Candidate Std Stats: {'Max': np.float64(0.4176196969977551), 'Min': np.float64(0.0), 'Mean': np.float64(0.0646073961587157), 'Std': np.float64(0.04760668801608636)}
2024-11-17 07:14:23,978 - INFO - Top 10 Mean Stats: {'Max': np.float64(-0.152488407012709), 'Min': np.float64(-0.21114598249138092), 'Mean': np.float64(-0.17862596218289598), 'Std': np.float64(0.016173054444264905)}
2024-11-17 07:14:23,978 - INFO - Top 10 Std Stats: {'Max': np.float64(0.4173593248936349), 'Min': np.float64(0.2834933117949401), 'Mean': np.float64(0.3452849939005081), 'Std': np.float64(0.047734285292045445)}
2024-11-17 07:14:23,978 - INFO - Bottom 10 Mean Stats: {'Max': np.float64(75.0), 'Min': np.float64(66.0), 'Mean': np.float64(72.1), 'Std': np.float64(3.3896902513356584)}
2024-11-17 07:14:23,978 - INFO - Bottom 10 Std Stats: {'Max': np.float64(0.0), 'Min': np.float64(0.0), 'Mean': np.float64(0.0), 'Std': np.float64(0.0)}
