[I 2024-11-17 07:15:04,338] Trial 359 finished with value: 75.0 and parameters: {'x_0': -3, 'x_1': -5, 'x_2': 5, 'x_3': 4}. Best is trial 290 with value: 2.0.
2024-11-17 07:15:04,499 - INFO - Candidate Mean Stats: {'Max': np.float64(100.0), 'Min': np.float64(-0.19346573229311706), 'Mean': np.float64(0.9709347089905692), 'Std': np.float64(7.157259013189541)}
2024-11-17 07:15:04,499 - INFO - Candidate Std Stats: {'Max': np.float64(0.5572577868870583), 'Min': np.float64(0.0), 'Mean': np.float64(0.033758696938290866), 'Std': np.float64(0.043435186011532394)}
2024-11-17 07:15:04,500 - INFO - Top 10 Mean Stats: {'Max': np.float64(0.023233173013736907), 'Min': np.float64(-0.19346573229311706), 'Mean': np.float64(-0.10343727569319756), 'Std': np.float64(0.0631627923788147)}
2024-11-17 07:15:04,500 - INFO - Top 10 Std Stats: {'Max': np.float64(0.4101705827137035), 'Min': np.float64(0.1999395712548601), 'Mean': np.float64(0.33590282841785357), 'Std': np.float64(0.05926208823990205)}
2024-11-17 07:15:04,500 - INFO - Bottom 10 Mean Stats: {'Max': np.float64(100.0), 'Min': np.float64(84.0), 'Mean': np.float64(93.0), 'Std': np.float64(5.019960159204453)}
2024-11-17 07:15:04,501 - INFO - Bottom 10 Std Stats: {'Max': np.float64(0.0), 'Min': np.float64(0.0), 'Mean': np.float64(0.0), 'Std': np.float64(0.0)}
2024-11-17 07:15:04,511 - INFO - Candidate Mean Stats: {'Max': np.float64(100.0), 'Min': np.float64(-0.5352213191910768), 'Mean': np.float64(1.1282764870067263), 'Std': np.float64(8.004764808680697)}
2024-11-17 07:15:04,511 - INFO - Candidate Std Stats: {'Max': np.float64(0.5628457541115249), 'Min': np.float64(0.0), 'Mean': np.float64(0.046361913154241804), 'Std': np.float64(0.04658408311732223)}
2024-11-17 07:15:04,513 - INFO - Top 10 Mean Stats: {'Max': np.float64(-0.11761305498914598), 'Min': np.float64(-0.5352213191910768), 'Mean': np.float64(-0.3001523892124475), 'Std': np.float64(0.12876523211488367)}
2024-11-17 07:15:04,513 - INFO - Top 10 Std Stats: {'Max': np.float64(0.5628457541115249), 'Min': np.float64(0.29552513278887316), 'Mean': np.float64(0.40940319484302246), 'Std': np.float64(0.0761949480711401)}
2024-11-17 07:15:04,513 - INFO - Bottom 10 Mean Stats: {'Max': np.float64(100.0), 'Min': np.float64(91.0), 'Mean': np.float64(95.5), 'Std': np.float64(4.5)}
2024-11-17 07:15:04,513 - INFO - Bottom 10 Std Stats: {'Max': np.float64(0.0), 'Min': np.float64(0.0), 'Mean': np.float64(0.0), 'Std': np.float64(0.0)}
[I 2024-11-17 07:15:04,518] Trial 360 finished with value: 50.0 and parameters: {'x_0': 0, 'x_1': 0, 'x_2': -5, 'x_3': -5}. Best is trial 290 with value: 2.0.
[I 2024-11-17 07:15:04,530] Trial 356 finished with value: 17.0 and parameters: {'x_0': 0, 'x_1': 1, 'x_2': 0, 'x_3': -4}. Best is trial 179 with value: 1.0.
2024-11-17 07:15:04,602 - INFO - Candidate Mean Stats: {'Max': np.float64(91.0), 'Min': np.float64(-0.28989510669942836), 'Mean': np.float64(0.7273105618779839), 'Std': np.float64(5.766492345467587)}
2024-11-17 07:15:04,602 - INFO - Candidate Std Stats: {'Max': np.float64(0.6077200625527701), 'Min': np.float64(0.0), 'Mean': np.float64(0.054884119917163146), 'Std': np.float64(0.05102011115000215)}
2024-11-17 07:15:04,604 - INFO - Top 10 Mean Stats: {'Max': np.float64(-0.15563967213509744), 'Min': np.float64(-0.28989510669942836), 'Mean': np.float64(-0.23482483257822917), 'Std': np.float64(0.04411184061347064)}
2024-11-17 07:15:04,604 - INFO - Top 10 Std Stats: {'Max': np.float64(0.6077200625527701), 'Min': np.float64(0.37290145172116856), 'Mean': np.float64(0.4714169146247696), 'Std': np.float64(0.07534148082954273)}
2024-11-17 07:15:04,604 - INFO - Bottom 10 Mean Stats: {'Max': np.float64(91.0), 'Min': np.float64(75.0), 'Mean': np.float64(78.1), 'Std': np.float64(5.08822169328342)}
2024-11-17 07:15:04,604 - INFO - Bottom 10 Std Stats: {'Max': np.float64(0.0), 'Min': np.float64(0.0), 'Mean': np.float64(0.0), 'Std': np.float64(0.0)}
[I 2024-11-17 07:15:04,621] Trial 334 finished with value: 50.0 and parameters: {'x_0': 4, 'x_1': -3, 'x_2': -3, 'x_3': -4}. Best is trial 320 with value: 0.0.
2024-11-17 07:15:04,695 - INFO - Candidate Mean Stats: {'Max': np.float64(100.0), 'Min': np.float64(-0.33524000487781064), 'Mean': np.float64(0.9696646210972413), 'Std': np.float64(7.169326948013392)}
2024-11-17 07:15:04,695 - INFO - Candidate Std Stats: {'Max': np.float64(0.4765741556557881), 'Min': np.float64(0.0), 'Mean': np.float64(0.03165630275586458), 'Std': np.float64(0.04258466405775388)}
2024-11-17 07:15:04,696 - INFO - Top 10 Mean Stats: {'Max': np.float64(-0.14084402752773795), 'Min': np.float64(-0.33524000487781064), 'Mean': np.float64(-0.26760907907125125), 'Std': np.float64(0.06373824423656116)}
2024-11-17 07:15:04,696 - INFO - Top 10 Std Stats: {'Max': np.float64(0.31884037566224915), 'Min': np.float64(0.14163433087573077), 'Mean': np.float64(0.19331775987242125), 'Std': np.float64(0.06070544885159315)}
2024-11-17 07:15:04,696 - INFO - Bottom 10 Mean Stats: {'Max': np.float64(100.0), 'Min': np.float64(84.0), 'Mean': np.float64(93.0), 'Std': np.float64(5.019960159204453)}
2024-11-17 07:15:04,696 - INFO - Bottom 10 Std Stats: {'Max': np.float64(0.0), 'Min': np.float64(0.0), 'Mean': np.float64(0.0), 'Std': np.float64(0.0)}
[I 2024-11-17 07:15:04,714] Trial 361 finished with value: 7.0 and parameters: {'x_0': -1, 'x_1': -1, 'x_2': -2, 'x_3': 1}. Best is trial 290 with value: 2.0.
2024-11-17 07:15:04,807 - INFO - Candidate Mean Stats: {'Max': np.float64(100.0), 'Min': np.float64(-0.4945733960335623), 'Mean': np.float64(1.136933265254693), 'Std': np.float64(8.00482035532713)}
2024-11-17 07:15:04,807 - INFO - Candidate Std Stats: {'Max': np.float64(1.021036788532677), 'Min': np.float64(0.0), 'Mean': np.float64(0.04693758735775611), 'Std': np.float64(0.04035605014436532)}
2024-11-17 07:15:04,809 - INFO - Top 10 Mean Stats: {'Max': np.float64(-0.11392158820167009), 'Min': np.float64(-0.4945733960335623), 'Mean': np.float64(-0.2420878221156118), 'Std': np.float64(0.0992884317641823)}
2024-11-17 07:15:04,809 - INFO - Top 10 Std Stats: {'Max': np.float64(1.021036788532677), 'Min': np.float64(0.2700851814341751), 'Mean': np.float64(0.4679280578958377), 'Std': np.float64(0.21096612264355302)}
2024-11-17 07:15:04,809 - INFO - Bottom 10 Mean Stats: {'Max': np.float64(100.0), 'Min': np.float64(91.0), 'Mean': np.float64(95.5), 'Std': np.float64(4.5)}
2024-11-17 07:15:04,809 - INFO - Bottom 10 Std Stats: {'Max': np.float64(0.0), 'Min': np.float64(0.0), 'Mean': np.float64(0.0), 'Std': np.float64(0.0)}
[I 2024-11-17 07:15:04,825] Trial 357 finished with value: 2.0 and parameters: {'x_0': 0, 'x_1': 1, 'x_2': -1, 'x_3': 0}. Best is trial 179 with value: 1.0.
2024-11-17 07:15:04,836 - INFO - Candidate Mean Stats: {'Max': np.float64(91.0), 'Min': np.float64(-0.44495646948974776), 'Mean': np.float64(0.7293749884242686), 'Std': np.float64(5.781017367610941)}
2024-11-17 07:15:04,836 - INFO - Candidate Std Stats: {'Max': np.float64(0.6398133016304879), 'Min': np.float64(0.0), 'Mean': np.float64(0.0470941143961059), 'Std': np.float64(0.04556802876144397)}
2024-11-17 07:15:04,838 - INFO - Top 10 Mean Stats: {'Max': np.float64(-0.1679892448983853), 'Min': np.float64(-0.44495646948974776), 'Mean': np.float64(-0.34683001465526964), 'Std': np.float64(0.10607276834041794)}
2024-11-17 07:15:04,838 - INFO - Top 10 Std Stats: {'Max': np.float64(0.49798444603091524), 'Min': np.float64(0.16698411140533842), 'Mean': np.float64(0.2848433255415424), 'Std': np.float64(0.11945517417879327)}
2024-11-17 07:15:04,838 - INFO - Bottom 10 Mean Stats: {'Max': np.float64(91.0), 'Min': np.float64(75.0), 'Mean': np.float64(78.1), 'Std': np.float64(5.08822169328342)}
2024-11-17 07:15:04,838 - INFO - Bottom 10 Std Stats: {'Max': np.float64(0.0), 'Min': np.float64(0.0), 'Mean': np.float64(0.0), 'Std': np.float64(0.0)}
[I 2024-11-17 07:15:04,855] Trial 335 finished with value: 50.0 and parameters: {'x_0': -4, 'x_1': 0, 'x_2': 3, 'x_3': -5}. Best is trial 320 with value: 0.0.
2024-11-17 07:15:04,908 - INFO - Candidate Mean Stats: {'Max': np.float64(100.0), 'Min': np.float64(-0.3485451196957774), 'Mean': np.float64(0.9669590878755452), 'Std': np.float64(7.169919478236397)}
2024-11-17 07:15:04,908 - INFO - Candidate Std Stats: {'Max': np.float64(0.39811528537727553), 'Min': np.float64(0.0), 'Mean': np.float64(0.03284025434321121), 'Std': np.float64(0.04260968372242338)}
2024-11-17 07:15:04,910 - INFO - Top 10 Mean Stats: {'Max': np.float64(-0.2836292237159386), 'Min': np.float64(-0.31303753458924694), 'Mean': np.float64(-0.29630510470800536), 'Std': np.float64(0.008995999798562276)}
2024-11-17 07:15:04,910 - INFO - Top 10 Std Stats: {'Max': np.float64(0.3122771718378864), 'Min': np.float64(0.29031292263667524), 'Mean': np.float64(0.301576911285161), 'Std': np.float64(0.006950872965746394)}
2024-11-17 07:15:04,910 - INFO - Bottom 10 Mean Stats: {'Max': np.float64(100.0), 'Min': np.float64(84.0), 'Mean': np.float64(93.0), 'Std': np.float64(5.019960159204453)}
2024-11-17 07:15:04,910 - INFO - Bottom 10 Std Stats: {'Max': np.float64(0.0), 'Min': np.float64(0.0), 'Mean': np.float64(0.0), 'Std': np.float64(0.0)}
[I 2024-11-17 07:15:04,928] Trial 362 finished with value: 1.0 and parameters: {'x_0': -1, 'x_1': 0, 'x_2': 0, 'x_3': 0}. Best is trial 362 with value: 1.0.
2024-11-17 07:15:05,072 - INFO - Candidate Mean Stats: {'Max': np.float64(100.0), 'Min': np.float64(-0.2347626569697206), 'Mean': np.float64(1.1352309229805027), 'Std': np.float64(8.00506304543735)}
2024-11-17 07:15:05,072 - INFO - Candidate Std Stats: {'Max': np.float64(0.417892215477594), 'Min': np.float64(0.0), 'Mean': np.float64(0.04138543075693634), 'Std': np.float64(0.04206978780579643)}
2024-11-17 07:15:05,074 - INFO - Top 10 Mean Stats: {'Max': np.float64(-0.1649915012441439), 'Min': np.float64(-0.2347626569697206), 'Mean': np.float64(-0.19634389011187775), 'Std': np.float64(0.023636022554536514)}
2024-11-17 07:15:05,074 - INFO - Top 10 Std Stats: {'Max': np.float64(0.417892215477594), 'Min': np.float64(0.2712373097823331), 'Mean': np.float64(0.35282863689680644), 'Std': np.float64(0.041026163329275445)}
2024-11-17 07:15:05,074 - INFO - Bottom 10 Mean Stats: {'Max': np.float64(100.0), 'Min': np.float64(91.0), 'Mean': np.float64(95.5), 'Std': np.float64(4.5)}
2024-11-17 07:15:05,074 - INFO - Bottom 10 Std Stats: {'Max': np.float64(0.0), 'Min': np.float64(0.0), 'Mean': np.float64(0.0), 'Std': np.float64(0.0)}
2024-11-17 07:15:05,085 - INFO - Candidate Mean Stats: {'Max': np.float64(91.0), 'Min': np.float64(-0.4532701739727636), 'Mean': np.float64(0.732525201202959), 'Std': np.float64(5.7953602495400425)}
2024-11-17 07:15:05,085 - INFO - Candidate Std Stats: {'Max': np.float64(0.49564515553217925), 'Min': np.float64(0.0), 'Mean': np.float64(0.046850043811458277), 'Std': np.float64(0.045208353644285666)}
2024-11-17 07:15:05,087 - INFO - Top 10 Mean Stats: {'Max': np.float64(-0.1969774514370562), 'Min': np.float64(-0.4532701739727636), 'Mean': np.float64(-0.3443007163224169), 'Std': np.float64(0.08208047206998363)}
2024-11-17 07:15:05,087 - INFO - Top 10 Std Stats: {'Max': np.float64(0.49564515553217925), 'Min': np.float64(0.14483331595224244), 'Mean': np.float64(0.28848627380438047), 'Std': np.float64(0.11741144186905275)}
2024-11-17 07:15:05,087 - INFO - Bottom 10 Mean Stats: {'Max': np.float64(91.0), 'Min': np.float64(75.0), 'Mean': np.float64(78.1), 'Std': np.float64(5.08822169328342)}
2024-11-17 07:15:05,087 - INFO - Bottom 10 Std Stats: {'Max': np.float64(0.0), 'Min': np.float64(0.0), 'Mean': np.float64(0.0), 'Std': np.float64(0.0)}
[I 2024-11-17 07:15:05,091] Trial 358 finished with value: 3.0 and parameters: {'x_0': 0, 'x_1': -1, 'x_2': -1, 'x_3': -1}. Best is trial 179 with value: 1.0.
[I 2024-11-17 07:15:05,107] Trial 336 finished with value: 57.0 and parameters: {'x_0': 4, 'x_1': 0, 'x_2': -5, 'x_3': -4}. Best is trial 320 with value: 0.0.
2024-11-17 07:15:05,127 - INFO - Candidate Mean Stats: {'Max': np.float64(100.0), 'Min': np.float64(-0.3635376780741568), 'Mean': np.float64(0.968618425459746), 'Std': np.float64(7.169691697310023)}
2024-11-17 07:15:05,127 - INFO - Candidate Std Stats: {'Max': np.float64(0.6423525216275676), 'Min': np.float64(0.0), 'Mean': np.float64(0.039877613994884153), 'Std': np.float64(0.046140195708031066)}
2024-11-17 07:15:05,128 - INFO - Top 10 Mean Stats: {'Max': np.float64(-0.17981644571492617), 'Min': np.float64(-0.3635376780741568), 'Mean': np.float64(-0.2694749857374968), 'Std': np.float64(0.06230881374098906)}
2024-11-17 07:15:05,128 - INFO - Top 10 Std Stats: {'Max': np.float64(0.31407298310193804), 'Min': np.float64(0.1472119946555554), 'Mean': np.float64(0.22060038630456816), 'Std': np.float64(0.06338638387075828)}
2024-11-17 07:15:05,128 - INFO - Bottom 10 Mean Stats: {'Max': np.float64(100.0), 'Min': np.float64(84.0), 'Mean': np.float64(93.0), 'Std': np.float64(5.019960159204453)}
2024-11-17 07:15:05,128 - INFO - Bottom 10 Std Stats: {'Max': np.float64(0.0), 'Min': np.float64(0.0), 'Mean': np.float64(0.0), 'Std': np.float64(0.0)}
[I 2024-11-17 07:15:05,146] Trial 363 finished with value: 2.0 and parameters: {'x_0': -1, 'x_1': 0, 'x_2': -1, 'x_3': 0}. Best is trial 362 with value: 1.0.
2024-11-17 07:15:05,348 - INFO - Candidate Mean Stats: {'Max': np.float64(100.0), 'Min': np.float64(-0.36889146349527413), 'Mean': np.float64(0.9724930525890181), 'Std': np.float64(7.169236211444892)}
2024-11-17 07:15:05,348 - INFO - Candidate Std Stats: {'Max': np.float64(0.36035331604662935), 'Min': np.float64(0.0), 'Mean': np.float64(0.03033616261791628), 'Std': np.float64(0.03742319046465364)}
2024-11-17 07:15:05,350 - INFO - Top 10 Mean Stats: {'Max': np.float64(-0.25802745829910456), 'Min': np.float64(-0.36889146349527413), 'Mean': np.float64(-0.3340853489919795), 'Std': np.float64(0.0318965940092353)}
2024-11-17 07:15:05,350 - INFO - Top 10 Std Stats: {'Max': np.float64(0.2601464444033779), 'Min': np.float64(0.173740806414852), 'Mean': np.float64(0.2012382592135519), 'Std': np.float64(0.023517796296607982)}
2024-11-17 07:15:05,350 - INFO - Bottom 10 Mean Stats: {'Max': np.float64(100.0), 'Min': np.float64(84.0), 'Mean': np.float64(93.0), 'Std': np.float64(5.019960159204453)}
2024-11-17 07:15:05,350 - INFO - Bottom 10 Std Stats: {'Max': np.float64(0.0), 'Min': np.float64(0.0), 'Mean': np.float64(0.0), 'Std': np.float64(0.0)}
2024-11-17 07:15:05,365 - INFO - Candidate Mean Stats: {'Max': np.float64(100.0), 'Min': np.float64(-0.2759027687092202), 'Mean': np.float64(1.1356885928383598), 'Std': np.float64(8.005040335239965)}
2024-11-17 07:15:05,365 - INFO - Candidate Std Stats: {'Max': np.float64(0.504972684315002), 'Min': np.float64(0.0), 'Mean': np.float64(0.04134738119151419), 'Std': np.float64(0.041696819461335716)}
2024-11-17 07:15:05,367 - INFO - Top 10 Mean Stats: {'Max': np.float64(-0.13388749731214789), 'Min': np.float64(-0.2759027687092202), 'Mean': np.float64(-0.23374659355332156), 'Std': np.float64(0.0425731543785942)}
2024-11-17 07:15:05,367 - INFO - Top 10 Std Stats: {'Max': np.float64(0.4258391877972798), 'Min': np.float64(0.2716928870970975), 'Mean': np.float64(0.34660793752931995), 'Std': np.float64(0.0457473813690964)}
2024-11-17 07:15:05,367 - INFO - Bottom 10 Mean Stats: {'Max': np.float64(100.0), 'Min': np.float64(91.0), 'Mean': np.float64(95.5), 'Std': np.float64(4.5)}
2024-11-17 07:15:05,368 - INFO - Bottom 10 Std Stats: {'Max': np.float64(0.0), 'Min': np.float64(0.0), 'Mean': np.float64(0.0), 'Std': np.float64(0.0)}
[I 2024-11-17 07:15:05,371] Trial 364 finished with value: 2.0 and parameters: {'x_0': -1, 'x_1': 0, 'x_2': 0, 'x_3': 1}. Best is trial 362 with value: 1.0.
[I 2024-11-17 07:15:05,386] Trial 359 finished with value: 10.0 and parameters: {'x_0': 0, 'x_1': 1, 'x_2': 0, 'x_3': 3}. Best is trial 179 with value: 1.0.
2024-11-17 07:15:05,405 - INFO - Candidate Mean Stats: {'Max': np.float64(91.0), 'Min': np.float64(-0.31425468148040475), 'Mean': np.float64(0.7388640582269098), 'Std': np.float64(5.813659478602764)}
2024-11-17 07:15:05,405 - INFO - Candidate Std Stats: {'Max': np.float64(0.5480902916494456), 'Min': np.float64(0.0), 'Mean': np.float64(0.04682148950884122), 'Std': np.float64(0.04787643888516776)}
2024-11-17 07:15:05,406 - INFO - Top 10 Mean Stats: {'Max': np.float64(-0.16657811054667127), 'Min': np.float64(-0.31425468148040475), 'Mean': np.float64(-0.22431951475952433), 'Std': np.float64(0.05022122341835171)}
2024-11-17 07:15:05,407 - INFO - Top 10 Std Stats: {'Max': np.float64(0.5480902916494456), 'Min': np.float64(0.2148284187024959), 'Mean': np.float64(0.41784031369064856), 'Std': np.float64(0.10796978106354811)}
2024-11-17 07:15:05,407 - INFO - Bottom 10 Mean Stats: {'Max': np.float64(91.0), 'Min': np.float64(75.0), 'Mean': np.float64(78.1), 'Std': np.float64(5.08822169328342)}
2024-11-17 07:15:05,407 - INFO - Bottom 10 Std Stats: {'Max': np.float64(0.0), 'Min': np.float64(0.0), 'Mean': np.float64(0.0), 'Std': np.float64(0.0)}
[I 2024-11-17 07:15:05,422] Trial 337 finished with value: 13.0 and parameters: {'x_0': 2, 'x_1': -3, 'x_2': 0, 'x_3': 0}. Best is trial 320 with value: 0.0.
2024-11-17 07:15:05,560 - INFO - Candidate Mean Stats: {'Max': np.float64(100.0), 'Min': np.float64(-0.5563983374238994), 'Mean': np.float64(0.9665351118348823), 'Std': np.float64(7.170006510534896)}
2024-11-17 07:15:05,560 - INFO - Candidate Std Stats: {'Max': np.float64(0.5038591735276878), 'Min': np.float64(0.0), 'Mean': np.float64(0.036530379675195526), 'Std': np.float64(0.04206533307732586)}
2024-11-17 07:15:05,562 - INFO - Top 10 Mean Stats: {'Max': np.float64(-0.18758885633784164), 'Min': np.float64(-0.5563983374238994), 'Mean': np.float64(-0.3565897923447486), 'Std': np.float64(0.14166682873746414)}
2024-11-17 07:15:05,562 - INFO - Top 10 Std Stats: {'Max': np.float64(0.37712969166246596), 'Min': np.float64(0.0799570656732735), 'Mean': np.float64(0.22345112462394826), 'Std': np.float64(0.1208553265511021)}
2024-11-17 07:15:05,562 - INFO - Bottom 10 Mean Stats: {'Max': np.float64(100.0), 'Min': np.float64(84.0), 'Mean': np.float64(93.0), 'Std': np.float64(5.019960159204453)}
2024-11-17 07:15:05,562 - INFO - Bottom 10 Std Stats: {'Max': np.float64(0.0), 'Min': np.float64(0.0), 'Mean': np.float64(0.0), 'Std': np.float64(0.0)}
[I 2024-11-17 07:15:05,578] Trial 365 finished with value: 3.0 and parameters: {'x_0': -1, 'x_1': 0, 'x_2': 1, 'x_3': 1}. Best is trial 362 with value: 1.0.
2024-11-17 07:15:05,600 - INFO - Candidate Mean Stats: {'Max': np.float64(100.0), 'Min': np.float64(-0.4314407001917786), 'Mean': np.float64(1.1368652014678697), 'Std': np.float64(8.005298403843407)}
2024-11-17 07:15:05,601 - INFO - Candidate Std Stats: {'Max': np.float64(0.624220180226897), 'Min': np.float64(0.0), 'Mean': np.float64(0.04003129001449934), 'Std': np.float64(0.041503357735118034)}
2024-11-17 07:15:05,602 - INFO - Top 10 Mean Stats: {'Max': np.float64(-0.19672352265566057), 'Min': np.float64(-0.4314407001917786), 'Mean': np.float64(-0.3100120500957634), 'Std': np.float64(0.06714717533079807)}
2024-11-17 07:15:05,602 - INFO - Top 10 Std Stats: {'Max': np.float64(0.624220180226897), 'Min': np.float64(0.35186450102261635), 'Mean': np.float64(0.4429836192335421), 'Std': np.float64(0.08345129137196731)}
2024-11-17 07:15:05,602 - INFO - Bottom 10 Mean Stats: {'Max': np.float64(100.0), 'Min': np.float64(91.0), 'Mean': np.float64(95.5), 'Std': np.float64(4.5)}
2024-11-17 07:15:05,602 - INFO - Bottom 10 Std Stats: {'Max': np.float64(0.0), 'Min': np.float64(0.0), 'Mean': np.float64(0.0), 'Std': np.float64(0.0)}
[I 2024-11-17 07:15:05,619] Trial 360 finished with value: 6.0 and parameters: {'x_0': 0, 'x_1': 1, 'x_2': 1, 'x_3': -2}. Best is trial 179 with value: 1.0.
2024-11-17 07:15:05,692 - INFO - Candidate Mean Stats: {'Max': np.float64(91.0), 'Min': np.float64(-0.3264627239769152), 'Mean': np.float64(0.7353078621831737), 'Std': np.float64(5.815111996867731)}
2024-11-17 07:15:05,692 - INFO - Candidate Std Stats: {'Max': np.float64(0.524063094681515), 'Min': np.float64(0.0), 'Mean': np.float64(0.044455634704250714), 'Std': np.float64(0.04308800479937353)}
2024-11-17 07:15:05,694 - INFO - Top 10 Mean Stats: {'Max': np.float64(-0.16901140929142872), 'Min': np.float64(-0.3264627239769152), 'Mean': np.float64(-0.20986703998431092), 'Std': np.float64(0.04795604851000301)}
2024-11-17 07:15:05,694 - INFO - Top 10 Std Stats: {'Max': np.float64(0.35678774262628077), 'Min': np.float64(0.2693690958456846), 'Mean': np.float64(0.31026157886435507), 'Std': np.float64(0.02597517285094631)}
2024-11-17 07:15:05,694 - INFO - Bottom 10 Mean Stats: {'Max': np.float64(91.0), 'Min': np.float64(75.0), 'Mean': np.float64(78.1), 'Std': np.float64(5.08822169328342)}
2024-11-17 07:15:05,694 - INFO - Bottom 10 Std Stats: {'Max': np.float64(0.0), 'Min': np.float64(0.0), 'Mean': np.float64(0.0), 'Std': np.float64(0.0)}
2024-11-17 07:15:05,716 - INFO - Candidate Mean Stats: {'Max': np.float64(100.0), 'Min': np.float64(-0.5997485868122359), 'Mean': np.float64(0.9694268209205374), 'Std': np.float64(7.169700642425085)}
2024-11-17 07:15:05,716 - INFO - Candidate Std Stats: {'Max': np.float64(0.8628630242393949), 'Min': np.float64(0.0), 'Mean': np.float64(0.03323028285387283), 'Std': np.float64(0.04409227456835376)}
2024-11-17 07:15:05,718 - INFO - Top 10 Mean Stats: {'Max': np.float64(-0.1769572435569154), 'Min': np.float64(-0.5997485868122359), 'Mean': np.float64(-0.4710158666555585), 'Std': np.float64(0.10716258593411926)}
2024-11-17 07:15:05,718 - INFO - Top 10 Std Stats: {'Max': np.float64(0.45634195113873194), 'Min': np.float64(0.13607617173635822), 'Mean': np.float64(0.19835815036766827), 'Std': np.float64(0.0892579272752633)}
2024-11-17 07:15:05,718 - INFO - Bottom 10 Mean Stats: {'Max': np.float64(100.0), 'Min': np.float64(84.0), 'Mean': np.float64(93.0), 'Std': np.float64(5.019960159204453)}
2024-11-17 07:15:05,718 - INFO - Bottom 10 Std Stats: {'Max': np.float64(0.0), 'Min': np.float64(0.0), 'Mean': np.float64(0.0), 'Std': np.float64(0.0)}
