[I 2024-11-17 07:13:42,994] Trial 41 finished with value: 42.0 and parameters: {'x_0': 4, 'x_1': -1, 'x_2': -5, 'x_3': 0}. Best is trial 39 with value: 11.0.
2024-11-17 07:13:43,194 - INFO - Candidate Mean Stats: {'Max': np.float64(82.0), 'Min': np.float64(-0.22748689228307684), 'Mean': np.float64(0.11335754715878606), 'Std': np.float64(2.318073879843653)}
2024-11-17 07:13:43,194 - INFO - Candidate Std Stats: {'Max': np.float64(0.4738951426033923), 'Min': np.float64(0.0), 'Mean': np.float64(0.06505918346586051), 'Std': np.float64(0.048461847690214735)}
2024-11-17 07:13:43,196 - INFO - Top 10 Mean Stats: {'Max': np.float64(-0.1126377382705152), 'Min': np.float64(-0.19557868039355936), 'Mean': np.float64(-0.17040039701851), 'Std': np.float64(0.023904235115802606)}
2024-11-17 07:13:43,196 - INFO - Top 10 Std Stats: {'Max': np.float64(0.4738951426033923), 'Min': np.float64(0.3360817877248365), 'Mean': np.float64(0.38682579007682916), 'Std': np.float64(0.040541567500458946)}
2024-11-17 07:13:43,197 - INFO - Bottom 10 Mean Stats: {'Max': np.float64(82.0), 'Min': np.float64(54.0), 'Mean': np.float64(65.0), 'Std': np.float64(7.37563556583431)}
2024-11-17 07:13:43,197 - INFO - Bottom 10 Std Stats: {'Max': np.float64(0.0), 'Min': np.float64(0.0), 'Mean': np.float64(0.0), 'Std': np.float64(0.0)}
2024-11-17 07:13:43,198 - INFO - Candidate Mean Stats: {'Max': np.float64(70.0), 'Min': np.float64(-0.21755756529496423), 'Mean': np.float64(0.10522556061805242), 'Std': np.float64(2.2043198816722755)}
2024-11-17 07:13:43,198 - INFO - Candidate Std Stats: {'Max': np.float64(0.505317996285075), 'Min': np.float64(0.0), 'Mean': np.float64(0.06459120417134044), 'Std': np.float64(0.04721643873725206)}
2024-11-17 07:13:43,199 - INFO - Top 10 Mean Stats: {'Max': np.float64(-0.1738080705438596), 'Min': np.float64(-0.21755756529496423), 'Mean': np.float64(-0.19343484598682098), 'Std': np.float64(0.014982909130096537)}
2024-11-17 07:13:43,199 - INFO - Top 10 Std Stats: {'Max': np.float64(0.4782905381373836), 'Min': np.float64(0.31716214581607416), 'Mean': np.float64(0.36729008209964953), 'Std': np.float64(0.04532344934435384)}
2024-11-17 07:13:43,199 - INFO - Bottom 10 Mean Stats: {'Max': np.float64(70.0), 'Min': np.float64(52.0), 'Mean': np.float64(59.1), 'Std': np.float64(5.185556864985669)}
2024-11-17 07:13:43,199 - INFO - Bottom 10 Std Stats: {'Max': np.float64(0.0), 'Min': np.float64(0.0), 'Mean': np.float64(0.0), 'Std': np.float64(0.0)}
2024-11-17 07:13:43,209 - INFO - Candidate Mean Stats: {'Max': np.float64(84.0), 'Min': np.float64(-0.22362860982813526), 'Mean': np.float64(0.11556990581528558), 'Std': np.float64(2.311622588709873)}
2024-11-17 07:13:43,209 - INFO - Candidate Std Stats: {'Max': np.float64(0.4818843433100208), 'Min': np.float64(0.0), 'Mean': np.float64(0.06212295655628072), 'Std': np.float64(0.04859457885851204)}
2024-11-17 07:13:43,210 - INFO - Top 10 Mean Stats: {'Max': np.float64(-0.1819098219865464), 'Min': np.float64(-0.22362860982813526), 'Mean': np.float64(-0.20418999202678587), 'Std': np.float64(0.014046984780381149)}
2024-11-17 07:13:43,210 - INFO - Top 10 Std Stats: {'Max': np.float64(0.4818843433100208), 'Min': np.float64(0.3281731811237943), 'Mean': np.float64(0.37778301182969953), 'Std': np.float64(0.04728004508945716)}
2024-11-17 07:13:43,210 - INFO - Bottom 10 Mean Stats: {'Max': np.float64(84.0), 'Min': np.float64(50.0), 'Mean': np.float64(62.1), 'Std': np.float64(12.020399327809372)}
2024-11-17 07:13:43,210 - INFO - Bottom 10 Std Stats: {'Max': np.float64(0.0), 'Min': np.float64(0.0), 'Mean': np.float64(0.0), 'Std': np.float64(0.0)}
[I 2024-11-17 07:13:43,212] Trial 42 finished with value: 58.0 and parameters: {'x_0': 5, 'x_1': -4, 'x_2': 1, 'x_3': 4}. Best is trial 3 with value: 13.0.
[I 2024-11-17 07:13:43,212] Trial 40 finished with value: 32.0 and parameters: {'x_0': 4, 'x_1': 4, 'x_2': 0, 'x_3': 0}. Best is trial 7 with value: 6.0.
[I 2024-11-17 07:13:43,226] Trial 42 finished with value: 51.0 and parameters: {'x_0': -1, 'x_1': 4, 'x_2': -3, 'x_3': 5}. Best is trial 39 with value: 11.0.
2024-11-17 07:13:43,427 - INFO - Candidate Mean Stats: {'Max': np.float64(70.0), 'Min': np.float64(-0.29246931484261857), 'Mean': np.float64(0.10673784934254436), 'Std': np.float64(2.2200553448411866)}
2024-11-17 07:13:43,427 - INFO - Candidate Std Stats: {'Max': np.float64(0.664100925171706), 'Min': np.float64(0.0), 'Mean': np.float64(0.06507534208419957), 'Std': np.float64(0.04642459683958818)}
2024-11-17 07:13:43,429 - INFO - Top 10 Mean Stats: {'Max': np.float64(-0.1450738546712695), 'Min': np.float64(-0.29246931484261857), 'Mean': np.float64(-0.1990567409765307), 'Std': np.float64(0.04521559204913103)}
2024-11-17 07:13:43,429 - INFO - Top 10 Std Stats: {'Max': np.float64(0.664100925171706), 'Min': np.float64(0.31804806527455304), 'Mean': np.float64(0.43044757301256986), 'Std': np.float64(0.10176783580223807)}
2024-11-17 07:13:43,429 - INFO - Bottom 10 Mean Stats: {'Max': np.float64(70.0), 'Min': np.float64(52.0), 'Mean': np.float64(59.1), 'Std': np.float64(5.185556864985669)}
2024-11-17 07:13:43,429 - INFO - Bottom 10 Std Stats: {'Max': np.float64(0.0), 'Min': np.float64(0.0), 'Mean': np.float64(0.0), 'Std': np.float64(0.0)}
2024-11-17 07:13:43,431 - INFO - Candidate Mean Stats: {'Max': np.float64(82.0), 'Min': np.float64(-0.29440448667763447), 'Mean': np.float64(0.1172051052215829), 'Std': np.float64(2.366905500599972)}
2024-11-17 07:13:43,431 - INFO - Candidate Std Stats: {'Max': np.float64(0.6273849197676127), 'Min': np.float64(0.0), 'Mean': np.float64(0.062435870898826414), 'Std': np.float64(0.04821291265026336)}
2024-11-17 07:13:43,432 - INFO - Candidate Mean Stats: {'Max': np.float64(84.0), 'Min': np.float64(-0.25680288269742246), 'Mean': np.float64(0.11756300172892822), 'Std': np.float64(2.349643824283713)}
2024-11-17 07:13:43,432 - INFO - Candidate Std Stats: {'Max': np.float64(0.4360853886679038), 'Min': np.float64(0.0), 'Mean': np.float64(0.06368223095032687), 'Std': np.float64(0.04593186821394416)}
2024-11-17 07:13:43,432 - INFO - Top 10 Mean Stats: {'Max': np.float64(-0.15327581723309472), 'Min': np.float64(-0.29440448667763447), 'Mean': np.float64(-0.207434701511223), 'Std': np.float64(0.037693525889943263)}
2024-11-17 07:13:43,432 - INFO - Top 10 Std Stats: {'Max': np.float64(0.5122890907972893), 'Min': np.float64(0.34127476078965346), 'Mean': np.float64(0.4190439783588866), 'Std': np.float64(0.05875295818418243)}
2024-11-17 07:13:43,432 - INFO - Bottom 10 Mean Stats: {'Max': np.float64(82.0), 'Min': np.float64(58.0), 'Mean': np.float64(65.4), 'Std': np.float64(6.858571279792899)}
2024-11-17 07:13:43,432 - INFO - Bottom 10 Std Stats: {'Max': np.float64(0.0), 'Min': np.float64(0.0), 'Mean': np.float64(0.0), 'Std': np.float64(0.0)}
2024-11-17 07:13:43,434 - INFO - Top 10 Mean Stats: {'Max': np.float64(-0.14332798752509587), 'Min': np.float64(-0.25680288269742246), 'Mean': np.float64(-0.1794968123585361), 'Std': np.float64(0.03409296131078928)}
2024-11-17 07:13:43,434 - INFO - Top 10 Std Stats: {'Max': np.float64(0.3855899219968107), 'Min': np.float64(0.3346695013491215), 'Mean': np.float64(0.36109721174930776), 'Std': np.float64(0.019259999888385095)}
2024-11-17 07:13:43,434 - INFO - Bottom 10 Mean Stats: {'Max': np.float64(84.0), 'Min': np.float64(51.0), 'Mean': np.float64(62.2), 'Std': np.float64(11.923086848631105)}
2024-11-17 07:13:43,434 - INFO - Bottom 10 Std Stats: {'Max': np.float64(0.0), 'Min': np.float64(0.0), 'Mean': np.float64(0.0), 'Std': np.float64(0.0)}
[I 2024-11-17 07:13:43,443] Trial 41 finished with value: 58.0 and parameters: {'x_0': -5, 'x_1': -2, 'x_2': 5, 'x_3': 2}. Best is trial 7 with value: 6.0.
[I 2024-11-17 07:13:43,447] Trial 43 finished with value: 57.0 and parameters: {'x_0': 5, 'x_1': -4, 'x_2': 4, 'x_3': 0}. Best is trial 3 with value: 13.0.
[I 2024-11-17 07:13:43,448] Trial 43 finished with value: 33.0 and parameters: {'x_0': 4, 'x_1': -3, 'x_2': 2, 'x_3': -2}. Best is trial 39 with value: 11.0.
2024-11-17 07:13:43,668 - INFO - Candidate Mean Stats: {'Max': np.float64(82.0), 'Min': np.float64(-0.25409574045722405), 'Mean': np.float64(0.12162215978593308), 'Std': np.float64(2.4131320127998337)}
2024-11-17 07:13:43,668 - INFO - Candidate Std Stats: {'Max': np.float64(0.457441552530183), 'Min': np.float64(0.0), 'Mean': np.float64(0.06328860684540344), 'Std': np.float64(0.04944603330525041)}
2024-11-17 07:13:43,670 - INFO - Candidate Mean Stats: {'Max': np.float64(84.0), 'Min': np.float64(-0.24212604241047506), 'Mean': np.float64(0.1210277994643985), 'Std': np.float64(2.3652657649881057)}
2024-11-17 07:13:43,670 - INFO - Top 10 Mean Stats: {'Max': np.float64(-0.1445488245951842), 'Min': np.float64(-0.25409574045722405), 'Mean': np.float64(-0.19631410731252646), 'Std': np.float64(0.036832342672820595)}
2024-11-17 07:13:43,670 - INFO - Candidate Std Stats: {'Max': np.float64(0.5621683148202702), 'Min': np.float64(0.0), 'Mean': np.float64(0.06702100891542219), 'Std': np.float64(0.04652059675198208)}
2024-11-17 07:13:43,670 - INFO - Top 10 Std Stats: {'Max': np.float64(0.457441552530183), 'Min': np.float64(0.31602259920151254), 'Mean': np.float64(0.36845702062801705), 'Std': np.float64(0.038787026087920486)}
2024-11-17 07:13:43,671 - INFO - Bottom 10 Mean Stats: {'Max': np.float64(82.0), 'Min': np.float64(58.0), 'Mean': np.float64(65.4), 'Std': np.float64(6.858571279792899)}
2024-11-17 07:13:43,671 - INFO - Bottom 10 Std Stats: {'Max': np.float64(0.0), 'Min': np.float64(0.0), 'Mean': np.float64(0.0), 'Std': np.float64(0.0)}
2024-11-17 07:13:43,672 - INFO - Top 10 Mean Stats: {'Max': np.float64(-0.11672024824251652), 'Min': np.float64(-0.24212604241047506), 'Mean': np.float64(-0.1779813088872439), 'Std': np.float64(0.04233799244827368)}
2024-11-17 07:13:43,672 - INFO - Top 10 Std Stats: {'Max': np.float64(0.5621683148202702), 'Min': np.float64(0.29327825170304345), 'Mean': np.float64(0.36908415543296136), 'Std': np.float64(0.07393589911379896)}
2024-11-17 07:13:43,672 - INFO - Bottom 10 Mean Stats: {'Max': np.float64(84.0), 'Min': np.float64(51.0), 'Mean': np.float64(62.2), 'Std': np.float64(11.923086848631105)}
2024-11-17 07:13:43,672 - INFO - Bottom 10 Std Stats: {'Max': np.float64(0.0), 'Min': np.float64(0.0), 'Mean': np.float64(0.0), 'Std': np.float64(0.0)}
2024-11-17 07:13:43,673 - INFO - Candidate Mean Stats: {'Max': np.float64(70.0), 'Min': np.float64(-0.3034213229291142), 'Mean': np.float64(0.11113211155139809), 'Std': np.float64(2.2710061681811977)}
2024-11-17 07:13:43,673 - INFO - Candidate Std Stats: {'Max': np.float64(0.5944783977975674), 'Min': np.float64(0.0), 'Mean': np.float64(0.06255658843601733), 'Std': np.float64(0.050242418507504265)}
2024-11-17 07:13:43,675 - INFO - Top 10 Mean Stats: {'Max': np.float64(-0.13619723831381061), 'Min': np.float64(-0.3034213229291142), 'Mean': np.float64(-0.21211764988990436), 'Std': np.float64(0.04737564728419199)}
2024-11-17 07:13:43,675 - INFO - Top 10 Std Stats: {'Max': np.float64(0.42885689917453307), 'Min': np.float64(0.3148991795026555), 'Mean': np.float64(0.365079732683837), 'Std': np.float64(0.033059393081891354)}
2024-11-17 07:13:43,675 - INFO - Bottom 10 Mean Stats: {'Max': np.float64(70.0), 'Min': np.float64(54.0), 'Mean': np.float64(59.7), 'Std': np.float64(4.648655719667784)}
2024-11-17 07:13:43,675 - INFO - Bottom 10 Std Stats: {'Max': np.float64(0.0), 'Min': np.float64(0.0), 'Mean': np.float64(0.0), 'Std': np.float64(0.0)}
[I 2024-11-17 07:13:43,688] Trial 44 finished with value: 12.0 and parameters: {'x_0': -1, 'x_1': -3, 'x_2': 1, 'x_3': 1}. Best is trial 39 with value: 11.0.
[I 2024-11-17 07:13:43,690] Trial 44 finished with value: 25.0 and parameters: {'x_0': 3, 'x_1': 0, 'x_2': -4, 'x_3': 0}. Best is trial 3 with value: 13.0.
[I 2024-11-17 07:13:43,694] Trial 42 finished with value: 75.0 and parameters: {'x_0': -5, 'x_1': 4, 'x_2': 5, 'x_3': -3}. Best is trial 7 with value: 6.0.
2024-11-17 07:13:43,885 - INFO - Candidate Mean Stats: {'Max': np.float64(82.0), 'Min': np.float64(-0.3942256314862707), 'Mean': np.float64(0.12336856380514652), 'Std': np.float64(2.42185976960564)}
2024-11-17 07:13:43,886 - INFO - Candidate Std Stats: {'Max': np.float64(0.6040386684701813), 'Min': np.float64(0.0), 'Mean': np.float64(0.06312981584981944), 'Std': np.float64(0.047810322933058064)}
2024-11-17 07:13:43,887 - INFO - Top 10 Mean Stats: {'Max': np.float64(-0.15251125188675924), 'Min': np.float64(-0.3942256314862707), 'Mean': np.float64(-0.20913330182187084), 'Std': np.float64(0.07127603724859115)}
2024-11-17 07:13:43,887 - INFO - Top 10 Std Stats: {'Max': np.float64(0.6040386684701813), 'Min': np.float64(0.24753945294638818), 'Mean': np.float64(0.39430485005465143), 'Std': np.float64(0.08830078213392517)}
2024-11-17 07:13:43,887 - INFO - Bottom 10 Mean Stats: {'Max': np.float64(82.0), 'Min': np.float64(58.0), 'Mean': np.float64(65.4), 'Std': np.float64(6.858571279792899)}
2024-11-17 07:13:43,887 - INFO - Bottom 10 Std Stats: {'Max': np.float64(0.0), 'Min': np.float64(0.0), 'Mean': np.float64(0.0), 'Std': np.float64(0.0)}
[I 2024-11-17 07:13:43,902] Trial 45 finished with value: 20.0 and parameters: {'x_0': -3, 'x_1': -3, 'x_2': 1, 'x_3': -1}. Best is trial 3 with value: 13.0.
2024-11-17 07:13:43,912 - INFO - Candidate Mean Stats: {'Max': np.float64(84.0), 'Min': np.float64(-0.2979031259319547), 'Mean': np.float64(0.122092471326907), 'Std': np.float64(2.3672807640977998)}
2024-11-17 07:13:43,912 - INFO - Candidate Std Stats: {'Max': np.float64(0.4830460218179214), 'Min': np.float64(0.0), 'Mean': np.float64(0.06255695452225413), 'Std': np.float64(0.04999763193597726)}
2024-11-17 07:13:43,914 - INFO - Top 10 Mean Stats: {'Max': np.float64(-0.17760755748037144), 'Min': np.float64(-0.2979031259319547), 'Mean': np.float64(-0.21251459209468632), 'Std': np.float64(0.03251866888575058)}
2024-11-17 07:13:43,914 - INFO - Top 10 Std Stats: {'Max': np.float64(0.4830460218179214), 'Min': np.float64(0.3525313435726818), 'Mean': np.float64(0.4024093220527266), 'Std': np.float64(0.039774165888641355)}
2024-11-17 07:13:43,914 - INFO - Bottom 10 Mean Stats: {'Max': np.float64(84.0), 'Min': np.float64(51.0), 'Mean': np.float64(62.2), 'Std': np.float64(11.923086848631105)}
2024-11-17 07:13:43,914 - INFO - Bottom 10 Std Stats: {'Max': np.float64(0.0), 'Min': np.float64(0.0), 'Mean': np.float64(0.0), 'Std': np.float64(0.0)}
2024-11-17 07:13:43,926 - INFO - Candidate Mean Stats: {'Max': np.float64(75.0), 'Min': np.float64(-0.28864501014550514), 'Mean': np.float64(0.11665950723343771), 'Std': np.float64(2.3538206686772596)}
2024-11-17 07:13:43,926 - INFO - Candidate Std Stats: {'Max': np.float64(0.5572504273941798), 'Min': np.float64(0.0), 'Mean': np.float64(0.0633982772209771), 'Std': np.float64(0.04968465547698172)}
2024-11-17 07:13:43,927 - INFO - Top 10 Mean Stats: {'Max': np.float64(-0.1573605100067812), 'Min': np.float64(-0.28864501014550514), 'Mean': np.float64(-0.2271203920871665), 'Std': np.float64(0.044077138268780625)}
2024-11-17 07:13:43,928 - INFO - Top 10 Std Stats: {'Max': np.float64(0.5572504273941798), 'Min': np.float64(0.29377834796775326), 'Mean': np.float64(0.4007061603861236), 'Std': np.float64(0.08091472712557195)}
2024-11-17 07:13:43,928 - INFO - Bottom 10 Mean Stats: {'Max': np.float64(75.0), 'Min': np.float64(55.0), 'Mean': np.float64(61.8), 'Std': np.float64(6.11228271597445)}
2024-11-17 07:13:43,928 - INFO - Bottom 10 Std Stats: {'Max': np.float64(0.0), 'Min': np.float64(0.0), 'Mean': np.float64(0.0), 'Std': np.float64(0.0)}
[I 2024-11-17 07:13:43,932] Trial 45 finished with value: 54.0 and parameters: {'x_0': -2, 'x_1': 4, 'x_2': -3, 'x_3': -5}. Best is trial 39 with value: 11.0.
[I 2024-11-17 07:13:43,943] Trial 43 finished with value: 15.0 and parameters: {'x_0': 2, 'x_1': -1, 'x_2': 3, 'x_3': 1}. Best is trial 7 with value: 6.0.
2024-11-17 07:13:44,124 - INFO - Candidate Mean Stats: {'Max': np.float64(82.0), 'Min': np.float64(-0.2524586366747551), 'Mean': np.float64(0.12412933564751703), 'Std': np.float64(2.4274592588335997)}
2024-11-17 07:13:44,124 - INFO - Candidate Std Stats: {'Max': np.float64(0.4594782355068048), 'Min': np.float64(0.0), 'Mean': np.float64(0.06669817949456577), 'Std': np.float64(0.04519731929570614)}
2024-11-17 07:13:44,126 - INFO - Top 10 Mean Stats: {'Max': np.float64(-0.01071912219067265), 'Min': np.float64(-0.21964866570762495), 'Mean': np.float64(-0.13985891716427767), 'Std': np.float64(0.06379764130902871)}
2024-11-17 07:13:44,126 - INFO - Top 10 Std Stats: {'Max': np.float64(0.4594782355068048), 'Min': np.float64(0.23706848451759246), 'Mean': np.float64(0.3388438271552568), 'Std': np.float64(0.06797478192609546)}
2024-11-17 07:13:44,126 - INFO - Bottom 10 Mean Stats: {'Max': np.float64(82.0), 'Min': np.float64(58.0), 'Mean': np.float64(65.4), 'Std': np.float64(6.858571279792899)}
2024-11-17 07:13:44,126 - INFO - Bottom 10 Std Stats: {'Max': np.float64(0.0), 'Min': np.float64(0.0), 'Mean': np.float64(0.0), 'Std': np.float64(0.0)}
[I 2024-11-17 07:13:44,146] Trial 46 finished with value: 35.0 and parameters: {'x_0': 1, 'x_1': 0, 'x_2': -5, 'x_3': -3}. Best is trial 3 with value: 13.0.
2024-11-17 07:13:44,165 - INFO - Candidate Mean Stats: {'Max': np.float64(84.0), 'Min': np.float64(-0.22107257244122874), 'Mean': np.float64(0.1251464169339658), 'Std': np.float64(2.408818791757173)}
2024-11-17 07:13:44,165 - INFO - Candidate Std Stats: {'Max': np.float64(0.5860945944372489), 'Min': np.float64(0.0), 'Mean': np.float64(0.0633903970347637), 'Std': np.float64(0.04792154215556497)}
2024-11-17 07:13:44,166 - INFO - Top 10 Mean Stats: {'Max': np.float64(-0.11820914199509511), 'Min': np.float64(-0.20819033548292695), 'Mean': np.float64(-0.16965530630840292), 'Std': np.float64(0.02359998039615756)}
2024-11-17 07:13:44,167 - INFO - Top 10 Std Stats: {'Max': np.float64(0.5860945944372489), 'Min': np.float64(0.28276424901255265), 'Mean': np.float64(0.3732829371196631), 'Std': np.float64(0.08664310335250146)}
2024-11-17 07:13:44,167 - INFO - Bottom 10 Mean Stats: {'Max': np.float64(84.0), 'Min': np.float64(51.0), 'Mean': np.float64(62.5), 'Std': np.float64(11.672617529928752)}
2024-11-17 07:13:44,167 - INFO - Bottom 10 Std Stats: {'Max': np.float64(0.0), 'Min': np.float64(0.0), 'Mean': np.float64(0.0), 'Std': np.float64(0.0)}
2024-11-17 07:13:44,181 - INFO - Candidate Mean Stats: {'Max': np.float64(75.0), 'Min': np.float64(-0.23246879177294177), 'Mean': np.float64(0.117298083499505), 'Std': np.float64(2.3570286012738966)}
2024-11-17 07:13:44,181 - INFO - Candidate Std Stats: {'Max': np.float64(0.46071721600287907), 'Min': np.float64(0.0), 'Mean': np.float64(0.0670871890343975), 'Std': np.float64(0.04248719499628265)}
2024-11-17 07:13:44,182 - INFO - Top 10 Mean Stats: {'Max': np.float64(-0.14520557883217936), 'Min': np.float64(-0.23246879177294177), 'Mean': np.float64(-0.1777928216885038), 'Std': np.float64(0.027016287288321665)}
2024-11-17 07:13:44,182 - INFO - Top 10 Std Stats: {'Max': np.float64(0.46071721600287907), 'Min': np.float64(0.2828510559532066), 'Mean': np.float64(0.3375879278895465), 'Std': np.float64(0.058500454417248625)}
2024-11-17 07:13:44,182 - INFO - Bottom 10 Mean Stats: {'Max': np.float64(75.0), 'Min': np.float64(55.0), 'Mean': np.float64(61.8), 'Std': np.float64(6.11228271597445)}
2024-11-17 07:13:44,182 - INFO - Bottom 10 Std Stats: {'Max': np.float64(0.0), 'Min': np.float64(0.0), 'Mean': np.float64(0.0), 'Std': np.float64(0.0)}
[I 2024-11-17 07:13:44,182] Trial 46 finished with value: 28.0 and parameters: {'x_0': -2, 'x_1': 2, 'x_2': 4, 'x_3': 2}. Best is trial 39 with value: 11.0.
[I 2024-11-17 07:13:44,201] Trial 44 finished with value: 6.0 and parameters: {'x_0': 1, 'x_1': 1, 'x_2': -2, 'x_3': 0}. Best is trial 7 with value: 6.0.
2024-11-17 07:13:44,375 - INFO - Candidate Mean Stats: {'Max': np.float64(82.0), 'Min': np.float64(-0.24396418920734764), 'Mean': np.float64(0.1258477058248204), 'Std': np.float64(2.4445583468605303)}
2024-11-17 07:13:44,376 - INFO - Candidate Std Stats: {'Max': np.float64(0.5010580552380322), 'Min': np.float64(0.0), 'Mean': np.float64(0.06552361458435896), 'Std': np.float64(0.04614874579459397)}
2024-11-17 07:13:44,377 - INFO - Top 10 Mean Stats: {'Max': np.float64(-0.12733790000607603), 'Min': np.float64(-0.24396418920734764), 'Mean': np.float64(-0.17687593046619415), 'Std': np.float64(0.03296003172128908)}
2024-11-17 07:13:44,377 - INFO - Top 10 Std Stats: {'Max': np.float64(0.38769960297017597), 'Min': np.float64(0.27858258213877074), 'Mean': np.float64(0.34156407318700605), 'Std': np.float64(0.03547474640900829)}
2024-11-17 07:13:44,377 - INFO - Bottom 10 Mean Stats: {'Max': np.float64(82.0), 'Min': np.float64(58.0), 'Mean': np.float64(65.4), 'Std': np.float64(6.858571279792899)}
2024-11-17 07:13:44,377 - INFO - Bottom 10 Std Stats: {'Max': np.float64(0.0), 'Min': np.float64(0.0), 'Mean': np.float64(0.0), 'Std': np.float64(0.0)}
