[I 2024-11-17 07:15:22,066] Trial 446 finished with value: 27.0 and parameters: {'x_0': 0, 'x_1': 1, 'x_2': -5, 'x_3': -1}. Best is trial 179 with value: 1.0.
2024-11-17 07:15:22,111 - INFO - Candidate Mean Stats: {'Max': np.float64(100.0), 'Min': np.float64(-0.5377318751414505), 'Mean': np.float64(1.0701777370308236), 'Std': np.float64(7.3767698833464985)}
2024-11-17 07:15:22,111 - INFO - Candidate Std Stats: {'Max': np.float64(0.4932663303208146), 'Min': np.float64(0.0), 'Mean': np.float64(0.032085042572707424), 'Std': np.float64(0.03745419850936014)}
2024-11-17 07:15:22,113 - INFO - Top 10 Mean Stats: {'Max': np.float64(-0.14041396142085769), 'Min': np.float64(-0.5377318751414505), 'Mean': np.float64(-0.4540835818522952), 'Std': np.float64(0.11014898827316126)}
2024-11-17 07:15:22,113 - INFO - Top 10 Std Stats: {'Max': np.float64(0.29331481487720645), 'Min': np.float64(0.04698725508832204), 'Mean': np.float64(0.09018160858976257), 'Std': np.float64(0.06926623758885343)}
2024-11-17 07:15:22,113 - INFO - Bottom 10 Mean Stats: {'Max': np.float64(100.0), 'Min': np.float64(84.0), 'Mean': np.float64(93.0), 'Std': np.float64(5.019960159204453)}
2024-11-17 07:15:22,113 - INFO - Bottom 10 Std Stats: {'Max': np.float64(0.0), 'Min': np.float64(0.0), 'Mean': np.float64(0.0), 'Std': np.float64(0.0)}
[I 2024-11-17 07:15:22,135] Trial 451 finished with value: 15.0 and parameters: {'x_0': -1, 'x_1': 2, 'x_2': 3, 'x_3': 1}. Best is trial 362 with value: 1.0.
2024-11-17 07:15:22,258 - INFO - Candidate Mean Stats: {'Max': np.float64(100.0), 'Min': np.float64(-0.4197483441300879), 'Mean': np.float64(1.2277358553692996), 'Std': np.float64(8.124525780801848)}
2024-11-17 07:15:22,259 - INFO - Candidate Std Stats: {'Max': np.float64(0.5531656057001906), 'Min': np.float64(0.0), 'Mean': np.float64(0.030215155074648888), 'Std': np.float64(0.03684653997597328)}
2024-11-17 07:15:22,260 - INFO - Top 10 Mean Stats: {'Max': np.float64(-0.028988898886488434), 'Min': np.float64(-0.4197483441300879), 'Mean': np.float64(-0.14829836859751358), 'Std': np.float64(0.10257609821811729)}
2024-11-17 07:15:22,260 - INFO - Top 10 Std Stats: {'Max': np.float64(0.5531656057001906), 'Min': np.float64(0.05687515122580489), 'Mean': np.float64(0.2978605387965973), 'Std': np.float64(0.12454390493749812)}
2024-11-17 07:15:22,260 - INFO - Bottom 10 Mean Stats: {'Max': np.float64(100.0), 'Min': np.float64(91.0), 'Mean': np.float64(95.5), 'Std': np.float64(4.5)}
2024-11-17 07:15:22,260 - INFO - Bottom 10 Std Stats: {'Max': np.float64(0.0), 'Min': np.float64(0.0), 'Mean': np.float64(0.0), 'Std': np.float64(0.0)}
2024-11-17 07:15:22,271 - INFO - Candidate Mean Stats: {'Max': np.float64(91.0), 'Min': np.float64(-0.24282763514085876), 'Mean': np.float64(0.9034599109492047), 'Std': np.float64(6.602849979968122)}
2024-11-17 07:15:22,271 - INFO - Candidate Std Stats: {'Max': np.float64(0.5694731238284149), 'Min': np.float64(0.0), 'Mean': np.float64(0.038122374243909934), 'Std': np.float64(0.045881688105547595)}
2024-11-17 07:15:22,273 - INFO - Top 10 Mean Stats: {'Max': np.float64(-0.05795652222807799), 'Min': np.float64(-0.22868696382020456), 'Mean': np.float64(-0.1398740927010353), 'Std': np.float64(0.05563600060405775)}
2024-11-17 07:15:22,273 - INFO - Top 10 Std Stats: {'Max': np.float64(0.4880047271581464), 'Min': np.float64(0.27099639397618575), 'Mean': np.float64(0.37747782685626097), 'Std': np.float64(0.07474338964043177)}
2024-11-17 07:15:22,273 - INFO - Bottom 10 Mean Stats: {'Max': np.float64(91.0), 'Min': np.float64(76.0), 'Mean': np.float64(83.4), 'Std': np.float64(4.2708313008125245)}
2024-11-17 07:15:22,273 - INFO - Bottom 10 Std Stats: {'Max': np.float64(0.0), 'Min': np.float64(0.0), 'Mean': np.float64(0.0), 'Std': np.float64(0.0)}
[I 2024-11-17 07:15:22,278] Trial 447 finished with value: 70.0 and parameters: {'x_0': -2, 'x_1': 5, 'x_2': -4, 'x_3': 5}. Best is trial 179 with value: 1.0.
2024-11-17 07:15:22,285 - INFO - Candidate Mean Stats: {'Max': np.float64(100.0), 'Min': np.float64(-0.5799456186526004), 'Mean': np.float64(1.0737760884616567), 'Std': np.float64(7.377306039630899)}
2024-11-17 07:15:22,285 - INFO - Candidate Std Stats: {'Max': np.float64(0.5895506420702893), 'Min': np.float64(0.0), 'Mean': np.float64(0.032381780197369994), 'Std': np.float64(0.0373657811918071)}
2024-11-17 07:15:22,286 - INFO - Top 10 Mean Stats: {'Max': np.float64(-0.2674294456429255), 'Min': np.float64(-0.5799456186526004), 'Mean': np.float64(-0.4827685909427849), 'Std': np.float64(0.1122149050774697)}
2024-11-17 07:15:22,286 - INFO - Top 10 Std Stats: {'Max': np.float64(0.12949901534103356), 'Min': np.float64(0.07828179679177924), 'Mean': np.float64(0.09215940769892712), 'Std': np.float64(0.016838017885886625)}
2024-11-17 07:15:22,286 - INFO - Bottom 10 Mean Stats: {'Max': np.float64(100.0), 'Min': np.float64(84.0), 'Mean': np.float64(93.0), 'Std': np.float64(5.019960159204453)}
2024-11-17 07:15:22,286 - INFO - Bottom 10 Std Stats: {'Max': np.float64(0.0), 'Min': np.float64(0.0), 'Mean': np.float64(0.0), 'Std': np.float64(0.0)}
[I 2024-11-17 07:15:22,292] Trial 394 finished with value: 61.0 and parameters: {'x_0': 4, 'x_1': 4, 'x_2': -5, 'x_3': -2}. Best is trial 320 with value: 0.0.
[I 2024-11-17 07:15:22,303] Trial 452 finished with value: 15.0 and parameters: {'x_0': -1, 'x_1': -1, 'x_2': 3, 'x_3': -2}. Best is trial 362 with value: 1.0.
2024-11-17 07:15:22,420 - INFO - Candidate Mean Stats: {'Max': np.float64(100.0), 'Min': np.float64(-0.36748197406244965), 'Mean': np.float64(1.236805741796749), 'Std': np.float64(8.143771361843461)}
2024-11-17 07:15:22,420 - INFO - Candidate Std Stats: {'Max': np.float64(0.31665380251347996), 'Min': np.float64(0.0), 'Mean': np.float64(0.022307552342983216), 'Std': np.float64(0.03175721407255117)}
2024-11-17 07:15:22,421 - INFO - Top 10 Mean Stats: {'Max': np.float64(-0.20199833000556677), 'Min': np.float64(-0.36748197406244965), 'Mean': np.float64(-0.23190836124758105), 'Std': np.float64(0.04587094995902577)}
2024-11-17 07:15:22,421 - INFO - Top 10 Std Stats: {'Max': np.float64(0.25360600765196256), 'Min': np.float64(0.04446880686349997), 'Mean': np.float64(0.1984721894905975), 'Std': np.float64(0.05603479138281427)}
2024-11-17 07:15:22,421 - INFO - Bottom 10 Mean Stats: {'Max': np.float64(100.0), 'Min': np.float64(91.0), 'Mean': np.float64(95.5), 'Std': np.float64(4.5)}
2024-11-17 07:15:22,421 - INFO - Bottom 10 Std Stats: {'Max': np.float64(0.0), 'Min': np.float64(0.0), 'Mean': np.float64(0.0), 'Std': np.float64(0.0)}
[I 2024-11-17 07:15:22,438] Trial 448 finished with value: 18.0 and parameters: {'x_0': 0, 'x_1': 1, 'x_2': -4, 'x_3': -1}. Best is trial 179 with value: 1.0.
2024-11-17 07:15:22,454 - INFO - Candidate Mean Stats: {'Max': np.float64(100.0), 'Min': np.float64(-0.5727980525323564), 'Mean': np.float64(1.079329496645358), 'Std': np.float64(7.377556529754631)}
2024-11-17 07:15:22,454 - INFO - Candidate Std Stats: {'Max': np.float64(0.6650957755798078), 'Min': np.float64(0.0), 'Mean': np.float64(0.023744622392745104), 'Std': np.float64(0.032745029551314864)}
2024-11-17 07:15:22,456 - INFO - Top 10 Mean Stats: {'Max': np.float64(-0.11720263824090311), 'Min': np.float64(-0.5727980525323564), 'Mean': np.float64(-0.4073613291942511), 'Std': np.float64(0.1784269085095111)}
2024-11-17 07:15:22,456 - INFO - Top 10 Std Stats: {'Max': np.float64(0.2198168931315554), 'Min': np.float64(0.04999067796143056), 'Mean': np.float64(0.1018760096269447), 'Std': np.float64(0.06303288392731747)}
2024-11-17 07:15:22,456 - INFO - Bottom 10 Mean Stats: {'Max': np.float64(100.0), 'Min': np.float64(84.0), 'Mean': np.float64(93.0), 'Std': np.float64(5.019960159204453)}
2024-11-17 07:15:22,456 - INFO - Bottom 10 Std Stats: {'Max': np.float64(0.0), 'Min': np.float64(0.0), 'Mean': np.float64(0.0), 'Std': np.float64(0.0)}
[I 2024-11-17 07:15:22,474] Trial 453 finished with value: 15.0 and parameters: {'x_0': -1, 'x_1': 2, 'x_2': 3, 'x_3': -1}. Best is trial 362 with value: 1.0.
2024-11-17 07:15:22,482 - INFO - Candidate Mean Stats: {'Max': np.float64(91.0), 'Min': np.float64(-0.33646067730203066), 'Mean': np.float64(0.9082889882771895), 'Std': np.float64(6.621394034060925)}
2024-11-17 07:15:22,482 - INFO - Candidate Std Stats: {'Max': np.float64(0.6171324432613886), 'Min': np.float64(0.0), 'Mean': np.float64(0.03669935454426447), 'Std': np.float64(0.0460427558908573)}
2024-11-17 07:15:22,483 - INFO - Top 10 Mean Stats: {'Max': np.float64(-0.06533360887043835), 'Min': np.float64(-0.33646067730203066), 'Mean': np.float64(-0.19946789327818423), 'Std': np.float64(0.067573029063832)}
2024-11-17 07:15:22,483 - INFO - Top 10 Std Stats: {'Max': np.float64(0.5331216029185014), 'Min': np.float64(0.25702685137023235), 'Mean': np.float64(0.3740694490991686), 'Std': np.float64(0.07253715342124452)}
2024-11-17 07:15:22,483 - INFO - Bottom 10 Mean Stats: {'Max': np.float64(91.0), 'Min': np.float64(76.0), 'Mean': np.float64(83.4), 'Std': np.float64(4.2708313008125245)}
2024-11-17 07:15:22,483 - INFO - Bottom 10 Std Stats: {'Max': np.float64(0.0), 'Min': np.float64(0.0), 'Mean': np.float64(0.0), 'Std': np.float64(0.0)}
[I 2024-11-17 07:15:22,501] Trial 395 finished with value: 31.0 and parameters: {'x_0': 1, 'x_1': 1, 'x_2': 5, 'x_3': -2}. Best is trial 320 with value: 0.0.
2024-11-17 07:15:22,612 - INFO - Candidate Mean Stats: {'Max': np.float64(100.0), 'Min': np.float64(-0.6126587928574716), 'Mean': np.float64(1.0771843917936554), 'Std': np.float64(7.378923111583017)}
2024-11-17 07:15:22,612 - INFO - Candidate Std Stats: {'Max': np.float64(0.42416278419347747), 'Min': np.float64(0.0), 'Mean': np.float64(0.023271124091891953), 'Std': np.float64(0.031197958696196806)}
2024-11-17 07:15:22,614 - INFO - Top 10 Mean Stats: {'Max': np.float64(-0.17100543181738942), 'Min': np.float64(-0.6126587928574716), 'Mean': np.float64(-0.42518491685880155), 'Std': np.float64(0.14420539821986053)}
2024-11-17 07:15:22,614 - INFO - Top 10 Std Stats: {'Max': np.float64(0.17000901644217173), 'Min': np.float64(0.022566474595535756), 'Mean': np.float64(0.07858213232338558), 'Std': np.float64(0.04088953402482562)}
2024-11-17 07:15:22,614 - INFO - Bottom 10 Mean Stats: {'Max': np.float64(100.0), 'Min': np.float64(84.0), 'Mean': np.float64(93.0), 'Std': np.float64(5.019960159204453)}
2024-11-17 07:15:22,614 - INFO - Bottom 10 Std Stats: {'Max': np.float64(0.0), 'Min': np.float64(0.0), 'Mean': np.float64(0.0), 'Std': np.float64(0.0)}
[I 2024-11-17 07:15:22,631] Trial 454 finished with value: 15.0 and parameters: {'x_0': -1, 'x_1': -1, 'x_2': 3, 'x_3': 2}. Best is trial 362 with value: 1.0.
2024-11-17 07:15:22,677 - INFO - Candidate Mean Stats: {'Max': np.float64(100.0), 'Min': np.float64(-0.24706141011371438), 'Mean': np.float64(1.2299076571332732), 'Std': np.float64(8.146109812586925)}
2024-11-17 07:15:22,677 - INFO - Candidate Std Stats: {'Max': np.float64(0.3899574683856791), 'Min': np.float64(0.0), 'Mean': np.float64(0.04229111191515451), 'Std': np.float64(0.04182269450510887)}
2024-11-17 07:15:22,679 - INFO - Top 10 Mean Stats: {'Max': np.float64(-0.11495535592538057), 'Min': np.float64(-0.24706141011371438), 'Mean': np.float64(-0.1658869607040148), 'Std': np.float64(0.04490747414176141)}
2024-11-17 07:15:22,679 - INFO - Top 10 Std Stats: {'Max': np.float64(0.3899574683856791), 'Min': np.float64(0.20508324469609296), 'Mean': np.float64(0.2821423674782893), 'Std': np.float64(0.048656771119827594)}
2024-11-17 07:15:22,679 - INFO - Bottom 10 Mean Stats: {'Max': np.float64(100.0), 'Min': np.float64(91.0), 'Mean': np.float64(95.5), 'Std': np.float64(4.5)}
2024-11-17 07:15:22,679 - INFO - Bottom 10 Std Stats: {'Max': np.float64(0.0), 'Min': np.float64(0.0), 'Mean': np.float64(0.0), 'Std': np.float64(0.0)}
[I 2024-11-17 07:15:22,699] Trial 449 finished with value: 39.0 and parameters: {'x_0': 2, 'x_1': 1, 'x_2': -3, 'x_3': -5}. Best is trial 179 with value: 1.0.
2024-11-17 07:15:22,739 - INFO - Candidate Mean Stats: {'Max': np.float64(91.0), 'Min': np.float64(-0.40936257357547057), 'Mean': np.float64(0.9088252680696124), 'Std': np.float64(6.6262634353612375)}
2024-11-17 07:15:22,739 - INFO - Candidate Std Stats: {'Max': np.float64(0.56886807695751), 'Min': np.float64(0.0), 'Mean': np.float64(0.03982786867440553), 'Std': np.float64(0.04643170016897412)}
2024-11-17 07:15:22,740 - INFO - Top 10 Mean Stats: {'Max': np.float64(-0.16165668861094495), 'Min': np.float64(-0.40936257357547057), 'Mean': np.float64(-0.3469630569481719), 'Std': np.float64(0.06398060164900408)}
2024-11-17 07:15:22,740 - INFO - Top 10 Std Stats: {'Max': np.float64(0.34590897401463466), 'Min': np.float64(0.1369317884787716), 'Mean': np.float64(0.1895821979557603), 'Std': np.float64(0.05624328346682768)}
2024-11-17 07:15:22,741 - INFO - Bottom 10 Mean Stats: {'Max': np.float64(91.0), 'Min': np.float64(76.0), 'Mean': np.float64(83.4), 'Std': np.float64(4.2708313008125245)}
2024-11-17 07:15:22,741 - INFO - Bottom 10 Std Stats: {'Max': np.float64(0.0), 'Min': np.float64(0.0), 'Mean': np.float64(0.0), 'Std': np.float64(0.0)}
[I 2024-11-17 07:15:22,760] Trial 396 finished with value: 10.0 and parameters: {'x_0': -1, 'x_1': -3, 'x_2': 0, 'x_3': 0}. Best is trial 320 with value: 0.0.
2024-11-17 07:15:22,792 - INFO - Candidate Mean Stats: {'Max': np.float64(100.0), 'Min': np.float64(-0.4788655908062963), 'Mean': np.float64(1.0776242869211654), 'Std': np.float64(7.379882585768746)}
2024-11-17 07:15:22,793 - INFO - Candidate Std Stats: {'Max': np.float64(0.5655652474825124), 'Min': np.float64(0.0), 'Mean': np.float64(0.030160019234747884), 'Std': np.float64(0.03797325865073496)}
2024-11-17 07:15:22,794 - INFO - Top 10 Mean Stats: {'Max': np.float64(-0.12780189054700647), 'Min': np.float64(-0.4788655908062963), 'Mean': np.float64(-0.29557507143248174), 'Std': np.float64(0.14821368582136726)}
2024-11-17 07:15:22,794 - INFO - Top 10 Std Stats: {'Max': np.float64(0.45419526571497737), 'Min': np.float64(0.21488951821440397), 'Mean': np.float64(0.27662770421704813), 'Std': np.float64(0.06665600466975893)}
2024-11-17 07:15:22,794 - INFO - Bottom 10 Mean Stats: {'Max': np.float64(100.0), 'Min': np.float64(84.0), 'Mean': np.float64(93.0), 'Std': np.float64(5.019960159204453)}
2024-11-17 07:15:22,794 - INFO - Bottom 10 Std Stats: {'Max': np.float64(0.0), 'Min': np.float64(0.0), 'Mean': np.float64(0.0), 'Std': np.float64(0.0)}
[I 2024-11-17 07:15:22,811] Trial 455 finished with value: 15.0 and parameters: {'x_0': -1, 'x_1': -2, 'x_2': 3, 'x_3': 1}. Best is trial 362 with value: 1.0.
2024-11-17 07:15:22,859 - INFO - Candidate Mean Stats: {'Max': np.float64(100.0), 'Min': np.float64(-0.4176583219215889), 'Mean': np.float64(1.2357522754568784), 'Std': np.float64(8.151656656779002)}
2024-11-17 07:15:22,859 - INFO - Candidate Std Stats: {'Max': np.float64(0.298913958075262), 'Min': np.float64(0.0), 'Mean': np.float64(0.02377085389204595), 'Std': np.float64(0.03390637119852677)}
2024-11-17 07:15:22,861 - INFO - Top 10 Mean Stats: {'Max': np.float64(-0.24698152453434036), 'Min': np.float64(-0.33780357234389335), 'Mean': np.float64(-0.27972576913120983), 'Std': np.float64(0.030085171425013976)}
2024-11-17 07:15:22,861 - INFO - Top 10 Std Stats: {'Max': np.float64(0.298913958075262), 'Min': np.float64(0.2389909167472776), 'Mean': np.float64(0.2649710529091798), 'Std': np.float64(0.02349033826883827)}
2024-11-17 07:15:22,861 - INFO - Bottom 10 Mean Stats: {'Max': np.float64(100.0), 'Min': np.float64(91.0), 'Mean': np.float64(95.5), 'Std': np.float64(4.5)}
2024-11-17 07:15:22,861 - INFO - Bottom 10 Std Stats: {'Max': np.float64(0.0), 'Min': np.float64(0.0), 'Mean': np.float64(0.0), 'Std': np.float64(0.0)}
[I 2024-11-17 07:15:22,878] Trial 450 finished with value: 17.0 and parameters: {'x_0': 0, 'x_1': -1, 'x_2': -4, 'x_3': 0}. Best is trial 179 with value: 1.0.
2024-11-17 07:15:22,931 - INFO - Candidate Mean Stats: {'Max': np.float64(91.0), 'Min': np.float64(-0.5043582510513783), 'Mean': np.float64(0.9125751188061735), 'Std': np.float64(6.626303385357204)}
2024-11-17 07:15:22,931 - INFO - Candidate Std Stats: {'Max': np.float64(0.5505896753196704), 'Min': np.float64(0.0), 'Mean': np.float64(0.03586602843343393), 'Std': np.float64(0.04405812833309352)}
2024-11-17 07:15:22,933 - INFO - Top 10 Mean Stats: {'Max': np.float64(-0.2426273288714517), 'Min': np.float64(-0.5043582510513783), 'Mean': np.float64(-0.42489756025850867), 'Std': np.float64(0.06609269034473356)}
2024-11-17 07:15:22,933 - INFO - Top 10 Std Stats: {'Max': np.float64(0.3100922485386028), 'Min': np.float64(0.13862263803304178), 'Mean': np.float64(0.16812507043708885), 'Std': np.float64(0.048624652007628964)}
2024-11-17 07:15:22,933 - INFO - Bottom 10 Mean Stats: {'Max': np.float64(91.0), 'Min': np.float64(76.0), 'Mean': np.float64(83.4), 'Std': np.float64(4.2708313008125245)}
2024-11-17 07:15:22,933 - INFO - Bottom 10 Std Stats: {'Max': np.float64(0.0), 'Min': np.float64(0.0), 'Mean': np.float64(0.0), 'Std': np.float64(0.0)}
[I 2024-11-17 07:15:22,956] Trial 397 finished with value: 10.0 and parameters: {'x_0': -1, 'x_1': 0, 'x_2': 3, 'x_3': 0}. Best is trial 320 with value: 0.0.
2024-11-17 07:15:22,967 - INFO - Candidate Mean Stats: {'Max': np.float64(100.0), 'Min': np.float64(-0.5917773389400127), 'Mean': np.float64(1.0777131844597148), 'Std': np.float64(7.3808971789983175)}
2024-11-17 07:15:22,968 - INFO - Candidate Std Stats: {'Max': np.float64(0.44118198264516933), 'Min': np.float64(0.0), 'Mean': np.float64(0.023411052193214845), 'Std': np.float64(0.0331260234886401)}
2024-11-17 07:15:22,969 - INFO - Top 10 Mean Stats: {'Max': np.float64(-0.13504990476073328), 'Min': np.float64(-0.5917773389400127), 'Mean': np.float64(-0.31521801908580205), 'Std': np.float64(0.21624195625330594)}
2024-11-17 07:15:22,969 - INFO - Top 10 Std Stats: {'Max': np.float64(0.24310382209626422), 'Min': np.float64(0.07531244563281456), 'Mean': np.float64(0.17576301846832748), 'Std': np.float64(0.07080484376565938)}
2024-11-17 07:15:22,969 - INFO - Bottom 10 Mean Stats: {'Max': np.float64(100.0), 'Min': np.float64(84.0), 'Mean': np.float64(93.0), 'Std': np.float64(5.019960159204453)}
2024-11-17 07:15:22,969 - INFO - Bottom 10 Std Stats: {'Max': np.float64(0.0), 'Min': np.float64(0.0), 'Mean': np.float64(0.0), 'Std': np.float64(0.0)}
[I 2024-11-17 07:15:22,987] Trial 456 finished with value: 18.0 and parameters: {'x_0': -1, 'x_1': 2, 'x_2': 3, 'x_3': 2}. Best is trial 362 with value: 1.0.
2024-11-17 07:15:23,009 - INFO - Candidate Mean Stats: {'Max': np.float64(100.0), 'Min': np.float64(-0.43714858569003345), 'Mean': np.float64(1.2422297598365877), 'Std': np.float64(8.15189138649328)}
2024-11-17 07:15:23,009 - INFO - Candidate Std Stats: {'Max': np.float64(0.2504339855162054), 'Min': np.float64(0.0), 'Mean': np.float64(0.023131512658143873), 'Std': np.float64(0.03240604333539448)}
2024-11-17 07:15:23,011 - INFO - Top 10 Mean Stats: {'Max': np.float64(-0.22394998885779155), 'Min': np.float64(-0.43714858569003345), 'Mean': np.float64(-0.2804223220694738), 'Std': np.float64(0.0640983163481066)}
2024-11-17 07:15:23,011 - INFO - Top 10 Std Stats: {'Max': np.float64(0.21339285151666934), 'Min': np.float64(0.0339474256532965), 'Mean': np.float64(0.14183740601735192), 'Std': np.float64(0.06664355586427939)}
2024-11-17 07:15:23,011 - INFO - Bottom 10 Mean Stats: {'Max': np.float64(100.0), 'Min': np.float64(91.0), 'Mean': np.float64(95.5), 'Std': np.float64(4.5)}
2024-11-17 07:15:23,011 - INFO - Bottom 10 Std Stats: {'Max': np.float64(0.0), 'Min': np.float64(0.0), 'Mean': np.float64(0.0), 'Std': np.float64(0.0)}
[I 2024-11-17 07:15:23,029] Trial 451 finished with value: 33.0 and parameters: {'x_0': 0, 'x_1': -1, 'x_2': 4, 'x_3': -4}. Best is trial 179 with value: 1.0.
2024-11-17 07:15:23,121 - INFO - Candidate Mean Stats: {'Max': np.float64(100.0), 'Min': np.float64(-0.6579227242411677), 'Mean': np.float64(1.0788010102112675), 'Std': np.float64(7.38225035236819)}
2024-11-17 07:15:23,121 - INFO - Candidate Std Stats: {'Max': np.float64(0.6938352630520148), 'Min': np.float64(0.0), 'Mean': np.float64(0.025893465801725146), 'Std': np.float64(0.035864046609329264)}
2024-11-17 07:15:23,123 - INFO - Top 10 Mean Stats: {'Max': np.float64(-0.11539421251962671), 'Min': np.float64(-0.6579227242411677), 'Mean': np.float64(-0.33419212383816826), 'Std': np.float64(0.20631983361580922)}
2024-11-17 07:15:23,123 - INFO - Top 10 Std Stats: {'Max': np.float64(0.27893711668070464), 'Min': np.float64(0.06974937132845693), 'Mean': np.float64(0.1698251042278059), 'Std': np.float64(0.06549357642526266)}
2024-11-17 07:15:23,123 - INFO - Bottom 10 Mean Stats: {'Max': np.float64(100.0), 'Min': np.float64(84.0), 'Mean': np.float64(93.0), 'Std': np.float64(5.019960159204453)}
2024-11-17 07:15:23,123 - INFO - Bottom 10 Std Stats: {'Max': np.float64(0.0), 'Min': np.float64(0.0), 'Mean': np.float64(0.0), 'Std': np.float64(0.0)}
