[I 2024-11-17 07:14:29,669] Trial 215 finished with value: 42.0 and parameters: {'x_0': 4, 'x_1': -1, 'x_2': -3, 'x_3': -4}. Best is trial 141 with value: 2.0.
2024-11-17 07:14:29,709 - INFO - Candidate Mean Stats: {'Max': np.float64(100.0), 'Min': np.float64(-0.2007438997332606), 'Mean': np.float64(0.7756490853775303), 'Std': np.float64(6.756131544916672)}
2024-11-17 07:14:29,710 - INFO - Candidate Std Stats: {'Max': np.float64(0.3985209871679881), 'Min': np.float64(0.0), 'Mean': np.float64(0.046795688259315835), 'Std': np.float64(0.04203691683838892)}
2024-11-17 07:14:29,711 - INFO - Top 10 Mean Stats: {'Max': np.float64(-0.13336064503188327), 'Min': np.float64(-0.2007438997332606), 'Mean': np.float64(-0.16801884080879165), 'Std': np.float64(0.021966042713739566)}
2024-11-17 07:14:29,711 - INFO - Top 10 Std Stats: {'Max': np.float64(0.3985209871679881), 'Min': np.float64(0.29744917358978507), 'Mean': np.float64(0.33886916577513126), 'Std': np.float64(0.03250285887811901)}
2024-11-17 07:14:29,711 - INFO - Bottom 10 Mean Stats: {'Max': np.float64(100.0), 'Min': np.float64(91.0), 'Mean': np.float64(95.5), 'Std': np.float64(4.5)}
2024-11-17 07:14:29,711 - INFO - Bottom 10 Std Stats: {'Max': np.float64(0.0), 'Min': np.float64(0.0), 'Mean': np.float64(0.0), 'Std': np.float64(0.0)}
2024-11-17 07:14:29,722 - INFO - Candidate Mean Stats: {'Max': np.float64(100.0), 'Min': np.float64(-0.2589200385289861), 'Mean': np.float64(0.6657728062380958), 'Std': np.float64(5.985639239826589)}
2024-11-17 07:14:29,722 - INFO - Candidate Std Stats: {'Max': np.float64(0.6639760771972576), 'Min': np.float64(0.0), 'Mean': np.float64(0.05758689876839777), 'Std': np.float64(0.049794629476663306)}
2024-11-17 07:14:29,724 - INFO - Top 10 Mean Stats: {'Max': np.float64(-0.07969330729048384), 'Min': np.float64(-0.2589200385289861), 'Mean': np.float64(-0.17374675158488137), 'Std': np.float64(0.05138086428440825)}
2024-11-17 07:14:29,724 - INFO - Top 10 Std Stats: {'Max': np.float64(0.5635231298419019), 'Min': np.float64(0.3204089726184481), 'Mean': np.float64(0.4238079209443944), 'Std': np.float64(0.07833179025598155)}
2024-11-17 07:14:29,725 - INFO - Bottom 10 Mean Stats: {'Max': np.float64(100.0), 'Min': np.float64(84.0), 'Mean': np.float64(89.1), 'Std': np.float64(4.90815647672321)}
2024-11-17 07:14:29,725 - INFO - Bottom 10 Std Stats: {'Max': np.float64(0.0), 'Min': np.float64(0.0), 'Mean': np.float64(0.0), 'Std': np.float64(0.0)}
[I 2024-11-17 07:14:29,727] Trial 228 finished with value: 70.0 and parameters: {'x_0': -5, 'x_1': 2, 'x_2': -5, 'x_3': -4}. Best is trial 179 with value: 1.0.
[I 2024-11-17 07:14:29,739] Trial 222 finished with value: 44.0 and parameters: {'x_0': 3, 'x_1': 3, 'x_2': -1, 'x_3': -5}. Best is trial 190 with value: 6.0.
2024-11-17 07:14:29,908 - INFO - Candidate Mean Stats: {'Max': np.float64(75.0), 'Min': np.float64(-0.24506727545270338), 'Mean': np.float64(0.5429136487439126), 'Std': np.float64(4.970519385360245)}
2024-11-17 07:14:29,908 - INFO - Candidate Std Stats: {'Max': np.float64(0.6791589233220094), 'Min': np.float64(0.0), 'Mean': np.float64(0.0635782361977129), 'Std': np.float64(0.0474059802112391)}
2024-11-17 07:14:29,909 - INFO - Top 10 Mean Stats: {'Max': np.float64(-0.14334530001551257), 'Min': np.float64(-0.24506727545270338), 'Mean': np.float64(-0.18802533171454247), 'Std': np.float64(0.029174813481510055)}
2024-11-17 07:14:29,909 - INFO - Top 10 Std Stats: {'Max': np.float64(0.3751785556146796), 'Min': np.float64(0.24526583246420153), 'Mean': np.float64(0.3168151513918462), 'Std': np.float64(0.0363886272100252)}
2024-11-17 07:14:29,909 - INFO - Bottom 10 Mean Stats: {'Max': np.float64(75.0), 'Min': np.float64(70.0), 'Mean': np.float64(73.1), 'Std': np.float64(2.1656407827707715)}
2024-11-17 07:14:29,909 - INFO - Bottom 10 Std Stats: {'Max': np.float64(0.0), 'Min': np.float64(0.0), 'Mean': np.float64(0.0), 'Std': np.float64(0.0)}
[I 2024-11-17 07:14:29,926] Trial 216 finished with value: 22.0 and parameters: {'x_0': 3, 'x_1': -3, 'x_2': -2, 'x_3': 0}. Best is trial 141 with value: 2.0.
2024-11-17 07:14:29,974 - INFO - Candidate Mean Stats: {'Max': np.float64(100.0), 'Min': np.float64(-0.16167244590262753), 'Mean': np.float64(0.7824647553950962), 'Std': np.float64(6.780053187963146)}
2024-11-17 07:14:29,974 - INFO - Candidate Std Stats: {'Max': np.float64(0.46244595316848836), 'Min': np.float64(0.0), 'Mean': np.float64(0.0457999733232324), 'Std': np.float64(0.049290830127840364)}
2024-11-17 07:14:29,975 - INFO - Top 10 Mean Stats: {'Max': np.float64(0.004602014421920342), 'Min': np.float64(-0.15642171768367996), 'Mean': np.float64(-0.10971643877514592), 'Std': np.float64(0.055654222543965064)}
2024-11-17 07:14:29,976 - INFO - Top 10 Std Stats: {'Max': np.float64(0.46244595316848836), 'Min': np.float64(0.28776843773908717), 'Mean': np.float64(0.3422027437818515), 'Std': np.float64(0.061207987044511206)}
2024-11-17 07:14:29,976 - INFO - Bottom 10 Mean Stats: {'Max': np.float64(100.0), 'Min': np.float64(91.0), 'Mean': np.float64(95.5), 'Std': np.float64(4.5)}
2024-11-17 07:14:29,976 - INFO - Bottom 10 Std Stats: {'Max': np.float64(0.0), 'Min': np.float64(0.0), 'Mean': np.float64(0.0), 'Std': np.float64(0.0)}
[I 2024-11-17 07:14:29,991] Trial 229 finished with value: 82.0 and parameters: {'x_0': -5, 'x_1': -4, 'x_2': -4, 'x_3': 5}. Best is trial 179 with value: 1.0.
2024-11-17 07:14:30,013 - INFO - Candidate Mean Stats: {'Max': np.float64(100.0), 'Min': np.float64(-0.46180825538724324), 'Mean': np.float64(0.6689073430176937), 'Std': np.float64(5.996334378951527)}
2024-11-17 07:14:30,013 - INFO - Candidate Std Stats: {'Max': np.float64(0.8499112154545662), 'Min': np.float64(0.0), 'Mean': np.float64(0.055651489109930466), 'Std': np.float64(0.04705645177611191)}
2024-11-17 07:14:30,014 - INFO - Top 10 Mean Stats: {'Max': np.float64(0.16555462991612444), 'Min': np.float64(-0.46180825538724324), 'Mean': np.float64(-0.1595607887916099), 'Std': np.float64(0.15899345409606683)}
2024-11-17 07:14:30,014 - INFO - Top 10 Std Stats: {'Max': np.float64(0.7562036444190534), 'Min': np.float64(0.20385227309245257), 'Mean': np.float64(0.45498957793345707), 'Std': np.float64(0.18499027343924632)}
2024-11-17 07:14:30,014 - INFO - Bottom 10 Mean Stats: {'Max': np.float64(100.0), 'Min': np.float64(84.0), 'Mean': np.float64(89.1), 'Std': np.float64(4.90815647672321)}
2024-11-17 07:14:30,014 - INFO - Bottom 10 Std Stats: {'Max': np.float64(0.0), 'Min': np.float64(0.0), 'Mean': np.float64(0.0), 'Std': np.float64(0.0)}
[I 2024-11-17 07:14:30,029] Trial 223 finished with value: 75.0 and parameters: {'x_0': -3, 'x_1': -4, 'x_2': -5, 'x_3': -5}. Best is trial 190 with value: 6.0.
2024-11-17 07:14:30,167 - INFO - Candidate Mean Stats: {'Max': np.float64(100.0), 'Min': np.float64(-0.3277989113160496), 'Mean': np.float64(0.7864675580973046), 'Std': np.float64(6.813393250373207)}
2024-11-17 07:14:30,168 - INFO - Candidate Std Stats: {'Max': np.float64(0.6289008543169015), 'Min': np.float64(0.0), 'Mean': np.float64(0.04601468534394354), 'Std': np.float64(0.045827024632177325)}
2024-11-17 07:14:30,169 - INFO - Candidate Mean Stats: {'Max': np.float64(75.0), 'Min': np.float64(-0.3014594161536033), 'Mean': np.float64(0.5445466818839456), 'Std': np.float64(4.9736674779943035)}
2024-11-17 07:14:30,169 - INFO - Candidate Std Stats: {'Max': np.float64(0.5213726340041939), 'Min': np.float64(0.0), 'Mean': np.float64(0.06515800760920146), 'Std': np.float64(0.046812072626843025)}
2024-11-17 07:14:30,169 - INFO - Top 10 Mean Stats: {'Max': np.float64(-0.13361963567680119), 'Min': np.float64(-0.3277989113160496), 'Mean': np.float64(-0.24411603904660684), 'Std': np.float64(0.05511483571126988)}
2024-11-17 07:14:30,169 - INFO - Top 10 Std Stats: {'Max': np.float64(0.6289008543169015), 'Min': np.float64(0.33041290013824454), 'Mean': np.float64(0.474794400079937), 'Std': np.float64(0.0901014200465293)}
2024-11-17 07:14:30,169 - INFO - Bottom 10 Mean Stats: {'Max': np.float64(100.0), 'Min': np.float64(91.0), 'Mean': np.float64(95.5), 'Std': np.float64(4.5)}
2024-11-17 07:14:30,169 - INFO - Bottom 10 Std Stats: {'Max': np.float64(0.0), 'Min': np.float64(0.0), 'Mean': np.float64(0.0), 'Std': np.float64(0.0)}
2024-11-17 07:14:30,170 - INFO - Top 10 Mean Stats: {'Max': np.float64(-0.125155443337062), 'Min': np.float64(-0.3014594161536033), 'Mean': np.float64(-0.19369125568228748), 'Std': np.float64(0.04963482221399798)}
2024-11-17 07:14:30,170 - INFO - Top 10 Std Stats: {'Max': np.float64(0.5213726340041939), 'Min': np.float64(0.25821245771540313), 'Mean': np.float64(0.36070970032821964), 'Std': np.float64(0.08455782795144745)}
2024-11-17 07:14:30,170 - INFO - Bottom 10 Mean Stats: {'Max': np.float64(75.0), 'Min': np.float64(70.0), 'Mean': np.float64(73.1), 'Std': np.float64(2.1656407827707715)}
2024-11-17 07:14:30,170 - INFO - Bottom 10 Std Stats: {'Max': np.float64(0.0), 'Min': np.float64(0.0), 'Mean': np.float64(0.0), 'Std': np.float64(0.0)}
[I 2024-11-17 07:14:30,184] Trial 230 finished with value: 70.0 and parameters: {'x_0': 2, 'x_1': -5, 'x_2': -4, 'x_3': -5}. Best is trial 179 with value: 1.0.
[I 2024-11-17 07:14:30,185] Trial 217 finished with value: 50.0 and parameters: {'x_0': 4, 'x_1': 0, 'x_2': 3, 'x_3': 5}. Best is trial 141 with value: 2.0.
2024-11-17 07:14:30,301 - INFO - Candidate Mean Stats: {'Max': np.float64(100.0), 'Min': np.float64(-0.40765146418143916), 'Mean': np.float64(0.6757120434796434), 'Std': np.float64(6.027526780410895)}
2024-11-17 07:14:30,301 - INFO - Candidate Std Stats: {'Max': np.float64(0.6673227968221874), 'Min': np.float64(0.0), 'Mean': np.float64(0.05050433994380126), 'Std': np.float64(0.050947331553934584)}
2024-11-17 07:14:30,302 - INFO - Top 10 Mean Stats: {'Max': np.float64(-0.030079388225002834), 'Min': np.float64(-0.40765146418143916), 'Mean': np.float64(-0.22093971688486436), 'Std': np.float64(0.10370327620640296)}
2024-11-17 07:14:30,302 - INFO - Top 10 Std Stats: {'Max': np.float64(0.6673227968221874), 'Min': np.float64(0.3923268259783909), 'Mean': np.float64(0.47669144512730205), 'Std': np.float64(0.08027887337004455)}
2024-11-17 07:14:30,302 - INFO - Bottom 10 Mean Stats: {'Max': np.float64(100.0), 'Min': np.float64(84.0), 'Mean': np.float64(89.1), 'Std': np.float64(4.90815647672321)}
2024-11-17 07:14:30,303 - INFO - Bottom 10 Std Stats: {'Max': np.float64(0.0), 'Min': np.float64(0.0), 'Mean': np.float64(0.0), 'Std': np.float64(0.0)}
[I 2024-11-17 07:14:30,318] Trial 224 finished with value: 55.0 and parameters: {'x_0': -5, 'x_1': -2, 'x_2': -5, 'x_3': -1}. Best is trial 190 with value: 6.0.
2024-11-17 07:14:30,349 - INFO - Candidate Mean Stats: {'Max': np.float64(100.0), 'Min': np.float64(-0.2998233666629587), 'Mean': np.float64(0.7938522312506229), 'Std': np.float64(6.837065518908172)}
2024-11-17 07:14:30,349 - INFO - Candidate Std Stats: {'Max': np.float64(0.6055075135259749), 'Min': np.float64(0.0), 'Mean': np.float64(0.05034716711619132), 'Std': np.float64(0.041623333335087845)}
2024-11-17 07:14:30,350 - INFO - Top 10 Mean Stats: {'Max': np.float64(-0.11023681129097769), 'Min': np.float64(-0.2998233666629587), 'Mean': np.float64(-0.1795570611751359), 'Std': np.float64(0.04916559317803051)}
2024-11-17 07:14:30,350 - INFO - Top 10 Std Stats: {'Max': np.float64(0.6055075135259749), 'Min': np.float64(0.2311528015681872), 'Mean': np.float64(0.3641316946393429), 'Std': np.float64(0.09873354302920244)}
2024-11-17 07:14:30,350 - INFO - Bottom 10 Mean Stats: {'Max': np.float64(100.0), 'Min': np.float64(91.0), 'Mean': np.float64(95.5), 'Std': np.float64(4.5)}
2024-11-17 07:14:30,350 - INFO - Bottom 10 Std Stats: {'Max': np.float64(0.0), 'Min': np.float64(0.0), 'Mean': np.float64(0.0), 'Std': np.float64(0.0)}
[I 2024-11-17 07:14:30,364] Trial 231 finished with value: 45.0 and parameters: {'x_0': -5, 'x_1': 0, 'x_2': -2, 'x_3': -4}. Best is trial 179 with value: 1.0.
2024-11-17 07:14:30,463 - INFO - Candidate Mean Stats: {'Max': np.float64(75.0), 'Min': np.float64(-0.27885700495453286), 'Mean': np.float64(0.548548500530238), 'Std': np.float64(4.990360985042844)}
2024-11-17 07:14:30,463 - INFO - Candidate Std Stats: {'Max': np.float64(0.5167852614132449), 'Min': np.float64(0.0), 'Mean': np.float64(0.06286895565956223), 'Std': np.float64(0.047235943616983855)}
2024-11-17 07:14:30,465 - INFO - Top 10 Mean Stats: {'Max': np.float64(-0.13295642643638603), 'Min': np.float64(-0.27885700495453286), 'Mean': np.float64(-0.18638612648814631), 'Std': np.float64(0.041245090574531004)}
2024-11-17 07:14:30,465 - INFO - Top 10 Std Stats: {'Max': np.float64(0.5167852614132449), 'Min': np.float64(0.26755074219601144), 'Mean': np.float64(0.3482895076830846), 'Std': np.float64(0.0658540635035208)}
2024-11-17 07:14:30,465 - INFO - Bottom 10 Mean Stats: {'Max': np.float64(75.0), 'Min': np.float64(70.0), 'Mean': np.float64(73.1), 'Std': np.float64(2.1656407827707715)}
2024-11-17 07:14:30,465 - INFO - Bottom 10 Std Stats: {'Max': np.float64(0.0), 'Min': np.float64(0.0), 'Mean': np.float64(0.0), 'Std': np.float64(0.0)}
[I 2024-11-17 07:14:30,479] Trial 218 finished with value: 75.0 and parameters: {'x_0': 5, 'x_1': -5, 'x_2': 3, 'x_3': 4}. Best is trial 141 with value: 2.0.
2024-11-17 07:14:30,577 - INFO - Candidate Mean Stats: {'Max': np.float64(100.0), 'Min': np.float64(-0.2951391190359494), 'Mean': np.float64(0.6791261590269465), 'Std': np.float64(6.044251320148967)}
2024-11-17 07:14:30,577 - INFO - Candidate Std Stats: {'Max': np.float64(0.8822282134716027), 'Min': np.float64(0.0), 'Mean': np.float64(0.047341463774432), 'Std': np.float64(0.04591185613832537)}
2024-11-17 07:14:30,579 - INFO - Top 10 Mean Stats: {'Max': np.float64(0.18003912521945503), 'Min': np.float64(-0.2951391190359494), 'Mean': np.float64(-0.1377237371440893), 'Std': np.float64(0.13845167369837932)}
2024-11-17 07:14:30,579 - INFO - Top 10 Std Stats: {'Max': np.float64(0.8822282134716027), 'Min': np.float64(0.312225142096434), 'Mean': np.float64(0.47991612335500067), 'Std': np.float64(0.15920781538905765)}
2024-11-17 07:14:30,579 - INFO - Bottom 10 Mean Stats: {'Max': np.float64(100.0), 'Min': np.float64(84.0), 'Mean': np.float64(89.1), 'Std': np.float64(4.90815647672321)}
2024-11-17 07:14:30,579 - INFO - Bottom 10 Std Stats: {'Max': np.float64(0.0), 'Min': np.float64(0.0), 'Mean': np.float64(0.0), 'Std': np.float64(0.0)}
[I 2024-11-17 07:14:30,600] Trial 225 finished with value: 67.0 and parameters: {'x_0': 1, 'x_1': -4, 'x_2': -5, 'x_3': -5}. Best is trial 190 with value: 6.0.
2024-11-17 07:14:30,625 - INFO - Candidate Mean Stats: {'Max': np.float64(100.0), 'Min': np.float64(-0.21120111488921492), 'Mean': np.float64(0.788852231163765), 'Std': np.float64(6.847726818623376)}
2024-11-17 07:14:30,625 - INFO - Candidate Std Stats: {'Max': np.float64(0.40920393136050615), 'Min': np.float64(0.0), 'Mean': np.float64(0.05453364091166889), 'Std': np.float64(0.046470869382164236)}
2024-11-17 07:14:30,626 - INFO - Top 10 Mean Stats: {'Max': np.float64(-0.03283612660370537), 'Min': np.float64(-0.21120111488921492), 'Mean': np.float64(-0.15843343076860056), 'Std': np.float64(0.04648762077775221)}
2024-11-17 07:14:30,626 - INFO - Top 10 Std Stats: {'Max': np.float64(0.40920393136050615), 'Min': np.float64(0.24762047567143086), 'Mean': np.float64(0.308813535179178), 'Std': np.float64(0.04961157148004125)}
2024-11-17 07:14:30,626 - INFO - Bottom 10 Mean Stats: {'Max': np.float64(100.0), 'Min': np.float64(91.0), 'Mean': np.float64(95.5), 'Std': np.float64(4.5)}
2024-11-17 07:14:30,626 - INFO - Bottom 10 Std Stats: {'Max': np.float64(0.0), 'Min': np.float64(0.0), 'Mean': np.float64(0.0), 'Std': np.float64(0.0)}
[I 2024-11-17 07:14:30,642] Trial 232 finished with value: 67.0 and parameters: {'x_0': 5, 'x_1': 4, 'x_2': 1, 'x_3': 5}. Best is trial 179 with value: 1.0.
2024-11-17 07:14:30,771 - INFO - Candidate Mean Stats: {'Max': np.float64(75.0), 'Min': np.float64(-0.31013724131531384), 'Mean': np.float64(0.551507833467701), 'Std': np.float64(5.028394400901218)}
2024-11-17 07:14:30,771 - INFO - Candidate Std Stats: {'Max': np.float64(0.5861105893394398), 'Min': np.float64(0.0), 'Mean': np.float64(0.06341013669139853), 'Std': np.float64(0.05099835155780683)}
2024-11-17 07:14:30,773 - INFO - Top 10 Mean Stats: {'Max': np.float64(-0.10567390291557847), 'Min': np.float64(-0.31013724131531384), 'Mean': np.float64(-0.19088078254273683), 'Std': np.float64(0.06613531705359238)}
2024-11-17 07:14:30,773 - INFO - Top 10 Std Stats: {'Max': np.float64(0.5861105893394398), 'Min': np.float64(0.3037516831579717), 'Mean': np.float64(0.39008808687993535), 'Std': np.float64(0.07861846950911107)}
2024-11-17 07:14:30,773 - INFO - Bottom 10 Mean Stats: {'Max': np.float64(75.0), 'Min': np.float64(70.0), 'Mean': np.float64(73.6), 'Std': np.float64(1.9595917942265422)}
2024-11-17 07:14:30,773 - INFO - Bottom 10 Std Stats: {'Max': np.float64(0.0), 'Min': np.float64(0.0), 'Mean': np.float64(0.0), 'Std': np.float64(0.0)}
[I 2024-11-17 07:14:30,789] Trial 219 finished with value: 25.0 and parameters: {'x_0': 0, 'x_1': 0, 'x_2': -3, 'x_3': 4}. Best is trial 141 with value: 2.0.
2024-11-17 07:14:30,857 - INFO - Candidate Mean Stats: {'Max': np.float64(100.0), 'Min': np.float64(-0.27977132770387714), 'Mean': np.float64(0.6802793859235078), 'Std': np.float64(6.06941725282628)}
2024-11-17 07:14:30,858 - INFO - Candidate Std Stats: {'Max': np.float64(0.629594493653027), 'Min': np.float64(0.0), 'Mean': np.float64(0.056321879854130806), 'Std': np.float64(0.05048553408469246)}
2024-11-17 07:14:30,859 - INFO - Top 10 Mean Stats: {'Max': np.float64(-0.015111219063250789), 'Min': np.float64(-0.27977132770387714), 'Mean': np.float64(-0.20437450730505285), 'Std': np.float64(0.07102327616744353)}
2024-11-17 07:14:30,859 - INFO - Top 10 Std Stats: {'Max': np.float64(0.6291592104937827), 'Min': np.float64(0.31581193184414286), 'Mean': np.float64(0.43341972479787205), 'Std': np.float64(0.08933292811935936)}
2024-11-17 07:14:30,859 - INFO - Bottom 10 Mean Stats: {'Max': np.float64(100.0), 'Min': np.float64(84.0), 'Mean': np.float64(89.1), 'Std': np.float64(4.90815647672321)}
2024-11-17 07:14:30,859 - INFO - Bottom 10 Std Stats: {'Max': np.float64(0.0), 'Min': np.float64(0.0), 'Mean': np.float64(0.0), 'Std': np.float64(0.0)}
2024-11-17 07:14:30,867 - INFO - Candidate Mean Stats: {'Max': np.float64(100.0), 'Min': np.float64(-0.27821200101381194), 'Mean': np.float64(0.7971811406574875), 'Std': np.float64(6.869110609537309)}
2024-11-17 07:14:30,867 - INFO - Candidate Std Stats: {'Max': np.float64(0.5093261447849766), 'Min': np.float64(0.0), 'Mean': np.float64(0.04971493691303652), 'Std': np.float64(0.048853544391331834)}
2024-11-17 07:14:30,868 - INFO - Top 10 Mean Stats: {'Max': np.float64(-0.1467615216711634), 'Min': np.float64(-0.27821200101381194), 'Mean': np.float64(-0.19089237622234206), 'Std': np.float64(0.04347394802940308)}
2024-11-17 07:14:30,868 - INFO - Top 10 Std Stats: {'Max': np.float64(0.5093261447849766), 'Min': np.float64(0.33539946369512236), 'Mean': np.float64(0.4119725735194236), 'Std': np.float64(0.05170554087942949)}
2024-11-17 07:14:30,868 - INFO - Bottom 10 Mean Stats: {'Max': np.float64(100.0), 'Min': np.float64(91.0), 'Mean': np.float64(95.5), 'Std': np.float64(4.5)}
2024-11-17 07:14:30,868 - INFO - Bottom 10 Std Stats: {'Max': np.float64(0.0), 'Min': np.float64(0.0), 'Mean': np.float64(0.0), 'Std': np.float64(0.0)}
[I 2024-11-17 07:14:30,874] Trial 226 finished with value: 55.0 and parameters: {'x_0': 5, 'x_1': 1, 'x_2': -2, 'x_3': 5}. Best is trial 190 with value: 6.0.
[I 2024-11-17 07:14:30,883] Trial 233 finished with value: 18.0 and parameters: {'x_0': 2, 'x_1': -1, 'x_2': -2, 'x_3': 3}. Best is trial 179 with value: 1.0.
2024-11-17 07:14:31,040 - INFO - Candidate Mean Stats: {'Max': np.float64(75.0), 'Min': np.float64(-0.3379012045310116), 'Mean': np.float64(0.555222953711863), 'Std': np.float64(5.0322212998636795)}
2024-11-17 07:14:31,040 - INFO - Candidate Std Stats: {'Max': np.float64(0.7513383271741144), 'Min': np.float64(0.0), 'Mean': np.float64(0.06284838882501628), 'Std': np.float64(0.04883448574673928)}
2024-11-17 07:14:31,041 - INFO - Top 10 Mean Stats: {'Max': np.float64(-0.17050942920842607), 'Min': np.float64(-0.3379012045310116), 'Mean': np.float64(-0.23571652714682925), 'Std': np.float64(0.05959905508815505)}
2024-11-17 07:14:31,041 - INFO - Top 10 Std Stats: {'Max': np.float64(0.7513383271741144), 'Min': np.float64(0.3783828307681915), 'Mean': np.float64(0.4708735653830461), 'Std': np.float64(0.11480551741185364)}
2024-11-17 07:14:31,041 - INFO - Bottom 10 Mean Stats: {'Max': np.float64(75.0), 'Min': np.float64(70.0), 'Mean': np.float64(73.6), 'Std': np.float64(1.9595917942265422)}
2024-11-17 07:14:31,042 - INFO - Bottom 10 Std Stats: {'Max': np.float64(0.0), 'Min': np.float64(0.0), 'Mean': np.float64(0.0), 'Std': np.float64(0.0)}
