[I 2024-11-17 07:15:12,272] Trial 398 finished with value: 13.0 and parameters: {'x_0': -1, 'x_1': 2, 'x_2': -2, 'x_3': -2}. Best is trial 362 with value: 1.0.
2024-11-17 07:15:12,347 - INFO - Candidate Mean Stats: {'Max': np.float64(100.0), 'Min': np.float64(-0.3300308728759922), 'Mean': np.float64(1.1609432894990073), 'Std': np.float64(8.02734148540877)}
2024-11-17 07:15:12,348 - INFO - Candidate Std Stats: {'Max': np.float64(0.4205821939913029), 'Min': np.float64(0.0), 'Mean': np.float64(0.023886988910952835), 'Std': np.float64(0.036767924098761624)}
2024-11-17 07:15:12,349 - INFO - Top 10 Mean Stats: {'Max': np.float64(-0.27123694511595847), 'Min': np.float64(-0.3300308728759922), 'Mean': np.float64(-0.29133212542952786), 'Std': np.float64(0.02150871174467261)}
2024-11-17 07:15:12,350 - INFO - Top 10 Std Stats: {'Max': np.float64(0.3066407600144907), 'Min': np.float64(0.19256995953541972), 'Mean': np.float64(0.25805004876687937), 'Std': np.float64(0.0444789842140088)}
2024-11-17 07:15:12,350 - INFO - Bottom 10 Mean Stats: {'Max': np.float64(100.0), 'Min': np.float64(91.0), 'Mean': np.float64(95.5), 'Std': np.float64(4.5)}
2024-11-17 07:15:12,350 - INFO - Bottom 10 Std Stats: {'Max': np.float64(0.0), 'Min': np.float64(0.0), 'Mean': np.float64(0.0), 'Std': np.float64(0.0)}
[I 2024-11-17 07:15:12,369] Trial 389 finished with value: 6.0 and parameters: {'x_0': 0, 'x_1': -1, 'x_2': -1, 'x_3': 2}. Best is trial 179 with value: 1.0.
2024-11-17 07:15:12,504 - INFO - Candidate Mean Stats: {'Max': np.float64(100.0), 'Min': np.float64(-0.8902415944521946), 'Mean': np.float64(0.9944656365399511), 'Std': np.float64(7.20516989371618)}
2024-11-17 07:15:12,504 - INFO - Candidate Std Stats: {'Max': np.float64(0.5467914217690114), 'Min': np.float64(0.0), 'Mean': np.float64(0.036666232038228504), 'Std': np.float64(0.043447585644576965)}
2024-11-17 07:15:12,506 - INFO - Top 10 Mean Stats: {'Max': np.float64(-0.12102206862827865), 'Min': np.float64(-0.8902415944521946), 'Mean': np.float64(-0.21300968230289768), 'Std': np.float64(0.22597857029672563)}
2024-11-17 07:15:12,506 - INFO - Top 10 Std Stats: {'Max': np.float64(0.3462779550395346), 'Min': np.float64(0.07710386964135618), 'Mean': np.float64(0.2669598214763731), 'Std': np.float64(0.06851465454293976)}
2024-11-17 07:15:12,506 - INFO - Bottom 10 Mean Stats: {'Max': np.float64(100.0), 'Min': np.float64(84.0), 'Mean': np.float64(93.0), 'Std': np.float64(5.019960159204453)}
2024-11-17 07:15:12,506 - INFO - Bottom 10 Std Stats: {'Max': np.float64(0.0), 'Min': np.float64(0.0), 'Mean': np.float64(0.0), 'Std': np.float64(0.0)}
2024-11-17 07:15:12,507 - INFO - Candidate Mean Stats: {'Max': np.float64(91.0), 'Min': np.float64(-0.38944235716154385), 'Mean': np.float64(0.8075967982407667), 'Std': np.float64(6.189301018948883)}
2024-11-17 07:15:12,507 - INFO - Candidate Std Stats: {'Max': np.float64(0.5476661020850995), 'Min': np.float64(0.0), 'Mean': np.float64(0.04279025337213782), 'Std': np.float64(0.04594618970248795)}
2024-11-17 07:15:12,509 - INFO - Top 10 Mean Stats: {'Max': np.float64(-0.07596777186130466), 'Min': np.float64(-0.38944235716154385), 'Mean': np.float64(-0.29690953548610005), 'Std': np.float64(0.0785593104829392)}
2024-11-17 07:15:12,509 - INFO - Top 10 Std Stats: {'Max': np.float64(0.48231355918609103), 'Min': np.float64(0.20061823777226478), 'Mean': np.float64(0.2723240393975959), 'Std': np.float64(0.07450717878872114)}
2024-11-17 07:15:12,509 - INFO - Bottom 10 Mean Stats: {'Max': np.float64(91.0), 'Min': np.float64(75.0), 'Mean': np.float64(82.7), 'Std': np.float64(4.960846701924985)}
2024-11-17 07:15:12,509 - INFO - Bottom 10 Std Stats: {'Max': np.float64(0.0), 'Min': np.float64(0.0), 'Mean': np.float64(0.0), 'Std': np.float64(0.0)}
[I 2024-11-17 07:15:12,528] Trial 399 finished with value: 13.0 and parameters: {'x_0': -1, 'x_1': 2, 'x_2': -2, 'x_3': 2}. Best is trial 362 with value: 1.0.
[I 2024-11-17 07:15:12,529] Trial 359 finished with value: 10.0 and parameters: {'x_0': 1, 'x_1': -3, 'x_2': 0, 'x_3': 0}. Best is trial 320 with value: 0.0.
2024-11-17 07:15:12,592 - INFO - Candidate Mean Stats: {'Max': np.float64(100.0), 'Min': np.float64(-0.19803657396455013), 'Mean': np.float64(1.1653812680372062), 'Std': np.float64(8.02687613763686)}
2024-11-17 07:15:12,593 - INFO - Candidate Std Stats: {'Max': np.float64(0.39306300450842835), 'Min': np.float64(0.0), 'Mean': np.float64(0.037098823986676716), 'Std': np.float64(0.0389842011971539)}
2024-11-17 07:15:12,594 - INFO - Top 10 Mean Stats: {'Max': np.float64(-0.04630177513793823), 'Min': np.float64(-0.19803657396455013), 'Mean': np.float64(-0.13751312497320112), 'Std': np.float64(0.04948681672224618)}
2024-11-17 07:15:12,594 - INFO - Top 10 Std Stats: {'Max': np.float64(0.3485725697837957), 'Min': np.float64(0.20897493544666051), 'Mean': np.float64(0.2629643122143664), 'Std': np.float64(0.04217345408979205)}
2024-11-17 07:15:12,594 - INFO - Bottom 10 Mean Stats: {'Max': np.float64(100.0), 'Min': np.float64(91.0), 'Mean': np.float64(95.5), 'Std': np.float64(4.5)}
2024-11-17 07:15:12,594 - INFO - Bottom 10 Std Stats: {'Max': np.float64(0.0), 'Min': np.float64(0.0), 'Mean': np.float64(0.0), 'Std': np.float64(0.0)}
[I 2024-11-17 07:15:12,611] Trial 390 finished with value: 26.0 and parameters: {'x_0': 0, 'x_1': -1, 'x_2': -5, 'x_3': 0}. Best is trial 179 with value: 1.0.
2024-11-17 07:15:12,751 - INFO - Candidate Mean Stats: {'Max': np.float64(100.0), 'Min': np.float64(-0.281715483342111), 'Mean': np.float64(0.9911150267804886), 'Std': np.float64(7.206418658674945)}
2024-11-17 07:15:12,752 - INFO - Candidate Std Stats: {'Max': np.float64(0.5028771405237052), 'Min': np.float64(0.0), 'Mean': np.float64(0.04100313045174861), 'Std': np.float64(0.04443521150269814)}
2024-11-17 07:15:12,753 - INFO - Top 10 Mean Stats: {'Max': np.float64(-0.09847600066487294), 'Min': np.float64(-0.281715483342111), 'Mean': np.float64(-0.1689042001499999), 'Std': np.float64(0.060851172142304316)}
2024-11-17 07:15:12,753 - INFO - Top 10 Std Stats: {'Max': np.float64(0.37006437268113873), 'Min': np.float64(0.1638697993039174), 'Mean': np.float64(0.2948061818971798), 'Std': np.float64(0.0709693485144257)}
2024-11-17 07:15:12,753 - INFO - Bottom 10 Mean Stats: {'Max': np.float64(100.0), 'Min': np.float64(84.0), 'Mean': np.float64(93.0), 'Std': np.float64(5.019960159204453)}
2024-11-17 07:15:12,753 - INFO - Bottom 10 Std Stats: {'Max': np.float64(0.0), 'Min': np.float64(0.0), 'Mean': np.float64(0.0), 'Std': np.float64(0.0)}
2024-11-17 07:15:12,761 - INFO - Candidate Mean Stats: {'Max': np.float64(100.0), 'Min': np.float64(-0.26343654880294987), 'Mean': np.float64(1.165687064934124), 'Std': np.float64(8.029699468006944)}
2024-11-17 07:15:12,761 - INFO - Candidate Std Stats: {'Max': np.float64(0.43419940110180905), 'Min': np.float64(0.0), 'Mean': np.float64(0.02921603290070322), 'Std': np.float64(0.0390851246650398)}
2024-11-17 07:15:12,762 - INFO - Top 10 Mean Stats: {'Max': np.float64(-0.17989379363524435), 'Min': np.float64(-0.26343654880294987), 'Mean': np.float64(-0.21961822350805513), 'Std': np.float64(0.025105428748561226)}
2024-11-17 07:15:12,762 - INFO - Top 10 Std Stats: {'Max': np.float64(0.43419940110180905), 'Min': np.float64(0.23758858343102843), 'Mean': np.float64(0.3655567086790239), 'Std': np.float64(0.06974892525274413)}
2024-11-17 07:15:12,762 - INFO - Bottom 10 Mean Stats: {'Max': np.float64(100.0), 'Min': np.float64(91.0), 'Mean': np.float64(95.5), 'Std': np.float64(4.5)}
2024-11-17 07:15:12,763 - INFO - Bottom 10 Std Stats: {'Max': np.float64(0.0), 'Min': np.float64(0.0), 'Mean': np.float64(0.0), 'Std': np.float64(0.0)}
[I 2024-11-17 07:15:12,771] Trial 400 finished with value: 58.0 and parameters: {'x_0': -1, 'x_1': -4, 'x_2': 4, 'x_3': -5}. Best is trial 362 with value: 1.0.
[I 2024-11-17 07:15:12,781] Trial 391 finished with value: 6.0 and parameters: {'x_0': 0, 'x_1': 1, 'x_2': 2, 'x_3': -1}. Best is trial 179 with value: 1.0.
2024-11-17 07:15:12,782 - INFO - Candidate Mean Stats: {'Max': np.float64(91.0), 'Min': np.float64(-0.49426322774524023), 'Mean': np.float64(0.8073505688939051), 'Std': np.float64(6.189895543145795)}
2024-11-17 07:15:12,782 - INFO - Candidate Std Stats: {'Max': np.float64(0.49754710615230796), 'Min': np.float64(0.0), 'Mean': np.float64(0.04332220621138466), 'Std': np.float64(0.04751519069509507)}
2024-11-17 07:15:12,783 - INFO - Top 10 Mean Stats: {'Max': np.float64(-0.22387078139223798), 'Min': np.float64(-0.49426322774524023), 'Mean': np.float64(-0.38552818908561187), 'Std': np.float64(0.08791748564762862)}
2024-11-17 07:15:12,783 - INFO - Top 10 Std Stats: {'Max': np.float64(0.4838352165534264), 'Min': np.float64(0.20104129241144947), 'Mean': np.float64(0.30861524407585406), 'Std': np.float64(0.08409320293739082)}
2024-11-17 07:15:12,783 - INFO - Bottom 10 Mean Stats: {'Max': np.float64(91.0), 'Min': np.float64(75.0), 'Mean': np.float64(82.7), 'Std': np.float64(4.960846701924985)}
2024-11-17 07:15:12,783 - INFO - Bottom 10 Std Stats: {'Max': np.float64(0.0), 'Min': np.float64(0.0), 'Mean': np.float64(0.0), 'Std': np.float64(0.0)}
[I 2024-11-17 07:15:12,799] Trial 360 finished with value: 2.0 and parameters: {'x_0': 1, 'x_1': 1, 'x_2': 0, 'x_3': 0}. Best is trial 320 with value: 0.0.
2024-11-17 07:15:12,982 - INFO - Candidate Mean Stats: {'Max': np.float64(100.0), 'Min': np.float64(-0.24359355922095421), 'Mean': np.float64(0.9909629971361821), 'Std': np.float64(7.222368878938561)}
2024-11-17 07:15:12,982 - INFO - Candidate Std Stats: {'Max': np.float64(0.4792224414304919), 'Min': np.float64(0.0), 'Mean': np.float64(0.04446911405777336), 'Std': np.float64(0.04646176916944923)}
2024-11-17 07:15:12,984 - INFO - Top 10 Mean Stats: {'Max': np.float64(-0.14547956339607293), 'Min': np.float64(-0.24359355922095421), 'Mean': np.float64(-0.1695296699163635), 'Std': np.float64(0.028856263262291584)}
2024-11-17 07:15:12,984 - INFO - Top 10 Std Stats: {'Max': np.float64(0.4250390422728907), 'Min': np.float64(0.285211358023342), 'Mean': np.float64(0.34758812675300854), 'Std': np.float64(0.03373894947906422)}
2024-11-17 07:15:12,984 - INFO - Bottom 10 Mean Stats: {'Max': np.float64(100.0), 'Min': np.float64(84.0), 'Mean': np.float64(93.0), 'Std': np.float64(5.019960159204453)}
2024-11-17 07:15:12,984 - INFO - Bottom 10 Std Stats: {'Max': np.float64(0.0), 'Min': np.float64(0.0), 'Mean': np.float64(0.0), 'Std': np.float64(0.0)}
2024-11-17 07:15:12,991 - INFO - Candidate Mean Stats: {'Max': np.float64(100.0), 'Min': np.float64(-0.3131580930324007), 'Mean': np.float64(1.1633930023125005), 'Std': np.float64(8.030170204911334)}
2024-11-17 07:15:12,992 - INFO - Candidate Std Stats: {'Max': np.float64(0.4500570058856189), 'Min': np.float64(0.0), 'Mean': np.float64(0.029014955125938907), 'Std': np.float64(0.03827868492690647)}
2024-11-17 07:15:12,993 - INFO - Top 10 Mean Stats: {'Max': np.float64(-0.11184688927881811), 'Min': np.float64(-0.3131580930324007), 'Mean': np.float64(-0.23372497383037696), 'Std': np.float64(0.056313016123907725)}
2024-11-17 07:15:12,993 - INFO - Top 10 Std Stats: {'Max': np.float64(0.389471998994654), 'Min': np.float64(0.2087073542493277), 'Mean': np.float64(0.28250235218208547), 'Std': np.float64(0.04974105625214203)}
2024-11-17 07:15:12,993 - INFO - Bottom 10 Mean Stats: {'Max': np.float64(100.0), 'Min': np.float64(91.0), 'Mean': np.float64(95.5), 'Std': np.float64(4.5)}
2024-11-17 07:15:12,993 - INFO - Bottom 10 Std Stats: {'Max': np.float64(0.0), 'Min': np.float64(0.0), 'Mean': np.float64(0.0), 'Std': np.float64(0.0)}
[I 2024-11-17 07:15:13,004] Trial 401 finished with value: 25.0 and parameters: {'x_0': 0, 'x_1': 3, 'x_2': 0, 'x_3': 4}. Best is trial 362 with value: 1.0.
[I 2024-11-17 07:15:13,012] Trial 392 finished with value: 18.0 and parameters: {'x_0': 0, 'x_1': -1, 'x_2': 4, 'x_3': -1}. Best is trial 179 with value: 1.0.
2024-11-17 07:15:13,116 - INFO - Candidate Mean Stats: {'Max': np.float64(91.0), 'Min': np.float64(-0.4359535756656939), 'Mean': np.float64(0.8109227472409004), 'Std': np.float64(6.189446006544633)}
2024-11-17 07:15:13,116 - INFO - Candidate Std Stats: {'Max': np.float64(0.570486967244366), 'Min': np.float64(0.0), 'Mean': np.float64(0.04061029341711475), 'Std': np.float64(0.04482706100459832)}
2024-11-17 07:15:13,117 - INFO - Top 10 Mean Stats: {'Max': np.float64(-0.2644397977876173), 'Min': np.float64(-0.4359535756656939), 'Mean': np.float64(-0.38805147641154797), 'Std': np.float64(0.058962373935202886)}
2024-11-17 07:15:13,118 - INFO - Top 10 Std Stats: {'Max': np.float64(0.5648227076674258), 'Min': np.float64(0.17922406757573953), 'Mean': np.float64(0.2926803185775284), 'Std': np.float64(0.14938724424976757)}
2024-11-17 07:15:13,118 - INFO - Bottom 10 Mean Stats: {'Max': np.float64(91.0), 'Min': np.float64(75.0), 'Mean': np.float64(82.7), 'Std': np.float64(4.960846701924985)}
2024-11-17 07:15:13,118 - INFO - Bottom 10 Std Stats: {'Max': np.float64(0.0), 'Min': np.float64(0.0), 'Mean': np.float64(0.0), 'Std': np.float64(0.0)}
2024-11-17 07:15:13,126 - INFO - Candidate Mean Stats: {'Max': np.float64(100.0), 'Min': np.float64(-0.2867841511238821), 'Mean': np.float64(1.005300954776292), 'Std': np.float64(7.223411412447811)}
2024-11-17 07:15:13,126 - INFO - Candidate Std Stats: {'Max': np.float64(0.5359307118192812), 'Min': np.float64(0.0), 'Mean': np.float64(0.025725747810966454), 'Std': np.float64(0.036924627205999316)}
2024-11-17 07:15:13,128 - INFO - Top 10 Mean Stats: {'Max': np.float64(-0.14736748604879474), 'Min': np.float64(-0.2867841511238821), 'Mean': np.float64(-0.2504354746533375), 'Std': np.float64(0.03665164574698551)}
2024-11-17 07:15:13,128 - INFO - Top 10 Std Stats: {'Max': np.float64(0.2879160699637408), 'Min': np.float64(0.19051711840441796), 'Mean': np.float64(0.20923821516237232), 'Std': np.float64(0.02764273789465063)}
2024-11-17 07:15:13,128 - INFO - Bottom 10 Mean Stats: {'Max': np.float64(100.0), 'Min': np.float64(84.0), 'Mean': np.float64(93.0), 'Std': np.float64(5.019960159204453)}
2024-11-17 07:15:13,128 - INFO - Bottom 10 Std Stats: {'Max': np.float64(0.0), 'Min': np.float64(0.0), 'Mean': np.float64(0.0), 'Std': np.float64(0.0)}
[I 2024-11-17 07:15:13,135] Trial 361 finished with value: 58.0 and parameters: {'x_0': 4, 'x_1': 1, 'x_2': -5, 'x_3': -4}. Best is trial 320 with value: 0.0.
[I 2024-11-17 07:15:13,145] Trial 402 finished with value: 10.0 and parameters: {'x_0': -1, 'x_1': 0, 'x_2': 3, 'x_3': 0}. Best is trial 362 with value: 1.0.
2024-11-17 07:15:13,185 - INFO - Candidate Mean Stats: {'Max': np.float64(100.0), 'Min': np.float64(-0.3805067202891467), 'Mean': np.float64(1.1607906123390426), 'Std': np.float64(8.031902762147363)}
2024-11-17 07:15:13,185 - INFO - Candidate Std Stats: {'Max': np.float64(0.3398238798392114), 'Min': np.float64(0.0), 'Mean': np.float64(0.03217059351030163), 'Std': np.float64(0.03943742490836632)}
2024-11-17 07:15:13,187 - INFO - Top 10 Mean Stats: {'Max': np.float64(-0.33535833704149104), 'Min': np.float64(-0.3805067202891467), 'Mean': np.float64(-0.35543871152394785), 'Std': np.float64(0.013876736258278182)}
2024-11-17 07:15:13,187 - INFO - Top 10 Std Stats: {'Max': np.float64(0.2876742834081377), 'Min': np.float64(0.19056448977411672), 'Mean': np.float64(0.23247395863560422), 'Std': np.float64(0.038780043788143426)}
2024-11-17 07:15:13,187 - INFO - Bottom 10 Mean Stats: {'Max': np.float64(100.0), 'Min': np.float64(91.0), 'Mean': np.float64(95.5), 'Std': np.float64(4.5)}
2024-11-17 07:15:13,187 - INFO - Bottom 10 Std Stats: {'Max': np.float64(0.0), 'Min': np.float64(0.0), 'Mean': np.float64(0.0), 'Std': np.float64(0.0)}
[I 2024-11-17 07:15:13,205] Trial 393 finished with value: 9.0 and parameters: {'x_0': 0, 'x_1': 1, 'x_2': 2, 'x_3': -2}. Best is trial 179 with value: 1.0.
2024-11-17 07:15:13,301 - INFO - Candidate Mean Stats: {'Max': np.float64(100.0), 'Min': np.float64(-0.2873613472670545), 'Mean': np.float64(1.0016975257387033), 'Std': np.float64(7.224340099552023)}
2024-11-17 07:15:13,301 - INFO - Candidate Std Stats: {'Max': np.float64(0.4867012757956833), 'Min': np.float64(0.0), 'Mean': np.float64(0.030205088873193734), 'Std': np.float64(0.040554455848996133)}
2024-11-17 07:15:13,303 - INFO - Top 10 Mean Stats: {'Max': np.float64(-0.16244828959806984), 'Min': np.float64(-0.2873613472670545), 'Mean': np.float64(-0.19334829819521088), 'Std': np.float64(0.035989042899003634)}
2024-11-17 07:15:13,303 - INFO - Top 10 Std Stats: {'Max': np.float64(0.40870369565090625), 'Min': np.float64(0.18812503891226873), 'Mean': np.float64(0.3317511185950711), 'Std': np.float64(0.06148136608638075)}
2024-11-17 07:15:13,303 - INFO - Bottom 10 Mean Stats: {'Max': np.float64(100.0), 'Min': np.float64(84.0), 'Mean': np.float64(93.0), 'Std': np.float64(5.019960159204453)}
2024-11-17 07:15:13,303 - INFO - Bottom 10 Std Stats: {'Max': np.float64(0.0), 'Min': np.float64(0.0), 'Mean': np.float64(0.0), 'Std': np.float64(0.0)}
[I 2024-11-17 07:15:13,320] Trial 403 finished with value: 66.0 and parameters: {'x_0': 4, 'x_1': -5, 'x_2': -4, 'x_3': -3}. Best is trial 362 with value: 1.0.
2024-11-17 07:15:13,364 - INFO - Candidate Mean Stats: {'Max': np.float64(100.0), 'Min': np.float64(-0.3518064984736994), 'Mean': np.float64(1.1644008279873534), 'Std': np.float64(8.031729122941249)}
2024-11-17 07:15:13,364 - INFO - Candidate Std Stats: {'Max': np.float64(0.495947958653321), 'Min': np.float64(0.0), 'Mean': np.float64(0.035342205294173215), 'Std': np.float64(0.0445731112350242)}
2024-11-17 07:15:13,365 - INFO - Top 10 Mean Stats: {'Max': np.float64(-0.14295418499225682), 'Min': np.float64(-0.3518064984736994), 'Mean': np.float64(-0.27043694045407596), 'Std': np.float64(0.060428318458894514)}
2024-11-17 07:15:13,365 - INFO - Top 10 Std Stats: {'Max': np.float64(0.40281867803297605), 'Min': np.float64(0.26856946920465813), 'Mean': np.float64(0.32146964924811905), 'Std': np.float64(0.03867914096042353)}
2024-11-17 07:15:13,365 - INFO - Bottom 10 Mean Stats: {'Max': np.float64(100.0), 'Min': np.float64(91.0), 'Mean': np.float64(95.5), 'Std': np.float64(4.5)}
2024-11-17 07:15:13,365 - INFO - Bottom 10 Std Stats: {'Max': np.float64(0.0), 'Min': np.float64(0.0), 'Mean': np.float64(0.0), 'Std': np.float64(0.0)}
[I 2024-11-17 07:15:13,382] Trial 394 finished with value: 5.0 and parameters: {'x_0': 0, 'x_1': 1, 'x_2': 2, 'x_3': 0}. Best is trial 179 with value: 1.0.
2024-11-17 07:15:13,388 - INFO - Candidate Mean Stats: {'Max': np.float64(91.0), 'Min': np.float64(-0.6352345893444006), 'Mean': np.float64(0.8155413524189749), 'Std': np.float64(6.207394293834258)}
2024-11-17 07:15:13,388 - INFO - Candidate Std Stats: {'Max': np.float64(0.5466813628119227), 'Min': np.float64(0.0), 'Mean': np.float64(0.044561922963613936), 'Std': np.float64(0.04689520356139441)}
2024-11-17 07:15:13,390 - INFO - Top 10 Mean Stats: {'Max': np.float64(-0.4173388460340517), 'Min': np.float64(-0.6352345893444006), 'Mean': np.float64(-0.5529672927957441), 'Std': np.float64(0.06791117328744246)}
2024-11-17 07:15:13,390 - INFO - Top 10 Std Stats: {'Max': np.float64(0.25387332514586763), 'Min': np.float64(0.1339983248903019), 'Mean': np.float64(0.18556070095656774), 'Std': np.float64(0.0401998179182204)}
2024-11-17 07:15:13,390 - INFO - Bottom 10 Mean Stats: {'Max': np.float64(91.0), 'Min': np.float64(75.0), 'Mean': np.float64(82.7), 'Std': np.float64(4.960846701924985)}
2024-11-17 07:15:13,390 - INFO - Bottom 10 Std Stats: {'Max': np.float64(0.0), 'Min': np.float64(0.0), 'Mean': np.float64(0.0), 'Std': np.float64(0.0)}
[I 2024-11-17 07:15:13,408] Trial 362 finished with value: 1.0 and parameters: {'x_0': 0, 'x_1': 1, 'x_2': 0, 'x_3': 0}. Best is trial 320 with value: 0.0.
2024-11-17 07:15:13,484 - INFO - Candidate Mean Stats: {'Max': np.float64(100.0), 'Min': np.float64(-0.25077099401773795), 'Mean': np.float64(1.0085093572247534), 'Std': np.float64(7.243967525552726)}
2024-11-17 07:15:13,485 - INFO - Candidate Std Stats: {'Max': np.float64(0.5247851508943754), 'Min': np.float64(0.0), 'Mean': np.float64(0.030738546679101125), 'Std': np.float64(0.04039452099066225)}
2024-11-17 07:15:13,486 - INFO - Top 10 Mean Stats: {'Max': np.float64(-0.051205892095531044), 'Min': np.float64(-0.16290760129154708), 'Mean': np.float64(-0.08421813097478481), 'Std': np.float64(0.036366659056803245)}
2024-11-17 07:15:13,486 - INFO - Top 10 Std Stats: {'Max': np.float64(0.39679160409464737), 'Min': np.float64(0.24464149098473742), 'Mean': np.float64(0.32052640234949836), 'Std': np.float64(0.04412743625133497)}
2024-11-17 07:15:13,486 - INFO - Bottom 10 Mean Stats: {'Max': np.float64(100.0), 'Min': np.float64(84.0), 'Mean': np.float64(93.0), 'Std': np.float64(5.019960159204453)}
2024-11-17 07:15:13,486 - INFO - Bottom 10 Std Stats: {'Max': np.float64(0.0), 'Min': np.float64(0.0), 'Mean': np.float64(0.0), 'Std': np.float64(0.0)}
