[I 2024-11-17 07:14:19,758] Trial 179 finished with value: 14.0 and parameters: {'x_0': -1, 'x_1': 2, 'x_2': 3, 'x_3': 0}. Best is trial 141 with value: 2.0.
2024-11-17 07:14:19,773 - INFO - Candidate Mean Stats: {'Max': np.float64(100.0), 'Min': np.float64(-0.3136362269106962), 'Mean': np.float64(0.6528392615047899), 'Std': np.float64(6.260721991460352)}
2024-11-17 07:14:19,773 - INFO - Candidate Std Stats: {'Max': np.float64(0.6472752736847939), 'Min': np.float64(0.0), 'Mean': np.float64(0.0452349568079413), 'Std': np.float64(0.04922650164141231)}
2024-11-17 07:14:19,774 - INFO - Candidate Mean Stats: {'Max': np.float64(91.0), 'Min': np.float64(-0.20416356904467298), 'Mean': np.float64(0.49606839446960843), 'Std': np.float64(4.888050453947859)}
2024-11-17 07:14:19,774 - INFO - Top 10 Mean Stats: {'Max': np.float64(-0.003153677719614534), 'Min': np.float64(-0.3136362269106962), 'Mean': np.float64(-0.14554488236884017), 'Std': np.float64(0.08894637297971959)}
2024-11-17 07:14:19,774 - INFO - Candidate Std Stats: {'Max': np.float64(0.40453452368860054), 'Min': np.float64(0.0), 'Mean': np.float64(0.06551331870016304), 'Std': np.float64(0.04438361690408312)}
2024-11-17 07:14:19,774 - INFO - Top 10 Std Stats: {'Max': np.float64(0.6472752736847939), 'Min': np.float64(0.3959335828552294), 'Mean': np.float64(0.5175852282687705), 'Std': np.float64(0.09135644436580544)}
2024-11-17 07:14:19,774 - INFO - Bottom 10 Mean Stats: {'Max': np.float64(100.0), 'Min': np.float64(91.0), 'Mean': np.float64(95.5), 'Std': np.float64(4.5)}
2024-11-17 07:14:19,774 - INFO - Bottom 10 Std Stats: {'Max': np.float64(0.0), 'Min': np.float64(0.0), 'Mean': np.float64(0.0), 'Std': np.float64(0.0)}
2024-11-17 07:14:19,776 - INFO - Top 10 Mean Stats: {'Max': np.float64(-0.12535147569152688), 'Min': np.float64(-0.20416356904467298), 'Mean': np.float64(-0.16140684575408817), 'Std': np.float64(0.024334690627415542)}
2024-11-17 07:14:19,776 - INFO - Top 10 Std Stats: {'Max': np.float64(0.40453452368860054), 'Min': np.float64(0.297149724531014), 'Mean': np.float64(0.33613509597517155), 'Std': np.float64(0.03230671828789481)}
2024-11-17 07:14:19,776 - INFO - Bottom 10 Mean Stats: {'Max': np.float64(91.0), 'Min': np.float64(70.0), 'Mean': np.float64(79.2), 'Std': np.float64(7.0398863627192165)}
2024-11-17 07:14:19,776 - INFO - Bottom 10 Std Stats: {'Max': np.float64(0.0), 'Min': np.float64(0.0), 'Mean': np.float64(0.0), 'Std': np.float64(0.0)}
[I 2024-11-17 07:14:19,790] Trial 189 finished with value: 34.0 and parameters: {'x_0': -4, 'x_1': -3, 'x_2': 0, 'x_3': -3}. Best is trial 179 with value: 1.0.
[I 2024-11-17 07:14:19,793] Trial 185 finished with value: 50.0 and parameters: {'x_0': 4, 'x_1': -4, 'x_2': 3, 'x_3': 3}. Best is trial 76 with value: 7.0.
2024-11-17 07:14:20,004 - INFO - Candidate Mean Stats: {'Max': np.float64(75.0), 'Min': np.float64(-0.3373500064550697), 'Mean': np.float64(0.4494091395978415), 'Std': np.float64(4.510705713282084)}
2024-11-17 07:14:20,004 - INFO - Candidate Std Stats: {'Max': np.float64(0.5810884488528003), 'Min': np.float64(0.0), 'Mean': np.float64(0.0632331228763071), 'Std': np.float64(0.048390259711701716)}
2024-11-17 07:14:20,005 - INFO - Top 10 Mean Stats: {'Max': np.float64(-0.19022598896273235), 'Min': np.float64(-0.3373500064550697), 'Mean': np.float64(-0.25221245866841957), 'Std': np.float64(0.04977626734731569)}
2024-11-17 07:14:20,005 - INFO - Top 10 Std Stats: {'Max': np.float64(0.5547782124132664), 'Min': np.float64(0.3188390972004959), 'Mean': np.float64(0.4342627342701337), 'Std': np.float64(0.07719268667546168)}
2024-11-17 07:14:20,005 - INFO - Bottom 10 Mean Stats: {'Max': np.float64(75.0), 'Min': np.float64(66.0), 'Mean': np.float64(72.0), 'Std': np.float64(3.5496478698597698)}
2024-11-17 07:14:20,005 - INFO - Bottom 10 Std Stats: {'Max': np.float64(0.0), 'Min': np.float64(0.0), 'Mean': np.float64(0.0), 'Std': np.float64(0.0)}
[I 2024-11-17 07:14:20,021] Trial 180 finished with value: 34.0 and parameters: {'x_0': 1, 'x_1': 4, 'x_2': -1, 'x_3': 4}. Best is trial 141 with value: 2.0.
2024-11-17 07:14:20,023 - INFO - Candidate Mean Stats: {'Max': np.float64(91.0), 'Min': np.float64(-0.4662489515619267), 'Mean': np.float64(0.5002747449651898), 'Std': np.float64(4.905062141719716)}
2024-11-17 07:14:20,023 - INFO - Candidate Std Stats: {'Max': np.float64(0.932628892560558), 'Min': np.float64(0.0), 'Mean': np.float64(0.062223427268785464), 'Std': np.float64(0.04971244194504004)}
2024-11-17 07:14:20,024 - INFO - Top 10 Mean Stats: {'Max': np.float64(-0.1825345770044261), 'Min': np.float64(-0.4662489515619267), 'Mean': np.float64(-0.2503712053732515), 'Std': np.float64(0.07723760718421752)}
2024-11-17 07:14:20,024 - INFO - Top 10 Std Stats: {'Max': np.float64(0.932628892560558), 'Min': np.float64(0.3116065211000356), 'Mean': np.float64(0.4474726483979078), 'Std': np.float64(0.16940144533904225)}
2024-11-17 07:14:20,024 - INFO - Bottom 10 Mean Stats: {'Max': np.float64(91.0), 'Min': np.float64(70.0), 'Mean': np.float64(79.2), 'Std': np.float64(7.0398863627192165)}
2024-11-17 07:14:20,024 - INFO - Bottom 10 Std Stats: {'Max': np.float64(0.0), 'Min': np.float64(0.0), 'Mean': np.float64(0.0), 'Std': np.float64(0.0)}
2024-11-17 07:14:20,026 - INFO - Candidate Mean Stats: {'Max': np.float64(100.0), 'Min': np.float64(-0.17236135620161713), 'Mean': np.float64(0.6547369488971266), 'Std': np.float64(6.266811106475694)}
2024-11-17 07:14:20,026 - INFO - Candidate Std Stats: {'Max': np.float64(0.38770488499404615), 'Min': np.float64(0.0), 'Mean': np.float64(0.04569730603837137), 'Std': np.float64(0.043132049271227435)}
2024-11-17 07:14:20,027 - INFO - Top 10 Mean Stats: {'Max': np.float64(-0.10775422081134953), 'Min': np.float64(-0.15250307887899234), 'Mean': np.float64(-0.13415748895906926), 'Std': np.float64(0.01409590168183555)}
2024-11-17 07:14:20,027 - INFO - Top 10 Std Stats: {'Max': np.float64(0.38770488499404615), 'Min': np.float64(0.27149258681835275), 'Mean': np.float64(0.3182164053856732), 'Std': np.float64(0.04110781395558109)}
2024-11-17 07:14:20,027 - INFO - Bottom 10 Mean Stats: {'Max': np.float64(100.0), 'Min': np.float64(91.0), 'Mean': np.float64(95.5), 'Std': np.float64(4.5)}
2024-11-17 07:14:20,027 - INFO - Bottom 10 Std Stats: {'Max': np.float64(0.0), 'Min': np.float64(0.0), 'Mean': np.float64(0.0), 'Std': np.float64(0.0)}
[I 2024-11-17 07:14:20,042] Trial 186 finished with value: 82.0 and parameters: {'x_0': -5, 'x_1': -4, 'x_2': -5, 'x_3': -4}. Best is trial 76 with value: 7.0.
[I 2024-11-17 07:14:20,044] Trial 190 finished with value: 42.0 and parameters: {'x_0': 5, 'x_1': 4, 'x_2': -1, 'x_3': 0}. Best is trial 179 with value: 1.0.
2024-11-17 07:14:20,265 - INFO - Candidate Mean Stats: {'Max': np.float64(100.0), 'Min': np.float64(-0.165876243665173), 'Mean': np.float64(0.6569187011108353), 'Std': np.float64(6.276190678998046)}
2024-11-17 07:14:20,265 - INFO - Candidate Std Stats: {'Max': np.float64(0.471728844136739), 'Min': np.float64(0.0), 'Mean': np.float64(0.05263976789034121), 'Std': np.float64(0.04491178945509764)}
2024-11-17 07:14:20,266 - INFO - Candidate Mean Stats: {'Max': np.float64(75.0), 'Min': np.float64(-0.26700262593571245), 'Mean': np.float64(0.4510179513113615), 'Std': np.float64(4.519285832980098)}
2024-11-17 07:14:20,266 - INFO - Candidate Std Stats: {'Max': np.float64(0.4959994011743141), 'Min': np.float64(0.0), 'Mean': np.float64(0.06291622722550802), 'Std': np.float64(0.04882432381356062)}
2024-11-17 07:14:20,266 - INFO - Top 10 Mean Stats: {'Max': np.float64(-0.07918316636745515), 'Min': np.float64(-0.165876243665173), 'Mean': np.float64(-0.12829232346377192), 'Std': np.float64(0.024696786603214005)}
2024-11-17 07:14:20,266 - INFO - Top 10 Std Stats: {'Max': np.float64(0.40612674557036266), 'Min': np.float64(0.271093363675193), 'Mean': np.float64(0.3261546790540422), 'Std': np.float64(0.04005639387306313)}
2024-11-17 07:14:20,266 - INFO - Bottom 10 Mean Stats: {'Max': np.float64(100.0), 'Min': np.float64(91.0), 'Mean': np.float64(95.5), 'Std': np.float64(4.5)}
2024-11-17 07:14:20,266 - INFO - Bottom 10 Std Stats: {'Max': np.float64(0.0), 'Min': np.float64(0.0), 'Mean': np.float64(0.0), 'Std': np.float64(0.0)}
2024-11-17 07:14:20,267 - INFO - Top 10 Mean Stats: {'Max': np.float64(-0.15862867867753513), 'Min': np.float64(-0.26700262593571245), 'Mean': np.float64(-0.19803627770207527), 'Std': np.float64(0.028499738604295968)}
2024-11-17 07:14:20,267 - INFO - Top 10 Std Stats: {'Max': np.float64(0.4959994011743141), 'Min': np.float64(0.3237070277113646), 'Mean': np.float64(0.39715310822291655), 'Std': np.float64(0.06372911898690978)}
2024-11-17 07:14:20,267 - INFO - Bottom 10 Mean Stats: {'Max': np.float64(75.0), 'Min': np.float64(66.0), 'Mean': np.float64(72.0), 'Std': np.float64(3.5496478698597698)}
2024-11-17 07:14:20,267 - INFO - Bottom 10 Std Stats: {'Max': np.float64(0.0), 'Min': np.float64(0.0), 'Mean': np.float64(0.0), 'Std': np.float64(0.0)}
[I 2024-11-17 07:14:20,282] Trial 191 finished with value: 58.0 and parameters: {'x_0': 2, 'x_1': -5, 'x_2': -2, 'x_3': 5}. Best is trial 179 with value: 1.0.
[I 2024-11-17 07:14:20,282] Trial 181 finished with value: 34.0 and parameters: {'x_0': 1, 'x_1': -2, 'x_2': -5, 'x_3': 2}. Best is trial 141 with value: 2.0.
2024-11-17 07:14:20,299 - INFO - Candidate Mean Stats: {'Max': np.float64(91.0), 'Min': np.float64(-0.3663987711234825), 'Mean': np.float64(0.5060825845438375), 'Std': np.float64(4.95106598117271)}
2024-11-17 07:14:20,299 - INFO - Candidate Std Stats: {'Max': np.float64(0.7322419125870783), 'Min': np.float64(0.0), 'Mean': np.float64(0.061406445091049165), 'Std': np.float64(0.05061376385018892)}
2024-11-17 07:14:20,301 - INFO - Top 10 Mean Stats: {'Max': np.float64(-0.06028832452906267), 'Min': np.float64(-0.3663987711234825), 'Mean': np.float64(-0.23476346420015895), 'Std': np.float64(0.07500616005906292)}
2024-11-17 07:14:20,301 - INFO - Top 10 Std Stats: {'Max': np.float64(0.7322419125870783), 'Min': np.float64(0.36685881587752095), 'Mean': np.float64(0.4735846331850008), 'Std': np.float64(0.10258098250338384)}
2024-11-17 07:14:20,301 - INFO - Bottom 10 Mean Stats: {'Max': np.float64(91.0), 'Min': np.float64(73.0), 'Mean': np.float64(80.4), 'Std': np.float64(6.359245238233859)}
2024-11-17 07:14:20,301 - INFO - Bottom 10 Std Stats: {'Max': np.float64(0.0), 'Min': np.float64(0.0), 'Mean': np.float64(0.0), 'Std': np.float64(0.0)}
[I 2024-11-17 07:14:20,316] Trial 187 finished with value: 70.0 and parameters: {'x_0': -5, 'x_1': 2, 'x_2': -5, 'x_3': 4}. Best is trial 76 with value: 7.0.
2024-11-17 07:14:20,506 - INFO - Candidate Mean Stats: {'Max': np.float64(100.0), 'Min': np.float64(-0.26158664806972565), 'Mean': np.float64(0.6613545219103086), 'Std': np.float64(6.293998923921589)}
2024-11-17 07:14:20,506 - INFO - Candidate Std Stats: {'Max': np.float64(0.6990272118595797), 'Min': np.float64(0.0), 'Mean': np.float64(0.052308060956473064), 'Std': np.float64(0.04888779668803809)}
2024-11-17 07:14:20,508 - INFO - Top 10 Mean Stats: {'Max': np.float64(-0.07922928441596014), 'Min': np.float64(-0.26158664806972565), 'Mean': np.float64(-0.1747355196508455), 'Std': np.float64(0.05642992077458188)}
2024-11-17 07:14:20,509 - INFO - Top 10 Std Stats: {'Max': np.float64(0.6990272118595797), 'Min': np.float64(0.39363184795039435), 'Mean': np.float64(0.501918491393131), 'Std': np.float64(0.08477270816716853)}
2024-11-17 07:14:20,509 - INFO - Bottom 10 Mean Stats: {'Max': np.float64(100.0), 'Min': np.float64(91.0), 'Mean': np.float64(95.5), 'Std': np.float64(4.5)}
2024-11-17 07:14:20,509 - INFO - Bottom 10 Std Stats: {'Max': np.float64(0.0), 'Min': np.float64(0.0), 'Mean': np.float64(0.0), 'Std': np.float64(0.0)}
2024-11-17 07:14:20,522 - INFO - Candidate Mean Stats: {'Max': np.float64(75.0), 'Min': np.float64(-0.21867513151005663), 'Mean': np.float64(0.4522516546250572), 'Std': np.float64(4.527892492381899)}
2024-11-17 07:14:20,522 - INFO - Candidate Std Stats: {'Max': np.float64(0.5080682504295889), 'Min': np.float64(0.0), 'Mean': np.float64(0.0644572115018125), 'Std': np.float64(0.0481489082186571)}
2024-11-17 07:14:20,523 - INFO - Top 10 Mean Stats: {'Max': np.float64(-0.1844297636980383), 'Min': np.float64(-0.21867513151005663), 'Mean': np.float64(-0.20460356588182846), 'Std': np.float64(0.010131346324236627)}
2024-11-17 07:14:20,523 - INFO - Top 10 Std Stats: {'Max': np.float64(0.47272049268997285), 'Min': np.float64(0.3790721324377574), 'Mean': np.float64(0.41891830086212484), 'Std': np.float64(0.0264564987147242)}
2024-11-17 07:14:20,523 - INFO - Bottom 10 Mean Stats: {'Max': np.float64(75.0), 'Min': np.float64(66.0), 'Mean': np.float64(72.0), 'Std': np.float64(3.5496478698597698)}
2024-11-17 07:14:20,523 - INFO - Bottom 10 Std Stats: {'Max': np.float64(0.0), 'Min': np.float64(0.0), 'Mean': np.float64(0.0), 'Std': np.float64(0.0)}
[I 2024-11-17 07:14:20,524] Trial 192 finished with value: 91.0 and parameters: {'x_0': 5, 'x_1': 5, 'x_2': -4, 'x_3': 5}. Best is trial 179 with value: 1.0.
[I 2024-11-17 07:14:20,539] Trial 182 finished with value: 38.0 and parameters: {'x_0': 3, 'x_1': 2, 'x_2': 5, 'x_3': 0}. Best is trial 141 with value: 2.0.
2024-11-17 07:14:20,591 - INFO - Candidate Mean Stats: {'Max': np.float64(91.0), 'Min': np.float64(-0.3254142434402742), 'Mean': np.float64(0.51135688284584), 'Std': np.float64(4.9842112763887085)}
2024-11-17 07:14:20,591 - INFO - Candidate Std Stats: {'Max': np.float64(0.5871228576560485), 'Min': np.float64(0.0), 'Mean': np.float64(0.06138019616567943), 'Std': np.float64(0.05162667105823934)}
2024-11-17 07:14:20,592 - INFO - Top 10 Mean Stats: {'Max': np.float64(-0.16729010513215695), 'Min': np.float64(-0.3254142434402742), 'Mean': np.float64(-0.2168811418193349), 'Std': np.float64(0.04845037371238667)}
2024-11-17 07:14:20,593 - INFO - Top 10 Std Stats: {'Max': np.float64(0.4812390608962081), 'Min': np.float64(0.36234106051494547), 'Mean': np.float64(0.4274673060701427), 'Std': np.float64(0.041625939793474225)}
2024-11-17 07:14:20,593 - INFO - Bottom 10 Mean Stats: {'Max': np.float64(91.0), 'Min': np.float64(73.0), 'Mean': np.float64(80.4), 'Std': np.float64(6.359245238233859)}
2024-11-17 07:14:20,593 - INFO - Bottom 10 Std Stats: {'Max': np.float64(0.0), 'Min': np.float64(0.0), 'Mean': np.float64(0.0), 'Std': np.float64(0.0)}
[I 2024-11-17 07:14:20,607] Trial 188 finished with value: 82.0 and parameters: {'x_0': -5, 'x_1': -4, 'x_2': 5, 'x_3': 4}. Best is trial 76 with value: 7.0.
2024-11-17 07:14:20,761 - INFO - Candidate Mean Stats: {'Max': np.float64(100.0), 'Min': np.float64(-0.17924738276072805), 'Mean': np.float64(0.6622895807776055), 'Std': np.float64(6.338676924677685)}
2024-11-17 07:14:20,761 - INFO - Candidate Std Stats: {'Max': np.float64(0.5172831418113094), 'Min': np.float64(0.0), 'Mean': np.float64(0.05421926750301695), 'Std': np.float64(0.04750643238555549)}
2024-11-17 07:14:20,763 - INFO - Top 10 Mean Stats: {'Max': np.float64(-0.1346123041215161), 'Min': np.float64(-0.17924738276072805), 'Mean': np.float64(-0.16060899752718721), 'Std': np.float64(0.015327364058411693)}
2024-11-17 07:14:20,763 - INFO - Top 10 Std Stats: {'Max': np.float64(0.3691057784270107), 'Min': np.float64(0.26118142008958284), 'Mean': np.float64(0.3206410647613092), 'Std': np.float64(0.032753266346573294)}
2024-11-17 07:14:20,763 - INFO - Bottom 10 Mean Stats: {'Max': np.float64(100.0), 'Min': np.float64(91.0), 'Mean': np.float64(95.5), 'Std': np.float64(4.5)}
2024-11-17 07:14:20,763 - INFO - Bottom 10 Std Stats: {'Max': np.float64(0.0), 'Min': np.float64(0.0), 'Mean': np.float64(0.0), 'Std': np.float64(0.0)}
[I 2024-11-17 07:14:20,778] Trial 193 finished with value: 13.0 and parameters: {'x_0': 2, 'x_1': 1, 'x_2': 2, 'x_3': -2}. Best is trial 179 with value: 1.0.
2024-11-17 07:14:20,788 - INFO - Candidate Mean Stats: {'Max': np.float64(75.0), 'Min': np.float64(-0.28963576430595117), 'Mean': np.float64(0.4566802743649551), 'Std': np.float64(4.538324072370923)}
2024-11-17 07:14:20,788 - INFO - Candidate Std Stats: {'Max': np.float64(0.7446125796252354), 'Min': np.float64(0.0), 'Mean': np.float64(0.06299252349501981), 'Std': np.float64(0.04844288776756901)}
2024-11-17 07:14:20,789 - INFO - Top 10 Mean Stats: {'Max': np.float64(-0.12916835518915454), 'Min': np.float64(-0.28963576430595117), 'Mean': np.float64(-0.1879356035692998), 'Std': np.float64(0.04718932394424599)}
2024-11-17 07:14:20,789 - INFO - Top 10 Std Stats: {'Max': np.float64(0.44797442909298496), 'Min': np.float64(0.26679577594417514), 'Mean': np.float64(0.36147292964639005), 'Std': np.float64(0.05468658434544497)}
2024-11-17 07:14:20,789 - INFO - Bottom 10 Mean Stats: {'Max': np.float64(75.0), 'Min': np.float64(66.0), 'Mean': np.float64(72.0), 'Std': np.float64(3.5496478698597698)}
2024-11-17 07:14:20,789 - INFO - Bottom 10 Std Stats: {'Max': np.float64(0.0), 'Min': np.float64(0.0), 'Mean': np.float64(0.0), 'Std': np.float64(0.0)}
[I 2024-11-17 07:14:20,805] Trial 183 finished with value: 42.0 and parameters: {'x_0': -5, 'x_1': -2, 'x_2': 3, 'x_3': -2}. Best is trial 141 with value: 2.0.
2024-11-17 07:14:20,846 - INFO - Candidate Mean Stats: {'Max': np.float64(91.0), 'Min': np.float64(-0.3322603157203758), 'Mean': np.float64(0.5160403834071217), 'Std': np.float64(5.029592487871688)}
2024-11-17 07:14:20,846 - INFO - Candidate Std Stats: {'Max': np.float64(0.5543926190008652), 'Min': np.float64(0.0), 'Mean': np.float64(0.06303777914581152), 'Std': np.float64(0.048803002145990974)}
2024-11-17 07:14:20,847 - INFO - Top 10 Mean Stats: {'Max': np.float64(-0.1384843593395749), 'Min': np.float64(-0.3322603157203758), 'Mean': np.float64(-0.24423662372464744), 'Std': np.float64(0.05234060599445206)}
2024-11-17 07:14:20,847 - INFO - Top 10 Std Stats: {'Max': np.float64(0.5097909500888811), 'Min': np.float64(0.3623454070443875), 'Mean': np.float64(0.41890873494002695), 'Std': np.float64(0.04466233172818807)}
2024-11-17 07:14:20,847 - INFO - Bottom 10 Mean Stats: {'Max': np.float64(91.0), 'Min': np.float64(75.0), 'Mean': np.float64(81.3), 'Std': np.float64(5.866003750424986)}
2024-11-17 07:14:20,847 - INFO - Bottom 10 Std Stats: {'Max': np.float64(0.0), 'Min': np.float64(0.0), 'Mean': np.float64(0.0), 'Std': np.float64(0.0)}
[I 2024-11-17 07:14:20,863] Trial 189 finished with value: 34.0 and parameters: {'x_0': -5, 'x_1': 2, 'x_2': 2, 'x_3': 1}. Best is trial 76 with value: 7.0.
2024-11-17 07:14:21,034 - INFO - Candidate Mean Stats: {'Max': np.float64(100.0), 'Min': np.float64(-0.23777062481534159), 'Mean': np.float64(0.6717114384400802), 'Std': np.float64(6.338612646990381)}
2024-11-17 07:14:21,034 - INFO - Candidate Std Stats: {'Max': np.float64(0.5155987802554357), 'Min': np.float64(0.0), 'Mean': np.float64(0.04870507506210792), 'Std': np.float64(0.039499112992439876)}
2024-11-17 07:14:21,035 - INFO - Top 10 Mean Stats: {'Max': np.float64(-0.14487573391449518), 'Min': np.float64(-0.23777062481534159), 'Mean': np.float64(-0.16434624169015594), 'Std': np.float64(0.026315830413513572)}
2024-11-17 07:14:21,035 - INFO - Top 10 Std Stats: {'Max': np.float64(0.5155987802554357), 'Min': np.float64(0.2564166540602027), 'Mean': np.float64(0.33911335367066175), 'Std': np.float64(0.07204369268298112)}
2024-11-17 07:14:21,035 - INFO - Bottom 10 Mean Stats: {'Max': np.float64(100.0), 'Min': np.float64(91.0), 'Mean': np.float64(95.5), 'Std': np.float64(4.5)}
2024-11-17 07:14:21,035 - INFO - Bottom 10 Std Stats: {'Max': np.float64(0.0), 'Min': np.float64(0.0), 'Mean': np.float64(0.0), 'Std': np.float64(0.0)}
[I 2024-11-17 07:14:21,054] Trial 194 finished with value: 49.0 and parameters: {'x_0': 4, 'x_1': -4, 'x_2': -1, 'x_3': -4}. Best is trial 179 with value: 1.0.
2024-11-17 07:14:21,096 - INFO - Candidate Mean Stats: {'Max': np.float64(75.0), 'Min': np.float64(-0.254151555373437), 'Mean': np.float64(0.46006617620336926), 'Std': np.float64(4.551233368592851)}
2024-11-17 07:14:21,096 - INFO - Candidate Std Stats: {'Max': np.float64(0.5229590404918216), 'Min': np.float64(0.0), 'Mean': np.float64(0.06417811840580874), 'Std': np.float64(0.04529663641722484)}
2024-11-17 07:14:21,098 - INFO - Top 10 Mean Stats: {'Max': np.float64(-0.03286996871620235), 'Min': np.float64(-0.254151555373437), 'Mean': np.float64(-0.14813994267197964), 'Std': np.float64(0.059229206456280326)}
2024-11-17 07:14:21,098 - INFO - Top 10 Std Stats: {'Max': np.float64(0.48382689954130814), 'Min': np.float64(0.3049760591889906), 'Mean': np.float64(0.35916423919800267), 'Std': np.float64(0.05228737390336778)}
2024-11-17 07:14:21,098 - INFO - Bottom 10 Mean Stats: {'Max': np.float64(75.0), 'Min': np.float64(66.0), 'Mean': np.float64(72.0), 'Std': np.float64(3.5496478698597698)}
2024-11-17 07:14:21,098 - INFO - Bottom 10 Std Stats: {'Max': np.float64(0.0), 'Min': np.float64(0.0), 'Mean': np.float64(0.0), 'Std': np.float64(0.0)}
2024-11-17 07:14:21,109 - INFO - Candidate Mean Stats: {'Max': np.float64(91.0), 'Min': np.float64(-0.3136402027440309), 'Mean': np.float64(0.5192789289626661), 'Std': np.float64(5.037101726621763)}
2024-11-17 07:14:21,109 - INFO - Candidate Std Stats: {'Max': np.float64(0.512813566364238), 'Min': np.float64(0.0), 'Mean': np.float64(0.06268838730895), 'Std': np.float64(0.04784639931467365)}
2024-11-17 07:14:21,110 - INFO - Top 10 Mean Stats: {'Max': np.float64(-0.16302466069864077), 'Min': np.float64(-0.3136402027440309), 'Mean': np.float64(-0.20150144420690402), 'Std': np.float64(0.04135939072436383)}
2024-11-17 07:14:21,111 - INFO - Top 10 Std Stats: {'Max': np.float64(0.43057508902080677), 'Min': np.float64(0.30952501549468686), 'Mean': np.float64(0.3578145860522691), 'Std': np.float64(0.034886351794289706)}
2024-11-17 07:14:21,111 - INFO - Bottom 10 Mean Stats: {'Max': np.float64(91.0), 'Min': np.float64(75.0), 'Mean': np.float64(81.3), 'Std': np.float64(5.866003750424986)}
2024-11-17 07:14:21,111 - INFO - Bottom 10 Std Stats: {'Max': np.float64(0.0), 'Min': np.float64(0.0), 'Mean': np.float64(0.0), 'Std': np.float64(0.0)}
