[I 2024-11-17 07:14:14,022] Trial 166 finished with value: 66.0 and parameters: {'x_0': 4, 'x_1': -5, 'x_2': 3, 'x_3': 4}. Best is trial 155 with value: 5.0.
2024-11-17 07:14:14,136 - INFO - Candidate Mean Stats: {'Max': np.float64(75.0), 'Min': np.float64(-0.3022892946102508), 'Mean': np.float64(0.4012046016116583), 'Std': np.float64(4.260431378390287)}
2024-11-17 07:14:14,136 - INFO - Candidate Std Stats: {'Max': np.float64(0.6045558192792574), 'Min': np.float64(0.0), 'Mean': np.float64(0.06408508420311847), 'Std': np.float64(0.049373236469505415)}
2024-11-17 07:14:14,138 - INFO - Top 10 Mean Stats: {'Max': np.float64(-0.14901090393310074), 'Min': np.float64(-0.3022892946102508), 'Mean': np.float64(-0.2240345248521726), 'Std': np.float64(0.04255589009563522)}
2024-11-17 07:14:14,138 - INFO - Top 10 Std Stats: {'Max': np.float64(0.6045558192792574), 'Min': np.float64(0.33057528704765676), 'Mean': np.float64(0.4188049790925506), 'Std': np.float64(0.08131061451382242)}
2024-11-17 07:14:14,138 - INFO - Bottom 10 Mean Stats: {'Max': np.float64(75.0), 'Min': np.float64(63.0), 'Mean': np.float64(70.8), 'Std': np.float64(4.284857057125709)}
2024-11-17 07:14:14,138 - INFO - Bottom 10 Std Stats: {'Max': np.float64(0.0), 'Min': np.float64(0.0), 'Mean': np.float64(0.0), 'Std': np.float64(0.0)}
2024-11-17 07:14:14,141 - INFO - Candidate Mean Stats: {'Max': np.float64(84.0), 'Min': np.float64(-0.27630788802574835), 'Mean': np.float64(0.43820437932575657), 'Std': np.float64(4.539321950434512)}
2024-11-17 07:14:14,142 - INFO - Candidate Std Stats: {'Max': np.float64(0.5379811409639285), 'Min': np.float64(0.0), 'Mean': np.float64(0.06251035844677508), 'Std': np.float64(0.04942275518164109)}
2024-11-17 07:14:14,143 - INFO - Top 10 Mean Stats: {'Max': np.float64(-0.05588720027418766), 'Min': np.float64(-0.27630788802574835), 'Mean': np.float64(-0.17324863965701162), 'Std': np.float64(0.055088923482324546)}
2024-11-17 07:14:14,143 - INFO - Top 10 Std Stats: {'Max': np.float64(0.5379811409639285), 'Min': np.float64(0.34366145391193853), 'Mean': np.float64(0.399746372985988), 'Std': np.float64(0.06019858423789535)}
2024-11-17 07:14:14,143 - INFO - Bottom 10 Mean Stats: {'Max': np.float64(84.0), 'Min': np.float64(68.0), 'Mean': np.float64(74.8), 'Std': np.float64(4.833218389437829)}
2024-11-17 07:14:14,143 - INFO - Bottom 10 Std Stats: {'Max': np.float64(0.0), 'Min': np.float64(0.0), 'Mean': np.float64(0.0), 'Std': np.float64(0.0)}
[I 2024-11-17 07:14:14,154] Trial 159 finished with value: 51.0 and parameters: {'x_0': 5, 'x_1': -1, 'x_2': -5, 'x_3': 0}. Best is trial 141 with value: 2.0.
[I 2024-11-17 07:14:14,158] Trial 164 finished with value: 67.0 and parameters: {'x_0': -4, 'x_1': -5, 'x_2': -1, 'x_3': -5}. Best is trial 76 with value: 7.0.
2024-11-17 07:14:14,230 - INFO - Candidate Mean Stats: {'Max': np.float64(100.0), 'Min': np.float64(-0.20246435964677773), 'Mean': np.float64(0.593417496755566), 'Std': np.float64(6.0279349401452516)}
2024-11-17 07:14:14,230 - INFO - Candidate Std Stats: {'Max': np.float64(0.4093148863239824), 'Min': np.float64(0.0), 'Mean': np.float64(0.05159405018030842), 'Std': np.float64(0.0441179357759678)}
2024-11-17 07:14:14,232 - INFO - Top 10 Mean Stats: {'Max': np.float64(-0.13119252132890422), 'Min': np.float64(-0.20246435964677773), 'Mean': np.float64(-0.16471643949695045), 'Std': np.float64(0.020894648119785544)}
2024-11-17 07:14:14,232 - INFO - Top 10 Std Stats: {'Max': np.float64(0.4093148863239824), 'Min': np.float64(0.28101771773861395), 'Mean': np.float64(0.33291205833189136), 'Std': np.float64(0.04214029705491578)}
2024-11-17 07:14:14,232 - INFO - Bottom 10 Mean Stats: {'Max': np.float64(100.0), 'Min': np.float64(91.0), 'Mean': np.float64(95.5), 'Std': np.float64(4.5)}
2024-11-17 07:14:14,232 - INFO - Bottom 10 Std Stats: {'Max': np.float64(0.0), 'Min': np.float64(0.0), 'Mean': np.float64(0.0), 'Std': np.float64(0.0)}
[I 2024-11-17 07:14:14,246] Trial 167 finished with value: 29.0 and parameters: {'x_0': 4, 'x_1': -3, 'x_2': -2, 'x_3': 0}. Best is trial 155 with value: 5.0.
2024-11-17 07:14:14,420 - INFO - Candidate Mean Stats: {'Max': np.float64(75.0), 'Min': np.float64(-0.318165513567935), 'Mean': np.float64(0.4027228115826104), 'Std': np.float64(4.281079881081379)}
2024-11-17 07:14:14,420 - INFO - Candidate Std Stats: {'Max': np.float64(0.49683287433394796), 'Min': np.float64(0.0), 'Mean': np.float64(0.06077506791495821), 'Std': np.float64(0.050392491111786335)}
2024-11-17 07:14:14,421 - INFO - Top 10 Mean Stats: {'Max': np.float64(-0.08958209451274339), 'Min': np.float64(-0.318165513567935), 'Mean': np.float64(-0.21818427590689646), 'Std': np.float64(0.061332822296792155)}
2024-11-17 07:14:14,421 - INFO - Top 10 Std Stats: {'Max': np.float64(0.49683287433394796), 'Min': np.float64(0.3525342199135614), 'Mean': np.float64(0.40671466295042524), 'Std': np.float64(0.04851854970608976)}
2024-11-17 07:14:14,422 - INFO - Bottom 10 Mean Stats: {'Max': np.float64(75.0), 'Min': np.float64(63.0), 'Mean': np.float64(70.8), 'Std': np.float64(4.284857057125709)}
2024-11-17 07:14:14,422 - INFO - Bottom 10 Std Stats: {'Max': np.float64(0.0), 'Min': np.float64(0.0), 'Mean': np.float64(0.0), 'Std': np.float64(0.0)}
2024-11-17 07:14:14,432 - INFO - Candidate Mean Stats: {'Max': np.float64(84.0), 'Min': np.float64(-0.3208260537200799), 'Mean': np.float64(0.4402404722736661), 'Std': np.float64(4.572775876171969)}
2024-11-17 07:14:14,432 - INFO - Candidate Std Stats: {'Max': np.float64(0.6735505726010179), 'Min': np.float64(0.0), 'Mean': np.float64(0.06471744643736158), 'Std': np.float64(0.04786529603043235)}
2024-11-17 07:14:14,433 - INFO - Top 10 Mean Stats: {'Max': np.float64(-0.15791540254827696), 'Min': np.float64(-0.3208260537200799), 'Mean': np.float64(-0.2199781974752108), 'Std': np.float64(0.045387451056056356)}
2024-11-17 07:14:14,433 - INFO - Top 10 Std Stats: {'Max': np.float64(0.6735505726010179), 'Min': np.float64(0.23589183601329294), 'Mean': np.float64(0.3855316203856375), 'Std': np.float64(0.10840530214777162)}
2024-11-17 07:14:14,433 - INFO - Bottom 10 Mean Stats: {'Max': np.float64(84.0), 'Min': np.float64(68.0), 'Mean': np.float64(74.8), 'Std': np.float64(4.833218389437829)}
2024-11-17 07:14:14,433 - INFO - Bottom 10 Std Stats: {'Max': np.float64(0.0), 'Min': np.float64(0.0), 'Mean': np.float64(0.0), 'Std': np.float64(0.0)}
[I 2024-11-17 07:14:14,438] Trial 160 finished with value: 44.0 and parameters: {'x_0': -3, 'x_1': 3, 'x_2': 5, 'x_3': 1}. Best is trial 141 with value: 2.0.
[I 2024-11-17 07:14:14,448] Trial 165 finished with value: 51.0 and parameters: {'x_0': 5, 'x_1': -1, 'x_2': -3, 'x_3': 4}. Best is trial 76 with value: 7.0.
2024-11-17 07:14:14,477 - INFO - Candidate Mean Stats: {'Max': np.float64(100.0), 'Min': np.float64(-0.2285451685778408), 'Mean': np.float64(0.5950550294393606), 'Std': np.float64(6.032530312260167)}
2024-11-17 07:14:14,477 - INFO - Candidate Std Stats: {'Max': np.float64(0.44085817247851), 'Min': np.float64(0.0), 'Mean': np.float64(0.053743418753363005), 'Std': np.float64(0.04622850116423581)}
2024-11-17 07:14:14,478 - INFO - Top 10 Mean Stats: {'Max': np.float64(-0.14280801797122397), 'Min': np.float64(-0.2285451685778408), 'Mean': np.float64(-0.17865594544378377), 'Std': np.float64(0.02595128868591247)}
2024-11-17 07:14:14,478 - INFO - Top 10 Std Stats: {'Max': np.float64(0.44085817247851), 'Min': np.float64(0.3178137074640777), 'Mean': np.float64(0.36402575786354396), 'Std': np.float64(0.04649883232166811)}
2024-11-17 07:14:14,478 - INFO - Bottom 10 Mean Stats: {'Max': np.float64(100.0), 'Min': np.float64(91.0), 'Mean': np.float64(95.5), 'Std': np.float64(4.5)}
2024-11-17 07:14:14,478 - INFO - Bottom 10 Std Stats: {'Max': np.float64(0.0), 'Min': np.float64(0.0), 'Mean': np.float64(0.0), 'Std': np.float64(0.0)}
[I 2024-11-17 07:14:14,493] Trial 168 finished with value: 13.0 and parameters: {'x_0': 2, 'x_1': -1, 'x_2': 2, 'x_3': 2}. Best is trial 155 with value: 5.0.
2024-11-17 07:14:14,685 - INFO - Candidate Mean Stats: {'Max': np.float64(75.0), 'Min': np.float64(-0.29598264149519526), 'Mean': np.float64(0.40656363281450836), 'Std': np.float64(4.296125585576305)}
2024-11-17 07:14:14,686 - INFO - Candidate Std Stats: {'Max': np.float64(0.5674586498714164), 'Min': np.float64(0.0), 'Mean': np.float64(0.06163333214067911), 'Std': np.float64(0.05021743628470245)}
2024-11-17 07:14:14,687 - INFO - Top 10 Mean Stats: {'Max': np.float64(-0.19762735561461492), 'Min': np.float64(-0.29598264149519526), 'Mean': np.float64(-0.23959658770676748), 'Std': np.float64(0.0342015701496249)}
2024-11-17 07:14:14,687 - INFO - Top 10 Std Stats: {'Max': np.float64(0.5640337371692405), 'Min': np.float64(0.34308473674813406), 'Mean': np.float64(0.44618427970503244), 'Std': np.float64(0.05597723961167536)}
2024-11-17 07:14:14,687 - INFO - Bottom 10 Mean Stats: {'Max': np.float64(75.0), 'Min': np.float64(63.0), 'Mean': np.float64(70.8), 'Std': np.float64(4.284857057125709)}
2024-11-17 07:14:14,687 - INFO - Bottom 10 Std Stats: {'Max': np.float64(0.0), 'Min': np.float64(0.0), 'Mean': np.float64(0.0), 'Std': np.float64(0.0)}
2024-11-17 07:14:14,693 - INFO - Candidate Mean Stats: {'Max': np.float64(84.0), 'Min': np.float64(-0.2725563518516048), 'Mean': np.float64(0.44293055931134256), 'Std': np.float64(4.591897554190305)}
2024-11-17 07:14:14,693 - INFO - Candidate Std Stats: {'Max': np.float64(0.7371467744227446), 'Min': np.float64(0.0), 'Mean': np.float64(0.06334167236517707), 'Std': np.float64(0.050421990819596536)}
2024-11-17 07:14:14,695 - INFO - Top 10 Mean Stats: {'Max': np.float64(-0.024343740078843747), 'Min': np.float64(-0.2725563518516048), 'Mean': np.float64(-0.19220799372522765), 'Std': np.float64(0.06883296788171997)}
2024-11-17 07:14:14,695 - INFO - Top 10 Std Stats: {'Max': np.float64(0.7371467744227446), 'Min': np.float64(0.30495098432956064), 'Mean': np.float64(0.43592430088426515), 'Std': np.float64(0.1111161607204621)}
2024-11-17 07:14:14,695 - INFO - Bottom 10 Mean Stats: {'Max': np.float64(84.0), 'Min': np.float64(68.0), 'Mean': np.float64(74.8), 'Std': np.float64(4.833218389437829)}
2024-11-17 07:14:14,695 - INFO - Bottom 10 Std Stats: {'Max': np.float64(0.0), 'Min': np.float64(0.0), 'Mean': np.float64(0.0), 'Std': np.float64(0.0)}
[I 2024-11-17 07:14:14,703] Trial 161 finished with value: 57.0 and parameters: {'x_0': 5, 'x_1': 0, 'x_2': 4, 'x_3': 4}. Best is trial 141 with value: 2.0.
2024-11-17 07:14:14,706 - INFO - Candidate Mean Stats: {'Max': np.float64(100.0), 'Min': np.float64(-0.2865665732055348), 'Mean': np.float64(0.5954933390737812), 'Std': np.float64(6.033447563284552)}
2024-11-17 07:14:14,706 - INFO - Candidate Std Stats: {'Max': np.float64(0.49289368154158403), 'Min': np.float64(0.0), 'Mean': np.float64(0.049072624268790666), 'Std': np.float64(0.047792658189910735)}
2024-11-17 07:14:14,708 - INFO - Top 10 Mean Stats: {'Max': np.float64(-0.15229401479166854), 'Min': np.float64(-0.2865665732055348), 'Mean': np.float64(-0.21989597871963923), 'Std': np.float64(0.03569121800106152)}
2024-11-17 07:14:14,708 - INFO - Top 10 Std Stats: {'Max': np.float64(0.49289368154158403), 'Min': np.float64(0.2933975811437533), 'Mean': np.float64(0.4057518792963187), 'Std': np.float64(0.058286692546464715)}
2024-11-17 07:14:14,708 - INFO - Bottom 10 Mean Stats: {'Max': np.float64(100.0), 'Min': np.float64(91.0), 'Mean': np.float64(95.5), 'Std': np.float64(4.5)}
2024-11-17 07:14:14,708 - INFO - Bottom 10 Std Stats: {'Max': np.float64(0.0), 'Min': np.float64(0.0), 'Mean': np.float64(0.0), 'Std': np.float64(0.0)}
[I 2024-11-17 07:14:14,708] Trial 166 finished with value: 91.0 and parameters: {'x_0': -5, 'x_1': -4, 'x_2': -5, 'x_3': -5}. Best is trial 76 with value: 7.0.
[I 2024-11-17 07:14:14,723] Trial 169 finished with value: 33.0 and parameters: {'x_0': 0, 'x_1': -2, 'x_2': 5, 'x_3': -2}. Best is trial 155 with value: 5.0.
2024-11-17 07:14:14,958 - INFO - Candidate Mean Stats: {'Max': np.float64(75.0), 'Min': np.float64(-0.2656168099000063), 'Mean': np.float64(0.41075594639350765), 'Std': np.float64(4.321493446698397)}
2024-11-17 07:14:14,958 - INFO - Candidate Std Stats: {'Max': np.float64(0.49035930471082434), 'Min': np.float64(0.0), 'Mean': np.float64(0.06495183949259542), 'Std': np.float64(0.048989522985323344)}
2024-11-17 07:14:14,959 - INFO - Top 10 Mean Stats: {'Max': np.float64(-0.18374637569588123), 'Min': np.float64(-0.2656168099000063), 'Mean': np.float64(-0.21350218500846627), 'Std': np.float64(0.02018705332766395)}
2024-11-17 07:14:14,959 - INFO - Top 10 Std Stats: {'Max': np.float64(0.45598340690426276), 'Min': np.float64(0.2782453009705417), 'Mean': np.float64(0.38527451631335496), 'Std': np.float64(0.05206681717235652)}
2024-11-17 07:14:14,959 - INFO - Bottom 10 Mean Stats: {'Max': np.float64(75.0), 'Min': np.float64(63.0), 'Mean': np.float64(70.8), 'Std': np.float64(4.284857057125709)}
2024-11-17 07:14:14,960 - INFO - Bottom 10 Std Stats: {'Max': np.float64(0.0), 'Min': np.float64(0.0), 'Mean': np.float64(0.0), 'Std': np.float64(0.0)}
2024-11-17 07:14:14,970 - INFO - Candidate Mean Stats: {'Max': np.float64(100.0), 'Min': np.float64(-0.20952568947908193), 'Mean': np.float64(0.5970173129104895), 'Std': np.float64(6.0394428714122705)}
2024-11-17 07:14:14,970 - INFO - Candidate Std Stats: {'Max': np.float64(0.4977053799015716), 'Min': np.float64(0.0), 'Mean': np.float64(0.05454557897760526), 'Std': np.float64(0.0479678050269558)}
2024-11-17 07:14:14,972 - INFO - Top 10 Mean Stats: {'Max': np.float64(-0.09276153128926182), 'Min': np.float64(-0.20952568947908193), 'Mean': np.float64(-0.17235132250014248), 'Std': np.float64(0.03071142779704578)}
2024-11-17 07:14:14,972 - INFO - Top 10 Std Stats: {'Max': np.float64(0.44576710760324223), 'Min': np.float64(0.2996423568603176), 'Mean': np.float64(0.36475751171405624), 'Std': np.float64(0.046266038709247496)}
2024-11-17 07:14:14,972 - INFO - Bottom 10 Mean Stats: {'Max': np.float64(100.0), 'Min': np.float64(91.0), 'Mean': np.float64(95.5), 'Std': np.float64(4.5)}
2024-11-17 07:14:14,972 - INFO - Bottom 10 Std Stats: {'Max': np.float64(0.0), 'Min': np.float64(0.0), 'Mean': np.float64(0.0), 'Std': np.float64(0.0)}
[I 2024-11-17 07:14:14,974] Trial 162 finished with value: 10.0 and parameters: {'x_0': 1, 'x_1': -2, 'x_2': 1, 'x_3': 2}. Best is trial 141 with value: 2.0.
[I 2024-11-17 07:14:14,986] Trial 170 finished with value: 46.0 and parameters: {'x_0': 4, 'x_1': -1, 'x_2': 5, 'x_3': 2}. Best is trial 155 with value: 5.0.
2024-11-17 07:14:14,988 - INFO - Candidate Mean Stats: {'Max': np.float64(91.0), 'Min': np.float64(-0.3002729002855997), 'Mean': np.float64(0.45218435483427966), 'Std': np.float64(4.652181962696536)}
2024-11-17 07:14:14,988 - INFO - Candidate Std Stats: {'Max': np.float64(0.5879600362339068), 'Min': np.float64(0.0), 'Mean': np.float64(0.06429252052135966), 'Std': np.float64(0.04684860554483446)}
2024-11-17 07:14:14,990 - INFO - Top 10 Mean Stats: {'Max': np.float64(-0.15572255422658604), 'Min': np.float64(-0.3002729002855997), 'Mean': np.float64(-0.1946241779626163), 'Std': np.float64(0.04084965836909006)}
2024-11-17 07:14:14,990 - INFO - Top 10 Std Stats: {'Max': np.float64(0.5879600362339068), 'Min': np.float64(0.2815424471045399), 'Mean': np.float64(0.3839427204370386), 'Std': np.float64(0.07656087832989993)}
2024-11-17 07:14:14,990 - INFO - Bottom 10 Mean Stats: {'Max': np.float64(91.0), 'Min': np.float64(70.0), 'Mean': np.float64(77.1), 'Std': np.float64(6.3)}
2024-11-17 07:14:14,990 - INFO - Bottom 10 Std Stats: {'Max': np.float64(0.0), 'Min': np.float64(0.0), 'Mean': np.float64(0.0), 'Std': np.float64(0.0)}
[I 2024-11-17 07:14:15,008] Trial 167 finished with value: 54.0 and parameters: {'x_0': -2, 'x_1': 5, 'x_2': 3, 'x_3': -4}. Best is trial 76 with value: 7.0.
2024-11-17 07:14:15,248 - INFO - Candidate Mean Stats: {'Max': np.float64(100.0), 'Min': np.float64(-0.21136609927908587), 'Mean': np.float64(0.6019269685214029), 'Std': np.float64(6.050914007408592)}
2024-11-17 07:14:15,248 - INFO - Candidate Std Stats: {'Max': np.float64(0.49691207216758787), 'Min': np.float64(0.0), 'Mean': np.float64(0.044958932345845484), 'Std': np.float64(0.04507279505651043)}
2024-11-17 07:14:15,249 - INFO - Top 10 Mean Stats: {'Max': np.float64(-0.13933474061911125), 'Min': np.float64(-0.21136609927908587), 'Mean': np.float64(-0.18471186108692256), 'Std': np.float64(0.026141357651253725)}
2024-11-17 07:14:15,249 - INFO - Top 10 Std Stats: {'Max': np.float64(0.40943203823833696), 'Min': np.float64(0.2853966766884264), 'Mean': np.float64(0.33753757778013893), 'Std': np.float64(0.03903085881420722)}
2024-11-17 07:14:15,249 - INFO - Bottom 10 Mean Stats: {'Max': np.float64(100.0), 'Min': np.float64(91.0), 'Mean': np.float64(95.5), 'Std': np.float64(4.5)}
2024-11-17 07:14:15,249 - INFO - Bottom 10 Std Stats: {'Max': np.float64(0.0), 'Min': np.float64(0.0), 'Mean': np.float64(0.0), 'Std': np.float64(0.0)}
[I 2024-11-17 07:14:15,264] Trial 171 finished with value: 57.0 and parameters: {'x_0': -4, 'x_1': -5, 'x_2': -4, 'x_3': 0}. Best is trial 155 with value: 5.0.
2024-11-17 07:14:15,271 - INFO - Candidate Mean Stats: {'Max': np.float64(91.0), 'Min': np.float64(-0.2970656707975069), 'Mean': np.float64(0.45432417984434975), 'Std': np.float64(4.673329386410721)}
2024-11-17 07:14:15,271 - INFO - Candidate Std Stats: {'Max': np.float64(0.6339600340705644), 'Min': np.float64(0.0), 'Mean': np.float64(0.060948742071885754), 'Std': np.float64(0.04899640118737595)}
2024-11-17 07:14:15,272 - INFO - Top 10 Mean Stats: {'Max': np.float64(-0.13015111500282778), 'Min': np.float64(-0.2970656707975069), 'Mean': np.float64(-0.20704950380632098), 'Std': np.float64(0.041936219546409706)}
2024-11-17 07:14:15,272 - INFO - Top 10 Std Stats: {'Max': np.float64(0.6339600340705644), 'Min': np.float64(0.33162909373081406), 'Mean': np.float64(0.428945686948337), 'Std': np.float64(0.09831577270678099)}
2024-11-17 07:14:15,272 - INFO - Bottom 10 Mean Stats: {'Max': np.float64(91.0), 'Min': np.float64(70.0), 'Mean': np.float64(77.1), 'Std': np.float64(6.3)}
2024-11-17 07:14:15,272 - INFO - Bottom 10 Std Stats: {'Max': np.float64(0.0), 'Min': np.float64(0.0), 'Mean': np.float64(0.0), 'Std': np.float64(0.0)}
2024-11-17 07:14:15,275 - INFO - Candidate Mean Stats: {'Max': np.float64(75.0), 'Min': np.float64(-0.25230482462359854), 'Mean': np.float64(0.4111727128522995), 'Std': np.float64(4.322234896024439)}
2024-11-17 07:14:15,275 - INFO - Candidate Std Stats: {'Max': np.float64(0.4711353554593108), 'Min': np.float64(0.0), 'Mean': np.float64(0.06485682782662143), 'Std': np.float64(0.04619393871291859)}
2024-11-17 07:14:15,277 - INFO - Top 10 Mean Stats: {'Max': np.float64(-0.021764604989881742), 'Min': np.float64(-0.25230482462359854), 'Mean': np.float64(-0.1465277999346131), 'Std': np.float64(0.07594612459834178)}
2024-11-17 07:14:15,277 - INFO - Top 10 Std Stats: {'Max': np.float64(0.4711353554593108), 'Min': np.float64(0.26816749020625974), 'Mean': np.float64(0.3405306911250786), 'Std': np.float64(0.06929222436767088)}
2024-11-17 07:14:15,277 - INFO - Bottom 10 Mean Stats: {'Max': np.float64(75.0), 'Min': np.float64(63.0), 'Mean': np.float64(70.8), 'Std': np.float64(4.284857057125709)}
2024-11-17 07:14:15,277 - INFO - Bottom 10 Std Stats: {'Max': np.float64(0.0), 'Min': np.float64(0.0), 'Mean': np.float64(0.0), 'Std': np.float64(0.0)}
[I 2024-11-17 07:14:15,286] Trial 168 finished with value: 61.0 and parameters: {'x_0': -5, 'x_1': -2, 'x_2': 4, 'x_3': 4}. Best is trial 76 with value: 7.0.
[I 2024-11-17 07:14:15,291] Trial 163 finished with value: 75.0 and parameters: {'x_0': 3, 'x_1': 5, 'x_2': -5, 'x_3': -4}. Best is trial 141 with value: 2.0.
2024-11-17 07:14:15,483 - INFO - Candidate Mean Stats: {'Max': np.float64(100.0), 'Min': np.float64(-0.2717510061391838), 'Mean': np.float64(0.6063705122548133), 'Std': np.float64(6.068789387783247)}
2024-11-17 07:14:15,483 - INFO - Candidate Std Stats: {'Max': np.float64(0.6192322488771721), 'Min': np.float64(0.0), 'Mean': np.float64(0.054112378314154955), 'Std': np.float64(0.045174691770574545)}
2024-11-17 07:14:15,485 - INFO - Top 10 Mean Stats: {'Max': np.float64(-0.09972597429995025), 'Min': np.float64(-0.2717510061391838), 'Mean': np.float64(-0.1735477972385396), 'Std': np.float64(0.05342310687409768)}
2024-11-17 07:14:15,485 - INFO - Top 10 Std Stats: {'Max': np.float64(0.506891267665415), 'Min': np.float64(0.2936679553566831), 'Mean': np.float64(0.3756936553309558), 'Std': np.float64(0.08261565691117137)}
2024-11-17 07:14:15,485 - INFO - Bottom 10 Mean Stats: {'Max': np.float64(100.0), 'Min': np.float64(91.0), 'Mean': np.float64(95.5), 'Std': np.float64(4.5)}
2024-11-17 07:14:15,485 - INFO - Bottom 10 Std Stats: {'Max': np.float64(0.0), 'Min': np.float64(0.0), 'Mean': np.float64(0.0), 'Std': np.float64(0.0)}
