[I 2024-11-17 07:15:09,903] Trial 386 finished with value: 9.0 and parameters: {'x_0': -1, 'x_1': 0, 'x_2': -2, 'x_3': 2}. Best is trial 362 with value: 1.0.
2024-11-17 07:15:09,913 - INFO - Candidate Mean Stats: {'Max': np.float64(91.0), 'Min': np.float64(-0.2742626970017708), 'Mean': np.float64(0.7736699413706386), 'Std': np.float64(5.989288507922264)}
2024-11-17 07:15:09,913 - INFO - Candidate Std Stats: {'Max': np.float64(0.6903053893756118), 'Min': np.float64(0.0), 'Mean': np.float64(0.052133506729955585), 'Std': np.float64(0.05005765595804435)}
2024-11-17 07:15:09,914 - INFO - Top 10 Mean Stats: {'Max': np.float64(-0.07430105890199667), 'Min': np.float64(-0.2742626970017708), 'Mean': np.float64(-0.18852812123407273), 'Std': np.float64(0.06610953628489497)}
2024-11-17 07:15:09,914 - INFO - Top 10 Std Stats: {'Max': np.float64(0.5934005340856406), 'Min': np.float64(0.34611784577029814), 'Mean': np.float64(0.42611669929131607), 'Std': np.float64(0.08400723885025116)}
2024-11-17 07:15:09,914 - INFO - Bottom 10 Mean Stats: {'Max': np.float64(91.0), 'Min': np.float64(75.0), 'Mean': np.float64(80.4), 'Std': np.float64(6.069596362197408)}
2024-11-17 07:15:09,914 - INFO - Bottom 10 Std Stats: {'Max': np.float64(0.0), 'Min': np.float64(0.0), 'Mean': np.float64(0.0), 'Std': np.float64(0.0)}
[I 2024-11-17 07:15:09,931] Trial 351 finished with value: 58.0 and parameters: {'x_0': 4, 'x_1': 4, 'x_2': -5, 'x_3': -1}. Best is trial 320 with value: 0.0.
2024-11-17 07:15:09,992 - INFO - Candidate Mean Stats: {'Max': np.float64(100.0), 'Min': np.float64(-0.8513056597689216), 'Mean': np.float64(1.1458934586028058), 'Std': np.float64(8.013166026698537)}
2024-11-17 07:15:09,993 - INFO - Candidate Std Stats: {'Max': np.float64(0.43740815388783083), 'Min': np.float64(0.0), 'Mean': np.float64(0.026819541764333238), 'Std': np.float64(0.03763197974288132)}
2024-11-17 07:15:09,994 - INFO - Top 10 Mean Stats: {'Max': np.float64(-0.18129825760134619), 'Min': np.float64(-0.8513056597689216), 'Mean': np.float64(-0.45129596740858346), 'Std': np.float64(0.16400866522256285)}
2024-11-17 07:15:09,994 - INFO - Top 10 Std Stats: {'Max': np.float64(0.43740815388783083), 'Min': np.float64(0.21267758071794546), 'Mean': np.float64(0.29755740526254415), 'Std': np.float64(0.07214130796073506)}
2024-11-17 07:15:09,994 - INFO - Bottom 10 Mean Stats: {'Max': np.float64(100.0), 'Min': np.float64(91.0), 'Mean': np.float64(95.5), 'Std': np.float64(4.5)}
2024-11-17 07:15:09,994 - INFO - Bottom 10 Std Stats: {'Max': np.float64(0.0), 'Min': np.float64(0.0), 'Mean': np.float64(0.0), 'Std': np.float64(0.0)}
[I 2024-11-17 07:15:10,011] Trial 377 finished with value: 11.0 and parameters: {'x_0': 0, 'x_1': -1, 'x_2': 1, 'x_3': -3}. Best is trial 179 with value: 1.0.
2024-11-17 07:15:10,115 - INFO - Candidate Mean Stats: {'Max': np.float64(100.0), 'Min': np.float64(-0.4431007154750928), 'Mean': np.float64(0.9856829137299247), 'Std': np.float64(7.199987624766445)}
2024-11-17 07:15:10,115 - INFO - Candidate Std Stats: {'Max': np.float64(0.561068416005199), 'Min': np.float64(0.0), 'Mean': np.float64(0.03481727350895649), 'Std': np.float64(0.04397653534183517)}
2024-11-17 07:15:10,116 - INFO - Top 10 Mean Stats: {'Max': np.float64(-0.17618270316871804), 'Min': np.float64(-0.4431007154750928), 'Mean': np.float64(-0.3280366402057705), 'Std': np.float64(0.11428091781090685)}
2024-11-17 07:15:10,116 - INFO - Top 10 Std Stats: {'Max': np.float64(0.3759275909834996), 'Min': np.float64(0.14354416457481708), 'Mean': np.float64(0.2407288597007779), 'Std': np.float64(0.10697554875858563)}
2024-11-17 07:15:10,116 - INFO - Bottom 10 Mean Stats: {'Max': np.float64(100.0), 'Min': np.float64(84.0), 'Mean': np.float64(93.0), 'Std': np.float64(5.019960159204453)}
2024-11-17 07:15:10,116 - INFO - Bottom 10 Std Stats: {'Max': np.float64(0.0), 'Min': np.float64(0.0), 'Mean': np.float64(0.0), 'Std': np.float64(0.0)}
[I 2024-11-17 07:15:10,133] Trial 387 finished with value: 9.0 and parameters: {'x_0': -1, 'x_1': 0, 'x_2': -2, 'x_3': -2}. Best is trial 362 with value: 1.0.
2024-11-17 07:15:10,303 - INFO - Candidate Mean Stats: {'Max': np.float64(100.0), 'Min': np.float64(-0.4969051625023975), 'Mean': np.float64(1.1488926930838055), 'Std': np.float64(8.013279659859354)}
2024-11-17 07:15:10,303 - INFO - Candidate Std Stats: {'Max': np.float64(0.4342037137895977), 'Min': np.float64(0.0), 'Mean': np.float64(0.035769776212471294), 'Std': np.float64(0.0414304570287215)}
2024-11-17 07:15:10,305 - INFO - Top 10 Mean Stats: {'Max': np.float64(-0.24198286657287155), 'Min': np.float64(-0.4969051625023975), 'Mean': np.float64(-0.3358338475110112), 'Std': np.float64(0.08602409971022441)}
2024-11-17 07:15:10,305 - INFO - Top 10 Std Stats: {'Max': np.float64(0.41382301597443094), 'Min': np.float64(0.2648873306008513), 'Mean': np.float64(0.3322494893188438), 'Std': np.float64(0.04289713381502633)}
2024-11-17 07:15:10,305 - INFO - Bottom 10 Mean Stats: {'Max': np.float64(100.0), 'Min': np.float64(91.0), 'Mean': np.float64(95.5), 'Std': np.float64(4.5)}
2024-11-17 07:15:10,305 - INFO - Bottom 10 Std Stats: {'Max': np.float64(0.0), 'Min': np.float64(0.0), 'Mean': np.float64(0.0), 'Std': np.float64(0.0)}
[I 2024-11-17 07:15:10,324] Trial 378 finished with value: 10.0 and parameters: {'x_0': 0, 'x_1': -1, 'x_2': -3, 'x_3': 0}. Best is trial 179 with value: 1.0.
2024-11-17 07:15:10,343 - INFO - Candidate Mean Stats: {'Max': np.float64(91.0), 'Min': np.float64(-0.32489900619064727), 'Mean': np.float64(0.7778508497799578), 'Std': np.float64(6.0078980264259085)}
2024-11-17 07:15:10,343 - INFO - Candidate Std Stats: {'Max': np.float64(0.5206119195111918), 'Min': np.float64(0.0), 'Mean': np.float64(0.04642035936296869), 'Std': np.float64(0.04610067057704555)}
2024-11-17 07:15:10,345 - INFO - Top 10 Mean Stats: {'Max': np.float64(-0.16619273236534604), 'Min': np.float64(-0.2527419676968613), 'Mean': np.float64(-0.19642535847517395), 'Std': np.float64(0.03214147731660881)}
2024-11-17 07:15:10,345 - INFO - Top 10 Std Stats: {'Max': np.float64(0.5190246968737942), 'Min': np.float64(0.2962488245175034), 'Mean': np.float64(0.38944740588450766), 'Std': np.float64(0.07661887707348847)}
2024-11-17 07:15:10,345 - INFO - Bottom 10 Mean Stats: {'Max': np.float64(91.0), 'Min': np.float64(75.0), 'Mean': np.float64(80.4), 'Std': np.float64(6.069596362197408)}
2024-11-17 07:15:10,345 - INFO - Bottom 10 Std Stats: {'Max': np.float64(0.0), 'Min': np.float64(0.0), 'Mean': np.float64(0.0), 'Std': np.float64(0.0)}
[I 2024-11-17 07:15:10,362] Trial 352 finished with value: 84.0 and parameters: {'x_0': -5, 'x_1': 3, 'x_2': -5, 'x_3': 5}. Best is trial 320 with value: 0.0.
2024-11-17 07:15:10,386 - INFO - Candidate Mean Stats: {'Max': np.float64(100.0), 'Min': np.float64(-0.593284282127487), 'Mean': np.float64(0.989919943333339), 'Std': np.float64(7.199841348601278)}
2024-11-17 07:15:10,386 - INFO - Candidate Std Stats: {'Max': np.float64(0.4759927326244592), 'Min': np.float64(0.0), 'Mean': np.float64(0.026438399884957144), 'Std': np.float64(0.038211385646223756)}
2024-11-17 07:15:10,387 - INFO - Top 10 Mean Stats: {'Max': np.float64(-0.4760912404774971), 'Min': np.float64(-0.593284282127487), 'Mean': np.float64(-0.5521861660034862), 'Std': np.float64(0.03621650014506191)}
2024-11-17 07:15:10,388 - INFO - Top 10 Std Stats: {'Max': np.float64(0.11825015765287669), 'Min': np.float64(0.07135725601385548), 'Mean': np.float64(0.09731782826894712), 'Std': np.float64(0.013879717521251519)}
2024-11-17 07:15:10,388 - INFO - Bottom 10 Mean Stats: {'Max': np.float64(100.0), 'Min': np.float64(84.0), 'Mean': np.float64(93.0), 'Std': np.float64(5.019960159204453)}
2024-11-17 07:15:10,388 - INFO - Bottom 10 Std Stats: {'Max': np.float64(0.0), 'Min': np.float64(0.0), 'Mean': np.float64(0.0), 'Std': np.float64(0.0)}
[I 2024-11-17 07:15:10,405] Trial 388 finished with value: 10.0 and parameters: {'x_0': -1, 'x_1': -2, 'x_2': -2, 'x_3': 1}. Best is trial 362 with value: 1.0.
2024-11-17 07:15:10,551 - INFO - Candidate Mean Stats: {'Max': np.float64(100.0), 'Min': np.float64(-0.9033009326753827), 'Mean': np.float64(1.1445039759932216), 'Std': np.float64(8.014296353922338)}
2024-11-17 07:15:10,551 - INFO - Candidate Std Stats: {'Max': np.float64(0.44378145319813495), 'Min': np.float64(0.0), 'Mean': np.float64(0.03321399982510405), 'Std': np.float64(0.041064864071608045)}
2024-11-17 07:15:10,552 - INFO - Top 10 Mean Stats: {'Max': np.float64(-0.307051577861683), 'Min': np.float64(-0.9033009326753827), 'Mean': np.float64(-0.5458089307630116), 'Std': np.float64(0.2110709137437586)}
2024-11-17 07:15:10,553 - INFO - Top 10 Std Stats: {'Max': np.float64(0.39705638726206516), 'Min': np.float64(0.09399369536269138), 'Mean': np.float64(0.24471262673648092), 'Std': np.float64(0.09285589380875235)}
2024-11-17 07:15:10,553 - INFO - Bottom 10 Mean Stats: {'Max': np.float64(100.0), 'Min': np.float64(91.0), 'Mean': np.float64(95.5), 'Std': np.float64(4.5)}
2024-11-17 07:15:10,553 - INFO - Bottom 10 Std Stats: {'Max': np.float64(0.0), 'Min': np.float64(0.0), 'Mean': np.float64(0.0), 'Std': np.float64(0.0)}
[I 2024-11-17 07:15:10,571] Trial 379 finished with value: 11.0 and parameters: {'x_0': 0, 'x_1': -1, 'x_2': -3, 'x_3': -1}. Best is trial 179 with value: 1.0.
2024-11-17 07:15:10,620 - INFO - Candidate Mean Stats: {'Max': np.float64(100.0), 'Min': np.float64(-0.5586881396274667), 'Mean': np.float64(0.9922736759773197), 'Std': np.float64(7.199995483327662)}
2024-11-17 07:15:10,620 - INFO - Candidate Std Stats: {'Max': np.float64(0.418349324177161), 'Min': np.float64(0.0), 'Mean': np.float64(0.025470235015389874), 'Std': np.float64(0.03748706180281077)}
2024-11-17 07:15:10,622 - INFO - Top 10 Mean Stats: {'Max': np.float64(-0.44801832006176595), 'Min': np.float64(-0.5586881396274667), 'Mean': np.float64(-0.5150829461109612), 'Std': np.float64(0.03537547713573536)}
2024-11-17 07:15:10,622 - INFO - Top 10 Std Stats: {'Max': np.float64(0.07781918240740753), 'Min': np.float64(0.03171855786765966), 'Mean': np.float64(0.05850000765914222), 'Std': np.float64(0.012462339521206785)}
2024-11-17 07:15:10,622 - INFO - Bottom 10 Mean Stats: {'Max': np.float64(100.0), 'Min': np.float64(84.0), 'Mean': np.float64(93.0), 'Std': np.float64(5.019960159204453)}
2024-11-17 07:15:10,622 - INFO - Bottom 10 Std Stats: {'Max': np.float64(0.0), 'Min': np.float64(0.0), 'Mean': np.float64(0.0), 'Std': np.float64(0.0)}
[I 2024-11-17 07:15:10,638] Trial 389 finished with value: 10.0 and parameters: {'x_0': -1, 'x_1': 2, 'x_2': -2, 'x_3': 1}. Best is trial 362 with value: 1.0.
2024-11-17 07:15:10,722 - INFO - Candidate Mean Stats: {'Max': np.float64(100.0), 'Min': np.float64(-0.8746768048945641), 'Mean': np.float64(1.1505399173339939), 'Std': np.float64(8.013975042377867)}
2024-11-17 07:15:10,722 - INFO - Candidate Std Stats: {'Max': np.float64(0.48416653380390257), 'Min': np.float64(0.0), 'Mean': np.float64(0.02410155343087899), 'Std': np.float64(0.03840938579326959)}
2024-11-17 07:15:10,724 - INFO - Top 10 Mean Stats: {'Max': np.float64(-0.3495934959537128), 'Min': np.float64(-0.8746768048945641), 'Mean': np.float64(-0.5374295281980848), 'Std': np.float64(0.1529514245794783)}
2024-11-17 07:15:10,724 - INFO - Top 10 Std Stats: {'Max': np.float64(0.3700410335864447), 'Min': np.float64(0.0694356501544246), 'Mean': np.float64(0.2277030791652091), 'Std': np.float64(0.0992802253206158)}
2024-11-17 07:15:10,724 - INFO - Bottom 10 Mean Stats: {'Max': np.float64(100.0), 'Min': np.float64(91.0), 'Mean': np.float64(95.5), 'Std': np.float64(4.5)}
2024-11-17 07:15:10,724 - INFO - Bottom 10 Std Stats: {'Max': np.float64(0.0), 'Min': np.float64(0.0), 'Mean': np.float64(0.0), 'Std': np.float64(0.0)}
2024-11-17 07:15:10,728 - INFO - Candidate Mean Stats: {'Max': np.float64(91.0), 'Min': np.float64(-0.250482921801487), 'Mean': np.float64(0.78548848299269), 'Std': np.float64(6.046893661063862)}
2024-11-17 07:15:10,729 - INFO - Candidate Std Stats: {'Max': np.float64(0.8821951577092297), 'Min': np.float64(0.0), 'Mean': np.float64(0.056300776196306954), 'Std': np.float64(0.05164237753046225)}
2024-11-17 07:15:10,730 - INFO - Top 10 Mean Stats: {'Max': np.float64(-0.0038688671434008977), 'Min': np.float64(-0.25024592746862334), 'Mean': np.float64(-0.15197839952354164), 'Std': np.float64(0.07055128766107048)}
2024-11-17 07:15:10,730 - INFO - Top 10 Std Stats: {'Max': np.float64(0.8821951577092297), 'Min': np.float64(0.35352121978914414), 'Mean': np.float64(0.4993431384335679), 'Std': np.float64(0.14723216303282718)}
2024-11-17 07:15:10,730 - INFO - Bottom 10 Mean Stats: {'Max': np.float64(91.0), 'Min': np.float64(75.0), 'Mean': np.float64(81.3), 'Std': np.float64(5.866003750424986)}
2024-11-17 07:15:10,730 - INFO - Bottom 10 Std Stats: {'Max': np.float64(0.0), 'Min': np.float64(0.0), 'Mean': np.float64(0.0), 'Std': np.float64(0.0)}
[I 2024-11-17 07:15:10,742] Trial 380 finished with value: 14.0 and parameters: {'x_0': 0, 'x_1': -1, 'x_2': -3, 'x_3': -2}. Best is trial 179 with value: 1.0.
[I 2024-11-17 07:15:10,746] Trial 353 finished with value: 82.0 and parameters: {'x_0': -4, 'x_1': 5, 'x_2': -5, 'x_3': -4}. Best is trial 320 with value: 0.0.
2024-11-17 07:15:10,841 - INFO - Candidate Mean Stats: {'Max': np.float64(100.0), 'Min': np.float64(-0.520324242293295), 'Mean': np.float64(0.9893847106104124), 'Std': np.float64(7.200858736686198)}
2024-11-17 07:15:10,841 - INFO - Candidate Std Stats: {'Max': np.float64(0.570869064128008), 'Min': np.float64(0.0), 'Mean': np.float64(0.02859281624482583), 'Std': np.float64(0.038870364991349896)}
2024-11-17 07:15:10,843 - INFO - Top 10 Mean Stats: {'Max': np.float64(-0.3405711097453699), 'Min': np.float64(-0.520324242293295), 'Mean': np.float64(-0.44773671377951374), 'Std': np.float64(0.055155392301806945)}
2024-11-17 07:15:10,843 - INFO - Top 10 Std Stats: {'Max': np.float64(0.542505306858679), 'Min': np.float64(0.20062559957114565), 'Mean': np.float64(0.28070067024274786), 'Std': np.float64(0.0944547501562528)}
2024-11-17 07:15:10,843 - INFO - Bottom 10 Mean Stats: {'Max': np.float64(100.0), 'Min': np.float64(84.0), 'Mean': np.float64(93.0), 'Std': np.float64(5.019960159204453)}
2024-11-17 07:15:10,843 - INFO - Bottom 10 Std Stats: {'Max': np.float64(0.0), 'Min': np.float64(0.0), 'Mean': np.float64(0.0), 'Std': np.float64(0.0)}
[I 2024-11-17 07:15:10,865] Trial 390 finished with value: 10.0 and parameters: {'x_0': -1, 'x_1': -1, 'x_2': -2, 'x_3': 2}. Best is trial 362 with value: 1.0.
2024-11-17 07:15:10,940 - INFO - Candidate Mean Stats: {'Max': np.float64(100.0), 'Min': np.float64(-0.8543239101099287), 'Mean': np.float64(1.1452246649891018), 'Std': np.float64(8.015530622177042)}
2024-11-17 07:15:10,940 - INFO - Candidate Std Stats: {'Max': np.float64(0.4682520036004263), 'Min': np.float64(0.0), 'Mean': np.float64(0.03296926617328758), 'Std': np.float64(0.04379331330647259)}
2024-11-17 07:15:10,942 - INFO - Top 10 Mean Stats: {'Max': np.float64(0.0007246315361054245), 'Min': np.float64(-0.8543239101099287), 'Mean': np.float64(-0.37505219171270743), 'Std': np.float64(0.2903138759257871)}
2024-11-17 07:15:10,942 - INFO - Top 10 Std Stats: {'Max': np.float64(0.4682520036004263), 'Min': np.float64(0.12850428386893054), 'Mean': np.float64(0.28735518002107013), 'Std': np.float64(0.12073772653685169)}
2024-11-17 07:15:10,943 - INFO - Bottom 10 Mean Stats: {'Max': np.float64(100.0), 'Min': np.float64(91.0), 'Mean': np.float64(95.5), 'Std': np.float64(4.5)}
2024-11-17 07:15:10,943 - INFO - Bottom 10 Std Stats: {'Max': np.float64(0.0), 'Min': np.float64(0.0), 'Mean': np.float64(0.0), 'Std': np.float64(0.0)}
[I 2024-11-17 07:15:10,969] Trial 381 finished with value: 19.0 and parameters: {'x_0': 0, 'x_1': -1, 'x_2': -3, 'x_3': -3}. Best is trial 179 with value: 1.0.
2024-11-17 07:15:11,023 - INFO - Candidate Mean Stats: {'Max': np.float64(91.0), 'Min': np.float64(-0.3756612852253656), 'Mean': np.float64(0.78834491838065), 'Std': np.float64(6.084371396021791)}
2024-11-17 07:15:11,023 - INFO - Candidate Std Stats: {'Max': np.float64(0.48276826654423743), 'Min': np.float64(0.0), 'Mean': np.float64(0.04638442721088858), 'Std': np.float64(0.046886033504934116)}
2024-11-17 07:15:11,024 - INFO - Top 10 Mean Stats: {'Max': np.float64(-0.15382877492491098), 'Min': np.float64(-0.3756612852253656), 'Mean': np.float64(-0.25056206221702804), 'Std': np.float64(0.07693656456867594)}
2024-11-17 07:15:11,025 - INFO - Top 10 Std Stats: {'Max': np.float64(0.4024452260974791), 'Min': np.float64(0.16540903966566825), 'Mean': np.float64(0.28929124822716173), 'Std': np.float64(0.08842269747506326)}
2024-11-17 07:15:11,025 - INFO - Bottom 10 Mean Stats: {'Max': np.float64(91.0), 'Min': np.float64(75.0), 'Mean': np.float64(82.0), 'Std': np.float64(5.477225575051661)}
2024-11-17 07:15:11,025 - INFO - Bottom 10 Std Stats: {'Max': np.float64(0.0), 'Min': np.float64(0.0), 'Mean': np.float64(0.0), 'Std': np.float64(0.0)}
[I 2024-11-17 07:15:11,040] Trial 354 finished with value: 35.0 and parameters: {'x_0': -1, 'x_1': -3, 'x_2': -3, 'x_3': 4}. Best is trial 320 with value: 0.0.
2024-11-17 07:15:11,042 - INFO - Candidate Mean Stats: {'Max': np.float64(100.0), 'Min': np.float64(-0.6667814631267504), 'Mean': np.float64(0.9923848292395725), 'Std': np.float64(7.200937673307969)}
2024-11-17 07:15:11,042 - INFO - Candidate Std Stats: {'Max': np.float64(0.3852245358638276), 'Min': np.float64(0.0), 'Mean': np.float64(0.025099193021606084), 'Std': np.float64(0.03590439300350889)}
2024-11-17 07:15:11,043 - INFO - Top 10 Mean Stats: {'Max': np.float64(-0.27414401576307995), 'Min': np.float64(-0.6667814631267504), 'Mean': np.float64(-0.5625533933845357), 'Std': np.float64(0.10312639864188566)}
2024-11-17 07:15:11,043 - INFO - Top 10 Std Stats: {'Max': np.float64(0.18147706608061362), 'Min': np.float64(0.06698040778152421), 'Mean': np.float64(0.11246968029373028), 'Std': np.float64(0.03313487168425046)}
2024-11-17 07:15:11,043 - INFO - Bottom 10 Mean Stats: {'Max': np.float64(100.0), 'Min': np.float64(84.0), 'Mean': np.float64(93.0), 'Std': np.float64(5.019960159204453)}
2024-11-17 07:15:11,044 - INFO - Bottom 10 Std Stats: {'Max': np.float64(0.0), 'Min': np.float64(0.0), 'Mean': np.float64(0.0), 'Std': np.float64(0.0)}
[I 2024-11-17 07:15:11,059] Trial 391 finished with value: 10.0 and parameters: {'x_0': -1, 'x_1': -1, 'x_2': -2, 'x_3': -2}. Best is trial 362 with value: 1.0.
2024-11-17 07:15:11,134 - INFO - Candidate Mean Stats: {'Max': np.float64(100.0), 'Min': np.float64(-0.7025240698299198), 'Mean': np.float64(1.1471173341977456), 'Std': np.float64(8.016804643823887)}
2024-11-17 07:15:11,134 - INFO - Candidate Std Stats: {'Max': np.float64(0.4139176614442937), 'Min': np.float64(0.0), 'Mean': np.float64(0.03958699851582798), 'Std': np.float64(0.04127146498077396)}
2024-11-17 07:15:11,135 - INFO - Top 10 Mean Stats: {'Max': np.float64(-0.260369189688101), 'Min': np.float64(-0.7025240698299198), 'Mean': np.float64(-0.38792722322943823), 'Std': np.float64(0.12247434152179879)}
2024-11-17 07:15:11,135 - INFO - Top 10 Std Stats: {'Max': np.float64(0.4139176614442937), 'Min': np.float64(0.23153671776536372), 'Mean': np.float64(0.3039682637407541), 'Std': np.float64(0.0544963753012981)}
2024-11-17 07:15:11,136 - INFO - Bottom 10 Mean Stats: {'Max': np.float64(100.0), 'Min': np.float64(91.0), 'Mean': np.float64(95.5), 'Std': np.float64(4.5)}
2024-11-17 07:15:11,136 - INFO - Bottom 10 Std Stats: {'Max': np.float64(0.0), 'Min': np.float64(0.0), 'Mean': np.float64(0.0), 'Std': np.float64(0.0)}
[I 2024-11-17 07:15:11,154] Trial 382 finished with value: 19.0 and parameters: {'x_0': 0, 'x_1': -1, 'x_2': -3, 'x_3': 3}. Best is trial 179 with value: 1.0.
2024-11-17 07:15:11,194 - INFO - Candidate Mean Stats: {'Max': np.float64(100.0), 'Min': np.float64(-0.7703692695728599), 'Mean': np.float64(0.9967308988650201), 'Std': np.float64(7.200810466522449)}
2024-11-17 07:15:11,194 - INFO - Candidate Std Stats: {'Max': np.float64(0.47844105366699946), 'Min': np.float64(0.0), 'Mean': np.float64(0.022700598822483348), 'Std': np.float64(0.032573785602508044)}
2024-11-17 07:15:11,196 - INFO - Top 10 Mean Stats: {'Max': np.float64(-0.13864979215316747), 'Min': np.float64(-0.7703692695728599), 'Mean': np.float64(-0.5694928987004598), 'Std': np.float64(0.22281833582553137)}
2024-11-17 07:15:11,196 - INFO - Top 10 Std Stats: {'Max': np.float64(0.24194280950634012), 'Min': np.float64(0.042800058303662375), 'Mean': np.float64(0.09135559807544767), 'Std': np.float64(0.07534850965236532)}
2024-11-17 07:15:11,196 - INFO - Bottom 10 Mean Stats: {'Max': np.float64(100.0), 'Min': np.float64(84.0), 'Mean': np.float64(93.0), 'Std': np.float64(5.019960159204453)}
2024-11-17 07:15:11,196 - INFO - Bottom 10 Std Stats: {'Max': np.float64(0.0), 'Min': np.float64(0.0), 'Mean': np.float64(0.0), 'Std': np.float64(0.0)}
