[I 2024-11-17 07:15:28,424] Trial 417 finished with value: 59.0 and parameters: {'x_0': -5, 'x_1': -5, 'x_2': 0, 'x_3': -3}. Best is trial 320 with value: 0.0.
2024-11-17 07:15:28,476 - INFO - Candidate Mean Stats: {'Max': np.float64(100.0), 'Min': np.float64(-0.31109131724760586), 'Mean': np.float64(1.1285647602918631), 'Std': np.float64(7.509688688651977)}
2024-11-17 07:15:28,477 - INFO - Candidate Std Stats: {'Max': np.float64(0.4458284124465311), 'Min': np.float64(0.0), 'Mean': np.float64(0.03127462152679088), 'Std': np.float64(0.03679663301651808)}
2024-11-17 07:15:28,478 - INFO - Top 10 Mean Stats: {'Max': np.float64(-0.191847082600003), 'Min': np.float64(-0.31109131724760586), 'Mean': np.float64(-0.2770559793647733), 'Std': np.float64(0.029987520238998738)}
2024-11-17 07:15:28,478 - INFO - Top 10 Std Stats: {'Max': np.float64(0.18525249325953755), 'Min': np.float64(0.10191995298042403), 'Mean': np.float64(0.11947291177195425), 'Std': np.float64(0.02320985496351377)}
2024-11-17 07:15:28,478 - INFO - Bottom 10 Mean Stats: {'Max': np.float64(100.0), 'Min': np.float64(91.0), 'Mean': np.float64(93.7), 'Std': np.float64(4.124318125460256)}
2024-11-17 07:15:28,478 - INFO - Bottom 10 Std Stats: {'Max': np.float64(0.0), 'Min': np.float64(0.0), 'Mean': np.float64(0.0), 'Std': np.float64(0.0)}
[I 2024-11-17 07:15:28,496] Trial 486 finished with value: 3.0 and parameters: {'x_0': -1, 'x_1': 1, 'x_2': 0, 'x_3': 1}. Best is trial 362 with value: 1.0.
2024-11-17 07:15:28,497 - INFO - Candidate Mean Stats: {'Max': np.float64(100.0), 'Min': np.float64(-0.3858456246777596), 'Mean': np.float64(1.2975764668189909), 'Std': np.float64(8.237008592898965)}
2024-11-17 07:15:28,497 - INFO - Candidate Std Stats: {'Max': np.float64(0.32254103467641226), 'Min': np.float64(0.0), 'Mean': np.float64(0.02279717796353511), 'Std': np.float64(0.030469527587154845)}
2024-11-17 07:15:28,498 - INFO - Top 10 Mean Stats: {'Max': np.float64(-0.1941560428735838), 'Min': np.float64(-0.3858456246777596), 'Mean': np.float64(-0.29485409297088067), 'Std': np.float64(0.05700038184466749)}
2024-11-17 07:15:28,498 - INFO - Top 10 Std Stats: {'Max': np.float64(0.19446461681299834), 'Min': np.float64(0.02324708651741724), 'Mean': np.float64(0.13134150512089626), 'Std': np.float64(0.05759877353177768)}
2024-11-17 07:15:28,498 - INFO - Bottom 10 Mean Stats: {'Max': np.float64(100.0), 'Min': np.float64(91.0), 'Mean': np.float64(95.5), 'Std': np.float64(4.5)}
2024-11-17 07:15:28,499 - INFO - Bottom 10 Std Stats: {'Max': np.float64(0.0), 'Min': np.float64(0.0), 'Mean': np.float64(0.0), 'Std': np.float64(0.0)}
[I 2024-11-17 07:15:28,517] Trial 484 finished with value: 27.0 and parameters: {'x_0': 0, 'x_1': 1, 'x_2': -1, 'x_3': 5}. Best is trial 179 with value: 1.0.
2024-11-17 07:15:28,645 - INFO - Candidate Mean Stats: {'Max': np.float64(100.0), 'Min': np.float64(-0.3996297324266922), 'Mean': np.float64(1.2997527950781693), 'Std': np.float64(8.239686407739717)}
2024-11-17 07:15:28,645 - INFO - Candidate Std Stats: {'Max': np.float64(0.21838970763569707), 'Min': np.float64(0.0), 'Mean': np.float64(0.02037552077938712), 'Std': np.float64(0.026821919519557844)}
2024-11-17 07:15:28,646 - INFO - Top 10 Mean Stats: {'Max': np.float64(-0.22178064234175462), 'Min': np.float64(-0.3996297324266922), 'Mean': np.float64(-0.3362004334909632), 'Std': np.float64(0.06084880880178457)}
2024-11-17 07:15:28,646 - INFO - Top 10 Std Stats: {'Max': np.float64(0.21838970763569707), 'Min': np.float64(0.03750312646746658), 'Mean': np.float64(0.11857277892360743), 'Std': np.float64(0.05632031564026103)}
2024-11-17 07:15:28,647 - INFO - Bottom 10 Mean Stats: {'Max': np.float64(100.0), 'Min': np.float64(91.0), 'Mean': np.float64(95.5), 'Std': np.float64(4.5)}
2024-11-17 07:15:28,647 - INFO - Bottom 10 Std Stats: {'Max': np.float64(0.0), 'Min': np.float64(0.0), 'Mean': np.float64(0.0), 'Std': np.float64(0.0)}
[I 2024-11-17 07:15:28,664] Trial 485 finished with value: 33.0 and parameters: {'x_0': 0, 'x_1': 1, 'x_2': -4, 'x_3': 4}. Best is trial 179 with value: 1.0.
2024-11-17 07:15:28,664 - INFO - Candidate Mean Stats: {'Max': np.float64(91.0), 'Min': np.float64(-0.37253418673794075), 'Mean': np.float64(0.9532516492849371), 'Std': np.float64(6.809357828162105)}
2024-11-17 07:15:28,664 - INFO - Candidate Std Stats: {'Max': np.float64(1.0300103886998166), 'Min': np.float64(0.0), 'Mean': np.float64(0.03406405090360052), 'Std': np.float64(0.04302440937680719)}
2024-11-17 07:15:28,666 - INFO - Top 10 Mean Stats: {'Max': np.float64(-0.08516596289989423), 'Min': np.float64(-0.37253418673794075), 'Mean': np.float64(-0.26653311982333827), 'Std': np.float64(0.0906846997519148)}
2024-11-17 07:15:28,666 - INFO - Top 10 Std Stats: {'Max': np.float64(0.3933670270436054), 'Min': np.float64(0.16096875413917125), 'Mean': np.float64(0.23288135377476502), 'Std': np.float64(0.0770047914394726)}
2024-11-17 07:15:28,666 - INFO - Bottom 10 Mean Stats: {'Max': np.float64(91.0), 'Min': np.float64(82.0), 'Mean': np.float64(84.9), 'Std': np.float64(4.036087214122113)}
2024-11-17 07:15:28,666 - INFO - Bottom 10 Std Stats: {'Max': np.float64(0.0), 'Min': np.float64(0.0), 'Mean': np.float64(0.0), 'Std': np.float64(0.0)}
2024-11-17 07:15:28,682 - INFO - Candidate Mean Stats: {'Max': np.float64(100.0), 'Min': np.float64(-0.30029745337704133), 'Mean': np.float64(1.1276968116478592), 'Std': np.float64(7.509866763265532)}
2024-11-17 07:15:28,682 - INFO - Candidate Std Stats: {'Max': np.float64(0.6088139371490671), 'Min': np.float64(0.0), 'Mean': np.float64(0.031370229053547756), 'Std': np.float64(0.03680502546487256)}
[I 2024-11-17 07:15:28,683] Trial 418 finished with value: 11.0 and parameters: {'x_0': 1, 'x_1': 1, 'x_2': 3, 'x_3': 0}. Best is trial 320 with value: 0.0.
2024-11-17 07:15:28,684 - INFO - Top 10 Mean Stats: {'Max': np.float64(-0.15108633938505694), 'Min': np.float64(-0.30029745337704133), 'Mean': np.float64(-0.27045171539444013), 'Std': np.float64(0.04225797850355505)}
2024-11-17 07:15:28,684 - INFO - Top 10 Std Stats: {'Max': np.float64(0.31168631809048314), 'Min': np.float64(0.1368701628308839), 'Mean': np.float64(0.17658205117045117), 'Std': np.float64(0.04650592061266313)}
2024-11-17 07:15:28,684 - INFO - Bottom 10 Mean Stats: {'Max': np.float64(100.0), 'Min': np.float64(91.0), 'Mean': np.float64(93.7), 'Std': np.float64(4.124318125460256)}
2024-11-17 07:15:28,684 - INFO - Bottom 10 Std Stats: {'Max': np.float64(0.0), 'Min': np.float64(0.0), 'Mean': np.float64(0.0), 'Std': np.float64(0.0)}
[I 2024-11-17 07:15:28,700] Trial 487 finished with value: 3.0 and parameters: {'x_0': -1, 'x_1': 1, 'x_2': -1, 'x_3': 0}. Best is trial 362 with value: 1.0.
2024-11-17 07:15:28,815 - INFO - Candidate Mean Stats: {'Max': np.float64(100.0), 'Min': np.float64(-0.32329167331197844), 'Mean': np.float64(1.3018196198161889), 'Std': np.float64(8.243873112497285)}
2024-11-17 07:15:28,815 - INFO - Candidate Std Stats: {'Max': np.float64(0.47777201696288474), 'Min': np.float64(0.0), 'Mean': np.float64(0.025236504406852215), 'Std': np.float64(0.03478846442553044)}
2024-11-17 07:15:28,817 - INFO - Top 10 Mean Stats: {'Max': np.float64(0.042842883146116575), 'Min': np.float64(-0.32329167331197844), 'Mean': np.float64(-0.25402959458271596), 'Std': np.float64(0.10341215072844281)}
2024-11-17 07:15:28,817 - INFO - Top 10 Std Stats: {'Max': np.float64(0.47541476165090973), 'Min': np.float64(0.15729994436389996), 'Mean': np.float64(0.20168574692090524), 'Std': np.float64(0.09216681682607102)}
2024-11-17 07:15:28,817 - INFO - Bottom 10 Mean Stats: {'Max': np.float64(100.0), 'Min': np.float64(91.0), 'Mean': np.float64(95.5), 'Std': np.float64(4.5)}
2024-11-17 07:15:28,817 - INFO - Bottom 10 Std Stats: {'Max': np.float64(0.0), 'Min': np.float64(0.0), 'Mean': np.float64(0.0), 'Std': np.float64(0.0)}
[I 2024-11-17 07:15:28,837] Trial 486 finished with value: 33.0 and parameters: {'x_0': 0, 'x_1': -1, 'x_2': -4, 'x_3': -4}. Best is trial 179 with value: 1.0.
2024-11-17 07:15:28,886 - INFO - Candidate Mean Stats: {'Max': np.float64(100.0), 'Min': np.float64(-0.3617562706574417), 'Mean': np.float64(1.1285110073182953), 'Std': np.float64(7.509777776582263)}
2024-11-17 07:15:28,887 - INFO - Candidate Std Stats: {'Max': np.float64(0.5453520138520039), 'Min': np.float64(0.0), 'Mean': np.float64(0.03259095177930807), 'Std': np.float64(0.03881176080586184)}
2024-11-17 07:15:28,888 - INFO - Top 10 Mean Stats: {'Max': np.float64(-0.12292024580293923), 'Min': np.float64(-0.3617562706574417), 'Mean': np.float64(-0.24564928698245297), 'Std': np.float64(0.0927702360807057)}
2024-11-17 07:15:28,888 - INFO - Top 10 Std Stats: {'Max': np.float64(0.3370112296000861), 'Min': np.float64(0.09309257644263902), 'Mean': np.float64(0.20563140106977387), 'Std': np.float64(0.1018625945964208)}
2024-11-17 07:15:28,888 - INFO - Bottom 10 Mean Stats: {'Max': np.float64(100.0), 'Min': np.float64(91.0), 'Mean': np.float64(93.7), 'Std': np.float64(4.124318125460256)}
2024-11-17 07:15:28,888 - INFO - Bottom 10 Std Stats: {'Max': np.float64(0.0), 'Min': np.float64(0.0), 'Mean': np.float64(0.0), 'Std': np.float64(0.0)}
2024-11-17 07:15:28,889 - INFO - Candidate Mean Stats: {'Max': np.float64(91.0), 'Min': np.float64(-0.3956745329084854), 'Mean': np.float64(0.955893895736724), 'Std': np.float64(6.809592745118064)}
2024-11-17 07:15:28,889 - INFO - Candidate Std Stats: {'Max': np.float64(0.612226236422777), 'Min': np.float64(0.0), 'Mean': np.float64(0.036979437831264776), 'Std': np.float64(0.04278653902883635)}
2024-11-17 07:15:28,891 - INFO - Top 10 Mean Stats: {'Max': np.float64(-0.0021553331867686155), 'Min': np.float64(-0.3956745329084854), 'Mean': np.float64(-0.3224574643637168), 'Std': np.float64(0.12384819320357757)}
2024-11-17 07:15:28,891 - INFO - Top 10 Std Stats: {'Max': np.float64(0.612226236422777), 'Min': np.float64(0.10362996700967952), 'Mean': np.float64(0.21787105021335557), 'Std': np.float64(0.15495832443436844)}
2024-11-17 07:15:28,891 - INFO - Bottom 10 Mean Stats: {'Max': np.float64(91.0), 'Min': np.float64(82.0), 'Mean': np.float64(84.9), 'Std': np.float64(4.036087214122113)}
2024-11-17 07:15:28,891 - INFO - Bottom 10 Std Stats: {'Max': np.float64(0.0), 'Min': np.float64(0.0), 'Mean': np.float64(0.0), 'Std': np.float64(0.0)}
[I 2024-11-17 07:15:28,906] Trial 488 finished with value: 43.0 and parameters: {'x_0': -1, 'x_1': 1, 'x_2': -4, 'x_3': 5}. Best is trial 362 with value: 1.0.
[I 2024-11-17 07:15:28,909] Trial 419 finished with value: 75.0 and parameters: {'x_0': -4, 'x_1': 5, 'x_2': -5, 'x_3': 3}. Best is trial 320 with value: 0.0.
2024-11-17 07:15:28,953 - INFO - Candidate Mean Stats: {'Max': np.float64(100.0), 'Min': np.float64(-0.4283719483269815), 'Mean': np.float64(1.3045582821602075), 'Std': np.float64(8.247933233696276)}
2024-11-17 07:15:28,954 - INFO - Candidate Std Stats: {'Max': np.float64(0.34261160797484974), 'Min': np.float64(0.0), 'Mean': np.float64(0.023161576274419598), 'Std': np.float64(0.030601126381909906)}
2024-11-17 07:15:28,955 - INFO - Top 10 Mean Stats: {'Max': np.float64(-0.10647207438461606), 'Min': np.float64(-0.4283719483269815), 'Mean': np.float64(-0.2522871614738628), 'Std': np.float64(0.12118432367396362)}
2024-11-17 07:15:28,955 - INFO - Top 10 Std Stats: {'Max': np.float64(0.34261160797484974), 'Min': np.float64(0.010353239612484997), 'Mean': np.float64(0.19891438249938315), 'Std': np.float64(0.12048278349583959)}
2024-11-17 07:15:28,955 - INFO - Bottom 10 Mean Stats: {'Max': np.float64(100.0), 'Min': np.float64(91.0), 'Mean': np.float64(95.5), 'Std': np.float64(4.5)}
2024-11-17 07:15:28,955 - INFO - Bottom 10 Std Stats: {'Max': np.float64(0.0), 'Min': np.float64(0.0), 'Mean': np.float64(0.0), 'Std': np.float64(0.0)}
[I 2024-11-17 07:15:28,972] Trial 487 finished with value: 26.0 and parameters: {'x_0': 0, 'x_1': 1, 'x_2': 0, 'x_3': -5}. Best is trial 179 with value: 1.0.
2024-11-17 07:15:29,061 - INFO - Candidate Mean Stats: {'Max': np.float64(100.0), 'Min': np.float64(-0.3842909009956326), 'Mean': np.float64(1.1377191823812005), 'Std': np.float64(7.516854078495758)}
2024-11-17 07:15:29,062 - INFO - Candidate Std Stats: {'Max': np.float64(0.42648792089084253), 'Min': np.float64(0.0), 'Mean': np.float64(0.024837911036074137), 'Std': np.float64(0.03225445517971963)}
2024-11-17 07:15:29,063 - INFO - Top 10 Mean Stats: {'Max': np.float64(-0.32542015148307357), 'Min': np.float64(-0.3842909009956326), 'Mean': np.float64(-0.3635252362657576), 'Std': np.float64(0.018232797591072006)}
2024-11-17 07:15:29,063 - INFO - Top 10 Std Stats: {'Max': np.float64(0.13887118802390744), 'Min': np.float64(0.07178856194174967), 'Mean': np.float64(0.10924106258020257), 'Std': np.float64(0.0192661252256568)}
2024-11-17 07:15:29,063 - INFO - Bottom 10 Mean Stats: {'Max': np.float64(100.0), 'Min': np.float64(91.0), 'Mean': np.float64(93.7), 'Std': np.float64(4.124318125460256)}
2024-11-17 07:15:29,063 - INFO - Bottom 10 Std Stats: {'Max': np.float64(0.0), 'Min': np.float64(0.0), 'Mean': np.float64(0.0), 'Std': np.float64(0.0)}
[I 2024-11-17 07:15:29,080] Trial 489 finished with value: 6.0 and parameters: {'x_0': -1, 'x_1': 1, 'x_2': 0, 'x_3': -2}. Best is trial 362 with value: 1.0.
2024-11-17 07:15:29,100 - INFO - Candidate Mean Stats: {'Max': np.float64(100.0), 'Min': np.float64(-0.3746899192472756), 'Mean': np.float64(1.3020775545721706), 'Std': np.float64(8.251141250091516)}
2024-11-17 07:15:29,100 - INFO - Candidate Std Stats: {'Max': np.float64(0.26097984673283586), 'Min': np.float64(0.0), 'Mean': np.float64(0.02554548874762603), 'Std': np.float64(0.03170878446813938)}
2024-11-17 07:15:29,102 - INFO - Top 10 Mean Stats: {'Max': np.float64(-0.29252349819920925), 'Min': np.float64(-0.3746899192472756), 'Mean': np.float64(-0.3351412175251392), 'Std': np.float64(0.03085624306979211)}
2024-11-17 07:15:29,102 - INFO - Top 10 Std Stats: {'Max': np.float64(0.17020713623004474), 'Min': np.float64(0.07458425556605842), 'Mean': np.float64(0.11489316505036248), 'Std': np.float64(0.03331382262087304)}
2024-11-17 07:15:29,102 - INFO - Bottom 10 Mean Stats: {'Max': np.float64(100.0), 'Min': np.float64(91.0), 'Mean': np.float64(95.5), 'Std': np.float64(4.5)}
2024-11-17 07:15:29,102 - INFO - Bottom 10 Std Stats: {'Max': np.float64(0.0), 'Min': np.float64(0.0), 'Mean': np.float64(0.0), 'Std': np.float64(0.0)}
2024-11-17 07:15:29,120 - INFO - Candidate Mean Stats: {'Max': np.float64(91.0), 'Min': np.float64(-0.4371662651203196), 'Mean': np.float64(0.9611303313418821), 'Std': np.float64(6.837005969502288)}
2024-11-17 07:15:29,120 - INFO - Candidate Std Stats: {'Max': np.float64(1.2168628924519782), 'Min': np.float64(0.0), 'Mean': np.float64(0.03849128634419728), 'Std': np.float64(0.048305926474799844)}
2024-11-17 07:15:29,122 - INFO - Top 10 Mean Stats: {'Max': np.float64(-0.18000490218408186), 'Min': np.float64(-0.4371662651203196), 'Mean': np.float64(-0.358837379081094), 'Std': np.float64(0.10895091863909842)}
2024-11-17 07:15:29,122 - INFO - Top 10 Std Stats: {'Max': np.float64(0.4514044607270208), 'Min': np.float64(0.13744144329108524), 'Mean': np.float64(0.2187811799894679), 'Std': np.float64(0.11567883797156445)}
2024-11-17 07:15:29,122 - INFO - Bottom 10 Mean Stats: {'Max': np.float64(91.0), 'Min': np.float64(82.0), 'Mean': np.float64(84.9), 'Std': np.float64(4.036087214122113)}
2024-11-17 07:15:29,122 - INFO - Bottom 10 Std Stats: {'Max': np.float64(0.0), 'Min': np.float64(0.0), 'Mean': np.float64(0.0), 'Std': np.float64(0.0)}
[I 2024-11-17 07:15:29,125] Trial 488 finished with value: 27.0 and parameters: {'x_0': 0, 'x_1': -1, 'x_2': -1, 'x_3': 5}. Best is trial 179 with value: 1.0.
[I 2024-11-17 07:15:29,140] Trial 420 finished with value: 58.0 and parameters: {'x_0': 1, 'x_1': -5, 'x_2': 4, 'x_3': 4}. Best is trial 320 with value: 0.0.
2024-11-17 07:15:29,230 - INFO - Candidate Mean Stats: {'Max': np.float64(100.0), 'Min': np.float64(-0.36232861745299283), 'Mean': np.float64(1.1361088846288168), 'Std': np.float64(7.517272238772427)}
2024-11-17 07:15:29,230 - INFO - Candidate Std Stats: {'Max': np.float64(0.4228285466806974), 'Min': np.float64(0.0), 'Mean': np.float64(0.02598492700416946), 'Std': np.float64(0.032190831875813564)}
2024-11-17 07:15:29,231 - INFO - Top 10 Mean Stats: {'Max': np.float64(-0.3184159412720479), 'Min': np.float64(-0.36232861745299283), 'Mean': np.float64(-0.34359336645608335), 'Std': np.float64(0.012840937740965501)}
2024-11-17 07:15:29,231 - INFO - Top 10 Std Stats: {'Max': np.float64(0.1214989674535624), 'Min': np.float64(0.09967162265927777), 'Mean': np.float64(0.10488954613396403), 'Std': np.float64(0.006633875650087167)}
2024-11-17 07:15:29,231 - INFO - Bottom 10 Mean Stats: {'Max': np.float64(100.0), 'Min': np.float64(91.0), 'Mean': np.float64(93.7), 'Std': np.float64(4.124318125460256)}
2024-11-17 07:15:29,231 - INFO - Bottom 10 Std Stats: {'Max': np.float64(0.0), 'Min': np.float64(0.0), 'Mean': np.float64(0.0), 'Std': np.float64(0.0)}
[I 2024-11-17 07:15:29,249] Trial 490 finished with value: 22.0 and parameters: {'x_0': -1, 'x_1': -1, 'x_2': 4, 'x_3': 2}. Best is trial 362 with value: 1.0.
2024-11-17 07:15:29,300 - INFO - Candidate Mean Stats: {'Max': np.float64(100.0), 'Min': np.float64(-0.31052394705958797), 'Mean': np.float64(1.3091720427079006), 'Std': np.float64(8.253028806528931)}
2024-11-17 07:15:29,300 - INFO - Candidate Std Stats: {'Max': np.float64(0.5252404922580404), 'Min': np.float64(0.0), 'Mean': np.float64(0.02741323466436273), 'Std': np.float64(0.03611106764217826)}
2024-11-17 07:15:29,301 - INFO - Top 10 Mean Stats: {'Max': np.float64(0.04529987725186878), 'Min': np.float64(-0.31052394705958797), 'Mean': np.float64(-0.13696697624934676), 'Std': np.float64(0.1316435007978041)}
2024-11-17 07:15:29,301 - INFO - Top 10 Std Stats: {'Max': np.float64(0.5252404922580404), 'Min': np.float64(0.139561848610304), 'Mean': np.float64(0.3245014250522379), 'Std': np.float64(0.14860228955449953)}
2024-11-17 07:15:29,301 - INFO - Bottom 10 Mean Stats: {'Max': np.float64(100.0), 'Min': np.float64(91.0), 'Mean': np.float64(95.5), 'Std': np.float64(4.5)}
2024-11-17 07:15:29,301 - INFO - Bottom 10 Std Stats: {'Max': np.float64(0.0), 'Min': np.float64(0.0), 'Mean': np.float64(0.0), 'Std': np.float64(0.0)}
[I 2024-11-17 07:15:29,319] Trial 489 finished with value: 76.0 and parameters: {'x_0': 5, 'x_1': 5, 'x_2': -5, 'x_3': -1}. Best is trial 179 with value: 1.0.
2024-11-17 07:15:29,340 - INFO - Candidate Mean Stats: {'Max': np.float64(91.0), 'Min': np.float64(-0.39876847660779136), 'Mean': np.float64(0.9664754475080995), 'Std': np.float64(6.853055954463755)}
2024-11-17 07:15:29,341 - INFO - Candidate Std Stats: {'Max': np.float64(0.5728033779409327), 'Min': np.float64(0.0), 'Mean': np.float64(0.03056920289719393), 'Std': np.float64(0.04302922008805255)}
2024-11-17 07:15:29,342 - INFO - Top 10 Mean Stats: {'Max': np.float64(-0.06175582141939071), 'Min': np.float64(-0.39876847660779136), 'Mean': np.float64(-0.2705408198109096), 'Std': np.float64(0.13558692854673648)}
2024-11-17 07:15:29,342 - INFO - Top 10 Std Stats: {'Max': np.float64(0.5728033779409327), 'Min': np.float64(0.14393888275668987), 'Mean': np.float64(0.26368820543504595), 'Std': np.float64(0.15251887825535412)}
2024-11-17 07:15:29,342 - INFO - Bottom 10 Mean Stats: {'Max': np.float64(91.0), 'Min': np.float64(82.0), 'Mean': np.float64(84.9), 'Std': np.float64(4.036087214122113)}
2024-11-17 07:15:29,342 - INFO - Bottom 10 Std Stats: {'Max': np.float64(0.0), 'Min': np.float64(0.0), 'Mean': np.float64(0.0), 'Std': np.float64(0.0)}
[I 2024-11-17 07:15:29,359] Trial 421 finished with value: 66.0 and parameters: {'x_0': 5, 'x_1': 0, 'x_2': -5, 'x_3': -4}. Best is trial 320 with value: 0.0.
2024-11-17 07:15:29,388 - INFO - Candidate Mean Stats: {'Max': np.float64(100.0), 'Min': np.float64(-0.4119612359595699), 'Mean': np.float64(1.136245433986155), 'Std': np.float64(7.519462769359596)}
2024-11-17 07:15:29,388 - INFO - Candidate Std Stats: {'Max': np.float64(0.5421814564693065), 'Min': np.float64(0.0), 'Mean': np.float64(0.026218253046851478), 'Std': np.float64(0.033570391433632)}
2024-11-17 07:15:29,390 - INFO - Top 10 Mean Stats: {'Max': np.float64(-0.3323296980962819), 'Min': np.float64(-0.4119612359595699), 'Mean': np.float64(-0.3674846829945378), 'Std': np.float64(0.027232415681359423)}
2024-11-17 07:15:29,390 - INFO - Top 10 Std Stats: {'Max': np.float64(0.22681335503552108), 'Min': np.float64(0.12052462635059746), 'Mean': np.float64(0.17246452247089608), 'Std': np.float64(0.03896691527699017)}
2024-11-17 07:15:29,390 - INFO - Bottom 10 Mean Stats: {'Max': np.float64(100.0), 'Min': np.float64(91.0), 'Mean': np.float64(93.7), 'Std': np.float64(4.124318125460256)}
2024-11-17 07:15:29,390 - INFO - Bottom 10 Std Stats: {'Max': np.float64(0.0), 'Min': np.float64(0.0), 'Mean': np.float64(0.0), 'Std': np.float64(0.0)}
