[I 2024-11-17 07:14:52,069] Trial 303 finished with value: 3.0 and parameters: {'x_0': -1, 'x_1': -1, 'x_2': 0, 'x_3': -1}. Best is trial 290 with value: 2.0.
2024-11-17 07:14:52,207 - INFO - Candidate Mean Stats: {'Max': np.float64(100.0), 'Min': np.float64(-0.20357596799666594), 'Mean': np.float64(1.029704951286529), 'Std': np.float64(7.687609961154036)}
2024-11-17 07:14:52,207 - INFO - Candidate Std Stats: {'Max': np.float64(0.5683092741205082), 'Min': np.float64(0.0), 'Mean': np.float64(0.04296950569193077), 'Std': np.float64(0.044295047212229766)}
2024-11-17 07:14:52,209 - INFO - Top 10 Mean Stats: {'Max': np.float64(0.08506047038282002), 'Min': np.float64(-0.20357596799666594), 'Mean': np.float64(-0.10752601994117124), 'Std': np.float64(0.09635524521907989)}
2024-11-17 07:14:52,209 - INFO - Top 10 Std Stats: {'Max': np.float64(0.4900701780663922), 'Min': np.float64(0.22390129603839803), 'Mean': np.float64(0.32191490963925184), 'Std': np.float64(0.08648363019279533)}
2024-11-17 07:14:52,209 - INFO - Bottom 10 Mean Stats: {'Max': np.float64(100.0), 'Min': np.float64(91.0), 'Mean': np.float64(95.5), 'Std': np.float64(4.5)}
2024-11-17 07:14:52,209 - INFO - Bottom 10 Std Stats: {'Max': np.float64(0.0), 'Min': np.float64(0.0), 'Mean': np.float64(0.0), 'Std': np.float64(0.0)}
2024-11-17 07:14:52,227 - INFO - Candidate Mean Stats: {'Max': np.float64(91.0), 'Min': np.float64(-0.6145682246607694), 'Mean': np.float64(0.6757980537960535), 'Std': np.float64(5.580705476687007)}
2024-11-17 07:14:52,227 - INFO - Candidate Std Stats: {'Max': np.float64(0.5646085045878503), 'Min': np.float64(0.0), 'Mean': np.float64(0.05454627135137304), 'Std': np.float64(0.05021284663937798)}
[I 2024-11-17 07:14:52,228] Trial 311 finished with value: 52.0 and parameters: {'x_0': 1, 'x_1': -5, 'x_2': 5, 'x_3': 1}. Best is trial 179 with value: 1.0.
2024-11-17 07:14:52,229 - INFO - Top 10 Mean Stats: {'Max': np.float64(-0.2299324898569283), 'Min': np.float64(-0.6145682246607694), 'Mean': np.float64(-0.41876836607717705), 'Std': np.float64(0.11833436991165867)}
2024-11-17 07:14:52,229 - INFO - Top 10 Std Stats: {'Max': np.float64(0.49418954464941584), 'Min': np.float64(0.27940105400772214), 'Mean': np.float64(0.36612910054088366), 'Std': np.float64(0.07110133803524517)}
2024-11-17 07:14:52,230 - INFO - Bottom 10 Mean Stats: {'Max': np.float64(91.0), 'Min': np.float64(73.0), 'Mean': np.float64(76.9), 'Std': np.float64(5.262128846769148)}
2024-11-17 07:14:52,230 - INFO - Bottom 10 Std Stats: {'Max': np.float64(0.0), 'Min': np.float64(0.0), 'Mean': np.float64(0.0), 'Std': np.float64(0.0)}
[I 2024-11-17 07:14:52,248] Trial 290 finished with value: 1.0 and parameters: {'x_0': -1, 'x_1': 0, 'x_2': 0, 'x_3': 0}. Best is trial 288 with value: 1.0.
2024-11-17 07:14:52,342 - INFO - Candidate Mean Stats: {'Max': np.float64(100.0), 'Min': np.float64(-0.3717164082070419), 'Mean': np.float64(0.9069429267770973), 'Std': np.float64(7.015183048874508)}
2024-11-17 07:14:52,342 - INFO - Candidate Std Stats: {'Max': np.float64(0.6173614518525062), 'Min': np.float64(0.0), 'Mean': np.float64(0.047857593741196726), 'Std': np.float64(0.04412817403321727)}
2024-11-17 07:14:52,343 - INFO - Top 10 Mean Stats: {'Max': np.float64(-0.15099009197360128), 'Min': np.float64(-0.3717164082070419), 'Mean': np.float64(-0.22649271887394976), 'Std': np.float64(0.060007421980283374)}
2024-11-17 07:14:52,343 - INFO - Top 10 Std Stats: {'Max': np.float64(0.5652808908776904), 'Min': np.float64(0.30777262435937186), 'Mean': np.float64(0.4016130636425019), 'Std': np.float64(0.07738165505918011)}
2024-11-17 07:14:52,343 - INFO - Bottom 10 Mean Stats: {'Max': np.float64(100.0), 'Min': np.float64(84.0), 'Mean': np.float64(93.0), 'Std': np.float64(5.019960159204453)}
2024-11-17 07:14:52,343 - INFO - Bottom 10 Std Stats: {'Max': np.float64(0.0), 'Min': np.float64(0.0), 'Mean': np.float64(0.0), 'Std': np.float64(0.0)}
[I 2024-11-17 07:14:52,358] Trial 304 finished with value: 6.0 and parameters: {'x_0': -1, 'x_1': 2, 'x_2': -1, 'x_3': 0}. Best is trial 290 with value: 2.0.
2024-11-17 07:14:52,441 - INFO - Candidate Mean Stats: {'Max': np.float64(100.0), 'Min': np.float64(-0.25791386631159263), 'Mean': np.float64(1.0324079743631314), 'Std': np.float64(7.6992548730148656)}
2024-11-17 07:14:52,442 - INFO - Candidate Std Stats: {'Max': np.float64(0.5019441371871096), 'Min': np.float64(0.0), 'Mean': np.float64(0.04721710933178757), 'Std': np.float64(0.04277322746394787)}
2024-11-17 07:14:52,443 - INFO - Top 10 Mean Stats: {'Max': np.float64(-0.016957525532399396), 'Min': np.float64(-0.25791386631159263), 'Mean': np.float64(-0.12181225391117131), 'Std': np.float64(0.058660179525577914)}
2024-11-17 07:14:52,443 - INFO - Top 10 Std Stats: {'Max': np.float64(0.42560645011043147), 'Min': np.float64(0.2509469603515035), 'Mean': np.float64(0.33613503731816585), 'Std': np.float64(0.06084125958521264)}
2024-11-17 07:14:52,443 - INFO - Bottom 10 Mean Stats: {'Max': np.float64(100.0), 'Min': np.float64(91.0), 'Mean': np.float64(95.5), 'Std': np.float64(4.5)}
2024-11-17 07:14:52,443 - INFO - Bottom 10 Std Stats: {'Max': np.float64(0.0), 'Min': np.float64(0.0), 'Mean': np.float64(0.0), 'Std': np.float64(0.0)}
[I 2024-11-17 07:14:52,461] Trial 312 finished with value: 68.0 and parameters: {'x_0': 3, 'x_1': -3, 'x_2': -5, 'x_3': 5}. Best is trial 179 with value: 1.0.
2024-11-17 07:14:52,528 - INFO - Candidate Mean Stats: {'Max': np.float64(91.0), 'Min': np.float64(-0.32935394245248445), 'Mean': np.float64(0.6779809258273133), 'Std': np.float64(5.580433035322093)}
2024-11-17 07:14:52,528 - INFO - Candidate Std Stats: {'Max': np.float64(0.44586241999333603), 'Min': np.float64(0.0), 'Mean': np.float64(0.06296318554612816), 'Std': np.float64(0.044168653273226784)}
2024-11-17 07:14:52,530 - INFO - Top 10 Mean Stats: {'Max': np.float64(-0.13414429901849725), 'Min': np.float64(-0.32935394245248445), 'Mean': np.float64(-0.24819194195276556), 'Std': np.float64(0.05808057737507939)}
2024-11-17 07:14:52,530 - INFO - Top 10 Std Stats: {'Max': np.float64(0.44586241999333603), 'Min': np.float64(0.23283265283325844), 'Mean': np.float64(0.33579805573203486), 'Std': np.float64(0.06445606236096806)}
2024-11-17 07:14:52,530 - INFO - Bottom 10 Mean Stats: {'Max': np.float64(91.0), 'Min': np.float64(73.0), 'Mean': np.float64(76.9), 'Std': np.float64(5.262128846769148)}
2024-11-17 07:14:52,530 - INFO - Bottom 10 Std Stats: {'Max': np.float64(0.0), 'Min': np.float64(0.0), 'Mean': np.float64(0.0), 'Std': np.float64(0.0)}
[I 2024-11-17 07:14:52,547] Trial 291 finished with value: 4.0 and parameters: {'x_0': -2, 'x_1': 0, 'x_2': 0, 'x_3': 0}. Best is trial 288 with value: 1.0.
2024-11-17 07:14:52,654 - INFO - Candidate Mean Stats: {'Max': np.float64(100.0), 'Min': np.float64(-0.5150619021113858), 'Mean': np.float64(0.9065340795618011), 'Std': np.float64(7.0153793537348825)}
2024-11-17 07:14:52,655 - INFO - Candidate Std Stats: {'Max': np.float64(0.579909799245033), 'Min': np.float64(0.0), 'Mean': np.float64(0.04682512714997532), 'Std': np.float64(0.0501445879053959)}
2024-11-17 07:14:52,656 - INFO - Top 10 Mean Stats: {'Max': np.float64(-0.22319808777244746), 'Min': np.float64(-0.5150619021113858), 'Mean': np.float64(-0.33788864157721826), 'Std': np.float64(0.0829239275422392)}
2024-11-17 07:14:52,656 - INFO - Top 10 Std Stats: {'Max': np.float64(0.579909799245033), 'Min': np.float64(0.23043561144016722), 'Mean': np.float64(0.41639753216178066), 'Std': np.float64(0.09352203957648259)}
2024-11-17 07:14:52,656 - INFO - Bottom 10 Mean Stats: {'Max': np.float64(100.0), 'Min': np.float64(84.0), 'Mean': np.float64(93.0), 'Std': np.float64(5.019960159204453)}
2024-11-17 07:14:52,656 - INFO - Bottom 10 Std Stats: {'Max': np.float64(0.0), 'Min': np.float64(0.0), 'Mean': np.float64(0.0), 'Std': np.float64(0.0)}
[I 2024-11-17 07:14:52,674] Trial 305 finished with value: 6.0 and parameters: {'x_0': -1, 'x_1': 2, 'x_2': 0, 'x_3': -1}. Best is trial 290 with value: 2.0.
2024-11-17 07:14:52,730 - INFO - Candidate Mean Stats: {'Max': np.float64(100.0), 'Min': np.float64(-0.27075676077682154), 'Mean': np.float64(1.035634027818831), 'Std': np.float64(7.719297358931537)}
2024-11-17 07:14:52,731 - INFO - Candidate Std Stats: {'Max': np.float64(0.4275817687084003), 'Min': np.float64(0.0), 'Mean': np.float64(0.04748896983871747), 'Std': np.float64(0.04210613736572106)}
2024-11-17 07:14:52,732 - INFO - Top 10 Mean Stats: {'Max': np.float64(-0.12517232071407416), 'Min': np.float64(-0.27075676077682154), 'Mean': np.float64(-0.17523327551130502), 'Std': np.float64(0.041771931636924046)}
2024-11-17 07:14:52,732 - INFO - Top 10 Std Stats: {'Max': np.float64(0.4275817687084003), 'Min': np.float64(0.23062077082412497), 'Mean': np.float64(0.3166228908858343), 'Std': np.float64(0.05812571506197245)}
2024-11-17 07:14:52,732 - INFO - Bottom 10 Mean Stats: {'Max': np.float64(100.0), 'Min': np.float64(91.0), 'Mean': np.float64(95.5), 'Std': np.float64(4.5)}
2024-11-17 07:14:52,732 - INFO - Bottom 10 Std Stats: {'Max': np.float64(0.0), 'Min': np.float64(0.0), 'Mean': np.float64(0.0), 'Std': np.float64(0.0)}
[I 2024-11-17 07:14:52,749] Trial 313 finished with value: 2.0 and parameters: {'x_0': 0, 'x_1': 1, 'x_2': 0, 'x_3': -1}. Best is trial 179 with value: 1.0.
2024-11-17 07:14:52,825 - INFO - Candidate Mean Stats: {'Max': np.float64(91.0), 'Min': np.float64(-0.48468388306105964), 'Mean': np.float64(0.6772017550111326), 'Std': np.float64(5.580622898250859)}
2024-11-17 07:14:52,825 - INFO - Candidate Std Stats: {'Max': np.float64(0.6948208517056019), 'Min': np.float64(0.0), 'Mean': np.float64(0.05306590112750301), 'Std': np.float64(0.053819875382639944)}
2024-11-17 07:14:52,827 - INFO - Top 10 Mean Stats: {'Max': np.float64(-0.2255793945541357), 'Min': np.float64(-0.48468388306105964), 'Mean': np.float64(-0.3289350629361607), 'Std': np.float64(0.07784449636008446)}
2024-11-17 07:14:52,827 - INFO - Top 10 Std Stats: {'Max': np.float64(0.6275960789356277), 'Min': np.float64(0.3169160501778644), 'Mean': np.float64(0.4650922321194414), 'Std': np.float64(0.08702035243521886)}
2024-11-17 07:14:52,827 - INFO - Bottom 10 Mean Stats: {'Max': np.float64(91.0), 'Min': np.float64(73.0), 'Mean': np.float64(76.9), 'Std': np.float64(5.262128846769148)}
2024-11-17 07:14:52,827 - INFO - Bottom 10 Std Stats: {'Max': np.float64(0.0), 'Min': np.float64(0.0), 'Mean': np.float64(0.0), 'Std': np.float64(0.0)}
[I 2024-11-17 07:14:52,845] Trial 292 finished with value: 1.0 and parameters: {'x_0': 0, 'x_1': 0, 'x_2': -1, 'x_3': 0}. Best is trial 288 with value: 1.0.
2024-11-17 07:14:52,971 - INFO - Candidate Mean Stats: {'Max': np.float64(100.0), 'Min': np.float64(-0.23418524404291213), 'Mean': np.float64(0.9042355227955261), 'Std': np.float64(7.015832484439098)}
2024-11-17 07:14:52,972 - INFO - Candidate Std Stats: {'Max': np.float64(0.9261124913803694), 'Min': np.float64(0.0), 'Mean': np.float64(0.05029190412160049), 'Std': np.float64(0.05098653266896875)}
2024-11-17 07:14:52,974 - INFO - Top 10 Mean Stats: {'Max': np.float64(-0.0029153236425361194), 'Min': np.float64(-0.23418524404291213), 'Mean': np.float64(-0.16569424429841026), 'Std': np.float64(0.0718053439125365)}
2024-11-17 07:14:52,974 - INFO - Top 10 Std Stats: {'Max': np.float64(0.9261124913803694), 'Min': np.float64(0.4279711426523396), 'Mean': np.float64(0.6241436849580922), 'Std': np.float64(0.15956468207722263)}
2024-11-17 07:14:52,974 - INFO - Bottom 10 Mean Stats: {'Max': np.float64(100.0), 'Min': np.float64(84.0), 'Mean': np.float64(93.0), 'Std': np.float64(5.019960159204453)}
2024-11-17 07:14:52,974 - INFO - Bottom 10 Std Stats: {'Max': np.float64(0.0), 'Min': np.float64(0.0), 'Mean': np.float64(0.0), 'Std': np.float64(0.0)}
2024-11-17 07:14:52,974 - INFO - Candidate Mean Stats: {'Max': np.float64(100.0), 'Min': np.float64(-0.2153037960707532), 'Mean': np.float64(1.0329037863687658), 'Std': np.float64(7.7196803013735416)}
2024-11-17 07:14:52,974 - INFO - Candidate Std Stats: {'Max': np.float64(0.47542226657031494), 'Min': np.float64(0.0), 'Mean': np.float64(0.04524103383351644), 'Std': np.float64(0.04438147738759356)}
2024-11-17 07:14:52,976 - INFO - Top 10 Mean Stats: {'Max': np.float64(-0.13715041911849218), 'Min': np.float64(-0.2153037960707532), 'Mean': np.float64(-0.16257911655016632), 'Std': np.float64(0.02449276289415603)}
2024-11-17 07:14:52,976 - INFO - Top 10 Std Stats: {'Max': np.float64(0.47542226657031494), 'Min': np.float64(0.29654472648657615), 'Mean': np.float64(0.3541750724700718), 'Std': np.float64(0.04848005012730541)}
2024-11-17 07:14:52,976 - INFO - Bottom 10 Mean Stats: {'Max': np.float64(100.0), 'Min': np.float64(91.0), 'Mean': np.float64(95.5), 'Std': np.float64(4.5)}
2024-11-17 07:14:52,976 - INFO - Bottom 10 Std Stats: {'Max': np.float64(0.0), 'Min': np.float64(0.0), 'Mean': np.float64(0.0), 'Std': np.float64(0.0)}
[I 2024-11-17 07:14:52,993] Trial 314 finished with value: 27.0 and parameters: {'x_0': 0, 'x_1': -5, 'x_2': -1, 'x_3': 1}. Best is trial 179 with value: 1.0.
[I 2024-11-17 07:14:52,995] Trial 306 finished with value: 63.0 and parameters: {'x_0': -5, 'x_1': 2, 'x_2': -5, 'x_3': -3}. Best is trial 290 with value: 2.0.
2024-11-17 07:14:53,126 - INFO - Candidate Mean Stats: {'Max': np.float64(91.0), 'Min': np.float64(-0.566980884663955), 'Mean': np.float64(0.6759860776666543), 'Std': np.float64(5.580797293238907)}
2024-11-17 07:14:53,127 - INFO - Candidate Std Stats: {'Max': np.float64(0.47805433652807994), 'Min': np.float64(0.0), 'Mean': np.float64(0.052696415238044504), 'Std': np.float64(0.04552691630303809)}
2024-11-17 07:14:53,128 - INFO - Top 10 Mean Stats: {'Max': np.float64(-0.2123805005136771), 'Min': np.float64(-0.566980884663955), 'Mean': np.float64(-0.40073602430823796), 'Std': np.float64(0.12245628979532895)}
2024-11-17 07:14:53,128 - INFO - Top 10 Std Stats: {'Max': np.float64(0.47805433652807994), 'Min': np.float64(0.20606508477779084), 'Mean': np.float64(0.31734203332209693), 'Std': np.float64(0.0919316216033767)}
2024-11-17 07:14:53,128 - INFO - Bottom 10 Mean Stats: {'Max': np.float64(91.0), 'Min': np.float64(73.0), 'Mean': np.float64(76.9), 'Std': np.float64(5.262128846769148)}
2024-11-17 07:14:53,128 - INFO - Bottom 10 Std Stats: {'Max': np.float64(0.0), 'Min': np.float64(0.0), 'Mean': np.float64(0.0), 'Std': np.float64(0.0)}
[I 2024-11-17 07:14:53,147] Trial 293 finished with value: 2.0 and parameters: {'x_0': 1, 'x_1': -1, 'x_2': 0, 'x_3': 0}. Best is trial 288 with value: 1.0.
2024-11-17 07:14:53,202 - INFO - Candidate Mean Stats: {'Max': np.float64(100.0), 'Min': np.float64(-0.34184773641213484), 'Mean': np.float64(0.9099376316268684), 'Std': np.float64(7.034415012618303)}
2024-11-17 07:14:53,203 - INFO - Candidate Std Stats: {'Max': np.float64(0.708863713285477), 'Min': np.float64(0.0), 'Mean': np.float64(0.045399691735335354), 'Std': np.float64(0.046252381212138226)}
2024-11-17 07:14:53,204 - INFO - Top 10 Mean Stats: {'Max': np.float64(-0.12604457103802696), 'Min': np.float64(-0.34184773641213484), 'Mean': np.float64(-0.16816341995217834), 'Std': np.float64(0.058723938029156646)}
2024-11-17 07:14:53,204 - INFO - Top 10 Std Stats: {'Max': np.float64(0.708863713285477), 'Min': np.float64(0.298434203634801), 'Mean': np.float64(0.37771970892975004), 'Std': np.float64(0.11654063477281651)}
2024-11-17 07:14:53,204 - INFO - Bottom 10 Mean Stats: {'Max': np.float64(100.0), 'Min': np.float64(84.0), 'Mean': np.float64(93.0), 'Std': np.float64(5.019960159204453)}
2024-11-17 07:14:53,204 - INFO - Bottom 10 Std Stats: {'Max': np.float64(0.0), 'Min': np.float64(0.0), 'Mean': np.float64(0.0), 'Std': np.float64(0.0)}
[I 2024-11-17 07:14:53,221] Trial 307 finished with value: 7.0 and parameters: {'x_0': -1, 'x_1': 2, 'x_2': -1, 'x_3': -1}. Best is trial 290 with value: 2.0.
2024-11-17 07:14:53,261 - INFO - Candidate Mean Stats: {'Max': np.float64(100.0), 'Min': np.float64(-0.2217371641935068), 'Mean': np.float64(1.039431470900826), 'Std': np.float64(7.7220273197311355)}
2024-11-17 07:14:53,261 - INFO - Candidate Std Stats: {'Max': np.float64(0.506857954709759), 'Min': np.float64(0.0), 'Mean': np.float64(0.041430235021381774), 'Std': np.float64(0.04464018666370774)}
2024-11-17 07:14:53,262 - INFO - Top 10 Mean Stats: {'Max': np.float64(-0.03960118588788793), 'Min': np.float64(-0.2217371641935068), 'Mean': np.float64(-0.147412715729673), 'Std': np.float64(0.05229462347615821)}
2024-11-17 07:14:53,262 - INFO - Top 10 Std Stats: {'Max': np.float64(0.506857954709759), 'Min': np.float64(0.3142220965025642), 'Mean': np.float64(0.378292086410729), 'Std': np.float64(0.05218885345236777)}
2024-11-17 07:14:53,263 - INFO - Bottom 10 Mean Stats: {'Max': np.float64(100.0), 'Min': np.float64(91.0), 'Mean': np.float64(95.5), 'Std': np.float64(4.5)}
2024-11-17 07:14:53,263 - INFO - Bottom 10 Std Stats: {'Max': np.float64(0.0), 'Min': np.float64(0.0), 'Mean': np.float64(0.0), 'Std': np.float64(0.0)}
[I 2024-11-17 07:14:53,280] Trial 315 finished with value: 28.0 and parameters: {'x_0': -1, 'x_1': -3, 'x_2': -3, 'x_3': -3}. Best is trial 179 with value: 1.0.
2024-11-17 07:14:53,349 - INFO - Candidate Mean Stats: {'Max': np.float64(91.0), 'Min': np.float64(-0.5610279468843146), 'Mean': np.float64(0.6755560366691208), 'Std': np.float64(5.5808612150079195)}
2024-11-17 07:14:53,349 - INFO - Candidate Std Stats: {'Max': np.float64(0.4134966263976373), 'Min': np.float64(0.0), 'Mean': np.float64(0.05067923293092466), 'Std': np.float64(0.04578791766820352)}
2024-11-17 07:14:53,350 - INFO - Top 10 Mean Stats: {'Max': np.float64(-0.27387594827935835), 'Min': np.float64(-0.5610279468843146), 'Mean': np.float64(-0.46839739810552156), 'Std': np.float64(0.08265944393024822)}
2024-11-17 07:14:53,350 - INFO - Top 10 Std Stats: {'Max': np.float64(0.3925708830102055), 'Min': np.float64(0.24635224240277243), 'Mean': np.float64(0.29992386319904774), 'Std': np.float64(0.041893707602809555)}
2024-11-17 07:14:53,350 - INFO - Bottom 10 Mean Stats: {'Max': np.float64(91.0), 'Min': np.float64(73.0), 'Mean': np.float64(76.9), 'Std': np.float64(5.262128846769148)}
2024-11-17 07:14:53,350 - INFO - Bottom 10 Std Stats: {'Max': np.float64(0.0), 'Min': np.float64(0.0), 'Mean': np.float64(0.0), 'Std': np.float64(0.0)}
[I 2024-11-17 07:14:53,368] Trial 294 finished with value: 2.0 and parameters: {'x_0': -1, 'x_1': -1, 'x_2': 0, 'x_3': 0}. Best is trial 288 with value: 1.0.
2024-11-17 07:14:53,426 - INFO - Candidate Mean Stats: {'Max': np.float64(100.0), 'Min': np.float64(-0.36350240285704477), 'Mean': np.float64(0.9107328249913085), 'Std': np.float64(7.034544946816107)}
2024-11-17 07:14:53,426 - INFO - Candidate Std Stats: {'Max': np.float64(0.6571334231121921), 'Min': np.float64(0.0), 'Mean': np.float64(0.043440242320500186), 'Std': np.float64(0.0481610226712482)}
2024-11-17 07:14:53,428 - INFO - Top 10 Mean Stats: {'Max': np.float64(-0.06127562645936463), 'Min': np.float64(-0.36350240285704477), 'Mean': np.float64(-0.2630064343522106), 'Std': np.float64(0.07644841348595777)}
2024-11-17 07:14:53,428 - INFO - Top 10 Std Stats: {'Max': np.float64(0.5278503827829014), 'Min': np.float64(0.29700785088461445), 'Mean': np.float64(0.3878838240633924), 'Std': np.float64(0.07370504094963039)}
2024-11-17 07:14:53,428 - INFO - Bottom 10 Mean Stats: {'Max': np.float64(100.0), 'Min': np.float64(84.0), 'Mean': np.float64(93.0), 'Std': np.float64(5.019960159204453)}
2024-11-17 07:14:53,428 - INFO - Bottom 10 Std Stats: {'Max': np.float64(0.0), 'Min': np.float64(0.0), 'Mean': np.float64(0.0), 'Std': np.float64(0.0)}
[I 2024-11-17 07:14:53,453] Trial 308 finished with value: 21.0 and parameters: {'x_0': -1, 'x_1': 2, 'x_2': 4, 'x_3': 0}. Best is trial 290 with value: 2.0.
2024-11-17 07:14:53,542 - INFO - Candidate Mean Stats: {'Max': np.float64(100.0), 'Min': np.float64(-0.2627023183762242), 'Mean': np.float64(1.035640294253253), 'Std': np.float64(7.7259794843177465)}
2024-11-17 07:14:53,542 - INFO - Candidate Std Stats: {'Max': np.float64(0.6651309600361414), 'Min': np.float64(0.0), 'Mean': np.float64(0.05685319976322817), 'Std': np.float64(0.048522586560250276)}
2024-11-17 07:14:53,544 - INFO - Top 10 Mean Stats: {'Max': np.float64(-0.15436957332909643), 'Min': np.float64(-0.2627023183762242), 'Mean': np.float64(-0.21376756873478234), 'Std': np.float64(0.036715244901753784)}
2024-11-17 07:14:53,544 - INFO - Top 10 Std Stats: {'Max': np.float64(0.45330339600274017), 'Min': np.float64(0.2558129328500918), 'Mean': np.float64(0.35646018087242765), 'Std': np.float64(0.05766041788132898)}
2024-11-17 07:14:53,544 - INFO - Bottom 10 Mean Stats: {'Max': np.float64(100.0), 'Min': np.float64(91.0), 'Mean': np.float64(95.5), 'Std': np.float64(4.5)}
2024-11-17 07:14:53,545 - INFO - Bottom 10 Std Stats: {'Max': np.float64(0.0), 'Min': np.float64(0.0), 'Mean': np.float64(0.0), 'Std': np.float64(0.0)}
