[I 2024-11-17 07:15:21,000] Trial 445 finished with value: 13.0 and parameters: {'x_0': -1, 'x_1': -2, 'x_2': 2, 'x_3': 2}. Best is trial 362 with value: 1.0.
2024-11-17 07:15:21,071 - INFO - Candidate Mean Stats: {'Max': np.float64(100.0), 'Min': np.float64(-0.43451557239789623), 'Mean': np.float64(1.214563311519571), 'Std': np.float64(8.077307619723818)}
2024-11-17 07:15:21,071 - INFO - Candidate Std Stats: {'Max': np.float64(0.6867429542960443), 'Min': np.float64(0.0), 'Mean': np.float64(0.027126981585485502), 'Std': np.float64(0.03768124829246043)}
2024-11-17 07:15:21,073 - INFO - Top 10 Mean Stats: {'Max': np.float64(-0.0027114334454571786), 'Min': np.float64(-0.43451557239789623), 'Mean': np.float64(-0.12524705195768362), 'Std': np.float64(0.11626194545197416)}
2024-11-17 07:15:21,073 - INFO - Top 10 Std Stats: {'Max': np.float64(0.6867429542960443), 'Min': np.float64(0.2194560847755163), 'Mean': np.float64(0.4364438048066462), 'Std': np.float64(0.12643744875123483)}
2024-11-17 07:15:21,073 - INFO - Bottom 10 Mean Stats: {'Max': np.float64(100.0), 'Min': np.float64(91.0), 'Mean': np.float64(95.5), 'Std': np.float64(4.5)}
2024-11-17 07:15:21,073 - INFO - Bottom 10 Std Stats: {'Max': np.float64(0.0), 'Min': np.float64(0.0), 'Mean': np.float64(0.0), 'Std': np.float64(0.0)}
[I 2024-11-17 07:15:21,091] Trial 440 finished with value: 67.0 and parameters: {'x_0': -4, 'x_1': -1, 'x_2': -5, 'x_3': 5}. Best is trial 179 with value: 1.0.
2024-11-17 07:15:21,108 - INFO - Candidate Mean Stats: {'Max': np.float64(91.0), 'Min': np.float64(-0.4225033572190357), 'Mean': np.float64(0.8891479086590319), 'Std': np.float64(6.542134164589891)}
2024-11-17 07:15:21,108 - INFO - Candidate Std Stats: {'Max': np.float64(0.6701034009609494), 'Min': np.float64(0.0), 'Mean': np.float64(0.034564836334602486), 'Std': np.float64(0.044006135368872844)}
2024-11-17 07:15:21,110 - INFO - Top 10 Mean Stats: {'Max': np.float64(-0.11498879063947069), 'Min': np.float64(-0.4225033572190357), 'Mean': np.float64(-0.34361859936068734), 'Std': np.float64(0.08050052096053315)}
2024-11-17 07:15:21,110 - INFO - Top 10 Std Stats: {'Max': np.float64(0.40323979242242936), 'Min': np.float64(0.1033478744539772), 'Mean': np.float64(0.18513317250190497), 'Std': np.float64(0.07722462392999291)}
2024-11-17 07:15:21,110 - INFO - Bottom 10 Mean Stats: {'Max': np.float64(91.0), 'Min': np.float64(76.0), 'Mean': np.float64(82.8), 'Std': np.float64(4.812483766206387)}
2024-11-17 07:15:21,110 - INFO - Bottom 10 Std Stats: {'Max': np.float64(0.0), 'Min': np.float64(0.0), 'Mean': np.float64(0.0), 'Std': np.float64(0.0)}
[I 2024-11-17 07:15:21,131] Trial 390 finished with value: 9.0 and parameters: {'x_0': 0, 'x_1': 0, 'x_2': 3, 'x_3': 0}. Best is trial 320 with value: 0.0.
2024-11-17 07:15:21,140 - INFO - Candidate Mean Stats: {'Max': np.float64(100.0), 'Min': np.float64(-0.769625412948135), 'Mean': np.float64(1.0706845439475594), 'Std': np.float64(7.372458225165691)}
2024-11-17 07:15:21,140 - INFO - Candidate Std Stats: {'Max': np.float64(0.44084498722130994), 'Min': np.float64(0.0), 'Mean': np.float64(0.02490604645359976), 'Std': np.float64(0.03453113770909172)}
2024-11-17 07:15:21,142 - INFO - Top 10 Mean Stats: {'Max': np.float64(-0.4994519682847273), 'Min': np.float64(-0.769625412948135), 'Mean': np.float64(-0.6150243177470152), 'Std': np.float64(0.08907457177903799)}
2024-11-17 07:15:21,142 - INFO - Top 10 Std Stats: {'Max': np.float64(0.20238143786211898), 'Min': np.float64(0.05026731424499207), 'Mean': np.float64(0.1354094239910743), 'Std': np.float64(0.05016002943226772)}
2024-11-17 07:15:21,142 - INFO - Bottom 10 Mean Stats: {'Max': np.float64(100.0), 'Min': np.float64(84.0), 'Mean': np.float64(93.0), 'Std': np.float64(5.019960159204453)}
2024-11-17 07:15:21,142 - INFO - Bottom 10 Std Stats: {'Max': np.float64(0.0), 'Min': np.float64(0.0), 'Mean': np.float64(0.0), 'Std': np.float64(0.0)}
[I 2024-11-17 07:15:21,162] Trial 446 finished with value: 13.0 and parameters: {'x_0': -1, 'x_1': 2, 'x_2': 2, 'x_3': 2}. Best is trial 362 with value: 1.0.
2024-11-17 07:15:21,245 - INFO - Candidate Mean Stats: {'Max': np.float64(100.0), 'Min': np.float64(-0.6575859077203299), 'Mean': np.float64(1.2146312063460045), 'Std': np.float64(8.096228485722511)}
2024-11-17 07:15:21,245 - INFO - Candidate Std Stats: {'Max': np.float64(0.28438392778502686), 'Min': np.float64(0.0), 'Mean': np.float64(0.031974531613993926), 'Std': np.float64(0.03699306493352055)}
2024-11-17 07:15:21,246 - INFO - Top 10 Mean Stats: {'Max': np.float64(-0.1164024078307115), 'Min': np.float64(-0.6575859077203299), 'Mean': np.float64(-0.2736698892969738), 'Std': np.float64(0.15649565981566518)}
2024-11-17 07:15:21,246 - INFO - Top 10 Std Stats: {'Max': np.float64(0.28438392778502686), 'Min': np.float64(0.03299904578140594), 'Mean': np.float64(0.18082081637434771), 'Std': np.float64(0.09490720137855214)}
2024-11-17 07:15:21,246 - INFO - Bottom 10 Mean Stats: {'Max': np.float64(100.0), 'Min': np.float64(91.0), 'Mean': np.float64(95.5), 'Std': np.float64(4.5)}
2024-11-17 07:15:21,246 - INFO - Bottom 10 Std Stats: {'Max': np.float64(0.0), 'Min': np.float64(0.0), 'Mean': np.float64(0.0), 'Std': np.float64(0.0)}
[I 2024-11-17 07:15:21,263] Trial 441 finished with value: 21.0 and parameters: {'x_0': 0, 'x_1': 1, 'x_2': -2, 'x_3': -4}. Best is trial 179 with value: 1.0.
2024-11-17 07:15:21,335 - INFO - Candidate Mean Stats: {'Max': np.float64(91.0), 'Min': np.float64(-0.3636435343106933), 'Mean': np.float64(0.8890715352531843), 'Std': np.float64(6.542522709063145)}
2024-11-17 07:15:21,335 - INFO - Candidate Std Stats: {'Max': np.float64(0.6911534552351585), 'Min': np.float64(0.0), 'Mean': np.float64(0.04155849258841886), 'Std': np.float64(0.047328085377134704)}
2024-11-17 07:15:21,337 - INFO - Top 10 Mean Stats: {'Max': np.float64(0.03950478814210756), 'Min': np.float64(-0.3636435343106933), 'Mean': np.float64(-0.1894020995948771), 'Std': np.float64(0.10566516036975372)}
2024-11-17 07:15:21,337 - INFO - Top 10 Std Stats: {'Max': np.float64(0.4899029216419667), 'Min': np.float64(0.16514742958246534), 'Mean': np.float64(0.2937322312087896), 'Std': np.float64(0.094716591002392)}
2024-11-17 07:15:21,337 - INFO - Bottom 10 Mean Stats: {'Max': np.float64(91.0), 'Min': np.float64(76.0), 'Mean': np.float64(82.8), 'Std': np.float64(4.812483766206387)}
2024-11-17 07:15:21,337 - INFO - Bottom 10 Std Stats: {'Max': np.float64(0.0), 'Min': np.float64(0.0), 'Mean': np.float64(0.0), 'Std': np.float64(0.0)}
2024-11-17 07:15:21,338 - INFO - Candidate Mean Stats: {'Max': np.float64(100.0), 'Min': np.float64(-0.8033455771875824), 'Mean': np.float64(1.0675522168199592), 'Std': np.float64(7.373660780847333)}
2024-11-17 07:15:21,338 - INFO - Candidate Std Stats: {'Max': np.float64(0.492404607160318), 'Min': np.float64(0.0), 'Mean': np.float64(0.02360877952693399), 'Std': np.float64(0.033839697766457164)}
2024-11-17 07:15:21,340 - INFO - Top 10 Mean Stats: {'Max': np.float64(-0.4179299419175148), 'Min': np.float64(-0.8033455771875824), 'Mean': np.float64(-0.536512854854248), 'Std': np.float64(0.1332263335536088)}
2024-11-17 07:15:21,340 - INFO - Top 10 Std Stats: {'Max': np.float64(0.09439308867830941), 'Min': np.float64(0.05245713905650849), 'Mean': np.float64(0.06637932129339051), 'Std': np.float64(0.012970460870592641)}
2024-11-17 07:15:21,340 - INFO - Bottom 10 Mean Stats: {'Max': np.float64(100.0), 'Min': np.float64(84.0), 'Mean': np.float64(93.0), 'Std': np.float64(5.019960159204453)}
2024-11-17 07:15:21,340 - INFO - Bottom 10 Std Stats: {'Max': np.float64(0.0), 'Min': np.float64(0.0), 'Mean': np.float64(0.0), 'Std': np.float64(0.0)}
[I 2024-11-17 07:15:21,355] Trial 391 finished with value: 30.0 and parameters: {'x_0': -1, 'x_1': -4, 'x_2': 3, 'x_3': -2}. Best is trial 320 with value: 0.0.
[I 2024-11-17 07:15:21,359] Trial 447 finished with value: 13.0 and parameters: {'x_0': -1, 'x_1': 2, 'x_2': 2, 'x_3': -2}. Best is trial 362 with value: 1.0.
2024-11-17 07:15:21,393 - INFO - Candidate Mean Stats: {'Max': np.float64(100.0), 'Min': np.float64(-0.3558853766494332), 'Mean': np.float64(1.2247512740278754), 'Std': np.float64(8.096609770276112)}
2024-11-17 07:15:21,393 - INFO - Candidate Std Stats: {'Max': np.float64(0.26745669048020615), 'Min': np.float64(0.0), 'Mean': np.float64(0.023762706933114757), 'Std': np.float64(0.0312438226198805)}
2024-11-17 07:15:21,395 - INFO - Top 10 Mean Stats: {'Max': np.float64(-0.1530246594613559), 'Min': np.float64(-0.3558853766494332), 'Mean': np.float64(-0.18238301340929833), 'Std': np.float64(0.05856633529963668)}
2024-11-17 07:15:21,395 - INFO - Top 10 Std Stats: {'Max': np.float64(0.26745669048020615), 'Min': np.float64(0.0352977993421065), 'Mean': np.float64(0.2246992466133178), 'Std': np.float64(0.06531919498805147)}
2024-11-17 07:15:21,395 - INFO - Bottom 10 Mean Stats: {'Max': np.float64(100.0), 'Min': np.float64(91.0), 'Mean': np.float64(95.5), 'Std': np.float64(4.5)}
2024-11-17 07:15:21,395 - INFO - Bottom 10 Std Stats: {'Max': np.float64(0.0), 'Min': np.float64(0.0), 'Mean': np.float64(0.0), 'Std': np.float64(0.0)}
[I 2024-11-17 07:15:21,413] Trial 442 finished with value: 17.0 and parameters: {'x_0': 0, 'x_1': 1, 'x_2': 0, 'x_3': 4}. Best is trial 179 with value: 1.0.
2024-11-17 07:15:21,535 - INFO - Candidate Mean Stats: {'Max': np.float64(100.0), 'Min': np.float64(-0.7424448176910227), 'Mean': np.float64(1.0684799982152398), 'Std': np.float64(7.37427825648251)}
2024-11-17 07:15:21,536 - INFO - Candidate Std Stats: {'Max': np.float64(0.37177049526726036), 'Min': np.float64(0.0), 'Mean': np.float64(0.03162594950960513), 'Std': np.float64(0.037800508792739614)}
2024-11-17 07:15:21,537 - INFO - Top 10 Mean Stats: {'Max': np.float64(-0.2003020980756364), 'Min': np.float64(-0.7424448176910227), 'Mean': np.float64(-0.41344537365893536), 'Std': np.float64(0.12560270631934442)}
2024-11-17 07:15:21,537 - INFO - Top 10 Std Stats: {'Max': np.float64(0.2729634206097108), 'Min': np.float64(0.03809418953285608), 'Mean': np.float64(0.10373455994739593), 'Std': np.float64(0.05982195423524755)}
2024-11-17 07:15:21,537 - INFO - Bottom 10 Mean Stats: {'Max': np.float64(100.0), 'Min': np.float64(84.0), 'Mean': np.float64(93.0), 'Std': np.float64(5.019960159204453)}
2024-11-17 07:15:21,537 - INFO - Bottom 10 Std Stats: {'Max': np.float64(0.0), 'Min': np.float64(0.0), 'Mean': np.float64(0.0), 'Std': np.float64(0.0)}
[I 2024-11-17 07:15:21,556] Trial 448 finished with value: 13.0 and parameters: {'x_0': -1, 'x_1': -2, 'x_2': 2, 'x_3': -2}. Best is trial 362 with value: 1.0.
2024-11-17 07:15:21,556 - INFO - Candidate Mean Stats: {'Max': np.float64(100.0), 'Min': np.float64(-0.45264047224060233), 'Mean': np.float64(1.2166062405090514), 'Std': np.float64(8.098991978061221)}
2024-11-17 07:15:21,556 - INFO - Candidate Std Stats: {'Max': np.float64(0.39587227318466217), 'Min': np.float64(0.0), 'Mean': np.float64(0.03174216001532223), 'Std': np.float64(0.03788977874604078)}
2024-11-17 07:15:21,558 - INFO - Top 10 Mean Stats: {'Max': np.float64(-0.06538465171839696), 'Min': np.float64(-0.45264047224060233), 'Mean': np.float64(-0.21105274385244646), 'Std': np.float64(0.1234503768333678)}
2024-11-17 07:15:21,558 - INFO - Top 10 Std Stats: {'Max': np.float64(0.39587227318466217), 'Min': np.float64(0.09428565159359376), 'Mean': np.float64(0.2744384575468327), 'Std': np.float64(0.10384042022972721)}
2024-11-17 07:15:21,558 - INFO - Bottom 10 Mean Stats: {'Max': np.float64(100.0), 'Min': np.float64(91.0), 'Mean': np.float64(95.5), 'Std': np.float64(4.5)}
2024-11-17 07:15:21,558 - INFO - Bottom 10 Std Stats: {'Max': np.float64(0.0), 'Min': np.float64(0.0), 'Mean': np.float64(0.0), 'Std': np.float64(0.0)}
[I 2024-11-17 07:15:21,577] Trial 443 finished with value: 66.0 and parameters: {'x_0': 5, 'x_1': 5, 'x_2': 4, 'x_3': 0}. Best is trial 179 with value: 1.0.
2024-11-17 07:15:21,666 - INFO - Candidate Mean Stats: {'Max': np.float64(91.0), 'Min': np.float64(-0.37461474215160223), 'Mean': np.float64(0.8879723374937152), 'Std': np.float64(6.547381103167575)}
2024-11-17 07:15:21,666 - INFO - Candidate Std Stats: {'Max': np.float64(0.7344117479810137), 'Min': np.float64(0.0), 'Mean': np.float64(0.03747248650539199), 'Std': np.float64(0.04684540571770536)}
2024-11-17 07:15:21,668 - INFO - Top 10 Mean Stats: {'Max': np.float64(-0.1017609113051086), 'Min': np.float64(-0.37461474215160223), 'Mean': np.float64(-0.3165314804868421), 'Std': np.float64(0.07374384086813339)}
2024-11-17 07:15:21,668 - INFO - Top 10 Std Stats: {'Max': np.float64(0.5219415249276228), 'Min': np.float64(0.21066745918018936), 'Mean': np.float64(0.274978919593997), 'Std': np.float64(0.0878770068073661)}
2024-11-17 07:15:21,668 - INFO - Bottom 10 Mean Stats: {'Max': np.float64(91.0), 'Min': np.float64(76.0), 'Mean': np.float64(82.8), 'Std': np.float64(4.812483766206387)}
2024-11-17 07:15:21,668 - INFO - Bottom 10 Std Stats: {'Max': np.float64(0.0), 'Min': np.float64(0.0), 'Mean': np.float64(0.0), 'Std': np.float64(0.0)}
[I 2024-11-17 07:15:21,687] Trial 392 finished with value: 66.0 and parameters: {'x_0': 4, 'x_1': 5, 'x_2': 3, 'x_3': -4}. Best is trial 320 with value: 0.0.
2024-11-17 07:15:21,692 - INFO - Candidate Mean Stats: {'Max': np.float64(100.0), 'Min': np.float64(-0.464382148574654), 'Mean': np.float64(1.0722310768527497), 'Std': np.float64(7.374558247805413)}
2024-11-17 07:15:21,692 - INFO - Candidate Std Stats: {'Max': np.float64(0.3565703204538136), 'Min': np.float64(0.0), 'Mean': np.float64(0.025381400957325585), 'Std': np.float64(0.03412685706143725)}
2024-11-17 07:15:21,693 - INFO - Top 10 Mean Stats: {'Max': np.float64(-0.38558344743228085), 'Min': np.float64(-0.464382148574654), 'Mean': np.float64(-0.4266164376699072), 'Std': np.float64(0.02591858259502065)}
2024-11-17 07:15:21,694 - INFO - Top 10 Std Stats: {'Max': np.float64(0.12879788134601067), 'Min': np.float64(0.09397310533367023), 'Mean': np.float64(0.11304398293427406), 'Std': np.float64(0.01110952353128896)}
2024-11-17 07:15:21,694 - INFO - Bottom 10 Mean Stats: {'Max': np.float64(100.0), 'Min': np.float64(84.0), 'Mean': np.float64(93.0), 'Std': np.float64(5.019960159204453)}
2024-11-17 07:15:21,694 - INFO - Bottom 10 Std Stats: {'Max': np.float64(0.0), 'Min': np.float64(0.0), 'Mean': np.float64(0.0), 'Std': np.float64(0.0)}
2024-11-17 07:15:21,708 - INFO - Candidate Mean Stats: {'Max': np.float64(100.0), 'Min': np.float64(-0.39809485501800745), 'Mean': np.float64(1.2283509536424346), 'Std': np.float64(8.115625983545346)}
2024-11-17 07:15:21,708 - INFO - Candidate Std Stats: {'Max': np.float64(0.3712138138474057), 'Min': np.float64(0.0), 'Mean': np.float64(0.02309415315396139), 'Std': np.float64(0.032195532384724966)}
2024-11-17 07:15:21,710 - INFO - Top 10 Mean Stats: {'Max': np.float64(-0.28996011272702266), 'Min': np.float64(-0.3558278415713957), 'Mean': np.float64(-0.3131241727406593), 'Std': np.float64(0.019843497882901715)}
2024-11-17 07:15:21,710 - INFO - Top 10 Std Stats: {'Max': np.float64(0.20356087655724558), 'Min': np.float64(0.15503956343778172), 'Mean': np.float64(0.18062345871537586), 'Std': np.float64(0.01449445008159468)}
2024-11-17 07:15:21,710 - INFO - Bottom 10 Mean Stats: {'Max': np.float64(100.0), 'Min': np.float64(91.0), 'Mean': np.float64(95.5), 'Std': np.float64(4.5)}
2024-11-17 07:15:21,710 - INFO - Bottom 10 Std Stats: {'Max': np.float64(0.0), 'Min': np.float64(0.0), 'Mean': np.float64(0.0), 'Std': np.float64(0.0)}
[I 2024-11-17 07:15:21,711] Trial 449 finished with value: 14.0 and parameters: {'x_0': -1, 'x_1': 0, 'x_2': 3, 'x_3': 2}. Best is trial 362 with value: 1.0.
[I 2024-11-17 07:15:21,726] Trial 444 finished with value: 17.0 and parameters: {'x_0': 0, 'x_1': -1, 'x_2': 0, 'x_3': 4}. Best is trial 179 with value: 1.0.
2024-11-17 07:15:21,875 - INFO - Candidate Mean Stats: {'Max': np.float64(100.0), 'Min': np.float64(-0.4462229262919391), 'Mean': np.float64(1.2265904926296687), 'Std': np.float64(8.117114207545688)}
2024-11-17 07:15:21,875 - INFO - Candidate Std Stats: {'Max': np.float64(0.29435054792061766), 'Min': np.float64(0.0), 'Mean': np.float64(0.024894579533856098), 'Std': np.float64(0.03232023590916515)}
2024-11-17 07:15:21,876 - INFO - Top 10 Mean Stats: {'Max': np.float64(-0.11181690114907705), 'Min': np.float64(-0.4462229262919391), 'Mean': np.float64(-0.25587119773650785), 'Std': np.float64(0.12435792332058869)}
2024-11-17 07:15:21,876 - INFO - Top 10 Std Stats: {'Max': np.float64(0.27808612616083916), 'Min': np.float64(0.056799346262710264), 'Mean': np.float64(0.14518768536675425), 'Std': np.float64(0.09042032166638565)}
2024-11-17 07:15:21,877 - INFO - Bottom 10 Mean Stats: {'Max': np.float64(100.0), 'Min': np.float64(91.0), 'Mean': np.float64(95.5), 'Std': np.float64(4.5)}
2024-11-17 07:15:21,877 - INFO - Bottom 10 Std Stats: {'Max': np.float64(0.0), 'Min': np.float64(0.0), 'Mean': np.float64(0.0), 'Std': np.float64(0.0)}
2024-11-17 07:15:21,898 - INFO - Candidate Mean Stats: {'Max': np.float64(100.0), 'Min': np.float64(-0.48434226110411516), 'Mean': np.float64(1.0703097116539817), 'Std': np.float64(7.375701691716467)}
2024-11-17 07:15:21,898 - INFO - Candidate Std Stats: {'Max': np.float64(0.4315680484286354), 'Min': np.float64(0.0), 'Mean': np.float64(0.03169003564499441), 'Std': np.float64(0.039689982206237547)}
[I 2024-11-17 07:15:21,899] Trial 445 finished with value: 33.0 and parameters: {'x_0': 0, 'x_1': 1, 'x_2': 4, 'x_3': -4}. Best is trial 179 with value: 1.0.
2024-11-17 07:15:21,900 - INFO - Top 10 Mean Stats: {'Max': np.float64(-0.27527802612906566), 'Min': np.float64(-0.48434226110411516), 'Mean': np.float64(-0.42384804063399395), 'Std': np.float64(0.059477348252444114)}
2024-11-17 07:15:21,900 - INFO - Top 10 Std Stats: {'Max': np.float64(0.21626701394598663), 'Min': np.float64(0.023129252723171786), 'Mean': np.float64(0.07203396263380238), 'Std': np.float64(0.05252437304367976)}
2024-11-17 07:15:21,900 - INFO - Bottom 10 Mean Stats: {'Max': np.float64(100.0), 'Min': np.float64(84.0), 'Mean': np.float64(93.0), 'Std': np.float64(5.019960159204453)}
2024-11-17 07:15:21,900 - INFO - Bottom 10 Std Stats: {'Max': np.float64(0.0), 'Min': np.float64(0.0), 'Mean': np.float64(0.0), 'Std': np.float64(0.0)}
[I 2024-11-17 07:15:21,919] Trial 450 finished with value: 15.0 and parameters: {'x_0': -1, 'x_1': -2, 'x_2': 3, 'x_3': -1}. Best is trial 362 with value: 1.0.
2024-11-17 07:15:21,946 - INFO - Candidate Mean Stats: {'Max': np.float64(91.0), 'Min': np.float64(-0.36469367332207936), 'Mean': np.float64(0.8925037959649528), 'Std': np.float64(6.569459948028754)}
2024-11-17 07:15:21,946 - INFO - Candidate Std Stats: {'Max': np.float64(0.5626052202154262), 'Min': np.float64(0.0), 'Mean': np.float64(0.04280817685541218), 'Std': np.float64(0.04805833343626132)}
2024-11-17 07:15:21,947 - INFO - Top 10 Mean Stats: {'Max': np.float64(-0.18630470709110575), 'Min': np.float64(-0.3301374901041726), 'Mean': np.float64(-0.28950441173249936), 'Std': np.float64(0.04111957046528234)}
2024-11-17 07:15:21,947 - INFO - Top 10 Std Stats: {'Max': np.float64(0.5480654357779555), 'Min': np.float64(0.3284052210103564), 'Mean': np.float64(0.38470959005738664), 'Std': np.float64(0.06112995559952709)}
2024-11-17 07:15:21,948 - INFO - Bottom 10 Mean Stats: {'Max': np.float64(91.0), 'Min': np.float64(76.0), 'Mean': np.float64(82.8), 'Std': np.float64(4.812483766206387)}
2024-11-17 07:15:21,948 - INFO - Bottom 10 Std Stats: {'Max': np.float64(0.0), 'Min': np.float64(0.0), 'Mean': np.float64(0.0), 'Std': np.float64(0.0)}
[I 2024-11-17 07:15:21,966] Trial 393 finished with value: 82.0 and parameters: {'x_0': -5, 'x_1': 4, 'x_2': -5, 'x_3': -4}. Best is trial 320 with value: 0.0.
2024-11-17 07:15:22,047 - INFO - Candidate Mean Stats: {'Max': np.float64(100.0), 'Min': np.float64(-0.47072209610915855), 'Mean': np.float64(1.2242469181269358), 'Std': np.float64(8.122011240222257)}
2024-11-17 07:15:22,047 - INFO - Candidate Std Stats: {'Max': np.float64(0.3894933267770817), 'Min': np.float64(0.0), 'Mean': np.float64(0.03322083327605733), 'Std': np.float64(0.03821052904691403)}
2024-11-17 07:15:22,048 - INFO - Top 10 Mean Stats: {'Max': np.float64(-0.20476531101633463), 'Min': np.float64(-0.47072209610915855), 'Mean': np.float64(-0.2923138702855671), 'Std': np.float64(0.06971776928219822)}
2024-11-17 07:15:22,048 - INFO - Top 10 Std Stats: {'Max': np.float64(0.23574619434333013), 'Min': np.float64(0.06315656525814808), 'Mean': np.float64(0.19794454000668946), 'Std': np.float64(0.047065267703683314)}
2024-11-17 07:15:22,048 - INFO - Bottom 10 Mean Stats: {'Max': np.float64(100.0), 'Min': np.float64(91.0), 'Mean': np.float64(95.5), 'Std': np.float64(4.5)}
2024-11-17 07:15:22,048 - INFO - Bottom 10 Std Stats: {'Max': np.float64(0.0), 'Min': np.float64(0.0), 'Mean': np.float64(0.0), 'Std': np.float64(0.0)}
