[I 2024-11-17 07:15:14,560] Trial 366 finished with value: 3.0 and parameters: {'x_0': -1, 'x_1': 1, 'x_2': -1, 'x_3': 0}. Best is trial 320 with value: 0.0.
2024-11-17 07:15:14,610 - INFO - Candidate Mean Stats: {'Max': np.float64(100.0), 'Min': np.float64(-0.8546418019908788), 'Mean': np.float64(1.170483721373428), 'Std': np.float64(8.036731754791228)}
2024-11-17 07:15:14,610 - INFO - Candidate Std Stats: {'Max': np.float64(0.493572197296669), 'Min': np.float64(0.0), 'Mean': np.float64(0.03126066083595136), 'Std': np.float64(0.04079564116682673)}
2024-11-17 07:15:14,612 - INFO - Top 10 Mean Stats: {'Max': np.float64(-0.20885403962408403), 'Min': np.float64(-0.8546418019908788), 'Mean': np.float64(-0.5595574342898313), 'Std': np.float64(0.19350096673848308)}
2024-11-17 07:15:14,612 - INFO - Top 10 Std Stats: {'Max': np.float64(0.45825393180859675), 'Min': np.float64(0.10998122560385938), 'Mean': np.float64(0.18899340054415698), 'Std': np.float64(0.09893276201771849)}
2024-11-17 07:15:14,612 - INFO - Bottom 10 Mean Stats: {'Max': np.float64(100.0), 'Min': np.float64(91.0), 'Mean': np.float64(95.5), 'Std': np.float64(4.5)}
2024-11-17 07:15:14,612 - INFO - Bottom 10 Std Stats: {'Max': np.float64(0.0), 'Min': np.float64(0.0), 'Mean': np.float64(0.0), 'Std': np.float64(0.0)}
[I 2024-11-17 07:15:14,630] Trial 401 finished with value: 14.0 and parameters: {'x_0': 0, 'x_1': 1, 'x_2': 2, 'x_3': -3}. Best is trial 179 with value: 1.0.
2024-11-17 07:15:14,765 - INFO - Candidate Mean Stats: {'Max': np.float64(100.0), 'Min': np.float64(-0.8703762177692449), 'Mean': np.float64(1.174698155858225), 'Std': np.float64(8.036983902504213)}
2024-11-17 07:15:14,765 - INFO - Candidate Std Stats: {'Max': np.float64(0.3545637050222162), 'Min': np.float64(0.0), 'Mean': np.float64(0.025128975603934962), 'Std': np.float64(0.036047952423116765)}
2024-11-17 07:15:14,767 - INFO - Top 10 Mean Stats: {'Max': np.float64(-0.3284487753953794), 'Min': np.float64(-0.8703762177692449), 'Mean': np.float64(-0.5324769911099463), 'Std': np.float64(0.19674476219123824)}
2024-11-17 07:15:14,767 - INFO - Top 10 Std Stats: {'Max': np.float64(0.31181391661193436), 'Min': np.float64(0.08241859176170305), 'Mean': np.float64(0.1958193747847466), 'Std': np.float64(0.08069689896394631)}
2024-11-17 07:15:14,767 - INFO - Bottom 10 Mean Stats: {'Max': np.float64(100.0), 'Min': np.float64(91.0), 'Mean': np.float64(95.5), 'Std': np.float64(4.5)}
2024-11-17 07:15:14,767 - INFO - Bottom 10 Std Stats: {'Max': np.float64(0.0), 'Min': np.float64(0.0), 'Mean': np.float64(0.0), 'Std': np.float64(0.0)}
2024-11-17 07:15:14,769 - INFO - Candidate Mean Stats: {'Max': np.float64(100.0), 'Min': np.float64(-0.2982832525588307), 'Mean': np.float64(1.0199010769564851), 'Std': np.float64(7.2756940453621715)}
2024-11-17 07:15:14,769 - INFO - Candidate Std Stats: {'Max': np.float64(0.7859628561055807), 'Min': np.float64(0.0), 'Mean': np.float64(0.03347867807255496), 'Std': np.float64(0.043594665057286944)}
2024-11-17 07:15:14,771 - INFO - Top 10 Mean Stats: {'Max': np.float64(-0.1512799691898337), 'Min': np.float64(-0.2982832525588307), 'Mean': np.float64(-0.22668094895034524), 'Std': np.float64(0.04642843898780748)}
2024-11-17 07:15:14,771 - INFO - Top 10 Std Stats: {'Max': np.float64(0.47322338637161565), 'Min': np.float64(0.17644233574338503), 'Mean': np.float64(0.27626737203410023), 'Std': np.float64(0.10396573626283294)}
2024-11-17 07:15:14,771 - INFO - Bottom 10 Mean Stats: {'Max': np.float64(100.0), 'Min': np.float64(84.0), 'Mean': np.float64(93.0), 'Std': np.float64(5.019960159204453)}
2024-11-17 07:15:14,771 - INFO - Bottom 10 Std Stats: {'Max': np.float64(0.0), 'Min': np.float64(0.0), 'Mean': np.float64(0.0), 'Std': np.float64(0.0)}
[I 2024-11-17 07:15:14,784] Trial 402 finished with value: 14.0 and parameters: {'x_0': 0, 'x_1': 1, 'x_2': 2, 'x_3': 3}. Best is trial 179 with value: 1.0.
[I 2024-11-17 07:15:14,788] Trial 411 finished with value: 15.0 and parameters: {'x_0': -1, 'x_1': 3, 'x_2': 2, 'x_3': -1}. Best is trial 362 with value: 1.0.
2024-11-17 07:15:14,798 - INFO - Candidate Mean Stats: {'Max': np.float64(91.0), 'Min': np.float64(-0.6504893961358784), 'Mean': np.float64(0.8160019909652045), 'Std': np.float64(6.207485232888392)}
2024-11-17 07:15:14,798 - INFO - Candidate Std Stats: {'Max': np.float64(0.6030557524220006), 'Min': np.float64(0.0), 'Mean': np.float64(0.05341790426065588), 'Std': np.float64(0.05095916876525232)}
2024-11-17 07:15:14,800 - INFO - Top 10 Mean Stats: {'Max': np.float64(-0.16733193343057381), 'Min': np.float64(-0.6504893961358784), 'Mean': np.float64(-0.4546012999584098), 'Std': np.float64(0.20016948151113362)}
2024-11-17 07:15:14,800 - INFO - Top 10 Std Stats: {'Max': np.float64(0.4412057511425149), 'Min': np.float64(0.23453285001909058), 'Mean': np.float64(0.330612241109387), 'Std': np.float64(0.062356265363504526)}
2024-11-17 07:15:14,800 - INFO - Bottom 10 Mean Stats: {'Max': np.float64(91.0), 'Min': np.float64(75.0), 'Mean': np.float64(82.7), 'Std': np.float64(4.960846701924985)}
2024-11-17 07:15:14,800 - INFO - Bottom 10 Std Stats: {'Max': np.float64(0.0), 'Min': np.float64(0.0), 'Mean': np.float64(0.0), 'Std': np.float64(0.0)}
[I 2024-11-17 07:15:14,815] Trial 367 finished with value: 10.0 and parameters: {'x_0': 3, 'x_1': 1, 'x_2': 0, 'x_3': 0}. Best is trial 320 with value: 0.0.
2024-11-17 07:15:14,906 - INFO - Candidate Mean Stats: {'Max': np.float64(100.0), 'Min': np.float64(-0.20907380768203754), 'Mean': np.float64(1.0275793300245695), 'Std': np.float64(7.275682856376965)}
2024-11-17 07:15:14,906 - INFO - Candidate Std Stats: {'Max': np.float64(0.3662791816507547), 'Min': np.float64(0.0), 'Mean': np.float64(0.024269474841960747), 'Std': np.float64(0.03355998799770586)}
2024-11-17 07:15:14,907 - INFO - Top 10 Mean Stats: {'Max': np.float64(-0.14548777178292466), 'Min': np.float64(-0.19768155901097478), 'Mean': np.float64(-0.170031522020089), 'Std': np.float64(0.020454154981892677)}
2024-11-17 07:15:14,907 - INFO - Top 10 Std Stats: {'Max': np.float64(0.19279228712567606), 'Min': np.float64(0.1507345191338672), 'Mean': np.float64(0.17263862804886757), 'Std': np.float64(0.016494446008359594)}
2024-11-17 07:15:14,907 - INFO - Bottom 10 Mean Stats: {'Max': np.float64(100.0), 'Min': np.float64(84.0), 'Mean': np.float64(93.0), 'Std': np.float64(5.019960159204453)}
2024-11-17 07:15:14,907 - INFO - Bottom 10 Std Stats: {'Max': np.float64(0.0), 'Min': np.float64(0.0), 'Mean': np.float64(0.0), 'Std': np.float64(0.0)}
[I 2024-11-17 07:15:14,928] Trial 412 finished with value: 11.0 and parameters: {'x_0': -1, 'x_1': -1, 'x_2': 3, 'x_3': 0}. Best is trial 362 with value: 1.0.
2024-11-17 07:15:14,983 - INFO - Candidate Mean Stats: {'Max': np.float64(100.0), 'Min': np.float64(-0.5637867807025475), 'Mean': np.float64(1.1728856590806709), 'Std': np.float64(8.038059344953712)}
2024-11-17 07:15:14,983 - INFO - Candidate Std Stats: {'Max': np.float64(0.4539989835161557), 'Min': np.float64(0.0), 'Mean': np.float64(0.03658658964737602), 'Std': np.float64(0.04011603711365786)}
2024-11-17 07:15:14,985 - INFO - Top 10 Mean Stats: {'Max': np.float64(-0.10731313308022288), 'Min': np.float64(-0.5637867807025475), 'Mean': np.float64(-0.24314851252471406), 'Std': np.float64(0.129278356743056)}
2024-11-17 07:15:14,985 - INFO - Top 10 Std Stats: {'Max': np.float64(0.4539989835161557), 'Min': np.float64(0.27041856054406904), 'Mean': np.float64(0.3432180062775848), 'Std': np.float64(0.054764990530646804)}
2024-11-17 07:15:14,985 - INFO - Bottom 10 Mean Stats: {'Max': np.float64(100.0), 'Min': np.float64(91.0), 'Mean': np.float64(95.5), 'Std': np.float64(4.5)}
2024-11-17 07:15:14,985 - INFO - Bottom 10 Std Stats: {'Max': np.float64(0.0), 'Min': np.float64(0.0), 'Mean': np.float64(0.0), 'Std': np.float64(0.0)}
[I 2024-11-17 07:15:15,003] Trial 403 finished with value: 14.0 and parameters: {'x_0': 0, 'x_1': -1, 'x_2': 2, 'x_3': 3}. Best is trial 179 with value: 1.0.
2024-11-17 07:15:15,063 - INFO - Candidate Mean Stats: {'Max': np.float64(100.0), 'Min': np.float64(-0.24003036989922535), 'Mean': np.float64(1.0231813879822782), 'Std': np.float64(7.2768757129639825)}
2024-11-17 07:15:15,063 - INFO - Candidate Std Stats: {'Max': np.float64(0.3564469925748855), 'Min': np.float64(0.0), 'Mean': np.float64(0.02193893590885971), 'Std': np.float64(0.03243044122296243)}
2024-11-17 07:15:15,064 - INFO - Top 10 Mean Stats: {'Max': np.float64(-0.11962269505033729), 'Min': np.float64(-0.21216854887662073), 'Mean': np.float64(-0.15453112321407206), 'Std': np.float64(0.03320749867758811)}
2024-11-17 07:15:15,064 - INFO - Top 10 Std Stats: {'Max': np.float64(0.34483516686747956), 'Min': np.float64(0.20423082005165824), 'Mean': np.float64(0.2883807046019665), 'Std': np.float64(0.047339764587535305)}
2024-11-17 07:15:15,064 - INFO - Bottom 10 Mean Stats: {'Max': np.float64(100.0), 'Min': np.float64(84.0), 'Mean': np.float64(93.0), 'Std': np.float64(5.019960159204453)}
2024-11-17 07:15:15,064 - INFO - Bottom 10 Std Stats: {'Max': np.float64(0.0), 'Min': np.float64(0.0), 'Mean': np.float64(0.0), 'Std': np.float64(0.0)}
[I 2024-11-17 07:15:15,081] Trial 413 finished with value: 18.0 and parameters: {'x_0': -1, 'x_1': 0, 'x_2': 1, 'x_3': -4}. Best is trial 362 with value: 1.0.
2024-11-17 07:15:15,142 - INFO - Candidate Mean Stats: {'Max': np.float64(91.0), 'Min': np.float64(-0.6247108569839028), 'Mean': np.float64(0.8153073839576285), 'Std': np.float64(6.208106230466543)}
2024-11-17 07:15:15,142 - INFO - Candidate Std Stats: {'Max': np.float64(0.6897582166566616), 'Min': np.float64(0.0), 'Mean': np.float64(0.042236516519353055), 'Std': np.float64(0.04954754110058839)}
2024-11-17 07:15:15,143 - INFO - Top 10 Mean Stats: {'Max': np.float64(-0.18245150626820023), 'Min': np.float64(-0.6247108569839028), 'Mean': np.float64(-0.4128664633811395), 'Std': np.float64(0.15452525233490996)}
2024-11-17 07:15:15,143 - INFO - Top 10 Std Stats: {'Max': np.float64(0.4466884878115895), 'Min': np.float64(0.23770623134063013), 'Mean': np.float64(0.3154522963202285), 'Std': np.float64(0.07185082538929538)}
2024-11-17 07:15:15,143 - INFO - Bottom 10 Mean Stats: {'Max': np.float64(91.0), 'Min': np.float64(75.0), 'Mean': np.float64(82.7), 'Std': np.float64(4.960846701924985)}
2024-11-17 07:15:15,143 - INFO - Bottom 10 Std Stats: {'Max': np.float64(0.0), 'Min': np.float64(0.0), 'Mean': np.float64(0.0), 'Std': np.float64(0.0)}
2024-11-17 07:15:15,156 - INFO - Candidate Mean Stats: {'Max': np.float64(100.0), 'Min': np.float64(-0.636791329217293), 'Mean': np.float64(1.1720031550779353), 'Std': np.float64(8.038991031220664)}
2024-11-17 07:15:15,156 - INFO - Candidate Std Stats: {'Max': np.float64(0.37900347681426344), 'Min': np.float64(0.0), 'Mean': np.float64(0.03231570765456771), 'Std': np.float64(0.04107598247184953)}
2024-11-17 07:15:15,157 - INFO - Top 10 Mean Stats: {'Max': np.float64(-0.13315305217880277), 'Min': np.float64(-0.636791329217293), 'Mean': np.float64(-0.3180645225235772), 'Std': np.float64(0.17709599828424075)}
2024-11-17 07:15:15,157 - INFO - Top 10 Std Stats: {'Max': np.float64(0.37900347681426344), 'Min': np.float64(0.14179920884433783), 'Mean': np.float64(0.27268868496762166), 'Std': np.float64(0.08164584133616366)}
2024-11-17 07:15:15,157 - INFO - Bottom 10 Mean Stats: {'Max': np.float64(100.0), 'Min': np.float64(91.0), 'Mean': np.float64(95.5), 'Std': np.float64(4.5)}
2024-11-17 07:15:15,158 - INFO - Bottom 10 Std Stats: {'Max': np.float64(0.0), 'Min': np.float64(0.0), 'Mean': np.float64(0.0), 'Std': np.float64(0.0)}
[I 2024-11-17 07:15:15,166] Trial 368 finished with value: 5.0 and parameters: {'x_0': -2, 'x_1': 1, 'x_2': 0, 'x_3': 0}. Best is trial 320 with value: 0.0.
[I 2024-11-17 07:15:15,175] Trial 404 finished with value: 21.0 and parameters: {'x_0': 0, 'x_1': 1, 'x_2': 2, 'x_3': -4}. Best is trial 179 with value: 1.0.
2024-11-17 07:15:15,288 - INFO - Candidate Mean Stats: {'Max': np.float64(100.0), 'Min': np.float64(-0.3809693146820073), 'Mean': np.float64(1.0226961504045662), 'Std': np.float64(7.278424305091443)}
2024-11-17 07:15:15,288 - INFO - Candidate Std Stats: {'Max': np.float64(0.6278596288304797), 'Min': np.float64(0.0), 'Mean': np.float64(0.037262790172018515), 'Std': np.float64(0.04251998560500206)}
2024-11-17 07:15:15,290 - INFO - Top 10 Mean Stats: {'Max': np.float64(-0.12518016403613363), 'Min': np.float64(-0.3809693146820073), 'Mean': np.float64(-0.2871437244270119), 'Std': np.float64(0.08084488543281111)}
2024-11-17 07:15:15,290 - INFO - Top 10 Std Stats: {'Max': np.float64(0.36283269609934393), 'Min': np.float64(0.13372508324493781), 'Mean': np.float64(0.23810115851813266), 'Std': np.float64(0.07684319443977666)}
2024-11-17 07:15:15,290 - INFO - Bottom 10 Mean Stats: {'Max': np.float64(100.0), 'Min': np.float64(84.0), 'Mean': np.float64(93.0), 'Std': np.float64(5.019960159204453)}
2024-11-17 07:15:15,291 - INFO - Bottom 10 Std Stats: {'Max': np.float64(0.0), 'Min': np.float64(0.0), 'Mean': np.float64(0.0), 'Std': np.float64(0.0)}
[I 2024-11-17 07:15:15,310] Trial 414 finished with value: 14.0 and parameters: {'x_0': -1, 'x_1': 0, 'x_2': 3, 'x_3': -2}. Best is trial 362 with value: 1.0.
2024-11-17 07:15:15,324 - INFO - Candidate Mean Stats: {'Max': np.float64(100.0), 'Min': np.float64(-0.7059564675382448), 'Mean': np.float64(1.1775113125571888), 'Std': np.float64(8.040099878538824)}
2024-11-17 07:15:15,325 - INFO - Candidate Std Stats: {'Max': np.float64(0.360582463627445), 'Min': np.float64(0.0), 'Mean': np.float64(0.027968319478591845), 'Std': np.float64(0.0399383469337579)}
2024-11-17 07:15:15,326 - INFO - Top 10 Mean Stats: {'Max': np.float64(-0.32932363995599556), 'Min': np.float64(-0.7059564675382448), 'Mean': np.float64(-0.444366408798963), 'Std': np.float64(0.10749970202125503)}
2024-11-17 07:15:15,326 - INFO - Top 10 Std Stats: {'Max': np.float64(0.2750147814110519), 'Min': np.float64(0.12445991013613433), 'Mean': np.float64(0.2071435393848954), 'Std': np.float64(0.05233343115988029)}
2024-11-17 07:15:15,326 - INFO - Bottom 10 Mean Stats: {'Max': np.float64(100.0), 'Min': np.float64(91.0), 'Mean': np.float64(95.5), 'Std': np.float64(4.5)}
2024-11-17 07:15:15,327 - INFO - Bottom 10 Std Stats: {'Max': np.float64(0.0), 'Min': np.float64(0.0), 'Mean': np.float64(0.0), 'Std': np.float64(0.0)}
[I 2024-11-17 07:15:15,342] Trial 405 finished with value: 21.0 and parameters: {'x_0': 0, 'x_1': -1, 'x_2': 2, 'x_3': -4}. Best is trial 179 with value: 1.0.
2024-11-17 07:15:15,359 - INFO - Candidate Mean Stats: {'Max': np.float64(91.0), 'Min': np.float64(-0.9392208094658112), 'Mean': np.float64(0.8140598275525627), 'Std': np.float64(6.208428368149498)}
2024-11-17 07:15:15,359 - INFO - Candidate Std Stats: {'Max': np.float64(1.1099779660057632), 'Min': np.float64(0.0), 'Mean': np.float64(0.04184709021339753), 'Std': np.float64(0.04891825124510305)}
2024-11-17 07:15:15,360 - INFO - Top 10 Mean Stats: {'Max': np.float64(-0.013949396873816956), 'Min': np.float64(-0.9392208094658112), 'Mean': np.float64(-0.42165386516847503), 'Std': np.float64(0.32256018559018057)}
2024-11-17 07:15:15,360 - INFO - Top 10 Std Stats: {'Max': np.float64(0.5903236985997182), 'Min': np.float64(0.0749844056721684), 'Mean': np.float64(0.3077947247548095), 'Std': np.float64(0.19472233068003236)}
2024-11-17 07:15:15,360 - INFO - Bottom 10 Mean Stats: {'Max': np.float64(91.0), 'Min': np.float64(75.0), 'Mean': np.float64(82.7), 'Std': np.float64(4.960846701924985)}
2024-11-17 07:15:15,360 - INFO - Bottom 10 Std Stats: {'Max': np.float64(0.0), 'Min': np.float64(0.0), 'Mean': np.float64(0.0), 'Std': np.float64(0.0)}
[I 2024-11-17 07:15:15,377] Trial 369 finished with value: 6.0 and parameters: {'x_0': -2, 'x_1': 1, 'x_2': -1, 'x_3': 0}. Best is trial 320 with value: 0.0.
2024-11-17 07:15:15,483 - INFO - Candidate Mean Stats: {'Max': np.float64(100.0), 'Min': np.float64(-0.21274749402564913), 'Mean': np.float64(1.0269426972717621), 'Std': np.float64(7.278750501652805)}
2024-11-17 07:15:15,483 - INFO - Candidate Std Stats: {'Max': np.float64(0.5563427297057258), 'Min': np.float64(0.0), 'Mean': np.float64(0.030022059258768136), 'Std': np.float64(0.0398877943220884)}
2024-11-17 07:15:15,483 - INFO - Candidate Mean Stats: {'Max': np.float64(100.0), 'Min': np.float64(-0.2704509764779147), 'Mean': np.float64(1.1767766964762167), 'Std': np.float64(8.042063370325131)}
2024-11-17 07:15:15,483 - INFO - Candidate Std Stats: {'Max': np.float64(0.3031521957896977), 'Min': np.float64(0.0), 'Mean': np.float64(0.022830356385548315), 'Std': np.float64(0.0339201572204572)}
2024-11-17 07:15:15,484 - INFO - Top 10 Mean Stats: {'Max': np.float64(-0.10486901229852821), 'Min': np.float64(-0.16424251298593237), 'Mean': np.float64(-0.14636724053432562), 'Std': np.float64(0.019395841103669507)}
2024-11-17 07:15:15,485 - INFO - Top 10 Std Stats: {'Max': np.float64(0.258830979731273), 'Min': np.float64(0.19668238288826798), 'Mean': np.float64(0.2218906324743018), 'Std': np.float64(0.01705470027882389)}
2024-11-17 07:15:15,485 - INFO - Bottom 10 Mean Stats: {'Max': np.float64(100.0), 'Min': np.float64(84.0), 'Mean': np.float64(93.0), 'Std': np.float64(5.019960159204453)}
2024-11-17 07:15:15,485 - INFO - Bottom 10 Std Stats: {'Max': np.float64(0.0), 'Min': np.float64(0.0), 'Mean': np.float64(0.0), 'Std': np.float64(0.0)}
2024-11-17 07:15:15,485 - INFO - Top 10 Mean Stats: {'Max': np.float64(-0.22430288932725878), 'Min': np.float64(-0.2704509764779147), 'Mean': np.float64(-0.25361563452523894), 'Std': np.float64(0.013859968585670124)}
2024-11-17 07:15:15,485 - INFO - Top 10 Std Stats: {'Max': np.float64(0.19049506331186286), 'Min': np.float64(0.1425689161995473), 'Mean': np.float64(0.15838436503897735), 'Std': np.float64(0.01339758965366194)}
2024-11-17 07:15:15,485 - INFO - Bottom 10 Mean Stats: {'Max': np.float64(100.0), 'Min': np.float64(91.0), 'Mean': np.float64(95.5), 'Std': np.float64(4.5)}
2024-11-17 07:15:15,485 - INFO - Bottom 10 Std Stats: {'Max': np.float64(0.0), 'Min': np.float64(0.0), 'Mean': np.float64(0.0), 'Std': np.float64(0.0)}
[I 2024-11-17 07:15:15,502] Trial 415 finished with value: 5.0 and parameters: {'x_0': -1, 'x_1': 0, 'x_2': 2, 'x_3': 0}. Best is trial 362 with value: 1.0.
[I 2024-11-17 07:15:15,503] Trial 406 finished with value: 27.0 and parameters: {'x_0': 0, 'x_1': -1, 'x_2': -5, 'x_3': -1}. Best is trial 179 with value: 1.0.
2024-11-17 07:15:15,635 - INFO - Candidate Mean Stats: {'Max': np.float64(91.0), 'Min': np.float64(-0.8102569258982198), 'Mean': np.float64(0.8142616947964851), 'Std': np.float64(6.208583675136665)}
2024-11-17 07:15:15,635 - INFO - Candidate Std Stats: {'Max': np.float64(0.49320808375233577), 'Min': np.float64(0.0), 'Mean': np.float64(0.05132074732430117), 'Std': np.float64(0.04817399943881619)}
2024-11-17 07:15:15,636 - INFO - Candidate Mean Stats: {'Max': np.float64(100.0), 'Min': np.float64(-0.404841837520276), 'Mean': np.float64(1.1820461182237423), 'Std': np.float64(8.044400731250665)}
2024-11-17 07:15:15,636 - INFO - Candidate Std Stats: {'Max': np.float64(0.416194568967825), 'Min': np.float64(0.0), 'Mean': np.float64(0.022796830485855613), 'Std': np.float64(0.03372248809367268)}
2024-11-17 07:15:15,636 - INFO - Top 10 Mean Stats: {'Max': np.float64(-0.34167094139616505), 'Min': np.float64(-0.8102569258982198), 'Mean': np.float64(-0.47617452712735553), 'Std': np.float64(0.18628109944416998)}
2024-11-17 07:15:15,637 - INFO - Top 10 Std Stats: {'Max': np.float64(0.4070427366776982), 'Min': np.float64(0.24318141554190328), 'Mean': np.float64(0.2920069753249836), 'Std': np.float64(0.06473399876589754)}
2024-11-17 07:15:15,637 - INFO - Bottom 10 Mean Stats: {'Max': np.float64(91.0), 'Min': np.float64(75.0), 'Mean': np.float64(82.7), 'Std': np.float64(4.960846701924985)}
2024-11-17 07:15:15,637 - INFO - Bottom 10 Std Stats: {'Max': np.float64(0.0), 'Min': np.float64(0.0), 'Mean': np.float64(0.0), 'Std': np.float64(0.0)}
2024-11-17 07:15:15,638 - INFO - Top 10 Mean Stats: {'Max': np.float64(-0.2840773315048394), 'Min': np.float64(-0.404841837520276), 'Mean': np.float64(-0.3617152692065181), 'Std': np.float64(0.03521939445214649)}
2024-11-17 07:15:15,638 - INFO - Top 10 Std Stats: {'Max': np.float64(0.416194568967825), 'Min': np.float64(0.20264013470437534), 'Mean': np.float64(0.33362242170641176), 'Std': np.float64(0.07211447618922813)}
2024-11-17 07:15:15,638 - INFO - Bottom 10 Mean Stats: {'Max': np.float64(100.0), 'Min': np.float64(91.0), 'Mean': np.float64(95.5), 'Std': np.float64(4.5)}
2024-11-17 07:15:15,638 - INFO - Bottom 10 Std Stats: {'Max': np.float64(0.0), 'Min': np.float64(0.0), 'Mean': np.float64(0.0), 'Std': np.float64(0.0)}
[I 2024-11-17 07:15:15,655] Trial 407 finished with value: 6.0 and parameters: {'x_0': 0, 'x_1': 1, 'x_2': 1, 'x_3': 2}. Best is trial 179 with value: 1.0.
